[2022-08-28 11:18:29,561] {taskinstance.py:1159} INFO - Dependencies all met for <TaskInstance: nse_daily_data_load.nse_download_files scheduled__2022-08-25T13:37:00+00:00 [queued]>
[2022-08-28 11:18:29,589] {taskinstance.py:1159} INFO - Dependencies all met for <TaskInstance: nse_daily_data_load.nse_download_files scheduled__2022-08-25T13:37:00+00:00 [queued]>
[2022-08-28 11:18:29,608] {taskinstance.py:1356} INFO - 
--------------------------------------------------------------------------------
[2022-08-28 11:18:29,609] {taskinstance.py:1357} INFO - Starting attempt 1 of 1
[2022-08-28 11:18:29,609] {taskinstance.py:1358} INFO - 
--------------------------------------------------------------------------------
[2022-08-28 11:18:29,759] {taskinstance.py:1377} INFO - Executing <Task(PythonOperator): nse_download_files> on 2022-08-25 13:37:00+00:00
[2022-08-28 11:18:29,792] {standard_task_runner.py:52} INFO - Started process 23757 to run task
[2022-08-28 11:18:29,799] {standard_task_runner.py:79} INFO - Running: ['airflow', 'tasks', 'run', 'nse_daily_data_load', 'nse_download_files', 'scheduled__2022-08-25T13:37:00+00:00', '--job-id', '412', '--raw', '--subdir', 'DAGS_FOLDER/nse_daily_load_stg.py', '--cfg-path', '/tmp/tmpohe3j5iz', '--error-file', '/tmp/tmp97hqbda3']
[2022-08-28 11:18:29,822] {standard_task_runner.py:80} INFO - Job 412: Subtask nse_download_files
[2022-08-28 11:18:30,272] {task_command.py:369} INFO - Running <TaskInstance: nse_daily_data_load.nse_download_files scheduled__2022-08-25T13:37:00+00:00 [running]> on host osboxes
[2022-08-28 11:18:30,812] {taskinstance.py:1569} INFO - Exporting the following env vars:
AIRFLOW_CTX_DAG_OWNER=Airflow
AIRFLOW_CTX_DAG_ID=nse_daily_data_load
AIRFLOW_CTX_TASK_ID=nse_download_files
AIRFLOW_CTX_EXECUTION_DATE=2022-08-25T13:37:00+00:00
AIRFLOW_CTX_TRY_NUMBER=1
AIRFLOW_CTX_DAG_RUN_ID=scheduled__2022-08-25T13:37:00+00:00
[2022-08-28 11:18:30,813] {logging_mixin.py:115} INFO - 
cm25JUL2022bhav
[2022-08-28 11:18:30,813] {logging_mixin.py:115} INFO - enter try in loop
[2022-08-28 11:18:30,813] {logging_mixin.py:115} INFO - https://www1.nseindia.com/content/historical/EQUITIES/2022/JUL/cm25JUL2022bhav.csv.zip
[2022-08-28 11:18:31,567] {logging_mixin.py:115} INFO - https://www1.nseindia.com/content/historical/EQUITIES/2022/JUL/cm25JUL2022bhav.csv.zip
[2022-08-28 11:18:31,568] {logging_mixin.py:115} INFO - 
cm26JUL2022bhav
[2022-08-28 11:18:31,568] {logging_mixin.py:115} INFO - enter try in loop
[2022-08-28 11:18:31,568] {logging_mixin.py:115} INFO - https://www1.nseindia.com/content/historical/EQUITIES/2022/JUL/cm26JUL2022bhav.csv.zip
[2022-08-28 11:18:32,225] {logging_mixin.py:115} INFO - https://www1.nseindia.com/content/historical/EQUITIES/2022/JUL/cm26JUL2022bhav.csv.zip
[2022-08-28 11:18:32,225] {logging_mixin.py:115} INFO - 
cm27JUL2022bhav
[2022-08-28 11:18:32,225] {logging_mixin.py:115} INFO - enter try in loop
[2022-08-28 11:18:32,225] {logging_mixin.py:115} INFO - https://www1.nseindia.com/content/historical/EQUITIES/2022/JUL/cm27JUL2022bhav.csv.zip
[2022-08-28 11:18:32,824] {logging_mixin.py:115} INFO - https://www1.nseindia.com/content/historical/EQUITIES/2022/JUL/cm27JUL2022bhav.csv.zip
[2022-08-28 11:18:32,824] {logging_mixin.py:115} INFO - 
cm28JUL2022bhav
[2022-08-28 11:18:32,824] {logging_mixin.py:115} INFO - enter try in loop
[2022-08-28 11:18:32,824] {logging_mixin.py:115} INFO - https://www1.nseindia.com/content/historical/EQUITIES/2022/JUL/cm28JUL2022bhav.csv.zip
[2022-08-28 11:18:33,606] {logging_mixin.py:115} INFO - https://www1.nseindia.com/content/historical/EQUITIES/2022/JUL/cm28JUL2022bhav.csv.zip
[2022-08-28 11:18:33,607] {logging_mixin.py:115} INFO - 
cm29JUL2022bhav
[2022-08-28 11:18:33,607] {logging_mixin.py:115} INFO - enter try in loop
[2022-08-28 11:18:33,607] {logging_mixin.py:115} INFO - https://www1.nseindia.com/content/historical/EQUITIES/2022/JUL/cm29JUL2022bhav.csv.zip
[2022-08-28 11:18:34,337] {logging_mixin.py:115} INFO - https://www1.nseindia.com/content/historical/EQUITIES/2022/JUL/cm29JUL2022bhav.csv.zip
[2022-08-28 11:18:34,338] {logging_mixin.py:115} INFO - 
cm30JUL2022bhav
[2022-08-28 11:18:34,338] {logging_mixin.py:115} INFO - enter try in loop
[2022-08-28 11:18:34,338] {logging_mixin.py:115} INFO - https://www1.nseindia.com/content/historical/EQUITIES/2022/JUL/cm30JUL2022bhav.csv.zip
[2022-08-28 11:18:34,658] {logging_mixin.py:115} INFO - issue occured
[2022-08-28 11:18:34,662] {logging_mixin.py:115} INFO - 
cm01AUG2022bhav
[2022-08-28 11:18:34,662] {logging_mixin.py:115} INFO - enter try in loop
[2022-08-28 11:18:34,662] {logging_mixin.py:115} INFO - https://www1.nseindia.com/content/historical/EQUITIES/2022/AUG/cm01AUG2022bhav.csv.zip
[2022-08-28 11:18:35,607] {logging_mixin.py:115} INFO - https://www1.nseindia.com/content/historical/EQUITIES/2022/AUG/cm01AUG2022bhav.csv.zip
[2022-08-28 11:18:35,608] {logging_mixin.py:115} INFO - 
cm02AUG2022bhav
[2022-08-28 11:18:35,608] {logging_mixin.py:115} INFO - enter try in loop
[2022-08-28 11:18:35,608] {logging_mixin.py:115} INFO - https://www1.nseindia.com/content/historical/EQUITIES/2022/AUG/cm02AUG2022bhav.csv.zip
[2022-08-28 11:18:36,326] {logging_mixin.py:115} INFO - https://www1.nseindia.com/content/historical/EQUITIES/2022/AUG/cm02AUG2022bhav.csv.zip
[2022-08-28 11:18:36,326] {logging_mixin.py:115} INFO - 
cm03AUG2022bhav
[2022-08-28 11:18:36,326] {logging_mixin.py:115} INFO - enter try in loop
[2022-08-28 11:18:36,326] {logging_mixin.py:115} INFO - https://www1.nseindia.com/content/historical/EQUITIES/2022/AUG/cm03AUG2022bhav.csv.zip
[2022-08-28 11:18:37,072] {logging_mixin.py:115} INFO - https://www1.nseindia.com/content/historical/EQUITIES/2022/AUG/cm03AUG2022bhav.csv.zip
[2022-08-28 11:18:37,072] {logging_mixin.py:115} INFO - 
cm04AUG2022bhav
[2022-08-28 11:18:37,072] {logging_mixin.py:115} INFO - enter try in loop
[2022-08-28 11:18:37,072] {logging_mixin.py:115} INFO - https://www1.nseindia.com/content/historical/EQUITIES/2022/AUG/cm04AUG2022bhav.csv.zip
[2022-08-28 11:18:37,795] {logging_mixin.py:115} INFO - https://www1.nseindia.com/content/historical/EQUITIES/2022/AUG/cm04AUG2022bhav.csv.zip
[2022-08-28 11:18:37,795] {logging_mixin.py:115} INFO - 
cm05AUG2022bhav
[2022-08-28 11:18:37,795] {logging_mixin.py:115} INFO - enter try in loop
[2022-08-28 11:18:37,795] {logging_mixin.py:115} INFO - https://www1.nseindia.com/content/historical/EQUITIES/2022/AUG/cm05AUG2022bhav.csv.zip
[2022-08-28 11:18:38,638] {logging_mixin.py:115} INFO - https://www1.nseindia.com/content/historical/EQUITIES/2022/AUG/cm05AUG2022bhav.csv.zip
[2022-08-28 11:18:38,638] {logging_mixin.py:115} INFO - 
cm06AUG2022bhav
[2022-08-28 11:18:38,638] {logging_mixin.py:115} INFO - enter try in loop
[2022-08-28 11:18:38,669] {logging_mixin.py:115} INFO - https://www1.nseindia.com/content/historical/EQUITIES/2022/AUG/cm06AUG2022bhav.csv.zip
[2022-08-28 11:18:39,276] {logging_mixin.py:115} INFO - issue occured
[2022-08-28 11:18:39,277] {logging_mixin.py:115} INFO - 
cm07AUG2022bhav
[2022-08-28 11:18:39,277] {logging_mixin.py:115} INFO - enter try in loop
[2022-08-28 11:18:39,277] {logging_mixin.py:115} INFO - https://www1.nseindia.com/content/historical/EQUITIES/2022/AUG/cm07AUG2022bhav.csv.zip
[2022-08-28 11:18:39,904] {logging_mixin.py:115} INFO - issue occured
[2022-08-28 11:18:39,905] {logging_mixin.py:115} INFO - 
cm08AUG2022bhav
[2022-08-28 11:18:39,905] {logging_mixin.py:115} INFO - enter try in loop
[2022-08-28 11:18:39,906] {logging_mixin.py:115} INFO - https://www1.nseindia.com/content/historical/EQUITIES/2022/AUG/cm08AUG2022bhav.csv.zip
[2022-08-28 11:18:40,717] {logging_mixin.py:115} INFO - https://www1.nseindia.com/content/historical/EQUITIES/2022/AUG/cm08AUG2022bhav.csv.zip
[2022-08-28 11:18:40,717] {logging_mixin.py:115} INFO - 
cm09AUG2022bhav
[2022-08-28 11:18:40,717] {logging_mixin.py:115} INFO - enter try in loop
[2022-08-28 11:18:40,717] {logging_mixin.py:115} INFO - https://www1.nseindia.com/content/historical/EQUITIES/2022/AUG/cm09AUG2022bhav.csv.zip
[2022-08-28 11:18:41,490] {logging_mixin.py:115} INFO - issue occured
[2022-08-28 11:18:41,499] {logging_mixin.py:115} INFO - 
cm10AUG2022bhav
[2022-08-28 11:18:41,501] {logging_mixin.py:115} INFO - enter try in loop
[2022-08-28 11:18:41,501] {logging_mixin.py:115} INFO - https://www1.nseindia.com/content/historical/EQUITIES/2022/AUG/cm10AUG2022bhav.csv.zip
[2022-08-28 11:18:42,134] {logging_mixin.py:115} INFO - https://www1.nseindia.com/content/historical/EQUITIES/2022/AUG/cm10AUG2022bhav.csv.zip
[2022-08-28 11:18:42,137] {logging_mixin.py:115} INFO - 
cm11AUG2022bhav
[2022-08-28 11:18:42,137] {logging_mixin.py:115} INFO - enter try in loop
[2022-08-28 11:18:42,137] {logging_mixin.py:115} INFO - https://www1.nseindia.com/content/historical/EQUITIES/2022/AUG/cm11AUG2022bhav.csv.zip
[2022-08-28 11:18:42,777] {logging_mixin.py:115} INFO - https://www1.nseindia.com/content/historical/EQUITIES/2022/AUG/cm11AUG2022bhav.csv.zip
[2022-08-28 11:18:42,777] {logging_mixin.py:115} INFO - 
cm12AUG2022bhav
[2022-08-28 11:18:42,777] {logging_mixin.py:115} INFO - enter try in loop
[2022-08-28 11:18:42,777] {logging_mixin.py:115} INFO - https://www1.nseindia.com/content/historical/EQUITIES/2022/AUG/cm12AUG2022bhav.csv.zip
[2022-08-28 11:18:43,457] {logging_mixin.py:115} INFO - https://www1.nseindia.com/content/historical/EQUITIES/2022/AUG/cm12AUG2022bhav.csv.zip
[2022-08-28 11:18:43,457] {logging_mixin.py:115} INFO - 
cm13AUG2022bhav
[2022-08-28 11:18:43,457] {logging_mixin.py:115} INFO - enter try in loop
[2022-08-28 11:18:43,457] {logging_mixin.py:115} INFO - https://www1.nseindia.com/content/historical/EQUITIES/2022/AUG/cm13AUG2022bhav.csv.zip
[2022-08-28 11:18:43,771] {logging_mixin.py:115} INFO - issue occured
[2022-08-28 11:18:43,772] {logging_mixin.py:115} INFO - 
cm14AUG2022bhav
[2022-08-28 11:18:43,772] {logging_mixin.py:115} INFO - enter try in loop
[2022-08-28 11:18:43,772] {logging_mixin.py:115} INFO - https://www1.nseindia.com/content/historical/EQUITIES/2022/AUG/cm14AUG2022bhav.csv.zip
[2022-08-28 11:18:44,060] {logging_mixin.py:115} INFO - issue occured
[2022-08-28 11:18:44,060] {logging_mixin.py:115} INFO - 
cm15AUG2022bhav
[2022-08-28 11:18:44,061] {logging_mixin.py:115} INFO - enter try in loop
[2022-08-28 11:18:44,061] {logging_mixin.py:115} INFO - https://www1.nseindia.com/content/historical/EQUITIES/2022/AUG/cm15AUG2022bhav.csv.zip
[2022-08-28 11:18:44,329] {logging_mixin.py:115} INFO - issue occured
[2022-08-28 11:18:44,329] {logging_mixin.py:115} INFO - 
cm16AUG2022bhav
[2022-08-28 11:18:44,329] {logging_mixin.py:115} INFO - enter try in loop
[2022-08-28 11:18:44,329] {logging_mixin.py:115} INFO - https://www1.nseindia.com/content/historical/EQUITIES/2022/AUG/cm16AUG2022bhav.csv.zip
[2022-08-28 11:18:45,156] {logging_mixin.py:115} INFO - https://www1.nseindia.com/content/historical/EQUITIES/2022/AUG/cm16AUG2022bhav.csv.zip
[2022-08-28 11:18:45,157] {logging_mixin.py:115} INFO - 
cm17AUG2022bhav
[2022-08-28 11:18:45,157] {logging_mixin.py:115} INFO - enter try in loop
[2022-08-28 11:18:45,157] {logging_mixin.py:115} INFO - https://www1.nseindia.com/content/historical/EQUITIES/2022/AUG/cm17AUG2022bhav.csv.zip
[2022-08-28 11:18:45,740] {logging_mixin.py:115} INFO - https://www1.nseindia.com/content/historical/EQUITIES/2022/AUG/cm17AUG2022bhav.csv.zip
[2022-08-28 11:18:45,741] {logging_mixin.py:115} INFO - 
cm18AUG2022bhav
[2022-08-28 11:18:45,741] {logging_mixin.py:115} INFO - enter try in loop
[2022-08-28 11:18:45,741] {logging_mixin.py:115} INFO - https://www1.nseindia.com/content/historical/EQUITIES/2022/AUG/cm18AUG2022bhav.csv.zip
[2022-08-28 11:18:46,457] {logging_mixin.py:115} INFO - https://www1.nseindia.com/content/historical/EQUITIES/2022/AUG/cm18AUG2022bhav.csv.zip
[2022-08-28 11:18:46,457] {logging_mixin.py:115} INFO - 
cm19AUG2022bhav
[2022-08-28 11:18:46,457] {logging_mixin.py:115} INFO - enter try in loop
[2022-08-28 11:18:46,457] {logging_mixin.py:115} INFO - https://www1.nseindia.com/content/historical/EQUITIES/2022/AUG/cm19AUG2022bhav.csv.zip
[2022-08-28 11:18:47,612] {logging_mixin.py:115} INFO - https://www1.nseindia.com/content/historical/EQUITIES/2022/AUG/cm19AUG2022bhav.csv.zip
[2022-08-28 11:18:47,612] {logging_mixin.py:115} INFO - 
cm20AUG2022bhav
[2022-08-28 11:18:47,612] {logging_mixin.py:115} INFO - enter try in loop
[2022-08-28 11:18:47,612] {logging_mixin.py:115} INFO - https://www1.nseindia.com/content/historical/EQUITIES/2022/AUG/cm20AUG2022bhav.csv.zip
[2022-08-28 11:18:48,143] {logging_mixin.py:115} INFO - issue occured
[2022-08-28 11:18:48,144] {logging_mixin.py:115} INFO - 
cm21AUG2022bhav
[2022-08-28 11:18:48,144] {logging_mixin.py:115} INFO - enter try in loop
[2022-08-28 11:18:48,144] {logging_mixin.py:115} INFO - https://www1.nseindia.com/content/historical/EQUITIES/2022/AUG/cm21AUG2022bhav.csv.zip
[2022-08-28 11:18:48,772] {logging_mixin.py:115} INFO - issue occured
[2022-08-28 11:18:48,775] {logging_mixin.py:115} INFO - 
cm22AUG2022bhav
[2022-08-28 11:18:48,776] {logging_mixin.py:115} INFO - enter try in loop
[2022-08-28 11:18:48,776] {logging_mixin.py:115} INFO - https://www1.nseindia.com/content/historical/EQUITIES/2022/AUG/cm22AUG2022bhav.csv.zip
[2022-08-28 11:18:49,413] {logging_mixin.py:115} INFO - https://www1.nseindia.com/content/historical/EQUITIES/2022/AUG/cm22AUG2022bhav.csv.zip
[2022-08-28 11:18:49,413] {logging_mixin.py:115} INFO - 
cm23AUG2022bhav
[2022-08-28 11:18:49,413] {logging_mixin.py:115} INFO - enter try in loop
[2022-08-28 11:18:49,413] {logging_mixin.py:115} INFO - https://www1.nseindia.com/content/historical/EQUITIES/2022/AUG/cm23AUG2022bhav.csv.zip
[2022-08-28 11:18:50,020] {logging_mixin.py:115} INFO - https://www1.nseindia.com/content/historical/EQUITIES/2022/AUG/cm23AUG2022bhav.csv.zip
[2022-08-28 11:18:50,020] {logging_mixin.py:115} INFO - 
cm24AUG2022bhav
[2022-08-28 11:18:50,020] {logging_mixin.py:115} INFO - enter try in loop
[2022-08-28 11:18:50,020] {logging_mixin.py:115} INFO - https://www1.nseindia.com/content/historical/EQUITIES/2022/AUG/cm24AUG2022bhav.csv.zip
[2022-08-28 11:18:50,685] {logging_mixin.py:115} INFO - https://www1.nseindia.com/content/historical/EQUITIES/2022/AUG/cm24AUG2022bhav.csv.zip
[2022-08-28 11:18:50,685] {logging_mixin.py:115} INFO - 
cm25AUG2022bhav
[2022-08-28 11:18:50,685] {logging_mixin.py:115} INFO - enter try in loop
[2022-08-28 11:18:50,685] {logging_mixin.py:115} INFO - https://www1.nseindia.com/content/historical/EQUITIES/2022/AUG/cm25AUG2022bhav.csv.zip
[2022-08-28 11:18:51,469] {logging_mixin.py:115} INFO - https://www1.nseindia.com/content/historical/EQUITIES/2022/AUG/cm25AUG2022bhav.csv.zip
[2022-08-28 11:18:51,471] {logging_mixin.py:115} INFO - 
cm26AUG2022bhav
[2022-08-28 11:18:51,473] {logging_mixin.py:115} INFO - enter try in loop
[2022-08-28 11:18:51,477] {logging_mixin.py:115} INFO - https://www1.nseindia.com/content/historical/EQUITIES/2022/AUG/cm26AUG2022bhav.csv.zip
[2022-08-28 11:18:52,217] {logging_mixin.py:115} INFO - https://www1.nseindia.com/content/historical/EQUITIES/2022/AUG/cm26AUG2022bhav.csv.zip
[2022-08-28 11:18:52,217] {logging_mixin.py:115} INFO - 
cm27AUG2022bhav
[2022-08-28 11:18:52,223] {logging_mixin.py:115} INFO - enter try in loop
[2022-08-28 11:18:52,223] {logging_mixin.py:115} INFO - https://www1.nseindia.com/content/historical/EQUITIES/2022/AUG/cm27AUG2022bhav.csv.zip
[2022-08-28 11:18:52,881] {logging_mixin.py:115} INFO - issue occured
[2022-08-28 11:18:52,882] {logging_mixin.py:115} INFO - 
cm28AUG2022bhav
[2022-08-28 11:18:52,882] {logging_mixin.py:115} INFO - enter try in loop
[2022-08-28 11:18:52,882] {logging_mixin.py:115} INFO - https://www1.nseindia.com/content/historical/EQUITIES/2022/AUG/cm28AUG2022bhav.csv.zip
[2022-08-28 11:18:53,133] {logging_mixin.py:115} INFO - issue occured
[2022-08-28 11:18:53,135] {logging_mixin.py:115} INFO - ['cm25JUL2022bhav.csv.zip', 'cm26JUL2022bhav.csv.zip', 'cm27JUL2022bhav.csv.zip', 'cm28JUL2022bhav.csv.zip', 'cm29JUL2022bhav.csv.zip', 'cm01AUG2022bhav.csv.zip', 'cm02AUG2022bhav.csv.zip', 'cm03AUG2022bhav.csv.zip', 'cm04AUG2022bhav.csv.zip', 'cm05AUG2022bhav.csv.zip', 'cm08AUG2022bhav.csv.zip', 'cm10AUG2022bhav.csv.zip', 'cm11AUG2022bhav.csv.zip', 'cm12AUG2022bhav.csv.zip', 'cm16AUG2022bhav.csv.zip', 'cm17AUG2022bhav.csv.zip', 'cm18AUG2022bhav.csv.zip', 'cm19AUG2022bhav.csv.zip', 'cm22AUG2022bhav.csv.zip', 'cm23AUG2022bhav.csv.zip', 'cm24AUG2022bhav.csv.zip', 'cm25AUG2022bhav.csv.zip', 'cm26AUG2022bhav.csv.zip']
[2022-08-28 11:18:53,135] {logging_mixin.py:115} INFO - cm25JUL2022bhav.csv.zip
[2022-08-28 11:18:53,137] {logging_mixin.py:115} INFO - cm26JUL2022bhav.csv.zip
[2022-08-28 11:18:53,194] {logging_mixin.py:115} INFO - cm27JUL2022bhav.csv.zip
[2022-08-28 11:18:53,210] {logging_mixin.py:115} INFO - cm28JUL2022bhav.csv.zip
[2022-08-28 11:18:53,235] {logging_mixin.py:115} INFO - cm29JUL2022bhav.csv.zip
[2022-08-28 11:18:53,239] {logging_mixin.py:115} INFO - cm01AUG2022bhav.csv.zip
[2022-08-28 11:18:53,400] {logging_mixin.py:115} INFO - cm02AUG2022bhav.csv.zip
[2022-08-28 11:18:53,405] {logging_mixin.py:115} INFO - cm03AUG2022bhav.csv.zip
[2022-08-28 11:18:53,412] {logging_mixin.py:115} INFO - cm04AUG2022bhav.csv.zip
[2022-08-28 11:18:53,414] {logging_mixin.py:115} INFO - cm05AUG2022bhav.csv.zip
[2022-08-28 11:18:53,485] {logging_mixin.py:115} INFO - cm08AUG2022bhav.csv.zip
[2022-08-28 11:18:53,493] {logging_mixin.py:115} INFO - cm10AUG2022bhav.csv.zip
[2022-08-28 11:18:53,495] {logging_mixin.py:115} INFO - cm11AUG2022bhav.csv.zip
[2022-08-28 11:18:53,511] {logging_mixin.py:115} INFO - cm12AUG2022bhav.csv.zip
[2022-08-28 11:18:53,550] {logging_mixin.py:115} INFO - cm16AUG2022bhav.csv.zip
[2022-08-28 11:18:53,552] {logging_mixin.py:115} INFO - cm17AUG2022bhav.csv.zip
[2022-08-28 11:18:53,636] {logging_mixin.py:115} INFO - cm18AUG2022bhav.csv.zip
[2022-08-28 11:18:53,665] {logging_mixin.py:115} INFO - cm19AUG2022bhav.csv.zip
[2022-08-28 11:18:53,726] {logging_mixin.py:115} INFO - cm22AUG2022bhav.csv.zip
[2022-08-28 11:18:53,773] {logging_mixin.py:115} INFO - cm23AUG2022bhav.csv.zip
[2022-08-28 11:18:53,843] {logging_mixin.py:115} INFO - cm24AUG2022bhav.csv.zip
[2022-08-28 11:18:53,863] {logging_mixin.py:115} INFO - cm25AUG2022bhav.csv.zip
[2022-08-28 11:18:53,891] {logging_mixin.py:115} INFO - cm26AUG2022bhav.csv.zip
[2022-08-28 11:18:53,949] {python.py:173} INFO - Done. Returned value was: None
[2022-08-28 11:18:53,956] {taskinstance.py:1395} INFO - Marking task as SUCCESS. dag_id=nse_daily_data_load, task_id=nse_download_files, execution_date=20220825T133700, start_date=20220828T151829, end_date=20220828T151853
[2022-08-28 11:18:54,171] {local_task_job.py:156} INFO - Task exited with return code 0
[2022-08-28 11:18:54,461] {local_task_job.py:273} INFO - 1 downstream tasks scheduled from follow-on schedule check
