[2022-08-18 17:01:43,968] {taskinstance.py:1159} INFO - Dependencies all met for <TaskInstance: nse_daily_data_load.old_files_clear scheduled__2022-08-17T13:37:00+00:00 [queued]>
[2022-08-18 17:01:44,133] {taskinstance.py:1159} INFO - Dependencies all met for <TaskInstance: nse_daily_data_load.old_files_clear scheduled__2022-08-17T13:37:00+00:00 [queued]>
[2022-08-18 17:01:44,133] {taskinstance.py:1356} INFO - 
--------------------------------------------------------------------------------
[2022-08-18 17:01:44,133] {taskinstance.py:1357} INFO - Starting attempt 1 of 1
[2022-08-18 17:01:44,133] {taskinstance.py:1358} INFO - 
--------------------------------------------------------------------------------
[2022-08-18 17:01:44,325] {taskinstance.py:1377} INFO - Executing <Task(PythonOperator): old_files_clear> on 2022-08-17 13:37:00+00:00
[2022-08-18 17:01:44,330] {standard_task_runner.py:79} INFO - Running: ['airflow', 'tasks', 'run', 'nse_daily_data_load', 'old_files_clear', 'scheduled__2022-08-17T13:37:00+00:00', '--job-id', '329', '--raw', '--subdir', 'DAGS_FOLDER/nse_daily_load_stg.py', '--cfg-path', '/tmp/tmp0wk45kfz', '--error-file', '/tmp/tmpb4ptb49d']
[2022-08-18 17:01:44,346] {standard_task_runner.py:52} INFO - Started process 117000 to run task
[2022-08-18 17:01:44,361] {standard_task_runner.py:80} INFO - Job 329: Subtask old_files_clear
[2022-08-18 17:01:44,863] {task_command.py:369} INFO - Running <TaskInstance: nse_daily_data_load.old_files_clear scheduled__2022-08-17T13:37:00+00:00 [running]> on host osboxes
[2022-08-18 17:01:45,250] {taskinstance.py:1569} INFO - Exporting the following env vars:
AIRFLOW_CTX_DAG_OWNER=Airflow
AIRFLOW_CTX_DAG_ID=nse_daily_data_load
AIRFLOW_CTX_TASK_ID=old_files_clear
AIRFLOW_CTX_EXECUTION_DATE=2022-08-17T13:37:00+00:00
AIRFLOW_CTX_TRY_NUMBER=1
AIRFLOW_CTX_DAG_RUN_ID=scheduled__2022-08-17T13:37:00+00:00
[2022-08-18 17:01:45,253] {logging_mixin.py:115} INFO - directory already available
[2022-08-18 17:01:45,444] {logging_mixin.py:115} INFO - directory already available
[2022-08-18 17:01:45,445] {logging_mixin.py:115} INFO - get sub dir ['cm29JUL2022bhav.csv.zip', 'cm03AUG2022bhav.csv.zip', 'cm16AUG2022bhav.csv.zip', 'cm25JUL2022bhav.csv.zip', 'cm12AUG2022bhav.csv.zip', 'cm28JUL2022bhav.csv.zip', 'cm01AUG2022bhav.csv.zip', 'cm08AUG2022bhav.csv.zip', 'cm11AUG2022bhav.csv.zip', 'cm27JUL2022bhav.csv.zip', 'cm04AUG2022bhav.csv.zip', 'cm26JUL2022bhav.csv.zip', 'cm02AUG2022bhav.csv.zip', 'cm05AUG2022bhav.csv.zip', 'cm10AUG2022bhav.csv.zip']
[2022-08-18 17:01:45,445] {logging_mixin.py:115} INFO - /home/osboxes/Desktop/bkp/2022-08-18/ c14
[2022-08-18 17:01:45,445] {logging_mixin.py:115} INFO - new tgt /home/osboxes/Desktop/bkp/2022-08-18/c14
[2022-08-18 17:01:45,445] {logging_mixin.py:115} INFO - 2022-08-18
[2022-08-18 17:01:45,445] {logging_mixin.py:115} INFO - ['.env', 'airflow.cfg', 'dags', 'plugins', 'logs', 'webserver_config.py', 'README.md', '.git', 'docker-compose.yml', 'airflow.db', 'airflow-webserver.pid'] get current directory
[2022-08-18 17:01:45,445] {logging_mixin.py:115} INFO - Testin ------------- <module 'posixpath' from '/usr/lib/python3.8/posixpath.py'> ------- /home/osboxes/airflow/dags
[2022-08-18 17:01:45,456] {python.py:173} INFO - Done. Returned value was: None
[2022-08-18 17:01:45,483] {taskinstance.py:1395} INFO - Marking task as SUCCESS. dag_id=nse_daily_data_load, task_id=old_files_clear, execution_date=20220817T133700, start_date=20220818T210144, end_date=20220818T210145
[2022-08-18 17:01:45,595] {local_task_job.py:156} INFO - Task exited with return code 0
[2022-08-18 17:01:45,740] {local_task_job.py:273} INFO - 1 downstream tasks scheduled from follow-on schedule check
