[2022-09-05 21:17:52,547] {processor.py:153} INFO - Started process (PID=167304) to work on /home/osboxes/.local/lib/python3.8/site-packages/airflow/example_dags/example_branch_operator_decorator.py
[2022-09-05 21:17:52,548] {processor.py:641} INFO - Processing file /home/osboxes/.local/lib/python3.8/site-packages/airflow/example_dags/example_branch_operator_decorator.py for tasks to queue
[2022-09-05 21:17:52,549] {logging_mixin.py:115} INFO - [2022-09-05 21:17:52,549] {dagbag.py:507} INFO - Filling up the DagBag from /home/osboxes/.local/lib/python3.8/site-packages/airflow/example_dags/example_branch_operator_decorator.py
[2022-09-05 21:17:52,582] {processor.py:651} INFO - DAG(s) dict_keys(['example_branch_python_operator_decorator']) retrieved from /home/osboxes/.local/lib/python3.8/site-packages/airflow/example_dags/example_branch_operator_decorator.py
[2022-09-05 21:17:52,631] {logging_mixin.py:115} INFO - [2022-09-05 21:17:52,631] {dag.py:2371} INFO - Sync 1 DAGs
[2022-09-05 21:17:52,648] {logging_mixin.py:115} INFO - [2022-09-05 21:17:52,648] {dag.py:2915} INFO - Setting next_dagrun for example_branch_python_operator_decorator to 2022-09-05T00:00:00+00:00, run_after=2022-09-06T00:00:00+00:00
[2022-09-05 21:17:52,687] {processor.py:161} INFO - Processing /home/osboxes/.local/lib/python3.8/site-packages/airflow/example_dags/example_branch_operator_decorator.py took 0.142 seconds
[2022-09-05 21:18:36,259] {processor.py:153} INFO - Started process (PID=167700) to work on /home/osboxes/.local/lib/python3.8/site-packages/airflow/example_dags/example_branch_operator_decorator.py
[2022-09-05 21:18:36,260] {processor.py:641} INFO - Processing file /home/osboxes/.local/lib/python3.8/site-packages/airflow/example_dags/example_branch_operator_decorator.py for tasks to queue
[2022-09-05 21:18:36,261] {logging_mixin.py:115} INFO - [2022-09-05 21:18:36,261] {dagbag.py:507} INFO - Filling up the DagBag from /home/osboxes/.local/lib/python3.8/site-packages/airflow/example_dags/example_branch_operator_decorator.py
[2022-09-05 21:18:36,279] {processor.py:651} INFO - DAG(s) dict_keys(['example_branch_python_operator_decorator']) retrieved from /home/osboxes/.local/lib/python3.8/site-packages/airflow/example_dags/example_branch_operator_decorator.py
[2022-09-05 21:18:36,298] {logging_mixin.py:115} INFO - [2022-09-05 21:18:36,298] {dag.py:2371} INFO - Sync 1 DAGs
[2022-09-05 21:18:36,318] {logging_mixin.py:115} INFO - [2022-09-05 21:18:36,318] {dag.py:2915} INFO - Setting next_dagrun for example_branch_python_operator_decorator to 2022-09-05T00:00:00+00:00, run_after=2022-09-06T00:00:00+00:00
[2022-09-05 21:18:36,349] {processor.py:161} INFO - Processing /home/osboxes/.local/lib/python3.8/site-packages/airflow/example_dags/example_branch_operator_decorator.py took 0.093 seconds
[2022-09-05 21:19:19,473] {processor.py:153} INFO - Started process (PID=168029) to work on /home/osboxes/.local/lib/python3.8/site-packages/airflow/example_dags/example_branch_operator_decorator.py
[2022-09-05 21:19:19,475] {processor.py:641} INFO - Processing file /home/osboxes/.local/lib/python3.8/site-packages/airflow/example_dags/example_branch_operator_decorator.py for tasks to queue
[2022-09-05 21:19:19,475] {logging_mixin.py:115} INFO - [2022-09-05 21:19:19,475] {dagbag.py:507} INFO - Filling up the DagBag from /home/osboxes/.local/lib/python3.8/site-packages/airflow/example_dags/example_branch_operator_decorator.py
[2022-09-05 21:19:19,510] {processor.py:651} INFO - DAG(s) dict_keys(['example_branch_python_operator_decorator']) retrieved from /home/osboxes/.local/lib/python3.8/site-packages/airflow/example_dags/example_branch_operator_decorator.py
[2022-09-05 21:19:19,543] {logging_mixin.py:115} INFO - [2022-09-05 21:19:19,543] {dag.py:2371} INFO - Sync 1 DAGs
[2022-09-05 21:19:19,590] {logging_mixin.py:115} INFO - [2022-09-05 21:19:19,590] {dag.py:2915} INFO - Setting next_dagrun for example_branch_python_operator_decorator to 2022-09-05T00:00:00+00:00, run_after=2022-09-06T00:00:00+00:00
[2022-09-05 21:19:19,644] {processor.py:161} INFO - Processing /home/osboxes/.local/lib/python3.8/site-packages/airflow/example_dags/example_branch_operator_decorator.py took 0.175 seconds
[2022-09-05 21:20:03,877] {processor.py:153} INFO - Started process (PID=168356) to work on /home/osboxes/.local/lib/python3.8/site-packages/airflow/example_dags/example_branch_operator_decorator.py
[2022-09-05 21:20:03,882] {processor.py:641} INFO - Processing file /home/osboxes/.local/lib/python3.8/site-packages/airflow/example_dags/example_branch_operator_decorator.py for tasks to queue
[2022-09-05 21:20:03,883] {logging_mixin.py:115} INFO - [2022-09-05 21:20:03,883] {dagbag.py:507} INFO - Filling up the DagBag from /home/osboxes/.local/lib/python3.8/site-packages/airflow/example_dags/example_branch_operator_decorator.py
[2022-09-05 21:20:03,917] {processor.py:651} INFO - DAG(s) dict_keys(['example_branch_python_operator_decorator']) retrieved from /home/osboxes/.local/lib/python3.8/site-packages/airflow/example_dags/example_branch_operator_decorator.py
[2022-09-05 21:20:03,951] {logging_mixin.py:115} INFO - [2022-09-05 21:20:03,951] {dag.py:2371} INFO - Sync 1 DAGs
[2022-09-05 21:20:03,975] {logging_mixin.py:115} INFO - [2022-09-05 21:20:03,975] {dag.py:2915} INFO - Setting next_dagrun for example_branch_python_operator_decorator to 2022-09-05T00:00:00+00:00, run_after=2022-09-06T00:00:00+00:00
[2022-09-05 21:20:04,011] {processor.py:161} INFO - Processing /home/osboxes/.local/lib/python3.8/site-packages/airflow/example_dags/example_branch_operator_decorator.py took 0.138 seconds
[2022-09-05 21:20:46,472] {processor.py:153} INFO - Started process (PID=168683) to work on /home/osboxes/.local/lib/python3.8/site-packages/airflow/example_dags/example_branch_operator_decorator.py
[2022-09-05 21:20:46,473] {processor.py:641} INFO - Processing file /home/osboxes/.local/lib/python3.8/site-packages/airflow/example_dags/example_branch_operator_decorator.py for tasks to queue
[2022-09-05 21:20:46,473] {logging_mixin.py:115} INFO - [2022-09-05 21:20:46,473] {dagbag.py:507} INFO - Filling up the DagBag from /home/osboxes/.local/lib/python3.8/site-packages/airflow/example_dags/example_branch_operator_decorator.py
[2022-09-05 21:20:46,495] {processor.py:651} INFO - DAG(s) dict_keys(['example_branch_python_operator_decorator']) retrieved from /home/osboxes/.local/lib/python3.8/site-packages/airflow/example_dags/example_branch_operator_decorator.py
[2022-09-05 21:20:46,516] {logging_mixin.py:115} INFO - [2022-09-05 21:20:46,516] {dag.py:2371} INFO - Sync 1 DAGs
[2022-09-05 21:20:46,538] {logging_mixin.py:115} INFO - [2022-09-05 21:20:46,538] {dag.py:2915} INFO - Setting next_dagrun for example_branch_python_operator_decorator to 2022-09-05T00:00:00+00:00, run_after=2022-09-06T00:00:00+00:00
[2022-09-05 21:20:46,567] {processor.py:161} INFO - Processing /home/osboxes/.local/lib/python3.8/site-packages/airflow/example_dags/example_branch_operator_decorator.py took 0.098 seconds
[2022-09-05 21:21:35,449] {processor.py:153} INFO - Started process (PID=169094) to work on /home/osboxes/.local/lib/python3.8/site-packages/airflow/example_dags/example_branch_operator_decorator.py
[2022-09-05 21:21:35,460] {processor.py:641} INFO - Processing file /home/osboxes/.local/lib/python3.8/site-packages/airflow/example_dags/example_branch_operator_decorator.py for tasks to queue
[2022-09-05 21:21:35,460] {logging_mixin.py:115} INFO - [2022-09-05 21:21:35,460] {dagbag.py:507} INFO - Filling up the DagBag from /home/osboxes/.local/lib/python3.8/site-packages/airflow/example_dags/example_branch_operator_decorator.py
[2022-09-05 21:21:35,477] {processor.py:651} INFO - DAG(s) dict_keys(['example_branch_python_operator_decorator']) retrieved from /home/osboxes/.local/lib/python3.8/site-packages/airflow/example_dags/example_branch_operator_decorator.py
[2022-09-05 21:21:35,497] {logging_mixin.py:115} INFO - [2022-09-05 21:21:35,497] {dag.py:2371} INFO - Sync 1 DAGs
[2022-09-05 21:21:35,513] {logging_mixin.py:115} INFO - [2022-09-05 21:21:35,513] {dag.py:2915} INFO - Setting next_dagrun for example_branch_python_operator_decorator to 2022-09-05T00:00:00+00:00, run_after=2022-09-06T00:00:00+00:00
[2022-09-05 21:21:35,540] {processor.py:161} INFO - Processing /home/osboxes/.local/lib/python3.8/site-packages/airflow/example_dags/example_branch_operator_decorator.py took 0.093 seconds
[2022-09-05 21:22:24,327] {processor.py:153} INFO - Started process (PID=169467) to work on /home/osboxes/.local/lib/python3.8/site-packages/airflow/example_dags/example_branch_operator_decorator.py
[2022-09-05 21:22:24,328] {processor.py:641} INFO - Processing file /home/osboxes/.local/lib/python3.8/site-packages/airflow/example_dags/example_branch_operator_decorator.py for tasks to queue
[2022-09-05 21:22:24,328] {logging_mixin.py:115} INFO - [2022-09-05 21:22:24,328] {dagbag.py:507} INFO - Filling up the DagBag from /home/osboxes/.local/lib/python3.8/site-packages/airflow/example_dags/example_branch_operator_decorator.py
[2022-09-05 21:22:24,346] {processor.py:651} INFO - DAG(s) dict_keys(['example_branch_python_operator_decorator']) retrieved from /home/osboxes/.local/lib/python3.8/site-packages/airflow/example_dags/example_branch_operator_decorator.py
[2022-09-05 21:22:24,364] {logging_mixin.py:115} INFO - [2022-09-05 21:22:24,364] {dag.py:2371} INFO - Sync 1 DAGs
[2022-09-05 21:22:24,393] {logging_mixin.py:115} INFO - [2022-09-05 21:22:24,393] {dag.py:2915} INFO - Setting next_dagrun for example_branch_python_operator_decorator to 2022-09-05T00:00:00+00:00, run_after=2022-09-06T00:00:00+00:00
[2022-09-05 21:22:24,442] {processor.py:161} INFO - Processing /home/osboxes/.local/lib/python3.8/site-packages/airflow/example_dags/example_branch_operator_decorator.py took 0.117 seconds
[2022-09-05 21:23:12,085] {processor.py:153} INFO - Started process (PID=169842) to work on /home/osboxes/.local/lib/python3.8/site-packages/airflow/example_dags/example_branch_operator_decorator.py
[2022-09-05 21:23:12,088] {processor.py:641} INFO - Processing file /home/osboxes/.local/lib/python3.8/site-packages/airflow/example_dags/example_branch_operator_decorator.py for tasks to queue
[2022-09-05 21:23:12,088] {logging_mixin.py:115} INFO - [2022-09-05 21:23:12,088] {dagbag.py:507} INFO - Filling up the DagBag from /home/osboxes/.local/lib/python3.8/site-packages/airflow/example_dags/example_branch_operator_decorator.py
[2022-09-05 21:23:12,107] {processor.py:651} INFO - DAG(s) dict_keys(['example_branch_python_operator_decorator']) retrieved from /home/osboxes/.local/lib/python3.8/site-packages/airflow/example_dags/example_branch_operator_decorator.py
[2022-09-05 21:23:12,129] {logging_mixin.py:115} INFO - [2022-09-05 21:23:12,129] {dag.py:2371} INFO - Sync 1 DAGs
[2022-09-05 21:23:12,150] {logging_mixin.py:115} INFO - [2022-09-05 21:23:12,149] {dag.py:2915} INFO - Setting next_dagrun for example_branch_python_operator_decorator to 2022-09-05T00:00:00+00:00, run_after=2022-09-06T00:00:00+00:00
[2022-09-05 21:23:12,193] {processor.py:161} INFO - Processing /home/osboxes/.local/lib/python3.8/site-packages/airflow/example_dags/example_branch_operator_decorator.py took 0.113 seconds
[2022-09-05 21:23:54,883] {processor.py:153} INFO - Started process (PID=170241) to work on /home/osboxes/.local/lib/python3.8/site-packages/airflow/example_dags/example_branch_operator_decorator.py
[2022-09-05 21:23:54,885] {processor.py:641} INFO - Processing file /home/osboxes/.local/lib/python3.8/site-packages/airflow/example_dags/example_branch_operator_decorator.py for tasks to queue
[2022-09-05 21:23:54,886] {logging_mixin.py:115} INFO - [2022-09-05 21:23:54,885] {dagbag.py:507} INFO - Filling up the DagBag from /home/osboxes/.local/lib/python3.8/site-packages/airflow/example_dags/example_branch_operator_decorator.py
[2022-09-05 21:23:54,909] {processor.py:651} INFO - DAG(s) dict_keys(['example_branch_python_operator_decorator']) retrieved from /home/osboxes/.local/lib/python3.8/site-packages/airflow/example_dags/example_branch_operator_decorator.py
[2022-09-05 21:23:54,930] {logging_mixin.py:115} INFO - [2022-09-05 21:23:54,930] {dag.py:2371} INFO - Sync 1 DAGs
[2022-09-05 21:23:54,957] {logging_mixin.py:115} INFO - [2022-09-05 21:23:54,957] {dag.py:2915} INFO - Setting next_dagrun for example_branch_python_operator_decorator to 2022-09-05T00:00:00+00:00, run_after=2022-09-06T00:00:00+00:00
[2022-09-05 21:23:54,988] {processor.py:161} INFO - Processing /home/osboxes/.local/lib/python3.8/site-packages/airflow/example_dags/example_branch_operator_decorator.py took 0.108 seconds
[2022-09-05 21:24:39,569] {processor.py:153} INFO - Started process (PID=170589) to work on /home/osboxes/.local/lib/python3.8/site-packages/airflow/example_dags/example_branch_operator_decorator.py
[2022-09-05 21:24:39,570] {processor.py:641} INFO - Processing file /home/osboxes/.local/lib/python3.8/site-packages/airflow/example_dags/example_branch_operator_decorator.py for tasks to queue
[2022-09-05 21:24:39,571] {logging_mixin.py:115} INFO - [2022-09-05 21:24:39,571] {dagbag.py:507} INFO - Filling up the DagBag from /home/osboxes/.local/lib/python3.8/site-packages/airflow/example_dags/example_branch_operator_decorator.py
[2022-09-05 21:24:39,589] {processor.py:651} INFO - DAG(s) dict_keys(['example_branch_python_operator_decorator']) retrieved from /home/osboxes/.local/lib/python3.8/site-packages/airflow/example_dags/example_branch_operator_decorator.py
[2022-09-05 21:24:39,610] {logging_mixin.py:115} INFO - [2022-09-05 21:24:39,610] {dag.py:2371} INFO - Sync 1 DAGs
[2022-09-05 21:24:39,630] {logging_mixin.py:115} INFO - [2022-09-05 21:24:39,630] {dag.py:2915} INFO - Setting next_dagrun for example_branch_python_operator_decorator to 2022-09-05T00:00:00+00:00, run_after=2022-09-06T00:00:00+00:00
[2022-09-05 21:24:39,671] {processor.py:161} INFO - Processing /home/osboxes/.local/lib/python3.8/site-packages/airflow/example_dags/example_branch_operator_decorator.py took 0.104 seconds
[2022-09-05 21:25:20,080] {processor.py:153} INFO - Started process (PID=170905) to work on /home/osboxes/.local/lib/python3.8/site-packages/airflow/example_dags/example_branch_operator_decorator.py
[2022-09-05 21:25:20,082] {processor.py:641} INFO - Processing file /home/osboxes/.local/lib/python3.8/site-packages/airflow/example_dags/example_branch_operator_decorator.py for tasks to queue
[2022-09-05 21:25:20,083] {logging_mixin.py:115} INFO - [2022-09-05 21:25:20,082] {dagbag.py:507} INFO - Filling up the DagBag from /home/osboxes/.local/lib/python3.8/site-packages/airflow/example_dags/example_branch_operator_decorator.py
[2022-09-05 21:25:20,108] {processor.py:651} INFO - DAG(s) dict_keys(['example_branch_python_operator_decorator']) retrieved from /home/osboxes/.local/lib/python3.8/site-packages/airflow/example_dags/example_branch_operator_decorator.py
[2022-09-05 21:25:20,129] {logging_mixin.py:115} INFO - [2022-09-05 21:25:20,129] {dag.py:2371} INFO - Sync 1 DAGs
[2022-09-05 21:25:20,149] {logging_mixin.py:115} INFO - [2022-09-05 21:25:20,149] {dag.py:2915} INFO - Setting next_dagrun for example_branch_python_operator_decorator to 2022-09-05T00:00:00+00:00, run_after=2022-09-06T00:00:00+00:00
[2022-09-05 21:25:20,177] {processor.py:161} INFO - Processing /home/osboxes/.local/lib/python3.8/site-packages/airflow/example_dags/example_branch_operator_decorator.py took 0.099 seconds
[2022-09-05 21:26:02,918] {processor.py:153} INFO - Started process (PID=171249) to work on /home/osboxes/.local/lib/python3.8/site-packages/airflow/example_dags/example_branch_operator_decorator.py
[2022-09-05 21:26:02,920] {processor.py:641} INFO - Processing file /home/osboxes/.local/lib/python3.8/site-packages/airflow/example_dags/example_branch_operator_decorator.py for tasks to queue
[2022-09-05 21:26:02,920] {logging_mixin.py:115} INFO - [2022-09-05 21:26:02,920] {dagbag.py:507} INFO - Filling up the DagBag from /home/osboxes/.local/lib/python3.8/site-packages/airflow/example_dags/example_branch_operator_decorator.py
[2022-09-05 21:26:02,940] {processor.py:651} INFO - DAG(s) dict_keys(['example_branch_python_operator_decorator']) retrieved from /home/osboxes/.local/lib/python3.8/site-packages/airflow/example_dags/example_branch_operator_decorator.py
[2022-09-05 21:26:02,959] {logging_mixin.py:115} INFO - [2022-09-05 21:26:02,959] {dag.py:2371} INFO - Sync 1 DAGs
[2022-09-05 21:26:02,978] {logging_mixin.py:115} INFO - [2022-09-05 21:26:02,978] {dag.py:2915} INFO - Setting next_dagrun for example_branch_python_operator_decorator to 2022-09-05T00:00:00+00:00, run_after=2022-09-06T00:00:00+00:00
[2022-09-05 21:26:03,047] {processor.py:161} INFO - Processing /home/osboxes/.local/lib/python3.8/site-packages/airflow/example_dags/example_branch_operator_decorator.py took 0.131 seconds
[2022-09-05 21:26:50,653] {processor.py:153} INFO - Started process (PID=171623) to work on /home/osboxes/.local/lib/python3.8/site-packages/airflow/example_dags/example_branch_operator_decorator.py
[2022-09-05 21:26:50,664] {processor.py:641} INFO - Processing file /home/osboxes/.local/lib/python3.8/site-packages/airflow/example_dags/example_branch_operator_decorator.py for tasks to queue
[2022-09-05 21:26:50,665] {logging_mixin.py:115} INFO - [2022-09-05 21:26:50,665] {dagbag.py:507} INFO - Filling up the DagBag from /home/osboxes/.local/lib/python3.8/site-packages/airflow/example_dags/example_branch_operator_decorator.py
[2022-09-05 21:26:50,684] {processor.py:651} INFO - DAG(s) dict_keys(['example_branch_python_operator_decorator']) retrieved from /home/osboxes/.local/lib/python3.8/site-packages/airflow/example_dags/example_branch_operator_decorator.py
[2022-09-05 21:26:50,704] {logging_mixin.py:115} INFO - [2022-09-05 21:26:50,704] {dag.py:2371} INFO - Sync 1 DAGs
[2022-09-05 21:26:50,729] {logging_mixin.py:115} INFO - [2022-09-05 21:26:50,729] {dag.py:2915} INFO - Setting next_dagrun for example_branch_python_operator_decorator to 2022-09-05T00:00:00+00:00, run_after=2022-09-06T00:00:00+00:00
[2022-09-05 21:26:50,760] {processor.py:161} INFO - Processing /home/osboxes/.local/lib/python3.8/site-packages/airflow/example_dags/example_branch_operator_decorator.py took 0.110 seconds
[2022-09-05 21:27:34,348] {processor.py:153} INFO - Started process (PID=171976) to work on /home/osboxes/.local/lib/python3.8/site-packages/airflow/example_dags/example_branch_operator_decorator.py
[2022-09-05 21:27:34,349] {processor.py:641} INFO - Processing file /home/osboxes/.local/lib/python3.8/site-packages/airflow/example_dags/example_branch_operator_decorator.py for tasks to queue
[2022-09-05 21:27:34,350] {logging_mixin.py:115} INFO - [2022-09-05 21:27:34,350] {dagbag.py:507} INFO - Filling up the DagBag from /home/osboxes/.local/lib/python3.8/site-packages/airflow/example_dags/example_branch_operator_decorator.py
[2022-09-05 21:27:34,378] {processor.py:651} INFO - DAG(s) dict_keys(['example_branch_python_operator_decorator']) retrieved from /home/osboxes/.local/lib/python3.8/site-packages/airflow/example_dags/example_branch_operator_decorator.py
[2022-09-05 21:27:34,411] {logging_mixin.py:115} INFO - [2022-09-05 21:27:34,411] {dag.py:2371} INFO - Sync 1 DAGs
[2022-09-05 21:27:34,441] {logging_mixin.py:115} INFO - [2022-09-05 21:27:34,441] {dag.py:2915} INFO - Setting next_dagrun for example_branch_python_operator_decorator to 2022-09-05T00:00:00+00:00, run_after=2022-09-06T00:00:00+00:00
[2022-09-05 21:27:34,471] {processor.py:161} INFO - Processing /home/osboxes/.local/lib/python3.8/site-packages/airflow/example_dags/example_branch_operator_decorator.py took 0.139 seconds
[2022-09-05 21:28:20,191] {processor.py:153} INFO - Started process (PID=172388) to work on /home/osboxes/.local/lib/python3.8/site-packages/airflow/example_dags/example_branch_operator_decorator.py
[2022-09-05 21:28:20,192] {processor.py:641} INFO - Processing file /home/osboxes/.local/lib/python3.8/site-packages/airflow/example_dags/example_branch_operator_decorator.py for tasks to queue
[2022-09-05 21:28:20,193] {logging_mixin.py:115} INFO - [2022-09-05 21:28:20,193] {dagbag.py:507} INFO - Filling up the DagBag from /home/osboxes/.local/lib/python3.8/site-packages/airflow/example_dags/example_branch_operator_decorator.py
[2022-09-05 21:28:20,210] {processor.py:651} INFO - DAG(s) dict_keys(['example_branch_python_operator_decorator']) retrieved from /home/osboxes/.local/lib/python3.8/site-packages/airflow/example_dags/example_branch_operator_decorator.py
[2022-09-05 21:28:20,235] {logging_mixin.py:115} INFO - [2022-09-05 21:28:20,235] {dag.py:2371} INFO - Sync 1 DAGs
[2022-09-05 21:28:20,253] {logging_mixin.py:115} INFO - [2022-09-05 21:28:20,252] {dag.py:2915} INFO - Setting next_dagrun for example_branch_python_operator_decorator to 2022-09-05T00:00:00+00:00, run_after=2022-09-06T00:00:00+00:00
[2022-09-05 21:28:20,295] {processor.py:161} INFO - Processing /home/osboxes/.local/lib/python3.8/site-packages/airflow/example_dags/example_branch_operator_decorator.py took 0.108 seconds
[2022-09-05 21:29:05,256] {processor.py:153} INFO - Started process (PID=172728) to work on /home/osboxes/.local/lib/python3.8/site-packages/airflow/example_dags/example_branch_operator_decorator.py
[2022-09-05 21:29:05,257] {processor.py:641} INFO - Processing file /home/osboxes/.local/lib/python3.8/site-packages/airflow/example_dags/example_branch_operator_decorator.py for tasks to queue
[2022-09-05 21:29:05,258] {logging_mixin.py:115} INFO - [2022-09-05 21:29:05,258] {dagbag.py:507} INFO - Filling up the DagBag from /home/osboxes/.local/lib/python3.8/site-packages/airflow/example_dags/example_branch_operator_decorator.py
[2022-09-05 21:29:05,278] {processor.py:651} INFO - DAG(s) dict_keys(['example_branch_python_operator_decorator']) retrieved from /home/osboxes/.local/lib/python3.8/site-packages/airflow/example_dags/example_branch_operator_decorator.py
[2022-09-05 21:29:05,298] {logging_mixin.py:115} INFO - [2022-09-05 21:29:05,298] {dag.py:2371} INFO - Sync 1 DAGs
[2022-09-05 21:29:05,327] {logging_mixin.py:115} INFO - [2022-09-05 21:29:05,327] {dag.py:2915} INFO - Setting next_dagrun for example_branch_python_operator_decorator to 2022-09-05T00:00:00+00:00, run_after=2022-09-06T00:00:00+00:00
[2022-09-05 21:29:05,356] {processor.py:161} INFO - Processing /home/osboxes/.local/lib/python3.8/site-packages/airflow/example_dags/example_branch_operator_decorator.py took 0.104 seconds
[2022-09-05 21:29:48,139] {processor.py:153} INFO - Started process (PID=173070) to work on /home/osboxes/.local/lib/python3.8/site-packages/airflow/example_dags/example_branch_operator_decorator.py
[2022-09-05 21:29:48,141] {processor.py:641} INFO - Processing file /home/osboxes/.local/lib/python3.8/site-packages/airflow/example_dags/example_branch_operator_decorator.py for tasks to queue
[2022-09-05 21:29:48,142] {logging_mixin.py:115} INFO - [2022-09-05 21:29:48,142] {dagbag.py:507} INFO - Filling up the DagBag from /home/osboxes/.local/lib/python3.8/site-packages/airflow/example_dags/example_branch_operator_decorator.py
[2022-09-05 21:29:48,169] {processor.py:651} INFO - DAG(s) dict_keys(['example_branch_python_operator_decorator']) retrieved from /home/osboxes/.local/lib/python3.8/site-packages/airflow/example_dags/example_branch_operator_decorator.py
[2022-09-05 21:29:48,212] {logging_mixin.py:115} INFO - [2022-09-05 21:29:48,212] {dag.py:2371} INFO - Sync 1 DAGs
[2022-09-05 21:29:48,252] {logging_mixin.py:115} INFO - [2022-09-05 21:29:48,251] {dag.py:2915} INFO - Setting next_dagrun for example_branch_python_operator_decorator to 2022-09-05T00:00:00+00:00, run_after=2022-09-06T00:00:00+00:00
[2022-09-05 21:29:48,411] {processor.py:161} INFO - Processing /home/osboxes/.local/lib/python3.8/site-packages/airflow/example_dags/example_branch_operator_decorator.py took 0.285 seconds
[2022-09-05 21:30:31,259] {processor.py:153} INFO - Started process (PID=173406) to work on /home/osboxes/.local/lib/python3.8/site-packages/airflow/example_dags/example_branch_operator_decorator.py
[2022-09-05 21:30:31,275] {processor.py:641} INFO - Processing file /home/osboxes/.local/lib/python3.8/site-packages/airflow/example_dags/example_branch_operator_decorator.py for tasks to queue
[2022-09-05 21:30:31,275] {logging_mixin.py:115} INFO - [2022-09-05 21:30:31,275] {dagbag.py:507} INFO - Filling up the DagBag from /home/osboxes/.local/lib/python3.8/site-packages/airflow/example_dags/example_branch_operator_decorator.py
[2022-09-05 21:30:31,334] {processor.py:651} INFO - DAG(s) dict_keys(['example_branch_python_operator_decorator']) retrieved from /home/osboxes/.local/lib/python3.8/site-packages/airflow/example_dags/example_branch_operator_decorator.py
[2022-09-05 21:30:31,380] {logging_mixin.py:115} INFO - [2022-09-05 21:30:31,380] {dag.py:2371} INFO - Sync 1 DAGs
[2022-09-05 21:30:31,405] {logging_mixin.py:115} INFO - [2022-09-05 21:30:31,405] {dag.py:2915} INFO - Setting next_dagrun for example_branch_python_operator_decorator to 2022-09-05T00:00:00+00:00, run_after=2022-09-06T00:00:00+00:00
[2022-09-05 21:30:31,454] {processor.py:161} INFO - Processing /home/osboxes/.local/lib/python3.8/site-packages/airflow/example_dags/example_branch_operator_decorator.py took 0.197 seconds
[2022-09-05 21:31:13,556] {processor.py:153} INFO - Started process (PID=173745) to work on /home/osboxes/.local/lib/python3.8/site-packages/airflow/example_dags/example_branch_operator_decorator.py
[2022-09-05 21:31:13,558] {processor.py:641} INFO - Processing file /home/osboxes/.local/lib/python3.8/site-packages/airflow/example_dags/example_branch_operator_decorator.py for tasks to queue
[2022-09-05 21:31:13,558] {logging_mixin.py:115} INFO - [2022-09-05 21:31:13,558] {dagbag.py:507} INFO - Filling up the DagBag from /home/osboxes/.local/lib/python3.8/site-packages/airflow/example_dags/example_branch_operator_decorator.py
[2022-09-05 21:31:13,582] {processor.py:651} INFO - DAG(s) dict_keys(['example_branch_python_operator_decorator']) retrieved from /home/osboxes/.local/lib/python3.8/site-packages/airflow/example_dags/example_branch_operator_decorator.py
[2022-09-05 21:31:13,607] {logging_mixin.py:115} INFO - [2022-09-05 21:31:13,606] {dag.py:2371} INFO - Sync 1 DAGs
[2022-09-05 21:31:13,630] {logging_mixin.py:115} INFO - [2022-09-05 21:31:13,629] {dag.py:2915} INFO - Setting next_dagrun for example_branch_python_operator_decorator to 2022-09-05T00:00:00+00:00, run_after=2022-09-06T00:00:00+00:00
[2022-09-05 21:31:13,659] {processor.py:161} INFO - Processing /home/osboxes/.local/lib/python3.8/site-packages/airflow/example_dags/example_branch_operator_decorator.py took 0.106 seconds
[2022-09-05 21:31:53,944] {processor.py:153} INFO - Started process (PID=174045) to work on /home/osboxes/.local/lib/python3.8/site-packages/airflow/example_dags/example_branch_operator_decorator.py
[2022-09-05 21:31:53,945] {processor.py:641} INFO - Processing file /home/osboxes/.local/lib/python3.8/site-packages/airflow/example_dags/example_branch_operator_decorator.py for tasks to queue
[2022-09-05 21:31:53,945] {logging_mixin.py:115} INFO - [2022-09-05 21:31:53,945] {dagbag.py:507} INFO - Filling up the DagBag from /home/osboxes/.local/lib/python3.8/site-packages/airflow/example_dags/example_branch_operator_decorator.py
[2022-09-05 21:31:53,962] {processor.py:651} INFO - DAG(s) dict_keys(['example_branch_python_operator_decorator']) retrieved from /home/osboxes/.local/lib/python3.8/site-packages/airflow/example_dags/example_branch_operator_decorator.py
[2022-09-05 21:31:53,982] {logging_mixin.py:115} INFO - [2022-09-05 21:31:53,982] {dag.py:2371} INFO - Sync 1 DAGs
[2022-09-05 21:31:54,000] {logging_mixin.py:115} INFO - [2022-09-05 21:31:54,000] {dag.py:2915} INFO - Setting next_dagrun for example_branch_python_operator_decorator to 2022-09-05T00:00:00+00:00, run_after=2022-09-06T00:00:00+00:00
[2022-09-05 21:31:54,122] {processor.py:161} INFO - Processing /home/osboxes/.local/lib/python3.8/site-packages/airflow/example_dags/example_branch_operator_decorator.py took 0.181 seconds
[2022-09-05 21:32:37,370] {processor.py:153} INFO - Started process (PID=174411) to work on /home/osboxes/.local/lib/python3.8/site-packages/airflow/example_dags/example_branch_operator_decorator.py
[2022-09-05 21:32:37,391] {processor.py:641} INFO - Processing file /home/osboxes/.local/lib/python3.8/site-packages/airflow/example_dags/example_branch_operator_decorator.py for tasks to queue
[2022-09-05 21:32:37,391] {logging_mixin.py:115} INFO - [2022-09-05 21:32:37,391] {dagbag.py:507} INFO - Filling up the DagBag from /home/osboxes/.local/lib/python3.8/site-packages/airflow/example_dags/example_branch_operator_decorator.py
[2022-09-05 21:32:37,410] {processor.py:651} INFO - DAG(s) dict_keys(['example_branch_python_operator_decorator']) retrieved from /home/osboxes/.local/lib/python3.8/site-packages/airflow/example_dags/example_branch_operator_decorator.py
[2022-09-05 21:32:37,433] {logging_mixin.py:115} INFO - [2022-09-05 21:32:37,433] {dag.py:2371} INFO - Sync 1 DAGs
[2022-09-05 21:32:37,450] {logging_mixin.py:115} INFO - [2022-09-05 21:32:37,450] {dag.py:2915} INFO - Setting next_dagrun for example_branch_python_operator_decorator to 2022-09-05T00:00:00+00:00, run_after=2022-09-06T00:00:00+00:00
[2022-09-05 21:32:37,481] {processor.py:161} INFO - Processing /home/osboxes/.local/lib/python3.8/site-packages/airflow/example_dags/example_branch_operator_decorator.py took 0.115 seconds
[2022-09-05 21:33:20,246] {processor.py:153} INFO - Started process (PID=174781) to work on /home/osboxes/.local/lib/python3.8/site-packages/airflow/example_dags/example_branch_operator_decorator.py
[2022-09-05 21:33:20,248] {processor.py:641} INFO - Processing file /home/osboxes/.local/lib/python3.8/site-packages/airflow/example_dags/example_branch_operator_decorator.py for tasks to queue
[2022-09-05 21:33:20,248] {logging_mixin.py:115} INFO - [2022-09-05 21:33:20,248] {dagbag.py:507} INFO - Filling up the DagBag from /home/osboxes/.local/lib/python3.8/site-packages/airflow/example_dags/example_branch_operator_decorator.py
[2022-09-05 21:33:20,265] {processor.py:651} INFO - DAG(s) dict_keys(['example_branch_python_operator_decorator']) retrieved from /home/osboxes/.local/lib/python3.8/site-packages/airflow/example_dags/example_branch_operator_decorator.py
[2022-09-05 21:33:20,288] {logging_mixin.py:115} INFO - [2022-09-05 21:33:20,288] {dag.py:2371} INFO - Sync 1 DAGs
[2022-09-05 21:33:20,315] {logging_mixin.py:115} INFO - [2022-09-05 21:33:20,315] {dag.py:2915} INFO - Setting next_dagrun for example_branch_python_operator_decorator to 2022-09-05T00:00:00+00:00, run_after=2022-09-06T00:00:00+00:00
[2022-09-05 21:33:20,345] {processor.py:161} INFO - Processing /home/osboxes/.local/lib/python3.8/site-packages/airflow/example_dags/example_branch_operator_decorator.py took 0.101 seconds
[2022-09-05 21:34:04,252] {processor.py:153} INFO - Started process (PID=175137) to work on /home/osboxes/.local/lib/python3.8/site-packages/airflow/example_dags/example_branch_operator_decorator.py
[2022-09-05 21:34:04,253] {processor.py:641} INFO - Processing file /home/osboxes/.local/lib/python3.8/site-packages/airflow/example_dags/example_branch_operator_decorator.py for tasks to queue
[2022-09-05 21:34:04,254] {logging_mixin.py:115} INFO - [2022-09-05 21:34:04,254] {dagbag.py:507} INFO - Filling up the DagBag from /home/osboxes/.local/lib/python3.8/site-packages/airflow/example_dags/example_branch_operator_decorator.py
[2022-09-05 21:34:04,275] {processor.py:651} INFO - DAG(s) dict_keys(['example_branch_python_operator_decorator']) retrieved from /home/osboxes/.local/lib/python3.8/site-packages/airflow/example_dags/example_branch_operator_decorator.py
[2022-09-05 21:34:04,303] {logging_mixin.py:115} INFO - [2022-09-05 21:34:04,303] {dag.py:2371} INFO - Sync 1 DAGs
[2022-09-05 21:34:04,324] {logging_mixin.py:115} INFO - [2022-09-05 21:34:04,324] {dag.py:2915} INFO - Setting next_dagrun for example_branch_python_operator_decorator to 2022-09-05T00:00:00+00:00, run_after=2022-09-06T00:00:00+00:00
[2022-09-05 21:34:04,355] {processor.py:161} INFO - Processing /home/osboxes/.local/lib/python3.8/site-packages/airflow/example_dags/example_branch_operator_decorator.py took 0.106 seconds
[2022-09-05 21:34:46,023] {processor.py:153} INFO - Started process (PID=175468) to work on /home/osboxes/.local/lib/python3.8/site-packages/airflow/example_dags/example_branch_operator_decorator.py
[2022-09-05 21:34:46,025] {processor.py:641} INFO - Processing file /home/osboxes/.local/lib/python3.8/site-packages/airflow/example_dags/example_branch_operator_decorator.py for tasks to queue
[2022-09-05 21:34:46,025] {logging_mixin.py:115} INFO - [2022-09-05 21:34:46,025] {dagbag.py:507} INFO - Filling up the DagBag from /home/osboxes/.local/lib/python3.8/site-packages/airflow/example_dags/example_branch_operator_decorator.py
[2022-09-05 21:34:46,044] {processor.py:651} INFO - DAG(s) dict_keys(['example_branch_python_operator_decorator']) retrieved from /home/osboxes/.local/lib/python3.8/site-packages/airflow/example_dags/example_branch_operator_decorator.py
[2022-09-05 21:34:46,067] {logging_mixin.py:115} INFO - [2022-09-05 21:34:46,067] {dag.py:2371} INFO - Sync 1 DAGs
[2022-09-05 21:34:46,086] {logging_mixin.py:115} INFO - [2022-09-05 21:34:46,086] {dag.py:2915} INFO - Setting next_dagrun for example_branch_python_operator_decorator to 2022-09-05T00:00:00+00:00, run_after=2022-09-06T00:00:00+00:00
[2022-09-05 21:34:46,129] {processor.py:161} INFO - Processing /home/osboxes/.local/lib/python3.8/site-packages/airflow/example_dags/example_branch_operator_decorator.py took 0.108 seconds
[2022-09-05 21:35:29,259] {processor.py:153} INFO - Started process (PID=175799) to work on /home/osboxes/.local/lib/python3.8/site-packages/airflow/example_dags/example_branch_operator_decorator.py
[2022-09-05 21:35:29,260] {processor.py:641} INFO - Processing file /home/osboxes/.local/lib/python3.8/site-packages/airflow/example_dags/example_branch_operator_decorator.py for tasks to queue
[2022-09-05 21:35:29,261] {logging_mixin.py:115} INFO - [2022-09-05 21:35:29,261] {dagbag.py:507} INFO - Filling up the DagBag from /home/osboxes/.local/lib/python3.8/site-packages/airflow/example_dags/example_branch_operator_decorator.py
[2022-09-05 21:35:29,285] {processor.py:651} INFO - DAG(s) dict_keys(['example_branch_python_operator_decorator']) retrieved from /home/osboxes/.local/lib/python3.8/site-packages/airflow/example_dags/example_branch_operator_decorator.py
[2022-09-05 21:35:29,308] {logging_mixin.py:115} INFO - [2022-09-05 21:35:29,308] {dag.py:2371} INFO - Sync 1 DAGs
[2022-09-05 21:35:29,324] {logging_mixin.py:115} INFO - [2022-09-05 21:35:29,324] {dag.py:2915} INFO - Setting next_dagrun for example_branch_python_operator_decorator to 2022-09-05T00:00:00+00:00, run_after=2022-09-06T00:00:00+00:00
[2022-09-05 21:35:29,363] {processor.py:161} INFO - Processing /home/osboxes/.local/lib/python3.8/site-packages/airflow/example_dags/example_branch_operator_decorator.py took 0.108 seconds
[2022-09-05 21:36:14,773] {processor.py:153} INFO - Started process (PID=176166) to work on /home/osboxes/.local/lib/python3.8/site-packages/airflow/example_dags/example_branch_operator_decorator.py
[2022-09-05 21:36:14,774] {processor.py:641} INFO - Processing file /home/osboxes/.local/lib/python3.8/site-packages/airflow/example_dags/example_branch_operator_decorator.py for tasks to queue
[2022-09-05 21:36:14,775] {logging_mixin.py:115} INFO - [2022-09-05 21:36:14,775] {dagbag.py:507} INFO - Filling up the DagBag from /home/osboxes/.local/lib/python3.8/site-packages/airflow/example_dags/example_branch_operator_decorator.py
[2022-09-05 21:36:14,795] {processor.py:651} INFO - DAG(s) dict_keys(['example_branch_python_operator_decorator']) retrieved from /home/osboxes/.local/lib/python3.8/site-packages/airflow/example_dags/example_branch_operator_decorator.py
[2022-09-05 21:36:14,819] {logging_mixin.py:115} INFO - [2022-09-05 21:36:14,819] {dag.py:2371} INFO - Sync 1 DAGs
[2022-09-05 21:36:14,839] {logging_mixin.py:115} INFO - [2022-09-05 21:36:14,839] {dag.py:2915} INFO - Setting next_dagrun for example_branch_python_operator_decorator to 2022-09-05T00:00:00+00:00, run_after=2022-09-06T00:00:00+00:00
[2022-09-05 21:36:14,870] {processor.py:161} INFO - Processing /home/osboxes/.local/lib/python3.8/site-packages/airflow/example_dags/example_branch_operator_decorator.py took 0.103 seconds
[2022-09-05 21:36:59,428] {processor.py:153} INFO - Started process (PID=176516) to work on /home/osboxes/.local/lib/python3.8/site-packages/airflow/example_dags/example_branch_operator_decorator.py
[2022-09-05 21:36:59,430] {processor.py:641} INFO - Processing file /home/osboxes/.local/lib/python3.8/site-packages/airflow/example_dags/example_branch_operator_decorator.py for tasks to queue
[2022-09-05 21:36:59,430] {logging_mixin.py:115} INFO - [2022-09-05 21:36:59,430] {dagbag.py:507} INFO - Filling up the DagBag from /home/osboxes/.local/lib/python3.8/site-packages/airflow/example_dags/example_branch_operator_decorator.py
[2022-09-05 21:36:59,451] {processor.py:651} INFO - DAG(s) dict_keys(['example_branch_python_operator_decorator']) retrieved from /home/osboxes/.local/lib/python3.8/site-packages/airflow/example_dags/example_branch_operator_decorator.py
[2022-09-05 21:36:59,475] {logging_mixin.py:115} INFO - [2022-09-05 21:36:59,474] {dag.py:2371} INFO - Sync 1 DAGs
[2022-09-05 21:36:59,503] {logging_mixin.py:115} INFO - [2022-09-05 21:36:59,502] {dag.py:2915} INFO - Setting next_dagrun for example_branch_python_operator_decorator to 2022-09-05T00:00:00+00:00, run_after=2022-09-06T00:00:00+00:00
[2022-09-05 21:36:59,537] {processor.py:161} INFO - Processing /home/osboxes/.local/lib/python3.8/site-packages/airflow/example_dags/example_branch_operator_decorator.py took 0.111 seconds
[2022-09-05 21:37:46,583] {processor.py:153} INFO - Started process (PID=176891) to work on /home/osboxes/.local/lib/python3.8/site-packages/airflow/example_dags/example_branch_operator_decorator.py
[2022-09-05 21:37:46,585] {processor.py:641} INFO - Processing file /home/osboxes/.local/lib/python3.8/site-packages/airflow/example_dags/example_branch_operator_decorator.py for tasks to queue
[2022-09-05 21:37:46,586] {logging_mixin.py:115} INFO - [2022-09-05 21:37:46,586] {dagbag.py:507} INFO - Filling up the DagBag from /home/osboxes/.local/lib/python3.8/site-packages/airflow/example_dags/example_branch_operator_decorator.py
[2022-09-05 21:37:46,609] {processor.py:651} INFO - DAG(s) dict_keys(['example_branch_python_operator_decorator']) retrieved from /home/osboxes/.local/lib/python3.8/site-packages/airflow/example_dags/example_branch_operator_decorator.py
[2022-09-05 21:37:46,631] {logging_mixin.py:115} INFO - [2022-09-05 21:37:46,631] {dag.py:2371} INFO - Sync 1 DAGs
[2022-09-05 21:37:46,656] {logging_mixin.py:115} INFO - [2022-09-05 21:37:46,656] {dag.py:2915} INFO - Setting next_dagrun for example_branch_python_operator_decorator to 2022-09-05T00:00:00+00:00, run_after=2022-09-06T00:00:00+00:00
[2022-09-05 21:37:46,697] {processor.py:161} INFO - Processing /home/osboxes/.local/lib/python3.8/site-packages/airflow/example_dags/example_branch_operator_decorator.py took 0.116 seconds
[2022-09-05 21:38:30,490] {processor.py:153} INFO - Started process (PID=177290) to work on /home/osboxes/.local/lib/python3.8/site-packages/airflow/example_dags/example_branch_operator_decorator.py
[2022-09-05 21:38:30,494] {processor.py:641} INFO - Processing file /home/osboxes/.local/lib/python3.8/site-packages/airflow/example_dags/example_branch_operator_decorator.py for tasks to queue
[2022-09-05 21:38:30,495] {logging_mixin.py:115} INFO - [2022-09-05 21:38:30,494] {dagbag.py:507} INFO - Filling up the DagBag from /home/osboxes/.local/lib/python3.8/site-packages/airflow/example_dags/example_branch_operator_decorator.py
[2022-09-05 21:38:30,532] {processor.py:651} INFO - DAG(s) dict_keys(['example_branch_python_operator_decorator']) retrieved from /home/osboxes/.local/lib/python3.8/site-packages/airflow/example_dags/example_branch_operator_decorator.py
[2022-09-05 21:38:30,555] {logging_mixin.py:115} INFO - [2022-09-05 21:38:30,555] {dag.py:2371} INFO - Sync 1 DAGs
[2022-09-05 21:38:30,572] {logging_mixin.py:115} INFO - [2022-09-05 21:38:30,572] {dag.py:2915} INFO - Setting next_dagrun for example_branch_python_operator_decorator to 2022-09-05T00:00:00+00:00, run_after=2022-09-06T00:00:00+00:00
[2022-09-05 21:38:30,609] {processor.py:161} INFO - Processing /home/osboxes/.local/lib/python3.8/site-packages/airflow/example_dags/example_branch_operator_decorator.py took 0.123 seconds
[2022-09-05 21:39:24,486] {processor.py:153} INFO - Started process (PID=177701) to work on /home/osboxes/.local/lib/python3.8/site-packages/airflow/example_dags/example_branch_operator_decorator.py
[2022-09-05 21:39:24,488] {processor.py:641} INFO - Processing file /home/osboxes/.local/lib/python3.8/site-packages/airflow/example_dags/example_branch_operator_decorator.py for tasks to queue
[2022-09-05 21:39:24,489] {logging_mixin.py:115} INFO - [2022-09-05 21:39:24,489] {dagbag.py:507} INFO - Filling up the DagBag from /home/osboxes/.local/lib/python3.8/site-packages/airflow/example_dags/example_branch_operator_decorator.py
[2022-09-05 21:39:24,508] {processor.py:651} INFO - DAG(s) dict_keys(['example_branch_python_operator_decorator']) retrieved from /home/osboxes/.local/lib/python3.8/site-packages/airflow/example_dags/example_branch_operator_decorator.py
[2022-09-05 21:39:24,527] {logging_mixin.py:115} INFO - [2022-09-05 21:39:24,527] {dag.py:2371} INFO - Sync 1 DAGs
[2022-09-05 21:39:24,544] {logging_mixin.py:115} INFO - [2022-09-05 21:39:24,543] {dag.py:2915} INFO - Setting next_dagrun for example_branch_python_operator_decorator to 2022-09-05T00:00:00+00:00, run_after=2022-09-06T00:00:00+00:00
[2022-09-05 21:39:24,571] {processor.py:161} INFO - Processing /home/osboxes/.local/lib/python3.8/site-packages/airflow/example_dags/example_branch_operator_decorator.py took 0.088 seconds
[2022-09-05 21:40:08,574] {processor.py:153} INFO - Started process (PID=178031) to work on /home/osboxes/.local/lib/python3.8/site-packages/airflow/example_dags/example_branch_operator_decorator.py
[2022-09-05 21:40:08,576] {processor.py:641} INFO - Processing file /home/osboxes/.local/lib/python3.8/site-packages/airflow/example_dags/example_branch_operator_decorator.py for tasks to queue
[2022-09-05 21:40:08,577] {logging_mixin.py:115} INFO - [2022-09-05 21:40:08,577] {dagbag.py:507} INFO - Filling up the DagBag from /home/osboxes/.local/lib/python3.8/site-packages/airflow/example_dags/example_branch_operator_decorator.py
[2022-09-05 21:40:08,597] {processor.py:651} INFO - DAG(s) dict_keys(['example_branch_python_operator_decorator']) retrieved from /home/osboxes/.local/lib/python3.8/site-packages/airflow/example_dags/example_branch_operator_decorator.py
[2022-09-05 21:40:08,620] {logging_mixin.py:115} INFO - [2022-09-05 21:40:08,620] {dag.py:2371} INFO - Sync 1 DAGs
[2022-09-05 21:40:08,641] {logging_mixin.py:115} INFO - [2022-09-05 21:40:08,640] {dag.py:2915} INFO - Setting next_dagrun for example_branch_python_operator_decorator to 2022-09-05T00:00:00+00:00, run_after=2022-09-06T00:00:00+00:00
[2022-09-05 21:40:08,674] {processor.py:161} INFO - Processing /home/osboxes/.local/lib/python3.8/site-packages/airflow/example_dags/example_branch_operator_decorator.py took 0.103 seconds
[2022-09-05 21:40:56,750] {processor.py:153} INFO - Started process (PID=178400) to work on /home/osboxes/.local/lib/python3.8/site-packages/airflow/example_dags/example_branch_operator_decorator.py
[2022-09-05 21:40:56,752] {processor.py:641} INFO - Processing file /home/osboxes/.local/lib/python3.8/site-packages/airflow/example_dags/example_branch_operator_decorator.py for tasks to queue
[2022-09-05 21:40:56,753] {logging_mixin.py:115} INFO - [2022-09-05 21:40:56,753] {dagbag.py:507} INFO - Filling up the DagBag from /home/osboxes/.local/lib/python3.8/site-packages/airflow/example_dags/example_branch_operator_decorator.py
[2022-09-05 21:40:56,773] {processor.py:651} INFO - DAG(s) dict_keys(['example_branch_python_operator_decorator']) retrieved from /home/osboxes/.local/lib/python3.8/site-packages/airflow/example_dags/example_branch_operator_decorator.py
[2022-09-05 21:40:56,791] {logging_mixin.py:115} INFO - [2022-09-05 21:40:56,791] {dag.py:2371} INFO - Sync 1 DAGs
[2022-09-05 21:40:56,807] {logging_mixin.py:115} INFO - [2022-09-05 21:40:56,807] {dag.py:2915} INFO - Setting next_dagrun for example_branch_python_operator_decorator to 2022-09-05T00:00:00+00:00, run_after=2022-09-06T00:00:00+00:00
[2022-09-05 21:40:56,851] {processor.py:161} INFO - Processing /home/osboxes/.local/lib/python3.8/site-packages/airflow/example_dags/example_branch_operator_decorator.py took 0.103 seconds
[2022-09-05 21:41:41,833] {processor.py:153} INFO - Started process (PID=178759) to work on /home/osboxes/.local/lib/python3.8/site-packages/airflow/example_dags/example_branch_operator_decorator.py
[2022-09-05 21:41:41,835] {processor.py:641} INFO - Processing file /home/osboxes/.local/lib/python3.8/site-packages/airflow/example_dags/example_branch_operator_decorator.py for tasks to queue
[2022-09-05 21:41:41,835] {logging_mixin.py:115} INFO - [2022-09-05 21:41:41,835] {dagbag.py:507} INFO - Filling up the DagBag from /home/osboxes/.local/lib/python3.8/site-packages/airflow/example_dags/example_branch_operator_decorator.py
[2022-09-05 21:41:41,854] {processor.py:651} INFO - DAG(s) dict_keys(['example_branch_python_operator_decorator']) retrieved from /home/osboxes/.local/lib/python3.8/site-packages/airflow/example_dags/example_branch_operator_decorator.py
[2022-09-05 21:41:41,873] {logging_mixin.py:115} INFO - [2022-09-05 21:41:41,872] {dag.py:2371} INFO - Sync 1 DAGs
[2022-09-05 21:41:41,891] {logging_mixin.py:115} INFO - [2022-09-05 21:41:41,891] {dag.py:2915} INFO - Setting next_dagrun for example_branch_python_operator_decorator to 2022-09-05T00:00:00+00:00, run_after=2022-09-06T00:00:00+00:00
[2022-09-05 21:41:41,929] {processor.py:161} INFO - Processing /home/osboxes/.local/lib/python3.8/site-packages/airflow/example_dags/example_branch_operator_decorator.py took 0.099 seconds
[2022-09-05 21:42:24,806] {processor.py:153} INFO - Started process (PID=179112) to work on /home/osboxes/.local/lib/python3.8/site-packages/airflow/example_dags/example_branch_operator_decorator.py
[2022-09-05 21:42:24,808] {processor.py:641} INFO - Processing file /home/osboxes/.local/lib/python3.8/site-packages/airflow/example_dags/example_branch_operator_decorator.py for tasks to queue
[2022-09-05 21:42:24,809] {logging_mixin.py:115} INFO - [2022-09-05 21:42:24,809] {dagbag.py:507} INFO - Filling up the DagBag from /home/osboxes/.local/lib/python3.8/site-packages/airflow/example_dags/example_branch_operator_decorator.py
[2022-09-05 21:42:24,827] {processor.py:651} INFO - DAG(s) dict_keys(['example_branch_python_operator_decorator']) retrieved from /home/osboxes/.local/lib/python3.8/site-packages/airflow/example_dags/example_branch_operator_decorator.py
[2022-09-05 21:42:24,846] {logging_mixin.py:115} INFO - [2022-09-05 21:42:24,846] {dag.py:2371} INFO - Sync 1 DAGs
[2022-09-05 21:42:24,861] {logging_mixin.py:115} INFO - [2022-09-05 21:42:24,861] {dag.py:2915} INFO - Setting next_dagrun for example_branch_python_operator_decorator to 2022-09-05T00:00:00+00:00, run_after=2022-09-06T00:00:00+00:00
[2022-09-05 21:42:24,900] {processor.py:161} INFO - Processing /home/osboxes/.local/lib/python3.8/site-packages/airflow/example_dags/example_branch_operator_decorator.py took 0.097 seconds
[2022-09-05 21:43:07,803] {processor.py:153} INFO - Started process (PID=179437) to work on /home/osboxes/.local/lib/python3.8/site-packages/airflow/example_dags/example_branch_operator_decorator.py
[2022-09-05 21:43:07,804] {processor.py:641} INFO - Processing file /home/osboxes/.local/lib/python3.8/site-packages/airflow/example_dags/example_branch_operator_decorator.py for tasks to queue
[2022-09-05 21:43:07,805] {logging_mixin.py:115} INFO - [2022-09-05 21:43:07,805] {dagbag.py:507} INFO - Filling up the DagBag from /home/osboxes/.local/lib/python3.8/site-packages/airflow/example_dags/example_branch_operator_decorator.py
[2022-09-05 21:43:07,823] {processor.py:651} INFO - DAG(s) dict_keys(['example_branch_python_operator_decorator']) retrieved from /home/osboxes/.local/lib/python3.8/site-packages/airflow/example_dags/example_branch_operator_decorator.py
[2022-09-05 21:43:07,841] {logging_mixin.py:115} INFO - [2022-09-05 21:43:07,841] {dag.py:2371} INFO - Sync 1 DAGs
[2022-09-05 21:43:07,858] {logging_mixin.py:115} INFO - [2022-09-05 21:43:07,858] {dag.py:2915} INFO - Setting next_dagrun for example_branch_python_operator_decorator to 2022-09-05T00:00:00+00:00, run_after=2022-09-06T00:00:00+00:00
[2022-09-05 21:43:07,894] {processor.py:161} INFO - Processing /home/osboxes/.local/lib/python3.8/site-packages/airflow/example_dags/example_branch_operator_decorator.py took 0.093 seconds
[2022-09-05 21:43:52,938] {processor.py:153} INFO - Started process (PID=179857) to work on /home/osboxes/.local/lib/python3.8/site-packages/airflow/example_dags/example_branch_operator_decorator.py
[2022-09-05 21:43:52,940] {processor.py:641} INFO - Processing file /home/osboxes/.local/lib/python3.8/site-packages/airflow/example_dags/example_branch_operator_decorator.py for tasks to queue
[2022-09-05 21:43:52,940] {logging_mixin.py:115} INFO - [2022-09-05 21:43:52,940] {dagbag.py:507} INFO - Filling up the DagBag from /home/osboxes/.local/lib/python3.8/site-packages/airflow/example_dags/example_branch_operator_decorator.py
[2022-09-05 21:43:52,958] {processor.py:651} INFO - DAG(s) dict_keys(['example_branch_python_operator_decorator']) retrieved from /home/osboxes/.local/lib/python3.8/site-packages/airflow/example_dags/example_branch_operator_decorator.py
[2022-09-05 21:43:52,977] {logging_mixin.py:115} INFO - [2022-09-05 21:43:52,977] {dag.py:2371} INFO - Sync 1 DAGs
[2022-09-05 21:43:52,996] {logging_mixin.py:115} INFO - [2022-09-05 21:43:52,996] {dag.py:2915} INFO - Setting next_dagrun for example_branch_python_operator_decorator to 2022-09-05T00:00:00+00:00, run_after=2022-09-06T00:00:00+00:00
[2022-09-05 21:43:53,033] {processor.py:161} INFO - Processing /home/osboxes/.local/lib/python3.8/site-packages/airflow/example_dags/example_branch_operator_decorator.py took 0.097 seconds
[2022-09-05 21:44:43,085] {processor.py:153} INFO - Started process (PID=180245) to work on /home/osboxes/.local/lib/python3.8/site-packages/airflow/example_dags/example_branch_operator_decorator.py
[2022-09-05 21:44:43,087] {processor.py:641} INFO - Processing file /home/osboxes/.local/lib/python3.8/site-packages/airflow/example_dags/example_branch_operator_decorator.py for tasks to queue
[2022-09-05 21:44:43,087] {logging_mixin.py:115} INFO - [2022-09-05 21:44:43,087] {dagbag.py:507} INFO - Filling up the DagBag from /home/osboxes/.local/lib/python3.8/site-packages/airflow/example_dags/example_branch_operator_decorator.py
[2022-09-05 21:44:43,106] {processor.py:651} INFO - DAG(s) dict_keys(['example_branch_python_operator_decorator']) retrieved from /home/osboxes/.local/lib/python3.8/site-packages/airflow/example_dags/example_branch_operator_decorator.py
[2022-09-05 21:44:43,127] {logging_mixin.py:115} INFO - [2022-09-05 21:44:43,127] {dag.py:2371} INFO - Sync 1 DAGs
[2022-09-05 21:44:43,147] {logging_mixin.py:115} INFO - [2022-09-05 21:44:43,147] {dag.py:2915} INFO - Setting next_dagrun for example_branch_python_operator_decorator to 2022-09-05T00:00:00+00:00, run_after=2022-09-06T00:00:00+00:00
[2022-09-05 21:44:43,175] {processor.py:161} INFO - Processing /home/osboxes/.local/lib/python3.8/site-packages/airflow/example_dags/example_branch_operator_decorator.py took 0.092 seconds
[2022-09-05 21:45:36,018] {processor.py:153} INFO - Started process (PID=180653) to work on /home/osboxes/.local/lib/python3.8/site-packages/airflow/example_dags/example_branch_operator_decorator.py
[2022-09-05 21:45:36,020] {processor.py:641} INFO - Processing file /home/osboxes/.local/lib/python3.8/site-packages/airflow/example_dags/example_branch_operator_decorator.py for tasks to queue
[2022-09-05 21:45:36,020] {logging_mixin.py:115} INFO - [2022-09-05 21:45:36,020] {dagbag.py:507} INFO - Filling up the DagBag from /home/osboxes/.local/lib/python3.8/site-packages/airflow/example_dags/example_branch_operator_decorator.py
[2022-09-05 21:45:36,052] {processor.py:651} INFO - DAG(s) dict_keys(['example_branch_python_operator_decorator']) retrieved from /home/osboxes/.local/lib/python3.8/site-packages/airflow/example_dags/example_branch_operator_decorator.py
[2022-09-05 21:45:36,088] {logging_mixin.py:115} INFO - [2022-09-05 21:45:36,088] {dag.py:2371} INFO - Sync 1 DAGs
[2022-09-05 21:45:36,103] {logging_mixin.py:115} INFO - [2022-09-05 21:45:36,103] {dag.py:2915} INFO - Setting next_dagrun for example_branch_python_operator_decorator to 2022-09-05T00:00:00+00:00, run_after=2022-09-06T00:00:00+00:00
[2022-09-05 21:45:36,144] {processor.py:161} INFO - Processing /home/osboxes/.local/lib/python3.8/site-packages/airflow/example_dags/example_branch_operator_decorator.py took 0.132 seconds
[2022-09-05 21:46:27,302] {processor.py:153} INFO - Started process (PID=181062) to work on /home/osboxes/.local/lib/python3.8/site-packages/airflow/example_dags/example_branch_operator_decorator.py
[2022-09-05 21:46:27,304] {processor.py:641} INFO - Processing file /home/osboxes/.local/lib/python3.8/site-packages/airflow/example_dags/example_branch_operator_decorator.py for tasks to queue
[2022-09-05 21:46:27,305] {logging_mixin.py:115} INFO - [2022-09-05 21:46:27,305] {dagbag.py:507} INFO - Filling up the DagBag from /home/osboxes/.local/lib/python3.8/site-packages/airflow/example_dags/example_branch_operator_decorator.py
[2022-09-05 21:46:27,332] {processor.py:651} INFO - DAG(s) dict_keys(['example_branch_python_operator_decorator']) retrieved from /home/osboxes/.local/lib/python3.8/site-packages/airflow/example_dags/example_branch_operator_decorator.py
[2022-09-05 21:46:27,352] {logging_mixin.py:115} INFO - [2022-09-05 21:46:27,352] {dag.py:2371} INFO - Sync 1 DAGs
[2022-09-05 21:46:27,373] {logging_mixin.py:115} INFO - [2022-09-05 21:46:27,373] {dag.py:2915} INFO - Setting next_dagrun for example_branch_python_operator_decorator to 2022-09-05T00:00:00+00:00, run_after=2022-09-06T00:00:00+00:00
[2022-09-05 21:46:27,409] {processor.py:161} INFO - Processing /home/osboxes/.local/lib/python3.8/site-packages/airflow/example_dags/example_branch_operator_decorator.py took 0.110 seconds
[2022-09-05 21:47:10,976] {processor.py:153} INFO - Started process (PID=181413) to work on /home/osboxes/.local/lib/python3.8/site-packages/airflow/example_dags/example_branch_operator_decorator.py
[2022-09-05 21:47:10,977] {processor.py:641} INFO - Processing file /home/osboxes/.local/lib/python3.8/site-packages/airflow/example_dags/example_branch_operator_decorator.py for tasks to queue
[2022-09-05 21:47:10,978] {logging_mixin.py:115} INFO - [2022-09-05 21:47:10,978] {dagbag.py:507} INFO - Filling up the DagBag from /home/osboxes/.local/lib/python3.8/site-packages/airflow/example_dags/example_branch_operator_decorator.py
[2022-09-05 21:47:10,995] {processor.py:651} INFO - DAG(s) dict_keys(['example_branch_python_operator_decorator']) retrieved from /home/osboxes/.local/lib/python3.8/site-packages/airflow/example_dags/example_branch_operator_decorator.py
[2022-09-05 21:47:11,016] {logging_mixin.py:115} INFO - [2022-09-05 21:47:11,016] {dag.py:2371} INFO - Sync 1 DAGs
[2022-09-05 21:47:11,033] {logging_mixin.py:115} INFO - [2022-09-05 21:47:11,033] {dag.py:2915} INFO - Setting next_dagrun for example_branch_python_operator_decorator to 2022-09-05T00:00:00+00:00, run_after=2022-09-06T00:00:00+00:00
[2022-09-05 21:47:11,075] {processor.py:161} INFO - Processing /home/osboxes/.local/lib/python3.8/site-packages/airflow/example_dags/example_branch_operator_decorator.py took 0.103 seconds
[2022-09-05 21:47:57,430] {processor.py:153} INFO - Started process (PID=181767) to work on /home/osboxes/.local/lib/python3.8/site-packages/airflow/example_dags/example_branch_operator_decorator.py
[2022-09-05 21:47:57,432] {processor.py:641} INFO - Processing file /home/osboxes/.local/lib/python3.8/site-packages/airflow/example_dags/example_branch_operator_decorator.py for tasks to queue
[2022-09-05 21:47:57,433] {logging_mixin.py:115} INFO - [2022-09-05 21:47:57,433] {dagbag.py:507} INFO - Filling up the DagBag from /home/osboxes/.local/lib/python3.8/site-packages/airflow/example_dags/example_branch_operator_decorator.py
[2022-09-05 21:47:57,452] {processor.py:651} INFO - DAG(s) dict_keys(['example_branch_python_operator_decorator']) retrieved from /home/osboxes/.local/lib/python3.8/site-packages/airflow/example_dags/example_branch_operator_decorator.py
[2022-09-05 21:47:57,472] {logging_mixin.py:115} INFO - [2022-09-05 21:47:57,472] {dag.py:2371} INFO - Sync 1 DAGs
[2022-09-05 21:47:57,490] {logging_mixin.py:115} INFO - [2022-09-05 21:47:57,490] {dag.py:2915} INFO - Setting next_dagrun for example_branch_python_operator_decorator to 2022-09-05T00:00:00+00:00, run_after=2022-09-06T00:00:00+00:00
[2022-09-05 21:47:57,517] {processor.py:161} INFO - Processing /home/osboxes/.local/lib/python3.8/site-packages/airflow/example_dags/example_branch_operator_decorator.py took 0.090 seconds
[2022-09-05 21:48:43,994] {processor.py:153} INFO - Started process (PID=182184) to work on /home/osboxes/.local/lib/python3.8/site-packages/airflow/example_dags/example_branch_operator_decorator.py
[2022-09-05 21:48:43,996] {processor.py:641} INFO - Processing file /home/osboxes/.local/lib/python3.8/site-packages/airflow/example_dags/example_branch_operator_decorator.py for tasks to queue
[2022-09-05 21:48:43,997] {logging_mixin.py:115} INFO - [2022-09-05 21:48:43,997] {dagbag.py:507} INFO - Filling up the DagBag from /home/osboxes/.local/lib/python3.8/site-packages/airflow/example_dags/example_branch_operator_decorator.py
[2022-09-05 21:48:44,015] {processor.py:651} INFO - DAG(s) dict_keys(['example_branch_python_operator_decorator']) retrieved from /home/osboxes/.local/lib/python3.8/site-packages/airflow/example_dags/example_branch_operator_decorator.py
[2022-09-05 21:48:44,043] {logging_mixin.py:115} INFO - [2022-09-05 21:48:44,043] {dag.py:2371} INFO - Sync 1 DAGs
[2022-09-05 21:48:44,059] {logging_mixin.py:115} INFO - [2022-09-05 21:48:44,059] {dag.py:2915} INFO - Setting next_dagrun for example_branch_python_operator_decorator to 2022-09-05T00:00:00+00:00, run_after=2022-09-06T00:00:00+00:00
[2022-09-05 21:48:44,096] {processor.py:161} INFO - Processing /home/osboxes/.local/lib/python3.8/site-packages/airflow/example_dags/example_branch_operator_decorator.py took 0.105 seconds
[2022-09-05 21:49:25,644] {processor.py:153} INFO - Started process (PID=182510) to work on /home/osboxes/.local/lib/python3.8/site-packages/airflow/example_dags/example_branch_operator_decorator.py
[2022-09-05 21:49:25,654] {processor.py:641} INFO - Processing file /home/osboxes/.local/lib/python3.8/site-packages/airflow/example_dags/example_branch_operator_decorator.py for tasks to queue
[2022-09-05 21:49:25,655] {logging_mixin.py:115} INFO - [2022-09-05 21:49:25,655] {dagbag.py:507} INFO - Filling up the DagBag from /home/osboxes/.local/lib/python3.8/site-packages/airflow/example_dags/example_branch_operator_decorator.py
[2022-09-05 21:49:25,672] {processor.py:651} INFO - DAG(s) dict_keys(['example_branch_python_operator_decorator']) retrieved from /home/osboxes/.local/lib/python3.8/site-packages/airflow/example_dags/example_branch_operator_decorator.py
[2022-09-05 21:49:25,693] {logging_mixin.py:115} INFO - [2022-09-05 21:49:25,693] {dag.py:2371} INFO - Sync 1 DAGs
[2022-09-05 21:49:25,708] {logging_mixin.py:115} INFO - [2022-09-05 21:49:25,708] {dag.py:2915} INFO - Setting next_dagrun for example_branch_python_operator_decorator to 2022-09-05T00:00:00+00:00, run_after=2022-09-06T00:00:00+00:00
[2022-09-05 21:49:25,756] {processor.py:161} INFO - Processing /home/osboxes/.local/lib/python3.8/site-packages/airflow/example_dags/example_branch_operator_decorator.py took 0.114 seconds
[2022-09-05 21:50:06,008] {processor.py:153} INFO - Started process (PID=182834) to work on /home/osboxes/.local/lib/python3.8/site-packages/airflow/example_dags/example_branch_operator_decorator.py
[2022-09-05 21:50:06,009] {processor.py:641} INFO - Processing file /home/osboxes/.local/lib/python3.8/site-packages/airflow/example_dags/example_branch_operator_decorator.py for tasks to queue
[2022-09-05 21:50:06,010] {logging_mixin.py:115} INFO - [2022-09-05 21:50:06,010] {dagbag.py:507} INFO - Filling up the DagBag from /home/osboxes/.local/lib/python3.8/site-packages/airflow/example_dags/example_branch_operator_decorator.py
[2022-09-05 21:50:06,029] {processor.py:651} INFO - DAG(s) dict_keys(['example_branch_python_operator_decorator']) retrieved from /home/osboxes/.local/lib/python3.8/site-packages/airflow/example_dags/example_branch_operator_decorator.py
[2022-09-05 21:50:06,048] {logging_mixin.py:115} INFO - [2022-09-05 21:50:06,048] {dag.py:2371} INFO - Sync 1 DAGs
[2022-09-05 21:50:06,064] {logging_mixin.py:115} INFO - [2022-09-05 21:50:06,064] {dag.py:2915} INFO - Setting next_dagrun for example_branch_python_operator_decorator to 2022-09-05T00:00:00+00:00, run_after=2022-09-06T00:00:00+00:00
[2022-09-05 21:50:06,101] {processor.py:161} INFO - Processing /home/osboxes/.local/lib/python3.8/site-packages/airflow/example_dags/example_branch_operator_decorator.py took 0.096 seconds
[2022-09-05 21:50:50,923] {processor.py:153} INFO - Started process (PID=183187) to work on /home/osboxes/.local/lib/python3.8/site-packages/airflow/example_dags/example_branch_operator_decorator.py
[2022-09-05 21:50:50,928] {processor.py:641} INFO - Processing file /home/osboxes/.local/lib/python3.8/site-packages/airflow/example_dags/example_branch_operator_decorator.py for tasks to queue
[2022-09-05 21:50:50,929] {logging_mixin.py:115} INFO - [2022-09-05 21:50:50,929] {dagbag.py:507} INFO - Filling up the DagBag from /home/osboxes/.local/lib/python3.8/site-packages/airflow/example_dags/example_branch_operator_decorator.py
[2022-09-05 21:50:50,982] {processor.py:651} INFO - DAG(s) dict_keys(['example_branch_python_operator_decorator']) retrieved from /home/osboxes/.local/lib/python3.8/site-packages/airflow/example_dags/example_branch_operator_decorator.py
[2022-09-05 21:50:51,003] {logging_mixin.py:115} INFO - [2022-09-05 21:50:51,003] {dag.py:2371} INFO - Sync 1 DAGs
[2022-09-05 21:50:51,024] {logging_mixin.py:115} INFO - [2022-09-05 21:50:51,024] {dag.py:2915} INFO - Setting next_dagrun for example_branch_python_operator_decorator to 2022-09-05T00:00:00+00:00, run_after=2022-09-06T00:00:00+00:00
[2022-09-05 21:50:51,051] {processor.py:161} INFO - Processing /home/osboxes/.local/lib/python3.8/site-packages/airflow/example_dags/example_branch_operator_decorator.py took 0.195 seconds
[2022-09-05 21:51:32,370] {processor.py:153} INFO - Started process (PID=183485) to work on /home/osboxes/.local/lib/python3.8/site-packages/airflow/example_dags/example_branch_operator_decorator.py
[2022-09-05 21:51:32,373] {processor.py:641} INFO - Processing file /home/osboxes/.local/lib/python3.8/site-packages/airflow/example_dags/example_branch_operator_decorator.py for tasks to queue
[2022-09-05 21:51:32,374] {logging_mixin.py:115} INFO - [2022-09-05 21:51:32,374] {dagbag.py:507} INFO - Filling up the DagBag from /home/osboxes/.local/lib/python3.8/site-packages/airflow/example_dags/example_branch_operator_decorator.py
[2022-09-05 21:51:32,396] {processor.py:651} INFO - DAG(s) dict_keys(['example_branch_python_operator_decorator']) retrieved from /home/osboxes/.local/lib/python3.8/site-packages/airflow/example_dags/example_branch_operator_decorator.py
[2022-09-05 21:51:32,423] {logging_mixin.py:115} INFO - [2022-09-05 21:51:32,423] {dag.py:2371} INFO - Sync 1 DAGs
[2022-09-05 21:51:32,445] {logging_mixin.py:115} INFO - [2022-09-05 21:51:32,445] {dag.py:2915} INFO - Setting next_dagrun for example_branch_python_operator_decorator to 2022-09-05T00:00:00+00:00, run_after=2022-09-06T00:00:00+00:00
[2022-09-05 21:51:32,478] {processor.py:161} INFO - Processing /home/osboxes/.local/lib/python3.8/site-packages/airflow/example_dags/example_branch_operator_decorator.py took 0.111 seconds
[2022-09-05 21:52:14,187] {processor.py:153} INFO - Started process (PID=183809) to work on /home/osboxes/.local/lib/python3.8/site-packages/airflow/example_dags/example_branch_operator_decorator.py
[2022-09-05 21:52:14,190] {processor.py:641} INFO - Processing file /home/osboxes/.local/lib/python3.8/site-packages/airflow/example_dags/example_branch_operator_decorator.py for tasks to queue
[2022-09-05 21:52:14,190] {logging_mixin.py:115} INFO - [2022-09-05 21:52:14,190] {dagbag.py:507} INFO - Filling up the DagBag from /home/osboxes/.local/lib/python3.8/site-packages/airflow/example_dags/example_branch_operator_decorator.py
[2022-09-05 21:52:14,207] {processor.py:651} INFO - DAG(s) dict_keys(['example_branch_python_operator_decorator']) retrieved from /home/osboxes/.local/lib/python3.8/site-packages/airflow/example_dags/example_branch_operator_decorator.py
[2022-09-05 21:52:14,231] {logging_mixin.py:115} INFO - [2022-09-05 21:52:14,231] {dag.py:2371} INFO - Sync 1 DAGs
[2022-09-05 21:52:14,247] {logging_mixin.py:115} INFO - [2022-09-05 21:52:14,247] {dag.py:2915} INFO - Setting next_dagrun for example_branch_python_operator_decorator to 2022-09-05T00:00:00+00:00, run_after=2022-09-06T00:00:00+00:00
[2022-09-05 21:52:14,294] {processor.py:161} INFO - Processing /home/osboxes/.local/lib/python3.8/site-packages/airflow/example_dags/example_branch_operator_decorator.py took 0.110 seconds
[2022-09-05 21:52:58,542] {processor.py:153} INFO - Started process (PID=184180) to work on /home/osboxes/.local/lib/python3.8/site-packages/airflow/example_dags/example_branch_operator_decorator.py
[2022-09-05 21:52:58,543] {processor.py:641} INFO - Processing file /home/osboxes/.local/lib/python3.8/site-packages/airflow/example_dags/example_branch_operator_decorator.py for tasks to queue
[2022-09-05 21:52:58,543] {logging_mixin.py:115} INFO - [2022-09-05 21:52:58,543] {dagbag.py:507} INFO - Filling up the DagBag from /home/osboxes/.local/lib/python3.8/site-packages/airflow/example_dags/example_branch_operator_decorator.py
[2022-09-05 21:52:58,560] {processor.py:651} INFO - DAG(s) dict_keys(['example_branch_python_operator_decorator']) retrieved from /home/osboxes/.local/lib/python3.8/site-packages/airflow/example_dags/example_branch_operator_decorator.py
[2022-09-05 21:52:58,583] {logging_mixin.py:115} INFO - [2022-09-05 21:52:58,582] {dag.py:2371} INFO - Sync 1 DAGs
[2022-09-05 21:52:58,597] {logging_mixin.py:115} INFO - [2022-09-05 21:52:58,597] {dag.py:2915} INFO - Setting next_dagrun for example_branch_python_operator_decorator to 2022-09-05T00:00:00+00:00, run_after=2022-09-06T00:00:00+00:00
[2022-09-05 21:52:58,643] {processor.py:161} INFO - Processing /home/osboxes/.local/lib/python3.8/site-packages/airflow/example_dags/example_branch_operator_decorator.py took 0.104 seconds
[2022-09-05 21:53:39,495] {processor.py:153} INFO - Started process (PID=184556) to work on /home/osboxes/.local/lib/python3.8/site-packages/airflow/example_dags/example_branch_operator_decorator.py
[2022-09-05 21:53:39,497] {processor.py:641} INFO - Processing file /home/osboxes/.local/lib/python3.8/site-packages/airflow/example_dags/example_branch_operator_decorator.py for tasks to queue
[2022-09-05 21:53:39,497] {logging_mixin.py:115} INFO - [2022-09-05 21:53:39,497] {dagbag.py:507} INFO - Filling up the DagBag from /home/osboxes/.local/lib/python3.8/site-packages/airflow/example_dags/example_branch_operator_decorator.py
[2022-09-05 21:53:39,519] {processor.py:651} INFO - DAG(s) dict_keys(['example_branch_python_operator_decorator']) retrieved from /home/osboxes/.local/lib/python3.8/site-packages/airflow/example_dags/example_branch_operator_decorator.py
[2022-09-05 21:53:39,540] {logging_mixin.py:115} INFO - [2022-09-05 21:53:39,539] {dag.py:2371} INFO - Sync 1 DAGs
[2022-09-05 21:53:39,556] {logging_mixin.py:115} INFO - [2022-09-05 21:53:39,556] {dag.py:2915} INFO - Setting next_dagrun for example_branch_python_operator_decorator to 2022-09-05T00:00:00+00:00, run_after=2022-09-06T00:00:00+00:00
[2022-09-05 21:53:39,586] {processor.py:161} INFO - Processing /home/osboxes/.local/lib/python3.8/site-packages/airflow/example_dags/example_branch_operator_decorator.py took 0.092 seconds
[2022-09-05 21:54:30,897] {processor.py:153} INFO - Started process (PID=184957) to work on /home/osboxes/.local/lib/python3.8/site-packages/airflow/example_dags/example_branch_operator_decorator.py
[2022-09-05 21:54:30,918] {processor.py:641} INFO - Processing file /home/osboxes/.local/lib/python3.8/site-packages/airflow/example_dags/example_branch_operator_decorator.py for tasks to queue
[2022-09-05 21:54:30,918] {logging_mixin.py:115} INFO - [2022-09-05 21:54:30,918] {dagbag.py:507} INFO - Filling up the DagBag from /home/osboxes/.local/lib/python3.8/site-packages/airflow/example_dags/example_branch_operator_decorator.py
[2022-09-05 21:54:30,951] {processor.py:651} INFO - DAG(s) dict_keys(['example_branch_python_operator_decorator']) retrieved from /home/osboxes/.local/lib/python3.8/site-packages/airflow/example_dags/example_branch_operator_decorator.py
[2022-09-05 21:54:30,994] {logging_mixin.py:115} INFO - [2022-09-05 21:54:30,994] {dag.py:2371} INFO - Sync 1 DAGs
[2022-09-05 21:54:31,061] {logging_mixin.py:115} INFO - [2022-09-05 21:54:31,061] {dag.py:2915} INFO - Setting next_dagrun for example_branch_python_operator_decorator to 2022-09-05T00:00:00+00:00, run_after=2022-09-06T00:00:00+00:00
[2022-09-05 21:54:31,096] {processor.py:161} INFO - Processing /home/osboxes/.local/lib/python3.8/site-packages/airflow/example_dags/example_branch_operator_decorator.py took 0.202 seconds
[2022-09-05 21:55:13,085] {processor.py:153} INFO - Started process (PID=185289) to work on /home/osboxes/.local/lib/python3.8/site-packages/airflow/example_dags/example_branch_operator_decorator.py
[2022-09-05 21:55:13,086] {processor.py:641} INFO - Processing file /home/osboxes/.local/lib/python3.8/site-packages/airflow/example_dags/example_branch_operator_decorator.py for tasks to queue
[2022-09-05 21:55:13,086] {logging_mixin.py:115} INFO - [2022-09-05 21:55:13,086] {dagbag.py:507} INFO - Filling up the DagBag from /home/osboxes/.local/lib/python3.8/site-packages/airflow/example_dags/example_branch_operator_decorator.py
[2022-09-05 21:55:13,103] {processor.py:651} INFO - DAG(s) dict_keys(['example_branch_python_operator_decorator']) retrieved from /home/osboxes/.local/lib/python3.8/site-packages/airflow/example_dags/example_branch_operator_decorator.py
[2022-09-05 21:55:13,141] {logging_mixin.py:115} INFO - [2022-09-05 21:55:13,140] {dag.py:2371} INFO - Sync 1 DAGs
[2022-09-05 21:55:13,159] {logging_mixin.py:115} INFO - [2022-09-05 21:55:13,159] {dag.py:2915} INFO - Setting next_dagrun for example_branch_python_operator_decorator to 2022-09-05T00:00:00+00:00, run_after=2022-09-06T00:00:00+00:00
[2022-09-05 21:55:13,200] {processor.py:161} INFO - Processing /home/osboxes/.local/lib/python3.8/site-packages/airflow/example_dags/example_branch_operator_decorator.py took 0.117 seconds
[2022-09-05 21:55:56,907] {processor.py:153} INFO - Started process (PID=185613) to work on /home/osboxes/.local/lib/python3.8/site-packages/airflow/example_dags/example_branch_operator_decorator.py
[2022-09-05 21:55:56,909] {processor.py:641} INFO - Processing file /home/osboxes/.local/lib/python3.8/site-packages/airflow/example_dags/example_branch_operator_decorator.py for tasks to queue
[2022-09-05 21:55:56,909] {logging_mixin.py:115} INFO - [2022-09-05 21:55:56,909] {dagbag.py:507} INFO - Filling up the DagBag from /home/osboxes/.local/lib/python3.8/site-packages/airflow/example_dags/example_branch_operator_decorator.py
[2022-09-05 21:55:56,925] {processor.py:651} INFO - DAG(s) dict_keys(['example_branch_python_operator_decorator']) retrieved from /home/osboxes/.local/lib/python3.8/site-packages/airflow/example_dags/example_branch_operator_decorator.py
[2022-09-05 21:55:56,945] {logging_mixin.py:115} INFO - [2022-09-05 21:55:56,945] {dag.py:2371} INFO - Sync 1 DAGs
[2022-09-05 21:55:56,962] {logging_mixin.py:115} INFO - [2022-09-05 21:55:56,961] {dag.py:2915} INFO - Setting next_dagrun for example_branch_python_operator_decorator to 2022-09-05T00:00:00+00:00, run_after=2022-09-06T00:00:00+00:00
[2022-09-05 21:55:57,017] {processor.py:161} INFO - Processing /home/osboxes/.local/lib/python3.8/site-packages/airflow/example_dags/example_branch_operator_decorator.py took 0.113 seconds
[2022-09-05 21:56:48,700] {processor.py:153} INFO - Started process (PID=186035) to work on /home/osboxes/.local/lib/python3.8/site-packages/airflow/example_dags/example_branch_operator_decorator.py
[2022-09-05 21:56:48,710] {processor.py:641} INFO - Processing file /home/osboxes/.local/lib/python3.8/site-packages/airflow/example_dags/example_branch_operator_decorator.py for tasks to queue
[2022-09-05 21:56:48,711] {logging_mixin.py:115} INFO - [2022-09-05 21:56:48,710] {dagbag.py:507} INFO - Filling up the DagBag from /home/osboxes/.local/lib/python3.8/site-packages/airflow/example_dags/example_branch_operator_decorator.py
[2022-09-05 21:56:48,728] {processor.py:651} INFO - DAG(s) dict_keys(['example_branch_python_operator_decorator']) retrieved from /home/osboxes/.local/lib/python3.8/site-packages/airflow/example_dags/example_branch_operator_decorator.py
[2022-09-05 21:56:48,746] {logging_mixin.py:115} INFO - [2022-09-05 21:56:48,746] {dag.py:2371} INFO - Sync 1 DAGs
[2022-09-05 21:56:48,765] {logging_mixin.py:115} INFO - [2022-09-05 21:56:48,765] {dag.py:2915} INFO - Setting next_dagrun for example_branch_python_operator_decorator to 2022-09-05T00:00:00+00:00, run_after=2022-09-06T00:00:00+00:00
[2022-09-05 21:56:48,793] {processor.py:161} INFO - Processing /home/osboxes/.local/lib/python3.8/site-packages/airflow/example_dags/example_branch_operator_decorator.py took 0.096 seconds
[2022-09-05 21:57:40,735] {processor.py:153} INFO - Started process (PID=186448) to work on /home/osboxes/.local/lib/python3.8/site-packages/airflow/example_dags/example_branch_operator_decorator.py
[2022-09-05 21:57:40,736] {processor.py:641} INFO - Processing file /home/osboxes/.local/lib/python3.8/site-packages/airflow/example_dags/example_branch_operator_decorator.py for tasks to queue
[2022-09-05 21:57:40,737] {logging_mixin.py:115} INFO - [2022-09-05 21:57:40,737] {dagbag.py:507} INFO - Filling up the DagBag from /home/osboxes/.local/lib/python3.8/site-packages/airflow/example_dags/example_branch_operator_decorator.py
[2022-09-05 21:57:40,755] {processor.py:651} INFO - DAG(s) dict_keys(['example_branch_python_operator_decorator']) retrieved from /home/osboxes/.local/lib/python3.8/site-packages/airflow/example_dags/example_branch_operator_decorator.py
[2022-09-05 21:57:40,774] {logging_mixin.py:115} INFO - [2022-09-05 21:57:40,774] {dag.py:2371} INFO - Sync 1 DAGs
[2022-09-05 21:57:40,789] {logging_mixin.py:115} INFO - [2022-09-05 21:57:40,789] {dag.py:2915} INFO - Setting next_dagrun for example_branch_python_operator_decorator to 2022-09-05T00:00:00+00:00, run_after=2022-09-06T00:00:00+00:00
[2022-09-05 21:57:40,818] {processor.py:161} INFO - Processing /home/osboxes/.local/lib/python3.8/site-packages/airflow/example_dags/example_branch_operator_decorator.py took 0.086 seconds
[2022-09-05 21:58:32,634] {processor.py:153} INFO - Started process (PID=186926) to work on /home/osboxes/.local/lib/python3.8/site-packages/airflow/example_dags/example_branch_operator_decorator.py
[2022-09-05 21:58:32,637] {processor.py:641} INFO - Processing file /home/osboxes/.local/lib/python3.8/site-packages/airflow/example_dags/example_branch_operator_decorator.py for tasks to queue
[2022-09-05 21:58:32,637] {logging_mixin.py:115} INFO - [2022-09-05 21:58:32,637] {dagbag.py:507} INFO - Filling up the DagBag from /home/osboxes/.local/lib/python3.8/site-packages/airflow/example_dags/example_branch_operator_decorator.py
[2022-09-05 21:58:32,654] {processor.py:651} INFO - DAG(s) dict_keys(['example_branch_python_operator_decorator']) retrieved from /home/osboxes/.local/lib/python3.8/site-packages/airflow/example_dags/example_branch_operator_decorator.py
[2022-09-05 21:58:32,676] {logging_mixin.py:115} INFO - [2022-09-05 21:58:32,676] {dag.py:2371} INFO - Sync 1 DAGs
[2022-09-05 21:58:32,690] {logging_mixin.py:115} INFO - [2022-09-05 21:58:32,689] {dag.py:2915} INFO - Setting next_dagrun for example_branch_python_operator_decorator to 2022-09-05T00:00:00+00:00, run_after=2022-09-06T00:00:00+00:00
[2022-09-05 21:58:32,733] {processor.py:161} INFO - Processing /home/osboxes/.local/lib/python3.8/site-packages/airflow/example_dags/example_branch_operator_decorator.py took 0.129 seconds
[2022-09-05 21:59:50,107] {processor.py:153} INFO - Started process (PID=187459) to work on /home/osboxes/.local/lib/python3.8/site-packages/airflow/example_dags/example_branch_operator_decorator.py
[2022-09-05 21:59:50,108] {processor.py:641} INFO - Processing file /home/osboxes/.local/lib/python3.8/site-packages/airflow/example_dags/example_branch_operator_decorator.py for tasks to queue
[2022-09-05 21:59:50,109] {logging_mixin.py:115} INFO - [2022-09-05 21:59:50,109] {dagbag.py:507} INFO - Filling up the DagBag from /home/osboxes/.local/lib/python3.8/site-packages/airflow/example_dags/example_branch_operator_decorator.py
[2022-09-05 21:59:50,125] {processor.py:651} INFO - DAG(s) dict_keys(['example_branch_python_operator_decorator']) retrieved from /home/osboxes/.local/lib/python3.8/site-packages/airflow/example_dags/example_branch_operator_decorator.py
[2022-09-05 21:59:50,161] {logging_mixin.py:115} INFO - [2022-09-05 21:59:50,160] {dag.py:2371} INFO - Sync 1 DAGs
[2022-09-05 21:59:50,198] {logging_mixin.py:115} INFO - [2022-09-05 21:59:50,197] {dag.py:2915} INFO - Setting next_dagrun for example_branch_python_operator_decorator to 2022-09-05T00:00:00+00:00, run_after=2022-09-06T00:00:00+00:00
[2022-09-05 21:59:50,231] {processor.py:161} INFO - Processing /home/osboxes/.local/lib/python3.8/site-packages/airflow/example_dags/example_branch_operator_decorator.py took 0.126 seconds
[2022-09-05 22:01:10,930] {processor.py:153} INFO - Started process (PID=188184) to work on /home/osboxes/.local/lib/python3.8/site-packages/airflow/example_dags/example_branch_operator_decorator.py
[2022-09-05 22:01:10,967] {processor.py:641} INFO - Processing file /home/osboxes/.local/lib/python3.8/site-packages/airflow/example_dags/example_branch_operator_decorator.py for tasks to queue
[2022-09-05 22:01:10,967] {logging_mixin.py:115} INFO - [2022-09-05 22:01:10,967] {dagbag.py:507} INFO - Filling up the DagBag from /home/osboxes/.local/lib/python3.8/site-packages/airflow/example_dags/example_branch_operator_decorator.py
[2022-09-05 22:01:11,097] {processor.py:651} INFO - DAG(s) dict_keys(['example_branch_python_operator_decorator']) retrieved from /home/osboxes/.local/lib/python3.8/site-packages/airflow/example_dags/example_branch_operator_decorator.py
[2022-09-05 22:01:11,327] {logging_mixin.py:115} INFO - [2022-09-05 22:01:11,326] {dag.py:2371} INFO - Sync 1 DAGs
[2022-09-05 22:01:12,025] {logging_mixin.py:115} INFO - [2022-09-05 22:01:12,024] {dag.py:2915} INFO - Setting next_dagrun for example_branch_python_operator_decorator to 2022-09-05T00:00:00+00:00, run_after=2022-09-06T00:00:00+00:00
[2022-09-05 22:01:12,374] {processor.py:161} INFO - Processing /home/osboxes/.local/lib/python3.8/site-packages/airflow/example_dags/example_branch_operator_decorator.py took 1.486 seconds
[2022-09-05 22:04:00,452] {processor.py:153} INFO - Started process (PID=189444) to work on /home/osboxes/.local/lib/python3.8/site-packages/airflow/example_dags/example_branch_operator_decorator.py
[2022-09-05 22:04:00,474] {processor.py:641} INFO - Processing file /home/osboxes/.local/lib/python3.8/site-packages/airflow/example_dags/example_branch_operator_decorator.py for tasks to queue
[2022-09-05 22:04:00,474] {logging_mixin.py:115} INFO - [2022-09-05 22:04:00,474] {dagbag.py:507} INFO - Filling up the DagBag from /home/osboxes/.local/lib/python3.8/site-packages/airflow/example_dags/example_branch_operator_decorator.py
[2022-09-05 22:04:02,266] {processor.py:651} INFO - DAG(s) dict_keys(['example_branch_python_operator_decorator']) retrieved from /home/osboxes/.local/lib/python3.8/site-packages/airflow/example_dags/example_branch_operator_decorator.py
[2022-09-05 22:04:02,763] {logging_mixin.py:115} INFO - [2022-09-05 22:04:02,763] {dag.py:2371} INFO - Sync 1 DAGs
[2022-09-05 22:04:03,335] {logging_mixin.py:115} INFO - [2022-09-05 22:04:03,334] {dag.py:2915} INFO - Setting next_dagrun for example_branch_python_operator_decorator to 2022-09-05T00:00:00+00:00, run_after=2022-09-06T00:00:00+00:00
[2022-09-05 22:04:03,535] {processor.py:161} INFO - Processing /home/osboxes/.local/lib/python3.8/site-packages/airflow/example_dags/example_branch_operator_decorator.py took 3.268 seconds
