[2022-09-05 21:18:03,045] {processor.py:153} INFO - Started process (PID=167383) to work on /home/osboxes/.local/lib/python3.8/site-packages/airflow/example_dags/example_branch_python_dop_operator_3.py
[2022-09-05 21:18:03,045] {processor.py:641} INFO - Processing file /home/osboxes/.local/lib/python3.8/site-packages/airflow/example_dags/example_branch_python_dop_operator_3.py for tasks to queue
[2022-09-05 21:18:03,046] {logging_mixin.py:115} INFO - [2022-09-05 21:18:03,046] {dagbag.py:507} INFO - Filling up the DagBag from /home/osboxes/.local/lib/python3.8/site-packages/airflow/example_dags/example_branch_python_dop_operator_3.py
[2022-09-05 21:18:03,054] {processor.py:651} INFO - DAG(s) dict_keys(['example_branch_dop_operator_v3']) retrieved from /home/osboxes/.local/lib/python3.8/site-packages/airflow/example_dags/example_branch_python_dop_operator_3.py
[2022-09-05 21:18:03,074] {logging_mixin.py:115} INFO - [2022-09-05 21:18:03,074] {dag.py:2371} INFO - Sync 1 DAGs
[2022-09-05 21:18:03,120] {logging_mixin.py:115} INFO - [2022-09-05 21:18:03,120] {dag.py:2915} INFO - Setting next_dagrun for example_branch_dop_operator_v3 to 2022-09-06T01:17:00+00:00, run_after=2022-09-06T01:18:00+00:00
[2022-09-05 21:18:03,153] {processor.py:161} INFO - Processing /home/osboxes/.local/lib/python3.8/site-packages/airflow/example_dags/example_branch_python_dop_operator_3.py took 0.110 seconds
[2022-09-05 21:18:58,358] {processor.py:153} INFO - Started process (PID=167869) to work on /home/osboxes/.local/lib/python3.8/site-packages/airflow/example_dags/example_branch_python_dop_operator_3.py
[2022-09-05 21:18:58,361] {processor.py:641} INFO - Processing file /home/osboxes/.local/lib/python3.8/site-packages/airflow/example_dags/example_branch_python_dop_operator_3.py for tasks to queue
[2022-09-05 21:18:58,362] {logging_mixin.py:115} INFO - [2022-09-05 21:18:58,362] {dagbag.py:507} INFO - Filling up the DagBag from /home/osboxes/.local/lib/python3.8/site-packages/airflow/example_dags/example_branch_python_dop_operator_3.py
[2022-09-05 21:18:58,374] {processor.py:651} INFO - DAG(s) dict_keys(['example_branch_dop_operator_v3']) retrieved from /home/osboxes/.local/lib/python3.8/site-packages/airflow/example_dags/example_branch_python_dop_operator_3.py
[2022-09-05 21:18:58,399] {logging_mixin.py:115} INFO - [2022-09-05 21:18:58,399] {dag.py:2371} INFO - Sync 1 DAGs
[2022-09-05 21:18:58,422] {logging_mixin.py:115} INFO - [2022-09-05 21:18:58,421] {dag.py:2915} INFO - Setting next_dagrun for example_branch_dop_operator_v3 to 2022-09-06T01:17:00+00:00, run_after=2022-09-06T01:18:00+00:00
[2022-09-05 21:18:58,451] {processor.py:161} INFO - Processing /home/osboxes/.local/lib/python3.8/site-packages/airflow/example_dags/example_branch_python_dop_operator_3.py took 0.096 seconds
[2022-09-05 21:19:53,827] {processor.py:153} INFO - Started process (PID=168274) to work on /home/osboxes/.local/lib/python3.8/site-packages/airflow/example_dags/example_branch_python_dop_operator_3.py
[2022-09-05 21:19:53,829] {processor.py:641} INFO - Processing file /home/osboxes/.local/lib/python3.8/site-packages/airflow/example_dags/example_branch_python_dop_operator_3.py for tasks to queue
[2022-09-05 21:19:53,830] {logging_mixin.py:115} INFO - [2022-09-05 21:19:53,829] {dagbag.py:507} INFO - Filling up the DagBag from /home/osboxes/.local/lib/python3.8/site-packages/airflow/example_dags/example_branch_python_dop_operator_3.py
[2022-09-05 21:19:53,841] {processor.py:651} INFO - DAG(s) dict_keys(['example_branch_dop_operator_v3']) retrieved from /home/osboxes/.local/lib/python3.8/site-packages/airflow/example_dags/example_branch_python_dop_operator_3.py
[2022-09-05 21:19:53,894] {logging_mixin.py:115} INFO - [2022-09-05 21:19:53,894] {dag.py:2371} INFO - Sync 1 DAGs
[2022-09-05 21:19:54,038] {logging_mixin.py:115} INFO - [2022-09-05 21:19:54,038] {dag.py:2915} INFO - Setting next_dagrun for example_branch_dop_operator_v3 to 2022-09-06T01:18:00+00:00, run_after=2022-09-06T01:19:00+00:00
[2022-09-05 21:19:54,242] {processor.py:161} INFO - Processing /home/osboxes/.local/lib/python3.8/site-packages/airflow/example_dags/example_branch_python_dop_operator_3.py took 0.421 seconds
[2022-09-05 21:20:36,594] {processor.py:153} INFO - Started process (PID=168604) to work on /home/osboxes/.local/lib/python3.8/site-packages/airflow/example_dags/example_branch_python_dop_operator_3.py
[2022-09-05 21:20:36,595] {processor.py:641} INFO - Processing file /home/osboxes/.local/lib/python3.8/site-packages/airflow/example_dags/example_branch_python_dop_operator_3.py for tasks to queue
[2022-09-05 21:20:36,596] {logging_mixin.py:115} INFO - [2022-09-05 21:20:36,595] {dagbag.py:507} INFO - Filling up the DagBag from /home/osboxes/.local/lib/python3.8/site-packages/airflow/example_dags/example_branch_python_dop_operator_3.py
[2022-09-05 21:20:36,602] {processor.py:651} INFO - DAG(s) dict_keys(['example_branch_dop_operator_v3']) retrieved from /home/osboxes/.local/lib/python3.8/site-packages/airflow/example_dags/example_branch_python_dop_operator_3.py
[2022-09-05 21:20:36,621] {logging_mixin.py:115} INFO - [2022-09-05 21:20:36,621] {dag.py:2371} INFO - Sync 1 DAGs
[2022-09-05 21:20:36,642] {logging_mixin.py:115} INFO - [2022-09-05 21:20:36,642] {dag.py:2915} INFO - Setting next_dagrun for example_branch_dop_operator_v3 to 2022-09-06T01:19:00+00:00, run_after=2022-09-06T01:20:00+00:00
[2022-09-05 21:20:36,670] {processor.py:161} INFO - Processing /home/osboxes/.local/lib/python3.8/site-packages/airflow/example_dags/example_branch_python_dop_operator_3.py took 0.079 seconds
[2022-09-05 21:21:26,084] {processor.py:153} INFO - Started process (PID=169010) to work on /home/osboxes/.local/lib/python3.8/site-packages/airflow/example_dags/example_branch_python_dop_operator_3.py
[2022-09-05 21:21:26,085] {processor.py:641} INFO - Processing file /home/osboxes/.local/lib/python3.8/site-packages/airflow/example_dags/example_branch_python_dop_operator_3.py for tasks to queue
[2022-09-05 21:21:26,085] {logging_mixin.py:115} INFO - [2022-09-05 21:21:26,085] {dagbag.py:507} INFO - Filling up the DagBag from /home/osboxes/.local/lib/python3.8/site-packages/airflow/example_dags/example_branch_python_dop_operator_3.py
[2022-09-05 21:21:26,093] {processor.py:651} INFO - DAG(s) dict_keys(['example_branch_dop_operator_v3']) retrieved from /home/osboxes/.local/lib/python3.8/site-packages/airflow/example_dags/example_branch_python_dop_operator_3.py
[2022-09-05 21:21:26,113] {logging_mixin.py:115} INFO - [2022-09-05 21:21:26,113] {dag.py:2371} INFO - Sync 1 DAGs
[2022-09-05 21:21:26,133] {logging_mixin.py:115} INFO - [2022-09-05 21:21:26,133] {dag.py:2915} INFO - Setting next_dagrun for example_branch_dop_operator_v3 to 2022-09-06T01:20:00+00:00, run_after=2022-09-06T01:21:00+00:00
[2022-09-05 21:21:26,163] {processor.py:161} INFO - Processing /home/osboxes/.local/lib/python3.8/site-packages/airflow/example_dags/example_branch_python_dop_operator_3.py took 0.082 seconds
[2022-09-05 21:22:13,590] {processor.py:153} INFO - Started process (PID=169384) to work on /home/osboxes/.local/lib/python3.8/site-packages/airflow/example_dags/example_branch_python_dop_operator_3.py
[2022-09-05 21:22:13,592] {processor.py:641} INFO - Processing file /home/osboxes/.local/lib/python3.8/site-packages/airflow/example_dags/example_branch_python_dop_operator_3.py for tasks to queue
[2022-09-05 21:22:13,593] {logging_mixin.py:115} INFO - [2022-09-05 21:22:13,593] {dagbag.py:507} INFO - Filling up the DagBag from /home/osboxes/.local/lib/python3.8/site-packages/airflow/example_dags/example_branch_python_dop_operator_3.py
[2022-09-05 21:22:13,601] {processor.py:651} INFO - DAG(s) dict_keys(['example_branch_dop_operator_v3']) retrieved from /home/osboxes/.local/lib/python3.8/site-packages/airflow/example_dags/example_branch_python_dop_operator_3.py
[2022-09-05 21:22:13,643] {logging_mixin.py:115} INFO - [2022-09-05 21:22:13,642] {dag.py:2371} INFO - Sync 1 DAGs
[2022-09-05 21:22:13,664] {logging_mixin.py:115} INFO - [2022-09-05 21:22:13,664] {dag.py:2915} INFO - Setting next_dagrun for example_branch_dop_operator_v3 to 2022-09-06T01:21:00+00:00, run_after=2022-09-06T01:22:00+00:00
[2022-09-05 21:22:13,695] {processor.py:161} INFO - Processing /home/osboxes/.local/lib/python3.8/site-packages/airflow/example_dags/example_branch_python_dop_operator_3.py took 0.108 seconds
[2022-09-05 21:23:03,210] {processor.py:153} INFO - Started process (PID=169780) to work on /home/osboxes/.local/lib/python3.8/site-packages/airflow/example_dags/example_branch_python_dop_operator_3.py
[2022-09-05 21:23:03,212] {processor.py:641} INFO - Processing file /home/osboxes/.local/lib/python3.8/site-packages/airflow/example_dags/example_branch_python_dop_operator_3.py for tasks to queue
[2022-09-05 21:23:03,212] {logging_mixin.py:115} INFO - [2022-09-05 21:23:03,212] {dagbag.py:507} INFO - Filling up the DagBag from /home/osboxes/.local/lib/python3.8/site-packages/airflow/example_dags/example_branch_python_dop_operator_3.py
[2022-09-05 21:23:03,219] {processor.py:651} INFO - DAG(s) dict_keys(['example_branch_dop_operator_v3']) retrieved from /home/osboxes/.local/lib/python3.8/site-packages/airflow/example_dags/example_branch_python_dop_operator_3.py
[2022-09-05 21:23:03,237] {logging_mixin.py:115} INFO - [2022-09-05 21:23:03,237] {dag.py:2371} INFO - Sync 1 DAGs
[2022-09-05 21:23:03,259] {logging_mixin.py:115} INFO - [2022-09-05 21:23:03,259] {dag.py:2915} INFO - Setting next_dagrun for example_branch_dop_operator_v3 to 2022-09-06T01:22:00+00:00, run_after=2022-09-06T01:23:00+00:00
[2022-09-05 21:23:03,295] {processor.py:161} INFO - Processing /home/osboxes/.local/lib/python3.8/site-packages/airflow/example_dags/example_branch_python_dop_operator_3.py took 0.088 seconds
[2022-09-05 21:24:01,057] {processor.py:153} INFO - Started process (PID=170282) to work on /home/osboxes/.local/lib/python3.8/site-packages/airflow/example_dags/example_branch_python_dop_operator_3.py
[2022-09-05 21:24:01,059] {processor.py:641} INFO - Processing file /home/osboxes/.local/lib/python3.8/site-packages/airflow/example_dags/example_branch_python_dop_operator_3.py for tasks to queue
[2022-09-05 21:24:01,059] {logging_mixin.py:115} INFO - [2022-09-05 21:24:01,059] {dagbag.py:507} INFO - Filling up the DagBag from /home/osboxes/.local/lib/python3.8/site-packages/airflow/example_dags/example_branch_python_dop_operator_3.py
[2022-09-05 21:24:01,069] {processor.py:651} INFO - DAG(s) dict_keys(['example_branch_dop_operator_v3']) retrieved from /home/osboxes/.local/lib/python3.8/site-packages/airflow/example_dags/example_branch_python_dop_operator_3.py
[2022-09-05 21:24:01,089] {logging_mixin.py:115} INFO - [2022-09-05 21:24:01,089] {dag.py:2371} INFO - Sync 1 DAGs
[2022-09-05 21:24:01,109] {logging_mixin.py:115} INFO - [2022-09-05 21:24:01,108] {dag.py:2915} INFO - Setting next_dagrun for example_branch_dop_operator_v3 to 2022-09-06T01:23:00+00:00, run_after=2022-09-06T01:24:00+00:00
[2022-09-05 21:24:01,138] {processor.py:161} INFO - Processing /home/osboxes/.local/lib/python3.8/site-packages/airflow/example_dags/example_branch_python_dop_operator_3.py took 0.083 seconds
[2022-09-05 21:24:44,195] {processor.py:153} INFO - Started process (PID=170631) to work on /home/osboxes/.local/lib/python3.8/site-packages/airflow/example_dags/example_branch_python_dop_operator_3.py
[2022-09-05 21:24:44,197] {processor.py:641} INFO - Processing file /home/osboxes/.local/lib/python3.8/site-packages/airflow/example_dags/example_branch_python_dop_operator_3.py for tasks to queue
[2022-09-05 21:24:44,197] {logging_mixin.py:115} INFO - [2022-09-05 21:24:44,197] {dagbag.py:507} INFO - Filling up the DagBag from /home/osboxes/.local/lib/python3.8/site-packages/airflow/example_dags/example_branch_python_dop_operator_3.py
[2022-09-05 21:24:44,205] {processor.py:651} INFO - DAG(s) dict_keys(['example_branch_dop_operator_v3']) retrieved from /home/osboxes/.local/lib/python3.8/site-packages/airflow/example_dags/example_branch_python_dop_operator_3.py
[2022-09-05 21:24:44,230] {logging_mixin.py:115} INFO - [2022-09-05 21:24:44,230] {dag.py:2371} INFO - Sync 1 DAGs
[2022-09-05 21:24:44,251] {logging_mixin.py:115} INFO - [2022-09-05 21:24:44,250] {dag.py:2915} INFO - Setting next_dagrun for example_branch_dop_operator_v3 to 2022-09-06T01:23:00+00:00, run_after=2022-09-06T01:24:00+00:00
[2022-09-05 21:24:44,291] {processor.py:161} INFO - Processing /home/osboxes/.local/lib/python3.8/site-packages/airflow/example_dags/example_branch_python_dop_operator_3.py took 0.098 seconds
[2022-09-05 21:25:40,594] {processor.py:153} INFO - Started process (PID=171068) to work on /home/osboxes/.local/lib/python3.8/site-packages/airflow/example_dags/example_branch_python_dop_operator_3.py
[2022-09-05 21:25:40,596] {processor.py:641} INFO - Processing file /home/osboxes/.local/lib/python3.8/site-packages/airflow/example_dags/example_branch_python_dop_operator_3.py for tasks to queue
[2022-09-05 21:25:40,597] {logging_mixin.py:115} INFO - [2022-09-05 21:25:40,596] {dagbag.py:507} INFO - Filling up the DagBag from /home/osboxes/.local/lib/python3.8/site-packages/airflow/example_dags/example_branch_python_dop_operator_3.py
[2022-09-05 21:25:40,605] {processor.py:651} INFO - DAG(s) dict_keys(['example_branch_dop_operator_v3']) retrieved from /home/osboxes/.local/lib/python3.8/site-packages/airflow/example_dags/example_branch_python_dop_operator_3.py
[2022-09-05 21:25:40,638] {logging_mixin.py:115} INFO - [2022-09-05 21:25:40,637] {dag.py:2371} INFO - Sync 1 DAGs
[2022-09-05 21:25:40,661] {logging_mixin.py:115} INFO - [2022-09-05 21:25:40,661] {dag.py:2915} INFO - Setting next_dagrun for example_branch_dop_operator_v3 to 2022-09-06T01:24:00+00:00, run_after=2022-09-06T01:25:00+00:00
[2022-09-05 21:25:40,691] {processor.py:161} INFO - Processing /home/osboxes/.local/lib/python3.8/site-packages/airflow/example_dags/example_branch_python_dop_operator_3.py took 0.101 seconds
[2022-09-05 21:26:41,796] {processor.py:153} INFO - Started process (PID=171556) to work on /home/osboxes/.local/lib/python3.8/site-packages/airflow/example_dags/example_branch_python_dop_operator_3.py
[2022-09-05 21:26:41,798] {processor.py:641} INFO - Processing file /home/osboxes/.local/lib/python3.8/site-packages/airflow/example_dags/example_branch_python_dop_operator_3.py for tasks to queue
[2022-09-05 21:26:41,799] {logging_mixin.py:115} INFO - [2022-09-05 21:26:41,799] {dagbag.py:507} INFO - Filling up the DagBag from /home/osboxes/.local/lib/python3.8/site-packages/airflow/example_dags/example_branch_python_dop_operator_3.py
[2022-09-05 21:26:41,812] {processor.py:651} INFO - DAG(s) dict_keys(['example_branch_dop_operator_v3']) retrieved from /home/osboxes/.local/lib/python3.8/site-packages/airflow/example_dags/example_branch_python_dop_operator_3.py
[2022-09-05 21:26:41,839] {logging_mixin.py:115} INFO - [2022-09-05 21:26:41,839] {dag.py:2371} INFO - Sync 1 DAGs
[2022-09-05 21:26:41,859] {logging_mixin.py:115} INFO - [2022-09-05 21:26:41,859] {dag.py:2915} INFO - Setting next_dagrun for example_branch_dop_operator_v3 to 2022-09-06T01:25:00+00:00, run_after=2022-09-06T01:26:00+00:00
[2022-09-05 21:26:41,896] {processor.py:161} INFO - Processing /home/osboxes/.local/lib/python3.8/site-packages/airflow/example_dags/example_branch_python_dop_operator_3.py took 0.103 seconds
[2022-09-05 21:27:39,966] {processor.py:153} INFO - Started process (PID=172017) to work on /home/osboxes/.local/lib/python3.8/site-packages/airflow/example_dags/example_branch_python_dop_operator_3.py
[2022-09-05 21:27:39,967] {processor.py:641} INFO - Processing file /home/osboxes/.local/lib/python3.8/site-packages/airflow/example_dags/example_branch_python_dop_operator_3.py for tasks to queue
[2022-09-05 21:27:39,967] {logging_mixin.py:115} INFO - [2022-09-05 21:27:39,967] {dagbag.py:507} INFO - Filling up the DagBag from /home/osboxes/.local/lib/python3.8/site-packages/airflow/example_dags/example_branch_python_dop_operator_3.py
[2022-09-05 21:27:39,974] {processor.py:651} INFO - DAG(s) dict_keys(['example_branch_dop_operator_v3']) retrieved from /home/osboxes/.local/lib/python3.8/site-packages/airflow/example_dags/example_branch_python_dop_operator_3.py
[2022-09-05 21:27:39,993] {logging_mixin.py:115} INFO - [2022-09-05 21:27:39,993] {dag.py:2371} INFO - Sync 1 DAGs
[2022-09-05 21:27:40,013] {logging_mixin.py:115} INFO - [2022-09-05 21:27:40,013] {dag.py:2915} INFO - Setting next_dagrun for example_branch_dop_operator_v3 to 2022-09-06T01:26:00+00:00, run_after=2022-09-06T01:27:00+00:00
[2022-09-05 21:27:40,053] {processor.py:161} INFO - Processing /home/osboxes/.local/lib/python3.8/site-packages/airflow/example_dags/example_branch_python_dop_operator_3.py took 0.091 seconds
[2022-09-05 21:28:25,246] {processor.py:153} INFO - Started process (PID=172440) to work on /home/osboxes/.local/lib/python3.8/site-packages/airflow/example_dags/example_branch_python_dop_operator_3.py
[2022-09-05 21:28:25,248] {processor.py:641} INFO - Processing file /home/osboxes/.local/lib/python3.8/site-packages/airflow/example_dags/example_branch_python_dop_operator_3.py for tasks to queue
[2022-09-05 21:28:25,249] {logging_mixin.py:115} INFO - [2022-09-05 21:28:25,249] {dagbag.py:507} INFO - Filling up the DagBag from /home/osboxes/.local/lib/python3.8/site-packages/airflow/example_dags/example_branch_python_dop_operator_3.py
[2022-09-05 21:28:25,256] {processor.py:651} INFO - DAG(s) dict_keys(['example_branch_dop_operator_v3']) retrieved from /home/osboxes/.local/lib/python3.8/site-packages/airflow/example_dags/example_branch_python_dop_operator_3.py
[2022-09-05 21:28:25,279] {logging_mixin.py:115} INFO - [2022-09-05 21:28:25,278] {dag.py:2371} INFO - Sync 1 DAGs
[2022-09-05 21:28:25,297] {logging_mixin.py:115} INFO - [2022-09-05 21:28:25,297] {dag.py:2915} INFO - Setting next_dagrun for example_branch_dop_operator_v3 to 2022-09-06T01:27:00+00:00, run_after=2022-09-06T01:28:00+00:00
[2022-09-05 21:28:25,329] {processor.py:161} INFO - Processing /home/osboxes/.local/lib/python3.8/site-packages/airflow/example_dags/example_branch_python_dop_operator_3.py took 0.085 seconds
[2022-09-05 21:29:10,746] {processor.py:153} INFO - Started process (PID=172766) to work on /home/osboxes/.local/lib/python3.8/site-packages/airflow/example_dags/example_branch_python_dop_operator_3.py
[2022-09-05 21:29:10,748] {processor.py:641} INFO - Processing file /home/osboxes/.local/lib/python3.8/site-packages/airflow/example_dags/example_branch_python_dop_operator_3.py for tasks to queue
[2022-09-05 21:29:10,749] {logging_mixin.py:115} INFO - [2022-09-05 21:29:10,749] {dagbag.py:507} INFO - Filling up the DagBag from /home/osboxes/.local/lib/python3.8/site-packages/airflow/example_dags/example_branch_python_dop_operator_3.py
[2022-09-05 21:29:10,757] {processor.py:651} INFO - DAG(s) dict_keys(['example_branch_dop_operator_v3']) retrieved from /home/osboxes/.local/lib/python3.8/site-packages/airflow/example_dags/example_branch_python_dop_operator_3.py
[2022-09-05 21:29:10,777] {logging_mixin.py:115} INFO - [2022-09-05 21:29:10,777] {dag.py:2371} INFO - Sync 1 DAGs
[2022-09-05 21:29:10,798] {logging_mixin.py:115} INFO - [2022-09-05 21:29:10,798] {dag.py:2915} INFO - Setting next_dagrun for example_branch_dop_operator_v3 to 2022-09-06T01:28:00+00:00, run_after=2022-09-06T01:29:00+00:00
[2022-09-05 21:29:10,830] {processor.py:161} INFO - Processing /home/osboxes/.local/lib/python3.8/site-packages/airflow/example_dags/example_branch_python_dop_operator_3.py took 0.087 seconds
[2022-09-05 21:30:04,658] {processor.py:153} INFO - Started process (PID=173212) to work on /home/osboxes/.local/lib/python3.8/site-packages/airflow/example_dags/example_branch_python_dop_operator_3.py
[2022-09-05 21:30:04,660] {processor.py:641} INFO - Processing file /home/osboxes/.local/lib/python3.8/site-packages/airflow/example_dags/example_branch_python_dop_operator_3.py for tasks to queue
[2022-09-05 21:30:04,661] {logging_mixin.py:115} INFO - [2022-09-05 21:30:04,661] {dagbag.py:507} INFO - Filling up the DagBag from /home/osboxes/.local/lib/python3.8/site-packages/airflow/example_dags/example_branch_python_dop_operator_3.py
[2022-09-05 21:30:04,672] {processor.py:651} INFO - DAG(s) dict_keys(['example_branch_dop_operator_v3']) retrieved from /home/osboxes/.local/lib/python3.8/site-packages/airflow/example_dags/example_branch_python_dop_operator_3.py
[2022-09-05 21:30:04,697] {logging_mixin.py:115} INFO - [2022-09-05 21:30:04,697] {dag.py:2371} INFO - Sync 1 DAGs
[2022-09-05 21:30:04,723] {logging_mixin.py:115} INFO - [2022-09-05 21:30:04,723] {dag.py:2915} INFO - Setting next_dagrun for example_branch_dop_operator_v3 to 2022-09-06T01:29:00+00:00, run_after=2022-09-06T01:30:00+00:00
[2022-09-05 21:30:04,785] {processor.py:161} INFO - Processing /home/osboxes/.local/lib/python3.8/site-packages/airflow/example_dags/example_branch_python_dop_operator_3.py took 0.131 seconds
[2022-09-05 21:30:49,330] {processor.py:153} INFO - Started process (PID=173540) to work on /home/osboxes/.local/lib/python3.8/site-packages/airflow/example_dags/example_branch_python_dop_operator_3.py
[2022-09-05 21:30:49,332] {processor.py:641} INFO - Processing file /home/osboxes/.local/lib/python3.8/site-packages/airflow/example_dags/example_branch_python_dop_operator_3.py for tasks to queue
[2022-09-05 21:30:49,333] {logging_mixin.py:115} INFO - [2022-09-05 21:30:49,333] {dagbag.py:507} INFO - Filling up the DagBag from /home/osboxes/.local/lib/python3.8/site-packages/airflow/example_dags/example_branch_python_dop_operator_3.py
[2022-09-05 21:30:49,344] {processor.py:651} INFO - DAG(s) dict_keys(['example_branch_dop_operator_v3']) retrieved from /home/osboxes/.local/lib/python3.8/site-packages/airflow/example_dags/example_branch_python_dop_operator_3.py
[2022-09-05 21:30:49,366] {logging_mixin.py:115} INFO - [2022-09-05 21:30:49,366] {dag.py:2371} INFO - Sync 1 DAGs
[2022-09-05 21:30:49,389] {logging_mixin.py:115} INFO - [2022-09-05 21:30:49,389] {dag.py:2915} INFO - Setting next_dagrun for example_branch_dop_operator_v3 to 2022-09-06T01:29:00+00:00, run_after=2022-09-06T01:30:00+00:00
[2022-09-05 21:30:49,422] {processor.py:161} INFO - Processing /home/osboxes/.local/lib/python3.8/site-packages/airflow/example_dags/example_branch_python_dop_operator_3.py took 0.095 seconds
[2022-09-05 21:31:42,668] {processor.py:153} INFO - Started process (PID=173960) to work on /home/osboxes/.local/lib/python3.8/site-packages/airflow/example_dags/example_branch_python_dop_operator_3.py
[2022-09-05 21:31:42,670] {processor.py:641} INFO - Processing file /home/osboxes/.local/lib/python3.8/site-packages/airflow/example_dags/example_branch_python_dop_operator_3.py for tasks to queue
[2022-09-05 21:31:42,670] {logging_mixin.py:115} INFO - [2022-09-05 21:31:42,670] {dagbag.py:507} INFO - Filling up the DagBag from /home/osboxes/.local/lib/python3.8/site-packages/airflow/example_dags/example_branch_python_dop_operator_3.py
[2022-09-05 21:31:42,679] {processor.py:651} INFO - DAG(s) dict_keys(['example_branch_dop_operator_v3']) retrieved from /home/osboxes/.local/lib/python3.8/site-packages/airflow/example_dags/example_branch_python_dop_operator_3.py
[2022-09-05 21:31:42,697] {logging_mixin.py:115} INFO - [2022-09-05 21:31:42,697] {dag.py:2371} INFO - Sync 1 DAGs
[2022-09-05 21:31:42,717] {logging_mixin.py:115} INFO - [2022-09-05 21:31:42,717] {dag.py:2915} INFO - Setting next_dagrun for example_branch_dop_operator_v3 to 2022-09-06T01:30:00+00:00, run_after=2022-09-06T01:31:00+00:00
[2022-09-05 21:31:42,759] {processor.py:161} INFO - Processing /home/osboxes/.local/lib/python3.8/site-packages/airflow/example_dags/example_branch_python_dop_operator_3.py took 0.094 seconds
[2022-09-05 21:32:40,580] {processor.py:153} INFO - Started process (PID=174414) to work on /home/osboxes/.local/lib/python3.8/site-packages/airflow/example_dags/example_branch_python_dop_operator_3.py
[2022-09-05 21:32:40,582] {processor.py:641} INFO - Processing file /home/osboxes/.local/lib/python3.8/site-packages/airflow/example_dags/example_branch_python_dop_operator_3.py for tasks to queue
[2022-09-05 21:32:40,583] {logging_mixin.py:115} INFO - [2022-09-05 21:32:40,583] {dagbag.py:507} INFO - Filling up the DagBag from /home/osboxes/.local/lib/python3.8/site-packages/airflow/example_dags/example_branch_python_dop_operator_3.py
[2022-09-05 21:32:40,604] {processor.py:651} INFO - DAG(s) dict_keys(['example_branch_dop_operator_v3']) retrieved from /home/osboxes/.local/lib/python3.8/site-packages/airflow/example_dags/example_branch_python_dop_operator_3.py
[2022-09-05 21:32:40,645] {logging_mixin.py:115} INFO - [2022-09-05 21:32:40,645] {dag.py:2371} INFO - Sync 1 DAGs
[2022-09-05 21:32:40,692] {logging_mixin.py:115} INFO - [2022-09-05 21:32:40,692] {dag.py:2915} INFO - Setting next_dagrun for example_branch_dop_operator_v3 to 2022-09-06T01:31:00+00:00, run_after=2022-09-06T01:32:00+00:00
[2022-09-05 21:32:40,834] {processor.py:161} INFO - Processing /home/osboxes/.local/lib/python3.8/site-packages/airflow/example_dags/example_branch_python_dop_operator_3.py took 0.253 seconds
[2022-09-05 21:33:38,283] {processor.py:153} INFO - Started process (PID=174936) to work on /home/osboxes/.local/lib/python3.8/site-packages/airflow/example_dags/example_branch_python_dop_operator_3.py
[2022-09-05 21:33:38,284] {processor.py:641} INFO - Processing file /home/osboxes/.local/lib/python3.8/site-packages/airflow/example_dags/example_branch_python_dop_operator_3.py for tasks to queue
[2022-09-05 21:33:38,285] {logging_mixin.py:115} INFO - [2022-09-05 21:33:38,285] {dagbag.py:507} INFO - Filling up the DagBag from /home/osboxes/.local/lib/python3.8/site-packages/airflow/example_dags/example_branch_python_dop_operator_3.py
[2022-09-05 21:33:38,293] {processor.py:651} INFO - DAG(s) dict_keys(['example_branch_dop_operator_v3']) retrieved from /home/osboxes/.local/lib/python3.8/site-packages/airflow/example_dags/example_branch_python_dop_operator_3.py
[2022-09-05 21:33:38,313] {logging_mixin.py:115} INFO - [2022-09-05 21:33:38,313] {dag.py:2371} INFO - Sync 1 DAGs
[2022-09-05 21:33:38,347] {logging_mixin.py:115} INFO - [2022-09-05 21:33:38,347] {dag.py:2915} INFO - Setting next_dagrun for example_branch_dop_operator_v3 to 2022-09-06T01:32:00+00:00, run_after=2022-09-06T01:33:00+00:00
[2022-09-05 21:33:38,377] {processor.py:161} INFO - Processing /home/osboxes/.local/lib/python3.8/site-packages/airflow/example_dags/example_branch_python_dop_operator_3.py took 0.097 seconds
[2022-09-05 21:34:33,382] {processor.py:153} INFO - Started process (PID=175371) to work on /home/osboxes/.local/lib/python3.8/site-packages/airflow/example_dags/example_branch_python_dop_operator_3.py
[2022-09-05 21:34:33,383] {processor.py:641} INFO - Processing file /home/osboxes/.local/lib/python3.8/site-packages/airflow/example_dags/example_branch_python_dop_operator_3.py for tasks to queue
[2022-09-05 21:34:33,384] {logging_mixin.py:115} INFO - [2022-09-05 21:34:33,384] {dagbag.py:507} INFO - Filling up the DagBag from /home/osboxes/.local/lib/python3.8/site-packages/airflow/example_dags/example_branch_python_dop_operator_3.py
[2022-09-05 21:34:33,392] {processor.py:651} INFO - DAG(s) dict_keys(['example_branch_dop_operator_v3']) retrieved from /home/osboxes/.local/lib/python3.8/site-packages/airflow/example_dags/example_branch_python_dop_operator_3.py
[2022-09-05 21:34:33,412] {logging_mixin.py:115} INFO - [2022-09-05 21:34:33,411] {dag.py:2371} INFO - Sync 1 DAGs
[2022-09-05 21:34:33,437] {logging_mixin.py:115} INFO - [2022-09-05 21:34:33,437] {dag.py:2915} INFO - Setting next_dagrun for example_branch_dop_operator_v3 to 2022-09-06T01:33:00+00:00, run_after=2022-09-06T01:34:00+00:00
[2022-09-05 21:34:33,477] {processor.py:161} INFO - Processing /home/osboxes/.local/lib/python3.8/site-packages/airflow/example_dags/example_branch_python_dop_operator_3.py took 0.099 seconds
[2022-09-05 21:35:16,592] {processor.py:153} INFO - Started process (PID=175715) to work on /home/osboxes/.local/lib/python3.8/site-packages/airflow/example_dags/example_branch_python_dop_operator_3.py
[2022-09-05 21:35:16,599] {processor.py:641} INFO - Processing file /home/osboxes/.local/lib/python3.8/site-packages/airflow/example_dags/example_branch_python_dop_operator_3.py for tasks to queue
[2022-09-05 21:35:16,600] {logging_mixin.py:115} INFO - [2022-09-05 21:35:16,600] {dagbag.py:507} INFO - Filling up the DagBag from /home/osboxes/.local/lib/python3.8/site-packages/airflow/example_dags/example_branch_python_dop_operator_3.py
[2022-09-05 21:35:16,607] {processor.py:651} INFO - DAG(s) dict_keys(['example_branch_dop_operator_v3']) retrieved from /home/osboxes/.local/lib/python3.8/site-packages/airflow/example_dags/example_branch_python_dop_operator_3.py
[2022-09-05 21:35:16,627] {logging_mixin.py:115} INFO - [2022-09-05 21:35:16,627] {dag.py:2371} INFO - Sync 1 DAGs
[2022-09-05 21:35:16,649] {logging_mixin.py:115} INFO - [2022-09-05 21:35:16,649] {dag.py:2915} INFO - Setting next_dagrun for example_branch_dop_operator_v3 to 2022-09-06T01:34:00+00:00, run_after=2022-09-06T01:35:00+00:00
[2022-09-05 21:35:16,682] {processor.py:161} INFO - Processing /home/osboxes/.local/lib/python3.8/site-packages/airflow/example_dags/example_branch_python_dop_operator_3.py took 0.098 seconds
[2022-09-05 21:36:17,196] {processor.py:153} INFO - Started process (PID=176186) to work on /home/osboxes/.local/lib/python3.8/site-packages/airflow/example_dags/example_branch_python_dop_operator_3.py
[2022-09-05 21:36:17,198] {processor.py:641} INFO - Processing file /home/osboxes/.local/lib/python3.8/site-packages/airflow/example_dags/example_branch_python_dop_operator_3.py for tasks to queue
[2022-09-05 21:36:17,198] {logging_mixin.py:115} INFO - [2022-09-05 21:36:17,198] {dagbag.py:507} INFO - Filling up the DagBag from /home/osboxes/.local/lib/python3.8/site-packages/airflow/example_dags/example_branch_python_dop_operator_3.py
[2022-09-05 21:36:17,207] {processor.py:651} INFO - DAG(s) dict_keys(['example_branch_dop_operator_v3']) retrieved from /home/osboxes/.local/lib/python3.8/site-packages/airflow/example_dags/example_branch_python_dop_operator_3.py
[2022-09-05 21:36:17,232] {logging_mixin.py:115} INFO - [2022-09-05 21:36:17,232] {dag.py:2371} INFO - Sync 1 DAGs
[2022-09-05 21:36:17,259] {logging_mixin.py:115} INFO - [2022-09-05 21:36:17,258] {dag.py:2915} INFO - Setting next_dagrun for example_branch_dop_operator_v3 to 2022-09-06T01:35:00+00:00, run_after=2022-09-06T01:36:00+00:00
[2022-09-05 21:36:17,293] {processor.py:161} INFO - Processing /home/osboxes/.local/lib/python3.8/site-packages/airflow/example_dags/example_branch_python_dop_operator_3.py took 0.101 seconds
[2022-09-05 21:37:01,901] {processor.py:153} INFO - Started process (PID=176535) to work on /home/osboxes/.local/lib/python3.8/site-packages/airflow/example_dags/example_branch_python_dop_operator_3.py
[2022-09-05 21:37:01,905] {processor.py:641} INFO - Processing file /home/osboxes/.local/lib/python3.8/site-packages/airflow/example_dags/example_branch_python_dop_operator_3.py for tasks to queue
[2022-09-05 21:37:01,906] {logging_mixin.py:115} INFO - [2022-09-05 21:37:01,906] {dagbag.py:507} INFO - Filling up the DagBag from /home/osboxes/.local/lib/python3.8/site-packages/airflow/example_dags/example_branch_python_dop_operator_3.py
[2022-09-05 21:37:01,915] {processor.py:651} INFO - DAG(s) dict_keys(['example_branch_dop_operator_v3']) retrieved from /home/osboxes/.local/lib/python3.8/site-packages/airflow/example_dags/example_branch_python_dop_operator_3.py
[2022-09-05 21:37:01,945] {logging_mixin.py:115} INFO - [2022-09-05 21:37:01,945] {dag.py:2371} INFO - Sync 1 DAGs
[2022-09-05 21:37:01,967] {logging_mixin.py:115} INFO - [2022-09-05 21:37:01,967] {dag.py:2915} INFO - Setting next_dagrun for example_branch_dop_operator_v3 to 2022-09-06T01:36:00+00:00, run_after=2022-09-06T01:37:00+00:00
[2022-09-05 21:37:02,009] {processor.py:161} INFO - Processing /home/osboxes/.local/lib/python3.8/site-packages/airflow/example_dags/example_branch_python_dop_operator_3.py took 0.111 seconds
[2022-09-05 21:37:48,454] {processor.py:153} INFO - Started process (PID=176911) to work on /home/osboxes/.local/lib/python3.8/site-packages/airflow/example_dags/example_branch_python_dop_operator_3.py
[2022-09-05 21:37:48,456] {processor.py:641} INFO - Processing file /home/osboxes/.local/lib/python3.8/site-packages/airflow/example_dags/example_branch_python_dop_operator_3.py for tasks to queue
[2022-09-05 21:37:48,456] {logging_mixin.py:115} INFO - [2022-09-05 21:37:48,456] {dagbag.py:507} INFO - Filling up the DagBag from /home/osboxes/.local/lib/python3.8/site-packages/airflow/example_dags/example_branch_python_dop_operator_3.py
[2022-09-05 21:37:48,466] {processor.py:651} INFO - DAG(s) dict_keys(['example_branch_dop_operator_v3']) retrieved from /home/osboxes/.local/lib/python3.8/site-packages/airflow/example_dags/example_branch_python_dop_operator_3.py
[2022-09-05 21:37:48,500] {logging_mixin.py:115} INFO - [2022-09-05 21:37:48,500] {dag.py:2371} INFO - Sync 1 DAGs
[2022-09-05 21:37:48,530] {logging_mixin.py:115} INFO - [2022-09-05 21:37:48,530] {dag.py:2915} INFO - Setting next_dagrun for example_branch_dop_operator_v3 to 2022-09-06T01:36:00+00:00, run_after=2022-09-06T01:37:00+00:00
[2022-09-05 21:37:48,560] {processor.py:161} INFO - Processing /home/osboxes/.local/lib/python3.8/site-packages/airflow/example_dags/example_branch_python_dop_operator_3.py took 0.108 seconds
[2022-09-05 21:38:46,028] {processor.py:153} INFO - Started process (PID=177413) to work on /home/osboxes/.local/lib/python3.8/site-packages/airflow/example_dags/example_branch_python_dop_operator_3.py
[2022-09-05 21:38:46,030] {processor.py:641} INFO - Processing file /home/osboxes/.local/lib/python3.8/site-packages/airflow/example_dags/example_branch_python_dop_operator_3.py for tasks to queue
[2022-09-05 21:38:46,030] {logging_mixin.py:115} INFO - [2022-09-05 21:38:46,030] {dagbag.py:507} INFO - Filling up the DagBag from /home/osboxes/.local/lib/python3.8/site-packages/airflow/example_dags/example_branch_python_dop_operator_3.py
[2022-09-05 21:38:46,039] {processor.py:651} INFO - DAG(s) dict_keys(['example_branch_dop_operator_v3']) retrieved from /home/osboxes/.local/lib/python3.8/site-packages/airflow/example_dags/example_branch_python_dop_operator_3.py
[2022-09-05 21:38:46,060] {logging_mixin.py:115} INFO - [2022-09-05 21:38:46,060] {dag.py:2371} INFO - Sync 1 DAGs
[2022-09-05 21:38:46,082] {logging_mixin.py:115} INFO - [2022-09-05 21:38:46,081] {dag.py:2915} INFO - Setting next_dagrun for example_branch_dop_operator_v3 to 2022-09-06T01:37:00+00:00, run_after=2022-09-06T01:38:00+00:00
[2022-09-05 21:38:46,146] {processor.py:161} INFO - Processing /home/osboxes/.local/lib/python3.8/site-packages/airflow/example_dags/example_branch_python_dop_operator_3.py took 0.122 seconds
[2022-09-05 21:39:40,853] {processor.py:153} INFO - Started process (PID=177823) to work on /home/osboxes/.local/lib/python3.8/site-packages/airflow/example_dags/example_branch_python_dop_operator_3.py
[2022-09-05 21:39:40,854] {processor.py:641} INFO - Processing file /home/osboxes/.local/lib/python3.8/site-packages/airflow/example_dags/example_branch_python_dop_operator_3.py for tasks to queue
[2022-09-05 21:39:40,855] {logging_mixin.py:115} INFO - [2022-09-05 21:39:40,855] {dagbag.py:507} INFO - Filling up the DagBag from /home/osboxes/.local/lib/python3.8/site-packages/airflow/example_dags/example_branch_python_dop_operator_3.py
[2022-09-05 21:39:40,862] {processor.py:651} INFO - DAG(s) dict_keys(['example_branch_dop_operator_v3']) retrieved from /home/osboxes/.local/lib/python3.8/site-packages/airflow/example_dags/example_branch_python_dop_operator_3.py
[2022-09-05 21:39:40,883] {logging_mixin.py:115} INFO - [2022-09-05 21:39:40,883] {dag.py:2371} INFO - Sync 1 DAGs
[2022-09-05 21:39:40,902] {logging_mixin.py:115} INFO - [2022-09-05 21:39:40,902] {dag.py:2915} INFO - Setting next_dagrun for example_branch_dop_operator_v3 to 2022-09-06T01:38:00+00:00, run_after=2022-09-06T01:39:00+00:00
[2022-09-05 21:39:40,931] {processor.py:161} INFO - Processing /home/osboxes/.local/lib/python3.8/site-packages/airflow/example_dags/example_branch_python_dop_operator_3.py took 0.080 seconds
[2022-09-05 21:40:31,969] {processor.py:153} INFO - Started process (PID=178236) to work on /home/osboxes/.local/lib/python3.8/site-packages/airflow/example_dags/example_branch_python_dop_operator_3.py
[2022-09-05 21:40:31,971] {processor.py:641} INFO - Processing file /home/osboxes/.local/lib/python3.8/site-packages/airflow/example_dags/example_branch_python_dop_operator_3.py for tasks to queue
[2022-09-05 21:40:31,971] {logging_mixin.py:115} INFO - [2022-09-05 21:40:31,971] {dagbag.py:507} INFO - Filling up the DagBag from /home/osboxes/.local/lib/python3.8/site-packages/airflow/example_dags/example_branch_python_dop_operator_3.py
[2022-09-05 21:40:31,979] {processor.py:651} INFO - DAG(s) dict_keys(['example_branch_dop_operator_v3']) retrieved from /home/osboxes/.local/lib/python3.8/site-packages/airflow/example_dags/example_branch_python_dop_operator_3.py
[2022-09-05 21:40:31,998] {logging_mixin.py:115} INFO - [2022-09-05 21:40:31,998] {dag.py:2371} INFO - Sync 1 DAGs
[2022-09-05 21:40:32,020] {logging_mixin.py:115} INFO - [2022-09-05 21:40:32,020] {dag.py:2915} INFO - Setting next_dagrun for example_branch_dop_operator_v3 to 2022-09-06T01:39:00+00:00, run_after=2022-09-06T01:40:00+00:00
[2022-09-05 21:40:32,052] {processor.py:161} INFO - Processing /home/osboxes/.local/lib/python3.8/site-packages/airflow/example_dags/example_branch_python_dop_operator_3.py took 0.085 seconds
[2022-09-05 21:41:28,333] {processor.py:153} INFO - Started process (PID=178639) to work on /home/osboxes/.local/lib/python3.8/site-packages/airflow/example_dags/example_branch_python_dop_operator_3.py
[2022-09-05 21:41:28,335] {processor.py:641} INFO - Processing file /home/osboxes/.local/lib/python3.8/site-packages/airflow/example_dags/example_branch_python_dop_operator_3.py for tasks to queue
[2022-09-05 21:41:28,336] {logging_mixin.py:115} INFO - [2022-09-05 21:41:28,335] {dagbag.py:507} INFO - Filling up the DagBag from /home/osboxes/.local/lib/python3.8/site-packages/airflow/example_dags/example_branch_python_dop_operator_3.py
[2022-09-05 21:41:28,343] {processor.py:651} INFO - DAG(s) dict_keys(['example_branch_dop_operator_v3']) retrieved from /home/osboxes/.local/lib/python3.8/site-packages/airflow/example_dags/example_branch_python_dop_operator_3.py
[2022-09-05 21:41:28,366] {logging_mixin.py:115} INFO - [2022-09-05 21:41:28,366] {dag.py:2371} INFO - Sync 1 DAGs
[2022-09-05 21:41:28,386] {logging_mixin.py:115} INFO - [2022-09-05 21:41:28,386] {dag.py:2915} INFO - Setting next_dagrun for example_branch_dop_operator_v3 to 2022-09-06T01:40:00+00:00, run_after=2022-09-06T01:41:00+00:00
[2022-09-05 21:41:28,436] {processor.py:161} INFO - Processing /home/osboxes/.local/lib/python3.8/site-packages/airflow/example_dags/example_branch_python_dop_operator_3.py took 0.106 seconds
[2022-09-05 21:42:25,975] {processor.py:153} INFO - Started process (PID=179113) to work on /home/osboxes/.local/lib/python3.8/site-packages/airflow/example_dags/example_branch_python_dop_operator_3.py
[2022-09-05 21:42:25,977] {processor.py:641} INFO - Processing file /home/osboxes/.local/lib/python3.8/site-packages/airflow/example_dags/example_branch_python_dop_operator_3.py for tasks to queue
[2022-09-05 21:42:25,978] {logging_mixin.py:115} INFO - [2022-09-05 21:42:25,977] {dagbag.py:507} INFO - Filling up the DagBag from /home/osboxes/.local/lib/python3.8/site-packages/airflow/example_dags/example_branch_python_dop_operator_3.py
[2022-09-05 21:42:25,989] {processor.py:651} INFO - DAG(s) dict_keys(['example_branch_dop_operator_v3']) retrieved from /home/osboxes/.local/lib/python3.8/site-packages/airflow/example_dags/example_branch_python_dop_operator_3.py
[2022-09-05 21:42:26,008] {logging_mixin.py:115} INFO - [2022-09-05 21:42:26,008] {dag.py:2371} INFO - Sync 1 DAGs
[2022-09-05 21:42:26,027] {logging_mixin.py:115} INFO - [2022-09-05 21:42:26,026] {dag.py:2915} INFO - Setting next_dagrun for example_branch_dop_operator_v3 to 2022-09-06T01:41:00+00:00, run_after=2022-09-06T01:42:00+00:00
[2022-09-05 21:42:26,091] {processor.py:161} INFO - Processing /home/osboxes/.local/lib/python3.8/site-packages/airflow/example_dags/example_branch_python_dop_operator_3.py took 0.118 seconds
[2022-09-05 21:43:19,007] {processor.py:153} INFO - Started process (PID=179549) to work on /home/osboxes/.local/lib/python3.8/site-packages/airflow/example_dags/example_branch_python_dop_operator_3.py
[2022-09-05 21:43:19,008] {processor.py:641} INFO - Processing file /home/osboxes/.local/lib/python3.8/site-packages/airflow/example_dags/example_branch_python_dop_operator_3.py for tasks to queue
[2022-09-05 21:43:19,008] {logging_mixin.py:115} INFO - [2022-09-05 21:43:19,008] {dagbag.py:507} INFO - Filling up the DagBag from /home/osboxes/.local/lib/python3.8/site-packages/airflow/example_dags/example_branch_python_dop_operator_3.py
[2022-09-05 21:43:19,018] {processor.py:651} INFO - DAG(s) dict_keys(['example_branch_dop_operator_v3']) retrieved from /home/osboxes/.local/lib/python3.8/site-packages/airflow/example_dags/example_branch_python_dop_operator_3.py
[2022-09-05 21:43:19,050] {logging_mixin.py:115} INFO - [2022-09-05 21:43:19,050] {dag.py:2371} INFO - Sync 1 DAGs
[2022-09-05 21:43:19,066] {logging_mixin.py:115} INFO - [2022-09-05 21:43:19,066] {dag.py:2915} INFO - Setting next_dagrun for example_branch_dop_operator_v3 to 2022-09-06T01:42:00+00:00, run_after=2022-09-06T01:43:00+00:00
[2022-09-05 21:43:19,099] {processor.py:161} INFO - Processing /home/osboxes/.local/lib/python3.8/site-packages/airflow/example_dags/example_branch_python_dop_operator_3.py took 0.094 seconds
[2022-09-05 21:44:04,589] {processor.py:153} INFO - Started process (PID=179940) to work on /home/osboxes/.local/lib/python3.8/site-packages/airflow/example_dags/example_branch_python_dop_operator_3.py
[2022-09-05 21:44:04,590] {processor.py:641} INFO - Processing file /home/osboxes/.local/lib/python3.8/site-packages/airflow/example_dags/example_branch_python_dop_operator_3.py for tasks to queue
[2022-09-05 21:44:04,590] {logging_mixin.py:115} INFO - [2022-09-05 21:44:04,590] {dagbag.py:507} INFO - Filling up the DagBag from /home/osboxes/.local/lib/python3.8/site-packages/airflow/example_dags/example_branch_python_dop_operator_3.py
[2022-09-05 21:44:04,600] {processor.py:651} INFO - DAG(s) dict_keys(['example_branch_dop_operator_v3']) retrieved from /home/osboxes/.local/lib/python3.8/site-packages/airflow/example_dags/example_branch_python_dop_operator_3.py
[2022-09-05 21:44:04,621] {logging_mixin.py:115} INFO - [2022-09-05 21:44:04,621] {dag.py:2371} INFO - Sync 1 DAGs
[2022-09-05 21:44:04,641] {logging_mixin.py:115} INFO - [2022-09-05 21:44:04,641] {dag.py:2915} INFO - Setting next_dagrun for example_branch_dop_operator_v3 to 2022-09-06T01:43:00+00:00, run_after=2022-09-06T01:44:00+00:00
[2022-09-05 21:44:04,668] {processor.py:161} INFO - Processing /home/osboxes/.local/lib/python3.8/site-packages/airflow/example_dags/example_branch_python_dop_operator_3.py took 0.081 seconds
[2022-09-05 21:44:55,931] {processor.py:153} INFO - Started process (PID=180345) to work on /home/osboxes/.local/lib/python3.8/site-packages/airflow/example_dags/example_branch_python_dop_operator_3.py
[2022-09-05 21:44:55,932] {processor.py:641} INFO - Processing file /home/osboxes/.local/lib/python3.8/site-packages/airflow/example_dags/example_branch_python_dop_operator_3.py for tasks to queue
[2022-09-05 21:44:55,933] {logging_mixin.py:115} INFO - [2022-09-05 21:44:55,933] {dagbag.py:507} INFO - Filling up the DagBag from /home/osboxes/.local/lib/python3.8/site-packages/airflow/example_dags/example_branch_python_dop_operator_3.py
[2022-09-05 21:44:55,945] {processor.py:651} INFO - DAG(s) dict_keys(['example_branch_dop_operator_v3']) retrieved from /home/osboxes/.local/lib/python3.8/site-packages/airflow/example_dags/example_branch_python_dop_operator_3.py
[2022-09-05 21:44:55,975] {logging_mixin.py:115} INFO - [2022-09-05 21:44:55,975] {dag.py:2371} INFO - Sync 1 DAGs
[2022-09-05 21:44:56,013] {logging_mixin.py:115} INFO - [2022-09-05 21:44:56,013] {dag.py:2915} INFO - Setting next_dagrun for example_branch_dop_operator_v3 to 2022-09-06T01:43:00+00:00, run_after=2022-09-06T01:44:00+00:00
[2022-09-05 21:44:56,065] {processor.py:161} INFO - Processing /home/osboxes/.local/lib/python3.8/site-packages/airflow/example_dags/example_branch_python_dop_operator_3.py took 0.137 seconds
[2022-09-05 21:45:52,310] {processor.py:153} INFO - Started process (PID=180776) to work on /home/osboxes/.local/lib/python3.8/site-packages/airflow/example_dags/example_branch_python_dop_operator_3.py
[2022-09-05 21:45:52,312] {processor.py:641} INFO - Processing file /home/osboxes/.local/lib/python3.8/site-packages/airflow/example_dags/example_branch_python_dop_operator_3.py for tasks to queue
[2022-09-05 21:45:52,313] {logging_mixin.py:115} INFO - [2022-09-05 21:45:52,313] {dagbag.py:507} INFO - Filling up the DagBag from /home/osboxes/.local/lib/python3.8/site-packages/airflow/example_dags/example_branch_python_dop_operator_3.py
[2022-09-05 21:45:52,326] {processor.py:651} INFO - DAG(s) dict_keys(['example_branch_dop_operator_v3']) retrieved from /home/osboxes/.local/lib/python3.8/site-packages/airflow/example_dags/example_branch_python_dop_operator_3.py
[2022-09-05 21:45:52,346] {logging_mixin.py:115} INFO - [2022-09-05 21:45:52,346] {dag.py:2371} INFO - Sync 1 DAGs
[2022-09-05 21:45:52,363] {logging_mixin.py:115} INFO - [2022-09-05 21:45:52,363] {dag.py:2915} INFO - Setting next_dagrun for example_branch_dop_operator_v3 to 2022-09-06T01:44:00+00:00, run_after=2022-09-06T01:45:00+00:00
[2022-09-05 21:45:52,417] {processor.py:161} INFO - Processing /home/osboxes/.local/lib/python3.8/site-packages/airflow/example_dags/example_branch_python_dop_operator_3.py took 0.112 seconds
[2022-09-05 21:46:45,525] {processor.py:153} INFO - Started process (PID=181208) to work on /home/osboxes/.local/lib/python3.8/site-packages/airflow/example_dags/example_branch_python_dop_operator_3.py
[2022-09-05 21:46:45,544] {processor.py:641} INFO - Processing file /home/osboxes/.local/lib/python3.8/site-packages/airflow/example_dags/example_branch_python_dop_operator_3.py for tasks to queue
[2022-09-05 21:46:45,545] {logging_mixin.py:115} INFO - [2022-09-05 21:46:45,545] {dagbag.py:507} INFO - Filling up the DagBag from /home/osboxes/.local/lib/python3.8/site-packages/airflow/example_dags/example_branch_python_dop_operator_3.py
[2022-09-05 21:46:45,554] {processor.py:651} INFO - DAG(s) dict_keys(['example_branch_dop_operator_v3']) retrieved from /home/osboxes/.local/lib/python3.8/site-packages/airflow/example_dags/example_branch_python_dop_operator_3.py
[2022-09-05 21:46:45,572] {logging_mixin.py:115} INFO - [2022-09-05 21:46:45,572] {dag.py:2371} INFO - Sync 1 DAGs
[2022-09-05 21:46:45,594] {logging_mixin.py:115} INFO - [2022-09-05 21:46:45,594] {dag.py:2915} INFO - Setting next_dagrun for example_branch_dop_operator_v3 to 2022-09-06T01:45:00+00:00, run_after=2022-09-06T01:46:00+00:00
[2022-09-05 21:46:45,627] {processor.py:161} INFO - Processing /home/osboxes/.local/lib/python3.8/site-packages/airflow/example_dags/example_branch_python_dop_operator_3.py took 0.104 seconds
[2022-09-05 21:47:45,850] {processor.py:153} INFO - Started process (PID=181682) to work on /home/osboxes/.local/lib/python3.8/site-packages/airflow/example_dags/example_branch_python_dop_operator_3.py
[2022-09-05 21:47:45,852] {processor.py:641} INFO - Processing file /home/osboxes/.local/lib/python3.8/site-packages/airflow/example_dags/example_branch_python_dop_operator_3.py for tasks to queue
[2022-09-05 21:47:45,853] {logging_mixin.py:115} INFO - [2022-09-05 21:47:45,853] {dagbag.py:507} INFO - Filling up the DagBag from /home/osboxes/.local/lib/python3.8/site-packages/airflow/example_dags/example_branch_python_dop_operator_3.py
[2022-09-05 21:47:45,872] {processor.py:651} INFO - DAG(s) dict_keys(['example_branch_dop_operator_v3']) retrieved from /home/osboxes/.local/lib/python3.8/site-packages/airflow/example_dags/example_branch_python_dop_operator_3.py
[2022-09-05 21:47:45,899] {logging_mixin.py:115} INFO - [2022-09-05 21:47:45,899] {dag.py:2371} INFO - Sync 1 DAGs
[2022-09-05 21:47:45,917] {logging_mixin.py:115} INFO - [2022-09-05 21:47:45,917] {dag.py:2915} INFO - Setting next_dagrun for example_branch_dop_operator_v3 to 2022-09-06T01:46:00+00:00, run_after=2022-09-06T01:47:00+00:00
[2022-09-05 21:47:45,962] {processor.py:161} INFO - Processing /home/osboxes/.local/lib/python3.8/site-packages/airflow/example_dags/example_branch_python_dop_operator_3.py took 0.114 seconds
[2022-09-05 21:48:33,653] {processor.py:153} INFO - Started process (PID=182104) to work on /home/osboxes/.local/lib/python3.8/site-packages/airflow/example_dags/example_branch_python_dop_operator_3.py
[2022-09-05 21:48:33,656] {processor.py:641} INFO - Processing file /home/osboxes/.local/lib/python3.8/site-packages/airflow/example_dags/example_branch_python_dop_operator_3.py for tasks to queue
[2022-09-05 21:48:33,656] {logging_mixin.py:115} INFO - [2022-09-05 21:48:33,656] {dagbag.py:507} INFO - Filling up the DagBag from /home/osboxes/.local/lib/python3.8/site-packages/airflow/example_dags/example_branch_python_dop_operator_3.py
[2022-09-05 21:48:33,665] {processor.py:651} INFO - DAG(s) dict_keys(['example_branch_dop_operator_v3']) retrieved from /home/osboxes/.local/lib/python3.8/site-packages/airflow/example_dags/example_branch_python_dop_operator_3.py
[2022-09-05 21:48:33,685] {logging_mixin.py:115} INFO - [2022-09-05 21:48:33,685] {dag.py:2371} INFO - Sync 1 DAGs
[2022-09-05 21:48:33,705] {logging_mixin.py:115} INFO - [2022-09-05 21:48:33,704] {dag.py:2915} INFO - Setting next_dagrun for example_branch_dop_operator_v3 to 2022-09-06T01:47:00+00:00, run_after=2022-09-06T01:48:00+00:00
[2022-09-05 21:48:33,743] {processor.py:161} INFO - Processing /home/osboxes/.local/lib/python3.8/site-packages/airflow/example_dags/example_branch_python_dop_operator_3.py took 0.092 seconds
[2022-09-05 21:49:29,194] {processor.py:153} INFO - Started process (PID=182549) to work on /home/osboxes/.local/lib/python3.8/site-packages/airflow/example_dags/example_branch_python_dop_operator_3.py
[2022-09-05 21:49:29,205] {processor.py:641} INFO - Processing file /home/osboxes/.local/lib/python3.8/site-packages/airflow/example_dags/example_branch_python_dop_operator_3.py for tasks to queue
[2022-09-05 21:49:29,205] {logging_mixin.py:115} INFO - [2022-09-05 21:49:29,205] {dagbag.py:507} INFO - Filling up the DagBag from /home/osboxes/.local/lib/python3.8/site-packages/airflow/example_dags/example_branch_python_dop_operator_3.py
[2022-09-05 21:49:29,213] {processor.py:651} INFO - DAG(s) dict_keys(['example_branch_dop_operator_v3']) retrieved from /home/osboxes/.local/lib/python3.8/site-packages/airflow/example_dags/example_branch_python_dop_operator_3.py
[2022-09-05 21:49:29,235] {logging_mixin.py:115} INFO - [2022-09-05 21:49:29,234] {dag.py:2371} INFO - Sync 1 DAGs
[2022-09-05 21:49:29,256] {logging_mixin.py:115} INFO - [2022-09-05 21:49:29,253] {dag.py:2915} INFO - Setting next_dagrun for example_branch_dop_operator_v3 to 2022-09-06T01:48:00+00:00, run_after=2022-09-06T01:49:00+00:00
[2022-09-05 21:49:29,284] {processor.py:161} INFO - Processing /home/osboxes/.local/lib/python3.8/site-packages/airflow/example_dags/example_branch_python_dop_operator_3.py took 0.092 seconds
[2022-09-05 21:50:25,601] {processor.py:153} INFO - Started process (PID=182994) to work on /home/osboxes/.local/lib/python3.8/site-packages/airflow/example_dags/example_branch_python_dop_operator_3.py
[2022-09-05 21:50:25,603] {processor.py:641} INFO - Processing file /home/osboxes/.local/lib/python3.8/site-packages/airflow/example_dags/example_branch_python_dop_operator_3.py for tasks to queue
[2022-09-05 21:50:25,603] {logging_mixin.py:115} INFO - [2022-09-05 21:50:25,603] {dagbag.py:507} INFO - Filling up the DagBag from /home/osboxes/.local/lib/python3.8/site-packages/airflow/example_dags/example_branch_python_dop_operator_3.py
[2022-09-05 21:50:25,610] {processor.py:651} INFO - DAG(s) dict_keys(['example_branch_dop_operator_v3']) retrieved from /home/osboxes/.local/lib/python3.8/site-packages/airflow/example_dags/example_branch_python_dop_operator_3.py
[2022-09-05 21:50:25,630] {logging_mixin.py:115} INFO - [2022-09-05 21:50:25,629] {dag.py:2371} INFO - Sync 1 DAGs
[2022-09-05 21:50:25,659] {logging_mixin.py:115} INFO - [2022-09-05 21:50:25,659] {dag.py:2915} INFO - Setting next_dagrun for example_branch_dop_operator_v3 to 2022-09-06T01:49:00+00:00, run_after=2022-09-06T01:50:00+00:00
[2022-09-05 21:50:25,709] {processor.py:161} INFO - Processing /home/osboxes/.local/lib/python3.8/site-packages/airflow/example_dags/example_branch_python_dop_operator_3.py took 0.111 seconds
[2022-09-05 21:51:09,056] {processor.py:153} INFO - Started process (PID=183319) to work on /home/osboxes/.local/lib/python3.8/site-packages/airflow/example_dags/example_branch_python_dop_operator_3.py
[2022-09-05 21:51:09,058] {processor.py:641} INFO - Processing file /home/osboxes/.local/lib/python3.8/site-packages/airflow/example_dags/example_branch_python_dop_operator_3.py for tasks to queue
[2022-09-05 21:51:09,058] {logging_mixin.py:115} INFO - [2022-09-05 21:51:09,058] {dagbag.py:507} INFO - Filling up the DagBag from /home/osboxes/.local/lib/python3.8/site-packages/airflow/example_dags/example_branch_python_dop_operator_3.py
[2022-09-05 21:51:09,067] {processor.py:651} INFO - DAG(s) dict_keys(['example_branch_dop_operator_v3']) retrieved from /home/osboxes/.local/lib/python3.8/site-packages/airflow/example_dags/example_branch_python_dop_operator_3.py
[2022-09-05 21:51:09,088] {logging_mixin.py:115} INFO - [2022-09-05 21:51:09,088] {dag.py:2371} INFO - Sync 1 DAGs
[2022-09-05 21:51:09,106] {logging_mixin.py:115} INFO - [2022-09-05 21:51:09,106] {dag.py:2915} INFO - Setting next_dagrun for example_branch_dop_operator_v3 to 2022-09-06T01:50:00+00:00, run_after=2022-09-06T01:51:00+00:00
[2022-09-05 21:51:09,146] {processor.py:161} INFO - Processing /home/osboxes/.local/lib/python3.8/site-packages/airflow/example_dags/example_branch_python_dop_operator_3.py took 0.093 seconds
[2022-09-05 21:52:02,912] {processor.py:153} INFO - Started process (PID=183726) to work on /home/osboxes/.local/lib/python3.8/site-packages/airflow/example_dags/example_branch_python_dop_operator_3.py
[2022-09-05 21:52:02,924] {processor.py:641} INFO - Processing file /home/osboxes/.local/lib/python3.8/site-packages/airflow/example_dags/example_branch_python_dop_operator_3.py for tasks to queue
[2022-09-05 21:52:02,925] {logging_mixin.py:115} INFO - [2022-09-05 21:52:02,925] {dagbag.py:507} INFO - Filling up the DagBag from /home/osboxes/.local/lib/python3.8/site-packages/airflow/example_dags/example_branch_python_dop_operator_3.py
[2022-09-05 21:52:02,932] {processor.py:651} INFO - DAG(s) dict_keys(['example_branch_dop_operator_v3']) retrieved from /home/osboxes/.local/lib/python3.8/site-packages/airflow/example_dags/example_branch_python_dop_operator_3.py
[2022-09-05 21:52:02,952] {logging_mixin.py:115} INFO - [2022-09-05 21:52:02,952] {dag.py:2371} INFO - Sync 1 DAGs
[2022-09-05 21:52:02,973] {logging_mixin.py:115} INFO - [2022-09-05 21:52:02,973] {dag.py:2915} INFO - Setting next_dagrun for example_branch_dop_operator_v3 to 2022-09-06T01:51:00+00:00, run_after=2022-09-06T01:52:00+00:00
[2022-09-05 21:52:03,023] {processor.py:161} INFO - Processing /home/osboxes/.local/lib/python3.8/site-packages/airflow/example_dags/example_branch_python_dop_operator_3.py took 0.113 seconds
[2022-09-05 21:52:48,208] {processor.py:153} INFO - Started process (PID=184097) to work on /home/osboxes/.local/lib/python3.8/site-packages/airflow/example_dags/example_branch_python_dop_operator_3.py
[2022-09-05 21:52:48,210] {processor.py:641} INFO - Processing file /home/osboxes/.local/lib/python3.8/site-packages/airflow/example_dags/example_branch_python_dop_operator_3.py for tasks to queue
[2022-09-05 21:52:48,210] {logging_mixin.py:115} INFO - [2022-09-05 21:52:48,210] {dagbag.py:507} INFO - Filling up the DagBag from /home/osboxes/.local/lib/python3.8/site-packages/airflow/example_dags/example_branch_python_dop_operator_3.py
[2022-09-05 21:52:48,219] {processor.py:651} INFO - DAG(s) dict_keys(['example_branch_dop_operator_v3']) retrieved from /home/osboxes/.local/lib/python3.8/site-packages/airflow/example_dags/example_branch_python_dop_operator_3.py
[2022-09-05 21:52:48,239] {logging_mixin.py:115} INFO - [2022-09-05 21:52:48,238] {dag.py:2371} INFO - Sync 1 DAGs
[2022-09-05 21:52:48,258] {logging_mixin.py:115} INFO - [2022-09-05 21:52:48,258] {dag.py:2915} INFO - Setting next_dagrun for example_branch_dop_operator_v3 to 2022-09-06T01:51:00+00:00, run_after=2022-09-06T01:52:00+00:00
[2022-09-05 21:52:48,300] {processor.py:161} INFO - Processing /home/osboxes/.local/lib/python3.8/site-packages/airflow/example_dags/example_branch_python_dop_operator_3.py took 0.094 seconds
[2022-09-05 21:53:41,767] {processor.py:153} INFO - Started process (PID=184559) to work on /home/osboxes/.local/lib/python3.8/site-packages/airflow/example_dags/example_branch_python_dop_operator_3.py
[2022-09-05 21:53:41,769] {processor.py:641} INFO - Processing file /home/osboxes/.local/lib/python3.8/site-packages/airflow/example_dags/example_branch_python_dop_operator_3.py for tasks to queue
[2022-09-05 21:53:41,770] {logging_mixin.py:115} INFO - [2022-09-05 21:53:41,770] {dagbag.py:507} INFO - Filling up the DagBag from /home/osboxes/.local/lib/python3.8/site-packages/airflow/example_dags/example_branch_python_dop_operator_3.py
[2022-09-05 21:53:41,777] {processor.py:651} INFO - DAG(s) dict_keys(['example_branch_dop_operator_v3']) retrieved from /home/osboxes/.local/lib/python3.8/site-packages/airflow/example_dags/example_branch_python_dop_operator_3.py
[2022-09-05 21:53:41,796] {logging_mixin.py:115} INFO - [2022-09-05 21:53:41,796] {dag.py:2371} INFO - Sync 1 DAGs
[2022-09-05 21:53:41,816] {logging_mixin.py:115} INFO - [2022-09-05 21:53:41,816] {dag.py:2915} INFO - Setting next_dagrun for example_branch_dop_operator_v3 to 2022-09-06T01:52:00+00:00, run_after=2022-09-06T01:53:00+00:00
[2022-09-05 21:53:41,851] {processor.py:161} INFO - Processing /home/osboxes/.local/lib/python3.8/site-packages/airflow/example_dags/example_branch_python_dop_operator_3.py took 0.086 seconds
[2022-09-05 21:54:34,745] {processor.py:153} INFO - Started process (PID=184983) to work on /home/osboxes/.local/lib/python3.8/site-packages/airflow/example_dags/example_branch_python_dop_operator_3.py
[2022-09-05 21:54:34,748] {processor.py:641} INFO - Processing file /home/osboxes/.local/lib/python3.8/site-packages/airflow/example_dags/example_branch_python_dop_operator_3.py for tasks to queue
[2022-09-05 21:54:34,748] {logging_mixin.py:115} INFO - [2022-09-05 21:54:34,748] {dagbag.py:507} INFO - Filling up the DagBag from /home/osboxes/.local/lib/python3.8/site-packages/airflow/example_dags/example_branch_python_dop_operator_3.py
[2022-09-05 21:54:34,756] {processor.py:651} INFO - DAG(s) dict_keys(['example_branch_dop_operator_v3']) retrieved from /home/osboxes/.local/lib/python3.8/site-packages/airflow/example_dags/example_branch_python_dop_operator_3.py
[2022-09-05 21:54:34,775] {logging_mixin.py:115} INFO - [2022-09-05 21:54:34,775] {dag.py:2371} INFO - Sync 1 DAGs
[2022-09-05 21:54:34,794] {logging_mixin.py:115} INFO - [2022-09-05 21:54:34,794] {dag.py:2915} INFO - Setting next_dagrun for example_branch_dop_operator_v3 to 2022-09-06T01:53:00+00:00, run_after=2022-09-06T01:54:00+00:00
[2022-09-05 21:54:34,834] {processor.py:161} INFO - Processing /home/osboxes/.local/lib/python3.8/site-packages/airflow/example_dags/example_branch_python_dop_operator_3.py took 0.091 seconds
[2022-09-05 21:55:30,148] {processor.py:153} INFO - Started process (PID=185410) to work on /home/osboxes/.local/lib/python3.8/site-packages/airflow/example_dags/example_branch_python_dop_operator_3.py
[2022-09-05 21:55:30,150] {processor.py:641} INFO - Processing file /home/osboxes/.local/lib/python3.8/site-packages/airflow/example_dags/example_branch_python_dop_operator_3.py for tasks to queue
[2022-09-05 21:55:30,151] {logging_mixin.py:115} INFO - [2022-09-05 21:55:30,150] {dagbag.py:507} INFO - Filling up the DagBag from /home/osboxes/.local/lib/python3.8/site-packages/airflow/example_dags/example_branch_python_dop_operator_3.py
[2022-09-05 21:55:30,175] {processor.py:651} INFO - DAG(s) dict_keys(['example_branch_dop_operator_v3']) retrieved from /home/osboxes/.local/lib/python3.8/site-packages/airflow/example_dags/example_branch_python_dop_operator_3.py
[2022-09-05 21:55:30,208] {logging_mixin.py:115} INFO - [2022-09-05 21:55:30,208] {dag.py:2371} INFO - Sync 1 DAGs
[2022-09-05 21:55:30,228] {logging_mixin.py:115} INFO - [2022-09-05 21:55:30,228] {dag.py:2915} INFO - Setting next_dagrun for example_branch_dop_operator_v3 to 2022-09-06T01:54:00+00:00, run_after=2022-09-06T01:55:00+00:00
[2022-09-05 21:55:30,259] {processor.py:161} INFO - Processing /home/osboxes/.local/lib/python3.8/site-packages/airflow/example_dags/example_branch_python_dop_operator_3.py took 0.114 seconds
[2022-09-05 21:56:25,504] {processor.py:153} INFO - Started process (PID=185848) to work on /home/osboxes/.local/lib/python3.8/site-packages/airflow/example_dags/example_branch_python_dop_operator_3.py
[2022-09-05 21:56:25,515] {processor.py:641} INFO - Processing file /home/osboxes/.local/lib/python3.8/site-packages/airflow/example_dags/example_branch_python_dop_operator_3.py for tasks to queue
[2022-09-05 21:56:25,515] {logging_mixin.py:115} INFO - [2022-09-05 21:56:25,515] {dagbag.py:507} INFO - Filling up the DagBag from /home/osboxes/.local/lib/python3.8/site-packages/airflow/example_dags/example_branch_python_dop_operator_3.py
[2022-09-05 21:56:25,523] {processor.py:651} INFO - DAG(s) dict_keys(['example_branch_dop_operator_v3']) retrieved from /home/osboxes/.local/lib/python3.8/site-packages/airflow/example_dags/example_branch_python_dop_operator_3.py
[2022-09-05 21:56:25,544] {logging_mixin.py:115} INFO - [2022-09-05 21:56:25,543] {dag.py:2371} INFO - Sync 1 DAGs
[2022-09-05 21:56:25,568] {logging_mixin.py:115} INFO - [2022-09-05 21:56:25,568] {dag.py:2915} INFO - Setting next_dagrun for example_branch_dop_operator_v3 to 2022-09-06T01:55:00+00:00, run_after=2022-09-06T01:56:00+00:00
[2022-09-05 21:56:25,602] {processor.py:161} INFO - Processing /home/osboxes/.local/lib/python3.8/site-packages/airflow/example_dags/example_branch_python_dop_operator_3.py took 0.100 seconds
[2022-09-05 21:57:16,695] {processor.py:153} INFO - Started process (PID=186259) to work on /home/osboxes/.local/lib/python3.8/site-packages/airflow/example_dags/example_branch_python_dop_operator_3.py
[2022-09-05 21:57:16,696] {processor.py:641} INFO - Processing file /home/osboxes/.local/lib/python3.8/site-packages/airflow/example_dags/example_branch_python_dop_operator_3.py for tasks to queue
[2022-09-05 21:57:16,697] {logging_mixin.py:115} INFO - [2022-09-05 21:57:16,697] {dagbag.py:507} INFO - Filling up the DagBag from /home/osboxes/.local/lib/python3.8/site-packages/airflow/example_dags/example_branch_python_dop_operator_3.py
[2022-09-05 21:57:16,705] {processor.py:651} INFO - DAG(s) dict_keys(['example_branch_dop_operator_v3']) retrieved from /home/osboxes/.local/lib/python3.8/site-packages/airflow/example_dags/example_branch_python_dop_operator_3.py
[2022-09-05 21:57:16,723] {logging_mixin.py:115} INFO - [2022-09-05 21:57:16,723] {dag.py:2371} INFO - Sync 1 DAGs
[2022-09-05 21:57:16,741] {logging_mixin.py:115} INFO - [2022-09-05 21:57:16,741] {dag.py:2915} INFO - Setting next_dagrun for example_branch_dop_operator_v3 to 2022-09-06T01:56:00+00:00, run_after=2022-09-06T01:57:00+00:00
[2022-09-05 21:57:16,786] {processor.py:161} INFO - Processing /home/osboxes/.local/lib/python3.8/site-packages/airflow/example_dags/example_branch_python_dop_operator_3.py took 0.094 seconds
[2022-09-05 21:58:08,699] {processor.py:153} INFO - Started process (PID=186671) to work on /home/osboxes/.local/lib/python3.8/site-packages/airflow/example_dags/example_branch_python_dop_operator_3.py
[2022-09-05 21:58:08,709] {processor.py:641} INFO - Processing file /home/osboxes/.local/lib/python3.8/site-packages/airflow/example_dags/example_branch_python_dop_operator_3.py for tasks to queue
[2022-09-05 21:58:08,709] {logging_mixin.py:115} INFO - [2022-09-05 21:58:08,709] {dagbag.py:507} INFO - Filling up the DagBag from /home/osboxes/.local/lib/python3.8/site-packages/airflow/example_dags/example_branch_python_dop_operator_3.py
[2022-09-05 21:58:08,721] {processor.py:651} INFO - DAG(s) dict_keys(['example_branch_dop_operator_v3']) retrieved from /home/osboxes/.local/lib/python3.8/site-packages/airflow/example_dags/example_branch_python_dop_operator_3.py
[2022-09-05 21:58:08,739] {logging_mixin.py:115} INFO - [2022-09-05 21:58:08,739] {dag.py:2371} INFO - Sync 1 DAGs
[2022-09-05 21:58:08,758] {logging_mixin.py:115} INFO - [2022-09-05 21:58:08,758] {dag.py:2915} INFO - Setting next_dagrun for example_branch_dop_operator_v3 to 2022-09-06T01:57:00+00:00, run_after=2022-09-06T01:58:00+00:00
[2022-09-05 21:58:08,791] {processor.py:161} INFO - Processing /home/osboxes/.local/lib/python3.8/site-packages/airflow/example_dags/example_branch_python_dop_operator_3.py took 0.095 seconds
[2022-09-05 21:59:18,600] {processor.py:153} INFO - Started process (PID=187246) to work on /home/osboxes/.local/lib/python3.8/site-packages/airflow/example_dags/example_branch_python_dop_operator_3.py
[2022-09-05 21:59:18,794] {processor.py:641} INFO - Processing file /home/osboxes/.local/lib/python3.8/site-packages/airflow/example_dags/example_branch_python_dop_operator_3.py for tasks to queue
[2022-09-05 21:59:18,852] {logging_mixin.py:115} INFO - [2022-09-05 21:59:18,852] {dagbag.py:507} INFO - Filling up the DagBag from /home/osboxes/.local/lib/python3.8/site-packages/airflow/example_dags/example_branch_python_dop_operator_3.py
[2022-09-05 21:59:19,081] {processor.py:651} INFO - DAG(s) dict_keys(['example_branch_dop_operator_v3']) retrieved from /home/osboxes/.local/lib/python3.8/site-packages/airflow/example_dags/example_branch_python_dop_operator_3.py
[2022-09-05 21:59:19,198] {logging_mixin.py:115} INFO - [2022-09-05 21:59:19,198] {dag.py:2371} INFO - Sync 1 DAGs
[2022-09-05 21:59:19,323] {logging_mixin.py:115} INFO - [2022-09-05 21:59:19,322] {dag.py:2915} INFO - Setting next_dagrun for example_branch_dop_operator_v3 to 2022-09-06T01:58:00+00:00, run_after=2022-09-06T01:59:00+00:00
[2022-09-05 21:59:19,417] {processor.py:161} INFO - Processing /home/osboxes/.local/lib/python3.8/site-packages/airflow/example_dags/example_branch_python_dop_operator_3.py took 0.822 seconds
[2022-09-05 22:00:33,640] {processor.py:153} INFO - Started process (PID=187853) to work on /home/osboxes/.local/lib/python3.8/site-packages/airflow/example_dags/example_branch_python_dop_operator_3.py
[2022-09-05 22:00:33,643] {processor.py:641} INFO - Processing file /home/osboxes/.local/lib/python3.8/site-packages/airflow/example_dags/example_branch_python_dop_operator_3.py for tasks to queue
[2022-09-05 22:00:33,644] {logging_mixin.py:115} INFO - [2022-09-05 22:00:33,644] {dagbag.py:507} INFO - Filling up the DagBag from /home/osboxes/.local/lib/python3.8/site-packages/airflow/example_dags/example_branch_python_dop_operator_3.py
[2022-09-05 22:00:33,660] {processor.py:651} INFO - DAG(s) dict_keys(['example_branch_dop_operator_v3']) retrieved from /home/osboxes/.local/lib/python3.8/site-packages/airflow/example_dags/example_branch_python_dop_operator_3.py
[2022-09-05 22:00:33,734] {logging_mixin.py:115} INFO - [2022-09-05 22:00:33,734] {dag.py:2371} INFO - Sync 1 DAGs
[2022-09-05 22:00:33,808] {logging_mixin.py:115} INFO - [2022-09-05 22:00:33,807] {dag.py:2915} INFO - Setting next_dagrun for example_branch_dop_operator_v3 to 2022-09-06T01:59:00+00:00, run_after=2022-09-06T02:00:00+00:00
[2022-09-05 22:00:33,895] {processor.py:161} INFO - Processing /home/osboxes/.local/lib/python3.8/site-packages/airflow/example_dags/example_branch_python_dop_operator_3.py took 0.282 seconds
[2022-09-05 22:03:10,697] {processor.py:153} INFO - Started process (PID=188998) to work on /home/osboxes/.local/lib/python3.8/site-packages/airflow/example_dags/example_branch_python_dop_operator_3.py
[2022-09-05 22:03:10,698] {processor.py:641} INFO - Processing file /home/osboxes/.local/lib/python3.8/site-packages/airflow/example_dags/example_branch_python_dop_operator_3.py for tasks to queue
[2022-09-05 22:03:10,699] {logging_mixin.py:115} INFO - [2022-09-05 22:03:10,699] {dagbag.py:507} INFO - Filling up the DagBag from /home/osboxes/.local/lib/python3.8/site-packages/airflow/example_dags/example_branch_python_dop_operator_3.py
[2022-09-05 22:03:11,154] {processor.py:651} INFO - DAG(s) dict_keys(['example_branch_dop_operator_v3']) retrieved from /home/osboxes/.local/lib/python3.8/site-packages/airflow/example_dags/example_branch_python_dop_operator_3.py
[2022-09-05 22:03:11,622] {logging_mixin.py:115} INFO - [2022-09-05 22:03:11,622] {dag.py:2371} INFO - Sync 1 DAGs
[2022-09-05 22:03:11,669] {logging_mixin.py:115} INFO - [2022-09-05 22:03:11,669] {dag.py:2915} INFO - Setting next_dagrun for example_branch_dop_operator_v3 to 2022-09-06T02:02:00+00:00, run_after=2022-09-06T02:03:00+00:00
[2022-09-05 22:03:11,760] {processor.py:161} INFO - Processing /home/osboxes/.local/lib/python3.8/site-packages/airflow/example_dags/example_branch_python_dop_operator_3.py took 1.144 seconds
