[2022-09-05 21:18:02,644] {processor.py:153} INFO - Started process (PID=167364) to work on /home/osboxes/.local/lib/python3.8/site-packages/airflow/example_dags/example_branch_day_of_week_operator.py
[2022-09-05 21:18:02,645] {processor.py:641} INFO - Processing file /home/osboxes/.local/lib/python3.8/site-packages/airflow/example_dags/example_branch_day_of_week_operator.py for tasks to queue
[2022-09-05 21:18:02,645] {logging_mixin.py:115} INFO - [2022-09-05 21:18:02,645] {dagbag.py:507} INFO - Filling up the DagBag from /home/osboxes/.local/lib/python3.8/site-packages/airflow/example_dags/example_branch_day_of_week_operator.py
[2022-09-05 21:18:02,663] {processor.py:651} INFO - DAG(s) dict_keys(['example_weekday_branch_operator']) retrieved from /home/osboxes/.local/lib/python3.8/site-packages/airflow/example_dags/example_branch_day_of_week_operator.py
[2022-09-05 21:18:02,682] {logging_mixin.py:115} INFO - [2022-09-05 21:18:02,682] {dag.py:2371} INFO - Sync 1 DAGs
[2022-09-05 21:18:02,702] {logging_mixin.py:115} INFO - [2022-09-05 21:18:02,702] {dag.py:2915} INFO - Setting next_dagrun for example_weekday_branch_operator to 2022-09-05T00:00:00+00:00, run_after=2022-09-06T00:00:00+00:00
[2022-09-05 21:18:02,734] {processor.py:161} INFO - Processing /home/osboxes/.local/lib/python3.8/site-packages/airflow/example_dags/example_branch_day_of_week_operator.py took 0.094 seconds
[2022-09-05 21:18:57,187] {processor.py:153} INFO - Started process (PID=167868) to work on /home/osboxes/.local/lib/python3.8/site-packages/airflow/example_dags/example_branch_day_of_week_operator.py
[2022-09-05 21:18:57,189] {processor.py:641} INFO - Processing file /home/osboxes/.local/lib/python3.8/site-packages/airflow/example_dags/example_branch_day_of_week_operator.py for tasks to queue
[2022-09-05 21:18:57,190] {logging_mixin.py:115} INFO - [2022-09-05 21:18:57,190] {dagbag.py:507} INFO - Filling up the DagBag from /home/osboxes/.local/lib/python3.8/site-packages/airflow/example_dags/example_branch_day_of_week_operator.py
[2022-09-05 21:18:57,196] {processor.py:651} INFO - DAG(s) dict_keys(['example_weekday_branch_operator']) retrieved from /home/osboxes/.local/lib/python3.8/site-packages/airflow/example_dags/example_branch_day_of_week_operator.py
[2022-09-05 21:18:57,215] {logging_mixin.py:115} INFO - [2022-09-05 21:18:57,215] {dag.py:2371} INFO - Sync 1 DAGs
[2022-09-05 21:18:57,236] {logging_mixin.py:115} INFO - [2022-09-05 21:18:57,235] {dag.py:2915} INFO - Setting next_dagrun for example_weekday_branch_operator to 2022-09-05T00:00:00+00:00, run_after=2022-09-06T00:00:00+00:00
[2022-09-05 21:18:57,263] {processor.py:161} INFO - Processing /home/osboxes/.local/lib/python3.8/site-packages/airflow/example_dags/example_branch_day_of_week_operator.py took 0.078 seconds
[2022-09-05 21:19:52,555] {processor.py:153} INFO - Started process (PID=168273) to work on /home/osboxes/.local/lib/python3.8/site-packages/airflow/example_dags/example_branch_day_of_week_operator.py
[2022-09-05 21:19:52,557] {processor.py:641} INFO - Processing file /home/osboxes/.local/lib/python3.8/site-packages/airflow/example_dags/example_branch_day_of_week_operator.py for tasks to queue
[2022-09-05 21:19:52,558] {logging_mixin.py:115} INFO - [2022-09-05 21:19:52,558] {dagbag.py:507} INFO - Filling up the DagBag from /home/osboxes/.local/lib/python3.8/site-packages/airflow/example_dags/example_branch_day_of_week_operator.py
[2022-09-05 21:19:52,569] {processor.py:651} INFO - DAG(s) dict_keys(['example_weekday_branch_operator']) retrieved from /home/osboxes/.local/lib/python3.8/site-packages/airflow/example_dags/example_branch_day_of_week_operator.py
[2022-09-05 21:19:52,608] {logging_mixin.py:115} INFO - [2022-09-05 21:19:52,607] {dag.py:2371} INFO - Sync 1 DAGs
[2022-09-05 21:19:52,645] {logging_mixin.py:115} INFO - [2022-09-05 21:19:52,644] {dag.py:2915} INFO - Setting next_dagrun for example_weekday_branch_operator to 2022-09-05T00:00:00+00:00, run_after=2022-09-06T00:00:00+00:00
[2022-09-05 21:19:52,729] {processor.py:161} INFO - Processing /home/osboxes/.local/lib/python3.8/site-packages/airflow/example_dags/example_branch_day_of_week_operator.py took 0.177 seconds
[2022-09-05 21:20:36,114] {processor.py:153} INFO - Started process (PID=168603) to work on /home/osboxes/.local/lib/python3.8/site-packages/airflow/example_dags/example_branch_day_of_week_operator.py
[2022-09-05 21:20:36,116] {processor.py:641} INFO - Processing file /home/osboxes/.local/lib/python3.8/site-packages/airflow/example_dags/example_branch_day_of_week_operator.py for tasks to queue
[2022-09-05 21:20:36,116] {logging_mixin.py:115} INFO - [2022-09-05 21:20:36,116] {dagbag.py:507} INFO - Filling up the DagBag from /home/osboxes/.local/lib/python3.8/site-packages/airflow/example_dags/example_branch_day_of_week_operator.py
[2022-09-05 21:20:36,123] {processor.py:651} INFO - DAG(s) dict_keys(['example_weekday_branch_operator']) retrieved from /home/osboxes/.local/lib/python3.8/site-packages/airflow/example_dags/example_branch_day_of_week_operator.py
[2022-09-05 21:20:36,140] {logging_mixin.py:115} INFO - [2022-09-05 21:20:36,140] {dag.py:2371} INFO - Sync 1 DAGs
[2022-09-05 21:20:36,157] {logging_mixin.py:115} INFO - [2022-09-05 21:20:36,157] {dag.py:2915} INFO - Setting next_dagrun for example_weekday_branch_operator to 2022-09-05T00:00:00+00:00, run_after=2022-09-06T00:00:00+00:00
[2022-09-05 21:20:36,191] {processor.py:161} INFO - Processing /home/osboxes/.local/lib/python3.8/site-packages/airflow/example_dags/example_branch_day_of_week_operator.py took 0.080 seconds
[2022-09-05 21:21:24,914] {processor.py:153} INFO - Started process (PID=169009) to work on /home/osboxes/.local/lib/python3.8/site-packages/airflow/example_dags/example_branch_day_of_week_operator.py
[2022-09-05 21:21:24,917] {processor.py:641} INFO - Processing file /home/osboxes/.local/lib/python3.8/site-packages/airflow/example_dags/example_branch_day_of_week_operator.py for tasks to queue
[2022-09-05 21:21:24,917] {logging_mixin.py:115} INFO - [2022-09-05 21:21:24,917] {dagbag.py:507} INFO - Filling up the DagBag from /home/osboxes/.local/lib/python3.8/site-packages/airflow/example_dags/example_branch_day_of_week_operator.py
[2022-09-05 21:21:24,925] {processor.py:651} INFO - DAG(s) dict_keys(['example_weekday_branch_operator']) retrieved from /home/osboxes/.local/lib/python3.8/site-packages/airflow/example_dags/example_branch_day_of_week_operator.py
[2022-09-05 21:21:24,948] {logging_mixin.py:115} INFO - [2022-09-05 21:21:24,948] {dag.py:2371} INFO - Sync 1 DAGs
[2022-09-05 21:21:24,965] {logging_mixin.py:115} INFO - [2022-09-05 21:21:24,965] {dag.py:2915} INFO - Setting next_dagrun for example_weekday_branch_operator to 2022-09-05T00:00:00+00:00, run_after=2022-09-06T00:00:00+00:00
[2022-09-05 21:21:24,995] {processor.py:161} INFO - Processing /home/osboxes/.local/lib/python3.8/site-packages/airflow/example_dags/example_branch_day_of_week_operator.py took 0.084 seconds
[2022-09-05 21:22:12,383] {processor.py:153} INFO - Started process (PID=169383) to work on /home/osboxes/.local/lib/python3.8/site-packages/airflow/example_dags/example_branch_day_of_week_operator.py
[2022-09-05 21:22:12,385] {processor.py:641} INFO - Processing file /home/osboxes/.local/lib/python3.8/site-packages/airflow/example_dags/example_branch_day_of_week_operator.py for tasks to queue
[2022-09-05 21:22:12,385] {logging_mixin.py:115} INFO - [2022-09-05 21:22:12,385] {dagbag.py:507} INFO - Filling up the DagBag from /home/osboxes/.local/lib/python3.8/site-packages/airflow/example_dags/example_branch_day_of_week_operator.py
[2022-09-05 21:22:12,397] {processor.py:651} INFO - DAG(s) dict_keys(['example_weekday_branch_operator']) retrieved from /home/osboxes/.local/lib/python3.8/site-packages/airflow/example_dags/example_branch_day_of_week_operator.py
[2022-09-05 21:22:12,420] {logging_mixin.py:115} INFO - [2022-09-05 21:22:12,419] {dag.py:2371} INFO - Sync 1 DAGs
[2022-09-05 21:22:12,445] {logging_mixin.py:115} INFO - [2022-09-05 21:22:12,445] {dag.py:2915} INFO - Setting next_dagrun for example_weekday_branch_operator to 2022-09-05T00:00:00+00:00, run_after=2022-09-06T00:00:00+00:00
[2022-09-05 21:22:12,479] {processor.py:161} INFO - Processing /home/osboxes/.local/lib/python3.8/site-packages/airflow/example_dags/example_branch_day_of_week_operator.py took 0.100 seconds
[2022-09-05 21:23:01,874] {processor.py:153} INFO - Started process (PID=169762) to work on /home/osboxes/.local/lib/python3.8/site-packages/airflow/example_dags/example_branch_day_of_week_operator.py
[2022-09-05 21:23:01,876] {processor.py:641} INFO - Processing file /home/osboxes/.local/lib/python3.8/site-packages/airflow/example_dags/example_branch_day_of_week_operator.py for tasks to queue
[2022-09-05 21:23:01,877] {logging_mixin.py:115} INFO - [2022-09-05 21:23:01,876] {dagbag.py:507} INFO - Filling up the DagBag from /home/osboxes/.local/lib/python3.8/site-packages/airflow/example_dags/example_branch_day_of_week_operator.py
[2022-09-05 21:23:01,882] {processor.py:651} INFO - DAG(s) dict_keys(['example_weekday_branch_operator']) retrieved from /home/osboxes/.local/lib/python3.8/site-packages/airflow/example_dags/example_branch_day_of_week_operator.py
[2022-09-05 21:23:01,915] {logging_mixin.py:115} INFO - [2022-09-05 21:23:01,915] {dag.py:2371} INFO - Sync 1 DAGs
[2022-09-05 21:23:01,932] {logging_mixin.py:115} INFO - [2022-09-05 21:23:01,932] {dag.py:2915} INFO - Setting next_dagrun for example_weekday_branch_operator to 2022-09-05T00:00:00+00:00, run_after=2022-09-06T00:00:00+00:00
[2022-09-05 21:23:01,975] {processor.py:161} INFO - Processing /home/osboxes/.local/lib/python3.8/site-packages/airflow/example_dags/example_branch_day_of_week_operator.py took 0.104 seconds
[2022-09-05 21:23:59,895] {processor.py:153} INFO - Started process (PID=170281) to work on /home/osboxes/.local/lib/python3.8/site-packages/airflow/example_dags/example_branch_day_of_week_operator.py
[2022-09-05 21:23:59,900] {processor.py:641} INFO - Processing file /home/osboxes/.local/lib/python3.8/site-packages/airflow/example_dags/example_branch_day_of_week_operator.py for tasks to queue
[2022-09-05 21:23:59,901] {logging_mixin.py:115} INFO - [2022-09-05 21:23:59,901] {dagbag.py:507} INFO - Filling up the DagBag from /home/osboxes/.local/lib/python3.8/site-packages/airflow/example_dags/example_branch_day_of_week_operator.py
[2022-09-05 21:23:59,910] {processor.py:651} INFO - DAG(s) dict_keys(['example_weekday_branch_operator']) retrieved from /home/osboxes/.local/lib/python3.8/site-packages/airflow/example_dags/example_branch_day_of_week_operator.py
[2022-09-05 21:23:59,936] {logging_mixin.py:115} INFO - [2022-09-05 21:23:59,936] {dag.py:2371} INFO - Sync 1 DAGs
[2022-09-05 21:23:59,958] {logging_mixin.py:115} INFO - [2022-09-05 21:23:59,958] {dag.py:2915} INFO - Setting next_dagrun for example_weekday_branch_operator to 2022-09-05T00:00:00+00:00, run_after=2022-09-06T00:00:00+00:00
[2022-09-05 21:23:59,987] {processor.py:161} INFO - Processing /home/osboxes/.local/lib/python3.8/site-packages/airflow/example_dags/example_branch_day_of_week_operator.py took 0.096 seconds
[2022-09-05 21:24:43,056] {processor.py:153} INFO - Started process (PID=170612) to work on /home/osboxes/.local/lib/python3.8/site-packages/airflow/example_dags/example_branch_day_of_week_operator.py
[2022-09-05 21:24:43,057] {processor.py:641} INFO - Processing file /home/osboxes/.local/lib/python3.8/site-packages/airflow/example_dags/example_branch_day_of_week_operator.py for tasks to queue
[2022-09-05 21:24:43,058] {logging_mixin.py:115} INFO - [2022-09-05 21:24:43,058] {dagbag.py:507} INFO - Filling up the DagBag from /home/osboxes/.local/lib/python3.8/site-packages/airflow/example_dags/example_branch_day_of_week_operator.py
[2022-09-05 21:24:43,064] {processor.py:651} INFO - DAG(s) dict_keys(['example_weekday_branch_operator']) retrieved from /home/osboxes/.local/lib/python3.8/site-packages/airflow/example_dags/example_branch_day_of_week_operator.py
[2022-09-05 21:24:43,088] {logging_mixin.py:115} INFO - [2022-09-05 21:24:43,087] {dag.py:2371} INFO - Sync 1 DAGs
[2022-09-05 21:24:43,104] {logging_mixin.py:115} INFO - [2022-09-05 21:24:43,103] {dag.py:2915} INFO - Setting next_dagrun for example_weekday_branch_operator to 2022-09-05T00:00:00+00:00, run_after=2022-09-06T00:00:00+00:00
[2022-09-05 21:24:43,144] {processor.py:161} INFO - Processing /home/osboxes/.local/lib/python3.8/site-packages/airflow/example_dags/example_branch_day_of_week_operator.py took 0.091 seconds
[2022-09-05 21:25:39,298] {processor.py:153} INFO - Started process (PID=171067) to work on /home/osboxes/.local/lib/python3.8/site-packages/airflow/example_dags/example_branch_day_of_week_operator.py
[2022-09-05 21:25:39,300] {processor.py:641} INFO - Processing file /home/osboxes/.local/lib/python3.8/site-packages/airflow/example_dags/example_branch_day_of_week_operator.py for tasks to queue
[2022-09-05 21:25:39,300] {logging_mixin.py:115} INFO - [2022-09-05 21:25:39,300] {dagbag.py:507} INFO - Filling up the DagBag from /home/osboxes/.local/lib/python3.8/site-packages/airflow/example_dags/example_branch_day_of_week_operator.py
[2022-09-05 21:25:39,308] {processor.py:651} INFO - DAG(s) dict_keys(['example_weekday_branch_operator']) retrieved from /home/osboxes/.local/lib/python3.8/site-packages/airflow/example_dags/example_branch_day_of_week_operator.py
[2022-09-05 21:25:39,333] {logging_mixin.py:115} INFO - [2022-09-05 21:25:39,333] {dag.py:2371} INFO - Sync 1 DAGs
[2022-09-05 21:25:39,359] {logging_mixin.py:115} INFO - [2022-09-05 21:25:39,359] {dag.py:2915} INFO - Setting next_dagrun for example_weekday_branch_operator to 2022-09-05T00:00:00+00:00, run_after=2022-09-06T00:00:00+00:00
[2022-09-05 21:25:39,399] {processor.py:161} INFO - Processing /home/osboxes/.local/lib/python3.8/site-packages/airflow/example_dags/example_branch_day_of_week_operator.py took 0.104 seconds
[2022-09-05 21:26:24,213] {processor.py:153} INFO - Started process (PID=171418) to work on /home/osboxes/.local/lib/python3.8/site-packages/airflow/example_dags/example_branch_day_of_week_operator.py
[2022-09-05 21:26:24,214] {processor.py:641} INFO - Processing file /home/osboxes/.local/lib/python3.8/site-packages/airflow/example_dags/example_branch_day_of_week_operator.py for tasks to queue
[2022-09-05 21:26:24,215] {logging_mixin.py:115} INFO - [2022-09-05 21:26:24,215] {dagbag.py:507} INFO - Filling up the DagBag from /home/osboxes/.local/lib/python3.8/site-packages/airflow/example_dags/example_branch_day_of_week_operator.py
[2022-09-05 21:26:24,222] {processor.py:651} INFO - DAG(s) dict_keys(['example_weekday_branch_operator']) retrieved from /home/osboxes/.local/lib/python3.8/site-packages/airflow/example_dags/example_branch_day_of_week_operator.py
[2022-09-05 21:26:24,241] {logging_mixin.py:115} INFO - [2022-09-05 21:26:24,241] {dag.py:2371} INFO - Sync 1 DAGs
[2022-09-05 21:26:24,261] {logging_mixin.py:115} INFO - [2022-09-05 21:26:24,261] {dag.py:2915} INFO - Setting next_dagrun for example_weekday_branch_operator to 2022-09-05T00:00:00+00:00, run_after=2022-09-06T00:00:00+00:00
[2022-09-05 21:26:24,308] {processor.py:161} INFO - Processing /home/osboxes/.local/lib/python3.8/site-packages/airflow/example_dags/example_branch_day_of_week_operator.py took 0.110 seconds
[2022-09-05 21:27:10,550] {processor.py:153} INFO - Started process (PID=171788) to work on /home/osboxes/.local/lib/python3.8/site-packages/airflow/example_dags/example_branch_day_of_week_operator.py
[2022-09-05 21:27:10,558] {processor.py:641} INFO - Processing file /home/osboxes/.local/lib/python3.8/site-packages/airflow/example_dags/example_branch_day_of_week_operator.py for tasks to queue
[2022-09-05 21:27:10,559] {logging_mixin.py:115} INFO - [2022-09-05 21:27:10,558] {dagbag.py:507} INFO - Filling up the DagBag from /home/osboxes/.local/lib/python3.8/site-packages/airflow/example_dags/example_branch_day_of_week_operator.py
[2022-09-05 21:27:10,570] {processor.py:651} INFO - DAG(s) dict_keys(['example_weekday_branch_operator']) retrieved from /home/osboxes/.local/lib/python3.8/site-packages/airflow/example_dags/example_branch_day_of_week_operator.py
[2022-09-05 21:27:10,619] {logging_mixin.py:115} INFO - [2022-09-05 21:27:10,618] {dag.py:2371} INFO - Sync 1 DAGs
[2022-09-05 21:27:10,653] {logging_mixin.py:115} INFO - [2022-09-05 21:27:10,653] {dag.py:2915} INFO - Setting next_dagrun for example_weekday_branch_operator to 2022-09-05T00:00:00+00:00, run_after=2022-09-06T00:00:00+00:00
[2022-09-05 21:27:10,687] {processor.py:161} INFO - Processing /home/osboxes/.local/lib/python3.8/site-packages/airflow/example_dags/example_branch_day_of_week_operator.py took 0.139 seconds
[2022-09-05 21:27:55,830] {processor.py:153} INFO - Started process (PID=172145) to work on /home/osboxes/.local/lib/python3.8/site-packages/airflow/example_dags/example_branch_day_of_week_operator.py
[2022-09-05 21:27:55,832] {processor.py:641} INFO - Processing file /home/osboxes/.local/lib/python3.8/site-packages/airflow/example_dags/example_branch_day_of_week_operator.py for tasks to queue
[2022-09-05 21:27:55,833] {logging_mixin.py:115} INFO - [2022-09-05 21:27:55,833] {dagbag.py:507} INFO - Filling up the DagBag from /home/osboxes/.local/lib/python3.8/site-packages/airflow/example_dags/example_branch_day_of_week_operator.py
[2022-09-05 21:27:55,840] {processor.py:651} INFO - DAG(s) dict_keys(['example_weekday_branch_operator']) retrieved from /home/osboxes/.local/lib/python3.8/site-packages/airflow/example_dags/example_branch_day_of_week_operator.py
[2022-09-05 21:27:55,861] {logging_mixin.py:115} INFO - [2022-09-05 21:27:55,861] {dag.py:2371} INFO - Sync 1 DAGs
[2022-09-05 21:27:55,880] {logging_mixin.py:115} INFO - [2022-09-05 21:27:55,880] {dag.py:2915} INFO - Setting next_dagrun for example_weekday_branch_operator to 2022-09-05T00:00:00+00:00, run_after=2022-09-06T00:00:00+00:00
[2022-09-05 21:27:55,922] {processor.py:161} INFO - Processing /home/osboxes/.local/lib/python3.8/site-packages/airflow/example_dags/example_branch_day_of_week_operator.py took 0.095 seconds
[2022-09-05 21:28:40,541] {processor.py:153} INFO - Started process (PID=172563) to work on /home/osboxes/.local/lib/python3.8/site-packages/airflow/example_dags/example_branch_day_of_week_operator.py
[2022-09-05 21:28:40,556] {processor.py:641} INFO - Processing file /home/osboxes/.local/lib/python3.8/site-packages/airflow/example_dags/example_branch_day_of_week_operator.py for tasks to queue
[2022-09-05 21:28:40,557] {logging_mixin.py:115} INFO - [2022-09-05 21:28:40,557] {dagbag.py:507} INFO - Filling up the DagBag from /home/osboxes/.local/lib/python3.8/site-packages/airflow/example_dags/example_branch_day_of_week_operator.py
[2022-09-05 21:28:40,563] {processor.py:651} INFO - DAG(s) dict_keys(['example_weekday_branch_operator']) retrieved from /home/osboxes/.local/lib/python3.8/site-packages/airflow/example_dags/example_branch_day_of_week_operator.py
[2022-09-05 21:28:40,585] {logging_mixin.py:115} INFO - [2022-09-05 21:28:40,585] {dag.py:2371} INFO - Sync 1 DAGs
[2022-09-05 21:28:40,603] {logging_mixin.py:115} INFO - [2022-09-05 21:28:40,603] {dag.py:2915} INFO - Setting next_dagrun for example_weekday_branch_operator to 2022-09-05T00:00:00+00:00, run_after=2022-09-06T00:00:00+00:00
[2022-09-05 21:28:40,637] {processor.py:161} INFO - Processing /home/osboxes/.local/lib/python3.8/site-packages/airflow/example_dags/example_branch_day_of_week_operator.py took 0.098 seconds
[2022-09-05 21:29:24,137] {processor.py:153} INFO - Started process (PID=172891) to work on /home/osboxes/.local/lib/python3.8/site-packages/airflow/example_dags/example_branch_day_of_week_operator.py
[2022-09-05 21:29:24,139] {processor.py:641} INFO - Processing file /home/osboxes/.local/lib/python3.8/site-packages/airflow/example_dags/example_branch_day_of_week_operator.py for tasks to queue
[2022-09-05 21:29:24,139] {logging_mixin.py:115} INFO - [2022-09-05 21:29:24,139] {dagbag.py:507} INFO - Filling up the DagBag from /home/osboxes/.local/lib/python3.8/site-packages/airflow/example_dags/example_branch_day_of_week_operator.py
[2022-09-05 21:29:24,145] {processor.py:651} INFO - DAG(s) dict_keys(['example_weekday_branch_operator']) retrieved from /home/osboxes/.local/lib/python3.8/site-packages/airflow/example_dags/example_branch_day_of_week_operator.py
[2022-09-05 21:29:24,167] {logging_mixin.py:115} INFO - [2022-09-05 21:29:24,167] {dag.py:2371} INFO - Sync 1 DAGs
[2022-09-05 21:29:24,186] {logging_mixin.py:115} INFO - [2022-09-05 21:29:24,186] {dag.py:2915} INFO - Setting next_dagrun for example_weekday_branch_operator to 2022-09-05T00:00:00+00:00, run_after=2022-09-06T00:00:00+00:00
[2022-09-05 21:29:24,223] {processor.py:161} INFO - Processing /home/osboxes/.local/lib/python3.8/site-packages/airflow/example_dags/example_branch_day_of_week_operator.py took 0.088 seconds
[2022-09-05 21:30:18,662] {processor.py:153} INFO - Started process (PID=173296) to work on /home/osboxes/.local/lib/python3.8/site-packages/airflow/example_dags/example_branch_day_of_week_operator.py
[2022-09-05 21:30:18,664] {processor.py:641} INFO - Processing file /home/osboxes/.local/lib/python3.8/site-packages/airflow/example_dags/example_branch_day_of_week_operator.py for tasks to queue
[2022-09-05 21:30:18,666] {logging_mixin.py:115} INFO - [2022-09-05 21:30:18,666] {dagbag.py:507} INFO - Filling up the DagBag from /home/osboxes/.local/lib/python3.8/site-packages/airflow/example_dags/example_branch_day_of_week_operator.py
[2022-09-05 21:30:18,677] {processor.py:651} INFO - DAG(s) dict_keys(['example_weekday_branch_operator']) retrieved from /home/osboxes/.local/lib/python3.8/site-packages/airflow/example_dags/example_branch_day_of_week_operator.py
[2022-09-05 21:30:18,708] {logging_mixin.py:115} INFO - [2022-09-05 21:30:18,708] {dag.py:2371} INFO - Sync 1 DAGs
[2022-09-05 21:30:18,733] {logging_mixin.py:115} INFO - [2022-09-05 21:30:18,733] {dag.py:2915} INFO - Setting next_dagrun for example_weekday_branch_operator to 2022-09-05T00:00:00+00:00, run_after=2022-09-06T00:00:00+00:00
[2022-09-05 21:30:18,770] {processor.py:161} INFO - Processing /home/osboxes/.local/lib/python3.8/site-packages/airflow/example_dags/example_branch_day_of_week_operator.py took 0.112 seconds
[2022-09-05 21:31:03,107] {processor.py:153} INFO - Started process (PID=173661) to work on /home/osboxes/.local/lib/python3.8/site-packages/airflow/example_dags/example_branch_day_of_week_operator.py
[2022-09-05 21:31:03,109] {processor.py:641} INFO - Processing file /home/osboxes/.local/lib/python3.8/site-packages/airflow/example_dags/example_branch_day_of_week_operator.py for tasks to queue
[2022-09-05 21:31:03,109] {logging_mixin.py:115} INFO - [2022-09-05 21:31:03,109] {dagbag.py:507} INFO - Filling up the DagBag from /home/osboxes/.local/lib/python3.8/site-packages/airflow/example_dags/example_branch_day_of_week_operator.py
[2022-09-05 21:31:03,116] {processor.py:651} INFO - DAG(s) dict_keys(['example_weekday_branch_operator']) retrieved from /home/osboxes/.local/lib/python3.8/site-packages/airflow/example_dags/example_branch_day_of_week_operator.py
[2022-09-05 21:31:03,138] {logging_mixin.py:115} INFO - [2022-09-05 21:31:03,138] {dag.py:2371} INFO - Sync 1 DAGs
[2022-09-05 21:31:03,156] {logging_mixin.py:115} INFO - [2022-09-05 21:31:03,154] {dag.py:2915} INFO - Setting next_dagrun for example_weekday_branch_operator to 2022-09-05T00:00:00+00:00, run_after=2022-09-06T00:00:00+00:00
[2022-09-05 21:31:03,186] {processor.py:161} INFO - Processing /home/osboxes/.local/lib/python3.8/site-packages/airflow/example_dags/example_branch_day_of_week_operator.py took 0.081 seconds
[2022-09-05 21:31:57,790] {processor.py:153} INFO - Started process (PID=174082) to work on /home/osboxes/.local/lib/python3.8/site-packages/airflow/example_dags/example_branch_day_of_week_operator.py
[2022-09-05 21:31:57,792] {processor.py:641} INFO - Processing file /home/osboxes/.local/lib/python3.8/site-packages/airflow/example_dags/example_branch_day_of_week_operator.py for tasks to queue
[2022-09-05 21:31:57,793] {logging_mixin.py:115} INFO - [2022-09-05 21:31:57,793] {dagbag.py:507} INFO - Filling up the DagBag from /home/osboxes/.local/lib/python3.8/site-packages/airflow/example_dags/example_branch_day_of_week_operator.py
[2022-09-05 21:31:57,804] {processor.py:651} INFO - DAG(s) dict_keys(['example_weekday_branch_operator']) retrieved from /home/osboxes/.local/lib/python3.8/site-packages/airflow/example_dags/example_branch_day_of_week_operator.py
[2022-09-05 21:31:57,830] {logging_mixin.py:115} INFO - [2022-09-05 21:31:57,830] {dag.py:2371} INFO - Sync 1 DAGs
[2022-09-05 21:31:57,849] {logging_mixin.py:115} INFO - [2022-09-05 21:31:57,849] {dag.py:2915} INFO - Setting next_dagrun for example_weekday_branch_operator to 2022-09-05T00:00:00+00:00, run_after=2022-09-06T00:00:00+00:00
[2022-09-05 21:31:57,891] {processor.py:161} INFO - Processing /home/osboxes/.local/lib/python3.8/site-packages/airflow/example_dags/example_branch_day_of_week_operator.py took 0.106 seconds
[2022-09-05 21:32:53,606] {processor.py:153} INFO - Started process (PID=174538) to work on /home/osboxes/.local/lib/python3.8/site-packages/airflow/example_dags/example_branch_day_of_week_operator.py
[2022-09-05 21:32:53,616] {processor.py:641} INFO - Processing file /home/osboxes/.local/lib/python3.8/site-packages/airflow/example_dags/example_branch_day_of_week_operator.py for tasks to queue
[2022-09-05 21:32:53,616] {logging_mixin.py:115} INFO - [2022-09-05 21:32:53,616] {dagbag.py:507} INFO - Filling up the DagBag from /home/osboxes/.local/lib/python3.8/site-packages/airflow/example_dags/example_branch_day_of_week_operator.py
[2022-09-05 21:32:53,623] {processor.py:651} INFO - DAG(s) dict_keys(['example_weekday_branch_operator']) retrieved from /home/osboxes/.local/lib/python3.8/site-packages/airflow/example_dags/example_branch_day_of_week_operator.py
[2022-09-05 21:32:53,673] {logging_mixin.py:115} INFO - [2022-09-05 21:32:53,673] {dag.py:2371} INFO - Sync 1 DAGs
[2022-09-05 21:32:53,692] {logging_mixin.py:115} INFO - [2022-09-05 21:32:53,692] {dag.py:2915} INFO - Setting next_dagrun for example_weekday_branch_operator to 2022-09-05T00:00:00+00:00, run_after=2022-09-06T00:00:00+00:00
[2022-09-05 21:32:53,723] {processor.py:161} INFO - Processing /home/osboxes/.local/lib/python3.8/site-packages/airflow/example_dags/example_branch_day_of_week_operator.py took 0.120 seconds
[2022-09-05 21:33:37,137] {processor.py:153} INFO - Started process (PID=174918) to work on /home/osboxes/.local/lib/python3.8/site-packages/airflow/example_dags/example_branch_day_of_week_operator.py
[2022-09-05 21:33:37,140] {processor.py:641} INFO - Processing file /home/osboxes/.local/lib/python3.8/site-packages/airflow/example_dags/example_branch_day_of_week_operator.py for tasks to queue
[2022-09-05 21:33:37,141] {logging_mixin.py:115} INFO - [2022-09-05 21:33:37,141] {dagbag.py:507} INFO - Filling up the DagBag from /home/osboxes/.local/lib/python3.8/site-packages/airflow/example_dags/example_branch_day_of_week_operator.py
[2022-09-05 21:33:37,147] {processor.py:651} INFO - DAG(s) dict_keys(['example_weekday_branch_operator']) retrieved from /home/osboxes/.local/lib/python3.8/site-packages/airflow/example_dags/example_branch_day_of_week_operator.py
[2022-09-05 21:33:37,168] {logging_mixin.py:115} INFO - [2022-09-05 21:33:37,168] {dag.py:2371} INFO - Sync 1 DAGs
[2022-09-05 21:33:37,186] {logging_mixin.py:115} INFO - [2022-09-05 21:33:37,186] {dag.py:2915} INFO - Setting next_dagrun for example_weekday_branch_operator to 2022-09-05T00:00:00+00:00, run_after=2022-09-06T00:00:00+00:00
[2022-09-05 21:33:37,232] {processor.py:161} INFO - Processing /home/osboxes/.local/lib/python3.8/site-packages/airflow/example_dags/example_branch_day_of_week_operator.py took 0.097 seconds
[2022-09-05 21:34:32,074] {processor.py:153} INFO - Started process (PID=175352) to work on /home/osboxes/.local/lib/python3.8/site-packages/airflow/example_dags/example_branch_day_of_week_operator.py
[2022-09-05 21:34:32,082] {processor.py:641} INFO - Processing file /home/osboxes/.local/lib/python3.8/site-packages/airflow/example_dags/example_branch_day_of_week_operator.py for tasks to queue
[2022-09-05 21:34:32,082] {logging_mixin.py:115} INFO - [2022-09-05 21:34:32,082] {dagbag.py:507} INFO - Filling up the DagBag from /home/osboxes/.local/lib/python3.8/site-packages/airflow/example_dags/example_branch_day_of_week_operator.py
[2022-09-05 21:34:32,088] {processor.py:651} INFO - DAG(s) dict_keys(['example_weekday_branch_operator']) retrieved from /home/osboxes/.local/lib/python3.8/site-packages/airflow/example_dags/example_branch_day_of_week_operator.py
[2022-09-05 21:34:32,183] {logging_mixin.py:115} INFO - [2022-09-05 21:34:32,183] {dag.py:2371} INFO - Sync 1 DAGs
[2022-09-05 21:34:32,276] {logging_mixin.py:115} INFO - [2022-09-05 21:34:32,276] {dag.py:2915} INFO - Setting next_dagrun for example_weekday_branch_operator to 2022-09-05T00:00:00+00:00, run_after=2022-09-06T00:00:00+00:00
[2022-09-05 21:34:32,346] {processor.py:161} INFO - Processing /home/osboxes/.local/lib/python3.8/site-packages/airflow/example_dags/example_branch_day_of_week_operator.py took 0.274 seconds
[2022-09-05 21:35:15,714] {processor.py:153} INFO - Started process (PID=175697) to work on /home/osboxes/.local/lib/python3.8/site-packages/airflow/example_dags/example_branch_day_of_week_operator.py
[2022-09-05 21:35:15,725] {processor.py:641} INFO - Processing file /home/osboxes/.local/lib/python3.8/site-packages/airflow/example_dags/example_branch_day_of_week_operator.py for tasks to queue
[2022-09-05 21:35:15,725] {logging_mixin.py:115} INFO - [2022-09-05 21:35:15,725] {dagbag.py:507} INFO - Filling up the DagBag from /home/osboxes/.local/lib/python3.8/site-packages/airflow/example_dags/example_branch_day_of_week_operator.py
[2022-09-05 21:35:15,732] {processor.py:651} INFO - DAG(s) dict_keys(['example_weekday_branch_operator']) retrieved from /home/osboxes/.local/lib/python3.8/site-packages/airflow/example_dags/example_branch_day_of_week_operator.py
[2022-09-05 21:35:15,750] {logging_mixin.py:115} INFO - [2022-09-05 21:35:15,750] {dag.py:2371} INFO - Sync 1 DAGs
[2022-09-05 21:35:15,769] {logging_mixin.py:115} INFO - [2022-09-05 21:35:15,769] {dag.py:2915} INFO - Setting next_dagrun for example_weekday_branch_operator to 2022-09-05T00:00:00+00:00, run_after=2022-09-06T00:00:00+00:00
[2022-09-05 21:35:15,813] {processor.py:161} INFO - Processing /home/osboxes/.local/lib/python3.8/site-packages/airflow/example_dags/example_branch_day_of_week_operator.py took 0.101 seconds
[2022-09-05 21:36:00,901] {processor.py:153} INFO - Started process (PID=176044) to work on /home/osboxes/.local/lib/python3.8/site-packages/airflow/example_dags/example_branch_day_of_week_operator.py
[2022-09-05 21:36:00,904] {processor.py:641} INFO - Processing file /home/osboxes/.local/lib/python3.8/site-packages/airflow/example_dags/example_branch_day_of_week_operator.py for tasks to queue
[2022-09-05 21:36:00,905] {logging_mixin.py:115} INFO - [2022-09-05 21:36:00,905] {dagbag.py:507} INFO - Filling up the DagBag from /home/osboxes/.local/lib/python3.8/site-packages/airflow/example_dags/example_branch_day_of_week_operator.py
[2022-09-05 21:36:00,913] {processor.py:651} INFO - DAG(s) dict_keys(['example_weekday_branch_operator']) retrieved from /home/osboxes/.local/lib/python3.8/site-packages/airflow/example_dags/example_branch_day_of_week_operator.py
[2022-09-05 21:36:00,952] {logging_mixin.py:115} INFO - [2022-09-05 21:36:00,952] {dag.py:2371} INFO - Sync 1 DAGs
[2022-09-05 21:36:00,996] {logging_mixin.py:115} INFO - [2022-09-05 21:36:00,996] {dag.py:2915} INFO - Setting next_dagrun for example_weekday_branch_operator to 2022-09-05T00:00:00+00:00, run_after=2022-09-06T00:00:00+00:00
[2022-09-05 21:36:01,036] {processor.py:161} INFO - Processing /home/osboxes/.local/lib/python3.8/site-packages/airflow/example_dags/example_branch_day_of_week_operator.py took 0.138 seconds
[2022-09-05 21:36:46,249] {processor.py:153} INFO - Started process (PID=176409) to work on /home/osboxes/.local/lib/python3.8/site-packages/airflow/example_dags/example_branch_day_of_week_operator.py
[2022-09-05 21:36:46,251] {processor.py:641} INFO - Processing file /home/osboxes/.local/lib/python3.8/site-packages/airflow/example_dags/example_branch_day_of_week_operator.py for tasks to queue
[2022-09-05 21:36:46,251] {logging_mixin.py:115} INFO - [2022-09-05 21:36:46,251] {dagbag.py:507} INFO - Filling up the DagBag from /home/osboxes/.local/lib/python3.8/site-packages/airflow/example_dags/example_branch_day_of_week_operator.py
[2022-09-05 21:36:46,257] {processor.py:651} INFO - DAG(s) dict_keys(['example_weekday_branch_operator']) retrieved from /home/osboxes/.local/lib/python3.8/site-packages/airflow/example_dags/example_branch_day_of_week_operator.py
[2022-09-05 21:36:46,283] {logging_mixin.py:115} INFO - [2022-09-05 21:36:46,282] {dag.py:2371} INFO - Sync 1 DAGs
[2022-09-05 21:36:46,312] {logging_mixin.py:115} INFO - [2022-09-05 21:36:46,312] {dag.py:2915} INFO - Setting next_dagrun for example_weekday_branch_operator to 2022-09-05T00:00:00+00:00, run_after=2022-09-06T00:00:00+00:00
[2022-09-05 21:36:46,348] {processor.py:161} INFO - Processing /home/osboxes/.local/lib/python3.8/site-packages/airflow/example_dags/example_branch_day_of_week_operator.py took 0.101 seconds
[2022-09-05 21:37:32,843] {processor.py:153} INFO - Started process (PID=176790) to work on /home/osboxes/.local/lib/python3.8/site-packages/airflow/example_dags/example_branch_day_of_week_operator.py
[2022-09-05 21:37:32,845] {processor.py:641} INFO - Processing file /home/osboxes/.local/lib/python3.8/site-packages/airflow/example_dags/example_branch_day_of_week_operator.py for tasks to queue
[2022-09-05 21:37:32,846] {logging_mixin.py:115} INFO - [2022-09-05 21:37:32,846] {dagbag.py:507} INFO - Filling up the DagBag from /home/osboxes/.local/lib/python3.8/site-packages/airflow/example_dags/example_branch_day_of_week_operator.py
[2022-09-05 21:37:32,852] {processor.py:651} INFO - DAG(s) dict_keys(['example_weekday_branch_operator']) retrieved from /home/osboxes/.local/lib/python3.8/site-packages/airflow/example_dags/example_branch_day_of_week_operator.py
[2022-09-05 21:37:32,885] {logging_mixin.py:115} INFO - [2022-09-05 21:37:32,885] {dag.py:2371} INFO - Sync 1 DAGs
[2022-09-05 21:37:32,905] {logging_mixin.py:115} INFO - [2022-09-05 21:37:32,905] {dag.py:2915} INFO - Setting next_dagrun for example_weekday_branch_operator to 2022-09-05T00:00:00+00:00, run_after=2022-09-06T00:00:00+00:00
[2022-09-05 21:37:32,933] {processor.py:161} INFO - Processing /home/osboxes/.local/lib/python3.8/site-packages/airflow/example_dags/example_branch_day_of_week_operator.py took 0.092 seconds
[2022-09-05 21:38:16,968] {processor.py:153} INFO - Started process (PID=177142) to work on /home/osboxes/.local/lib/python3.8/site-packages/airflow/example_dags/example_branch_day_of_week_operator.py
[2022-09-05 21:38:16,970] {processor.py:641} INFO - Processing file /home/osboxes/.local/lib/python3.8/site-packages/airflow/example_dags/example_branch_day_of_week_operator.py for tasks to queue
[2022-09-05 21:38:16,971] {logging_mixin.py:115} INFO - [2022-09-05 21:38:16,971] {dagbag.py:507} INFO - Filling up the DagBag from /home/osboxes/.local/lib/python3.8/site-packages/airflow/example_dags/example_branch_day_of_week_operator.py
[2022-09-05 21:38:16,977] {processor.py:651} INFO - DAG(s) dict_keys(['example_weekday_branch_operator']) retrieved from /home/osboxes/.local/lib/python3.8/site-packages/airflow/example_dags/example_branch_day_of_week_operator.py
[2022-09-05 21:38:17,007] {logging_mixin.py:115} INFO - [2022-09-05 21:38:17,007] {dag.py:2371} INFO - Sync 1 DAGs
[2022-09-05 21:38:17,023] {logging_mixin.py:115} INFO - [2022-09-05 21:38:17,023] {dag.py:2915} INFO - Setting next_dagrun for example_weekday_branch_operator to 2022-09-05T00:00:00+00:00, run_after=2022-09-06T00:00:00+00:00
[2022-09-05 21:38:17,064] {processor.py:161} INFO - Processing /home/osboxes/.local/lib/python3.8/site-packages/airflow/example_dags/example_branch_day_of_week_operator.py took 0.098 seconds
[2022-09-05 21:38:59,901] {processor.py:153} INFO - Started process (PID=177501) to work on /home/osboxes/.local/lib/python3.8/site-packages/airflow/example_dags/example_branch_day_of_week_operator.py
[2022-09-05 21:38:59,903] {processor.py:641} INFO - Processing file /home/osboxes/.local/lib/python3.8/site-packages/airflow/example_dags/example_branch_day_of_week_operator.py for tasks to queue
[2022-09-05 21:38:59,903] {logging_mixin.py:115} INFO - [2022-09-05 21:38:59,903] {dagbag.py:507} INFO - Filling up the DagBag from /home/osboxes/.local/lib/python3.8/site-packages/airflow/example_dags/example_branch_day_of_week_operator.py
[2022-09-05 21:38:59,909] {processor.py:651} INFO - DAG(s) dict_keys(['example_weekday_branch_operator']) retrieved from /home/osboxes/.local/lib/python3.8/site-packages/airflow/example_dags/example_branch_day_of_week_operator.py
[2022-09-05 21:38:59,951] {logging_mixin.py:115} INFO - [2022-09-05 21:38:59,951] {dag.py:2371} INFO - Sync 1 DAGs
[2022-09-05 21:39:00,042] {logging_mixin.py:115} INFO - [2022-09-05 21:39:00,042] {dag.py:2915} INFO - Setting next_dagrun for example_weekday_branch_operator to 2022-09-05T00:00:00+00:00, run_after=2022-09-06T00:00:00+00:00
[2022-09-05 21:39:00,265] {processor.py:161} INFO - Processing /home/osboxes/.local/lib/python3.8/site-packages/airflow/example_dags/example_branch_day_of_week_operator.py took 0.367 seconds
[2022-09-05 21:39:55,673] {processor.py:153} INFO - Started process (PID=177948) to work on /home/osboxes/.local/lib/python3.8/site-packages/airflow/example_dags/example_branch_day_of_week_operator.py
[2022-09-05 21:39:55,675] {processor.py:641} INFO - Processing file /home/osboxes/.local/lib/python3.8/site-packages/airflow/example_dags/example_branch_day_of_week_operator.py for tasks to queue
[2022-09-05 21:39:55,676] {logging_mixin.py:115} INFO - [2022-09-05 21:39:55,676] {dagbag.py:507} INFO - Filling up the DagBag from /home/osboxes/.local/lib/python3.8/site-packages/airflow/example_dags/example_branch_day_of_week_operator.py
[2022-09-05 21:39:55,682] {processor.py:651} INFO - DAG(s) dict_keys(['example_weekday_branch_operator']) retrieved from /home/osboxes/.local/lib/python3.8/site-packages/airflow/example_dags/example_branch_day_of_week_operator.py
[2022-09-05 21:39:55,702] {logging_mixin.py:115} INFO - [2022-09-05 21:39:55,702] {dag.py:2371} INFO - Sync 1 DAGs
[2022-09-05 21:39:55,718] {logging_mixin.py:115} INFO - [2022-09-05 21:39:55,718] {dag.py:2915} INFO - Setting next_dagrun for example_weekday_branch_operator to 2022-09-05T00:00:00+00:00, run_after=2022-09-06T00:00:00+00:00
[2022-09-05 21:39:55,754] {processor.py:161} INFO - Processing /home/osboxes/.local/lib/python3.8/site-packages/airflow/example_dags/example_branch_day_of_week_operator.py took 0.083 seconds
[2022-09-05 21:40:43,755] {processor.py:153} INFO - Started process (PID=178317) to work on /home/osboxes/.local/lib/python3.8/site-packages/airflow/example_dags/example_branch_day_of_week_operator.py
[2022-09-05 21:40:43,756] {processor.py:641} INFO - Processing file /home/osboxes/.local/lib/python3.8/site-packages/airflow/example_dags/example_branch_day_of_week_operator.py for tasks to queue
[2022-09-05 21:40:43,757] {logging_mixin.py:115} INFO - [2022-09-05 21:40:43,757] {dagbag.py:507} INFO - Filling up the DagBag from /home/osboxes/.local/lib/python3.8/site-packages/airflow/example_dags/example_branch_day_of_week_operator.py
[2022-09-05 21:40:43,762] {processor.py:651} INFO - DAG(s) dict_keys(['example_weekday_branch_operator']) retrieved from /home/osboxes/.local/lib/python3.8/site-packages/airflow/example_dags/example_branch_day_of_week_operator.py
[2022-09-05 21:40:43,782] {logging_mixin.py:115} INFO - [2022-09-05 21:40:43,782] {dag.py:2371} INFO - Sync 1 DAGs
[2022-09-05 21:40:43,800] {logging_mixin.py:115} INFO - [2022-09-05 21:40:43,800] {dag.py:2915} INFO - Setting next_dagrun for example_weekday_branch_operator to 2022-09-05T00:00:00+00:00, run_after=2022-09-06T00:00:00+00:00
[2022-09-05 21:40:43,847] {processor.py:161} INFO - Processing /home/osboxes/.local/lib/python3.8/site-packages/airflow/example_dags/example_branch_day_of_week_operator.py took 0.094 seconds
[2022-09-05 21:41:43,474] {processor.py:153} INFO - Started process (PID=178761) to work on /home/osboxes/.local/lib/python3.8/site-packages/airflow/example_dags/example_branch_day_of_week_operator.py
[2022-09-05 21:41:43,476] {processor.py:641} INFO - Processing file /home/osboxes/.local/lib/python3.8/site-packages/airflow/example_dags/example_branch_day_of_week_operator.py for tasks to queue
[2022-09-05 21:41:43,477] {logging_mixin.py:115} INFO - [2022-09-05 21:41:43,476] {dagbag.py:507} INFO - Filling up the DagBag from /home/osboxes/.local/lib/python3.8/site-packages/airflow/example_dags/example_branch_day_of_week_operator.py
[2022-09-05 21:41:43,483] {processor.py:651} INFO - DAG(s) dict_keys(['example_weekday_branch_operator']) retrieved from /home/osboxes/.local/lib/python3.8/site-packages/airflow/example_dags/example_branch_day_of_week_operator.py
[2022-09-05 21:41:43,505] {logging_mixin.py:115} INFO - [2022-09-05 21:41:43,505] {dag.py:2371} INFO - Sync 1 DAGs
[2022-09-05 21:41:43,535] {logging_mixin.py:115} INFO - [2022-09-05 21:41:43,535] {dag.py:2915} INFO - Setting next_dagrun for example_weekday_branch_operator to 2022-09-05T00:00:00+00:00, run_after=2022-09-06T00:00:00+00:00
[2022-09-05 21:41:43,560] {processor.py:161} INFO - Processing /home/osboxes/.local/lib/python3.8/site-packages/airflow/example_dags/example_branch_day_of_week_operator.py took 0.089 seconds
[2022-09-05 21:42:40,432] {processor.py:153} INFO - Started process (PID=179235) to work on /home/osboxes/.local/lib/python3.8/site-packages/airflow/example_dags/example_branch_day_of_week_operator.py
[2022-09-05 21:42:40,442] {processor.py:641} INFO - Processing file /home/osboxes/.local/lib/python3.8/site-packages/airflow/example_dags/example_branch_day_of_week_operator.py for tasks to queue
[2022-09-05 21:42:40,443] {logging_mixin.py:115} INFO - [2022-09-05 21:42:40,443] {dagbag.py:507} INFO - Filling up the DagBag from /home/osboxes/.local/lib/python3.8/site-packages/airflow/example_dags/example_branch_day_of_week_operator.py
[2022-09-05 21:42:40,450] {processor.py:651} INFO - DAG(s) dict_keys(['example_weekday_branch_operator']) retrieved from /home/osboxes/.local/lib/python3.8/site-packages/airflow/example_dags/example_branch_day_of_week_operator.py
[2022-09-05 21:42:40,470] {logging_mixin.py:115} INFO - [2022-09-05 21:42:40,470] {dag.py:2371} INFO - Sync 1 DAGs
[2022-09-05 21:42:40,486] {logging_mixin.py:115} INFO - [2022-09-05 21:42:40,485] {dag.py:2915} INFO - Setting next_dagrun for example_weekday_branch_operator to 2022-09-05T00:00:00+00:00, run_after=2022-09-06T00:00:00+00:00
[2022-09-05 21:42:40,514] {processor.py:161} INFO - Processing /home/osboxes/.local/lib/python3.8/site-packages/airflow/example_dags/example_branch_day_of_week_operator.py took 0.084 seconds
[2022-09-05 21:43:30,188] {processor.py:153} INFO - Started process (PID=179655) to work on /home/osboxes/.local/lib/python3.8/site-packages/airflow/example_dags/example_branch_day_of_week_operator.py
[2022-09-05 21:43:30,189] {processor.py:641} INFO - Processing file /home/osboxes/.local/lib/python3.8/site-packages/airflow/example_dags/example_branch_day_of_week_operator.py for tasks to queue
[2022-09-05 21:43:30,190] {logging_mixin.py:115} INFO - [2022-09-05 21:43:30,190] {dagbag.py:507} INFO - Filling up the DagBag from /home/osboxes/.local/lib/python3.8/site-packages/airflow/example_dags/example_branch_day_of_week_operator.py
[2022-09-05 21:43:30,198] {processor.py:651} INFO - DAG(s) dict_keys(['example_weekday_branch_operator']) retrieved from /home/osboxes/.local/lib/python3.8/site-packages/airflow/example_dags/example_branch_day_of_week_operator.py
[2022-09-05 21:43:30,225] {logging_mixin.py:115} INFO - [2022-09-05 21:43:30,225] {dag.py:2371} INFO - Sync 1 DAGs
[2022-09-05 21:43:30,243] {logging_mixin.py:115} INFO - [2022-09-05 21:43:30,243] {dag.py:2915} INFO - Setting next_dagrun for example_weekday_branch_operator to 2022-09-05T00:00:00+00:00, run_after=2022-09-06T00:00:00+00:00
[2022-09-05 21:43:30,278] {processor.py:161} INFO - Processing /home/osboxes/.local/lib/python3.8/site-packages/airflow/example_dags/example_branch_day_of_week_operator.py took 0.094 seconds
[2022-09-05 21:44:16,029] {processor.py:153} INFO - Started process (PID=180023) to work on /home/osboxes/.local/lib/python3.8/site-packages/airflow/example_dags/example_branch_day_of_week_operator.py
[2022-09-05 21:44:16,031] {processor.py:641} INFO - Processing file /home/osboxes/.local/lib/python3.8/site-packages/airflow/example_dags/example_branch_day_of_week_operator.py for tasks to queue
[2022-09-05 21:44:16,031] {logging_mixin.py:115} INFO - [2022-09-05 21:44:16,031] {dagbag.py:507} INFO - Filling up the DagBag from /home/osboxes/.local/lib/python3.8/site-packages/airflow/example_dags/example_branch_day_of_week_operator.py
[2022-09-05 21:44:16,037] {processor.py:651} INFO - DAG(s) dict_keys(['example_weekday_branch_operator']) retrieved from /home/osboxes/.local/lib/python3.8/site-packages/airflow/example_dags/example_branch_day_of_week_operator.py
[2022-09-05 21:44:16,060] {logging_mixin.py:115} INFO - [2022-09-05 21:44:16,060] {dag.py:2371} INFO - Sync 1 DAGs
[2022-09-05 21:44:16,078] {logging_mixin.py:115} INFO - [2022-09-05 21:44:16,078] {dag.py:2915} INFO - Setting next_dagrun for example_weekday_branch_operator to 2022-09-05T00:00:00+00:00, run_after=2022-09-06T00:00:00+00:00
[2022-09-05 21:44:16,115] {processor.py:161} INFO - Processing /home/osboxes/.local/lib/python3.8/site-packages/airflow/example_dags/example_branch_day_of_week_operator.py took 0.089 seconds
[2022-09-05 21:45:09,444] {processor.py:153} INFO - Started process (PID=180446) to work on /home/osboxes/.local/lib/python3.8/site-packages/airflow/example_dags/example_branch_day_of_week_operator.py
[2022-09-05 21:45:09,445] {processor.py:641} INFO - Processing file /home/osboxes/.local/lib/python3.8/site-packages/airflow/example_dags/example_branch_day_of_week_operator.py for tasks to queue
[2022-09-05 21:45:09,445] {logging_mixin.py:115} INFO - [2022-09-05 21:45:09,445] {dagbag.py:507} INFO - Filling up the DagBag from /home/osboxes/.local/lib/python3.8/site-packages/airflow/example_dags/example_branch_day_of_week_operator.py
[2022-09-05 21:45:09,451] {processor.py:651} INFO - DAG(s) dict_keys(['example_weekday_branch_operator']) retrieved from /home/osboxes/.local/lib/python3.8/site-packages/airflow/example_dags/example_branch_day_of_week_operator.py
[2022-09-05 21:45:09,472] {logging_mixin.py:115} INFO - [2022-09-05 21:45:09,472] {dag.py:2371} INFO - Sync 1 DAGs
[2022-09-05 21:45:09,490] {logging_mixin.py:115} INFO - [2022-09-05 21:45:09,490] {dag.py:2915} INFO - Setting next_dagrun for example_weekday_branch_operator to 2022-09-05T00:00:00+00:00, run_after=2022-09-06T00:00:00+00:00
[2022-09-05 21:45:09,532] {processor.py:161} INFO - Processing /home/osboxes/.local/lib/python3.8/site-packages/airflow/example_dags/example_branch_day_of_week_operator.py took 0.091 seconds
[2022-09-05 21:45:51,893] {processor.py:153} INFO - Started process (PID=180775) to work on /home/osboxes/.local/lib/python3.8/site-packages/airflow/example_dags/example_branch_day_of_week_operator.py
[2022-09-05 21:45:51,894] {processor.py:641} INFO - Processing file /home/osboxes/.local/lib/python3.8/site-packages/airflow/example_dags/example_branch_day_of_week_operator.py for tasks to queue
[2022-09-05 21:45:51,895] {logging_mixin.py:115} INFO - [2022-09-05 21:45:51,895] {dagbag.py:507} INFO - Filling up the DagBag from /home/osboxes/.local/lib/python3.8/site-packages/airflow/example_dags/example_branch_day_of_week_operator.py
[2022-09-05 21:45:51,901] {processor.py:651} INFO - DAG(s) dict_keys(['example_weekday_branch_operator']) retrieved from /home/osboxes/.local/lib/python3.8/site-packages/airflow/example_dags/example_branch_day_of_week_operator.py
[2022-09-05 21:45:51,923] {logging_mixin.py:115} INFO - [2022-09-05 21:45:51,923] {dag.py:2371} INFO - Sync 1 DAGs
[2022-09-05 21:45:51,940] {logging_mixin.py:115} INFO - [2022-09-05 21:45:51,940] {dag.py:2915} INFO - Setting next_dagrun for example_weekday_branch_operator to 2022-09-05T00:00:00+00:00, run_after=2022-09-06T00:00:00+00:00
[2022-09-05 21:45:51,978] {processor.py:161} INFO - Processing /home/osboxes/.local/lib/python3.8/site-packages/airflow/example_dags/example_branch_day_of_week_operator.py took 0.088 seconds
[2022-09-05 21:46:44,390] {processor.py:153} INFO - Started process (PID=181189) to work on /home/osboxes/.local/lib/python3.8/site-packages/airflow/example_dags/example_branch_day_of_week_operator.py
[2022-09-05 21:46:44,392] {processor.py:641} INFO - Processing file /home/osboxes/.local/lib/python3.8/site-packages/airflow/example_dags/example_branch_day_of_week_operator.py for tasks to queue
[2022-09-05 21:46:44,393] {logging_mixin.py:115} INFO - [2022-09-05 21:46:44,393] {dagbag.py:507} INFO - Filling up the DagBag from /home/osboxes/.local/lib/python3.8/site-packages/airflow/example_dags/example_branch_day_of_week_operator.py
[2022-09-05 21:46:44,401] {processor.py:651} INFO - DAG(s) dict_keys(['example_weekday_branch_operator']) retrieved from /home/osboxes/.local/lib/python3.8/site-packages/airflow/example_dags/example_branch_day_of_week_operator.py
[2022-09-05 21:46:44,428] {logging_mixin.py:115} INFO - [2022-09-05 21:46:44,428] {dag.py:2371} INFO - Sync 1 DAGs
[2022-09-05 21:46:44,445] {logging_mixin.py:115} INFO - [2022-09-05 21:46:44,444] {dag.py:2915} INFO - Setting next_dagrun for example_weekday_branch_operator to 2022-09-05T00:00:00+00:00, run_after=2022-09-06T00:00:00+00:00
[2022-09-05 21:46:44,482] {processor.py:161} INFO - Processing /home/osboxes/.local/lib/python3.8/site-packages/airflow/example_dags/example_branch_day_of_week_operator.py took 0.095 seconds
[2022-09-05 21:47:30,630] {processor.py:153} INFO - Started process (PID=181561) to work on /home/osboxes/.local/lib/python3.8/site-packages/airflow/example_dags/example_branch_day_of_week_operator.py
[2022-09-05 21:47:30,633] {processor.py:641} INFO - Processing file /home/osboxes/.local/lib/python3.8/site-packages/airflow/example_dags/example_branch_day_of_week_operator.py for tasks to queue
[2022-09-05 21:47:30,634] {logging_mixin.py:115} INFO - [2022-09-05 21:47:30,634] {dagbag.py:507} INFO - Filling up the DagBag from /home/osboxes/.local/lib/python3.8/site-packages/airflow/example_dags/example_branch_day_of_week_operator.py
[2022-09-05 21:47:30,644] {processor.py:651} INFO - DAG(s) dict_keys(['example_weekday_branch_operator']) retrieved from /home/osboxes/.local/lib/python3.8/site-packages/airflow/example_dags/example_branch_day_of_week_operator.py
[2022-09-05 21:47:30,666] {logging_mixin.py:115} INFO - [2022-09-05 21:47:30,666] {dag.py:2371} INFO - Sync 1 DAGs
[2022-09-05 21:47:30,687] {logging_mixin.py:115} INFO - [2022-09-05 21:47:30,687] {dag.py:2915} INFO - Setting next_dagrun for example_weekday_branch_operator to 2022-09-05T00:00:00+00:00, run_after=2022-09-06T00:00:00+00:00
[2022-09-05 21:47:30,723] {processor.py:161} INFO - Processing /home/osboxes/.local/lib/python3.8/site-packages/airflow/example_dags/example_branch_day_of_week_operator.py took 0.096 seconds
[2022-09-05 21:48:22,010] {processor.py:153} INFO - Started process (PID=182022) to work on /home/osboxes/.local/lib/python3.8/site-packages/airflow/example_dags/example_branch_day_of_week_operator.py
[2022-09-05 21:48:22,012] {processor.py:641} INFO - Processing file /home/osboxes/.local/lib/python3.8/site-packages/airflow/example_dags/example_branch_day_of_week_operator.py for tasks to queue
[2022-09-05 21:48:22,012] {logging_mixin.py:115} INFO - [2022-09-05 21:48:22,012] {dagbag.py:507} INFO - Filling up the DagBag from /home/osboxes/.local/lib/python3.8/site-packages/airflow/example_dags/example_branch_day_of_week_operator.py
[2022-09-05 21:48:22,018] {processor.py:651} INFO - DAG(s) dict_keys(['example_weekday_branch_operator']) retrieved from /home/osboxes/.local/lib/python3.8/site-packages/airflow/example_dags/example_branch_day_of_week_operator.py
[2022-09-05 21:48:22,039] {logging_mixin.py:115} INFO - [2022-09-05 21:48:22,039] {dag.py:2371} INFO - Sync 1 DAGs
[2022-09-05 21:48:22,056] {logging_mixin.py:115} INFO - [2022-09-05 21:48:22,056] {dag.py:2915} INFO - Setting next_dagrun for example_weekday_branch_operator to 2022-09-05T00:00:00+00:00, run_after=2022-09-06T00:00:00+00:00
[2022-09-05 21:48:22,101] {processor.py:161} INFO - Processing /home/osboxes/.local/lib/python3.8/site-packages/airflow/example_dags/example_branch_day_of_week_operator.py took 0.094 seconds
[2022-09-05 21:49:16,429] {processor.py:153} INFO - Started process (PID=182448) to work on /home/osboxes/.local/lib/python3.8/site-packages/airflow/example_dags/example_branch_day_of_week_operator.py
[2022-09-05 21:49:16,432] {processor.py:641} INFO - Processing file /home/osboxes/.local/lib/python3.8/site-packages/airflow/example_dags/example_branch_day_of_week_operator.py for tasks to queue
[2022-09-05 21:49:16,433] {logging_mixin.py:115} INFO - [2022-09-05 21:49:16,432] {dagbag.py:507} INFO - Filling up the DagBag from /home/osboxes/.local/lib/python3.8/site-packages/airflow/example_dags/example_branch_day_of_week_operator.py
[2022-09-05 21:49:16,439] {processor.py:651} INFO - DAG(s) dict_keys(['example_weekday_branch_operator']) retrieved from /home/osboxes/.local/lib/python3.8/site-packages/airflow/example_dags/example_branch_day_of_week_operator.py
[2022-09-05 21:49:16,459] {logging_mixin.py:115} INFO - [2022-09-05 21:49:16,459] {dag.py:2371} INFO - Sync 1 DAGs
[2022-09-05 21:49:16,476] {logging_mixin.py:115} INFO - [2022-09-05 21:49:16,475] {dag.py:2915} INFO - Setting next_dagrun for example_weekday_branch_operator to 2022-09-05T00:00:00+00:00, run_after=2022-09-06T00:00:00+00:00
[2022-09-05 21:49:16,543] {processor.py:161} INFO - Processing /home/osboxes/.local/lib/python3.8/site-packages/airflow/example_dags/example_branch_day_of_week_operator.py took 0.116 seconds
[2022-09-05 21:50:09,984] {processor.py:153} INFO - Started process (PID=182872) to work on /home/osboxes/.local/lib/python3.8/site-packages/airflow/example_dags/example_branch_day_of_week_operator.py
[2022-09-05 21:50:09,995] {processor.py:641} INFO - Processing file /home/osboxes/.local/lib/python3.8/site-packages/airflow/example_dags/example_branch_day_of_week_operator.py for tasks to queue
[2022-09-05 21:50:09,995] {logging_mixin.py:115} INFO - [2022-09-05 21:50:09,995] {dagbag.py:507} INFO - Filling up the DagBag from /home/osboxes/.local/lib/python3.8/site-packages/airflow/example_dags/example_branch_day_of_week_operator.py
[2022-09-05 21:50:10,001] {processor.py:651} INFO - DAG(s) dict_keys(['example_weekday_branch_operator']) retrieved from /home/osboxes/.local/lib/python3.8/site-packages/airflow/example_dags/example_branch_day_of_week_operator.py
[2022-09-05 21:50:10,021] {logging_mixin.py:115} INFO - [2022-09-05 21:50:10,021] {dag.py:2371} INFO - Sync 1 DAGs
[2022-09-05 21:50:10,037] {logging_mixin.py:115} INFO - [2022-09-05 21:50:10,036] {dag.py:2915} INFO - Setting next_dagrun for example_weekday_branch_operator to 2022-09-05T00:00:00+00:00, run_after=2022-09-06T00:00:00+00:00
[2022-09-05 21:50:10,065] {processor.py:161} INFO - Processing /home/osboxes/.local/lib/python3.8/site-packages/airflow/example_dags/example_branch_day_of_week_operator.py took 0.084 seconds
[2022-09-05 21:50:55,160] {processor.py:153} INFO - Started process (PID=183200) to work on /home/osboxes/.local/lib/python3.8/site-packages/airflow/example_dags/example_branch_day_of_week_operator.py
[2022-09-05 21:50:55,162] {processor.py:641} INFO - Processing file /home/osboxes/.local/lib/python3.8/site-packages/airflow/example_dags/example_branch_day_of_week_operator.py for tasks to queue
[2022-09-05 21:50:55,163] {logging_mixin.py:115} INFO - [2022-09-05 21:50:55,163] {dagbag.py:507} INFO - Filling up the DagBag from /home/osboxes/.local/lib/python3.8/site-packages/airflow/example_dags/example_branch_day_of_week_operator.py
[2022-09-05 21:50:55,169] {processor.py:651} INFO - DAG(s) dict_keys(['example_weekday_branch_operator']) retrieved from /home/osboxes/.local/lib/python3.8/site-packages/airflow/example_dags/example_branch_day_of_week_operator.py
[2022-09-05 21:50:55,189] {logging_mixin.py:115} INFO - [2022-09-05 21:50:55,189] {dag.py:2371} INFO - Sync 1 DAGs
[2022-09-05 21:50:55,206] {logging_mixin.py:115} INFO - [2022-09-05 21:50:55,205] {dag.py:2915} INFO - Setting next_dagrun for example_weekday_branch_operator to 2022-09-05T00:00:00+00:00, run_after=2022-09-06T00:00:00+00:00
[2022-09-05 21:50:55,242] {processor.py:161} INFO - Processing /home/osboxes/.local/lib/python3.8/site-packages/airflow/example_dags/example_branch_day_of_week_operator.py took 0.084 seconds
[2022-09-05 21:51:49,300] {processor.py:153} INFO - Started process (PID=183642) to work on /home/osboxes/.local/lib/python3.8/site-packages/airflow/example_dags/example_branch_day_of_week_operator.py
[2022-09-05 21:51:49,304] {processor.py:641} INFO - Processing file /home/osboxes/.local/lib/python3.8/site-packages/airflow/example_dags/example_branch_day_of_week_operator.py for tasks to queue
[2022-09-05 21:51:49,305] {logging_mixin.py:115} INFO - [2022-09-05 21:51:49,305] {dagbag.py:507} INFO - Filling up the DagBag from /home/osboxes/.local/lib/python3.8/site-packages/airflow/example_dags/example_branch_day_of_week_operator.py
[2022-09-05 21:51:49,311] {processor.py:651} INFO - DAG(s) dict_keys(['example_weekday_branch_operator']) retrieved from /home/osboxes/.local/lib/python3.8/site-packages/airflow/example_dags/example_branch_day_of_week_operator.py
[2022-09-05 21:51:49,330] {logging_mixin.py:115} INFO - [2022-09-05 21:51:49,330] {dag.py:2371} INFO - Sync 1 DAGs
[2022-09-05 21:51:49,346] {logging_mixin.py:115} INFO - [2022-09-05 21:51:49,346] {dag.py:2915} INFO - Setting next_dagrun for example_weekday_branch_operator to 2022-09-05T00:00:00+00:00, run_after=2022-09-06T00:00:00+00:00
[2022-09-05 21:51:49,383] {processor.py:161} INFO - Processing /home/osboxes/.local/lib/python3.8/site-packages/airflow/example_dags/example_branch_day_of_week_operator.py took 0.086 seconds
[2022-09-05 21:52:47,931] {processor.py:153} INFO - Started process (PID=184096) to work on /home/osboxes/.local/lib/python3.8/site-packages/airflow/example_dags/example_branch_day_of_week_operator.py
[2022-09-05 21:52:47,933] {processor.py:641} INFO - Processing file /home/osboxes/.local/lib/python3.8/site-packages/airflow/example_dags/example_branch_day_of_week_operator.py for tasks to queue
[2022-09-05 21:52:47,934] {logging_mixin.py:115} INFO - [2022-09-05 21:52:47,934] {dagbag.py:507} INFO - Filling up the DagBag from /home/osboxes/.local/lib/python3.8/site-packages/airflow/example_dags/example_branch_day_of_week_operator.py
[2022-09-05 21:52:47,944] {processor.py:651} INFO - DAG(s) dict_keys(['example_weekday_branch_operator']) retrieved from /home/osboxes/.local/lib/python3.8/site-packages/airflow/example_dags/example_branch_day_of_week_operator.py
[2022-09-05 21:52:47,972] {logging_mixin.py:115} INFO - [2022-09-05 21:52:47,971] {dag.py:2371} INFO - Sync 1 DAGs
[2022-09-05 21:52:48,007] {logging_mixin.py:115} INFO - [2022-09-05 21:52:48,007] {dag.py:2915} INFO - Setting next_dagrun for example_weekday_branch_operator to 2022-09-05T00:00:00+00:00, run_after=2022-09-06T00:00:00+00:00
[2022-09-05 21:52:48,063] {processor.py:161} INFO - Processing /home/osboxes/.local/lib/python3.8/site-packages/airflow/example_dags/example_branch_day_of_week_operator.py took 0.137 seconds
[2022-09-05 21:53:40,630] {processor.py:153} INFO - Started process (PID=184558) to work on /home/osboxes/.local/lib/python3.8/site-packages/airflow/example_dags/example_branch_day_of_week_operator.py
[2022-09-05 21:53:40,633] {processor.py:641} INFO - Processing file /home/osboxes/.local/lib/python3.8/site-packages/airflow/example_dags/example_branch_day_of_week_operator.py for tasks to queue
[2022-09-05 21:53:40,633] {logging_mixin.py:115} INFO - [2022-09-05 21:53:40,633] {dagbag.py:507} INFO - Filling up the DagBag from /home/osboxes/.local/lib/python3.8/site-packages/airflow/example_dags/example_branch_day_of_week_operator.py
[2022-09-05 21:53:40,641] {processor.py:651} INFO - DAG(s) dict_keys(['example_weekday_branch_operator']) retrieved from /home/osboxes/.local/lib/python3.8/site-packages/airflow/example_dags/example_branch_day_of_week_operator.py
[2022-09-05 21:53:40,662] {logging_mixin.py:115} INFO - [2022-09-05 21:53:40,662] {dag.py:2371} INFO - Sync 1 DAGs
[2022-09-05 21:53:40,678] {logging_mixin.py:115} INFO - [2022-09-05 21:53:40,678] {dag.py:2915} INFO - Setting next_dagrun for example_weekday_branch_operator to 2022-09-05T00:00:00+00:00, run_after=2022-09-06T00:00:00+00:00
[2022-09-05 21:53:40,709] {processor.py:161} INFO - Processing /home/osboxes/.local/lib/python3.8/site-packages/airflow/example_dags/example_branch_day_of_week_operator.py took 0.081 seconds
[2022-09-05 21:54:33,469] {processor.py:153} INFO - Started process (PID=184965) to work on /home/osboxes/.local/lib/python3.8/site-packages/airflow/example_dags/example_branch_day_of_week_operator.py
[2022-09-05 21:54:33,480] {processor.py:641} INFO - Processing file /home/osboxes/.local/lib/python3.8/site-packages/airflow/example_dags/example_branch_day_of_week_operator.py for tasks to queue
[2022-09-05 21:54:33,481] {logging_mixin.py:115} INFO - [2022-09-05 21:54:33,481] {dagbag.py:507} INFO - Filling up the DagBag from /home/osboxes/.local/lib/python3.8/site-packages/airflow/example_dags/example_branch_day_of_week_operator.py
[2022-09-05 21:54:33,488] {processor.py:651} INFO - DAG(s) dict_keys(['example_weekday_branch_operator']) retrieved from /home/osboxes/.local/lib/python3.8/site-packages/airflow/example_dags/example_branch_day_of_week_operator.py
[2022-09-05 21:54:33,517] {logging_mixin.py:115} INFO - [2022-09-05 21:54:33,517] {dag.py:2371} INFO - Sync 1 DAGs
[2022-09-05 21:54:33,541] {logging_mixin.py:115} INFO - [2022-09-05 21:54:33,540] {dag.py:2915} INFO - Setting next_dagrun for example_weekday_branch_operator to 2022-09-05T00:00:00+00:00, run_after=2022-09-06T00:00:00+00:00
[2022-09-05 21:54:33,591] {processor.py:161} INFO - Processing /home/osboxes/.local/lib/python3.8/site-packages/airflow/example_dags/example_branch_day_of_week_operator.py took 0.124 seconds
[2022-09-05 21:55:29,010] {processor.py:153} INFO - Started process (PID=185409) to work on /home/osboxes/.local/lib/python3.8/site-packages/airflow/example_dags/example_branch_day_of_week_operator.py
[2022-09-05 21:55:29,012] {processor.py:641} INFO - Processing file /home/osboxes/.local/lib/python3.8/site-packages/airflow/example_dags/example_branch_day_of_week_operator.py for tasks to queue
[2022-09-05 21:55:29,012] {logging_mixin.py:115} INFO - [2022-09-05 21:55:29,012] {dagbag.py:507} INFO - Filling up the DagBag from /home/osboxes/.local/lib/python3.8/site-packages/airflow/example_dags/example_branch_day_of_week_operator.py
[2022-09-05 21:55:29,017] {processor.py:651} INFO - DAG(s) dict_keys(['example_weekday_branch_operator']) retrieved from /home/osboxes/.local/lib/python3.8/site-packages/airflow/example_dags/example_branch_day_of_week_operator.py
[2022-09-05 21:55:29,039] {logging_mixin.py:115} INFO - [2022-09-05 21:55:29,038] {dag.py:2371} INFO - Sync 1 DAGs
[2022-09-05 21:55:29,055] {logging_mixin.py:115} INFO - [2022-09-05 21:55:29,054] {dag.py:2915} INFO - Setting next_dagrun for example_weekday_branch_operator to 2022-09-05T00:00:00+00:00, run_after=2022-09-06T00:00:00+00:00
[2022-09-05 21:55:29,084] {processor.py:161} INFO - Processing /home/osboxes/.local/lib/python3.8/site-packages/airflow/example_dags/example_branch_day_of_week_operator.py took 0.078 seconds
[2022-09-05 21:56:24,363] {processor.py:153} INFO - Started process (PID=185847) to work on /home/osboxes/.local/lib/python3.8/site-packages/airflow/example_dags/example_branch_day_of_week_operator.py
[2022-09-05 21:56:24,364] {processor.py:641} INFO - Processing file /home/osboxes/.local/lib/python3.8/site-packages/airflow/example_dags/example_branch_day_of_week_operator.py for tasks to queue
[2022-09-05 21:56:24,365] {logging_mixin.py:115} INFO - [2022-09-05 21:56:24,365] {dagbag.py:507} INFO - Filling up the DagBag from /home/osboxes/.local/lib/python3.8/site-packages/airflow/example_dags/example_branch_day_of_week_operator.py
[2022-09-05 21:56:24,370] {processor.py:651} INFO - DAG(s) dict_keys(['example_weekday_branch_operator']) retrieved from /home/osboxes/.local/lib/python3.8/site-packages/airflow/example_dags/example_branch_day_of_week_operator.py
[2022-09-05 21:56:24,391] {logging_mixin.py:115} INFO - [2022-09-05 21:56:24,391] {dag.py:2371} INFO - Sync 1 DAGs
[2022-09-05 21:56:24,405] {logging_mixin.py:115} INFO - [2022-09-05 21:56:24,405] {dag.py:2915} INFO - Setting next_dagrun for example_weekday_branch_operator to 2022-09-05T00:00:00+00:00, run_after=2022-09-06T00:00:00+00:00
[2022-09-05 21:56:24,457] {processor.py:161} INFO - Processing /home/osboxes/.local/lib/python3.8/site-packages/airflow/example_dags/example_branch_day_of_week_operator.py took 0.096 seconds
[2022-09-05 21:57:15,542] {processor.py:153} INFO - Started process (PID=186256) to work on /home/osboxes/.local/lib/python3.8/site-packages/airflow/example_dags/example_branch_day_of_week_operator.py
[2022-09-05 21:57:15,545] {processor.py:641} INFO - Processing file /home/osboxes/.local/lib/python3.8/site-packages/airflow/example_dags/example_branch_day_of_week_operator.py for tasks to queue
[2022-09-05 21:57:15,545] {logging_mixin.py:115} INFO - [2022-09-05 21:57:15,545] {dagbag.py:507} INFO - Filling up the DagBag from /home/osboxes/.local/lib/python3.8/site-packages/airflow/example_dags/example_branch_day_of_week_operator.py
[2022-09-05 21:57:15,551] {processor.py:651} INFO - DAG(s) dict_keys(['example_weekday_branch_operator']) retrieved from /home/osboxes/.local/lib/python3.8/site-packages/airflow/example_dags/example_branch_day_of_week_operator.py
[2022-09-05 21:57:15,573] {logging_mixin.py:115} INFO - [2022-09-05 21:57:15,573] {dag.py:2371} INFO - Sync 1 DAGs
[2022-09-05 21:57:15,591] {logging_mixin.py:115} INFO - [2022-09-05 21:57:15,590] {dag.py:2915} INFO - Setting next_dagrun for example_weekday_branch_operator to 2022-09-05T00:00:00+00:00, run_after=2022-09-06T00:00:00+00:00
[2022-09-05 21:57:15,632] {processor.py:161} INFO - Processing /home/osboxes/.local/lib/python3.8/site-packages/airflow/example_dags/example_branch_day_of_week_operator.py took 0.093 seconds
[2022-09-05 21:58:07,557] {processor.py:153} INFO - Started process (PID=186670) to work on /home/osboxes/.local/lib/python3.8/site-packages/airflow/example_dags/example_branch_day_of_week_operator.py
[2022-09-05 21:58:07,560] {processor.py:641} INFO - Processing file /home/osboxes/.local/lib/python3.8/site-packages/airflow/example_dags/example_branch_day_of_week_operator.py for tasks to queue
[2022-09-05 21:58:07,561] {logging_mixin.py:115} INFO - [2022-09-05 21:58:07,561] {dagbag.py:507} INFO - Filling up the DagBag from /home/osboxes/.local/lib/python3.8/site-packages/airflow/example_dags/example_branch_day_of_week_operator.py
[2022-09-05 21:58:07,567] {processor.py:651} INFO - DAG(s) dict_keys(['example_weekday_branch_operator']) retrieved from /home/osboxes/.local/lib/python3.8/site-packages/airflow/example_dags/example_branch_day_of_week_operator.py
[2022-09-05 21:58:07,588] {logging_mixin.py:115} INFO - [2022-09-05 21:58:07,588] {dag.py:2371} INFO - Sync 1 DAGs
[2022-09-05 21:58:07,610] {logging_mixin.py:115} INFO - [2022-09-05 21:58:07,610] {dag.py:2915} INFO - Setting next_dagrun for example_weekday_branch_operator to 2022-09-05T00:00:00+00:00, run_after=2022-09-06T00:00:00+00:00
[2022-09-05 21:58:07,649] {processor.py:161} INFO - Processing /home/osboxes/.local/lib/python3.8/site-packages/airflow/example_dags/example_branch_day_of_week_operator.py took 0.095 seconds
[2022-09-05 21:59:16,347] {processor.py:153} INFO - Started process (PID=187207) to work on /home/osboxes/.local/lib/python3.8/site-packages/airflow/example_dags/example_branch_day_of_week_operator.py
[2022-09-05 21:59:16,351] {processor.py:641} INFO - Processing file /home/osboxes/.local/lib/python3.8/site-packages/airflow/example_dags/example_branch_day_of_week_operator.py for tasks to queue
[2022-09-05 21:59:16,355] {logging_mixin.py:115} INFO - [2022-09-05 21:59:16,355] {dagbag.py:507} INFO - Filling up the DagBag from /home/osboxes/.local/lib/python3.8/site-packages/airflow/example_dags/example_branch_day_of_week_operator.py
[2022-09-05 21:59:16,390] {processor.py:651} INFO - DAG(s) dict_keys(['example_weekday_branch_operator']) retrieved from /home/osboxes/.local/lib/python3.8/site-packages/airflow/example_dags/example_branch_day_of_week_operator.py
[2022-09-05 21:59:16,427] {logging_mixin.py:115} INFO - [2022-09-05 21:59:16,427] {dag.py:2371} INFO - Sync 1 DAGs
[2022-09-05 21:59:16,450] {logging_mixin.py:115} INFO - [2022-09-05 21:59:16,450] {dag.py:2915} INFO - Setting next_dagrun for example_weekday_branch_operator to 2022-09-05T00:00:00+00:00, run_after=2022-09-06T00:00:00+00:00
[2022-09-05 21:59:16,664] {processor.py:161} INFO - Processing /home/osboxes/.local/lib/python3.8/site-packages/airflow/example_dags/example_branch_day_of_week_operator.py took 0.335 seconds
[2022-09-05 22:00:31,883] {processor.py:153} INFO - Started process (PID=187833) to work on /home/osboxes/.local/lib/python3.8/site-packages/airflow/example_dags/example_branch_day_of_week_operator.py
[2022-09-05 22:00:31,944] {processor.py:641} INFO - Processing file /home/osboxes/.local/lib/python3.8/site-packages/airflow/example_dags/example_branch_day_of_week_operator.py for tasks to queue
[2022-09-05 22:00:31,945] {logging_mixin.py:115} INFO - [2022-09-05 22:00:31,945] {dagbag.py:507} INFO - Filling up the DagBag from /home/osboxes/.local/lib/python3.8/site-packages/airflow/example_dags/example_branch_day_of_week_operator.py
[2022-09-05 22:00:31,950] {processor.py:651} INFO - DAG(s) dict_keys(['example_weekday_branch_operator']) retrieved from /home/osboxes/.local/lib/python3.8/site-packages/airflow/example_dags/example_branch_day_of_week_operator.py
[2022-09-05 22:00:32,090] {logging_mixin.py:115} INFO - [2022-09-05 22:00:32,090] {dag.py:2371} INFO - Sync 1 DAGs
[2022-09-05 22:00:32,219] {logging_mixin.py:115} INFO - [2022-09-05 22:00:32,219] {dag.py:2915} INFO - Setting next_dagrun for example_weekday_branch_operator to 2022-09-05T00:00:00+00:00, run_after=2022-09-06T00:00:00+00:00
[2022-09-05 22:00:32,341] {processor.py:161} INFO - Processing /home/osboxes/.local/lib/python3.8/site-packages/airflow/example_dags/example_branch_day_of_week_operator.py took 0.461 seconds
[2022-09-05 22:03:09,064] {processor.py:153} INFO - Started process (PID=188975) to work on /home/osboxes/.local/lib/python3.8/site-packages/airflow/example_dags/example_branch_day_of_week_operator.py
[2022-09-05 22:03:09,068] {processor.py:641} INFO - Processing file /home/osboxes/.local/lib/python3.8/site-packages/airflow/example_dags/example_branch_day_of_week_operator.py for tasks to queue
[2022-09-05 22:03:09,068] {logging_mixin.py:115} INFO - [2022-09-05 22:03:09,068] {dagbag.py:507} INFO - Filling up the DagBag from /home/osboxes/.local/lib/python3.8/site-packages/airflow/example_dags/example_branch_day_of_week_operator.py
[2022-09-05 22:03:09,076] {processor.py:651} INFO - DAG(s) dict_keys(['example_weekday_branch_operator']) retrieved from /home/osboxes/.local/lib/python3.8/site-packages/airflow/example_dags/example_branch_day_of_week_operator.py
[2022-09-05 22:03:09,246] {logging_mixin.py:115} INFO - [2022-09-05 22:03:09,245] {dag.py:2371} INFO - Sync 1 DAGs
[2022-09-05 22:03:09,303] {logging_mixin.py:115} INFO - [2022-09-05 22:03:09,303] {dag.py:2915} INFO - Setting next_dagrun for example_weekday_branch_operator to 2022-09-05T00:00:00+00:00, run_after=2022-09-06T00:00:00+00:00
[2022-09-05 22:03:09,415] {processor.py:161} INFO - Processing /home/osboxes/.local/lib/python3.8/site-packages/airflow/example_dags/example_branch_day_of_week_operator.py took 0.522 seconds
