[2022-09-05 21:17:42,055] {processor.py:153} INFO - Started process (PID=167224) to work on /home/osboxes/.local/lib/python3.8/site-packages/airflow/example_dags/example_time_delta_sensor_async.py
[2022-09-05 21:17:42,056] {processor.py:641} INFO - Processing file /home/osboxes/.local/lib/python3.8/site-packages/airflow/example_dags/example_time_delta_sensor_async.py for tasks to queue
[2022-09-05 21:17:42,057] {logging_mixin.py:115} INFO - [2022-09-05 21:17:42,057] {dagbag.py:507} INFO - Filling up the DagBag from /home/osboxes/.local/lib/python3.8/site-packages/airflow/example_dags/example_time_delta_sensor_async.py
[2022-09-05 21:17:42,062] {processor.py:651} INFO - DAG(s) dict_keys(['example_time_delta_sensor_async']) retrieved from /home/osboxes/.local/lib/python3.8/site-packages/airflow/example_dags/example_time_delta_sensor_async.py
[2022-09-05 21:17:42,097] {logging_mixin.py:115} INFO - [2022-09-05 21:17:42,097] {dag.py:2371} INFO - Sync 1 DAGs
[2022-09-05 21:17:42,114] {logging_mixin.py:115} INFO - [2022-09-05 21:17:42,114] {dag.py:2915} INFO - Setting next_dagrun for example_time_delta_sensor_async to None, run_after=None
[2022-09-05 21:17:42,143] {processor.py:161} INFO - Processing /home/osboxes/.local/lib/python3.8/site-packages/airflow/example_dags/example_time_delta_sensor_async.py took 0.090 seconds
[2022-09-05 21:18:25,477] {processor.py:153} INFO - Started process (PID=167622) to work on /home/osboxes/.local/lib/python3.8/site-packages/airflow/example_dags/example_time_delta_sensor_async.py
[2022-09-05 21:18:25,480] {processor.py:641} INFO - Processing file /home/osboxes/.local/lib/python3.8/site-packages/airflow/example_dags/example_time_delta_sensor_async.py for tasks to queue
[2022-09-05 21:18:25,481] {logging_mixin.py:115} INFO - [2022-09-05 21:18:25,481] {dagbag.py:507} INFO - Filling up the DagBag from /home/osboxes/.local/lib/python3.8/site-packages/airflow/example_dags/example_time_delta_sensor_async.py
[2022-09-05 21:18:25,491] {processor.py:651} INFO - DAG(s) dict_keys(['example_time_delta_sensor_async']) retrieved from /home/osboxes/.local/lib/python3.8/site-packages/airflow/example_dags/example_time_delta_sensor_async.py
[2022-09-05 21:18:25,545] {logging_mixin.py:115} INFO - [2022-09-05 21:18:25,544] {dag.py:2371} INFO - Sync 1 DAGs
[2022-09-05 21:18:25,569] {logging_mixin.py:115} INFO - [2022-09-05 21:18:25,569] {dag.py:2915} INFO - Setting next_dagrun for example_time_delta_sensor_async to None, run_after=None
[2022-09-05 21:18:25,611] {processor.py:161} INFO - Processing /home/osboxes/.local/lib/python3.8/site-packages/airflow/example_dags/example_time_delta_sensor_async.py took 0.138 seconds
[2022-09-05 21:19:08,918] {processor.py:153} INFO - Started process (PID=167948) to work on /home/osboxes/.local/lib/python3.8/site-packages/airflow/example_dags/example_time_delta_sensor_async.py
[2022-09-05 21:19:08,920] {processor.py:641} INFO - Processing file /home/osboxes/.local/lib/python3.8/site-packages/airflow/example_dags/example_time_delta_sensor_async.py for tasks to queue
[2022-09-05 21:19:08,921] {logging_mixin.py:115} INFO - [2022-09-05 21:19:08,921] {dagbag.py:507} INFO - Filling up the DagBag from /home/osboxes/.local/lib/python3.8/site-packages/airflow/example_dags/example_time_delta_sensor_async.py
[2022-09-05 21:19:08,927] {processor.py:651} INFO - DAG(s) dict_keys(['example_time_delta_sensor_async']) retrieved from /home/osboxes/.local/lib/python3.8/site-packages/airflow/example_dags/example_time_delta_sensor_async.py
[2022-09-05 21:19:08,983] {logging_mixin.py:115} INFO - [2022-09-05 21:19:08,983] {dag.py:2371} INFO - Sync 1 DAGs
[2022-09-05 21:19:09,005] {logging_mixin.py:115} INFO - [2022-09-05 21:19:09,005] {dag.py:2915} INFO - Setting next_dagrun for example_time_delta_sensor_async to None, run_after=None
[2022-09-05 21:19:09,040] {processor.py:161} INFO - Processing /home/osboxes/.local/lib/python3.8/site-packages/airflow/example_dags/example_time_delta_sensor_async.py took 0.125 seconds
[2022-09-05 21:19:51,048] {processor.py:153} INFO - Started process (PID=168270) to work on /home/osboxes/.local/lib/python3.8/site-packages/airflow/example_dags/example_time_delta_sensor_async.py
[2022-09-05 21:19:51,049] {processor.py:641} INFO - Processing file /home/osboxes/.local/lib/python3.8/site-packages/airflow/example_dags/example_time_delta_sensor_async.py for tasks to queue
[2022-09-05 21:19:51,050] {logging_mixin.py:115} INFO - [2022-09-05 21:19:51,050] {dagbag.py:507} INFO - Filling up the DagBag from /home/osboxes/.local/lib/python3.8/site-packages/airflow/example_dags/example_time_delta_sensor_async.py
[2022-09-05 21:19:51,054] {processor.py:651} INFO - DAG(s) dict_keys(['example_time_delta_sensor_async']) retrieved from /home/osboxes/.local/lib/python3.8/site-packages/airflow/example_dags/example_time_delta_sensor_async.py
[2022-09-05 21:19:51,088] {logging_mixin.py:115} INFO - [2022-09-05 21:19:51,088] {dag.py:2371} INFO - Sync 1 DAGs
[2022-09-05 21:19:51,105] {logging_mixin.py:115} INFO - [2022-09-05 21:19:51,104] {dag.py:2915} INFO - Setting next_dagrun for example_time_delta_sensor_async to None, run_after=None
[2022-09-05 21:19:51,138] {processor.py:161} INFO - Processing /home/osboxes/.local/lib/python3.8/site-packages/airflow/example_dags/example_time_delta_sensor_async.py took 0.092 seconds
[2022-09-05 21:20:33,838] {processor.py:153} INFO - Started process (PID=168601) to work on /home/osboxes/.local/lib/python3.8/site-packages/airflow/example_dags/example_time_delta_sensor_async.py
[2022-09-05 21:20:33,841] {processor.py:641} INFO - Processing file /home/osboxes/.local/lib/python3.8/site-packages/airflow/example_dags/example_time_delta_sensor_async.py for tasks to queue
[2022-09-05 21:20:33,841] {logging_mixin.py:115} INFO - [2022-09-05 21:20:33,841] {dagbag.py:507} INFO - Filling up the DagBag from /home/osboxes/.local/lib/python3.8/site-packages/airflow/example_dags/example_time_delta_sensor_async.py
[2022-09-05 21:20:33,854] {processor.py:651} INFO - DAG(s) dict_keys(['example_time_delta_sensor_async']) retrieved from /home/osboxes/.local/lib/python3.8/site-packages/airflow/example_dags/example_time_delta_sensor_async.py
[2022-09-05 21:20:33,887] {logging_mixin.py:115} INFO - [2022-09-05 21:20:33,887] {dag.py:2371} INFO - Sync 1 DAGs
[2022-09-05 21:20:33,901] {logging_mixin.py:115} INFO - [2022-09-05 21:20:33,901] {dag.py:2915} INFO - Setting next_dagrun for example_time_delta_sensor_async to None, run_after=None
[2022-09-05 21:20:33,937] {processor.py:161} INFO - Processing /home/osboxes/.local/lib/python3.8/site-packages/airflow/example_dags/example_time_delta_sensor_async.py took 0.101 seconds
[2022-09-05 21:21:16,894] {processor.py:153} INFO - Started process (PID=168931) to work on /home/osboxes/.local/lib/python3.8/site-packages/airflow/example_dags/example_time_delta_sensor_async.py
[2022-09-05 21:21:16,895] {processor.py:641} INFO - Processing file /home/osboxes/.local/lib/python3.8/site-packages/airflow/example_dags/example_time_delta_sensor_async.py for tasks to queue
[2022-09-05 21:21:16,895] {logging_mixin.py:115} INFO - [2022-09-05 21:21:16,895] {dagbag.py:507} INFO - Filling up the DagBag from /home/osboxes/.local/lib/python3.8/site-packages/airflow/example_dags/example_time_delta_sensor_async.py
[2022-09-05 21:21:16,900] {processor.py:651} INFO - DAG(s) dict_keys(['example_time_delta_sensor_async']) retrieved from /home/osboxes/.local/lib/python3.8/site-packages/airflow/example_dags/example_time_delta_sensor_async.py
[2022-09-05 21:21:16,937] {logging_mixin.py:115} INFO - [2022-09-05 21:21:16,937] {dag.py:2371} INFO - Sync 1 DAGs
[2022-09-05 21:21:16,951] {logging_mixin.py:115} INFO - [2022-09-05 21:21:16,951] {dag.py:2915} INFO - Setting next_dagrun for example_time_delta_sensor_async to None, run_after=None
[2022-09-05 21:21:16,978] {processor.py:161} INFO - Processing /home/osboxes/.local/lib/python3.8/site-packages/airflow/example_dags/example_time_delta_sensor_async.py took 0.087 seconds
[2022-09-05 21:21:54,719] {processor.py:153} INFO - Started process (PID=169228) to work on /home/osboxes/.local/lib/python3.8/site-packages/airflow/example_dags/example_time_delta_sensor_async.py
[2022-09-05 21:21:54,738] {processor.py:641} INFO - Processing file /home/osboxes/.local/lib/python3.8/site-packages/airflow/example_dags/example_time_delta_sensor_async.py for tasks to queue
[2022-09-05 21:21:54,738] {logging_mixin.py:115} INFO - [2022-09-05 21:21:54,738] {dagbag.py:507} INFO - Filling up the DagBag from /home/osboxes/.local/lib/python3.8/site-packages/airflow/example_dags/example_time_delta_sensor_async.py
[2022-09-05 21:21:54,749] {processor.py:651} INFO - DAG(s) dict_keys(['example_time_delta_sensor_async']) retrieved from /home/osboxes/.local/lib/python3.8/site-packages/airflow/example_dags/example_time_delta_sensor_async.py
[2022-09-05 21:21:54,821] {logging_mixin.py:115} INFO - [2022-09-05 21:21:54,821] {dag.py:2371} INFO - Sync 1 DAGs
[2022-09-05 21:21:54,835] {logging_mixin.py:115} INFO - [2022-09-05 21:21:54,835] {dag.py:2915} INFO - Setting next_dagrun for example_time_delta_sensor_async to None, run_after=None
[2022-09-05 21:21:54,876] {processor.py:161} INFO - Processing /home/osboxes/.local/lib/python3.8/site-packages/airflow/example_dags/example_time_delta_sensor_async.py took 0.159 seconds
[2022-09-05 21:22:35,850] {processor.py:153} INFO - Started process (PID=169553) to work on /home/osboxes/.local/lib/python3.8/site-packages/airflow/example_dags/example_time_delta_sensor_async.py
[2022-09-05 21:22:35,851] {processor.py:641} INFO - Processing file /home/osboxes/.local/lib/python3.8/site-packages/airflow/example_dags/example_time_delta_sensor_async.py for tasks to queue
[2022-09-05 21:22:35,852] {logging_mixin.py:115} INFO - [2022-09-05 21:22:35,852] {dagbag.py:507} INFO - Filling up the DagBag from /home/osboxes/.local/lib/python3.8/site-packages/airflow/example_dags/example_time_delta_sensor_async.py
[2022-09-05 21:22:35,857] {processor.py:651} INFO - DAG(s) dict_keys(['example_time_delta_sensor_async']) retrieved from /home/osboxes/.local/lib/python3.8/site-packages/airflow/example_dags/example_time_delta_sensor_async.py
[2022-09-05 21:22:35,909] {logging_mixin.py:115} INFO - [2022-09-05 21:22:35,909] {dag.py:2371} INFO - Sync 1 DAGs
[2022-09-05 21:22:35,923] {logging_mixin.py:115} INFO - [2022-09-05 21:22:35,922] {dag.py:2915} INFO - Setting next_dagrun for example_time_delta_sensor_async to None, run_after=None
[2022-09-05 21:22:35,971] {processor.py:161} INFO - Processing /home/osboxes/.local/lib/python3.8/site-packages/airflow/example_dags/example_time_delta_sensor_async.py took 0.128 seconds
[2022-09-05 21:23:23,309] {processor.py:153} INFO - Started process (PID=170002) to work on /home/osboxes/.local/lib/python3.8/site-packages/airflow/example_dags/example_time_delta_sensor_async.py
[2022-09-05 21:23:23,311] {processor.py:641} INFO - Processing file /home/osboxes/.local/lib/python3.8/site-packages/airflow/example_dags/example_time_delta_sensor_async.py for tasks to queue
[2022-09-05 21:23:23,311] {logging_mixin.py:115} INFO - [2022-09-05 21:23:23,311] {dagbag.py:507} INFO - Filling up the DagBag from /home/osboxes/.local/lib/python3.8/site-packages/airflow/example_dags/example_time_delta_sensor_async.py
[2022-09-05 21:23:23,317] {processor.py:651} INFO - DAG(s) dict_keys(['example_time_delta_sensor_async']) retrieved from /home/osboxes/.local/lib/python3.8/site-packages/airflow/example_dags/example_time_delta_sensor_async.py
[2022-09-05 21:23:23,364] {logging_mixin.py:115} INFO - [2022-09-05 21:23:23,364] {dag.py:2371} INFO - Sync 1 DAGs
[2022-09-05 21:23:23,387] {logging_mixin.py:115} INFO - [2022-09-05 21:23:23,387] {dag.py:2915} INFO - Setting next_dagrun for example_time_delta_sensor_async to None, run_after=None
[2022-09-05 21:23:23,419] {processor.py:161} INFO - Processing /home/osboxes/.local/lib/python3.8/site-packages/airflow/example_dags/example_time_delta_sensor_async.py took 0.112 seconds
[2022-09-05 21:24:11,368] {processor.py:153} INFO - Started process (PID=170369) to work on /home/osboxes/.local/lib/python3.8/site-packages/airflow/example_dags/example_time_delta_sensor_async.py
[2022-09-05 21:24:11,369] {processor.py:641} INFO - Processing file /home/osboxes/.local/lib/python3.8/site-packages/airflow/example_dags/example_time_delta_sensor_async.py for tasks to queue
[2022-09-05 21:24:11,370] {logging_mixin.py:115} INFO - [2022-09-05 21:24:11,370] {dagbag.py:507} INFO - Filling up the DagBag from /home/osboxes/.local/lib/python3.8/site-packages/airflow/example_dags/example_time_delta_sensor_async.py
[2022-09-05 21:24:11,374] {processor.py:651} INFO - DAG(s) dict_keys(['example_time_delta_sensor_async']) retrieved from /home/osboxes/.local/lib/python3.8/site-packages/airflow/example_dags/example_time_delta_sensor_async.py
[2022-09-05 21:24:11,412] {logging_mixin.py:115} INFO - [2022-09-05 21:24:11,412] {dag.py:2371} INFO - Sync 1 DAGs
[2022-09-05 21:24:11,430] {logging_mixin.py:115} INFO - [2022-09-05 21:24:11,430] {dag.py:2915} INFO - Setting next_dagrun for example_time_delta_sensor_async to None, run_after=None
[2022-09-05 21:24:11,466] {processor.py:161} INFO - Processing /home/osboxes/.local/lib/python3.8/site-packages/airflow/example_dags/example_time_delta_sensor_async.py took 0.100 seconds
[2022-09-05 21:24:53,883] {processor.py:153} INFO - Started process (PID=170704) to work on /home/osboxes/.local/lib/python3.8/site-packages/airflow/example_dags/example_time_delta_sensor_async.py
[2022-09-05 21:24:53,885] {processor.py:641} INFO - Processing file /home/osboxes/.local/lib/python3.8/site-packages/airflow/example_dags/example_time_delta_sensor_async.py for tasks to queue
[2022-09-05 21:24:53,886] {logging_mixin.py:115} INFO - [2022-09-05 21:24:53,886] {dagbag.py:507} INFO - Filling up the DagBag from /home/osboxes/.local/lib/python3.8/site-packages/airflow/example_dags/example_time_delta_sensor_async.py
[2022-09-05 21:24:53,890] {processor.py:651} INFO - DAG(s) dict_keys(['example_time_delta_sensor_async']) retrieved from /home/osboxes/.local/lib/python3.8/site-packages/airflow/example_dags/example_time_delta_sensor_async.py
[2022-09-05 21:24:53,929] {logging_mixin.py:115} INFO - [2022-09-05 21:24:53,929] {dag.py:2371} INFO - Sync 1 DAGs
[2022-09-05 21:24:53,943] {logging_mixin.py:115} INFO - [2022-09-05 21:24:53,943] {dag.py:2915} INFO - Setting next_dagrun for example_time_delta_sensor_async to None, run_after=None
[2022-09-05 21:24:53,981] {processor.py:161} INFO - Processing /home/osboxes/.local/lib/python3.8/site-packages/airflow/example_dags/example_time_delta_sensor_async.py took 0.101 seconds
[2022-09-05 21:25:35,299] {processor.py:153} INFO - Started process (PID=171029) to work on /home/osboxes/.local/lib/python3.8/site-packages/airflow/example_dags/example_time_delta_sensor_async.py
[2022-09-05 21:25:35,301] {processor.py:641} INFO - Processing file /home/osboxes/.local/lib/python3.8/site-packages/airflow/example_dags/example_time_delta_sensor_async.py for tasks to queue
[2022-09-05 21:25:35,302] {logging_mixin.py:115} INFO - [2022-09-05 21:25:35,302] {dagbag.py:507} INFO - Filling up the DagBag from /home/osboxes/.local/lib/python3.8/site-packages/airflow/example_dags/example_time_delta_sensor_async.py
[2022-09-05 21:25:35,307] {processor.py:651} INFO - DAG(s) dict_keys(['example_time_delta_sensor_async']) retrieved from /home/osboxes/.local/lib/python3.8/site-packages/airflow/example_dags/example_time_delta_sensor_async.py
[2022-09-05 21:25:35,341] {logging_mixin.py:115} INFO - [2022-09-05 21:25:35,341] {dag.py:2371} INFO - Sync 1 DAGs
[2022-09-05 21:25:35,355] {logging_mixin.py:115} INFO - [2022-09-05 21:25:35,355] {dag.py:2915} INFO - Setting next_dagrun for example_time_delta_sensor_async to None, run_after=None
[2022-09-05 21:25:35,402] {processor.py:161} INFO - Processing /home/osboxes/.local/lib/python3.8/site-packages/airflow/example_dags/example_time_delta_sensor_async.py took 0.105 seconds
[2022-09-05 21:26:20,656] {processor.py:153} INFO - Started process (PID=171396) to work on /home/osboxes/.local/lib/python3.8/site-packages/airflow/example_dags/example_time_delta_sensor_async.py
[2022-09-05 21:26:20,657] {processor.py:641} INFO - Processing file /home/osboxes/.local/lib/python3.8/site-packages/airflow/example_dags/example_time_delta_sensor_async.py for tasks to queue
[2022-09-05 21:26:20,658] {logging_mixin.py:115} INFO - [2022-09-05 21:26:20,658] {dagbag.py:507} INFO - Filling up the DagBag from /home/osboxes/.local/lib/python3.8/site-packages/airflow/example_dags/example_time_delta_sensor_async.py
[2022-09-05 21:26:20,662] {processor.py:651} INFO - DAG(s) dict_keys(['example_time_delta_sensor_async']) retrieved from /home/osboxes/.local/lib/python3.8/site-packages/airflow/example_dags/example_time_delta_sensor_async.py
[2022-09-05 21:26:20,699] {logging_mixin.py:115} INFO - [2022-09-05 21:26:20,699] {dag.py:2371} INFO - Sync 1 DAGs
[2022-09-05 21:26:20,715] {logging_mixin.py:115} INFO - [2022-09-05 21:26:20,715] {dag.py:2915} INFO - Setting next_dagrun for example_time_delta_sensor_async to None, run_after=None
[2022-09-05 21:26:20,743] {processor.py:161} INFO - Processing /home/osboxes/.local/lib/python3.8/site-packages/airflow/example_dags/example_time_delta_sensor_async.py took 0.091 seconds
[2022-09-05 21:27:05,420] {processor.py:153} INFO - Started process (PID=171748) to work on /home/osboxes/.local/lib/python3.8/site-packages/airflow/example_dags/example_time_delta_sensor_async.py
[2022-09-05 21:27:05,421] {processor.py:641} INFO - Processing file /home/osboxes/.local/lib/python3.8/site-packages/airflow/example_dags/example_time_delta_sensor_async.py for tasks to queue
[2022-09-05 21:27:05,422] {logging_mixin.py:115} INFO - [2022-09-05 21:27:05,422] {dagbag.py:507} INFO - Filling up the DagBag from /home/osboxes/.local/lib/python3.8/site-packages/airflow/example_dags/example_time_delta_sensor_async.py
[2022-09-05 21:27:05,429] {processor.py:651} INFO - DAG(s) dict_keys(['example_time_delta_sensor_async']) retrieved from /home/osboxes/.local/lib/python3.8/site-packages/airflow/example_dags/example_time_delta_sensor_async.py
[2022-09-05 21:27:05,501] {logging_mixin.py:115} INFO - [2022-09-05 21:27:05,501] {dag.py:2371} INFO - Sync 1 DAGs
[2022-09-05 21:27:05,517] {logging_mixin.py:115} INFO - [2022-09-05 21:27:05,517] {dag.py:2915} INFO - Setting next_dagrun for example_time_delta_sensor_async to None, run_after=None
[2022-09-05 21:27:05,559] {processor.py:161} INFO - Processing /home/osboxes/.local/lib/python3.8/site-packages/airflow/example_dags/example_time_delta_sensor_async.py took 0.141 seconds
[2022-09-05 21:27:50,552] {processor.py:153} INFO - Started process (PID=172105) to work on /home/osboxes/.local/lib/python3.8/site-packages/airflow/example_dags/example_time_delta_sensor_async.py
[2022-09-05 21:27:50,553] {processor.py:641} INFO - Processing file /home/osboxes/.local/lib/python3.8/site-packages/airflow/example_dags/example_time_delta_sensor_async.py for tasks to queue
[2022-09-05 21:27:50,554] {logging_mixin.py:115} INFO - [2022-09-05 21:27:50,554] {dagbag.py:507} INFO - Filling up the DagBag from /home/osboxes/.local/lib/python3.8/site-packages/airflow/example_dags/example_time_delta_sensor_async.py
[2022-09-05 21:27:50,560] {processor.py:651} INFO - DAG(s) dict_keys(['example_time_delta_sensor_async']) retrieved from /home/osboxes/.local/lib/python3.8/site-packages/airflow/example_dags/example_time_delta_sensor_async.py
[2022-09-05 21:27:50,619] {logging_mixin.py:115} INFO - [2022-09-05 21:27:50,619] {dag.py:2371} INFO - Sync 1 DAGs
[2022-09-05 21:27:50,643] {logging_mixin.py:115} INFO - [2022-09-05 21:27:50,643] {dag.py:2915} INFO - Setting next_dagrun for example_time_delta_sensor_async to None, run_after=None
[2022-09-05 21:27:50,674] {processor.py:161} INFO - Processing /home/osboxes/.local/lib/python3.8/site-packages/airflow/example_dags/example_time_delta_sensor_async.py took 0.124 seconds
[2022-09-05 21:28:35,107] {processor.py:153} INFO - Started process (PID=172507) to work on /home/osboxes/.local/lib/python3.8/site-packages/airflow/example_dags/example_time_delta_sensor_async.py
[2022-09-05 21:28:35,115] {processor.py:641} INFO - Processing file /home/osboxes/.local/lib/python3.8/site-packages/airflow/example_dags/example_time_delta_sensor_async.py for tasks to queue
[2022-09-05 21:28:35,115] {logging_mixin.py:115} INFO - [2022-09-05 21:28:35,115] {dagbag.py:507} INFO - Filling up the DagBag from /home/osboxes/.local/lib/python3.8/site-packages/airflow/example_dags/example_time_delta_sensor_async.py
[2022-09-05 21:28:35,122] {processor.py:651} INFO - DAG(s) dict_keys(['example_time_delta_sensor_async']) retrieved from /home/osboxes/.local/lib/python3.8/site-packages/airflow/example_dags/example_time_delta_sensor_async.py
[2022-09-05 21:28:35,235] {logging_mixin.py:115} INFO - [2022-09-05 21:28:35,235] {dag.py:2371} INFO - Sync 1 DAGs
[2022-09-05 21:28:35,339] {logging_mixin.py:115} INFO - [2022-09-05 21:28:35,339] {dag.py:2915} INFO - Setting next_dagrun for example_time_delta_sensor_async to None, run_after=None
[2022-09-05 21:28:35,378] {processor.py:161} INFO - Processing /home/osboxes/.local/lib/python3.8/site-packages/airflow/example_dags/example_time_delta_sensor_async.py took 0.274 seconds
[2022-09-05 21:29:18,967] {processor.py:153} INFO - Started process (PID=172851) to work on /home/osboxes/.local/lib/python3.8/site-packages/airflow/example_dags/example_time_delta_sensor_async.py
[2022-09-05 21:29:18,968] {processor.py:641} INFO - Processing file /home/osboxes/.local/lib/python3.8/site-packages/airflow/example_dags/example_time_delta_sensor_async.py for tasks to queue
[2022-09-05 21:29:18,969] {logging_mixin.py:115} INFO - [2022-09-05 21:29:18,969] {dagbag.py:507} INFO - Filling up the DagBag from /home/osboxes/.local/lib/python3.8/site-packages/airflow/example_dags/example_time_delta_sensor_async.py
[2022-09-05 21:29:18,973] {processor.py:651} INFO - DAG(s) dict_keys(['example_time_delta_sensor_async']) retrieved from /home/osboxes/.local/lib/python3.8/site-packages/airflow/example_dags/example_time_delta_sensor_async.py
[2022-09-05 21:29:19,006] {logging_mixin.py:115} INFO - [2022-09-05 21:29:19,006] {dag.py:2371} INFO - Sync 1 DAGs
[2022-09-05 21:29:19,027] {logging_mixin.py:115} INFO - [2022-09-05 21:29:19,026] {dag.py:2915} INFO - Setting next_dagrun for example_time_delta_sensor_async to None, run_after=None
[2022-09-05 21:29:19,056] {processor.py:161} INFO - Processing /home/osboxes/.local/lib/python3.8/site-packages/airflow/example_dags/example_time_delta_sensor_async.py took 0.092 seconds
[2022-09-05 21:30:00,659] {processor.py:153} INFO - Started process (PID=173169) to work on /home/osboxes/.local/lib/python3.8/site-packages/airflow/example_dags/example_time_delta_sensor_async.py
[2022-09-05 21:30:00,661] {processor.py:641} INFO - Processing file /home/osboxes/.local/lib/python3.8/site-packages/airflow/example_dags/example_time_delta_sensor_async.py for tasks to queue
[2022-09-05 21:30:00,662] {logging_mixin.py:115} INFO - [2022-09-05 21:30:00,662] {dagbag.py:507} INFO - Filling up the DagBag from /home/osboxes/.local/lib/python3.8/site-packages/airflow/example_dags/example_time_delta_sensor_async.py
[2022-09-05 21:30:00,669] {processor.py:651} INFO - DAG(s) dict_keys(['example_time_delta_sensor_async']) retrieved from /home/osboxes/.local/lib/python3.8/site-packages/airflow/example_dags/example_time_delta_sensor_async.py
[2022-09-05 21:30:00,708] {logging_mixin.py:115} INFO - [2022-09-05 21:30:00,708] {dag.py:2371} INFO - Sync 1 DAGs
[2022-09-05 21:30:00,725] {logging_mixin.py:115} INFO - [2022-09-05 21:30:00,724] {dag.py:2915} INFO - Setting next_dagrun for example_time_delta_sensor_async to None, run_after=None
[2022-09-05 21:30:00,775] {processor.py:161} INFO - Processing /home/osboxes/.local/lib/python3.8/site-packages/airflow/example_dags/example_time_delta_sensor_async.py took 0.119 seconds
[2022-09-05 21:30:42,986] {processor.py:153} INFO - Started process (PID=173497) to work on /home/osboxes/.local/lib/python3.8/site-packages/airflow/example_dags/example_time_delta_sensor_async.py
[2022-09-05 21:30:42,989] {processor.py:641} INFO - Processing file /home/osboxes/.local/lib/python3.8/site-packages/airflow/example_dags/example_time_delta_sensor_async.py for tasks to queue
[2022-09-05 21:30:42,989] {logging_mixin.py:115} INFO - [2022-09-05 21:30:42,989] {dagbag.py:507} INFO - Filling up the DagBag from /home/osboxes/.local/lib/python3.8/site-packages/airflow/example_dags/example_time_delta_sensor_async.py
[2022-09-05 21:30:42,994] {processor.py:651} INFO - DAG(s) dict_keys(['example_time_delta_sensor_async']) retrieved from /home/osboxes/.local/lib/python3.8/site-packages/airflow/example_dags/example_time_delta_sensor_async.py
[2022-09-05 21:30:43,028] {logging_mixin.py:115} INFO - [2022-09-05 21:30:43,027] {dag.py:2371} INFO - Sync 1 DAGs
[2022-09-05 21:30:43,047] {logging_mixin.py:115} INFO - [2022-09-05 21:30:43,047] {dag.py:2915} INFO - Setting next_dagrun for example_time_delta_sensor_async to None, run_after=None
[2022-09-05 21:30:43,086] {processor.py:161} INFO - Processing /home/osboxes/.local/lib/python3.8/site-packages/airflow/example_dags/example_time_delta_sensor_async.py took 0.102 seconds
[2022-09-05 21:31:25,175] {processor.py:153} INFO - Started process (PID=173834) to work on /home/osboxes/.local/lib/python3.8/site-packages/airflow/example_dags/example_time_delta_sensor_async.py
[2022-09-05 21:31:25,176] {processor.py:641} INFO - Processing file /home/osboxes/.local/lib/python3.8/site-packages/airflow/example_dags/example_time_delta_sensor_async.py for tasks to queue
[2022-09-05 21:31:25,176] {logging_mixin.py:115} INFO - [2022-09-05 21:31:25,176] {dagbag.py:507} INFO - Filling up the DagBag from /home/osboxes/.local/lib/python3.8/site-packages/airflow/example_dags/example_time_delta_sensor_async.py
[2022-09-05 21:31:25,180] {processor.py:651} INFO - DAG(s) dict_keys(['example_time_delta_sensor_async']) retrieved from /home/osboxes/.local/lib/python3.8/site-packages/airflow/example_dags/example_time_delta_sensor_async.py
[2022-09-05 21:31:25,263] {logging_mixin.py:115} INFO - [2022-09-05 21:31:25,263] {dag.py:2371} INFO - Sync 1 DAGs
[2022-09-05 21:31:25,295] {logging_mixin.py:115} INFO - [2022-09-05 21:31:25,295] {dag.py:2915} INFO - Setting next_dagrun for example_time_delta_sensor_async to None, run_after=None
[2022-09-05 21:31:25,341] {processor.py:161} INFO - Processing /home/osboxes/.local/lib/python3.8/site-packages/airflow/example_dags/example_time_delta_sensor_async.py took 0.169 seconds
[2022-09-05 21:32:07,249] {processor.py:153} INFO - Started process (PID=174161) to work on /home/osboxes/.local/lib/python3.8/site-packages/airflow/example_dags/example_time_delta_sensor_async.py
[2022-09-05 21:32:07,252] {processor.py:641} INFO - Processing file /home/osboxes/.local/lib/python3.8/site-packages/airflow/example_dags/example_time_delta_sensor_async.py for tasks to queue
[2022-09-05 21:32:07,253] {logging_mixin.py:115} INFO - [2022-09-05 21:32:07,253] {dagbag.py:507} INFO - Filling up the DagBag from /home/osboxes/.local/lib/python3.8/site-packages/airflow/example_dags/example_time_delta_sensor_async.py
[2022-09-05 21:32:07,258] {processor.py:651} INFO - DAG(s) dict_keys(['example_time_delta_sensor_async']) retrieved from /home/osboxes/.local/lib/python3.8/site-packages/airflow/example_dags/example_time_delta_sensor_async.py
[2022-09-05 21:32:07,299] {logging_mixin.py:115} INFO - [2022-09-05 21:32:07,299] {dag.py:2371} INFO - Sync 1 DAGs
[2022-09-05 21:32:07,343] {logging_mixin.py:115} INFO - [2022-09-05 21:32:07,343] {dag.py:2915} INFO - Setting next_dagrun for example_time_delta_sensor_async to None, run_after=None
[2022-09-05 21:32:07,385] {processor.py:161} INFO - Processing /home/osboxes/.local/lib/python3.8/site-packages/airflow/example_dags/example_time_delta_sensor_async.py took 0.137 seconds
[2022-09-05 21:32:49,089] {processor.py:153} INFO - Started process (PID=174498) to work on /home/osboxes/.local/lib/python3.8/site-packages/airflow/example_dags/example_time_delta_sensor_async.py
[2022-09-05 21:32:49,091] {processor.py:641} INFO - Processing file /home/osboxes/.local/lib/python3.8/site-packages/airflow/example_dags/example_time_delta_sensor_async.py for tasks to queue
[2022-09-05 21:32:49,091] {logging_mixin.py:115} INFO - [2022-09-05 21:32:49,091] {dagbag.py:507} INFO - Filling up the DagBag from /home/osboxes/.local/lib/python3.8/site-packages/airflow/example_dags/example_time_delta_sensor_async.py
[2022-09-05 21:32:49,095] {processor.py:651} INFO - DAG(s) dict_keys(['example_time_delta_sensor_async']) retrieved from /home/osboxes/.local/lib/python3.8/site-packages/airflow/example_dags/example_time_delta_sensor_async.py
[2022-09-05 21:32:49,129] {logging_mixin.py:115} INFO - [2022-09-05 21:32:49,129] {dag.py:2371} INFO - Sync 1 DAGs
[2022-09-05 21:32:49,146] {logging_mixin.py:115} INFO - [2022-09-05 21:32:49,146] {dag.py:2915} INFO - Setting next_dagrun for example_time_delta_sensor_async to None, run_after=None
[2022-09-05 21:32:49,186] {processor.py:161} INFO - Processing /home/osboxes/.local/lib/python3.8/site-packages/airflow/example_dags/example_time_delta_sensor_async.py took 0.099 seconds
[2022-09-05 21:33:31,972] {processor.py:153} INFO - Started process (PID=174877) to work on /home/osboxes/.local/lib/python3.8/site-packages/airflow/example_dags/example_time_delta_sensor_async.py
[2022-09-05 21:33:31,974] {processor.py:641} INFO - Processing file /home/osboxes/.local/lib/python3.8/site-packages/airflow/example_dags/example_time_delta_sensor_async.py for tasks to queue
[2022-09-05 21:33:31,974] {logging_mixin.py:115} INFO - [2022-09-05 21:33:31,974] {dagbag.py:507} INFO - Filling up the DagBag from /home/osboxes/.local/lib/python3.8/site-packages/airflow/example_dags/example_time_delta_sensor_async.py
[2022-09-05 21:33:31,980] {processor.py:651} INFO - DAG(s) dict_keys(['example_time_delta_sensor_async']) retrieved from /home/osboxes/.local/lib/python3.8/site-packages/airflow/example_dags/example_time_delta_sensor_async.py
[2022-09-05 21:33:32,016] {logging_mixin.py:115} INFO - [2022-09-05 21:33:32,016] {dag.py:2371} INFO - Sync 1 DAGs
[2022-09-05 21:33:32,035] {logging_mixin.py:115} INFO - [2022-09-05 21:33:32,035] {dag.py:2915} INFO - Setting next_dagrun for example_time_delta_sensor_async to None, run_after=None
[2022-09-05 21:33:32,069] {processor.py:161} INFO - Processing /home/osboxes/.local/lib/python3.8/site-packages/airflow/example_dags/example_time_delta_sensor_async.py took 0.099 seconds
[2022-09-05 21:34:14,823] {processor.py:153} INFO - Started process (PID=175219) to work on /home/osboxes/.local/lib/python3.8/site-packages/airflow/example_dags/example_time_delta_sensor_async.py
[2022-09-05 21:34:14,825] {processor.py:641} INFO - Processing file /home/osboxes/.local/lib/python3.8/site-packages/airflow/example_dags/example_time_delta_sensor_async.py for tasks to queue
[2022-09-05 21:34:14,825] {logging_mixin.py:115} INFO - [2022-09-05 21:34:14,825] {dagbag.py:507} INFO - Filling up the DagBag from /home/osboxes/.local/lib/python3.8/site-packages/airflow/example_dags/example_time_delta_sensor_async.py
[2022-09-05 21:34:14,829] {processor.py:651} INFO - DAG(s) dict_keys(['example_time_delta_sensor_async']) retrieved from /home/osboxes/.local/lib/python3.8/site-packages/airflow/example_dags/example_time_delta_sensor_async.py
[2022-09-05 21:34:14,865] {logging_mixin.py:115} INFO - [2022-09-05 21:34:14,865] {dag.py:2371} INFO - Sync 1 DAGs
[2022-09-05 21:34:14,884] {logging_mixin.py:115} INFO - [2022-09-05 21:34:14,884] {dag.py:2915} INFO - Setting next_dagrun for example_time_delta_sensor_async to None, run_after=None
[2022-09-05 21:34:14,927] {processor.py:161} INFO - Processing /home/osboxes/.local/lib/python3.8/site-packages/airflow/example_dags/example_time_delta_sensor_async.py took 0.107 seconds
[2022-09-05 21:34:57,520] {processor.py:153} INFO - Started process (PID=175552) to work on /home/osboxes/.local/lib/python3.8/site-packages/airflow/example_dags/example_time_delta_sensor_async.py
[2022-09-05 21:34:57,523] {processor.py:641} INFO - Processing file /home/osboxes/.local/lib/python3.8/site-packages/airflow/example_dags/example_time_delta_sensor_async.py for tasks to queue
[2022-09-05 21:34:57,524] {logging_mixin.py:115} INFO - [2022-09-05 21:34:57,523] {dagbag.py:507} INFO - Filling up the DagBag from /home/osboxes/.local/lib/python3.8/site-packages/airflow/example_dags/example_time_delta_sensor_async.py
[2022-09-05 21:34:57,528] {processor.py:651} INFO - DAG(s) dict_keys(['example_time_delta_sensor_async']) retrieved from /home/osboxes/.local/lib/python3.8/site-packages/airflow/example_dags/example_time_delta_sensor_async.py
[2022-09-05 21:34:57,566] {logging_mixin.py:115} INFO - [2022-09-05 21:34:57,565] {dag.py:2371} INFO - Sync 1 DAGs
[2022-09-05 21:34:57,584] {logging_mixin.py:115} INFO - [2022-09-05 21:34:57,584] {dag.py:2915} INFO - Setting next_dagrun for example_time_delta_sensor_async to None, run_after=None
[2022-09-05 21:34:57,618] {processor.py:161} INFO - Processing /home/osboxes/.local/lib/python3.8/site-packages/airflow/example_dags/example_time_delta_sensor_async.py took 0.100 seconds
[2022-09-05 21:35:38,688] {processor.py:153} INFO - Started process (PID=175882) to work on /home/osboxes/.local/lib/python3.8/site-packages/airflow/example_dags/example_time_delta_sensor_async.py
[2022-09-05 21:35:38,691] {processor.py:641} INFO - Processing file /home/osboxes/.local/lib/python3.8/site-packages/airflow/example_dags/example_time_delta_sensor_async.py for tasks to queue
[2022-09-05 21:35:38,691] {logging_mixin.py:115} INFO - [2022-09-05 21:35:38,691] {dagbag.py:507} INFO - Filling up the DagBag from /home/osboxes/.local/lib/python3.8/site-packages/airflow/example_dags/example_time_delta_sensor_async.py
[2022-09-05 21:35:38,697] {processor.py:651} INFO - DAG(s) dict_keys(['example_time_delta_sensor_async']) retrieved from /home/osboxes/.local/lib/python3.8/site-packages/airflow/example_dags/example_time_delta_sensor_async.py
[2022-09-05 21:35:38,744] {logging_mixin.py:115} INFO - [2022-09-05 21:35:38,744] {dag.py:2371} INFO - Sync 1 DAGs
[2022-09-05 21:35:38,773] {logging_mixin.py:115} INFO - [2022-09-05 21:35:38,773] {dag.py:2915} INFO - Setting next_dagrun for example_time_delta_sensor_async to None, run_after=None
[2022-09-05 21:35:38,827] {processor.py:161} INFO - Processing /home/osboxes/.local/lib/python3.8/site-packages/airflow/example_dags/example_time_delta_sensor_async.py took 0.142 seconds
[2022-09-05 21:36:24,968] {processor.py:153} INFO - Started process (PID=176248) to work on /home/osboxes/.local/lib/python3.8/site-packages/airflow/example_dags/example_time_delta_sensor_async.py
[2022-09-05 21:36:24,969] {processor.py:641} INFO - Processing file /home/osboxes/.local/lib/python3.8/site-packages/airflow/example_dags/example_time_delta_sensor_async.py for tasks to queue
[2022-09-05 21:36:24,970] {logging_mixin.py:115} INFO - [2022-09-05 21:36:24,969] {dagbag.py:507} INFO - Filling up the DagBag from /home/osboxes/.local/lib/python3.8/site-packages/airflow/example_dags/example_time_delta_sensor_async.py
[2022-09-05 21:36:24,974] {processor.py:651} INFO - DAG(s) dict_keys(['example_time_delta_sensor_async']) retrieved from /home/osboxes/.local/lib/python3.8/site-packages/airflow/example_dags/example_time_delta_sensor_async.py
[2022-09-05 21:36:25,033] {logging_mixin.py:115} INFO - [2022-09-05 21:36:25,033] {dag.py:2371} INFO - Sync 1 DAGs
[2022-09-05 21:36:25,049] {logging_mixin.py:115} INFO - [2022-09-05 21:36:25,049] {dag.py:2915} INFO - Setting next_dagrun for example_time_delta_sensor_async to None, run_after=None
[2022-09-05 21:36:25,081] {processor.py:161} INFO - Processing /home/osboxes/.local/lib/python3.8/site-packages/airflow/example_dags/example_time_delta_sensor_async.py took 0.116 seconds
[2022-09-05 21:37:12,118] {processor.py:153} INFO - Started process (PID=176623) to work on /home/osboxes/.local/lib/python3.8/site-packages/airflow/example_dags/example_time_delta_sensor_async.py
[2022-09-05 21:37:12,120] {processor.py:641} INFO - Processing file /home/osboxes/.local/lib/python3.8/site-packages/airflow/example_dags/example_time_delta_sensor_async.py for tasks to queue
[2022-09-05 21:37:12,121] {logging_mixin.py:115} INFO - [2022-09-05 21:37:12,121] {dagbag.py:507} INFO - Filling up the DagBag from /home/osboxes/.local/lib/python3.8/site-packages/airflow/example_dags/example_time_delta_sensor_async.py
[2022-09-05 21:37:12,126] {processor.py:651} INFO - DAG(s) dict_keys(['example_time_delta_sensor_async']) retrieved from /home/osboxes/.local/lib/python3.8/site-packages/airflow/example_dags/example_time_delta_sensor_async.py
[2022-09-05 21:37:12,178] {logging_mixin.py:115} INFO - [2022-09-05 21:37:12,178] {dag.py:2371} INFO - Sync 1 DAGs
[2022-09-05 21:37:12,198] {logging_mixin.py:115} INFO - [2022-09-05 21:37:12,197] {dag.py:2915} INFO - Setting next_dagrun for example_time_delta_sensor_async to None, run_after=None
[2022-09-05 21:37:12,253] {processor.py:161} INFO - Processing /home/osboxes/.local/lib/python3.8/site-packages/airflow/example_dags/example_time_delta_sensor_async.py took 0.137 seconds
[2022-09-05 21:37:57,721] {processor.py:153} INFO - Started process (PID=176991) to work on /home/osboxes/.local/lib/python3.8/site-packages/airflow/example_dags/example_time_delta_sensor_async.py
[2022-09-05 21:37:57,724] {processor.py:641} INFO - Processing file /home/osboxes/.local/lib/python3.8/site-packages/airflow/example_dags/example_time_delta_sensor_async.py for tasks to queue
[2022-09-05 21:37:57,724] {logging_mixin.py:115} INFO - [2022-09-05 21:37:57,724] {dagbag.py:507} INFO - Filling up the DagBag from /home/osboxes/.local/lib/python3.8/site-packages/airflow/example_dags/example_time_delta_sensor_async.py
[2022-09-05 21:37:57,732] {processor.py:651} INFO - DAG(s) dict_keys(['example_time_delta_sensor_async']) retrieved from /home/osboxes/.local/lib/python3.8/site-packages/airflow/example_dags/example_time_delta_sensor_async.py
[2022-09-05 21:37:57,769] {logging_mixin.py:115} INFO - [2022-09-05 21:37:57,769] {dag.py:2371} INFO - Sync 1 DAGs
[2022-09-05 21:37:57,785] {logging_mixin.py:115} INFO - [2022-09-05 21:37:57,785] {dag.py:2915} INFO - Setting next_dagrun for example_time_delta_sensor_async to None, run_after=None
[2022-09-05 21:37:57,826] {processor.py:161} INFO - Processing /home/osboxes/.local/lib/python3.8/site-packages/airflow/example_dags/example_time_delta_sensor_async.py took 0.107 seconds
[2022-09-05 21:38:39,997] {processor.py:153} INFO - Started process (PID=177370) to work on /home/osboxes/.local/lib/python3.8/site-packages/airflow/example_dags/example_time_delta_sensor_async.py
[2022-09-05 21:38:39,999] {processor.py:641} INFO - Processing file /home/osboxes/.local/lib/python3.8/site-packages/airflow/example_dags/example_time_delta_sensor_async.py for tasks to queue
[2022-09-05 21:38:40,000] {logging_mixin.py:115} INFO - [2022-09-05 21:38:40,000] {dagbag.py:507} INFO - Filling up the DagBag from /home/osboxes/.local/lib/python3.8/site-packages/airflow/example_dags/example_time_delta_sensor_async.py
[2022-09-05 21:38:40,004] {processor.py:651} INFO - DAG(s) dict_keys(['example_time_delta_sensor_async']) retrieved from /home/osboxes/.local/lib/python3.8/site-packages/airflow/example_dags/example_time_delta_sensor_async.py
[2022-09-05 21:38:40,051] {logging_mixin.py:115} INFO - [2022-09-05 21:38:40,051] {dag.py:2371} INFO - Sync 1 DAGs
[2022-09-05 21:38:40,067] {logging_mixin.py:115} INFO - [2022-09-05 21:38:40,067] {dag.py:2915} INFO - Setting next_dagrun for example_time_delta_sensor_async to None, run_after=None
[2022-09-05 21:38:40,099] {processor.py:161} INFO - Processing /home/osboxes/.local/lib/python3.8/site-packages/airflow/example_dags/example_time_delta_sensor_async.py took 0.104 seconds
[2022-09-05 21:39:21,612] {processor.py:153} INFO - Started process (PID=177676) to work on /home/osboxes/.local/lib/python3.8/site-packages/airflow/example_dags/example_time_delta_sensor_async.py
[2022-09-05 21:39:21,614] {processor.py:641} INFO - Processing file /home/osboxes/.local/lib/python3.8/site-packages/airflow/example_dags/example_time_delta_sensor_async.py for tasks to queue
[2022-09-05 21:39:21,614] {logging_mixin.py:115} INFO - [2022-09-05 21:39:21,614] {dagbag.py:507} INFO - Filling up the DagBag from /home/osboxes/.local/lib/python3.8/site-packages/airflow/example_dags/example_time_delta_sensor_async.py
[2022-09-05 21:39:21,618] {processor.py:651} INFO - DAG(s) dict_keys(['example_time_delta_sensor_async']) retrieved from /home/osboxes/.local/lib/python3.8/site-packages/airflow/example_dags/example_time_delta_sensor_async.py
[2022-09-05 21:39:21,808] {logging_mixin.py:115} INFO - [2022-09-05 21:39:21,808] {dag.py:2371} INFO - Sync 1 DAGs
[2022-09-05 21:39:21,853] {logging_mixin.py:115} INFO - [2022-09-05 21:39:21,853] {dag.py:2915} INFO - Setting next_dagrun for example_time_delta_sensor_async to None, run_after=None
[2022-09-05 21:39:21,916] {processor.py:161} INFO - Processing /home/osboxes/.local/lib/python3.8/site-packages/airflow/example_dags/example_time_delta_sensor_async.py took 0.306 seconds
[2022-09-05 21:40:04,415] {processor.py:153} INFO - Started process (PID=177992) to work on /home/osboxes/.local/lib/python3.8/site-packages/airflow/example_dags/example_time_delta_sensor_async.py
[2022-09-05 21:40:04,417] {processor.py:641} INFO - Processing file /home/osboxes/.local/lib/python3.8/site-packages/airflow/example_dags/example_time_delta_sensor_async.py for tasks to queue
[2022-09-05 21:40:04,417] {logging_mixin.py:115} INFO - [2022-09-05 21:40:04,417] {dagbag.py:507} INFO - Filling up the DagBag from /home/osboxes/.local/lib/python3.8/site-packages/airflow/example_dags/example_time_delta_sensor_async.py
[2022-09-05 21:40:04,422] {processor.py:651} INFO - DAG(s) dict_keys(['example_time_delta_sensor_async']) retrieved from /home/osboxes/.local/lib/python3.8/site-packages/airflow/example_dags/example_time_delta_sensor_async.py
[2022-09-05 21:40:04,458] {logging_mixin.py:115} INFO - [2022-09-05 21:40:04,458] {dag.py:2371} INFO - Sync 1 DAGs
[2022-09-05 21:40:04,477] {logging_mixin.py:115} INFO - [2022-09-05 21:40:04,474] {dag.py:2915} INFO - Setting next_dagrun for example_time_delta_sensor_async to None, run_after=None
[2022-09-05 21:40:04,529] {processor.py:161} INFO - Processing /home/osboxes/.local/lib/python3.8/site-packages/airflow/example_dags/example_time_delta_sensor_async.py took 0.117 seconds
[2022-09-05 21:40:52,582] {processor.py:153} INFO - Started process (PID=178361) to work on /home/osboxes/.local/lib/python3.8/site-packages/airflow/example_dags/example_time_delta_sensor_async.py
[2022-09-05 21:40:52,584] {processor.py:641} INFO - Processing file /home/osboxes/.local/lib/python3.8/site-packages/airflow/example_dags/example_time_delta_sensor_async.py for tasks to queue
[2022-09-05 21:40:52,584] {logging_mixin.py:115} INFO - [2022-09-05 21:40:52,584] {dagbag.py:507} INFO - Filling up the DagBag from /home/osboxes/.local/lib/python3.8/site-packages/airflow/example_dags/example_time_delta_sensor_async.py
[2022-09-05 21:40:52,592] {processor.py:651} INFO - DAG(s) dict_keys(['example_time_delta_sensor_async']) retrieved from /home/osboxes/.local/lib/python3.8/site-packages/airflow/example_dags/example_time_delta_sensor_async.py
[2022-09-05 21:40:52,639] {logging_mixin.py:115} INFO - [2022-09-05 21:40:52,638] {dag.py:2371} INFO - Sync 1 DAGs
[2022-09-05 21:40:52,669] {logging_mixin.py:115} INFO - [2022-09-05 21:40:52,669] {dag.py:2915} INFO - Setting next_dagrun for example_time_delta_sensor_async to None, run_after=None
[2022-09-05 21:40:52,716] {processor.py:161} INFO - Processing /home/osboxes/.local/lib/python3.8/site-packages/airflow/example_dags/example_time_delta_sensor_async.py took 0.138 seconds
[2022-09-05 21:41:37,835] {processor.py:153} INFO - Started process (PID=178721) to work on /home/osboxes/.local/lib/python3.8/site-packages/airflow/example_dags/example_time_delta_sensor_async.py
[2022-09-05 21:41:37,836] {processor.py:641} INFO - Processing file /home/osboxes/.local/lib/python3.8/site-packages/airflow/example_dags/example_time_delta_sensor_async.py for tasks to queue
[2022-09-05 21:41:37,836] {logging_mixin.py:115} INFO - [2022-09-05 21:41:37,836] {dagbag.py:507} INFO - Filling up the DagBag from /home/osboxes/.local/lib/python3.8/site-packages/airflow/example_dags/example_time_delta_sensor_async.py
[2022-09-05 21:41:37,841] {processor.py:651} INFO - DAG(s) dict_keys(['example_time_delta_sensor_async']) retrieved from /home/osboxes/.local/lib/python3.8/site-packages/airflow/example_dags/example_time_delta_sensor_async.py
[2022-09-05 21:41:37,877] {logging_mixin.py:115} INFO - [2022-09-05 21:41:37,877] {dag.py:2371} INFO - Sync 1 DAGs
[2022-09-05 21:41:37,890] {logging_mixin.py:115} INFO - [2022-09-05 21:41:37,890] {dag.py:2915} INFO - Setting next_dagrun for example_time_delta_sensor_async to None, run_after=None
[2022-09-05 21:41:37,918] {processor.py:161} INFO - Processing /home/osboxes/.local/lib/python3.8/site-packages/airflow/example_dags/example_time_delta_sensor_async.py took 0.085 seconds
[2022-09-05 21:42:20,808] {processor.py:153} INFO - Started process (PID=179072) to work on /home/osboxes/.local/lib/python3.8/site-packages/airflow/example_dags/example_time_delta_sensor_async.py
[2022-09-05 21:42:20,809] {processor.py:641} INFO - Processing file /home/osboxes/.local/lib/python3.8/site-packages/airflow/example_dags/example_time_delta_sensor_async.py for tasks to queue
[2022-09-05 21:42:20,810] {logging_mixin.py:115} INFO - [2022-09-05 21:42:20,810] {dagbag.py:507} INFO - Filling up the DagBag from /home/osboxes/.local/lib/python3.8/site-packages/airflow/example_dags/example_time_delta_sensor_async.py
[2022-09-05 21:42:20,814] {processor.py:651} INFO - DAG(s) dict_keys(['example_time_delta_sensor_async']) retrieved from /home/osboxes/.local/lib/python3.8/site-packages/airflow/example_dags/example_time_delta_sensor_async.py
[2022-09-05 21:42:20,850] {logging_mixin.py:115} INFO - [2022-09-05 21:42:20,850] {dag.py:2371} INFO - Sync 1 DAGs
[2022-09-05 21:42:20,865] {logging_mixin.py:115} INFO - [2022-09-05 21:42:20,865] {dag.py:2915} INFO - Setting next_dagrun for example_time_delta_sensor_async to None, run_after=None
[2022-09-05 21:42:20,890] {processor.py:161} INFO - Processing /home/osboxes/.local/lib/python3.8/site-packages/airflow/example_dags/example_time_delta_sensor_async.py took 0.084 seconds
[2022-09-05 21:43:03,850] {processor.py:153} INFO - Started process (PID=179398) to work on /home/osboxes/.local/lib/python3.8/site-packages/airflow/example_dags/example_time_delta_sensor_async.py
[2022-09-05 21:43:03,852] {processor.py:641} INFO - Processing file /home/osboxes/.local/lib/python3.8/site-packages/airflow/example_dags/example_time_delta_sensor_async.py for tasks to queue
[2022-09-05 21:43:03,853] {logging_mixin.py:115} INFO - [2022-09-05 21:43:03,853] {dagbag.py:507} INFO - Filling up the DagBag from /home/osboxes/.local/lib/python3.8/site-packages/airflow/example_dags/example_time_delta_sensor_async.py
[2022-09-05 21:43:03,857] {processor.py:651} INFO - DAG(s) dict_keys(['example_time_delta_sensor_async']) retrieved from /home/osboxes/.local/lib/python3.8/site-packages/airflow/example_dags/example_time_delta_sensor_async.py
[2022-09-05 21:43:03,893] {logging_mixin.py:115} INFO - [2022-09-05 21:43:03,893] {dag.py:2371} INFO - Sync 1 DAGs
[2022-09-05 21:43:03,906] {logging_mixin.py:115} INFO - [2022-09-05 21:43:03,906] {dag.py:2915} INFO - Setting next_dagrun for example_time_delta_sensor_async to None, run_after=None
[2022-09-05 21:43:03,935] {processor.py:161} INFO - Processing /home/osboxes/.local/lib/python3.8/site-packages/airflow/example_dags/example_time_delta_sensor_async.py took 0.087 seconds
[2022-09-05 21:43:49,048] {processor.py:153} INFO - Started process (PID=179820) to work on /home/osboxes/.local/lib/python3.8/site-packages/airflow/example_dags/example_time_delta_sensor_async.py
[2022-09-05 21:43:49,049] {processor.py:641} INFO - Processing file /home/osboxes/.local/lib/python3.8/site-packages/airflow/example_dags/example_time_delta_sensor_async.py for tasks to queue
[2022-09-05 21:43:49,050] {logging_mixin.py:115} INFO - [2022-09-05 21:43:49,050] {dagbag.py:507} INFO - Filling up the DagBag from /home/osboxes/.local/lib/python3.8/site-packages/airflow/example_dags/example_time_delta_sensor_async.py
[2022-09-05 21:43:49,054] {processor.py:651} INFO - DAG(s) dict_keys(['example_time_delta_sensor_async']) retrieved from /home/osboxes/.local/lib/python3.8/site-packages/airflow/example_dags/example_time_delta_sensor_async.py
[2022-09-05 21:43:49,095] {logging_mixin.py:115} INFO - [2022-09-05 21:43:49,094] {dag.py:2371} INFO - Sync 1 DAGs
[2022-09-05 21:43:49,116] {logging_mixin.py:115} INFO - [2022-09-05 21:43:49,116] {dag.py:2915} INFO - Setting next_dagrun for example_time_delta_sensor_async to None, run_after=None
[2022-09-05 21:43:49,150] {processor.py:161} INFO - Processing /home/osboxes/.local/lib/python3.8/site-packages/airflow/example_dags/example_time_delta_sensor_async.py took 0.104 seconds
[2022-09-05 21:44:36,714] {processor.py:153} INFO - Started process (PID=180189) to work on /home/osboxes/.local/lib/python3.8/site-packages/airflow/example_dags/example_time_delta_sensor_async.py
[2022-09-05 21:44:36,717] {processor.py:641} INFO - Processing file /home/osboxes/.local/lib/python3.8/site-packages/airflow/example_dags/example_time_delta_sensor_async.py for tasks to queue
[2022-09-05 21:44:36,718] {logging_mixin.py:115} INFO - [2022-09-05 21:44:36,717] {dagbag.py:507} INFO - Filling up the DagBag from /home/osboxes/.local/lib/python3.8/site-packages/airflow/example_dags/example_time_delta_sensor_async.py
[2022-09-05 21:44:36,724] {processor.py:651} INFO - DAG(s) dict_keys(['example_time_delta_sensor_async']) retrieved from /home/osboxes/.local/lib/python3.8/site-packages/airflow/example_dags/example_time_delta_sensor_async.py
[2022-09-05 21:44:36,775] {logging_mixin.py:115} INFO - [2022-09-05 21:44:36,775] {dag.py:2371} INFO - Sync 1 DAGs
[2022-09-05 21:44:36,792] {logging_mixin.py:115} INFO - [2022-09-05 21:44:36,792] {dag.py:2915} INFO - Setting next_dagrun for example_time_delta_sensor_async to None, run_after=None
[2022-09-05 21:44:36,828] {processor.py:161} INFO - Processing /home/osboxes/.local/lib/python3.8/site-packages/airflow/example_dags/example_time_delta_sensor_async.py took 0.118 seconds
[2022-09-05 21:45:17,737] {processor.py:153} INFO - Started process (PID=180514) to work on /home/osboxes/.local/lib/python3.8/site-packages/airflow/example_dags/example_time_delta_sensor_async.py
[2022-09-05 21:45:17,739] {processor.py:641} INFO - Processing file /home/osboxes/.local/lib/python3.8/site-packages/airflow/example_dags/example_time_delta_sensor_async.py for tasks to queue
[2022-09-05 21:45:17,740] {logging_mixin.py:115} INFO - [2022-09-05 21:45:17,740] {dagbag.py:507} INFO - Filling up the DagBag from /home/osboxes/.local/lib/python3.8/site-packages/airflow/example_dags/example_time_delta_sensor_async.py
[2022-09-05 21:45:17,745] {processor.py:651} INFO - DAG(s) dict_keys(['example_time_delta_sensor_async']) retrieved from /home/osboxes/.local/lib/python3.8/site-packages/airflow/example_dags/example_time_delta_sensor_async.py
[2022-09-05 21:45:17,781] {logging_mixin.py:115} INFO - [2022-09-05 21:45:17,781] {dag.py:2371} INFO - Sync 1 DAGs
[2022-09-05 21:45:17,797] {logging_mixin.py:115} INFO - [2022-09-05 21:45:17,797] {dag.py:2915} INFO - Setting next_dagrun for example_time_delta_sensor_async to None, run_after=None
[2022-09-05 21:45:17,834] {processor.py:161} INFO - Processing /home/osboxes/.local/lib/python3.8/site-packages/airflow/example_dags/example_time_delta_sensor_async.py took 0.099 seconds
[2022-09-05 21:46:00,685] {processor.py:153} INFO - Started process (PID=180855) to work on /home/osboxes/.local/lib/python3.8/site-packages/airflow/example_dags/example_time_delta_sensor_async.py
[2022-09-05 21:46:00,686] {processor.py:641} INFO - Processing file /home/osboxes/.local/lib/python3.8/site-packages/airflow/example_dags/example_time_delta_sensor_async.py for tasks to queue
[2022-09-05 21:46:00,687] {logging_mixin.py:115} INFO - [2022-09-05 21:46:00,687] {dagbag.py:507} INFO - Filling up the DagBag from /home/osboxes/.local/lib/python3.8/site-packages/airflow/example_dags/example_time_delta_sensor_async.py
[2022-09-05 21:46:00,691] {processor.py:651} INFO - DAG(s) dict_keys(['example_time_delta_sensor_async']) retrieved from /home/osboxes/.local/lib/python3.8/site-packages/airflow/example_dags/example_time_delta_sensor_async.py
[2022-09-05 21:46:00,728] {logging_mixin.py:115} INFO - [2022-09-05 21:46:00,728] {dag.py:2371} INFO - Sync 1 DAGs
[2022-09-05 21:46:00,747] {logging_mixin.py:115} INFO - [2022-09-05 21:46:00,746] {dag.py:2915} INFO - Setting next_dagrun for example_time_delta_sensor_async to None, run_after=None
[2022-09-05 21:46:00,779] {processor.py:161} INFO - Processing /home/osboxes/.local/lib/python3.8/site-packages/airflow/example_dags/example_time_delta_sensor_async.py took 0.097 seconds
[2022-09-05 21:46:37,837] {processor.py:153} INFO - Started process (PID=181147) to work on /home/osboxes/.local/lib/python3.8/site-packages/airflow/example_dags/example_time_delta_sensor_async.py
[2022-09-05 21:46:37,840] {processor.py:641} INFO - Processing file /home/osboxes/.local/lib/python3.8/site-packages/airflow/example_dags/example_time_delta_sensor_async.py for tasks to queue
[2022-09-05 21:46:37,841] {logging_mixin.py:115} INFO - [2022-09-05 21:46:37,841] {dagbag.py:507} INFO - Filling up the DagBag from /home/osboxes/.local/lib/python3.8/site-packages/airflow/example_dags/example_time_delta_sensor_async.py
[2022-09-05 21:46:37,848] {processor.py:651} INFO - DAG(s) dict_keys(['example_time_delta_sensor_async']) retrieved from /home/osboxes/.local/lib/python3.8/site-packages/airflow/example_dags/example_time_delta_sensor_async.py
[2022-09-05 21:46:37,883] {logging_mixin.py:115} INFO - [2022-09-05 21:46:37,883] {dag.py:2371} INFO - Sync 1 DAGs
[2022-09-05 21:46:37,898] {logging_mixin.py:115} INFO - [2022-09-05 21:46:37,897] {dag.py:2915} INFO - Setting next_dagrun for example_time_delta_sensor_async to None, run_after=None
[2022-09-05 21:46:37,940] {processor.py:161} INFO - Processing /home/osboxes/.local/lib/python3.8/site-packages/airflow/example_dags/example_time_delta_sensor_async.py took 0.106 seconds
[2022-09-05 21:47:23,713] {processor.py:153} INFO - Started process (PID=181516) to work on /home/osboxes/.local/lib/python3.8/site-packages/airflow/example_dags/example_time_delta_sensor_async.py
[2022-09-05 21:47:23,715] {processor.py:641} INFO - Processing file /home/osboxes/.local/lib/python3.8/site-packages/airflow/example_dags/example_time_delta_sensor_async.py for tasks to queue
[2022-09-05 21:47:23,716] {logging_mixin.py:115} INFO - [2022-09-05 21:47:23,716] {dagbag.py:507} INFO - Filling up the DagBag from /home/osboxes/.local/lib/python3.8/site-packages/airflow/example_dags/example_time_delta_sensor_async.py
[2022-09-05 21:47:23,720] {processor.py:651} INFO - DAG(s) dict_keys(['example_time_delta_sensor_async']) retrieved from /home/osboxes/.local/lib/python3.8/site-packages/airflow/example_dags/example_time_delta_sensor_async.py
[2022-09-05 21:47:23,755] {logging_mixin.py:115} INFO - [2022-09-05 21:47:23,755] {dag.py:2371} INFO - Sync 1 DAGs
[2022-09-05 21:47:23,769] {logging_mixin.py:115} INFO - [2022-09-05 21:47:23,769] {dag.py:2915} INFO - Setting next_dagrun for example_time_delta_sensor_async to None, run_after=None
[2022-09-05 21:47:23,806] {processor.py:161} INFO - Processing /home/osboxes/.local/lib/python3.8/site-packages/airflow/example_dags/example_time_delta_sensor_async.py took 0.095 seconds
[2022-09-05 21:48:06,294] {processor.py:153} INFO - Started process (PID=181845) to work on /home/osboxes/.local/lib/python3.8/site-packages/airflow/example_dags/example_time_delta_sensor_async.py
[2022-09-05 21:48:06,295] {processor.py:641} INFO - Processing file /home/osboxes/.local/lib/python3.8/site-packages/airflow/example_dags/example_time_delta_sensor_async.py for tasks to queue
[2022-09-05 21:48:06,296] {logging_mixin.py:115} INFO - [2022-09-05 21:48:06,296] {dagbag.py:507} INFO - Filling up the DagBag from /home/osboxes/.local/lib/python3.8/site-packages/airflow/example_dags/example_time_delta_sensor_async.py
[2022-09-05 21:48:06,301] {processor.py:651} INFO - DAG(s) dict_keys(['example_time_delta_sensor_async']) retrieved from /home/osboxes/.local/lib/python3.8/site-packages/airflow/example_dags/example_time_delta_sensor_async.py
[2022-09-05 21:48:06,339] {logging_mixin.py:115} INFO - [2022-09-05 21:48:06,339] {dag.py:2371} INFO - Sync 1 DAGs
[2022-09-05 21:48:06,354] {logging_mixin.py:115} INFO - [2022-09-05 21:48:06,354] {dag.py:2915} INFO - Setting next_dagrun for example_time_delta_sensor_async to None, run_after=None
[2022-09-05 21:48:06,394] {processor.py:161} INFO - Processing /home/osboxes/.local/lib/python3.8/site-packages/airflow/example_dags/example_time_delta_sensor_async.py took 0.105 seconds
[2022-09-05 21:48:56,230] {processor.py:153} INFO - Started process (PID=182285) to work on /home/osboxes/.local/lib/python3.8/site-packages/airflow/example_dags/example_time_delta_sensor_async.py
[2022-09-05 21:48:56,238] {processor.py:641} INFO - Processing file /home/osboxes/.local/lib/python3.8/site-packages/airflow/example_dags/example_time_delta_sensor_async.py for tasks to queue
[2022-09-05 21:48:56,239] {logging_mixin.py:115} INFO - [2022-09-05 21:48:56,238] {dagbag.py:507} INFO - Filling up the DagBag from /home/osboxes/.local/lib/python3.8/site-packages/airflow/example_dags/example_time_delta_sensor_async.py
[2022-09-05 21:48:56,243] {processor.py:651} INFO - DAG(s) dict_keys(['example_time_delta_sensor_async']) retrieved from /home/osboxes/.local/lib/python3.8/site-packages/airflow/example_dags/example_time_delta_sensor_async.py
[2022-09-05 21:48:56,383] {logging_mixin.py:115} INFO - [2022-09-05 21:48:56,383] {dag.py:2371} INFO - Sync 1 DAGs
[2022-09-05 21:48:56,414] {logging_mixin.py:115} INFO - [2022-09-05 21:48:56,414] {dag.py:2915} INFO - Setting next_dagrun for example_time_delta_sensor_async to None, run_after=None
[2022-09-05 21:48:56,448] {processor.py:161} INFO - Processing /home/osboxes/.local/lib/python3.8/site-packages/airflow/example_dags/example_time_delta_sensor_async.py took 0.221 seconds
[2022-09-05 21:49:39,293] {processor.py:153} INFO - Started process (PID=182631) to work on /home/osboxes/.local/lib/python3.8/site-packages/airflow/example_dags/example_time_delta_sensor_async.py
[2022-09-05 21:49:39,294] {processor.py:641} INFO - Processing file /home/osboxes/.local/lib/python3.8/site-packages/airflow/example_dags/example_time_delta_sensor_async.py for tasks to queue
[2022-09-05 21:49:39,294] {logging_mixin.py:115} INFO - [2022-09-05 21:49:39,294] {dagbag.py:507} INFO - Filling up the DagBag from /home/osboxes/.local/lib/python3.8/site-packages/airflow/example_dags/example_time_delta_sensor_async.py
[2022-09-05 21:49:39,299] {processor.py:651} INFO - DAG(s) dict_keys(['example_time_delta_sensor_async']) retrieved from /home/osboxes/.local/lib/python3.8/site-packages/airflow/example_dags/example_time_delta_sensor_async.py
[2022-09-05 21:49:39,332] {logging_mixin.py:115} INFO - [2022-09-05 21:49:39,332] {dag.py:2371} INFO - Sync 1 DAGs
[2022-09-05 21:49:39,349] {logging_mixin.py:115} INFO - [2022-09-05 21:49:39,349] {dag.py:2915} INFO - Setting next_dagrun for example_time_delta_sensor_async to None, run_after=None
[2022-09-05 21:49:39,400] {processor.py:161} INFO - Processing /home/osboxes/.local/lib/python3.8/site-packages/airflow/example_dags/example_time_delta_sensor_async.py took 0.111 seconds
[2022-09-05 21:50:20,322] {processor.py:153} INFO - Started process (PID=182954) to work on /home/osboxes/.local/lib/python3.8/site-packages/airflow/example_dags/example_time_delta_sensor_async.py
[2022-09-05 21:50:20,324] {processor.py:641} INFO - Processing file /home/osboxes/.local/lib/python3.8/site-packages/airflow/example_dags/example_time_delta_sensor_async.py for tasks to queue
[2022-09-05 21:50:20,324] {logging_mixin.py:115} INFO - [2022-09-05 21:50:20,324] {dagbag.py:507} INFO - Filling up the DagBag from /home/osboxes/.local/lib/python3.8/site-packages/airflow/example_dags/example_time_delta_sensor_async.py
[2022-09-05 21:50:20,329] {processor.py:651} INFO - DAG(s) dict_keys(['example_time_delta_sensor_async']) retrieved from /home/osboxes/.local/lib/python3.8/site-packages/airflow/example_dags/example_time_delta_sensor_async.py
[2022-09-05 21:50:20,361] {logging_mixin.py:115} INFO - [2022-09-05 21:50:20,361] {dag.py:2371} INFO - Sync 1 DAGs
[2022-09-05 21:50:20,378] {logging_mixin.py:115} INFO - [2022-09-05 21:50:20,378] {dag.py:2915} INFO - Setting next_dagrun for example_time_delta_sensor_async to None, run_after=None
[2022-09-05 21:50:20,417] {processor.py:161} INFO - Processing /home/osboxes/.local/lib/python3.8/site-packages/airflow/example_dags/example_time_delta_sensor_async.py took 0.098 seconds
[2022-09-05 21:51:04,642] {processor.py:153} INFO - Started process (PID=183280) to work on /home/osboxes/.local/lib/python3.8/site-packages/airflow/example_dags/example_time_delta_sensor_async.py
[2022-09-05 21:51:04,646] {processor.py:641} INFO - Processing file /home/osboxes/.local/lib/python3.8/site-packages/airflow/example_dags/example_time_delta_sensor_async.py for tasks to queue
[2022-09-05 21:51:04,646] {logging_mixin.py:115} INFO - [2022-09-05 21:51:04,646] {dagbag.py:507} INFO - Filling up the DagBag from /home/osboxes/.local/lib/python3.8/site-packages/airflow/example_dags/example_time_delta_sensor_async.py
[2022-09-05 21:51:04,651] {processor.py:651} INFO - DAG(s) dict_keys(['example_time_delta_sensor_async']) retrieved from /home/osboxes/.local/lib/python3.8/site-packages/airflow/example_dags/example_time_delta_sensor_async.py
[2022-09-05 21:51:04,684] {logging_mixin.py:115} INFO - [2022-09-05 21:51:04,684] {dag.py:2371} INFO - Sync 1 DAGs
[2022-09-05 21:51:04,701] {logging_mixin.py:115} INFO - [2022-09-05 21:51:04,700] {dag.py:2915} INFO - Setting next_dagrun for example_time_delta_sensor_async to None, run_after=None
[2022-09-05 21:51:04,745] {processor.py:161} INFO - Processing /home/osboxes/.local/lib/python3.8/site-packages/airflow/example_dags/example_time_delta_sensor_async.py took 0.105 seconds
[2022-09-05 21:51:45,788] {processor.py:153} INFO - Started process (PID=183604) to work on /home/osboxes/.local/lib/python3.8/site-packages/airflow/example_dags/example_time_delta_sensor_async.py
[2022-09-05 21:51:45,790] {processor.py:641} INFO - Processing file /home/osboxes/.local/lib/python3.8/site-packages/airflow/example_dags/example_time_delta_sensor_async.py for tasks to queue
[2022-09-05 21:51:45,790] {logging_mixin.py:115} INFO - [2022-09-05 21:51:45,790] {dagbag.py:507} INFO - Filling up the DagBag from /home/osboxes/.local/lib/python3.8/site-packages/airflow/example_dags/example_time_delta_sensor_async.py
[2022-09-05 21:51:45,795] {processor.py:651} INFO - DAG(s) dict_keys(['example_time_delta_sensor_async']) retrieved from /home/osboxes/.local/lib/python3.8/site-packages/airflow/example_dags/example_time_delta_sensor_async.py
[2022-09-05 21:51:45,830] {logging_mixin.py:115} INFO - [2022-09-05 21:51:45,830] {dag.py:2371} INFO - Sync 1 DAGs
[2022-09-05 21:51:45,846] {logging_mixin.py:115} INFO - [2022-09-05 21:51:45,846] {dag.py:2915} INFO - Setting next_dagrun for example_time_delta_sensor_async to None, run_after=None
[2022-09-05 21:51:45,884] {processor.py:161} INFO - Processing /home/osboxes/.local/lib/python3.8/site-packages/airflow/example_dags/example_time_delta_sensor_async.py took 0.099 seconds
[2022-09-05 21:52:29,726] {processor.py:153} INFO - Started process (PID=183939) to work on /home/osboxes/.local/lib/python3.8/site-packages/airflow/example_dags/example_time_delta_sensor_async.py
[2022-09-05 21:52:29,728] {processor.py:641} INFO - Processing file /home/osboxes/.local/lib/python3.8/site-packages/airflow/example_dags/example_time_delta_sensor_async.py for tasks to queue
[2022-09-05 21:52:29,728] {logging_mixin.py:115} INFO - [2022-09-05 21:52:29,728] {dagbag.py:507} INFO - Filling up the DagBag from /home/osboxes/.local/lib/python3.8/site-packages/airflow/example_dags/example_time_delta_sensor_async.py
[2022-09-05 21:52:29,733] {processor.py:651} INFO - DAG(s) dict_keys(['example_time_delta_sensor_async']) retrieved from /home/osboxes/.local/lib/python3.8/site-packages/airflow/example_dags/example_time_delta_sensor_async.py
[2022-09-05 21:52:29,777] {logging_mixin.py:115} INFO - [2022-09-05 21:52:29,777] {dag.py:2371} INFO - Sync 1 DAGs
[2022-09-05 21:52:29,796] {logging_mixin.py:115} INFO - [2022-09-05 21:52:29,795] {dag.py:2915} INFO - Setting next_dagrun for example_time_delta_sensor_async to None, run_after=None
[2022-09-05 21:52:29,836] {processor.py:161} INFO - Processing /home/osboxes/.local/lib/python3.8/site-packages/airflow/example_dags/example_time_delta_sensor_async.py took 0.113 seconds
[2022-09-05 21:53:12,768] {processor.py:153} INFO - Started process (PID=184299) to work on /home/osboxes/.local/lib/python3.8/site-packages/airflow/example_dags/example_time_delta_sensor_async.py
[2022-09-05 21:53:12,769] {processor.py:641} INFO - Processing file /home/osboxes/.local/lib/python3.8/site-packages/airflow/example_dags/example_time_delta_sensor_async.py for tasks to queue
[2022-09-05 21:53:12,770] {logging_mixin.py:115} INFO - [2022-09-05 21:53:12,770] {dagbag.py:507} INFO - Filling up the DagBag from /home/osboxes/.local/lib/python3.8/site-packages/airflow/example_dags/example_time_delta_sensor_async.py
[2022-09-05 21:53:12,780] {processor.py:651} INFO - DAG(s) dict_keys(['example_time_delta_sensor_async']) retrieved from /home/osboxes/.local/lib/python3.8/site-packages/airflow/example_dags/example_time_delta_sensor_async.py
[2022-09-05 21:53:12,814] {logging_mixin.py:115} INFO - [2022-09-05 21:53:12,814] {dag.py:2371} INFO - Sync 1 DAGs
[2022-09-05 21:53:12,829] {logging_mixin.py:115} INFO - [2022-09-05 21:53:12,829] {dag.py:2915} INFO - Setting next_dagrun for example_time_delta_sensor_async to None, run_after=None
[2022-09-05 21:53:12,857] {processor.py:161} INFO - Processing /home/osboxes/.local/lib/python3.8/site-packages/airflow/example_dags/example_time_delta_sensor_async.py took 0.092 seconds
[2022-09-05 21:54:01,416] {processor.py:153} INFO - Started process (PID=184721) to work on /home/osboxes/.local/lib/python3.8/site-packages/airflow/example_dags/example_time_delta_sensor_async.py
[2022-09-05 21:54:01,426] {processor.py:641} INFO - Processing file /home/osboxes/.local/lib/python3.8/site-packages/airflow/example_dags/example_time_delta_sensor_async.py for tasks to queue
[2022-09-05 21:54:01,427] {logging_mixin.py:115} INFO - [2022-09-05 21:54:01,427] {dagbag.py:507} INFO - Filling up the DagBag from /home/osboxes/.local/lib/python3.8/site-packages/airflow/example_dags/example_time_delta_sensor_async.py
[2022-09-05 21:54:01,432] {processor.py:651} INFO - DAG(s) dict_keys(['example_time_delta_sensor_async']) retrieved from /home/osboxes/.local/lib/python3.8/site-packages/airflow/example_dags/example_time_delta_sensor_async.py
[2022-09-05 21:54:01,466] {logging_mixin.py:115} INFO - [2022-09-05 21:54:01,465] {dag.py:2371} INFO - Sync 1 DAGs
[2022-09-05 21:54:01,483] {logging_mixin.py:115} INFO - [2022-09-05 21:54:01,483] {dag.py:2915} INFO - Setting next_dagrun for example_time_delta_sensor_async to None, run_after=None
[2022-09-05 21:54:01,528] {processor.py:161} INFO - Processing /home/osboxes/.local/lib/python3.8/site-packages/airflow/example_dags/example_time_delta_sensor_async.py took 0.114 seconds
[2022-09-05 21:54:41,145] {processor.py:153} INFO - Started process (PID=185026) to work on /home/osboxes/.local/lib/python3.8/site-packages/airflow/example_dags/example_time_delta_sensor_async.py
[2022-09-05 21:54:41,147] {processor.py:641} INFO - Processing file /home/osboxes/.local/lib/python3.8/site-packages/airflow/example_dags/example_time_delta_sensor_async.py for tasks to queue
[2022-09-05 21:54:41,147] {logging_mixin.py:115} INFO - [2022-09-05 21:54:41,147] {dagbag.py:507} INFO - Filling up the DagBag from /home/osboxes/.local/lib/python3.8/site-packages/airflow/example_dags/example_time_delta_sensor_async.py
[2022-09-05 21:54:41,152] {processor.py:651} INFO - DAG(s) dict_keys(['example_time_delta_sensor_async']) retrieved from /home/osboxes/.local/lib/python3.8/site-packages/airflow/example_dags/example_time_delta_sensor_async.py
[2022-09-05 21:54:41,187] {logging_mixin.py:115} INFO - [2022-09-05 21:54:41,187] {dag.py:2371} INFO - Sync 1 DAGs
[2022-09-05 21:54:41,201] {logging_mixin.py:115} INFO - [2022-09-05 21:54:41,201] {dag.py:2915} INFO - Setting next_dagrun for example_time_delta_sensor_async to None, run_after=None
[2022-09-05 21:54:41,250] {processor.py:161} INFO - Processing /home/osboxes/.local/lib/python3.8/site-packages/airflow/example_dags/example_time_delta_sensor_async.py took 0.107 seconds
[2022-09-05 21:55:21,782] {processor.py:153} INFO - Started process (PID=185349) to work on /home/osboxes/.local/lib/python3.8/site-packages/airflow/example_dags/example_time_delta_sensor_async.py
[2022-09-05 21:55:21,784] {processor.py:641} INFO - Processing file /home/osboxes/.local/lib/python3.8/site-packages/airflow/example_dags/example_time_delta_sensor_async.py for tasks to queue
[2022-09-05 21:55:21,784] {logging_mixin.py:115} INFO - [2022-09-05 21:55:21,784] {dagbag.py:507} INFO - Filling up the DagBag from /home/osboxes/.local/lib/python3.8/site-packages/airflow/example_dags/example_time_delta_sensor_async.py
[2022-09-05 21:55:21,789] {processor.py:651} INFO - DAG(s) dict_keys(['example_time_delta_sensor_async']) retrieved from /home/osboxes/.local/lib/python3.8/site-packages/airflow/example_dags/example_time_delta_sensor_async.py
[2022-09-05 21:55:21,821] {logging_mixin.py:115} INFO - [2022-09-05 21:55:21,821] {dag.py:2371} INFO - Sync 1 DAGs
[2022-09-05 21:55:21,838] {logging_mixin.py:115} INFO - [2022-09-05 21:55:21,838] {dag.py:2915} INFO - Setting next_dagrun for example_time_delta_sensor_async to None, run_after=None
[2022-09-05 21:55:21,876] {processor.py:161} INFO - Processing /home/osboxes/.local/lib/python3.8/site-packages/airflow/example_dags/example_time_delta_sensor_async.py took 0.098 seconds
[2022-09-05 21:56:04,605] {processor.py:153} INFO - Started process (PID=185673) to work on /home/osboxes/.local/lib/python3.8/site-packages/airflow/example_dags/example_time_delta_sensor_async.py
[2022-09-05 21:56:04,607] {processor.py:641} INFO - Processing file /home/osboxes/.local/lib/python3.8/site-packages/airflow/example_dags/example_time_delta_sensor_async.py for tasks to queue
[2022-09-05 21:56:04,607] {logging_mixin.py:115} INFO - [2022-09-05 21:56:04,607] {dagbag.py:507} INFO - Filling up the DagBag from /home/osboxes/.local/lib/python3.8/site-packages/airflow/example_dags/example_time_delta_sensor_async.py
[2022-09-05 21:56:04,613] {processor.py:651} INFO - DAG(s) dict_keys(['example_time_delta_sensor_async']) retrieved from /home/osboxes/.local/lib/python3.8/site-packages/airflow/example_dags/example_time_delta_sensor_async.py
[2022-09-05 21:56:04,653] {logging_mixin.py:115} INFO - [2022-09-05 21:56:04,653] {dag.py:2371} INFO - Sync 1 DAGs
[2022-09-05 21:56:04,671] {logging_mixin.py:115} INFO - [2022-09-05 21:56:04,671] {dag.py:2915} INFO - Setting next_dagrun for example_time_delta_sensor_async to None, run_after=None
[2022-09-05 21:56:04,702] {processor.py:161} INFO - Processing /home/osboxes/.local/lib/python3.8/site-packages/airflow/example_dags/example_time_delta_sensor_async.py took 0.102 seconds
[2022-09-05 21:56:43,901] {processor.py:153} INFO - Started process (PID=186013) to work on /home/osboxes/.local/lib/python3.8/site-packages/airflow/example_dags/example_time_delta_sensor_async.py
[2022-09-05 21:56:43,905] {processor.py:641} INFO - Processing file /home/osboxes/.local/lib/python3.8/site-packages/airflow/example_dags/example_time_delta_sensor_async.py for tasks to queue
[2022-09-05 21:56:43,905] {logging_mixin.py:115} INFO - [2022-09-05 21:56:43,905] {dagbag.py:507} INFO - Filling up the DagBag from /home/osboxes/.local/lib/python3.8/site-packages/airflow/example_dags/example_time_delta_sensor_async.py
[2022-09-05 21:56:43,909] {processor.py:651} INFO - DAG(s) dict_keys(['example_time_delta_sensor_async']) retrieved from /home/osboxes/.local/lib/python3.8/site-packages/airflow/example_dags/example_time_delta_sensor_async.py
[2022-09-05 21:56:43,945] {logging_mixin.py:115} INFO - [2022-09-05 21:56:43,944] {dag.py:2371} INFO - Sync 1 DAGs
[2022-09-05 21:56:43,960] {logging_mixin.py:115} INFO - [2022-09-05 21:56:43,958] {dag.py:2915} INFO - Setting next_dagrun for example_time_delta_sensor_async to None, run_after=None
[2022-09-05 21:56:43,988] {processor.py:161} INFO - Processing /home/osboxes/.local/lib/python3.8/site-packages/airflow/example_dags/example_time_delta_sensor_async.py took 0.096 seconds
[2022-09-05 21:57:23,781] {processor.py:153} INFO - Started process (PID=186319) to work on /home/osboxes/.local/lib/python3.8/site-packages/airflow/example_dags/example_time_delta_sensor_async.py
[2022-09-05 21:57:23,783] {processor.py:641} INFO - Processing file /home/osboxes/.local/lib/python3.8/site-packages/airflow/example_dags/example_time_delta_sensor_async.py for tasks to queue
[2022-09-05 21:57:23,783] {logging_mixin.py:115} INFO - [2022-09-05 21:57:23,783] {dagbag.py:507} INFO - Filling up the DagBag from /home/osboxes/.local/lib/python3.8/site-packages/airflow/example_dags/example_time_delta_sensor_async.py
[2022-09-05 21:57:23,788] {processor.py:651} INFO - DAG(s) dict_keys(['example_time_delta_sensor_async']) retrieved from /home/osboxes/.local/lib/python3.8/site-packages/airflow/example_dags/example_time_delta_sensor_async.py
[2022-09-05 21:57:23,823] {logging_mixin.py:115} INFO - [2022-09-05 21:57:23,823] {dag.py:2371} INFO - Sync 1 DAGs
[2022-09-05 21:57:23,838] {logging_mixin.py:115} INFO - [2022-09-05 21:57:23,838] {dag.py:2915} INFO - Setting next_dagrun for example_time_delta_sensor_async to None, run_after=None
[2022-09-05 21:57:23,877] {processor.py:161} INFO - Processing /home/osboxes/.local/lib/python3.8/site-packages/airflow/example_dags/example_time_delta_sensor_async.py took 0.098 seconds
[2022-09-05 21:58:03,312] {processor.py:153} INFO - Started process (PID=186632) to work on /home/osboxes/.local/lib/python3.8/site-packages/airflow/example_dags/example_time_delta_sensor_async.py
[2022-09-05 21:58:03,314] {processor.py:641} INFO - Processing file /home/osboxes/.local/lib/python3.8/site-packages/airflow/example_dags/example_time_delta_sensor_async.py for tasks to queue
[2022-09-05 21:58:03,314] {logging_mixin.py:115} INFO - [2022-09-05 21:58:03,314] {dagbag.py:507} INFO - Filling up the DagBag from /home/osboxes/.local/lib/python3.8/site-packages/airflow/example_dags/example_time_delta_sensor_async.py
[2022-09-05 21:58:03,318] {processor.py:651} INFO - DAG(s) dict_keys(['example_time_delta_sensor_async']) retrieved from /home/osboxes/.local/lib/python3.8/site-packages/airflow/example_dags/example_time_delta_sensor_async.py
[2022-09-05 21:58:03,352] {logging_mixin.py:115} INFO - [2022-09-05 21:58:03,352] {dag.py:2371} INFO - Sync 1 DAGs
[2022-09-05 21:58:03,370] {logging_mixin.py:115} INFO - [2022-09-05 21:58:03,369] {dag.py:2915} INFO - Setting next_dagrun for example_time_delta_sensor_async to None, run_after=None
[2022-09-05 21:58:03,411] {processor.py:161} INFO - Processing /home/osboxes/.local/lib/python3.8/site-packages/airflow/example_dags/example_time_delta_sensor_async.py took 0.102 seconds
[2022-09-05 21:58:42,270] {processor.py:153} INFO - Started process (PID=186990) to work on /home/osboxes/.local/lib/python3.8/site-packages/airflow/example_dags/example_time_delta_sensor_async.py
[2022-09-05 21:58:42,272] {processor.py:641} INFO - Processing file /home/osboxes/.local/lib/python3.8/site-packages/airflow/example_dags/example_time_delta_sensor_async.py for tasks to queue
[2022-09-05 21:58:42,272] {logging_mixin.py:115} INFO - [2022-09-05 21:58:42,272] {dagbag.py:507} INFO - Filling up the DagBag from /home/osboxes/.local/lib/python3.8/site-packages/airflow/example_dags/example_time_delta_sensor_async.py
[2022-09-05 21:58:42,277] {processor.py:651} INFO - DAG(s) dict_keys(['example_time_delta_sensor_async']) retrieved from /home/osboxes/.local/lib/python3.8/site-packages/airflow/example_dags/example_time_delta_sensor_async.py
[2022-09-05 21:58:42,315] {logging_mixin.py:115} INFO - [2022-09-05 21:58:42,315] {dag.py:2371} INFO - Sync 1 DAGs
[2022-09-05 21:58:42,329] {logging_mixin.py:115} INFO - [2022-09-05 21:58:42,329] {dag.py:2915} INFO - Setting next_dagrun for example_time_delta_sensor_async to None, run_after=None
[2022-09-05 21:58:42,373] {processor.py:161} INFO - Processing /home/osboxes/.local/lib/python3.8/site-packages/airflow/example_dags/example_time_delta_sensor_async.py took 0.105 seconds
[2022-09-05 21:59:39,083] {processor.py:153} INFO - Started process (PID=187384) to work on /home/osboxes/.local/lib/python3.8/site-packages/airflow/example_dags/example_time_delta_sensor_async.py
[2022-09-05 21:59:39,084] {processor.py:641} INFO - Processing file /home/osboxes/.local/lib/python3.8/site-packages/airflow/example_dags/example_time_delta_sensor_async.py for tasks to queue
[2022-09-05 21:59:39,084] {logging_mixin.py:115} INFO - [2022-09-05 21:59:39,084] {dagbag.py:507} INFO - Filling up the DagBag from /home/osboxes/.local/lib/python3.8/site-packages/airflow/example_dags/example_time_delta_sensor_async.py
[2022-09-05 21:59:39,088] {processor.py:651} INFO - DAG(s) dict_keys(['example_time_delta_sensor_async']) retrieved from /home/osboxes/.local/lib/python3.8/site-packages/airflow/example_dags/example_time_delta_sensor_async.py
[2022-09-05 21:59:39,118] {logging_mixin.py:115} INFO - [2022-09-05 21:59:39,118] {dag.py:2371} INFO - Sync 1 DAGs
[2022-09-05 21:59:39,140] {logging_mixin.py:115} INFO - [2022-09-05 21:59:39,140] {dag.py:2915} INFO - Setting next_dagrun for example_time_delta_sensor_async to None, run_after=None
[2022-09-05 21:59:39,172] {processor.py:161} INFO - Processing /home/osboxes/.local/lib/python3.8/site-packages/airflow/example_dags/example_time_delta_sensor_async.py took 0.092 seconds
[2022-09-05 22:00:50,875] {processor.py:153} INFO - Started process (PID=188051) to work on /home/osboxes/.local/lib/python3.8/site-packages/airflow/example_dags/example_time_delta_sensor_async.py
[2022-09-05 22:00:50,888] {processor.py:641} INFO - Processing file /home/osboxes/.local/lib/python3.8/site-packages/airflow/example_dags/example_time_delta_sensor_async.py for tasks to queue
[2022-09-05 22:00:50,888] {logging_mixin.py:115} INFO - [2022-09-05 22:00:50,888] {dagbag.py:507} INFO - Filling up the DagBag from /home/osboxes/.local/lib/python3.8/site-packages/airflow/example_dags/example_time_delta_sensor_async.py
[2022-09-05 22:00:51,051] {processor.py:651} INFO - DAG(s) dict_keys(['example_time_delta_sensor_async']) retrieved from /home/osboxes/.local/lib/python3.8/site-packages/airflow/example_dags/example_time_delta_sensor_async.py
[2022-09-05 22:00:52,374] {logging_mixin.py:115} INFO - [2022-09-05 22:00:52,374] {dag.py:2371} INFO - Sync 1 DAGs
[2022-09-05 22:00:52,790] {logging_mixin.py:115} INFO - [2022-09-05 22:00:52,790] {dag.py:2915} INFO - Setting next_dagrun for example_time_delta_sensor_async to None, run_after=None
[2022-09-05 22:00:52,945] {processor.py:161} INFO - Processing /home/osboxes/.local/lib/python3.8/site-packages/airflow/example_dags/example_time_delta_sensor_async.py took 2.072 seconds
[2022-09-05 22:02:41,531] {processor.py:153} INFO - Started process (PID=188804) to work on /home/osboxes/.local/lib/python3.8/site-packages/airflow/example_dags/example_time_delta_sensor_async.py
[2022-09-05 22:02:41,579] {processor.py:641} INFO - Processing file /home/osboxes/.local/lib/python3.8/site-packages/airflow/example_dags/example_time_delta_sensor_async.py for tasks to queue
[2022-09-05 22:02:41,586] {logging_mixin.py:115} INFO - [2022-09-05 22:02:41,585] {dagbag.py:507} INFO - Filling up the DagBag from /home/osboxes/.local/lib/python3.8/site-packages/airflow/example_dags/example_time_delta_sensor_async.py
[2022-09-05 22:02:42,357] {processor.py:651} INFO - DAG(s) dict_keys(['example_time_delta_sensor_async']) retrieved from /home/osboxes/.local/lib/python3.8/site-packages/airflow/example_dags/example_time_delta_sensor_async.py
[2022-09-05 22:02:44,430] {logging_mixin.py:115} INFO - [2022-09-05 22:02:44,430] {dag.py:2371} INFO - Sync 1 DAGs
[2022-09-05 22:02:44,567] {logging_mixin.py:115} INFO - [2022-09-05 22:02:44,567] {dag.py:2915} INFO - Setting next_dagrun for example_time_delta_sensor_async to None, run_after=None
[2022-09-05 22:02:44,660] {processor.py:161} INFO - Processing /home/osboxes/.local/lib/python3.8/site-packages/airflow/example_dags/example_time_delta_sensor_async.py took 3.131 seconds
[2022-09-05 22:05:53,292] {processor.py:153} INFO - Started process (PID=190221) to work on /home/osboxes/.local/lib/python3.8/site-packages/airflow/example_dags/example_time_delta_sensor_async.py
[2022-09-05 22:05:53,298] {processor.py:641} INFO - Processing file /home/osboxes/.local/lib/python3.8/site-packages/airflow/example_dags/example_time_delta_sensor_async.py for tasks to queue
[2022-09-05 22:05:53,305] {logging_mixin.py:115} INFO - [2022-09-05 22:05:53,299] {dagbag.py:507} INFO - Filling up the DagBag from /home/osboxes/.local/lib/python3.8/site-packages/airflow/example_dags/example_time_delta_sensor_async.py
[2022-09-05 22:05:53,329] {processor.py:651} INFO - DAG(s) dict_keys(['example_time_delta_sensor_async']) retrieved from /home/osboxes/.local/lib/python3.8/site-packages/airflow/example_dags/example_time_delta_sensor_async.py
[2022-09-05 22:05:53,836] {logging_mixin.py:115} INFO - [2022-09-05 22:05:53,836] {dag.py:2371} INFO - Sync 1 DAGs
[2022-09-05 22:05:53,879] {logging_mixin.py:115} INFO - [2022-09-05 22:05:53,879] {dag.py:2915} INFO - Setting next_dagrun for example_time_delta_sensor_async to None, run_after=None
[2022-09-05 22:05:53,957] {processor.py:161} INFO - Processing /home/osboxes/.local/lib/python3.8/site-packages/airflow/example_dags/example_time_delta_sensor_async.py took 0.668 seconds
