[2022-09-05 21:17:38,056] {processor.py:153} INFO - Started process (PID=167186) to work on /home/osboxes/.local/lib/python3.8/site-packages/airflow/example_dags/example_skip_dag.py
[2022-09-05 21:17:38,057] {processor.py:641} INFO - Processing file /home/osboxes/.local/lib/python3.8/site-packages/airflow/example_dags/example_skip_dag.py for tasks to queue
[2022-09-05 21:17:38,057] {logging_mixin.py:115} INFO - [2022-09-05 21:17:38,057] {dagbag.py:507} INFO - Filling up the DagBag from /home/osboxes/.local/lib/python3.8/site-packages/airflow/example_dags/example_skip_dag.py
[2022-09-05 21:17:38,062] {processor.py:651} INFO - DAG(s) dict_keys(['example_skip_dag']) retrieved from /home/osboxes/.local/lib/python3.8/site-packages/airflow/example_dags/example_skip_dag.py
[2022-09-05 21:17:38,079] {logging_mixin.py:115} INFO - [2022-09-05 21:17:38,079] {dag.py:2371} INFO - Sync 1 DAGs
[2022-09-05 21:17:38,094] {logging_mixin.py:115} INFO - [2022-09-05 21:17:38,094] {dag.py:2915} INFO - Setting next_dagrun for example_skip_dag to 2022-09-05T01:17:38.093824+00:00, run_after=2022-09-06T01:17:38.093824+00:00
[2022-09-05 21:17:38,129] {processor.py:161} INFO - Processing /home/osboxes/.local/lib/python3.8/site-packages/airflow/example_dags/example_skip_dag.py took 0.075 seconds
[2022-09-05 21:18:21,106] {processor.py:153} INFO - Started process (PID=167585) to work on /home/osboxes/.local/lib/python3.8/site-packages/airflow/example_dags/example_skip_dag.py
[2022-09-05 21:18:21,108] {processor.py:641} INFO - Processing file /home/osboxes/.local/lib/python3.8/site-packages/airflow/example_dags/example_skip_dag.py for tasks to queue
[2022-09-05 21:18:21,109] {logging_mixin.py:115} INFO - [2022-09-05 21:18:21,109] {dagbag.py:507} INFO - Filling up the DagBag from /home/osboxes/.local/lib/python3.8/site-packages/airflow/example_dags/example_skip_dag.py
[2022-09-05 21:18:21,115] {processor.py:651} INFO - DAG(s) dict_keys(['example_skip_dag']) retrieved from /home/osboxes/.local/lib/python3.8/site-packages/airflow/example_dags/example_skip_dag.py
[2022-09-05 21:18:21,135] {logging_mixin.py:115} INFO - [2022-09-05 21:18:21,135] {dag.py:2371} INFO - Sync 1 DAGs
[2022-09-05 21:18:21,150] {logging_mixin.py:115} INFO - [2022-09-05 21:18:21,150] {dag.py:2915} INFO - Setting next_dagrun for example_skip_dag to 2022-09-05T01:18:21.149941+00:00, run_after=2022-09-06T01:18:21.149941+00:00
[2022-09-05 21:18:21,181] {processor.py:161} INFO - Processing /home/osboxes/.local/lib/python3.8/site-packages/airflow/example_dags/example_skip_dag.py took 0.078 seconds
[2022-09-05 21:19:04,781] {processor.py:153} INFO - Started process (PID=167910) to work on /home/osboxes/.local/lib/python3.8/site-packages/airflow/example_dags/example_skip_dag.py
[2022-09-05 21:19:04,782] {processor.py:641} INFO - Processing file /home/osboxes/.local/lib/python3.8/site-packages/airflow/example_dags/example_skip_dag.py for tasks to queue
[2022-09-05 21:19:04,782] {logging_mixin.py:115} INFO - [2022-09-05 21:19:04,782] {dagbag.py:507} INFO - Filling up the DagBag from /home/osboxes/.local/lib/python3.8/site-packages/airflow/example_dags/example_skip_dag.py
[2022-09-05 21:19:04,787] {processor.py:651} INFO - DAG(s) dict_keys(['example_skip_dag']) retrieved from /home/osboxes/.local/lib/python3.8/site-packages/airflow/example_dags/example_skip_dag.py
[2022-09-05 21:19:04,809] {logging_mixin.py:115} INFO - [2022-09-05 21:19:04,809] {dag.py:2371} INFO - Sync 1 DAGs
[2022-09-05 21:19:04,822] {logging_mixin.py:115} INFO - [2022-09-05 21:19:04,822] {dag.py:2915} INFO - Setting next_dagrun for example_skip_dag to 2022-09-05T01:19:04.822634+00:00, run_after=2022-09-06T01:19:04.822634+00:00
[2022-09-05 21:19:04,875] {processor.py:161} INFO - Processing /home/osboxes/.local/lib/python3.8/site-packages/airflow/example_dags/example_skip_dag.py took 0.096 seconds
[2022-09-05 21:19:47,831] {processor.py:153} INFO - Started process (PID=168233) to work on /home/osboxes/.local/lib/python3.8/site-packages/airflow/example_dags/example_skip_dag.py
[2022-09-05 21:19:47,833] {processor.py:641} INFO - Processing file /home/osboxes/.local/lib/python3.8/site-packages/airflow/example_dags/example_skip_dag.py for tasks to queue
[2022-09-05 21:19:47,833] {logging_mixin.py:115} INFO - [2022-09-05 21:19:47,833] {dagbag.py:507} INFO - Filling up the DagBag from /home/osboxes/.local/lib/python3.8/site-packages/airflow/example_dags/example_skip_dag.py
[2022-09-05 21:19:47,838] {processor.py:651} INFO - DAG(s) dict_keys(['example_skip_dag']) retrieved from /home/osboxes/.local/lib/python3.8/site-packages/airflow/example_dags/example_skip_dag.py
[2022-09-05 21:19:47,865] {logging_mixin.py:115} INFO - [2022-09-05 21:19:47,865] {dag.py:2371} INFO - Sync 1 DAGs
[2022-09-05 21:19:47,886] {logging_mixin.py:115} INFO - [2022-09-05 21:19:47,886] {dag.py:2915} INFO - Setting next_dagrun for example_skip_dag to 2022-09-05T01:19:47.886145+00:00, run_after=2022-09-06T01:19:47.886145+00:00
[2022-09-05 21:19:47,913] {processor.py:161} INFO - Processing /home/osboxes/.local/lib/python3.8/site-packages/airflow/example_dags/example_skip_dag.py took 0.085 seconds
[2022-09-05 21:20:30,881] {processor.py:153} INFO - Started process (PID=168565) to work on /home/osboxes/.local/lib/python3.8/site-packages/airflow/example_dags/example_skip_dag.py
[2022-09-05 21:20:30,883] {processor.py:641} INFO - Processing file /home/osboxes/.local/lib/python3.8/site-packages/airflow/example_dags/example_skip_dag.py for tasks to queue
[2022-09-05 21:20:30,883] {logging_mixin.py:115} INFO - [2022-09-05 21:20:30,883] {dagbag.py:507} INFO - Filling up the DagBag from /home/osboxes/.local/lib/python3.8/site-packages/airflow/example_dags/example_skip_dag.py
[2022-09-05 21:20:30,888] {processor.py:651} INFO - DAG(s) dict_keys(['example_skip_dag']) retrieved from /home/osboxes/.local/lib/python3.8/site-packages/airflow/example_dags/example_skip_dag.py
[2022-09-05 21:20:30,911] {logging_mixin.py:115} INFO - [2022-09-05 21:20:30,911] {dag.py:2371} INFO - Sync 1 DAGs
[2022-09-05 21:20:30,925] {logging_mixin.py:115} INFO - [2022-09-05 21:20:30,925] {dag.py:2915} INFO - Setting next_dagrun for example_skip_dag to 2022-09-05T01:20:30.925424+00:00, run_after=2022-09-06T01:20:30.925424+00:00
[2022-09-05 21:20:30,966] {processor.py:161} INFO - Processing /home/osboxes/.local/lib/python3.8/site-packages/airflow/example_dags/example_skip_dag.py took 0.087 seconds
[2022-09-05 21:21:09,257] {processor.py:153} INFO - Started process (PID=168888) to work on /home/osboxes/.local/lib/python3.8/site-packages/airflow/example_dags/example_skip_dag.py
[2022-09-05 21:21:09,259] {processor.py:641} INFO - Processing file /home/osboxes/.local/lib/python3.8/site-packages/airflow/example_dags/example_skip_dag.py for tasks to queue
[2022-09-05 21:21:09,260] {logging_mixin.py:115} INFO - [2022-09-05 21:21:09,260] {dagbag.py:507} INFO - Filling up the DagBag from /home/osboxes/.local/lib/python3.8/site-packages/airflow/example_dags/example_skip_dag.py
[2022-09-05 21:21:09,266] {processor.py:651} INFO - DAG(s) dict_keys(['example_skip_dag']) retrieved from /home/osboxes/.local/lib/python3.8/site-packages/airflow/example_dags/example_skip_dag.py
[2022-09-05 21:21:09,289] {logging_mixin.py:115} INFO - [2022-09-05 21:21:09,289] {dag.py:2371} INFO - Sync 1 DAGs
[2022-09-05 21:21:09,304] {logging_mixin.py:115} INFO - [2022-09-05 21:21:09,304] {dag.py:2915} INFO - Setting next_dagrun for example_skip_dag to 2022-09-05T01:21:09.304167+00:00, run_after=2022-09-06T01:21:09.304167+00:00
[2022-09-05 21:21:09,348] {processor.py:161} INFO - Processing /home/osboxes/.local/lib/python3.8/site-packages/airflow/example_dags/example_skip_dag.py took 0.093 seconds
[2022-09-05 21:21:51,032] {processor.py:153} INFO - Started process (PID=169214) to work on /home/osboxes/.local/lib/python3.8/site-packages/airflow/example_dags/example_skip_dag.py
[2022-09-05 21:21:51,033] {processor.py:641} INFO - Processing file /home/osboxes/.local/lib/python3.8/site-packages/airflow/example_dags/example_skip_dag.py for tasks to queue
[2022-09-05 21:21:51,034] {logging_mixin.py:115} INFO - [2022-09-05 21:21:51,034] {dagbag.py:507} INFO - Filling up the DagBag from /home/osboxes/.local/lib/python3.8/site-packages/airflow/example_dags/example_skip_dag.py
[2022-09-05 21:21:51,038] {processor.py:651} INFO - DAG(s) dict_keys(['example_skip_dag']) retrieved from /home/osboxes/.local/lib/python3.8/site-packages/airflow/example_dags/example_skip_dag.py
[2022-09-05 21:21:51,057] {logging_mixin.py:115} INFO - [2022-09-05 21:21:51,057] {dag.py:2371} INFO - Sync 1 DAGs
[2022-09-05 21:21:51,071] {logging_mixin.py:115} INFO - [2022-09-05 21:21:51,071] {dag.py:2915} INFO - Setting next_dagrun for example_skip_dag to 2022-09-05T01:21:51.070931+00:00, run_after=2022-09-06T01:21:51.070931+00:00
[2022-09-05 21:21:51,100] {processor.py:161} INFO - Processing /home/osboxes/.local/lib/python3.8/site-packages/airflow/example_dags/example_skip_dag.py took 0.071 seconds
[2022-09-05 21:22:31,704] {processor.py:153} INFO - Started process (PID=169530) to work on /home/osboxes/.local/lib/python3.8/site-packages/airflow/example_dags/example_skip_dag.py
[2022-09-05 21:22:31,705] {processor.py:641} INFO - Processing file /home/osboxes/.local/lib/python3.8/site-packages/airflow/example_dags/example_skip_dag.py for tasks to queue
[2022-09-05 21:22:31,706] {logging_mixin.py:115} INFO - [2022-09-05 21:22:31,706] {dagbag.py:507} INFO - Filling up the DagBag from /home/osboxes/.local/lib/python3.8/site-packages/airflow/example_dags/example_skip_dag.py
[2022-09-05 21:22:31,712] {processor.py:651} INFO - DAG(s) dict_keys(['example_skip_dag']) retrieved from /home/osboxes/.local/lib/python3.8/site-packages/airflow/example_dags/example_skip_dag.py
[2022-09-05 21:22:31,738] {logging_mixin.py:115} INFO - [2022-09-05 21:22:31,738] {dag.py:2371} INFO - Sync 1 DAGs
[2022-09-05 21:22:31,757] {logging_mixin.py:115} INFO - [2022-09-05 21:22:31,757] {dag.py:2915} INFO - Setting next_dagrun for example_skip_dag to 2022-09-05T01:22:31.756803+00:00, run_after=2022-09-06T01:22:31.756803+00:00
[2022-09-05 21:22:31,811] {processor.py:161} INFO - Processing /home/osboxes/.local/lib/python3.8/site-packages/airflow/example_dags/example_skip_dag.py took 0.110 seconds
[2022-09-05 21:23:08,458] {processor.py:153} INFO - Started process (PID=169819) to work on /home/osboxes/.local/lib/python3.8/site-packages/airflow/example_dags/example_skip_dag.py
[2022-09-05 21:23:08,461] {processor.py:641} INFO - Processing file /home/osboxes/.local/lib/python3.8/site-packages/airflow/example_dags/example_skip_dag.py for tasks to queue
[2022-09-05 21:23:08,461] {logging_mixin.py:115} INFO - [2022-09-05 21:23:08,461] {dagbag.py:507} INFO - Filling up the DagBag from /home/osboxes/.local/lib/python3.8/site-packages/airflow/example_dags/example_skip_dag.py
[2022-09-05 21:23:08,467] {processor.py:651} INFO - DAG(s) dict_keys(['example_skip_dag']) retrieved from /home/osboxes/.local/lib/python3.8/site-packages/airflow/example_dags/example_skip_dag.py
[2022-09-05 21:23:08,489] {logging_mixin.py:115} INFO - [2022-09-05 21:23:08,489] {dag.py:2371} INFO - Sync 1 DAGs
[2022-09-05 21:23:08,506] {logging_mixin.py:115} INFO - [2022-09-05 21:23:08,505] {dag.py:2915} INFO - Setting next_dagrun for example_skip_dag to 2022-09-05T01:23:08.505718+00:00, run_after=2022-09-06T01:23:08.505718+00:00
[2022-09-05 21:23:08,539] {processor.py:161} INFO - Processing /home/osboxes/.local/lib/python3.8/site-packages/airflow/example_dags/example_skip_dag.py took 0.083 seconds
[2022-09-05 21:23:48,632] {processor.py:153} INFO - Started process (PID=170183) to work on /home/osboxes/.local/lib/python3.8/site-packages/airflow/example_dags/example_skip_dag.py
[2022-09-05 21:23:48,633] {processor.py:641} INFO - Processing file /home/osboxes/.local/lib/python3.8/site-packages/airflow/example_dags/example_skip_dag.py for tasks to queue
[2022-09-05 21:23:48,634] {logging_mixin.py:115} INFO - [2022-09-05 21:23:48,634] {dagbag.py:507} INFO - Filling up the DagBag from /home/osboxes/.local/lib/python3.8/site-packages/airflow/example_dags/example_skip_dag.py
[2022-09-05 21:23:48,638] {processor.py:651} INFO - DAG(s) dict_keys(['example_skip_dag']) retrieved from /home/osboxes/.local/lib/python3.8/site-packages/airflow/example_dags/example_skip_dag.py
[2022-09-05 21:23:48,665] {logging_mixin.py:115} INFO - [2022-09-05 21:23:48,665] {dag.py:2371} INFO - Sync 1 DAGs
[2022-09-05 21:23:48,688] {logging_mixin.py:115} INFO - [2022-09-05 21:23:48,688] {dag.py:2915} INFO - Setting next_dagrun for example_skip_dag to 2022-09-05T01:23:48.688136+00:00, run_after=2022-09-06T01:23:48.688136+00:00
[2022-09-05 21:23:48,729] {processor.py:161} INFO - Processing /home/osboxes/.local/lib/python3.8/site-packages/airflow/example_dags/example_skip_dag.py took 0.099 seconds
[2022-09-05 21:24:33,463] {processor.py:153} INFO - Started process (PID=170548) to work on /home/osboxes/.local/lib/python3.8/site-packages/airflow/example_dags/example_skip_dag.py
[2022-09-05 21:24:33,464] {processor.py:641} INFO - Processing file /home/osboxes/.local/lib/python3.8/site-packages/airflow/example_dags/example_skip_dag.py for tasks to queue
[2022-09-05 21:24:33,465] {logging_mixin.py:115} INFO - [2022-09-05 21:24:33,465] {dagbag.py:507} INFO - Filling up the DagBag from /home/osboxes/.local/lib/python3.8/site-packages/airflow/example_dags/example_skip_dag.py
[2022-09-05 21:24:33,469] {processor.py:651} INFO - DAG(s) dict_keys(['example_skip_dag']) retrieved from /home/osboxes/.local/lib/python3.8/site-packages/airflow/example_dags/example_skip_dag.py
[2022-09-05 21:24:33,492] {logging_mixin.py:115} INFO - [2022-09-05 21:24:33,492] {dag.py:2371} INFO - Sync 1 DAGs
[2022-09-05 21:24:33,509] {logging_mixin.py:115} INFO - [2022-09-05 21:24:33,509] {dag.py:2915} INFO - Setting next_dagrun for example_skip_dag to 2022-09-05T01:24:33.509094+00:00, run_after=2022-09-06T01:24:33.509094+00:00
[2022-09-05 21:24:33,543] {processor.py:161} INFO - Processing /home/osboxes/.local/lib/python3.8/site-packages/airflow/example_dags/example_skip_dag.py took 0.084 seconds
[2022-09-05 21:25:12,297] {processor.py:153} INFO - Started process (PID=170847) to work on /home/osboxes/.local/lib/python3.8/site-packages/airflow/example_dags/example_skip_dag.py
[2022-09-05 21:25:12,300] {processor.py:641} INFO - Processing file /home/osboxes/.local/lib/python3.8/site-packages/airflow/example_dags/example_skip_dag.py for tasks to queue
[2022-09-05 21:25:12,301] {logging_mixin.py:115} INFO - [2022-09-05 21:25:12,300] {dagbag.py:507} INFO - Filling up the DagBag from /home/osboxes/.local/lib/python3.8/site-packages/airflow/example_dags/example_skip_dag.py
[2022-09-05 21:25:12,307] {processor.py:651} INFO - DAG(s) dict_keys(['example_skip_dag']) retrieved from /home/osboxes/.local/lib/python3.8/site-packages/airflow/example_dags/example_skip_dag.py
[2022-09-05 21:25:12,331] {logging_mixin.py:115} INFO - [2022-09-05 21:25:12,331] {dag.py:2371} INFO - Sync 1 DAGs
[2022-09-05 21:25:12,353] {logging_mixin.py:115} INFO - [2022-09-05 21:25:12,353] {dag.py:2915} INFO - Setting next_dagrun for example_skip_dag to 2022-09-05T01:25:12.353043+00:00, run_after=2022-09-06T01:25:12.353043+00:00
[2022-09-05 21:25:12,396] {processor.py:161} INFO - Processing /home/osboxes/.local/lib/python3.8/site-packages/airflow/example_dags/example_skip_dag.py took 0.102 seconds
[2022-09-05 21:25:56,112] {processor.py:153} INFO - Started process (PID=171191) to work on /home/osboxes/.local/lib/python3.8/site-packages/airflow/example_dags/example_skip_dag.py
[2022-09-05 21:25:56,113] {processor.py:641} INFO - Processing file /home/osboxes/.local/lib/python3.8/site-packages/airflow/example_dags/example_skip_dag.py for tasks to queue
[2022-09-05 21:25:56,114] {logging_mixin.py:115} INFO - [2022-09-05 21:25:56,114] {dagbag.py:507} INFO - Filling up the DagBag from /home/osboxes/.local/lib/python3.8/site-packages/airflow/example_dags/example_skip_dag.py
[2022-09-05 21:25:56,118] {processor.py:651} INFO - DAG(s) dict_keys(['example_skip_dag']) retrieved from /home/osboxes/.local/lib/python3.8/site-packages/airflow/example_dags/example_skip_dag.py
[2022-09-05 21:25:56,141] {logging_mixin.py:115} INFO - [2022-09-05 21:25:56,141] {dag.py:2371} INFO - Sync 1 DAGs
[2022-09-05 21:25:56,170] {logging_mixin.py:115} INFO - [2022-09-05 21:25:56,170] {dag.py:2915} INFO - Setting next_dagrun for example_skip_dag to 2022-09-05T01:25:56.170466+00:00, run_after=2022-09-06T01:25:56.170466+00:00
[2022-09-05 21:25:56,235] {processor.py:161} INFO - Processing /home/osboxes/.local/lib/python3.8/site-packages/airflow/example_dags/example_skip_dag.py took 0.126 seconds
[2022-09-05 21:26:43,444] {processor.py:153} INFO - Started process (PID=171562) to work on /home/osboxes/.local/lib/python3.8/site-packages/airflow/example_dags/example_skip_dag.py
[2022-09-05 21:26:43,446] {processor.py:641} INFO - Processing file /home/osboxes/.local/lib/python3.8/site-packages/airflow/example_dags/example_skip_dag.py for tasks to queue
[2022-09-05 21:26:43,446] {logging_mixin.py:115} INFO - [2022-09-05 21:26:43,446] {dagbag.py:507} INFO - Filling up the DagBag from /home/osboxes/.local/lib/python3.8/site-packages/airflow/example_dags/example_skip_dag.py
[2022-09-05 21:26:43,451] {processor.py:651} INFO - DAG(s) dict_keys(['example_skip_dag']) retrieved from /home/osboxes/.local/lib/python3.8/site-packages/airflow/example_dags/example_skip_dag.py
[2022-09-05 21:26:43,475] {logging_mixin.py:115} INFO - [2022-09-05 21:26:43,475] {dag.py:2371} INFO - Sync 1 DAGs
[2022-09-05 21:26:43,488] {logging_mixin.py:115} INFO - [2022-09-05 21:26:43,488] {dag.py:2915} INFO - Setting next_dagrun for example_skip_dag to 2022-09-05T01:26:43.488612+00:00, run_after=2022-09-06T01:26:43.488612+00:00
[2022-09-05 21:26:43,518] {processor.py:161} INFO - Processing /home/osboxes/.local/lib/python3.8/site-packages/airflow/example_dags/example_skip_dag.py took 0.075 seconds
[2022-09-05 21:27:26,893] {processor.py:153} INFO - Started process (PID=171913) to work on /home/osboxes/.local/lib/python3.8/site-packages/airflow/example_dags/example_skip_dag.py
[2022-09-05 21:27:26,895] {processor.py:641} INFO - Processing file /home/osboxes/.local/lib/python3.8/site-packages/airflow/example_dags/example_skip_dag.py for tasks to queue
[2022-09-05 21:27:26,896] {logging_mixin.py:115} INFO - [2022-09-05 21:27:26,896] {dagbag.py:507} INFO - Filling up the DagBag from /home/osboxes/.local/lib/python3.8/site-packages/airflow/example_dags/example_skip_dag.py
[2022-09-05 21:27:26,900] {processor.py:651} INFO - DAG(s) dict_keys(['example_skip_dag']) retrieved from /home/osboxes/.local/lib/python3.8/site-packages/airflow/example_dags/example_skip_dag.py
[2022-09-05 21:27:26,924] {logging_mixin.py:115} INFO - [2022-09-05 21:27:26,924] {dag.py:2371} INFO - Sync 1 DAGs
[2022-09-05 21:27:26,937] {logging_mixin.py:115} INFO - [2022-09-05 21:27:26,937] {dag.py:2915} INFO - Setting next_dagrun for example_skip_dag to 2022-09-05T01:27:26.937514+00:00, run_after=2022-09-06T01:27:26.937514+00:00
[2022-09-05 21:27:26,978] {processor.py:161} INFO - Processing /home/osboxes/.local/lib/python3.8/site-packages/airflow/example_dags/example_skip_dag.py took 0.087 seconds
[2022-09-05 21:28:13,714] {processor.py:153} INFO - Started process (PID=172288) to work on /home/osboxes/.local/lib/python3.8/site-packages/airflow/example_dags/example_skip_dag.py
[2022-09-05 21:28:13,740] {processor.py:641} INFO - Processing file /home/osboxes/.local/lib/python3.8/site-packages/airflow/example_dags/example_skip_dag.py for tasks to queue
[2022-09-05 21:28:13,741] {logging_mixin.py:115} INFO - [2022-09-05 21:28:13,740] {dagbag.py:507} INFO - Filling up the DagBag from /home/osboxes/.local/lib/python3.8/site-packages/airflow/example_dags/example_skip_dag.py
[2022-09-05 21:28:13,784] {processor.py:651} INFO - DAG(s) dict_keys(['example_skip_dag']) retrieved from /home/osboxes/.local/lib/python3.8/site-packages/airflow/example_dags/example_skip_dag.py
[2022-09-05 21:28:13,836] {logging_mixin.py:115} INFO - [2022-09-05 21:28:13,836] {dag.py:2371} INFO - Sync 1 DAGs
[2022-09-05 21:28:13,858] {logging_mixin.py:115} INFO - [2022-09-05 21:28:13,857] {dag.py:2915} INFO - Setting next_dagrun for example_skip_dag to 2022-09-05T01:28:13.857097+00:00, run_after=2022-09-06T01:28:13.857097+00:00
[2022-09-05 21:28:13,904] {processor.py:161} INFO - Processing /home/osboxes/.local/lib/python3.8/site-packages/airflow/example_dags/example_skip_dag.py took 0.192 seconds
[2022-09-05 21:28:57,805] {processor.py:153} INFO - Started process (PID=172686) to work on /home/osboxes/.local/lib/python3.8/site-packages/airflow/example_dags/example_skip_dag.py
[2022-09-05 21:28:57,806] {processor.py:641} INFO - Processing file /home/osboxes/.local/lib/python3.8/site-packages/airflow/example_dags/example_skip_dag.py for tasks to queue
[2022-09-05 21:28:57,807] {logging_mixin.py:115} INFO - [2022-09-05 21:28:57,807] {dagbag.py:507} INFO - Filling up the DagBag from /home/osboxes/.local/lib/python3.8/site-packages/airflow/example_dags/example_skip_dag.py
[2022-09-05 21:28:57,812] {processor.py:651} INFO - DAG(s) dict_keys(['example_skip_dag']) retrieved from /home/osboxes/.local/lib/python3.8/site-packages/airflow/example_dags/example_skip_dag.py
[2022-09-05 21:28:57,831] {logging_mixin.py:115} INFO - [2022-09-05 21:28:57,831] {dag.py:2371} INFO - Sync 1 DAGs
[2022-09-05 21:28:57,848] {logging_mixin.py:115} INFO - [2022-09-05 21:28:57,848] {dag.py:2915} INFO - Setting next_dagrun for example_skip_dag to 2022-09-05T01:28:57.847984+00:00, run_after=2022-09-06T01:28:57.847984+00:00
[2022-09-05 21:28:57,881] {processor.py:161} INFO - Processing /home/osboxes/.local/lib/python3.8/site-packages/airflow/example_dags/example_skip_dag.py took 0.080 seconds
[2022-09-05 21:29:41,428] {processor.py:153} INFO - Started process (PID=173012) to work on /home/osboxes/.local/lib/python3.8/site-packages/airflow/example_dags/example_skip_dag.py
[2022-09-05 21:29:41,430] {processor.py:641} INFO - Processing file /home/osboxes/.local/lib/python3.8/site-packages/airflow/example_dags/example_skip_dag.py for tasks to queue
[2022-09-05 21:29:41,431] {logging_mixin.py:115} INFO - [2022-09-05 21:29:41,431] {dagbag.py:507} INFO - Filling up the DagBag from /home/osboxes/.local/lib/python3.8/site-packages/airflow/example_dags/example_skip_dag.py
[2022-09-05 21:29:41,435] {processor.py:651} INFO - DAG(s) dict_keys(['example_skip_dag']) retrieved from /home/osboxes/.local/lib/python3.8/site-packages/airflow/example_dags/example_skip_dag.py
[2022-09-05 21:29:41,456] {logging_mixin.py:115} INFO - [2022-09-05 21:29:41,456] {dag.py:2371} INFO - Sync 1 DAGs
[2022-09-05 21:29:41,471] {logging_mixin.py:115} INFO - [2022-09-05 21:29:41,471] {dag.py:2915} INFO - Setting next_dagrun for example_skip_dag to 2022-09-05T01:29:41.471379+00:00, run_after=2022-09-06T01:29:41.471379+00:00
[2022-09-05 21:29:41,510] {processor.py:161} INFO - Processing /home/osboxes/.local/lib/python3.8/site-packages/airflow/example_dags/example_skip_dag.py took 0.084 seconds
[2022-09-05 21:30:22,325] {processor.py:153} INFO - Started process (PID=173336) to work on /home/osboxes/.local/lib/python3.8/site-packages/airflow/example_dags/example_skip_dag.py
[2022-09-05 21:30:22,326] {processor.py:641} INFO - Processing file /home/osboxes/.local/lib/python3.8/site-packages/airflow/example_dags/example_skip_dag.py for tasks to queue
[2022-09-05 21:30:22,327] {logging_mixin.py:115} INFO - [2022-09-05 21:30:22,327] {dagbag.py:507} INFO - Filling up the DagBag from /home/osboxes/.local/lib/python3.8/site-packages/airflow/example_dags/example_skip_dag.py
[2022-09-05 21:30:22,333] {processor.py:651} INFO - DAG(s) dict_keys(['example_skip_dag']) retrieved from /home/osboxes/.local/lib/python3.8/site-packages/airflow/example_dags/example_skip_dag.py
[2022-09-05 21:30:22,363] {logging_mixin.py:115} INFO - [2022-09-05 21:30:22,362] {dag.py:2371} INFO - Sync 1 DAGs
[2022-09-05 21:30:22,381] {logging_mixin.py:115} INFO - [2022-09-05 21:30:22,381] {dag.py:2915} INFO - Setting next_dagrun for example_skip_dag to 2022-09-05T01:30:22.381185+00:00, run_after=2022-09-06T01:30:22.381185+00:00
[2022-09-05 21:30:22,423] {processor.py:161} INFO - Processing /home/osboxes/.local/lib/python3.8/site-packages/airflow/example_dags/example_skip_dag.py took 0.104 seconds
[2022-09-05 21:31:06,059] {processor.py:153} INFO - Started process (PID=173665) to work on /home/osboxes/.local/lib/python3.8/site-packages/airflow/example_dags/example_skip_dag.py
[2022-09-05 21:31:06,060] {processor.py:641} INFO - Processing file /home/osboxes/.local/lib/python3.8/site-packages/airflow/example_dags/example_skip_dag.py for tasks to queue
[2022-09-05 21:31:06,061] {logging_mixin.py:115} INFO - [2022-09-05 21:31:06,061] {dagbag.py:507} INFO - Filling up the DagBag from /home/osboxes/.local/lib/python3.8/site-packages/airflow/example_dags/example_skip_dag.py
[2022-09-05 21:31:06,065] {processor.py:651} INFO - DAG(s) dict_keys(['example_skip_dag']) retrieved from /home/osboxes/.local/lib/python3.8/site-packages/airflow/example_dags/example_skip_dag.py
[2022-09-05 21:31:06,087] {logging_mixin.py:115} INFO - [2022-09-05 21:31:06,087] {dag.py:2371} INFO - Sync 1 DAGs
[2022-09-05 21:31:06,139] {logging_mixin.py:115} INFO - [2022-09-05 21:31:06,138] {dag.py:2915} INFO - Setting next_dagrun for example_skip_dag to 2022-09-05T01:31:06.109916+00:00, run_after=2022-09-06T01:31:06.109916+00:00
[2022-09-05 21:31:06,171] {processor.py:161} INFO - Processing /home/osboxes/.local/lib/python3.8/site-packages/airflow/example_dags/example_skip_dag.py took 0.114 seconds
[2022-09-05 21:31:44,882] {processor.py:153} INFO - Started process (PID=174000) to work on /home/osboxes/.local/lib/python3.8/site-packages/airflow/example_dags/example_skip_dag.py
[2022-09-05 21:31:44,885] {processor.py:641} INFO - Processing file /home/osboxes/.local/lib/python3.8/site-packages/airflow/example_dags/example_skip_dag.py for tasks to queue
[2022-09-05 21:31:44,886] {logging_mixin.py:115} INFO - [2022-09-05 21:31:44,886] {dagbag.py:507} INFO - Filling up the DagBag from /home/osboxes/.local/lib/python3.8/site-packages/airflow/example_dags/example_skip_dag.py
[2022-09-05 21:31:44,890] {processor.py:651} INFO - DAG(s) dict_keys(['example_skip_dag']) retrieved from /home/osboxes/.local/lib/python3.8/site-packages/airflow/example_dags/example_skip_dag.py
[2022-09-05 21:31:44,911] {logging_mixin.py:115} INFO - [2022-09-05 21:31:44,911] {dag.py:2371} INFO - Sync 1 DAGs
[2022-09-05 21:31:44,937] {logging_mixin.py:115} INFO - [2022-09-05 21:31:44,937] {dag.py:2915} INFO - Setting next_dagrun for example_skip_dag to 2022-09-05T01:31:44.936865+00:00, run_after=2022-09-06T01:31:44.936865+00:00
[2022-09-05 21:31:44,976] {processor.py:161} INFO - Processing /home/osboxes/.local/lib/python3.8/site-packages/airflow/example_dags/example_skip_dag.py took 0.097 seconds
[2022-09-05 21:32:28,748] {processor.py:153} INFO - Started process (PID=174327) to work on /home/osboxes/.local/lib/python3.8/site-packages/airflow/example_dags/example_skip_dag.py
[2022-09-05 21:32:28,758] {processor.py:641} INFO - Processing file /home/osboxes/.local/lib/python3.8/site-packages/airflow/example_dags/example_skip_dag.py for tasks to queue
[2022-09-05 21:32:28,759] {logging_mixin.py:115} INFO - [2022-09-05 21:32:28,758] {dagbag.py:507} INFO - Filling up the DagBag from /home/osboxes/.local/lib/python3.8/site-packages/airflow/example_dags/example_skip_dag.py
[2022-09-05 21:32:28,763] {processor.py:651} INFO - DAG(s) dict_keys(['example_skip_dag']) retrieved from /home/osboxes/.local/lib/python3.8/site-packages/airflow/example_dags/example_skip_dag.py
[2022-09-05 21:32:28,784] {logging_mixin.py:115} INFO - [2022-09-05 21:32:28,784] {dag.py:2371} INFO - Sync 1 DAGs
[2022-09-05 21:32:28,802] {logging_mixin.py:115} INFO - [2022-09-05 21:32:28,802] {dag.py:2915} INFO - Setting next_dagrun for example_skip_dag to 2022-09-05T01:32:28.802269+00:00, run_after=2022-09-06T01:32:28.802269+00:00
[2022-09-05 21:32:28,843] {processor.py:161} INFO - Processing /home/osboxes/.local/lib/python3.8/site-packages/airflow/example_dags/example_skip_dag.py took 0.097 seconds
[2022-09-05 21:33:10,979] {processor.py:153} INFO - Started process (PID=174662) to work on /home/osboxes/.local/lib/python3.8/site-packages/airflow/example_dags/example_skip_dag.py
[2022-09-05 21:33:10,982] {processor.py:641} INFO - Processing file /home/osboxes/.local/lib/python3.8/site-packages/airflow/example_dags/example_skip_dag.py for tasks to queue
[2022-09-05 21:33:10,982] {logging_mixin.py:115} INFO - [2022-09-05 21:33:10,982] {dagbag.py:507} INFO - Filling up the DagBag from /home/osboxes/.local/lib/python3.8/site-packages/airflow/example_dags/example_skip_dag.py
[2022-09-05 21:33:10,987] {processor.py:651} INFO - DAG(s) dict_keys(['example_skip_dag']) retrieved from /home/osboxes/.local/lib/python3.8/site-packages/airflow/example_dags/example_skip_dag.py
[2022-09-05 21:33:11,011] {logging_mixin.py:115} INFO - [2022-09-05 21:33:11,011] {dag.py:2371} INFO - Sync 1 DAGs
[2022-09-05 21:33:11,040] {logging_mixin.py:115} INFO - [2022-09-05 21:33:11,040] {dag.py:2915} INFO - Setting next_dagrun for example_skip_dag to 2022-09-05T01:33:11.039623+00:00, run_after=2022-09-06T01:33:11.039623+00:00
[2022-09-05 21:33:11,074] {processor.py:161} INFO - Processing /home/osboxes/.local/lib/python3.8/site-packages/airflow/example_dags/example_skip_dag.py took 0.098 seconds
[2022-09-05 21:33:55,324] {processor.py:153} INFO - Started process (PID=175059) to work on /home/osboxes/.local/lib/python3.8/site-packages/airflow/example_dags/example_skip_dag.py
[2022-09-05 21:33:55,325] {processor.py:641} INFO - Processing file /home/osboxes/.local/lib/python3.8/site-packages/airflow/example_dags/example_skip_dag.py for tasks to queue
[2022-09-05 21:33:55,325] {logging_mixin.py:115} INFO - [2022-09-05 21:33:55,325] {dagbag.py:507} INFO - Filling up the DagBag from /home/osboxes/.local/lib/python3.8/site-packages/airflow/example_dags/example_skip_dag.py
[2022-09-05 21:33:55,330] {processor.py:651} INFO - DAG(s) dict_keys(['example_skip_dag']) retrieved from /home/osboxes/.local/lib/python3.8/site-packages/airflow/example_dags/example_skip_dag.py
[2022-09-05 21:33:55,354] {logging_mixin.py:115} INFO - [2022-09-05 21:33:55,354] {dag.py:2371} INFO - Sync 1 DAGs
[2022-09-05 21:33:55,383] {logging_mixin.py:115} INFO - [2022-09-05 21:33:55,381] {dag.py:2915} INFO - Setting next_dagrun for example_skip_dag to 2022-09-05T01:33:55.370211+00:00, run_after=2022-09-06T01:33:55.370211+00:00
[2022-09-05 21:33:55,411] {processor.py:161} INFO - Processing /home/osboxes/.local/lib/python3.8/site-packages/airflow/example_dags/example_skip_dag.py took 0.090 seconds
[2022-09-05 21:34:35,947] {processor.py:153} INFO - Started process (PID=175392) to work on /home/osboxes/.local/lib/python3.8/site-packages/airflow/example_dags/example_skip_dag.py
[2022-09-05 21:34:35,958] {processor.py:641} INFO - Processing file /home/osboxes/.local/lib/python3.8/site-packages/airflow/example_dags/example_skip_dag.py for tasks to queue
[2022-09-05 21:34:35,959] {logging_mixin.py:115} INFO - [2022-09-05 21:34:35,959] {dagbag.py:507} INFO - Filling up the DagBag from /home/osboxes/.local/lib/python3.8/site-packages/airflow/example_dags/example_skip_dag.py
[2022-09-05 21:34:35,963] {processor.py:651} INFO - DAG(s) dict_keys(['example_skip_dag']) retrieved from /home/osboxes/.local/lib/python3.8/site-packages/airflow/example_dags/example_skip_dag.py
[2022-09-05 21:34:35,995] {logging_mixin.py:115} INFO - [2022-09-05 21:34:35,995] {dag.py:2371} INFO - Sync 1 DAGs
[2022-09-05 21:34:36,011] {logging_mixin.py:115} INFO - [2022-09-05 21:34:36,011] {dag.py:2915} INFO - Setting next_dagrun for example_skip_dag to 2022-09-05T01:34:36.011001+00:00, run_after=2022-09-06T01:34:36.011001+00:00
[2022-09-05 21:34:36,087] {processor.py:161} INFO - Processing /home/osboxes/.local/lib/python3.8/site-packages/airflow/example_dags/example_skip_dag.py took 0.141 seconds
[2022-09-05 21:35:19,614] {processor.py:153} INFO - Started process (PID=175736) to work on /home/osboxes/.local/lib/python3.8/site-packages/airflow/example_dags/example_skip_dag.py
[2022-09-05 21:35:19,630] {processor.py:641} INFO - Processing file /home/osboxes/.local/lib/python3.8/site-packages/airflow/example_dags/example_skip_dag.py for tasks to queue
[2022-09-05 21:35:19,630] {logging_mixin.py:115} INFO - [2022-09-05 21:35:19,630] {dagbag.py:507} INFO - Filling up the DagBag from /home/osboxes/.local/lib/python3.8/site-packages/airflow/example_dags/example_skip_dag.py
[2022-09-05 21:35:19,635] {processor.py:651} INFO - DAG(s) dict_keys(['example_skip_dag']) retrieved from /home/osboxes/.local/lib/python3.8/site-packages/airflow/example_dags/example_skip_dag.py
[2022-09-05 21:35:19,669] {logging_mixin.py:115} INFO - [2022-09-05 21:35:19,669] {dag.py:2371} INFO - Sync 1 DAGs
[2022-09-05 21:35:19,709] {logging_mixin.py:115} INFO - [2022-09-05 21:35:19,709] {dag.py:2915} INFO - Setting next_dagrun for example_skip_dag to 2022-09-05T01:35:19.709093+00:00, run_after=2022-09-06T01:35:19.709093+00:00
[2022-09-05 21:35:19,738] {processor.py:161} INFO - Processing /home/osboxes/.local/lib/python3.8/site-packages/airflow/example_dags/example_skip_dag.py took 0.127 seconds
[2022-09-05 21:36:05,559] {processor.py:153} INFO - Started process (PID=176087) to work on /home/osboxes/.local/lib/python3.8/site-packages/airflow/example_dags/example_skip_dag.py
[2022-09-05 21:36:05,561] {processor.py:641} INFO - Processing file /home/osboxes/.local/lib/python3.8/site-packages/airflow/example_dags/example_skip_dag.py for tasks to queue
[2022-09-05 21:36:05,561] {logging_mixin.py:115} INFO - [2022-09-05 21:36:05,561] {dagbag.py:507} INFO - Filling up the DagBag from /home/osboxes/.local/lib/python3.8/site-packages/airflow/example_dags/example_skip_dag.py
[2022-09-05 21:36:05,567] {processor.py:651} INFO - DAG(s) dict_keys(['example_skip_dag']) retrieved from /home/osboxes/.local/lib/python3.8/site-packages/airflow/example_dags/example_skip_dag.py
[2022-09-05 21:36:05,589] {logging_mixin.py:115} INFO - [2022-09-05 21:36:05,589] {dag.py:2371} INFO - Sync 1 DAGs
[2022-09-05 21:36:05,609] {logging_mixin.py:115} INFO - [2022-09-05 21:36:05,609] {dag.py:2915} INFO - Setting next_dagrun for example_skip_dag to 2022-09-05T01:36:05.608824+00:00, run_after=2022-09-06T01:36:05.608824+00:00
[2022-09-05 21:36:05,670] {processor.py:161} INFO - Processing /home/osboxes/.local/lib/python3.8/site-packages/airflow/example_dags/example_skip_dag.py took 0.113 seconds
[2022-09-05 21:36:50,587] {processor.py:153} INFO - Started process (PID=176452) to work on /home/osboxes/.local/lib/python3.8/site-packages/airflow/example_dags/example_skip_dag.py
[2022-09-05 21:36:50,589] {processor.py:641} INFO - Processing file /home/osboxes/.local/lib/python3.8/site-packages/airflow/example_dags/example_skip_dag.py for tasks to queue
[2022-09-05 21:36:50,590] {logging_mixin.py:115} INFO - [2022-09-05 21:36:50,589] {dagbag.py:507} INFO - Filling up the DagBag from /home/osboxes/.local/lib/python3.8/site-packages/airflow/example_dags/example_skip_dag.py
[2022-09-05 21:36:50,594] {processor.py:651} INFO - DAG(s) dict_keys(['example_skip_dag']) retrieved from /home/osboxes/.local/lib/python3.8/site-packages/airflow/example_dags/example_skip_dag.py
[2022-09-05 21:36:50,616] {logging_mixin.py:115} INFO - [2022-09-05 21:36:50,616] {dag.py:2371} INFO - Sync 1 DAGs
[2022-09-05 21:36:50,636] {logging_mixin.py:115} INFO - [2022-09-05 21:36:50,636] {dag.py:2915} INFO - Setting next_dagrun for example_skip_dag to 2022-09-05T01:36:50.636643+00:00, run_after=2022-09-06T01:36:50.636643+00:00
[2022-09-05 21:36:50,670] {processor.py:161} INFO - Processing /home/osboxes/.local/lib/python3.8/site-packages/airflow/example_dags/example_skip_dag.py took 0.086 seconds
[2022-09-05 21:37:37,518] {processor.py:153} INFO - Started process (PID=176830) to work on /home/osboxes/.local/lib/python3.8/site-packages/airflow/example_dags/example_skip_dag.py
[2022-09-05 21:37:37,520] {processor.py:641} INFO - Processing file /home/osboxes/.local/lib/python3.8/site-packages/airflow/example_dags/example_skip_dag.py for tasks to queue
[2022-09-05 21:37:37,520] {logging_mixin.py:115} INFO - [2022-09-05 21:37:37,520] {dagbag.py:507} INFO - Filling up the DagBag from /home/osboxes/.local/lib/python3.8/site-packages/airflow/example_dags/example_skip_dag.py
[2022-09-05 21:37:37,526] {processor.py:651} INFO - DAG(s) dict_keys(['example_skip_dag']) retrieved from /home/osboxes/.local/lib/python3.8/site-packages/airflow/example_dags/example_skip_dag.py
[2022-09-05 21:37:37,560] {logging_mixin.py:115} INFO - [2022-09-05 21:37:37,560] {dag.py:2371} INFO - Sync 1 DAGs
[2022-09-05 21:37:37,577] {logging_mixin.py:115} INFO - [2022-09-05 21:37:37,577] {dag.py:2915} INFO - Setting next_dagrun for example_skip_dag to 2022-09-05T01:37:37.577518+00:00, run_after=2022-09-06T01:37:37.577518+00:00
[2022-09-05 21:37:37,613] {processor.py:161} INFO - Processing /home/osboxes/.local/lib/python3.8/site-packages/airflow/example_dags/example_skip_dag.py took 0.098 seconds
[2022-09-05 21:38:21,822] {processor.py:153} INFO - Started process (PID=177210) to work on /home/osboxes/.local/lib/python3.8/site-packages/airflow/example_dags/example_skip_dag.py
[2022-09-05 21:38:21,824] {processor.py:641} INFO - Processing file /home/osboxes/.local/lib/python3.8/site-packages/airflow/example_dags/example_skip_dag.py for tasks to queue
[2022-09-05 21:38:21,825] {logging_mixin.py:115} INFO - [2022-09-05 21:38:21,824] {dagbag.py:507} INFO - Filling up the DagBag from /home/osboxes/.local/lib/python3.8/site-packages/airflow/example_dags/example_skip_dag.py
[2022-09-05 21:38:21,829] {processor.py:651} INFO - DAG(s) dict_keys(['example_skip_dag']) retrieved from /home/osboxes/.local/lib/python3.8/site-packages/airflow/example_dags/example_skip_dag.py
[2022-09-05 21:38:21,852] {logging_mixin.py:115} INFO - [2022-09-05 21:38:21,852] {dag.py:2371} INFO - Sync 1 DAGs
[2022-09-05 21:38:21,869] {logging_mixin.py:115} INFO - [2022-09-05 21:38:21,869] {dag.py:2915} INFO - Setting next_dagrun for example_skip_dag to 2022-09-05T01:38:21.869002+00:00, run_after=2022-09-06T01:38:21.869002+00:00
[2022-09-05 21:38:21,908] {processor.py:161} INFO - Processing /home/osboxes/.local/lib/python3.8/site-packages/airflow/example_dags/example_skip_dag.py took 0.088 seconds
[2022-09-05 21:39:04,202] {processor.py:153} INFO - Started process (PID=177542) to work on /home/osboxes/.local/lib/python3.8/site-packages/airflow/example_dags/example_skip_dag.py
[2022-09-05 21:39:04,204] {processor.py:641} INFO - Processing file /home/osboxes/.local/lib/python3.8/site-packages/airflow/example_dags/example_skip_dag.py for tasks to queue
[2022-09-05 21:39:04,205] {logging_mixin.py:115} INFO - [2022-09-05 21:39:04,205] {dagbag.py:507} INFO - Filling up the DagBag from /home/osboxes/.local/lib/python3.8/site-packages/airflow/example_dags/example_skip_dag.py
[2022-09-05 21:39:04,210] {processor.py:651} INFO - DAG(s) dict_keys(['example_skip_dag']) retrieved from /home/osboxes/.local/lib/python3.8/site-packages/airflow/example_dags/example_skip_dag.py
[2022-09-05 21:39:04,231] {logging_mixin.py:115} INFO - [2022-09-05 21:39:04,231] {dag.py:2371} INFO - Sync 1 DAGs
[2022-09-05 21:39:04,245] {logging_mixin.py:115} INFO - [2022-09-05 21:39:04,245] {dag.py:2915} INFO - Setting next_dagrun for example_skip_dag to 2022-09-05T01:39:04.245428+00:00, run_after=2022-09-06T01:39:04.245428+00:00
[2022-09-05 21:39:04,275] {processor.py:161} INFO - Processing /home/osboxes/.local/lib/python3.8/site-packages/airflow/example_dags/example_skip_dag.py took 0.076 seconds
[2022-09-05 21:39:45,246] {processor.py:153} INFO - Started process (PID=177868) to work on /home/osboxes/.local/lib/python3.8/site-packages/airflow/example_dags/example_skip_dag.py
[2022-09-05 21:39:45,248] {processor.py:641} INFO - Processing file /home/osboxes/.local/lib/python3.8/site-packages/airflow/example_dags/example_skip_dag.py for tasks to queue
[2022-09-05 21:39:45,249] {logging_mixin.py:115} INFO - [2022-09-05 21:39:45,249] {dagbag.py:507} INFO - Filling up the DagBag from /home/osboxes/.local/lib/python3.8/site-packages/airflow/example_dags/example_skip_dag.py
[2022-09-05 21:39:45,254] {processor.py:651} INFO - DAG(s) dict_keys(['example_skip_dag']) retrieved from /home/osboxes/.local/lib/python3.8/site-packages/airflow/example_dags/example_skip_dag.py
[2022-09-05 21:39:45,285] {logging_mixin.py:115} INFO - [2022-09-05 21:39:45,285] {dag.py:2371} INFO - Sync 1 DAGs
[2022-09-05 21:39:45,305] {logging_mixin.py:115} INFO - [2022-09-05 21:39:45,305] {dag.py:2915} INFO - Setting next_dagrun for example_skip_dag to 2022-09-05T01:39:45.305596+00:00, run_after=2022-09-06T01:39:45.305596+00:00
[2022-09-05 21:39:45,339] {processor.py:161} INFO - Processing /home/osboxes/.local/lib/python3.8/site-packages/airflow/example_dags/example_skip_dag.py took 0.108 seconds
[2022-09-05 21:40:24,815] {processor.py:153} INFO - Started process (PID=178157) to work on /home/osboxes/.local/lib/python3.8/site-packages/airflow/example_dags/example_skip_dag.py
[2022-09-05 21:40:24,816] {processor.py:641} INFO - Processing file /home/osboxes/.local/lib/python3.8/site-packages/airflow/example_dags/example_skip_dag.py for tasks to queue
[2022-09-05 21:40:24,817] {logging_mixin.py:115} INFO - [2022-09-05 21:40:24,817] {dagbag.py:507} INFO - Filling up the DagBag from /home/osboxes/.local/lib/python3.8/site-packages/airflow/example_dags/example_skip_dag.py
[2022-09-05 21:40:24,821] {processor.py:651} INFO - DAG(s) dict_keys(['example_skip_dag']) retrieved from /home/osboxes/.local/lib/python3.8/site-packages/airflow/example_dags/example_skip_dag.py
[2022-09-05 21:40:24,843] {logging_mixin.py:115} INFO - [2022-09-05 21:40:24,843] {dag.py:2371} INFO - Sync 1 DAGs
[2022-09-05 21:40:24,858] {logging_mixin.py:115} INFO - [2022-09-05 21:40:24,858] {dag.py:2915} INFO - Setting next_dagrun for example_skip_dag to 2022-09-05T01:40:24.858115+00:00, run_after=2022-09-06T01:40:24.858115+00:00
[2022-09-05 21:40:24,888] {processor.py:161} INFO - Processing /home/osboxes/.local/lib/python3.8/site-packages/airflow/example_dags/example_skip_dag.py took 0.077 seconds
[2022-09-05 21:41:03,187] {processor.py:153} INFO - Started process (PID=178442) to work on /home/osboxes/.local/lib/python3.8/site-packages/airflow/example_dags/example_skip_dag.py
[2022-09-05 21:41:03,189] {processor.py:641} INFO - Processing file /home/osboxes/.local/lib/python3.8/site-packages/airflow/example_dags/example_skip_dag.py for tasks to queue
[2022-09-05 21:41:03,190] {logging_mixin.py:115} INFO - [2022-09-05 21:41:03,189] {dagbag.py:507} INFO - Filling up the DagBag from /home/osboxes/.local/lib/python3.8/site-packages/airflow/example_dags/example_skip_dag.py
[2022-09-05 21:41:03,194] {processor.py:651} INFO - DAG(s) dict_keys(['example_skip_dag']) retrieved from /home/osboxes/.local/lib/python3.8/site-packages/airflow/example_dags/example_skip_dag.py
[2022-09-05 21:41:03,219] {logging_mixin.py:115} INFO - [2022-09-05 21:41:03,219] {dag.py:2371} INFO - Sync 1 DAGs
[2022-09-05 21:41:03,235] {logging_mixin.py:115} INFO - [2022-09-05 21:41:03,235] {dag.py:2915} INFO - Setting next_dagrun for example_skip_dag to 2022-09-05T01:41:03.235358+00:00, run_after=2022-09-06T01:41:03.235358+00:00
[2022-09-05 21:41:03,266] {processor.py:161} INFO - Processing /home/osboxes/.local/lib/python3.8/site-packages/airflow/example_dags/example_skip_dag.py took 0.082 seconds
[2022-09-05 21:41:48,311] {processor.py:153} INFO - Started process (PID=178799) to work on /home/osboxes/.local/lib/python3.8/site-packages/airflow/example_dags/example_skip_dag.py
[2022-09-05 21:41:48,312] {processor.py:641} INFO - Processing file /home/osboxes/.local/lib/python3.8/site-packages/airflow/example_dags/example_skip_dag.py for tasks to queue
[2022-09-05 21:41:48,313] {logging_mixin.py:115} INFO - [2022-09-05 21:41:48,313] {dagbag.py:507} INFO - Filling up the DagBag from /home/osboxes/.local/lib/python3.8/site-packages/airflow/example_dags/example_skip_dag.py
[2022-09-05 21:41:48,317] {processor.py:651} INFO - DAG(s) dict_keys(['example_skip_dag']) retrieved from /home/osboxes/.local/lib/python3.8/site-packages/airflow/example_dags/example_skip_dag.py
[2022-09-05 21:41:48,340] {logging_mixin.py:115} INFO - [2022-09-05 21:41:48,340] {dag.py:2371} INFO - Sync 1 DAGs
[2022-09-05 21:41:48,354] {logging_mixin.py:115} INFO - [2022-09-05 21:41:48,354] {dag.py:2915} INFO - Setting next_dagrun for example_skip_dag to 2022-09-05T01:41:48.354432+00:00, run_after=2022-09-06T01:41:48.354432+00:00
[2022-09-05 21:41:48,396] {processor.py:161} INFO - Processing /home/osboxes/.local/lib/python3.8/site-packages/airflow/example_dags/example_skip_dag.py took 0.087 seconds
[2022-09-05 21:42:29,974] {processor.py:153} INFO - Started process (PID=179157) to work on /home/osboxes/.local/lib/python3.8/site-packages/airflow/example_dags/example_skip_dag.py
[2022-09-05 21:42:29,975] {processor.py:641} INFO - Processing file /home/osboxes/.local/lib/python3.8/site-packages/airflow/example_dags/example_skip_dag.py for tasks to queue
[2022-09-05 21:42:29,975] {logging_mixin.py:115} INFO - [2022-09-05 21:42:29,975] {dagbag.py:507} INFO - Filling up the DagBag from /home/osboxes/.local/lib/python3.8/site-packages/airflow/example_dags/example_skip_dag.py
[2022-09-05 21:42:29,979] {processor.py:651} INFO - DAG(s) dict_keys(['example_skip_dag']) retrieved from /home/osboxes/.local/lib/python3.8/site-packages/airflow/example_dags/example_skip_dag.py
[2022-09-05 21:42:30,001] {logging_mixin.py:115} INFO - [2022-09-05 21:42:30,001] {dag.py:2371} INFO - Sync 1 DAGs
[2022-09-05 21:42:30,021] {logging_mixin.py:115} INFO - [2022-09-05 21:42:30,021] {dag.py:2915} INFO - Setting next_dagrun for example_skip_dag to 2022-09-05T01:42:30.020897+00:00, run_after=2022-09-06T01:42:30.020897+00:00
[2022-09-05 21:42:30,059] {processor.py:161} INFO - Processing /home/osboxes/.local/lib/python3.8/site-packages/airflow/example_dags/example_skip_dag.py took 0.088 seconds
[2022-09-05 21:43:11,804] {processor.py:153} INFO - Started process (PID=179480) to work on /home/osboxes/.local/lib/python3.8/site-packages/airflow/example_dags/example_skip_dag.py
[2022-09-05 21:43:11,805] {processor.py:641} INFO - Processing file /home/osboxes/.local/lib/python3.8/site-packages/airflow/example_dags/example_skip_dag.py for tasks to queue
[2022-09-05 21:43:11,805] {logging_mixin.py:115} INFO - [2022-09-05 21:43:11,805] {dagbag.py:507} INFO - Filling up the DagBag from /home/osboxes/.local/lib/python3.8/site-packages/airflow/example_dags/example_skip_dag.py
[2022-09-05 21:43:11,810] {processor.py:651} INFO - DAG(s) dict_keys(['example_skip_dag']) retrieved from /home/osboxes/.local/lib/python3.8/site-packages/airflow/example_dags/example_skip_dag.py
[2022-09-05 21:43:11,832] {logging_mixin.py:115} INFO - [2022-09-05 21:43:11,832] {dag.py:2371} INFO - Sync 1 DAGs
[2022-09-05 21:43:11,846] {logging_mixin.py:115} INFO - [2022-09-05 21:43:11,846] {dag.py:2915} INFO - Setting next_dagrun for example_skip_dag to 2022-09-05T01:43:11.846381+00:00, run_after=2022-09-06T01:43:11.846381+00:00
[2022-09-05 21:43:11,875] {processor.py:161} INFO - Processing /home/osboxes/.local/lib/python3.8/site-packages/airflow/example_dags/example_skip_dag.py took 0.074 seconds
[2022-09-05 21:43:46,558] {processor.py:153} INFO - Started process (PID=179800) to work on /home/osboxes/.local/lib/python3.8/site-packages/airflow/example_dags/example_skip_dag.py
[2022-09-05 21:43:46,560] {processor.py:641} INFO - Processing file /home/osboxes/.local/lib/python3.8/site-packages/airflow/example_dags/example_skip_dag.py for tasks to queue
[2022-09-05 21:43:46,560] {logging_mixin.py:115} INFO - [2022-09-05 21:43:46,560] {dagbag.py:507} INFO - Filling up the DagBag from /home/osboxes/.local/lib/python3.8/site-packages/airflow/example_dags/example_skip_dag.py
[2022-09-05 21:43:46,564] {processor.py:651} INFO - DAG(s) dict_keys(['example_skip_dag']) retrieved from /home/osboxes/.local/lib/python3.8/site-packages/airflow/example_dags/example_skip_dag.py
[2022-09-05 21:43:46,594] {logging_mixin.py:115} INFO - [2022-09-05 21:43:46,594] {dag.py:2371} INFO - Sync 1 DAGs
[2022-09-05 21:43:46,612] {logging_mixin.py:115} INFO - [2022-09-05 21:43:46,611] {dag.py:2915} INFO - Setting next_dagrun for example_skip_dag to 2022-09-05T01:43:46.611627+00:00, run_after=2022-09-06T01:43:46.611627+00:00
[2022-09-05 21:43:46,659] {processor.py:161} INFO - Processing /home/osboxes/.local/lib/python3.8/site-packages/airflow/example_dags/example_skip_dag.py took 0.104 seconds
[2022-09-05 21:44:24,653] {processor.py:153} INFO - Started process (PID=180102) to work on /home/osboxes/.local/lib/python3.8/site-packages/airflow/example_dags/example_skip_dag.py
[2022-09-05 21:44:24,654] {processor.py:641} INFO - Processing file /home/osboxes/.local/lib/python3.8/site-packages/airflow/example_dags/example_skip_dag.py for tasks to queue
[2022-09-05 21:44:24,654] {logging_mixin.py:115} INFO - [2022-09-05 21:44:24,654] {dagbag.py:507} INFO - Filling up the DagBag from /home/osboxes/.local/lib/python3.8/site-packages/airflow/example_dags/example_skip_dag.py
[2022-09-05 21:44:24,660] {processor.py:651} INFO - DAG(s) dict_keys(['example_skip_dag']) retrieved from /home/osboxes/.local/lib/python3.8/site-packages/airflow/example_dags/example_skip_dag.py
[2022-09-05 21:44:24,682] {logging_mixin.py:115} INFO - [2022-09-05 21:44:24,682] {dag.py:2371} INFO - Sync 1 DAGs
[2022-09-05 21:44:24,698] {logging_mixin.py:115} INFO - [2022-09-05 21:44:24,698] {dag.py:2915} INFO - Setting next_dagrun for example_skip_dag to 2022-09-05T01:44:24.698149+00:00, run_after=2022-09-06T01:44:24.698149+00:00
[2022-09-05 21:44:24,746] {processor.py:161} INFO - Processing /home/osboxes/.local/lib/python3.8/site-packages/airflow/example_dags/example_skip_dag.py took 0.096 seconds
[2022-09-05 21:45:04,283] {processor.py:153} INFO - Started process (PID=180407) to work on /home/osboxes/.local/lib/python3.8/site-packages/airflow/example_dags/example_skip_dag.py
[2022-09-05 21:45:04,284] {processor.py:641} INFO - Processing file /home/osboxes/.local/lib/python3.8/site-packages/airflow/example_dags/example_skip_dag.py for tasks to queue
[2022-09-05 21:45:04,285] {logging_mixin.py:115} INFO - [2022-09-05 21:45:04,285] {dagbag.py:507} INFO - Filling up the DagBag from /home/osboxes/.local/lib/python3.8/site-packages/airflow/example_dags/example_skip_dag.py
[2022-09-05 21:45:04,290] {processor.py:651} INFO - DAG(s) dict_keys(['example_skip_dag']) retrieved from /home/osboxes/.local/lib/python3.8/site-packages/airflow/example_dags/example_skip_dag.py
[2022-09-05 21:45:04,315] {logging_mixin.py:115} INFO - [2022-09-05 21:45:04,315] {dag.py:2371} INFO - Sync 1 DAGs
[2022-09-05 21:45:04,330] {logging_mixin.py:115} INFO - [2022-09-05 21:45:04,330] {dag.py:2915} INFO - Setting next_dagrun for example_skip_dag to 2022-09-05T01:45:04.329835+00:00, run_after=2022-09-06T01:45:04.329835+00:00
[2022-09-05 21:45:04,369] {processor.py:161} INFO - Processing /home/osboxes/.local/lib/python3.8/site-packages/airflow/example_dags/example_skip_dag.py took 0.089 seconds
[2022-09-05 21:45:45,735] {processor.py:153} INFO - Started process (PID=180734) to work on /home/osboxes/.local/lib/python3.8/site-packages/airflow/example_dags/example_skip_dag.py
[2022-09-05 21:45:45,737] {processor.py:641} INFO - Processing file /home/osboxes/.local/lib/python3.8/site-packages/airflow/example_dags/example_skip_dag.py for tasks to queue
[2022-09-05 21:45:45,738] {logging_mixin.py:115} INFO - [2022-09-05 21:45:45,738] {dagbag.py:507} INFO - Filling up the DagBag from /home/osboxes/.local/lib/python3.8/site-packages/airflow/example_dags/example_skip_dag.py
[2022-09-05 21:45:45,745] {processor.py:651} INFO - DAG(s) dict_keys(['example_skip_dag']) retrieved from /home/osboxes/.local/lib/python3.8/site-packages/airflow/example_dags/example_skip_dag.py
[2022-09-05 21:45:45,766] {logging_mixin.py:115} INFO - [2022-09-05 21:45:45,766] {dag.py:2371} INFO - Sync 1 DAGs
[2022-09-05 21:45:45,784] {logging_mixin.py:115} INFO - [2022-09-05 21:45:45,784] {dag.py:2915} INFO - Setting next_dagrun for example_skip_dag to 2022-09-05T01:45:45.784208+00:00, run_after=2022-09-06T01:45:45.784208+00:00
[2022-09-05 21:45:45,819] {processor.py:161} INFO - Processing /home/osboxes/.local/lib/python3.8/site-packages/airflow/example_dags/example_skip_dag.py took 0.087 seconds
[2022-09-05 21:46:25,119] {processor.py:153} INFO - Started process (PID=181043) to work on /home/osboxes/.local/lib/python3.8/site-packages/airflow/example_dags/example_skip_dag.py
[2022-09-05 21:46:25,129] {processor.py:641} INFO - Processing file /home/osboxes/.local/lib/python3.8/site-packages/airflow/example_dags/example_skip_dag.py for tasks to queue
[2022-09-05 21:46:25,130] {logging_mixin.py:115} INFO - [2022-09-05 21:46:25,130] {dagbag.py:507} INFO - Filling up the DagBag from /home/osboxes/.local/lib/python3.8/site-packages/airflow/example_dags/example_skip_dag.py
[2022-09-05 21:46:25,136] {processor.py:651} INFO - DAG(s) dict_keys(['example_skip_dag']) retrieved from /home/osboxes/.local/lib/python3.8/site-packages/airflow/example_dags/example_skip_dag.py
[2022-09-05 21:46:25,157] {logging_mixin.py:115} INFO - [2022-09-05 21:46:25,157] {dag.py:2371} INFO - Sync 1 DAGs
[2022-09-05 21:46:25,172] {logging_mixin.py:115} INFO - [2022-09-05 21:46:25,172] {dag.py:2915} INFO - Setting next_dagrun for example_skip_dag to 2022-09-05T01:46:25.172029+00:00, run_after=2022-09-06T01:46:25.172029+00:00
[2022-09-05 21:46:25,224] {processor.py:161} INFO - Processing /home/osboxes/.local/lib/python3.8/site-packages/airflow/example_dags/example_skip_dag.py took 0.108 seconds
[2022-09-05 21:47:08,108] {processor.py:153} INFO - Started process (PID=181392) to work on /home/osboxes/.local/lib/python3.8/site-packages/airflow/example_dags/example_skip_dag.py
[2022-09-05 21:47:08,111] {processor.py:641} INFO - Processing file /home/osboxes/.local/lib/python3.8/site-packages/airflow/example_dags/example_skip_dag.py for tasks to queue
[2022-09-05 21:47:08,111] {logging_mixin.py:115} INFO - [2022-09-05 21:47:08,111] {dagbag.py:507} INFO - Filling up the DagBag from /home/osboxes/.local/lib/python3.8/site-packages/airflow/example_dags/example_skip_dag.py
[2022-09-05 21:47:08,117] {processor.py:651} INFO - DAG(s) dict_keys(['example_skip_dag']) retrieved from /home/osboxes/.local/lib/python3.8/site-packages/airflow/example_dags/example_skip_dag.py
[2022-09-05 21:47:08,135] {logging_mixin.py:115} INFO - [2022-09-05 21:47:08,135] {dag.py:2371} INFO - Sync 1 DAGs
[2022-09-05 21:47:08,153] {logging_mixin.py:115} INFO - [2022-09-05 21:47:08,152] {dag.py:2915} INFO - Setting next_dagrun for example_skip_dag to 2022-09-05T01:47:08.152672+00:00, run_after=2022-09-06T01:47:08.152672+00:00
[2022-09-05 21:47:08,192] {processor.py:161} INFO - Processing /home/osboxes/.local/lib/python3.8/site-packages/airflow/example_dags/example_skip_dag.py took 0.086 seconds
[2022-09-05 21:47:54,565] {processor.py:153} INFO - Started process (PID=181764) to work on /home/osboxes/.local/lib/python3.8/site-packages/airflow/example_dags/example_skip_dag.py
[2022-09-05 21:47:54,569] {processor.py:641} INFO - Processing file /home/osboxes/.local/lib/python3.8/site-packages/airflow/example_dags/example_skip_dag.py for tasks to queue
[2022-09-05 21:47:54,569] {logging_mixin.py:115} INFO - [2022-09-05 21:47:54,569] {dagbag.py:507} INFO - Filling up the DagBag from /home/osboxes/.local/lib/python3.8/site-packages/airflow/example_dags/example_skip_dag.py
[2022-09-05 21:47:54,573] {processor.py:651} INFO - DAG(s) dict_keys(['example_skip_dag']) retrieved from /home/osboxes/.local/lib/python3.8/site-packages/airflow/example_dags/example_skip_dag.py
[2022-09-05 21:47:54,594] {logging_mixin.py:115} INFO - [2022-09-05 21:47:54,594] {dag.py:2371} INFO - Sync 1 DAGs
[2022-09-05 21:47:54,611] {logging_mixin.py:115} INFO - [2022-09-05 21:47:54,610] {dag.py:2915} INFO - Setting next_dagrun for example_skip_dag to 2022-09-05T01:47:54.610612+00:00, run_after=2022-09-06T01:47:54.610612+00:00
[2022-09-05 21:47:54,639] {processor.py:161} INFO - Processing /home/osboxes/.local/lib/python3.8/site-packages/airflow/example_dags/example_skip_dag.py took 0.076 seconds
[2022-09-05 21:48:39,961] {processor.py:153} INFO - Started process (PID=182163) to work on /home/osboxes/.local/lib/python3.8/site-packages/airflow/example_dags/example_skip_dag.py
[2022-09-05 21:48:39,963] {processor.py:641} INFO - Processing file /home/osboxes/.local/lib/python3.8/site-packages/airflow/example_dags/example_skip_dag.py for tasks to queue
[2022-09-05 21:48:39,963] {logging_mixin.py:115} INFO - [2022-09-05 21:48:39,963] {dagbag.py:507} INFO - Filling up the DagBag from /home/osboxes/.local/lib/python3.8/site-packages/airflow/example_dags/example_skip_dag.py
[2022-09-05 21:48:39,969] {processor.py:651} INFO - DAG(s) dict_keys(['example_skip_dag']) retrieved from /home/osboxes/.local/lib/python3.8/site-packages/airflow/example_dags/example_skip_dag.py
[2022-09-05 21:48:39,998] {logging_mixin.py:115} INFO - [2022-09-05 21:48:39,998] {dag.py:2371} INFO - Sync 1 DAGs
[2022-09-05 21:48:40,014] {logging_mixin.py:115} INFO - [2022-09-05 21:48:40,013] {dag.py:2915} INFO - Setting next_dagrun for example_skip_dag to 2022-09-05T01:48:40.013656+00:00, run_after=2022-09-06T01:48:40.013656+00:00
[2022-09-05 21:48:40,058] {processor.py:161} INFO - Processing /home/osboxes/.local/lib/python3.8/site-packages/airflow/example_dags/example_skip_dag.py took 0.099 seconds
[2022-09-05 21:49:21,568] {processor.py:153} INFO - Started process (PID=182489) to work on /home/osboxes/.local/lib/python3.8/site-packages/airflow/example_dags/example_skip_dag.py
[2022-09-05 21:49:21,582] {processor.py:641} INFO - Processing file /home/osboxes/.local/lib/python3.8/site-packages/airflow/example_dags/example_skip_dag.py for tasks to queue
[2022-09-05 21:49:21,583] {logging_mixin.py:115} INFO - [2022-09-05 21:49:21,582] {dagbag.py:507} INFO - Filling up the DagBag from /home/osboxes/.local/lib/python3.8/site-packages/airflow/example_dags/example_skip_dag.py
[2022-09-05 21:49:21,598] {processor.py:651} INFO - DAG(s) dict_keys(['example_skip_dag']) retrieved from /home/osboxes/.local/lib/python3.8/site-packages/airflow/example_dags/example_skip_dag.py
[2022-09-05 21:49:21,622] {logging_mixin.py:115} INFO - [2022-09-05 21:49:21,622] {dag.py:2371} INFO - Sync 1 DAGs
[2022-09-05 21:49:21,635] {logging_mixin.py:115} INFO - [2022-09-05 21:49:21,635] {dag.py:2915} INFO - Setting next_dagrun for example_skip_dag to 2022-09-05T01:49:21.634885+00:00, run_after=2022-09-06T01:49:21.634885+00:00
[2022-09-05 21:49:21,668] {processor.py:161} INFO - Processing /home/osboxes/.local/lib/python3.8/site-packages/airflow/example_dags/example_skip_dag.py took 0.102 seconds
[2022-09-05 21:50:01,967] {processor.py:153} INFO - Started process (PID=182795) to work on /home/osboxes/.local/lib/python3.8/site-packages/airflow/example_dags/example_skip_dag.py
[2022-09-05 21:50:01,968] {processor.py:641} INFO - Processing file /home/osboxes/.local/lib/python3.8/site-packages/airflow/example_dags/example_skip_dag.py for tasks to queue
[2022-09-05 21:50:01,969] {logging_mixin.py:115} INFO - [2022-09-05 21:50:01,969] {dagbag.py:507} INFO - Filling up the DagBag from /home/osboxes/.local/lib/python3.8/site-packages/airflow/example_dags/example_skip_dag.py
[2022-09-05 21:50:01,973] {processor.py:651} INFO - DAG(s) dict_keys(['example_skip_dag']) retrieved from /home/osboxes/.local/lib/python3.8/site-packages/airflow/example_dags/example_skip_dag.py
[2022-09-05 21:50:01,994] {logging_mixin.py:115} INFO - [2022-09-05 21:50:01,994] {dag.py:2371} INFO - Sync 1 DAGs
[2022-09-05 21:50:02,010] {logging_mixin.py:115} INFO - [2022-09-05 21:50:02,010] {dag.py:2915} INFO - Setting next_dagrun for example_skip_dag to 2022-09-05T01:50:02.010188+00:00, run_after=2022-09-06T01:50:02.010188+00:00
[2022-09-05 21:50:02,047] {processor.py:161} INFO - Processing /home/osboxes/.local/lib/python3.8/site-packages/airflow/example_dags/example_skip_dag.py took 0.083 seconds
[2022-09-05 21:50:46,826] {processor.py:153} INFO - Started process (PID=183155) to work on /home/osboxes/.local/lib/python3.8/site-packages/airflow/example_dags/example_skip_dag.py
[2022-09-05 21:50:46,828] {processor.py:641} INFO - Processing file /home/osboxes/.local/lib/python3.8/site-packages/airflow/example_dags/example_skip_dag.py for tasks to queue
[2022-09-05 21:50:46,829] {logging_mixin.py:115} INFO - [2022-09-05 21:50:46,829] {dagbag.py:507} INFO - Filling up the DagBag from /home/osboxes/.local/lib/python3.8/site-packages/airflow/example_dags/example_skip_dag.py
[2022-09-05 21:50:46,834] {processor.py:651} INFO - DAG(s) dict_keys(['example_skip_dag']) retrieved from /home/osboxes/.local/lib/python3.8/site-packages/airflow/example_dags/example_skip_dag.py
[2022-09-05 21:50:46,866] {logging_mixin.py:115} INFO - [2022-09-05 21:50:46,866] {dag.py:2371} INFO - Sync 1 DAGs
[2022-09-05 21:50:46,890] {logging_mixin.py:115} INFO - [2022-09-05 21:50:46,890] {dag.py:2915} INFO - Setting next_dagrun for example_skip_dag to 2022-09-05T01:50:46.890220+00:00, run_after=2022-09-06T01:50:46.890220+00:00
[2022-09-05 21:50:46,933] {processor.py:161} INFO - Processing /home/osboxes/.local/lib/python3.8/site-packages/airflow/example_dags/example_skip_dag.py took 0.111 seconds
[2022-09-05 21:51:28,495] {processor.py:153} INFO - Started process (PID=183479) to work on /home/osboxes/.local/lib/python3.8/site-packages/airflow/example_dags/example_skip_dag.py
[2022-09-05 21:51:28,496] {processor.py:641} INFO - Processing file /home/osboxes/.local/lib/python3.8/site-packages/airflow/example_dags/example_skip_dag.py for tasks to queue
[2022-09-05 21:51:28,497] {logging_mixin.py:115} INFO - [2022-09-05 21:51:28,497] {dagbag.py:507} INFO - Filling up the DagBag from /home/osboxes/.local/lib/python3.8/site-packages/airflow/example_dags/example_skip_dag.py
[2022-09-05 21:51:28,501] {processor.py:651} INFO - DAG(s) dict_keys(['example_skip_dag']) retrieved from /home/osboxes/.local/lib/python3.8/site-packages/airflow/example_dags/example_skip_dag.py
[2022-09-05 21:51:28,523] {logging_mixin.py:115} INFO - [2022-09-05 21:51:28,523] {dag.py:2371} INFO - Sync 1 DAGs
[2022-09-05 21:51:28,538] {logging_mixin.py:115} INFO - [2022-09-05 21:51:28,538] {dag.py:2915} INFO - Setting next_dagrun for example_skip_dag to 2022-09-05T01:51:28.538019+00:00, run_after=2022-09-06T01:51:28.538019+00:00
[2022-09-05 21:51:28,570] {processor.py:161} INFO - Processing /home/osboxes/.local/lib/python3.8/site-packages/airflow/example_dags/example_skip_dag.py took 0.078 seconds
[2022-09-05 21:52:09,714] {processor.py:153} INFO - Started process (PID=183785) to work on /home/osboxes/.local/lib/python3.8/site-packages/airflow/example_dags/example_skip_dag.py
[2022-09-05 21:52:09,716] {processor.py:641} INFO - Processing file /home/osboxes/.local/lib/python3.8/site-packages/airflow/example_dags/example_skip_dag.py for tasks to queue
[2022-09-05 21:52:09,716] {logging_mixin.py:115} INFO - [2022-09-05 21:52:09,716] {dagbag.py:507} INFO - Filling up the DagBag from /home/osboxes/.local/lib/python3.8/site-packages/airflow/example_dags/example_skip_dag.py
[2022-09-05 21:52:09,721] {processor.py:651} INFO - DAG(s) dict_keys(['example_skip_dag']) retrieved from /home/osboxes/.local/lib/python3.8/site-packages/airflow/example_dags/example_skip_dag.py
[2022-09-05 21:52:09,742] {logging_mixin.py:115} INFO - [2022-09-05 21:52:09,742] {dag.py:2371} INFO - Sync 1 DAGs
[2022-09-05 21:52:09,757] {logging_mixin.py:115} INFO - [2022-09-05 21:52:09,756] {dag.py:2915} INFO - Setting next_dagrun for example_skip_dag to 2022-09-05T01:52:09.756766+00:00, run_after=2022-09-06T01:52:09.756766+00:00
[2022-09-05 21:52:09,803] {processor.py:161} INFO - Processing /home/osboxes/.local/lib/python3.8/site-packages/airflow/example_dags/example_skip_dag.py took 0.092 seconds
[2022-09-05 21:52:53,376] {processor.py:153} INFO - Started process (PID=184139) to work on /home/osboxes/.local/lib/python3.8/site-packages/airflow/example_dags/example_skip_dag.py
[2022-09-05 21:52:53,378] {processor.py:641} INFO - Processing file /home/osboxes/.local/lib/python3.8/site-packages/airflow/example_dags/example_skip_dag.py for tasks to queue
[2022-09-05 21:52:53,378] {logging_mixin.py:115} INFO - [2022-09-05 21:52:53,378] {dagbag.py:507} INFO - Filling up the DagBag from /home/osboxes/.local/lib/python3.8/site-packages/airflow/example_dags/example_skip_dag.py
[2022-09-05 21:52:53,383] {processor.py:651} INFO - DAG(s) dict_keys(['example_skip_dag']) retrieved from /home/osboxes/.local/lib/python3.8/site-packages/airflow/example_dags/example_skip_dag.py
[2022-09-05 21:52:53,407] {logging_mixin.py:115} INFO - [2022-09-05 21:52:53,407] {dag.py:2371} INFO - Sync 1 DAGs
[2022-09-05 21:52:53,425] {logging_mixin.py:115} INFO - [2022-09-05 21:52:53,425] {dag.py:2915} INFO - Setting next_dagrun for example_skip_dag to 2022-09-05T01:52:53.424896+00:00, run_after=2022-09-06T01:52:53.424896+00:00
[2022-09-05 21:52:53,456] {processor.py:161} INFO - Processing /home/osboxes/.local/lib/python3.8/site-packages/airflow/example_dags/example_skip_dag.py took 0.082 seconds
[2022-09-05 21:53:34,450] {processor.py:153} INFO - Started process (PID=184515) to work on /home/osboxes/.local/lib/python3.8/site-packages/airflow/example_dags/example_skip_dag.py
[2022-09-05 21:53:34,453] {processor.py:641} INFO - Processing file /home/osboxes/.local/lib/python3.8/site-packages/airflow/example_dags/example_skip_dag.py for tasks to queue
[2022-09-05 21:53:34,454] {logging_mixin.py:115} INFO - [2022-09-05 21:53:34,453] {dagbag.py:507} INFO - Filling up the DagBag from /home/osboxes/.local/lib/python3.8/site-packages/airflow/example_dags/example_skip_dag.py
[2022-09-05 21:53:34,459] {processor.py:651} INFO - DAG(s) dict_keys(['example_skip_dag']) retrieved from /home/osboxes/.local/lib/python3.8/site-packages/airflow/example_dags/example_skip_dag.py
[2022-09-05 21:53:34,487] {logging_mixin.py:115} INFO - [2022-09-05 21:53:34,487] {dag.py:2371} INFO - Sync 1 DAGs
[2022-09-05 21:53:34,503] {logging_mixin.py:115} INFO - [2022-09-05 21:53:34,503] {dag.py:2915} INFO - Setting next_dagrun for example_skip_dag to 2022-09-05T01:53:34.503282+00:00, run_after=2022-09-06T01:53:34.503282+00:00
[2022-09-05 21:53:34,545] {processor.py:161} INFO - Processing /home/osboxes/.local/lib/python3.8/site-packages/airflow/example_dags/example_skip_dag.py took 0.097 seconds
[2022-09-05 21:54:14,488] {processor.py:153} INFO - Started process (PID=184822) to work on /home/osboxes/.local/lib/python3.8/site-packages/airflow/example_dags/example_skip_dag.py
[2022-09-05 21:54:14,491] {processor.py:641} INFO - Processing file /home/osboxes/.local/lib/python3.8/site-packages/airflow/example_dags/example_skip_dag.py for tasks to queue
[2022-09-05 21:54:14,491] {logging_mixin.py:115} INFO - [2022-09-05 21:54:14,491] {dagbag.py:507} INFO - Filling up the DagBag from /home/osboxes/.local/lib/python3.8/site-packages/airflow/example_dags/example_skip_dag.py
[2022-09-05 21:54:14,498] {processor.py:651} INFO - DAG(s) dict_keys(['example_skip_dag']) retrieved from /home/osboxes/.local/lib/python3.8/site-packages/airflow/example_dags/example_skip_dag.py
[2022-09-05 21:54:14,525] {logging_mixin.py:115} INFO - [2022-09-05 21:54:14,525] {dag.py:2371} INFO - Sync 1 DAGs
[2022-09-05 21:54:14,541] {logging_mixin.py:115} INFO - [2022-09-05 21:54:14,541] {dag.py:2915} INFO - Setting next_dagrun for example_skip_dag to 2022-09-05T01:54:14.540931+00:00, run_after=2022-09-06T01:54:14.540931+00:00
[2022-09-05 21:54:14,568] {processor.py:161} INFO - Processing /home/osboxes/.local/lib/python3.8/site-packages/airflow/example_dags/example_skip_dag.py took 0.087 seconds
[2022-09-05 21:54:54,081] {processor.py:153} INFO - Started process (PID=185124) to work on /home/osboxes/.local/lib/python3.8/site-packages/airflow/example_dags/example_skip_dag.py
[2022-09-05 21:54:54,099] {processor.py:641} INFO - Processing file /home/osboxes/.local/lib/python3.8/site-packages/airflow/example_dags/example_skip_dag.py for tasks to queue
[2022-09-05 21:54:54,100] {logging_mixin.py:115} INFO - [2022-09-05 21:54:54,100] {dagbag.py:507} INFO - Filling up the DagBag from /home/osboxes/.local/lib/python3.8/site-packages/airflow/example_dags/example_skip_dag.py
[2022-09-05 21:54:54,106] {processor.py:651} INFO - DAG(s) dict_keys(['example_skip_dag']) retrieved from /home/osboxes/.local/lib/python3.8/site-packages/airflow/example_dags/example_skip_dag.py
[2022-09-05 21:54:54,127] {logging_mixin.py:115} INFO - [2022-09-05 21:54:54,127] {dag.py:2371} INFO - Sync 1 DAGs
[2022-09-05 21:54:54,141] {logging_mixin.py:115} INFO - [2022-09-05 21:54:54,141] {dag.py:2915} INFO - Setting next_dagrun for example_skip_dag to 2022-09-05T01:54:54.141237+00:00, run_after=2022-09-06T01:54:54.141237+00:00
[2022-09-05 21:54:54,183] {processor.py:161} INFO - Processing /home/osboxes/.local/lib/python3.8/site-packages/airflow/example_dags/example_skip_dag.py took 0.105 seconds
[2022-09-05 21:55:36,772] {processor.py:153} INFO - Started process (PID=185467) to work on /home/osboxes/.local/lib/python3.8/site-packages/airflow/example_dags/example_skip_dag.py
[2022-09-05 21:55:36,773] {processor.py:641} INFO - Processing file /home/osboxes/.local/lib/python3.8/site-packages/airflow/example_dags/example_skip_dag.py for tasks to queue
[2022-09-05 21:55:36,774] {logging_mixin.py:115} INFO - [2022-09-05 21:55:36,773] {dagbag.py:507} INFO - Filling up the DagBag from /home/osboxes/.local/lib/python3.8/site-packages/airflow/example_dags/example_skip_dag.py
[2022-09-05 21:55:36,778] {processor.py:651} INFO - DAG(s) dict_keys(['example_skip_dag']) retrieved from /home/osboxes/.local/lib/python3.8/site-packages/airflow/example_dags/example_skip_dag.py
[2022-09-05 21:55:36,799] {logging_mixin.py:115} INFO - [2022-09-05 21:55:36,798] {dag.py:2371} INFO - Sync 1 DAGs
[2022-09-05 21:55:36,814] {logging_mixin.py:115} INFO - [2022-09-05 21:55:36,814] {dag.py:2915} INFO - Setting next_dagrun for example_skip_dag to 2022-09-05T01:55:36.814294+00:00, run_after=2022-09-06T01:55:36.814294+00:00
[2022-09-05 21:55:36,865] {processor.py:161} INFO - Processing /home/osboxes/.local/lib/python3.8/site-packages/airflow/example_dags/example_skip_dag.py took 0.095 seconds
[2022-09-05 21:56:17,722] {processor.py:153} INFO - Started process (PID=185775) to work on /home/osboxes/.local/lib/python3.8/site-packages/airflow/example_dags/example_skip_dag.py
[2022-09-05 21:56:17,727] {processor.py:641} INFO - Processing file /home/osboxes/.local/lib/python3.8/site-packages/airflow/example_dags/example_skip_dag.py for tasks to queue
[2022-09-05 21:56:17,728] {logging_mixin.py:115} INFO - [2022-09-05 21:56:17,728] {dagbag.py:507} INFO - Filling up the DagBag from /home/osboxes/.local/lib/python3.8/site-packages/airflow/example_dags/example_skip_dag.py
[2022-09-05 21:56:17,733] {processor.py:651} INFO - DAG(s) dict_keys(['example_skip_dag']) retrieved from /home/osboxes/.local/lib/python3.8/site-packages/airflow/example_dags/example_skip_dag.py
[2022-09-05 21:56:17,867] {logging_mixin.py:115} INFO - [2022-09-05 21:56:17,867] {dag.py:2371} INFO - Sync 1 DAGs
[2022-09-05 21:56:17,910] {logging_mixin.py:115} INFO - [2022-09-05 21:56:17,910] {dag.py:2915} INFO - Setting next_dagrun for example_skip_dag to 2022-09-05T01:56:17.910634+00:00, run_after=2022-09-06T01:56:17.910634+00:00
[2022-09-05 21:56:17,943] {processor.py:161} INFO - Processing /home/osboxes/.local/lib/python3.8/site-packages/airflow/example_dags/example_skip_dag.py took 0.230 seconds
[2022-09-05 21:56:57,375] {processor.py:153} INFO - Started process (PID=186113) to work on /home/osboxes/.local/lib/python3.8/site-packages/airflow/example_dags/example_skip_dag.py
[2022-09-05 21:56:57,376] {processor.py:641} INFO - Processing file /home/osboxes/.local/lib/python3.8/site-packages/airflow/example_dags/example_skip_dag.py for tasks to queue
[2022-09-05 21:56:57,376] {logging_mixin.py:115} INFO - [2022-09-05 21:56:57,376] {dagbag.py:507} INFO - Filling up the DagBag from /home/osboxes/.local/lib/python3.8/site-packages/airflow/example_dags/example_skip_dag.py
[2022-09-05 21:56:57,382] {processor.py:651} INFO - DAG(s) dict_keys(['example_skip_dag']) retrieved from /home/osboxes/.local/lib/python3.8/site-packages/airflow/example_dags/example_skip_dag.py
[2022-09-05 21:56:57,402] {logging_mixin.py:115} INFO - [2022-09-05 21:56:57,402] {dag.py:2371} INFO - Sync 1 DAGs
[2022-09-05 21:56:57,416] {logging_mixin.py:115} INFO - [2022-09-05 21:56:57,416] {dag.py:2915} INFO - Setting next_dagrun for example_skip_dag to 2022-09-05T01:56:57.416467+00:00, run_after=2022-09-06T01:56:57.416467+00:00
[2022-09-05 21:56:57,456] {processor.py:161} INFO - Processing /home/osboxes/.local/lib/python3.8/site-packages/airflow/example_dags/example_skip_dag.py took 0.083 seconds
[2022-09-05 21:57:36,434] {processor.py:153} INFO - Started process (PID=186424) to work on /home/osboxes/.local/lib/python3.8/site-packages/airflow/example_dags/example_skip_dag.py
[2022-09-05 21:57:36,438] {processor.py:641} INFO - Processing file /home/osboxes/.local/lib/python3.8/site-packages/airflow/example_dags/example_skip_dag.py for tasks to queue
[2022-09-05 21:57:36,438] {logging_mixin.py:115} INFO - [2022-09-05 21:57:36,438] {dagbag.py:507} INFO - Filling up the DagBag from /home/osboxes/.local/lib/python3.8/site-packages/airflow/example_dags/example_skip_dag.py
[2022-09-05 21:57:36,443] {processor.py:651} INFO - DAG(s) dict_keys(['example_skip_dag']) retrieved from /home/osboxes/.local/lib/python3.8/site-packages/airflow/example_dags/example_skip_dag.py
[2022-09-05 21:57:36,462] {logging_mixin.py:115} INFO - [2022-09-05 21:57:36,462] {dag.py:2371} INFO - Sync 1 DAGs
[2022-09-05 21:57:36,476] {logging_mixin.py:115} INFO - [2022-09-05 21:57:36,476] {dag.py:2915} INFO - Setting next_dagrun for example_skip_dag to 2022-09-05T01:57:36.476283+00:00, run_after=2022-09-06T01:57:36.476283+00:00
[2022-09-05 21:57:36,533] {processor.py:161} INFO - Processing /home/osboxes/.local/lib/python3.8/site-packages/airflow/example_dags/example_skip_dag.py took 0.101 seconds
[2022-09-05 21:58:14,773] {processor.py:153} INFO - Started process (PID=186714) to work on /home/osboxes/.local/lib/python3.8/site-packages/airflow/example_dags/example_skip_dag.py
[2022-09-05 21:58:14,775] {processor.py:641} INFO - Processing file /home/osboxes/.local/lib/python3.8/site-packages/airflow/example_dags/example_skip_dag.py for tasks to queue
[2022-09-05 21:58:14,776] {logging_mixin.py:115} INFO - [2022-09-05 21:58:14,776] {dagbag.py:507} INFO - Filling up the DagBag from /home/osboxes/.local/lib/python3.8/site-packages/airflow/example_dags/example_skip_dag.py
[2022-09-05 21:58:14,780] {processor.py:651} INFO - DAG(s) dict_keys(['example_skip_dag']) retrieved from /home/osboxes/.local/lib/python3.8/site-packages/airflow/example_dags/example_skip_dag.py
[2022-09-05 21:58:14,800] {logging_mixin.py:115} INFO - [2022-09-05 21:58:14,800] {dag.py:2371} INFO - Sync 1 DAGs
[2022-09-05 21:58:14,816] {logging_mixin.py:115} INFO - [2022-09-05 21:58:14,816] {dag.py:2915} INFO - Setting next_dagrun for example_skip_dag to 2022-09-05T01:58:14.816150+00:00, run_after=2022-09-06T01:58:14.816150+00:00
[2022-09-05 21:58:14,846] {processor.py:161} INFO - Processing /home/osboxes/.local/lib/python3.8/site-packages/airflow/example_dags/example_skip_dag.py took 0.076 seconds
[2022-09-05 21:58:55,244] {processor.py:153} INFO - Started process (PID=187092) to work on /home/osboxes/.local/lib/python3.8/site-packages/airflow/example_dags/example_skip_dag.py
[2022-09-05 21:58:55,250] {processor.py:641} INFO - Processing file /home/osboxes/.local/lib/python3.8/site-packages/airflow/example_dags/example_skip_dag.py for tasks to queue
[2022-09-05 21:58:55,251] {logging_mixin.py:115} INFO - [2022-09-05 21:58:55,251] {dagbag.py:507} INFO - Filling up the DagBag from /home/osboxes/.local/lib/python3.8/site-packages/airflow/example_dags/example_skip_dag.py
[2022-09-05 21:58:55,273] {processor.py:651} INFO - DAG(s) dict_keys(['example_skip_dag']) retrieved from /home/osboxes/.local/lib/python3.8/site-packages/airflow/example_dags/example_skip_dag.py
[2022-09-05 21:58:55,337] {logging_mixin.py:115} INFO - [2022-09-05 21:58:55,333] {dag.py:2371} INFO - Sync 1 DAGs
[2022-09-05 21:58:55,373] {logging_mixin.py:115} INFO - [2022-09-05 21:58:55,373] {dag.py:2915} INFO - Setting next_dagrun for example_skip_dag to 2022-09-05T01:58:55.373224+00:00, run_after=2022-09-06T01:58:55.373224+00:00
[2022-09-05 21:58:55,417] {processor.py:161} INFO - Processing /home/osboxes/.local/lib/python3.8/site-packages/airflow/example_dags/example_skip_dag.py took 0.179 seconds
[2022-09-05 22:00:19,879] {processor.py:153} INFO - Started process (PID=187741) to work on /home/osboxes/.local/lib/python3.8/site-packages/airflow/example_dags/example_skip_dag.py
[2022-09-05 22:00:19,939] {processor.py:641} INFO - Processing file /home/osboxes/.local/lib/python3.8/site-packages/airflow/example_dags/example_skip_dag.py for tasks to queue
[2022-09-05 22:00:19,940] {logging_mixin.py:115} INFO - [2022-09-05 22:00:19,940] {dagbag.py:507} INFO - Filling up the DagBag from /home/osboxes/.local/lib/python3.8/site-packages/airflow/example_dags/example_skip_dag.py
[2022-09-05 22:00:19,944] {processor.py:651} INFO - DAG(s) dict_keys(['example_skip_dag']) retrieved from /home/osboxes/.local/lib/python3.8/site-packages/airflow/example_dags/example_skip_dag.py
[2022-09-05 22:00:20,167] {logging_mixin.py:115} INFO - [2022-09-05 22:00:20,167] {dag.py:2371} INFO - Sync 1 DAGs
[2022-09-05 22:00:20,302] {logging_mixin.py:115} INFO - [2022-09-05 22:00:20,302] {dag.py:2915} INFO - Setting next_dagrun for example_skip_dag to 2022-09-05T02:00:20.302044+00:00, run_after=2022-09-06T02:00:20.302044+00:00
[2022-09-05 22:00:20,597] {processor.py:161} INFO - Processing /home/osboxes/.local/lib/python3.8/site-packages/airflow/example_dags/example_skip_dag.py took 0.720 seconds
[2022-09-05 22:02:34,581] {processor.py:153} INFO - Started process (PID=188744) to work on /home/osboxes/.local/lib/python3.8/site-packages/airflow/example_dags/example_skip_dag.py
[2022-09-05 22:02:34,592] {processor.py:641} INFO - Processing file /home/osboxes/.local/lib/python3.8/site-packages/airflow/example_dags/example_skip_dag.py for tasks to queue
[2022-09-05 22:02:34,593] {logging_mixin.py:115} INFO - [2022-09-05 22:02:34,592] {dagbag.py:507} INFO - Filling up the DagBag from /home/osboxes/.local/lib/python3.8/site-packages/airflow/example_dags/example_skip_dag.py
[2022-09-05 22:02:34,597] {processor.py:651} INFO - DAG(s) dict_keys(['example_skip_dag']) retrieved from /home/osboxes/.local/lib/python3.8/site-packages/airflow/example_dags/example_skip_dag.py
[2022-09-05 22:02:34,698] {logging_mixin.py:115} INFO - [2022-09-05 22:02:34,698] {dag.py:2371} INFO - Sync 1 DAGs
[2022-09-05 22:02:34,736] {logging_mixin.py:115} INFO - [2022-09-05 22:02:34,736] {dag.py:2915} INFO - Setting next_dagrun for example_skip_dag to 2022-09-05T02:02:34.730797+00:00, run_after=2022-09-06T02:02:34.730797+00:00
[2022-09-05 22:02:34,814] {processor.py:161} INFO - Processing /home/osboxes/.local/lib/python3.8/site-packages/airflow/example_dags/example_skip_dag.py took 0.236 seconds
[2022-09-05 22:03:47,537] {processor.py:153} INFO - Started process (PID=189340) to work on /home/osboxes/.local/lib/python3.8/site-packages/airflow/example_dags/example_skip_dag.py
[2022-09-05 22:03:47,544] {processor.py:641} INFO - Processing file /home/osboxes/.local/lib/python3.8/site-packages/airflow/example_dags/example_skip_dag.py for tasks to queue
[2022-09-05 22:03:47,544] {logging_mixin.py:115} INFO - [2022-09-05 22:03:47,544] {dagbag.py:507} INFO - Filling up the DagBag from /home/osboxes/.local/lib/python3.8/site-packages/airflow/example_dags/example_skip_dag.py
[2022-09-05 22:03:47,592] {processor.py:651} INFO - DAG(s) dict_keys(['example_skip_dag']) retrieved from /home/osboxes/.local/lib/python3.8/site-packages/airflow/example_dags/example_skip_dag.py
[2022-09-05 22:03:48,221] {logging_mixin.py:115} INFO - [2022-09-05 22:03:48,221] {dag.py:2371} INFO - Sync 1 DAGs
[2022-09-05 22:03:48,543] {logging_mixin.py:115} INFO - [2022-09-05 22:03:48,543] {dag.py:2915} INFO - Setting next_dagrun for example_skip_dag to 2022-09-05T02:03:48.506184+00:00, run_after=2022-09-06T02:03:48.506184+00:00
[2022-09-05 22:03:48,654] {processor.py:161} INFO - Processing /home/osboxes/.local/lib/python3.8/site-packages/airflow/example_dags/example_skip_dag.py took 1.119 seconds
[2022-09-05 22:05:46,259] {processor.py:153} INFO - Started process (PID=190162) to work on /home/osboxes/.local/lib/python3.8/site-packages/airflow/example_dags/example_skip_dag.py
[2022-09-05 22:05:46,264] {processor.py:641} INFO - Processing file /home/osboxes/.local/lib/python3.8/site-packages/airflow/example_dags/example_skip_dag.py for tasks to queue
[2022-09-05 22:05:46,265] {logging_mixin.py:115} INFO - [2022-09-05 22:05:46,265] {dagbag.py:507} INFO - Filling up the DagBag from /home/osboxes/.local/lib/python3.8/site-packages/airflow/example_dags/example_skip_dag.py
[2022-09-05 22:05:46,269] {processor.py:651} INFO - DAG(s) dict_keys(['example_skip_dag']) retrieved from /home/osboxes/.local/lib/python3.8/site-packages/airflow/example_dags/example_skip_dag.py
[2022-09-05 22:05:46,311] {logging_mixin.py:115} INFO - [2022-09-05 22:05:46,311] {dag.py:2371} INFO - Sync 1 DAGs
[2022-09-05 22:05:46,461] {logging_mixin.py:115} INFO - [2022-09-05 22:05:46,461] {dag.py:2915} INFO - Setting next_dagrun for example_skip_dag to 2022-09-05T02:05:46.460905+00:00, run_after=2022-09-06T02:05:46.460905+00:00
[2022-09-05 22:05:46,643] {processor.py:161} INFO - Processing /home/osboxes/.local/lib/python3.8/site-packages/airflow/example_dags/example_skip_dag.py took 0.394 seconds
