[2022-09-05 21:17:36,785] {processor.py:153} INFO - Started process (PID=167185) to work on /home/osboxes/.local/lib/python3.8/site-packages/airflow/example_dags/tutorial.py
[2022-09-05 21:17:36,785] {processor.py:641} INFO - Processing file /home/osboxes/.local/lib/python3.8/site-packages/airflow/example_dags/tutorial.py for tasks to queue
[2022-09-05 21:17:36,786] {logging_mixin.py:115} INFO - [2022-09-05 21:17:36,786] {dagbag.py:507} INFO - Filling up the DagBag from /home/osboxes/.local/lib/python3.8/site-packages/airflow/example_dags/tutorial.py
[2022-09-05 21:17:36,799] {processor.py:651} INFO - DAG(s) dict_keys(['tutorial']) retrieved from /home/osboxes/.local/lib/python3.8/site-packages/airflow/example_dags/tutorial.py
[2022-09-05 21:17:36,827] {logging_mixin.py:115} INFO - [2022-09-05 21:17:36,827] {dag.py:2371} INFO - Sync 1 DAGs
[2022-09-05 21:17:36,872] {logging_mixin.py:115} INFO - [2022-09-05 21:17:36,872] {dag.py:2915} INFO - Setting next_dagrun for tutorial to 2022-09-05T01:17:36.872074+00:00, run_after=2022-09-06T01:17:36.872074+00:00
[2022-09-05 21:17:36,918] {processor.py:161} INFO - Processing /home/osboxes/.local/lib/python3.8/site-packages/airflow/example_dags/tutorial.py took 0.143 seconds
[2022-09-05 21:18:19,957] {processor.py:153} INFO - Started process (PID=167584) to work on /home/osboxes/.local/lib/python3.8/site-packages/airflow/example_dags/tutorial.py
[2022-09-05 21:18:19,960] {processor.py:641} INFO - Processing file /home/osboxes/.local/lib/python3.8/site-packages/airflow/example_dags/tutorial.py for tasks to queue
[2022-09-05 21:18:19,960] {logging_mixin.py:115} INFO - [2022-09-05 21:18:19,960] {dagbag.py:507} INFO - Filling up the DagBag from /home/osboxes/.local/lib/python3.8/site-packages/airflow/example_dags/tutorial.py
[2022-09-05 21:18:19,965] {processor.py:651} INFO - DAG(s) dict_keys(['tutorial']) retrieved from /home/osboxes/.local/lib/python3.8/site-packages/airflow/example_dags/tutorial.py
[2022-09-05 21:18:19,985] {logging_mixin.py:115} INFO - [2022-09-05 21:18:19,985] {dag.py:2371} INFO - Sync 1 DAGs
[2022-09-05 21:18:20,002] {logging_mixin.py:115} INFO - [2022-09-05 21:18:20,002] {dag.py:2915} INFO - Setting next_dagrun for tutorial to 2022-09-05T01:18:20.002465+00:00, run_after=2022-09-06T01:18:20.002465+00:00
[2022-09-05 21:18:20,035] {processor.py:161} INFO - Processing /home/osboxes/.local/lib/python3.8/site-packages/airflow/example_dags/tutorial.py took 0.080 seconds
[2022-09-05 21:19:03,647] {processor.py:153} INFO - Started process (PID=167909) to work on /home/osboxes/.local/lib/python3.8/site-packages/airflow/example_dags/tutorial.py
[2022-09-05 21:19:03,649] {processor.py:641} INFO - Processing file /home/osboxes/.local/lib/python3.8/site-packages/airflow/example_dags/tutorial.py for tasks to queue
[2022-09-05 21:19:03,649] {logging_mixin.py:115} INFO - [2022-09-05 21:19:03,649] {dagbag.py:507} INFO - Filling up the DagBag from /home/osboxes/.local/lib/python3.8/site-packages/airflow/example_dags/tutorial.py
[2022-09-05 21:19:03,655] {processor.py:651} INFO - DAG(s) dict_keys(['tutorial']) retrieved from /home/osboxes/.local/lib/python3.8/site-packages/airflow/example_dags/tutorial.py
[2022-09-05 21:19:03,673] {logging_mixin.py:115} INFO - [2022-09-05 21:19:03,673] {dag.py:2371} INFO - Sync 1 DAGs
[2022-09-05 21:19:03,688] {logging_mixin.py:115} INFO - [2022-09-05 21:19:03,688] {dag.py:2915} INFO - Setting next_dagrun for tutorial to 2022-09-05T01:19:03.688087+00:00, run_after=2022-09-06T01:19:03.688087+00:00
[2022-09-05 21:19:03,719] {processor.py:161} INFO - Processing /home/osboxes/.local/lib/python3.8/site-packages/airflow/example_dags/tutorial.py took 0.074 seconds
[2022-09-05 21:19:46,584] {processor.py:153} INFO - Started process (PID=168232) to work on /home/osboxes/.local/lib/python3.8/site-packages/airflow/example_dags/tutorial.py
[2022-09-05 21:19:46,586] {processor.py:641} INFO - Processing file /home/osboxes/.local/lib/python3.8/site-packages/airflow/example_dags/tutorial.py for tasks to queue
[2022-09-05 21:19:46,587] {logging_mixin.py:115} INFO - [2022-09-05 21:19:46,587] {dagbag.py:507} INFO - Filling up the DagBag from /home/osboxes/.local/lib/python3.8/site-packages/airflow/example_dags/tutorial.py
[2022-09-05 21:19:46,597] {processor.py:651} INFO - DAG(s) dict_keys(['tutorial']) retrieved from /home/osboxes/.local/lib/python3.8/site-packages/airflow/example_dags/tutorial.py
[2022-09-05 21:19:46,641] {logging_mixin.py:115} INFO - [2022-09-05 21:19:46,640] {dag.py:2371} INFO - Sync 1 DAGs
[2022-09-05 21:19:46,705] {logging_mixin.py:115} INFO - [2022-09-05 21:19:46,704] {dag.py:2915} INFO - Setting next_dagrun for tutorial to 2022-09-05T01:19:46.704372+00:00, run_after=2022-09-06T01:19:46.704372+00:00
[2022-09-05 21:19:46,742] {processor.py:161} INFO - Processing /home/osboxes/.local/lib/python3.8/site-packages/airflow/example_dags/tutorial.py took 0.163 seconds
[2022-09-05 21:20:29,750] {processor.py:153} INFO - Started process (PID=168564) to work on /home/osboxes/.local/lib/python3.8/site-packages/airflow/example_dags/tutorial.py
[2022-09-05 21:20:29,754] {processor.py:641} INFO - Processing file /home/osboxes/.local/lib/python3.8/site-packages/airflow/example_dags/tutorial.py for tasks to queue
[2022-09-05 21:20:29,754] {logging_mixin.py:115} INFO - [2022-09-05 21:20:29,754] {dagbag.py:507} INFO - Filling up the DagBag from /home/osboxes/.local/lib/python3.8/site-packages/airflow/example_dags/tutorial.py
[2022-09-05 21:20:29,760] {processor.py:651} INFO - DAG(s) dict_keys(['tutorial']) retrieved from /home/osboxes/.local/lib/python3.8/site-packages/airflow/example_dags/tutorial.py
[2022-09-05 21:20:29,777] {logging_mixin.py:115} INFO - [2022-09-05 21:20:29,777] {dag.py:2371} INFO - Sync 1 DAGs
[2022-09-05 21:20:29,792] {logging_mixin.py:115} INFO - [2022-09-05 21:20:29,792] {dag.py:2915} INFO - Setting next_dagrun for tutorial to 2022-09-05T01:20:29.791968+00:00, run_after=2022-09-06T01:20:29.791968+00:00
[2022-09-05 21:20:29,831] {processor.py:161} INFO - Processing /home/osboxes/.local/lib/python3.8/site-packages/airflow/example_dags/tutorial.py took 0.083 seconds
[2022-09-05 21:21:08,774] {processor.py:153} INFO - Started process (PID=168874) to work on /home/osboxes/.local/lib/python3.8/site-packages/airflow/example_dags/tutorial.py
[2022-09-05 21:21:08,785] {processor.py:641} INFO - Processing file /home/osboxes/.local/lib/python3.8/site-packages/airflow/example_dags/tutorial.py for tasks to queue
[2022-09-05 21:21:08,785] {logging_mixin.py:115} INFO - [2022-09-05 21:21:08,785] {dagbag.py:507} INFO - Filling up the DagBag from /home/osboxes/.local/lib/python3.8/site-packages/airflow/example_dags/tutorial.py
[2022-09-05 21:21:08,790] {processor.py:651} INFO - DAG(s) dict_keys(['tutorial']) retrieved from /home/osboxes/.local/lib/python3.8/site-packages/airflow/example_dags/tutorial.py
[2022-09-05 21:21:08,897] {logging_mixin.py:115} INFO - [2022-09-05 21:21:08,897] {dag.py:2371} INFO - Sync 1 DAGs
[2022-09-05 21:21:08,942] {logging_mixin.py:115} INFO - [2022-09-05 21:21:08,942] {dag.py:2915} INFO - Setting next_dagrun for tutorial to 2022-09-05T01:21:08.941831+00:00, run_after=2022-09-06T01:21:08.941831+00:00
[2022-09-05 21:21:08,978] {processor.py:161} INFO - Processing /home/osboxes/.local/lib/python3.8/site-packages/airflow/example_dags/tutorial.py took 0.293 seconds
[2022-09-05 21:21:49,794] {processor.py:153} INFO - Started process (PID=169196) to work on /home/osboxes/.local/lib/python3.8/site-packages/airflow/example_dags/tutorial.py
[2022-09-05 21:21:49,796] {processor.py:641} INFO - Processing file /home/osboxes/.local/lib/python3.8/site-packages/airflow/example_dags/tutorial.py for tasks to queue
[2022-09-05 21:21:49,797] {logging_mixin.py:115} INFO - [2022-09-05 21:21:49,797] {dagbag.py:507} INFO - Filling up the DagBag from /home/osboxes/.local/lib/python3.8/site-packages/airflow/example_dags/tutorial.py
[2022-09-05 21:21:49,801] {processor.py:651} INFO - DAG(s) dict_keys(['tutorial']) retrieved from /home/osboxes/.local/lib/python3.8/site-packages/airflow/example_dags/tutorial.py
[2022-09-05 21:21:49,823] {logging_mixin.py:115} INFO - [2022-09-05 21:21:49,823] {dag.py:2371} INFO - Sync 1 DAGs
[2022-09-05 21:21:49,837] {logging_mixin.py:115} INFO - [2022-09-05 21:21:49,837] {dag.py:2915} INFO - Setting next_dagrun for tutorial to 2022-09-05T01:21:49.836924+00:00, run_after=2022-09-06T01:21:49.836924+00:00
[2022-09-05 21:21:49,896] {processor.py:161} INFO - Processing /home/osboxes/.local/lib/python3.8/site-packages/airflow/example_dags/tutorial.py took 0.105 seconds
[2022-09-05 21:22:30,561] {processor.py:153} INFO - Started process (PID=169512) to work on /home/osboxes/.local/lib/python3.8/site-packages/airflow/example_dags/tutorial.py
[2022-09-05 21:22:30,563] {processor.py:641} INFO - Processing file /home/osboxes/.local/lib/python3.8/site-packages/airflow/example_dags/tutorial.py for tasks to queue
[2022-09-05 21:22:30,563] {logging_mixin.py:115} INFO - [2022-09-05 21:22:30,563] {dagbag.py:507} INFO - Filling up the DagBag from /home/osboxes/.local/lib/python3.8/site-packages/airflow/example_dags/tutorial.py
[2022-09-05 21:22:30,568] {processor.py:651} INFO - DAG(s) dict_keys(['tutorial']) retrieved from /home/osboxes/.local/lib/python3.8/site-packages/airflow/example_dags/tutorial.py
[2022-09-05 21:22:30,586] {logging_mixin.py:115} INFO - [2022-09-05 21:22:30,586] {dag.py:2371} INFO - Sync 1 DAGs
[2022-09-05 21:22:30,599] {logging_mixin.py:115} INFO - [2022-09-05 21:22:30,599] {dag.py:2915} INFO - Setting next_dagrun for tutorial to 2022-09-05T01:22:30.599609+00:00, run_after=2022-09-06T01:22:30.599609+00:00
[2022-09-05 21:22:30,639] {processor.py:161} INFO - Processing /home/osboxes/.local/lib/python3.8/site-packages/airflow/example_dags/tutorial.py took 0.080 seconds
[2022-09-05 21:23:07,150] {processor.py:153} INFO - Started process (PID=169801) to work on /home/osboxes/.local/lib/python3.8/site-packages/airflow/example_dags/tutorial.py
[2022-09-05 21:23:07,152] {processor.py:641} INFO - Processing file /home/osboxes/.local/lib/python3.8/site-packages/airflow/example_dags/tutorial.py for tasks to queue
[2022-09-05 21:23:07,153] {logging_mixin.py:115} INFO - [2022-09-05 21:23:07,153] {dagbag.py:507} INFO - Filling up the DagBag from /home/osboxes/.local/lib/python3.8/site-packages/airflow/example_dags/tutorial.py
[2022-09-05 21:23:07,160] {processor.py:651} INFO - DAG(s) dict_keys(['tutorial']) retrieved from /home/osboxes/.local/lib/python3.8/site-packages/airflow/example_dags/tutorial.py
[2022-09-05 21:23:07,193] {logging_mixin.py:115} INFO - [2022-09-05 21:23:07,192] {dag.py:2371} INFO - Sync 1 DAGs
[2022-09-05 21:23:07,222] {logging_mixin.py:115} INFO - [2022-09-05 21:23:07,222] {dag.py:2915} INFO - Setting next_dagrun for tutorial to 2022-09-05T01:23:07.222316+00:00, run_after=2022-09-06T01:23:07.222316+00:00
[2022-09-05 21:23:07,349] {processor.py:161} INFO - Processing /home/osboxes/.local/lib/python3.8/site-packages/airflow/example_dags/tutorial.py took 0.202 seconds
[2022-09-05 21:23:48,257] {processor.py:153} INFO - Started process (PID=170182) to work on /home/osboxes/.local/lib/python3.8/site-packages/airflow/example_dags/tutorial.py
[2022-09-05 21:23:48,259] {processor.py:641} INFO - Processing file /home/osboxes/.local/lib/python3.8/site-packages/airflow/example_dags/tutorial.py for tasks to queue
[2022-09-05 21:23:48,260] {logging_mixin.py:115} INFO - [2022-09-05 21:23:48,260] {dagbag.py:507} INFO - Filling up the DagBag from /home/osboxes/.local/lib/python3.8/site-packages/airflow/example_dags/tutorial.py
[2022-09-05 21:23:48,264] {processor.py:651} INFO - DAG(s) dict_keys(['tutorial']) retrieved from /home/osboxes/.local/lib/python3.8/site-packages/airflow/example_dags/tutorial.py
[2022-09-05 21:23:48,284] {logging_mixin.py:115} INFO - [2022-09-05 21:23:48,284] {dag.py:2371} INFO - Sync 1 DAGs
[2022-09-05 21:23:48,301] {logging_mixin.py:115} INFO - [2022-09-05 21:23:48,301] {dag.py:2915} INFO - Setting next_dagrun for tutorial to 2022-09-05T01:23:48.301622+00:00, run_after=2022-09-06T01:23:48.301622+00:00
[2022-09-05 21:23:48,358] {processor.py:161} INFO - Processing /home/osboxes/.local/lib/python3.8/site-packages/airflow/example_dags/tutorial.py took 0.103 seconds
[2022-09-05 21:24:32,225] {processor.py:153} INFO - Started process (PID=170529) to work on /home/osboxes/.local/lib/python3.8/site-packages/airflow/example_dags/tutorial.py
[2022-09-05 21:24:32,227] {processor.py:641} INFO - Processing file /home/osboxes/.local/lib/python3.8/site-packages/airflow/example_dags/tutorial.py for tasks to queue
[2022-09-05 21:24:32,227] {logging_mixin.py:115} INFO - [2022-09-05 21:24:32,227] {dagbag.py:507} INFO - Filling up the DagBag from /home/osboxes/.local/lib/python3.8/site-packages/airflow/example_dags/tutorial.py
[2022-09-05 21:24:32,235] {processor.py:651} INFO - DAG(s) dict_keys(['tutorial']) retrieved from /home/osboxes/.local/lib/python3.8/site-packages/airflow/example_dags/tutorial.py
[2022-09-05 21:24:32,264] {logging_mixin.py:115} INFO - [2022-09-05 21:24:32,263] {dag.py:2371} INFO - Sync 1 DAGs
[2022-09-05 21:24:32,284] {logging_mixin.py:115} INFO - [2022-09-05 21:24:32,284] {dag.py:2915} INFO - Setting next_dagrun for tutorial to 2022-09-05T01:24:32.284367+00:00, run_after=2022-09-06T01:24:32.284367+00:00
[2022-09-05 21:24:32,325] {processor.py:161} INFO - Processing /home/osboxes/.local/lib/python3.8/site-packages/airflow/example_dags/tutorial.py took 0.103 seconds
[2022-09-05 21:25:11,157] {processor.py:153} INFO - Started process (PID=170846) to work on /home/osboxes/.local/lib/python3.8/site-packages/airflow/example_dags/tutorial.py
[2022-09-05 21:25:11,158] {processor.py:641} INFO - Processing file /home/osboxes/.local/lib/python3.8/site-packages/airflow/example_dags/tutorial.py for tasks to queue
[2022-09-05 21:25:11,159] {logging_mixin.py:115} INFO - [2022-09-05 21:25:11,159] {dagbag.py:507} INFO - Filling up the DagBag from /home/osboxes/.local/lib/python3.8/site-packages/airflow/example_dags/tutorial.py
[2022-09-05 21:25:11,164] {processor.py:651} INFO - DAG(s) dict_keys(['tutorial']) retrieved from /home/osboxes/.local/lib/python3.8/site-packages/airflow/example_dags/tutorial.py
[2022-09-05 21:25:11,186] {logging_mixin.py:115} INFO - [2022-09-05 21:25:11,186] {dag.py:2371} INFO - Sync 1 DAGs
[2022-09-05 21:25:11,201] {logging_mixin.py:115} INFO - [2022-09-05 21:25:11,201] {dag.py:2915} INFO - Setting next_dagrun for tutorial to 2022-09-05T01:25:11.201096+00:00, run_after=2022-09-06T01:25:11.201096+00:00
[2022-09-05 21:25:11,232] {processor.py:161} INFO - Processing /home/osboxes/.local/lib/python3.8/site-packages/airflow/example_dags/tutorial.py took 0.078 seconds
[2022-09-05 21:25:49,758] {processor.py:153} INFO - Started process (PID=171146) to work on /home/osboxes/.local/lib/python3.8/site-packages/airflow/example_dags/tutorial.py
[2022-09-05 21:25:49,760] {processor.py:641} INFO - Processing file /home/osboxes/.local/lib/python3.8/site-packages/airflow/example_dags/tutorial.py for tasks to queue
[2022-09-05 21:25:49,761] {logging_mixin.py:115} INFO - [2022-09-05 21:25:49,761] {dagbag.py:507} INFO - Filling up the DagBag from /home/osboxes/.local/lib/python3.8/site-packages/airflow/example_dags/tutorial.py
[2022-09-05 21:25:49,765] {processor.py:651} INFO - DAG(s) dict_keys(['tutorial']) retrieved from /home/osboxes/.local/lib/python3.8/site-packages/airflow/example_dags/tutorial.py
[2022-09-05 21:25:49,788] {logging_mixin.py:115} INFO - [2022-09-05 21:25:49,787] {dag.py:2371} INFO - Sync 1 DAGs
[2022-09-05 21:25:49,804] {logging_mixin.py:115} INFO - [2022-09-05 21:25:49,804] {dag.py:2915} INFO - Setting next_dagrun for tutorial to 2022-09-05T01:25:49.804456+00:00, run_after=2022-09-06T01:25:49.804456+00:00
[2022-09-05 21:25:49,843] {processor.py:161} INFO - Processing /home/osboxes/.local/lib/python3.8/site-packages/airflow/example_dags/tutorial.py took 0.088 seconds
[2022-09-05 21:26:34,442] {processor.py:153} INFO - Started process (PID=171498) to work on /home/osboxes/.local/lib/python3.8/site-packages/airflow/example_dags/tutorial.py
[2022-09-05 21:26:34,444] {processor.py:641} INFO - Processing file /home/osboxes/.local/lib/python3.8/site-packages/airflow/example_dags/tutorial.py for tasks to queue
[2022-09-05 21:26:34,444] {logging_mixin.py:115} INFO - [2022-09-05 21:26:34,444] {dagbag.py:507} INFO - Filling up the DagBag from /home/osboxes/.local/lib/python3.8/site-packages/airflow/example_dags/tutorial.py
[2022-09-05 21:26:34,450] {processor.py:651} INFO - DAG(s) dict_keys(['tutorial']) retrieved from /home/osboxes/.local/lib/python3.8/site-packages/airflow/example_dags/tutorial.py
[2022-09-05 21:26:34,471] {logging_mixin.py:115} INFO - [2022-09-05 21:26:34,471] {dag.py:2371} INFO - Sync 1 DAGs
[2022-09-05 21:26:34,487] {logging_mixin.py:115} INFO - [2022-09-05 21:26:34,487] {dag.py:2915} INFO - Setting next_dagrun for tutorial to 2022-09-05T01:26:34.486888+00:00, run_after=2022-09-06T01:26:34.486888+00:00
[2022-09-05 21:26:34,519] {processor.py:161} INFO - Processing /home/osboxes/.local/lib/python3.8/site-packages/airflow/example_dags/tutorial.py took 0.079 seconds
[2022-09-05 21:27:18,599] {processor.py:153} INFO - Started process (PID=171850) to work on /home/osboxes/.local/lib/python3.8/site-packages/airflow/example_dags/tutorial.py
[2022-09-05 21:27:18,600] {processor.py:641} INFO - Processing file /home/osboxes/.local/lib/python3.8/site-packages/airflow/example_dags/tutorial.py for tasks to queue
[2022-09-05 21:27:18,601] {logging_mixin.py:115} INFO - [2022-09-05 21:27:18,601] {dagbag.py:507} INFO - Filling up the DagBag from /home/osboxes/.local/lib/python3.8/site-packages/airflow/example_dags/tutorial.py
[2022-09-05 21:27:18,606] {processor.py:651} INFO - DAG(s) dict_keys(['tutorial']) retrieved from /home/osboxes/.local/lib/python3.8/site-packages/airflow/example_dags/tutorial.py
[2022-09-05 21:27:18,627] {logging_mixin.py:115} INFO - [2022-09-05 21:27:18,627] {dag.py:2371} INFO - Sync 1 DAGs
[2022-09-05 21:27:18,646] {logging_mixin.py:115} INFO - [2022-09-05 21:27:18,646] {dag.py:2915} INFO - Setting next_dagrun for tutorial to 2022-09-05T01:27:18.646134+00:00, run_after=2022-09-06T01:27:18.646134+00:00
[2022-09-05 21:27:18,710] {processor.py:161} INFO - Processing /home/osboxes/.local/lib/python3.8/site-packages/airflow/example_dags/tutorial.py took 0.114 seconds
[2022-09-05 21:28:04,831] {processor.py:153} INFO - Started process (PID=172226) to work on /home/osboxes/.local/lib/python3.8/site-packages/airflow/example_dags/tutorial.py
[2022-09-05 21:28:04,832] {processor.py:641} INFO - Processing file /home/osboxes/.local/lib/python3.8/site-packages/airflow/example_dags/tutorial.py for tasks to queue
[2022-09-05 21:28:04,833] {logging_mixin.py:115} INFO - [2022-09-05 21:28:04,833] {dagbag.py:507} INFO - Filling up the DagBag from /home/osboxes/.local/lib/python3.8/site-packages/airflow/example_dags/tutorial.py
[2022-09-05 21:28:04,839] {processor.py:651} INFO - DAG(s) dict_keys(['tutorial']) retrieved from /home/osboxes/.local/lib/python3.8/site-packages/airflow/example_dags/tutorial.py
[2022-09-05 21:28:04,861] {logging_mixin.py:115} INFO - [2022-09-05 21:28:04,861] {dag.py:2371} INFO - Sync 1 DAGs
[2022-09-05 21:28:04,876] {logging_mixin.py:115} INFO - [2022-09-05 21:28:04,876] {dag.py:2915} INFO - Setting next_dagrun for tutorial to 2022-09-05T01:28:04.876462+00:00, run_after=2022-09-06T01:28:04.876462+00:00
[2022-09-05 21:28:04,911] {processor.py:161} INFO - Processing /home/osboxes/.local/lib/python3.8/site-packages/airflow/example_dags/tutorial.py took 0.082 seconds
[2022-09-05 21:28:49,486] {processor.py:153} INFO - Started process (PID=172607) to work on /home/osboxes/.local/lib/python3.8/site-packages/airflow/example_dags/tutorial.py
[2022-09-05 21:28:49,489] {processor.py:641} INFO - Processing file /home/osboxes/.local/lib/python3.8/site-packages/airflow/example_dags/tutorial.py for tasks to queue
[2022-09-05 21:28:49,489] {logging_mixin.py:115} INFO - [2022-09-05 21:28:49,489] {dagbag.py:507} INFO - Filling up the DagBag from /home/osboxes/.local/lib/python3.8/site-packages/airflow/example_dags/tutorial.py
[2022-09-05 21:28:49,496] {processor.py:651} INFO - DAG(s) dict_keys(['tutorial']) retrieved from /home/osboxes/.local/lib/python3.8/site-packages/airflow/example_dags/tutorial.py
[2022-09-05 21:28:49,519] {logging_mixin.py:115} INFO - [2022-09-05 21:28:49,518] {dag.py:2371} INFO - Sync 1 DAGs
[2022-09-05 21:28:49,545] {logging_mixin.py:115} INFO - [2022-09-05 21:28:49,545] {dag.py:2915} INFO - Setting next_dagrun for tutorial to 2022-09-05T01:28:49.545084+00:00, run_after=2022-09-06T01:28:49.545084+00:00
[2022-09-05 21:28:49,602] {processor.py:161} INFO - Processing /home/osboxes/.local/lib/python3.8/site-packages/airflow/example_dags/tutorial.py took 0.119 seconds
[2022-09-05 21:29:33,310] {processor.py:153} INFO - Started process (PID=172970) to work on /home/osboxes/.local/lib/python3.8/site-packages/airflow/example_dags/tutorial.py
[2022-09-05 21:29:33,314] {processor.py:641} INFO - Processing file /home/osboxes/.local/lib/python3.8/site-packages/airflow/example_dags/tutorial.py for tasks to queue
[2022-09-05 21:29:33,314] {logging_mixin.py:115} INFO - [2022-09-05 21:29:33,314] {dagbag.py:507} INFO - Filling up the DagBag from /home/osboxes/.local/lib/python3.8/site-packages/airflow/example_dags/tutorial.py
[2022-09-05 21:29:33,320] {processor.py:651} INFO - DAG(s) dict_keys(['tutorial']) retrieved from /home/osboxes/.local/lib/python3.8/site-packages/airflow/example_dags/tutorial.py
[2022-09-05 21:29:33,342] {logging_mixin.py:115} INFO - [2022-09-05 21:29:33,342] {dag.py:2371} INFO - Sync 1 DAGs
[2022-09-05 21:29:33,361] {logging_mixin.py:115} INFO - [2022-09-05 21:29:33,361] {dag.py:2915} INFO - Setting next_dagrun for tutorial to 2022-09-05T01:29:33.360799+00:00, run_after=2022-09-06T01:29:33.360799+00:00
[2022-09-05 21:29:33,396] {processor.py:161} INFO - Processing /home/osboxes/.local/lib/python3.8/site-packages/airflow/example_dags/tutorial.py took 0.089 seconds
[2022-09-05 21:30:13,709] {processor.py:153} INFO - Started process (PID=173257) to work on /home/osboxes/.local/lib/python3.8/site-packages/airflow/example_dags/tutorial.py
[2022-09-05 21:30:13,710] {processor.py:641} INFO - Processing file /home/osboxes/.local/lib/python3.8/site-packages/airflow/example_dags/tutorial.py for tasks to queue
[2022-09-05 21:30:13,711] {logging_mixin.py:115} INFO - [2022-09-05 21:30:13,711] {dagbag.py:507} INFO - Filling up the DagBag from /home/osboxes/.local/lib/python3.8/site-packages/airflow/example_dags/tutorial.py
[2022-09-05 21:30:13,717] {processor.py:651} INFO - DAG(s) dict_keys(['tutorial']) retrieved from /home/osboxes/.local/lib/python3.8/site-packages/airflow/example_dags/tutorial.py
[2022-09-05 21:30:13,746] {logging_mixin.py:115} INFO - [2022-09-05 21:30:13,746] {dag.py:2371} INFO - Sync 1 DAGs
[2022-09-05 21:30:13,765] {logging_mixin.py:115} INFO - [2022-09-05 21:30:13,764] {dag.py:2915} INFO - Setting next_dagrun for tutorial to 2022-09-05T01:30:13.764502+00:00, run_after=2022-09-06T01:30:13.764502+00:00
[2022-09-05 21:30:13,814] {processor.py:161} INFO - Processing /home/osboxes/.local/lib/python3.8/site-packages/airflow/example_dags/tutorial.py took 0.107 seconds
[2022-09-05 21:30:59,106] {processor.py:153} INFO - Started process (PID=173622) to work on /home/osboxes/.local/lib/python3.8/site-packages/airflow/example_dags/tutorial.py
[2022-09-05 21:30:59,107] {processor.py:641} INFO - Processing file /home/osboxes/.local/lib/python3.8/site-packages/airflow/example_dags/tutorial.py for tasks to queue
[2022-09-05 21:30:59,108] {logging_mixin.py:115} INFO - [2022-09-05 21:30:59,108] {dagbag.py:507} INFO - Filling up the DagBag from /home/osboxes/.local/lib/python3.8/site-packages/airflow/example_dags/tutorial.py
[2022-09-05 21:30:59,113] {processor.py:651} INFO - DAG(s) dict_keys(['tutorial']) retrieved from /home/osboxes/.local/lib/python3.8/site-packages/airflow/example_dags/tutorial.py
[2022-09-05 21:30:59,134] {logging_mixin.py:115} INFO - [2022-09-05 21:30:59,134] {dag.py:2371} INFO - Sync 1 DAGs
[2022-09-05 21:30:59,161] {logging_mixin.py:115} INFO - [2022-09-05 21:30:59,161] {dag.py:2915} INFO - Setting next_dagrun for tutorial to 2022-09-05T01:30:59.160834+00:00, run_after=2022-09-06T01:30:59.160834+00:00
[2022-09-05 21:30:59,209] {processor.py:161} INFO - Processing /home/osboxes/.local/lib/python3.8/site-packages/airflow/example_dags/tutorial.py took 0.106 seconds
[2022-09-05 21:31:39,206] {processor.py:153} INFO - Started process (PID=173937) to work on /home/osboxes/.local/lib/python3.8/site-packages/airflow/example_dags/tutorial.py
[2022-09-05 21:31:39,208] {processor.py:641} INFO - Processing file /home/osboxes/.local/lib/python3.8/site-packages/airflow/example_dags/tutorial.py for tasks to queue
[2022-09-05 21:31:39,208] {logging_mixin.py:115} INFO - [2022-09-05 21:31:39,208] {dagbag.py:507} INFO - Filling up the DagBag from /home/osboxes/.local/lib/python3.8/site-packages/airflow/example_dags/tutorial.py
[2022-09-05 21:31:39,213] {processor.py:651} INFO - DAG(s) dict_keys(['tutorial']) retrieved from /home/osboxes/.local/lib/python3.8/site-packages/airflow/example_dags/tutorial.py
[2022-09-05 21:31:39,237] {logging_mixin.py:115} INFO - [2022-09-05 21:31:39,237] {dag.py:2371} INFO - Sync 1 DAGs
[2022-09-05 21:31:39,272] {logging_mixin.py:115} INFO - [2022-09-05 21:31:39,272] {dag.py:2915} INFO - Setting next_dagrun for tutorial to 2022-09-05T01:31:39.272262+00:00, run_after=2022-09-06T01:31:39.272262+00:00
[2022-09-05 21:31:39,315] {processor.py:161} INFO - Processing /home/osboxes/.local/lib/python3.8/site-packages/airflow/example_dags/tutorial.py took 0.113 seconds
[2022-09-05 21:32:21,266] {processor.py:153} INFO - Started process (PID=174265) to work on /home/osboxes/.local/lib/python3.8/site-packages/airflow/example_dags/tutorial.py
[2022-09-05 21:32:21,268] {processor.py:641} INFO - Processing file /home/osboxes/.local/lib/python3.8/site-packages/airflow/example_dags/tutorial.py for tasks to queue
[2022-09-05 21:32:21,269] {logging_mixin.py:115} INFO - [2022-09-05 21:32:21,269] {dagbag.py:507} INFO - Filling up the DagBag from /home/osboxes/.local/lib/python3.8/site-packages/airflow/example_dags/tutorial.py
[2022-09-05 21:32:21,274] {processor.py:651} INFO - DAG(s) dict_keys(['tutorial']) retrieved from /home/osboxes/.local/lib/python3.8/site-packages/airflow/example_dags/tutorial.py
[2022-09-05 21:32:21,293] {logging_mixin.py:115} INFO - [2022-09-05 21:32:21,293] {dag.py:2371} INFO - Sync 1 DAGs
[2022-09-05 21:32:21,311] {logging_mixin.py:115} INFO - [2022-09-05 21:32:21,311] {dag.py:2915} INFO - Setting next_dagrun for tutorial to 2022-09-05T01:32:21.310793+00:00, run_after=2022-09-06T01:32:21.310793+00:00
[2022-09-05 21:32:21,367] {processor.py:161} INFO - Processing /home/osboxes/.local/lib/python3.8/site-packages/airflow/example_dags/tutorial.py took 0.103 seconds
[2022-09-05 21:33:03,894] {processor.py:153} INFO - Started process (PID=174619) to work on /home/osboxes/.local/lib/python3.8/site-packages/airflow/example_dags/tutorial.py
[2022-09-05 21:33:03,896] {processor.py:641} INFO - Processing file /home/osboxes/.local/lib/python3.8/site-packages/airflow/example_dags/tutorial.py for tasks to queue
[2022-09-05 21:33:03,897] {logging_mixin.py:115} INFO - [2022-09-05 21:33:03,896] {dagbag.py:507} INFO - Filling up the DagBag from /home/osboxes/.local/lib/python3.8/site-packages/airflow/example_dags/tutorial.py
[2022-09-05 21:33:03,904] {processor.py:651} INFO - DAG(s) dict_keys(['tutorial']) retrieved from /home/osboxes/.local/lib/python3.8/site-packages/airflow/example_dags/tutorial.py
[2022-09-05 21:33:03,922] {logging_mixin.py:115} INFO - [2022-09-05 21:33:03,922] {dag.py:2371} INFO - Sync 1 DAGs
[2022-09-05 21:33:03,940] {logging_mixin.py:115} INFO - [2022-09-05 21:33:03,940] {dag.py:2915} INFO - Setting next_dagrun for tutorial to 2022-09-05T01:33:03.940612+00:00, run_after=2022-09-06T01:33:03.940612+00:00
[2022-09-05 21:33:03,977] {processor.py:161} INFO - Processing /home/osboxes/.local/lib/python3.8/site-packages/airflow/example_dags/tutorial.py took 0.086 seconds
[2022-09-05 21:33:47,605] {processor.py:153} INFO - Started process (PID=174997) to work on /home/osboxes/.local/lib/python3.8/site-packages/airflow/example_dags/tutorial.py
[2022-09-05 21:33:47,607] {processor.py:641} INFO - Processing file /home/osboxes/.local/lib/python3.8/site-packages/airflow/example_dags/tutorial.py for tasks to queue
[2022-09-05 21:33:47,608] {logging_mixin.py:115} INFO - [2022-09-05 21:33:47,608] {dagbag.py:507} INFO - Filling up the DagBag from /home/osboxes/.local/lib/python3.8/site-packages/airflow/example_dags/tutorial.py
[2022-09-05 21:33:47,613] {processor.py:651} INFO - DAG(s) dict_keys(['tutorial']) retrieved from /home/osboxes/.local/lib/python3.8/site-packages/airflow/example_dags/tutorial.py
[2022-09-05 21:33:47,634] {logging_mixin.py:115} INFO - [2022-09-05 21:33:47,634] {dag.py:2371} INFO - Sync 1 DAGs
[2022-09-05 21:33:47,653] {logging_mixin.py:115} INFO - [2022-09-05 21:33:47,653] {dag.py:2915} INFO - Setting next_dagrun for tutorial to 2022-09-05T01:33:47.653009+00:00, run_after=2022-09-06T01:33:47.653009+00:00
[2022-09-05 21:33:47,684] {processor.py:161} INFO - Processing /home/osboxes/.local/lib/python3.8/site-packages/airflow/example_dags/tutorial.py took 0.081 seconds
[2022-09-05 21:34:28,094] {processor.py:153} INFO - Started process (PID=175328) to work on /home/osboxes/.local/lib/python3.8/site-packages/airflow/example_dags/tutorial.py
[2022-09-05 21:34:28,105] {processor.py:641} INFO - Processing file /home/osboxes/.local/lib/python3.8/site-packages/airflow/example_dags/tutorial.py for tasks to queue
[2022-09-05 21:34:28,105] {logging_mixin.py:115} INFO - [2022-09-05 21:34:28,105] {dagbag.py:507} INFO - Filling up the DagBag from /home/osboxes/.local/lib/python3.8/site-packages/airflow/example_dags/tutorial.py
[2022-09-05 21:34:28,111] {processor.py:651} INFO - DAG(s) dict_keys(['tutorial']) retrieved from /home/osboxes/.local/lib/python3.8/site-packages/airflow/example_dags/tutorial.py
[2022-09-05 21:34:28,132] {logging_mixin.py:115} INFO - [2022-09-05 21:34:28,132] {dag.py:2371} INFO - Sync 1 DAGs
[2022-09-05 21:34:28,154] {logging_mixin.py:115} INFO - [2022-09-05 21:34:28,154] {dag.py:2915} INFO - Setting next_dagrun for tutorial to 2022-09-05T01:34:28.153840+00:00, run_after=2022-09-06T01:34:28.153840+00:00
[2022-09-05 21:34:28,198] {processor.py:161} INFO - Processing /home/osboxes/.local/lib/python3.8/site-packages/airflow/example_dags/tutorial.py took 0.107 seconds
[2022-09-05 21:35:12,953] {processor.py:153} INFO - Started process (PID=175675) to work on /home/osboxes/.local/lib/python3.8/site-packages/airflow/example_dags/tutorial.py
[2022-09-05 21:35:12,955] {processor.py:641} INFO - Processing file /home/osboxes/.local/lib/python3.8/site-packages/airflow/example_dags/tutorial.py for tasks to queue
[2022-09-05 21:35:12,955] {logging_mixin.py:115} INFO - [2022-09-05 21:35:12,955] {dagbag.py:507} INFO - Filling up the DagBag from /home/osboxes/.local/lib/python3.8/site-packages/airflow/example_dags/tutorial.py
[2022-09-05 21:35:12,962] {processor.py:651} INFO - DAG(s) dict_keys(['tutorial']) retrieved from /home/osboxes/.local/lib/python3.8/site-packages/airflow/example_dags/tutorial.py
[2022-09-05 21:35:12,993] {logging_mixin.py:115} INFO - [2022-09-05 21:35:12,993] {dag.py:2371} INFO - Sync 1 DAGs
[2022-09-05 21:35:13,016] {logging_mixin.py:115} INFO - [2022-09-05 21:35:13,016] {dag.py:2915} INFO - Setting next_dagrun for tutorial to 2022-09-05T01:35:13.016050+00:00, run_after=2022-09-06T01:35:13.016050+00:00
[2022-09-05 21:35:13,051] {processor.py:161} INFO - Processing /home/osboxes/.local/lib/python3.8/site-packages/airflow/example_dags/tutorial.py took 0.102 seconds
[2022-09-05 21:35:54,608] {processor.py:153} INFO - Started process (PID=176003) to work on /home/osboxes/.local/lib/python3.8/site-packages/airflow/example_dags/tutorial.py
[2022-09-05 21:35:54,610] {processor.py:641} INFO - Processing file /home/osboxes/.local/lib/python3.8/site-packages/airflow/example_dags/tutorial.py for tasks to queue
[2022-09-05 21:35:54,610] {logging_mixin.py:115} INFO - [2022-09-05 21:35:54,610] {dagbag.py:507} INFO - Filling up the DagBag from /home/osboxes/.local/lib/python3.8/site-packages/airflow/example_dags/tutorial.py
[2022-09-05 21:35:54,616] {processor.py:651} INFO - DAG(s) dict_keys(['tutorial']) retrieved from /home/osboxes/.local/lib/python3.8/site-packages/airflow/example_dags/tutorial.py
[2022-09-05 21:35:54,649] {logging_mixin.py:115} INFO - [2022-09-05 21:35:54,649] {dag.py:2371} INFO - Sync 1 DAGs
[2022-09-05 21:35:54,666] {logging_mixin.py:115} INFO - [2022-09-05 21:35:54,666] {dag.py:2915} INFO - Setting next_dagrun for tutorial to 2022-09-05T01:35:54.666059+00:00, run_after=2022-09-06T01:35:54.666059+00:00
[2022-09-05 21:35:54,705] {processor.py:161} INFO - Processing /home/osboxes/.local/lib/python3.8/site-packages/airflow/example_dags/tutorial.py took 0.100 seconds
[2022-09-05 21:36:38,570] {processor.py:153} INFO - Started process (PID=176352) to work on /home/osboxes/.local/lib/python3.8/site-packages/airflow/example_dags/tutorial.py
[2022-09-05 21:36:38,572] {processor.py:641} INFO - Processing file /home/osboxes/.local/lib/python3.8/site-packages/airflow/example_dags/tutorial.py for tasks to queue
[2022-09-05 21:36:38,572] {logging_mixin.py:115} INFO - [2022-09-05 21:36:38,572] {dagbag.py:507} INFO - Filling up the DagBag from /home/osboxes/.local/lib/python3.8/site-packages/airflow/example_dags/tutorial.py
[2022-09-05 21:36:38,578] {processor.py:651} INFO - DAG(s) dict_keys(['tutorial']) retrieved from /home/osboxes/.local/lib/python3.8/site-packages/airflow/example_dags/tutorial.py
[2022-09-05 21:36:38,622] {logging_mixin.py:115} INFO - [2022-09-05 21:36:38,622] {dag.py:2371} INFO - Sync 1 DAGs
[2022-09-05 21:36:38,672] {logging_mixin.py:115} INFO - [2022-09-05 21:36:38,672] {dag.py:2915} INFO - Setting next_dagrun for tutorial to 2022-09-05T01:36:38.671843+00:00, run_after=2022-09-06T01:36:38.671843+00:00
[2022-09-05 21:36:38,707] {processor.py:161} INFO - Processing /home/osboxes/.local/lib/python3.8/site-packages/airflow/example_dags/tutorial.py took 0.140 seconds
[2022-09-05 21:37:26,447] {processor.py:153} INFO - Started process (PID=176744) to work on /home/osboxes/.local/lib/python3.8/site-packages/airflow/example_dags/tutorial.py
[2022-09-05 21:37:26,450] {processor.py:641} INFO - Processing file /home/osboxes/.local/lib/python3.8/site-packages/airflow/example_dags/tutorial.py for tasks to queue
[2022-09-05 21:37:26,450] {logging_mixin.py:115} INFO - [2022-09-05 21:37:26,450] {dagbag.py:507} INFO - Filling up the DagBag from /home/osboxes/.local/lib/python3.8/site-packages/airflow/example_dags/tutorial.py
[2022-09-05 21:37:26,455] {processor.py:651} INFO - DAG(s) dict_keys(['tutorial']) retrieved from /home/osboxes/.local/lib/python3.8/site-packages/airflow/example_dags/tutorial.py
[2022-09-05 21:37:26,478] {logging_mixin.py:115} INFO - [2022-09-05 21:37:26,478] {dag.py:2371} INFO - Sync 1 DAGs
[2022-09-05 21:37:26,496] {logging_mixin.py:115} INFO - [2022-09-05 21:37:26,496] {dag.py:2915} INFO - Setting next_dagrun for tutorial to 2022-09-05T01:37:26.495913+00:00, run_after=2022-09-06T01:37:26.495913+00:00
[2022-09-05 21:37:26,550] {processor.py:161} INFO - Processing /home/osboxes/.local/lib/python3.8/site-packages/airflow/example_dags/tutorial.py took 0.105 seconds
[2022-09-05 21:38:10,758] {processor.py:153} INFO - Started process (PID=177074) to work on /home/osboxes/.local/lib/python3.8/site-packages/airflow/example_dags/tutorial.py
[2022-09-05 21:38:10,760] {processor.py:641} INFO - Processing file /home/osboxes/.local/lib/python3.8/site-packages/airflow/example_dags/tutorial.py for tasks to queue
[2022-09-05 21:38:10,760] {logging_mixin.py:115} INFO - [2022-09-05 21:38:10,760] {dagbag.py:507} INFO - Filling up the DagBag from /home/osboxes/.local/lib/python3.8/site-packages/airflow/example_dags/tutorial.py
[2022-09-05 21:38:10,766] {processor.py:651} INFO - DAG(s) dict_keys(['tutorial']) retrieved from /home/osboxes/.local/lib/python3.8/site-packages/airflow/example_dags/tutorial.py
[2022-09-05 21:38:10,788] {logging_mixin.py:115} INFO - [2022-09-05 21:38:10,788] {dag.py:2371} INFO - Sync 1 DAGs
[2022-09-05 21:38:10,805] {logging_mixin.py:115} INFO - [2022-09-05 21:38:10,804] {dag.py:2915} INFO - Setting next_dagrun for tutorial to 2022-09-05T01:38:10.804353+00:00, run_after=2022-09-06T01:38:10.804353+00:00
[2022-09-05 21:38:10,860] {processor.py:161} INFO - Processing /home/osboxes/.local/lib/python3.8/site-packages/airflow/example_dags/tutorial.py took 0.104 seconds
[2022-09-05 21:38:52,683] {processor.py:153} INFO - Started process (PID=177456) to work on /home/osboxes/.local/lib/python3.8/site-packages/airflow/example_dags/tutorial.py
[2022-09-05 21:38:52,686] {processor.py:641} INFO - Processing file /home/osboxes/.local/lib/python3.8/site-packages/airflow/example_dags/tutorial.py for tasks to queue
[2022-09-05 21:38:52,687] {logging_mixin.py:115} INFO - [2022-09-05 21:38:52,687] {dagbag.py:507} INFO - Filling up the DagBag from /home/osboxes/.local/lib/python3.8/site-packages/airflow/example_dags/tutorial.py
[2022-09-05 21:38:52,694] {processor.py:651} INFO - DAG(s) dict_keys(['tutorial']) retrieved from /home/osboxes/.local/lib/python3.8/site-packages/airflow/example_dags/tutorial.py
[2022-09-05 21:38:52,720] {logging_mixin.py:115} INFO - [2022-09-05 21:38:52,720] {dag.py:2371} INFO - Sync 1 DAGs
[2022-09-05 21:38:52,737] {logging_mixin.py:115} INFO - [2022-09-05 21:38:52,737] {dag.py:2915} INFO - Setting next_dagrun for tutorial to 2022-09-05T01:38:52.737266+00:00, run_after=2022-09-06T01:38:52.737266+00:00
[2022-09-05 21:38:52,773] {processor.py:161} INFO - Processing /home/osboxes/.local/lib/python3.8/site-packages/airflow/example_dags/tutorial.py took 0.093 seconds
[2022-09-05 21:39:33,489] {processor.py:153} INFO - Started process (PID=177781) to work on /home/osboxes/.local/lib/python3.8/site-packages/airflow/example_dags/tutorial.py
[2022-09-05 21:39:33,491] {processor.py:641} INFO - Processing file /home/osboxes/.local/lib/python3.8/site-packages/airflow/example_dags/tutorial.py for tasks to queue
[2022-09-05 21:39:33,491] {logging_mixin.py:115} INFO - [2022-09-05 21:39:33,491] {dagbag.py:507} INFO - Filling up the DagBag from /home/osboxes/.local/lib/python3.8/site-packages/airflow/example_dags/tutorial.py
[2022-09-05 21:39:33,498] {processor.py:651} INFO - DAG(s) dict_keys(['tutorial']) retrieved from /home/osboxes/.local/lib/python3.8/site-packages/airflow/example_dags/tutorial.py
[2022-09-05 21:39:33,529] {logging_mixin.py:115} INFO - [2022-09-05 21:39:33,529] {dag.py:2371} INFO - Sync 1 DAGs
[2022-09-05 21:39:33,550] {logging_mixin.py:115} INFO - [2022-09-05 21:39:33,550] {dag.py:2915} INFO - Setting next_dagrun for tutorial to 2022-09-05T01:39:33.550461+00:00, run_after=2022-09-06T01:39:33.550461+00:00
[2022-09-05 21:39:33,591] {processor.py:161} INFO - Processing /home/osboxes/.local/lib/python3.8/site-packages/airflow/example_dags/tutorial.py took 0.105 seconds
[2022-09-05 21:40:15,815] {processor.py:153} INFO - Started process (PID=178110) to work on /home/osboxes/.local/lib/python3.8/site-packages/airflow/example_dags/tutorial.py
[2022-09-05 21:40:15,816] {processor.py:641} INFO - Processing file /home/osboxes/.local/lib/python3.8/site-packages/airflow/example_dags/tutorial.py for tasks to queue
[2022-09-05 21:40:15,817] {logging_mixin.py:115} INFO - [2022-09-05 21:40:15,817] {dagbag.py:507} INFO - Filling up the DagBag from /home/osboxes/.local/lib/python3.8/site-packages/airflow/example_dags/tutorial.py
[2022-09-05 21:40:15,822] {processor.py:651} INFO - DAG(s) dict_keys(['tutorial']) retrieved from /home/osboxes/.local/lib/python3.8/site-packages/airflow/example_dags/tutorial.py
[2022-09-05 21:40:15,843] {logging_mixin.py:115} INFO - [2022-09-05 21:40:15,843] {dag.py:2371} INFO - Sync 1 DAGs
[2022-09-05 21:40:15,859] {logging_mixin.py:115} INFO - [2022-09-05 21:40:15,859] {dag.py:2915} INFO - Setting next_dagrun for tutorial to 2022-09-05T01:40:15.859128+00:00, run_after=2022-09-06T01:40:15.859128+00:00
[2022-09-05 21:40:15,901] {processor.py:161} INFO - Processing /home/osboxes/.local/lib/python3.8/site-packages/airflow/example_dags/tutorial.py took 0.089 seconds
[2022-09-05 21:41:02,036] {processor.py:153} INFO - Started process (PID=178441) to work on /home/osboxes/.local/lib/python3.8/site-packages/airflow/example_dags/tutorial.py
[2022-09-05 21:41:02,038] {processor.py:641} INFO - Processing file /home/osboxes/.local/lib/python3.8/site-packages/airflow/example_dags/tutorial.py for tasks to queue
[2022-09-05 21:41:02,038] {logging_mixin.py:115} INFO - [2022-09-05 21:41:02,038] {dagbag.py:507} INFO - Filling up the DagBag from /home/osboxes/.local/lib/python3.8/site-packages/airflow/example_dags/tutorial.py
[2022-09-05 21:41:02,044] {processor.py:651} INFO - DAG(s) dict_keys(['tutorial']) retrieved from /home/osboxes/.local/lib/python3.8/site-packages/airflow/example_dags/tutorial.py
[2022-09-05 21:41:02,067] {logging_mixin.py:115} INFO - [2022-09-05 21:41:02,066] {dag.py:2371} INFO - Sync 1 DAGs
[2022-09-05 21:41:02,081] {logging_mixin.py:115} INFO - [2022-09-05 21:41:02,081] {dag.py:2915} INFO - Setting next_dagrun for tutorial to 2022-09-05T01:41:02.080830+00:00, run_after=2022-09-06T01:41:02.080830+00:00
[2022-09-05 21:41:02,109] {processor.py:161} INFO - Processing /home/osboxes/.local/lib/python3.8/site-packages/airflow/example_dags/tutorial.py took 0.076 seconds
[2022-09-05 21:41:47,106] {processor.py:153} INFO - Started process (PID=178798) to work on /home/osboxes/.local/lib/python3.8/site-packages/airflow/example_dags/tutorial.py
[2022-09-05 21:41:47,108] {processor.py:641} INFO - Processing file /home/osboxes/.local/lib/python3.8/site-packages/airflow/example_dags/tutorial.py for tasks to queue
[2022-09-05 21:41:47,108] {logging_mixin.py:115} INFO - [2022-09-05 21:41:47,108] {dagbag.py:507} INFO - Filling up the DagBag from /home/osboxes/.local/lib/python3.8/site-packages/airflow/example_dags/tutorial.py
[2022-09-05 21:41:47,113] {processor.py:651} INFO - DAG(s) dict_keys(['tutorial']) retrieved from /home/osboxes/.local/lib/python3.8/site-packages/airflow/example_dags/tutorial.py
[2022-09-05 21:41:47,135] {logging_mixin.py:115} INFO - [2022-09-05 21:41:47,135] {dag.py:2371} INFO - Sync 1 DAGs
[2022-09-05 21:41:47,149] {logging_mixin.py:115} INFO - [2022-09-05 21:41:47,149] {dag.py:2915} INFO - Setting next_dagrun for tutorial to 2022-09-05T01:41:47.149364+00:00, run_after=2022-09-06T01:41:47.149364+00:00
[2022-09-05 21:41:47,187] {processor.py:161} INFO - Processing /home/osboxes/.local/lib/python3.8/site-packages/airflow/example_dags/tutorial.py took 0.083 seconds
[2022-09-05 21:42:29,541] {processor.py:153} INFO - Started process (PID=179156) to work on /home/osboxes/.local/lib/python3.8/site-packages/airflow/example_dags/tutorial.py
[2022-09-05 21:42:29,568] {processor.py:641} INFO - Processing file /home/osboxes/.local/lib/python3.8/site-packages/airflow/example_dags/tutorial.py for tasks to queue
[2022-09-05 21:42:29,568] {logging_mixin.py:115} INFO - [2022-09-05 21:42:29,568] {dagbag.py:507} INFO - Filling up the DagBag from /home/osboxes/.local/lib/python3.8/site-packages/airflow/example_dags/tutorial.py
[2022-09-05 21:42:29,573] {processor.py:651} INFO - DAG(s) dict_keys(['tutorial']) retrieved from /home/osboxes/.local/lib/python3.8/site-packages/airflow/example_dags/tutorial.py
[2022-09-05 21:42:29,679] {logging_mixin.py:115} INFO - [2022-09-05 21:42:29,679] {dag.py:2371} INFO - Sync 1 DAGs
[2022-09-05 21:42:29,694] {logging_mixin.py:115} INFO - [2022-09-05 21:42:29,694] {dag.py:2915} INFO - Setting next_dagrun for tutorial to 2022-09-05T01:42:29.694359+00:00, run_after=2022-09-06T01:42:29.694359+00:00
[2022-09-05 21:42:29,744] {processor.py:161} INFO - Processing /home/osboxes/.local/lib/python3.8/site-packages/airflow/example_dags/tutorial.py took 0.205 seconds
[2022-09-05 21:43:11,148] {processor.py:153} INFO - Started process (PID=179478) to work on /home/osboxes/.local/lib/python3.8/site-packages/airflow/example_dags/tutorial.py
[2022-09-05 21:43:11,150] {processor.py:641} INFO - Processing file /home/osboxes/.local/lib/python3.8/site-packages/airflow/example_dags/tutorial.py for tasks to queue
[2022-09-05 21:43:11,151] {logging_mixin.py:115} INFO - [2022-09-05 21:43:11,151] {dagbag.py:507} INFO - Filling up the DagBag from /home/osboxes/.local/lib/python3.8/site-packages/airflow/example_dags/tutorial.py
[2022-09-05 21:43:11,155] {processor.py:651} INFO - DAG(s) dict_keys(['tutorial']) retrieved from /home/osboxes/.local/lib/python3.8/site-packages/airflow/example_dags/tutorial.py
[2022-09-05 21:43:11,176] {logging_mixin.py:115} INFO - [2022-09-05 21:43:11,176] {dag.py:2371} INFO - Sync 1 DAGs
[2022-09-05 21:43:11,192] {logging_mixin.py:115} INFO - [2022-09-05 21:43:11,191] {dag.py:2915} INFO - Setting next_dagrun for tutorial to 2022-09-05T01:43:11.191760+00:00, run_after=2022-09-06T01:43:11.191760+00:00
[2022-09-05 21:43:11,228] {processor.py:161} INFO - Processing /home/osboxes/.local/lib/python3.8/site-packages/airflow/example_dags/tutorial.py took 0.082 seconds
[2022-09-05 21:43:45,421] {processor.py:153} INFO - Started process (PID=179781) to work on /home/osboxes/.local/lib/python3.8/site-packages/airflow/example_dags/tutorial.py
[2022-09-05 21:43:45,423] {processor.py:641} INFO - Processing file /home/osboxes/.local/lib/python3.8/site-packages/airflow/example_dags/tutorial.py for tasks to queue
[2022-09-05 21:43:45,423] {logging_mixin.py:115} INFO - [2022-09-05 21:43:45,423] {dagbag.py:507} INFO - Filling up the DagBag from /home/osboxes/.local/lib/python3.8/site-packages/airflow/example_dags/tutorial.py
[2022-09-05 21:43:45,428] {processor.py:651} INFO - DAG(s) dict_keys(['tutorial']) retrieved from /home/osboxes/.local/lib/python3.8/site-packages/airflow/example_dags/tutorial.py
[2022-09-05 21:43:45,448] {logging_mixin.py:115} INFO - [2022-09-05 21:43:45,448] {dag.py:2371} INFO - Sync 1 DAGs
[2022-09-05 21:43:45,463] {logging_mixin.py:115} INFO - [2022-09-05 21:43:45,463] {dag.py:2915} INFO - Setting next_dagrun for tutorial to 2022-09-05T01:43:45.463519+00:00, run_after=2022-09-06T01:43:45.463519+00:00
[2022-09-05 21:43:45,493] {processor.py:161} INFO - Processing /home/osboxes/.local/lib/python3.8/site-packages/airflow/example_dags/tutorial.py took 0.075 seconds
[2022-09-05 21:44:23,519] {processor.py:153} INFO - Started process (PID=180084) to work on /home/osboxes/.local/lib/python3.8/site-packages/airflow/example_dags/tutorial.py
[2022-09-05 21:44:23,521] {processor.py:641} INFO - Processing file /home/osboxes/.local/lib/python3.8/site-packages/airflow/example_dags/tutorial.py for tasks to queue
[2022-09-05 21:44:23,521] {logging_mixin.py:115} INFO - [2022-09-05 21:44:23,521] {dagbag.py:507} INFO - Filling up the DagBag from /home/osboxes/.local/lib/python3.8/site-packages/airflow/example_dags/tutorial.py
[2022-09-05 21:44:23,527] {processor.py:651} INFO - DAG(s) dict_keys(['tutorial']) retrieved from /home/osboxes/.local/lib/python3.8/site-packages/airflow/example_dags/tutorial.py
[2022-09-05 21:44:23,552] {logging_mixin.py:115} INFO - [2022-09-05 21:44:23,551] {dag.py:2371} INFO - Sync 1 DAGs
[2022-09-05 21:44:23,569] {logging_mixin.py:115} INFO - [2022-09-05 21:44:23,569] {dag.py:2915} INFO - Setting next_dagrun for tutorial to 2022-09-05T01:44:23.569306+00:00, run_after=2022-09-06T01:44:23.569306+00:00
[2022-09-05 21:44:23,599] {processor.py:161} INFO - Processing /home/osboxes/.local/lib/python3.8/site-packages/airflow/example_dags/tutorial.py took 0.083 seconds
[2022-09-05 21:45:02,978] {processor.py:153} INFO - Started process (PID=180389) to work on /home/osboxes/.local/lib/python3.8/site-packages/airflow/example_dags/tutorial.py
[2022-09-05 21:45:02,991] {processor.py:641} INFO - Processing file /home/osboxes/.local/lib/python3.8/site-packages/airflow/example_dags/tutorial.py for tasks to queue
[2022-09-05 21:45:02,992] {logging_mixin.py:115} INFO - [2022-09-05 21:45:02,991] {dagbag.py:507} INFO - Filling up the DagBag from /home/osboxes/.local/lib/python3.8/site-packages/airflow/example_dags/tutorial.py
[2022-09-05 21:45:03,031] {processor.py:651} INFO - DAG(s) dict_keys(['tutorial']) retrieved from /home/osboxes/.local/lib/python3.8/site-packages/airflow/example_dags/tutorial.py
[2022-09-05 21:45:03,055] {logging_mixin.py:115} INFO - [2022-09-05 21:45:03,055] {dag.py:2371} INFO - Sync 1 DAGs
[2022-09-05 21:45:03,074] {logging_mixin.py:115} INFO - [2022-09-05 21:45:03,074] {dag.py:2915} INFO - Setting next_dagrun for tutorial to 2022-09-05T01:45:03.074367+00:00, run_after=2022-09-06T01:45:03.074367+00:00
[2022-09-05 21:45:03,104] {processor.py:161} INFO - Processing /home/osboxes/.local/lib/python3.8/site-packages/airflow/example_dags/tutorial.py took 0.129 seconds
[2022-09-05 21:45:45,564] {processor.py:153} INFO - Started process (PID=180733) to work on /home/osboxes/.local/lib/python3.8/site-packages/airflow/example_dags/tutorial.py
[2022-09-05 21:45:45,565] {processor.py:641} INFO - Processing file /home/osboxes/.local/lib/python3.8/site-packages/airflow/example_dags/tutorial.py for tasks to queue
[2022-09-05 21:45:45,565] {logging_mixin.py:115} INFO - [2022-09-05 21:45:45,565] {dagbag.py:507} INFO - Filling up the DagBag from /home/osboxes/.local/lib/python3.8/site-packages/airflow/example_dags/tutorial.py
[2022-09-05 21:45:45,570] {processor.py:651} INFO - DAG(s) dict_keys(['tutorial']) retrieved from /home/osboxes/.local/lib/python3.8/site-packages/airflow/example_dags/tutorial.py
[2022-09-05 21:45:45,592] {logging_mixin.py:115} INFO - [2022-09-05 21:45:45,591] {dag.py:2371} INFO - Sync 1 DAGs
[2022-09-05 21:45:45,607] {logging_mixin.py:115} INFO - [2022-09-05 21:45:45,607] {dag.py:2915} INFO - Setting next_dagrun for tutorial to 2022-09-05T01:45:45.607502+00:00, run_after=2022-09-06T01:45:45.607502+00:00
[2022-09-05 21:45:45,648] {processor.py:161} INFO - Processing /home/osboxes/.local/lib/python3.8/site-packages/airflow/example_dags/tutorial.py took 0.088 seconds
[2022-09-05 21:46:23,977] {processor.py:153} INFO - Started process (PID=181041) to work on /home/osboxes/.local/lib/python3.8/site-packages/airflow/example_dags/tutorial.py
[2022-09-05 21:46:23,988] {processor.py:641} INFO - Processing file /home/osboxes/.local/lib/python3.8/site-packages/airflow/example_dags/tutorial.py for tasks to queue
[2022-09-05 21:46:23,989] {logging_mixin.py:115} INFO - [2022-09-05 21:46:23,989] {dagbag.py:507} INFO - Filling up the DagBag from /home/osboxes/.local/lib/python3.8/site-packages/airflow/example_dags/tutorial.py
[2022-09-05 21:46:24,005] {processor.py:651} INFO - DAG(s) dict_keys(['tutorial']) retrieved from /home/osboxes/.local/lib/python3.8/site-packages/airflow/example_dags/tutorial.py
[2022-09-05 21:46:24,028] {logging_mixin.py:115} INFO - [2022-09-05 21:46:24,028] {dag.py:2371} INFO - Sync 1 DAGs
[2022-09-05 21:46:24,043] {logging_mixin.py:115} INFO - [2022-09-05 21:46:24,043] {dag.py:2915} INFO - Setting next_dagrun for tutorial to 2022-09-05T01:46:24.043588+00:00, run_after=2022-09-06T01:46:24.043588+00:00
[2022-09-05 21:46:24,074] {processor.py:161} INFO - Processing /home/osboxes/.local/lib/python3.8/site-packages/airflow/example_dags/tutorial.py took 0.099 seconds
[2022-09-05 21:47:06,974] {processor.py:153} INFO - Started process (PID=181374) to work on /home/osboxes/.local/lib/python3.8/site-packages/airflow/example_dags/tutorial.py
[2022-09-05 21:47:06,976] {processor.py:641} INFO - Processing file /home/osboxes/.local/lib/python3.8/site-packages/airflow/example_dags/tutorial.py for tasks to queue
[2022-09-05 21:47:06,976] {logging_mixin.py:115} INFO - [2022-09-05 21:47:06,976] {dagbag.py:507} INFO - Filling up the DagBag from /home/osboxes/.local/lib/python3.8/site-packages/airflow/example_dags/tutorial.py
[2022-09-05 21:47:06,981] {processor.py:651} INFO - DAG(s) dict_keys(['tutorial']) retrieved from /home/osboxes/.local/lib/python3.8/site-packages/airflow/example_dags/tutorial.py
[2022-09-05 21:47:07,002] {logging_mixin.py:115} INFO - [2022-09-05 21:47:07,002] {dag.py:2371} INFO - Sync 1 DAGs
[2022-09-05 21:47:07,020] {logging_mixin.py:115} INFO - [2022-09-05 21:47:07,020] {dag.py:2915} INFO - Setting next_dagrun for tutorial to 2022-09-05T01:47:07.019940+00:00, run_after=2022-09-06T01:47:07.019940+00:00
[2022-09-05 21:47:07,063] {processor.py:161} INFO - Processing /home/osboxes/.local/lib/python3.8/site-packages/airflow/example_dags/tutorial.py took 0.092 seconds
[2022-09-05 21:47:53,503] {processor.py:153} INFO - Started process (PID=181746) to work on /home/osboxes/.local/lib/python3.8/site-packages/airflow/example_dags/tutorial.py
[2022-09-05 21:47:53,505] {processor.py:641} INFO - Processing file /home/osboxes/.local/lib/python3.8/site-packages/airflow/example_dags/tutorial.py for tasks to queue
[2022-09-05 21:47:53,505] {logging_mixin.py:115} INFO - [2022-09-05 21:47:53,505] {dagbag.py:507} INFO - Filling up the DagBag from /home/osboxes/.local/lib/python3.8/site-packages/airflow/example_dags/tutorial.py
[2022-09-05 21:47:53,512] {processor.py:651} INFO - DAG(s) dict_keys(['tutorial']) retrieved from /home/osboxes/.local/lib/python3.8/site-packages/airflow/example_dags/tutorial.py
[2022-09-05 21:47:53,532] {logging_mixin.py:115} INFO - [2022-09-05 21:47:53,532] {dag.py:2371} INFO - Sync 1 DAGs
[2022-09-05 21:47:53,550] {logging_mixin.py:115} INFO - [2022-09-05 21:47:53,550] {dag.py:2915} INFO - Setting next_dagrun for tutorial to 2022-09-05T01:47:53.549810+00:00, run_after=2022-09-06T01:47:53.549810+00:00
[2022-09-05 21:47:53,580] {processor.py:161} INFO - Processing /home/osboxes/.local/lib/python3.8/site-packages/airflow/example_dags/tutorial.py took 0.079 seconds
[2022-09-05 21:48:38,823] {processor.py:153} INFO - Started process (PID=182144) to work on /home/osboxes/.local/lib/python3.8/site-packages/airflow/example_dags/tutorial.py
[2022-09-05 21:48:38,824] {processor.py:641} INFO - Processing file /home/osboxes/.local/lib/python3.8/site-packages/airflow/example_dags/tutorial.py for tasks to queue
[2022-09-05 21:48:38,825] {logging_mixin.py:115} INFO - [2022-09-05 21:48:38,825] {dagbag.py:507} INFO - Filling up the DagBag from /home/osboxes/.local/lib/python3.8/site-packages/airflow/example_dags/tutorial.py
[2022-09-05 21:48:38,830] {processor.py:651} INFO - DAG(s) dict_keys(['tutorial']) retrieved from /home/osboxes/.local/lib/python3.8/site-packages/airflow/example_dags/tutorial.py
[2022-09-05 21:48:38,849] {logging_mixin.py:115} INFO - [2022-09-05 21:48:38,849] {dag.py:2371} INFO - Sync 1 DAGs
[2022-09-05 21:48:38,865] {logging_mixin.py:115} INFO - [2022-09-05 21:48:38,864] {dag.py:2915} INFO - Setting next_dagrun for tutorial to 2022-09-05T01:48:38.864652+00:00, run_after=2022-09-06T01:48:38.864652+00:00
[2022-09-05 21:48:38,903] {processor.py:161} INFO - Processing /home/osboxes/.local/lib/python3.8/site-packages/airflow/example_dags/tutorial.py took 0.083 seconds
[2022-09-05 21:49:20,469] {processor.py:153} INFO - Started process (PID=182471) to work on /home/osboxes/.local/lib/python3.8/site-packages/airflow/example_dags/tutorial.py
[2022-09-05 21:49:20,470] {processor.py:641} INFO - Processing file /home/osboxes/.local/lib/python3.8/site-packages/airflow/example_dags/tutorial.py for tasks to queue
[2022-09-05 21:49:20,470] {logging_mixin.py:115} INFO - [2022-09-05 21:49:20,470] {dagbag.py:507} INFO - Filling up the DagBag from /home/osboxes/.local/lib/python3.8/site-packages/airflow/example_dags/tutorial.py
[2022-09-05 21:49:20,475] {processor.py:651} INFO - DAG(s) dict_keys(['tutorial']) retrieved from /home/osboxes/.local/lib/python3.8/site-packages/airflow/example_dags/tutorial.py
[2022-09-05 21:49:20,497] {logging_mixin.py:115} INFO - [2022-09-05 21:49:20,497] {dag.py:2371} INFO - Sync 1 DAGs
[2022-09-05 21:49:20,538] {logging_mixin.py:115} INFO - [2022-09-05 21:49:20,538] {dag.py:2915} INFO - Setting next_dagrun for tutorial to 2022-09-05T01:49:20.537813+00:00, run_after=2022-09-06T01:49:20.537813+00:00
[2022-09-05 21:49:20,578] {processor.py:161} INFO - Processing /home/osboxes/.local/lib/python3.8/site-packages/airflow/example_dags/tutorial.py took 0.112 seconds
[2022-09-05 21:50:00,830] {processor.py:153} INFO - Started process (PID=182794) to work on /home/osboxes/.local/lib/python3.8/site-packages/airflow/example_dags/tutorial.py
[2022-09-05 21:50:00,832] {processor.py:641} INFO - Processing file /home/osboxes/.local/lib/python3.8/site-packages/airflow/example_dags/tutorial.py for tasks to queue
[2022-09-05 21:50:00,833] {logging_mixin.py:115} INFO - [2022-09-05 21:50:00,833] {dagbag.py:507} INFO - Filling up the DagBag from /home/osboxes/.local/lib/python3.8/site-packages/airflow/example_dags/tutorial.py
[2022-09-05 21:50:00,839] {processor.py:651} INFO - DAG(s) dict_keys(['tutorial']) retrieved from /home/osboxes/.local/lib/python3.8/site-packages/airflow/example_dags/tutorial.py
[2022-09-05 21:50:00,867] {logging_mixin.py:115} INFO - [2022-09-05 21:50:00,867] {dag.py:2371} INFO - Sync 1 DAGs
[2022-09-05 21:50:00,889] {logging_mixin.py:115} INFO - [2022-09-05 21:50:00,889] {dag.py:2915} INFO - Setting next_dagrun for tutorial to 2022-09-05T01:50:00.889546+00:00, run_after=2022-09-06T01:50:00.889546+00:00
[2022-09-05 21:50:00,922] {processor.py:161} INFO - Processing /home/osboxes/.local/lib/python3.8/site-packages/airflow/example_dags/tutorial.py took 0.095 seconds
[2022-09-05 21:50:45,316] {processor.py:153} INFO - Started process (PID=183142) to work on /home/osboxes/.local/lib/python3.8/site-packages/airflow/example_dags/tutorial.py
[2022-09-05 21:50:45,320] {processor.py:641} INFO - Processing file /home/osboxes/.local/lib/python3.8/site-packages/airflow/example_dags/tutorial.py for tasks to queue
[2022-09-05 21:50:45,321] {logging_mixin.py:115} INFO - [2022-09-05 21:50:45,321] {dagbag.py:507} INFO - Filling up the DagBag from /home/osboxes/.local/lib/python3.8/site-packages/airflow/example_dags/tutorial.py
[2022-09-05 21:50:45,327] {processor.py:651} INFO - DAG(s) dict_keys(['tutorial']) retrieved from /home/osboxes/.local/lib/python3.8/site-packages/airflow/example_dags/tutorial.py
[2022-09-05 21:50:45,510] {logging_mixin.py:115} INFO - [2022-09-05 21:50:45,510] {dag.py:2371} INFO - Sync 1 DAGs
[2022-09-05 21:50:45,606] {logging_mixin.py:115} INFO - [2022-09-05 21:50:45,605] {dag.py:2915} INFO - Setting next_dagrun for tutorial to 2022-09-05T01:50:45.605746+00:00, run_after=2022-09-06T01:50:45.605746+00:00
[2022-09-05 21:50:45,642] {processor.py:161} INFO - Processing /home/osboxes/.local/lib/python3.8/site-packages/airflow/example_dags/tutorial.py took 0.335 seconds
[2022-09-05 21:51:27,361] {processor.py:153} INFO - Started process (PID=183443) to work on /home/osboxes/.local/lib/python3.8/site-packages/airflow/example_dags/tutorial.py
[2022-09-05 21:51:27,364] {processor.py:641} INFO - Processing file /home/osboxes/.local/lib/python3.8/site-packages/airflow/example_dags/tutorial.py for tasks to queue
[2022-09-05 21:51:27,365] {logging_mixin.py:115} INFO - [2022-09-05 21:51:27,365] {dagbag.py:507} INFO - Filling up the DagBag from /home/osboxes/.local/lib/python3.8/site-packages/airflow/example_dags/tutorial.py
[2022-09-05 21:51:27,371] {processor.py:651} INFO - DAG(s) dict_keys(['tutorial']) retrieved from /home/osboxes/.local/lib/python3.8/site-packages/airflow/example_dags/tutorial.py
[2022-09-05 21:51:27,394] {logging_mixin.py:115} INFO - [2022-09-05 21:51:27,394] {dag.py:2371} INFO - Sync 1 DAGs
[2022-09-05 21:51:27,412] {logging_mixin.py:115} INFO - [2022-09-05 21:51:27,411] {dag.py:2915} INFO - Setting next_dagrun for tutorial to 2022-09-05T01:51:27.410814+00:00, run_after=2022-09-06T01:51:27.410814+00:00
[2022-09-05 21:51:27,449] {processor.py:161} INFO - Processing /home/osboxes/.local/lib/python3.8/site-packages/airflow/example_dags/tutorial.py took 0.090 seconds
[2022-09-05 21:52:08,610] {processor.py:153} INFO - Started process (PID=183767) to work on /home/osboxes/.local/lib/python3.8/site-packages/airflow/example_dags/tutorial.py
[2022-09-05 21:52:08,612] {processor.py:641} INFO - Processing file /home/osboxes/.local/lib/python3.8/site-packages/airflow/example_dags/tutorial.py for tasks to queue
[2022-09-05 21:52:08,613] {logging_mixin.py:115} INFO - [2022-09-05 21:52:08,613] {dagbag.py:507} INFO - Filling up the DagBag from /home/osboxes/.local/lib/python3.8/site-packages/airflow/example_dags/tutorial.py
[2022-09-05 21:52:08,618] {processor.py:651} INFO - DAG(s) dict_keys(['tutorial']) retrieved from /home/osboxes/.local/lib/python3.8/site-packages/airflow/example_dags/tutorial.py
[2022-09-05 21:52:08,641] {logging_mixin.py:115} INFO - [2022-09-05 21:52:08,641] {dag.py:2371} INFO - Sync 1 DAGs
[2022-09-05 21:52:08,655] {logging_mixin.py:115} INFO - [2022-09-05 21:52:08,655] {dag.py:2915} INFO - Setting next_dagrun for tutorial to 2022-09-05T01:52:08.655575+00:00, run_after=2022-09-06T01:52:08.655575+00:00
[2022-09-05 21:52:08,702] {processor.py:161} INFO - Processing /home/osboxes/.local/lib/python3.8/site-packages/airflow/example_dags/tutorial.py took 0.095 seconds
[2022-09-05 21:52:52,871] {processor.py:153} INFO - Started process (PID=184138) to work on /home/osboxes/.local/lib/python3.8/site-packages/airflow/example_dags/tutorial.py
[2022-09-05 21:52:52,873] {processor.py:641} INFO - Processing file /home/osboxes/.local/lib/python3.8/site-packages/airflow/example_dags/tutorial.py for tasks to queue
[2022-09-05 21:52:52,874] {logging_mixin.py:115} INFO - [2022-09-05 21:52:52,874] {dagbag.py:507} INFO - Filling up the DagBag from /home/osboxes/.local/lib/python3.8/site-packages/airflow/example_dags/tutorial.py
[2022-09-05 21:52:52,878] {processor.py:651} INFO - DAG(s) dict_keys(['tutorial']) retrieved from /home/osboxes/.local/lib/python3.8/site-packages/airflow/example_dags/tutorial.py
[2022-09-05 21:52:52,915] {logging_mixin.py:115} INFO - [2022-09-05 21:52:52,915] {dag.py:2371} INFO - Sync 1 DAGs
[2022-09-05 21:52:52,931] {logging_mixin.py:115} INFO - [2022-09-05 21:52:52,931] {dag.py:2915} INFO - Setting next_dagrun for tutorial to 2022-09-05T01:52:52.931140+00:00, run_after=2022-09-06T01:52:52.931140+00:00
[2022-09-05 21:52:52,963] {processor.py:161} INFO - Processing /home/osboxes/.local/lib/python3.8/site-packages/airflow/example_dags/tutorial.py took 0.094 seconds
[2022-09-05 21:53:33,537] {processor.py:153} INFO - Started process (PID=184513) to work on /home/osboxes/.local/lib/python3.8/site-packages/airflow/example_dags/tutorial.py
[2022-09-05 21:53:33,543] {processor.py:641} INFO - Processing file /home/osboxes/.local/lib/python3.8/site-packages/airflow/example_dags/tutorial.py for tasks to queue
[2022-09-05 21:53:33,543] {logging_mixin.py:115} INFO - [2022-09-05 21:53:33,543] {dagbag.py:507} INFO - Filling up the DagBag from /home/osboxes/.local/lib/python3.8/site-packages/airflow/example_dags/tutorial.py
[2022-09-05 21:53:33,549] {processor.py:651} INFO - DAG(s) dict_keys(['tutorial']) retrieved from /home/osboxes/.local/lib/python3.8/site-packages/airflow/example_dags/tutorial.py
[2022-09-05 21:53:33,590] {logging_mixin.py:115} INFO - [2022-09-05 21:53:33,590] {dag.py:2371} INFO - Sync 1 DAGs
[2022-09-05 21:53:33,615] {logging_mixin.py:115} INFO - [2022-09-05 21:53:33,614] {dag.py:2915} INFO - Setting next_dagrun for tutorial to 2022-09-05T01:53:33.614747+00:00, run_after=2022-09-06T01:53:33.614747+00:00
[2022-09-05 21:53:33,664] {processor.py:161} INFO - Processing /home/osboxes/.local/lib/python3.8/site-packages/airflow/example_dags/tutorial.py took 0.130 seconds
[2022-09-05 21:54:13,241] {processor.py:153} INFO - Started process (PID=184803) to work on /home/osboxes/.local/lib/python3.8/site-packages/airflow/example_dags/tutorial.py
[2022-09-05 21:54:13,242] {processor.py:641} INFO - Processing file /home/osboxes/.local/lib/python3.8/site-packages/airflow/example_dags/tutorial.py for tasks to queue
[2022-09-05 21:54:13,242] {logging_mixin.py:115} INFO - [2022-09-05 21:54:13,242] {dagbag.py:507} INFO - Filling up the DagBag from /home/osboxes/.local/lib/python3.8/site-packages/airflow/example_dags/tutorial.py
[2022-09-05 21:54:13,247] {processor.py:651} INFO - DAG(s) dict_keys(['tutorial']) retrieved from /home/osboxes/.local/lib/python3.8/site-packages/airflow/example_dags/tutorial.py
[2022-09-05 21:54:13,287] {logging_mixin.py:115} INFO - [2022-09-05 21:54:13,287] {dag.py:2371} INFO - Sync 1 DAGs
[2022-09-05 21:54:13,310] {logging_mixin.py:115} INFO - [2022-09-05 21:54:13,310] {dag.py:2915} INFO - Setting next_dagrun for tutorial to 2022-09-05T01:54:13.310456+00:00, run_after=2022-09-06T01:54:13.310456+00:00
[2022-09-05 21:54:13,360] {processor.py:161} INFO - Processing /home/osboxes/.local/lib/python3.8/site-packages/airflow/example_dags/tutorial.py took 0.123 seconds
[2022-09-05 21:54:52,945] {processor.py:153} INFO - Started process (PID=185123) to work on /home/osboxes/.local/lib/python3.8/site-packages/airflow/example_dags/tutorial.py
[2022-09-05 21:54:52,946] {processor.py:641} INFO - Processing file /home/osboxes/.local/lib/python3.8/site-packages/airflow/example_dags/tutorial.py for tasks to queue
[2022-09-05 21:54:52,947] {logging_mixin.py:115} INFO - [2022-09-05 21:54:52,947] {dagbag.py:507} INFO - Filling up the DagBag from /home/osboxes/.local/lib/python3.8/site-packages/airflow/example_dags/tutorial.py
[2022-09-05 21:54:52,953] {processor.py:651} INFO - DAG(s) dict_keys(['tutorial']) retrieved from /home/osboxes/.local/lib/python3.8/site-packages/airflow/example_dags/tutorial.py
[2022-09-05 21:54:52,974] {logging_mixin.py:115} INFO - [2022-09-05 21:54:52,973] {dag.py:2371} INFO - Sync 1 DAGs
[2022-09-05 21:54:52,989] {logging_mixin.py:115} INFO - [2022-09-05 21:54:52,989] {dag.py:2915} INFO - Setting next_dagrun for tutorial to 2022-09-05T01:54:52.989224+00:00, run_after=2022-09-06T01:54:52.989224+00:00
[2022-09-05 21:54:53,017] {processor.py:161} INFO - Processing /home/osboxes/.local/lib/python3.8/site-packages/airflow/example_dags/tutorial.py took 0.075 seconds
[2022-09-05 21:55:35,535] {processor.py:153} INFO - Started process (PID=185450) to work on /home/osboxes/.local/lib/python3.8/site-packages/airflow/example_dags/tutorial.py
[2022-09-05 21:55:35,537] {processor.py:641} INFO - Processing file /home/osboxes/.local/lib/python3.8/site-packages/airflow/example_dags/tutorial.py for tasks to queue
[2022-09-05 21:55:35,538] {logging_mixin.py:115} INFO - [2022-09-05 21:55:35,538] {dagbag.py:507} INFO - Filling up the DagBag from /home/osboxes/.local/lib/python3.8/site-packages/airflow/example_dags/tutorial.py
[2022-09-05 21:55:35,556] {processor.py:651} INFO - DAG(s) dict_keys(['tutorial']) retrieved from /home/osboxes/.local/lib/python3.8/site-packages/airflow/example_dags/tutorial.py
[2022-09-05 21:55:35,578] {logging_mixin.py:115} INFO - [2022-09-05 21:55:35,578] {dag.py:2371} INFO - Sync 1 DAGs
[2022-09-05 21:55:35,593] {logging_mixin.py:115} INFO - [2022-09-05 21:55:35,593] {dag.py:2915} INFO - Setting next_dagrun for tutorial to 2022-09-05T01:55:35.593066+00:00, run_after=2022-09-06T01:55:35.593066+00:00
[2022-09-05 21:55:35,637] {processor.py:161} INFO - Processing /home/osboxes/.local/lib/python3.8/site-packages/airflow/example_dags/tutorial.py took 0.104 seconds
[2022-09-05 21:56:16,476] {processor.py:153} INFO - Started process (PID=185774) to work on /home/osboxes/.local/lib/python3.8/site-packages/airflow/example_dags/tutorial.py
[2022-09-05 21:56:16,478] {processor.py:641} INFO - Processing file /home/osboxes/.local/lib/python3.8/site-packages/airflow/example_dags/tutorial.py for tasks to queue
[2022-09-05 21:56:16,479] {logging_mixin.py:115} INFO - [2022-09-05 21:56:16,478] {dagbag.py:507} INFO - Filling up the DagBag from /home/osboxes/.local/lib/python3.8/site-packages/airflow/example_dags/tutorial.py
[2022-09-05 21:56:16,485] {processor.py:651} INFO - DAG(s) dict_keys(['tutorial']) retrieved from /home/osboxes/.local/lib/python3.8/site-packages/airflow/example_dags/tutorial.py
[2022-09-05 21:56:16,530] {logging_mixin.py:115} INFO - [2022-09-05 21:56:16,530] {dag.py:2371} INFO - Sync 1 DAGs
[2022-09-05 21:56:16,544] {logging_mixin.py:115} INFO - [2022-09-05 21:56:16,543] {dag.py:2915} INFO - Setting next_dagrun for tutorial to 2022-09-05T01:56:16.543774+00:00, run_after=2022-09-06T01:56:16.543774+00:00
[2022-09-05 21:56:16,592] {processor.py:161} INFO - Processing /home/osboxes/.local/lib/python3.8/site-packages/airflow/example_dags/tutorial.py took 0.119 seconds
[2022-09-05 21:56:56,242] {processor.py:153} INFO - Started process (PID=186095) to work on /home/osboxes/.local/lib/python3.8/site-packages/airflow/example_dags/tutorial.py
[2022-09-05 21:56:56,243] {processor.py:641} INFO - Processing file /home/osboxes/.local/lib/python3.8/site-packages/airflow/example_dags/tutorial.py for tasks to queue
[2022-09-05 21:56:56,244] {logging_mixin.py:115} INFO - [2022-09-05 21:56:56,244] {dagbag.py:507} INFO - Filling up the DagBag from /home/osboxes/.local/lib/python3.8/site-packages/airflow/example_dags/tutorial.py
[2022-09-05 21:56:56,250] {processor.py:651} INFO - DAG(s) dict_keys(['tutorial']) retrieved from /home/osboxes/.local/lib/python3.8/site-packages/airflow/example_dags/tutorial.py
[2022-09-05 21:56:56,271] {logging_mixin.py:115} INFO - [2022-09-05 21:56:56,271] {dag.py:2371} INFO - Sync 1 DAGs
[2022-09-05 21:56:56,285] {logging_mixin.py:115} INFO - [2022-09-05 21:56:56,285] {dag.py:2915} INFO - Setting next_dagrun for tutorial to 2022-09-05T01:56:56.285580+00:00, run_after=2022-09-06T01:56:56.285580+00:00
[2022-09-05 21:56:56,329] {processor.py:161} INFO - Processing /home/osboxes/.local/lib/python3.8/site-packages/airflow/example_dags/tutorial.py took 0.090 seconds
[2022-09-05 21:57:35,292] {processor.py:153} INFO - Started process (PID=186406) to work on /home/osboxes/.local/lib/python3.8/site-packages/airflow/example_dags/tutorial.py
[2022-09-05 21:57:35,293] {processor.py:641} INFO - Processing file /home/osboxes/.local/lib/python3.8/site-packages/airflow/example_dags/tutorial.py for tasks to queue
[2022-09-05 21:57:35,293] {logging_mixin.py:115} INFO - [2022-09-05 21:57:35,293] {dagbag.py:507} INFO - Filling up the DagBag from /home/osboxes/.local/lib/python3.8/site-packages/airflow/example_dags/tutorial.py
[2022-09-05 21:57:35,300] {processor.py:651} INFO - DAG(s) dict_keys(['tutorial']) retrieved from /home/osboxes/.local/lib/python3.8/site-packages/airflow/example_dags/tutorial.py
[2022-09-05 21:57:35,321] {logging_mixin.py:115} INFO - [2022-09-05 21:57:35,321] {dag.py:2371} INFO - Sync 1 DAGs
[2022-09-05 21:57:35,335] {logging_mixin.py:115} INFO - [2022-09-05 21:57:35,335] {dag.py:2915} INFO - Setting next_dagrun for tutorial to 2022-09-05T01:57:35.334799+00:00, run_after=2022-09-06T01:57:35.334799+00:00
[2022-09-05 21:57:35,366] {processor.py:161} INFO - Processing /home/osboxes/.local/lib/python3.8/site-packages/airflow/example_dags/tutorial.py took 0.077 seconds
[2022-09-05 21:58:13,631] {processor.py:153} INFO - Started process (PID=186713) to work on /home/osboxes/.local/lib/python3.8/site-packages/airflow/example_dags/tutorial.py
[2022-09-05 21:58:13,633] {processor.py:641} INFO - Processing file /home/osboxes/.local/lib/python3.8/site-packages/airflow/example_dags/tutorial.py for tasks to queue
[2022-09-05 21:58:13,633] {logging_mixin.py:115} INFO - [2022-09-05 21:58:13,633] {dagbag.py:507} INFO - Filling up the DagBag from /home/osboxes/.local/lib/python3.8/site-packages/airflow/example_dags/tutorial.py
[2022-09-05 21:58:13,638] {processor.py:651} INFO - DAG(s) dict_keys(['tutorial']) retrieved from /home/osboxes/.local/lib/python3.8/site-packages/airflow/example_dags/tutorial.py
[2022-09-05 21:58:13,660] {logging_mixin.py:115} INFO - [2022-09-05 21:58:13,660] {dag.py:2371} INFO - Sync 1 DAGs
[2022-09-05 21:58:13,675] {logging_mixin.py:115} INFO - [2022-09-05 21:58:13,675] {dag.py:2915} INFO - Setting next_dagrun for tutorial to 2022-09-05T01:58:13.675492+00:00, run_after=2022-09-06T01:58:13.675492+00:00
[2022-09-05 21:58:13,727] {processor.py:161} INFO - Processing /home/osboxes/.local/lib/python3.8/site-packages/airflow/example_dags/tutorial.py took 0.098 seconds
[2022-09-05 21:58:53,872] {processor.py:153} INFO - Started process (PID=187090) to work on /home/osboxes/.local/lib/python3.8/site-packages/airflow/example_dags/tutorial.py
[2022-09-05 21:58:53,873] {processor.py:641} INFO - Processing file /home/osboxes/.local/lib/python3.8/site-packages/airflow/example_dags/tutorial.py for tasks to queue
[2022-09-05 21:58:53,874] {logging_mixin.py:115} INFO - [2022-09-05 21:58:53,874] {dagbag.py:507} INFO - Filling up the DagBag from /home/osboxes/.local/lib/python3.8/site-packages/airflow/example_dags/tutorial.py
[2022-09-05 21:58:53,878] {processor.py:651} INFO - DAG(s) dict_keys(['tutorial']) retrieved from /home/osboxes/.local/lib/python3.8/site-packages/airflow/example_dags/tutorial.py
[2022-09-05 21:58:53,895] {logging_mixin.py:115} INFO - [2022-09-05 21:58:53,895] {dag.py:2371} INFO - Sync 1 DAGs
[2022-09-05 21:58:53,907] {logging_mixin.py:115} INFO - [2022-09-05 21:58:53,907] {dag.py:2915} INFO - Setting next_dagrun for tutorial to 2022-09-05T01:58:53.907033+00:00, run_after=2022-09-06T01:58:53.907033+00:00
[2022-09-05 21:58:53,945] {processor.py:161} INFO - Processing /home/osboxes/.local/lib/python3.8/site-packages/airflow/example_dags/tutorial.py took 0.075 seconds
[2022-09-05 22:00:17,797] {processor.py:153} INFO - Started process (PID=187707) to work on /home/osboxes/.local/lib/python3.8/site-packages/airflow/example_dags/tutorial.py
[2022-09-05 22:00:17,821] {processor.py:641} INFO - Processing file /home/osboxes/.local/lib/python3.8/site-packages/airflow/example_dags/tutorial.py for tasks to queue
[2022-09-05 22:00:17,821] {logging_mixin.py:115} INFO - [2022-09-05 22:00:17,821] {dagbag.py:507} INFO - Filling up the DagBag from /home/osboxes/.local/lib/python3.8/site-packages/airflow/example_dags/tutorial.py
[2022-09-05 22:00:17,988] {processor.py:651} INFO - DAG(s) dict_keys(['tutorial']) retrieved from /home/osboxes/.local/lib/python3.8/site-packages/airflow/example_dags/tutorial.py
[2022-09-05 22:00:18,666] {logging_mixin.py:115} INFO - [2022-09-05 22:00:18,666] {dag.py:2371} INFO - Sync 1 DAGs
[2022-09-05 22:00:19,003] {logging_mixin.py:115} INFO - [2022-09-05 22:00:19,003] {dag.py:2915} INFO - Setting next_dagrun for tutorial to 2022-09-05T02:00:19.003644+00:00, run_after=2022-09-06T02:00:19.003644+00:00
[2022-09-05 22:00:19,203] {processor.py:161} INFO - Processing /home/osboxes/.local/lib/python3.8/site-packages/airflow/example_dags/tutorial.py took 1.607 seconds
[2022-09-05 22:02:32,556] {processor.py:153} INFO - Started process (PID=188727) to work on /home/osboxes/.local/lib/python3.8/site-packages/airflow/example_dags/tutorial.py
[2022-09-05 22:02:32,595] {processor.py:641} INFO - Processing file /home/osboxes/.local/lib/python3.8/site-packages/airflow/example_dags/tutorial.py for tasks to queue
[2022-09-05 22:02:32,596] {logging_mixin.py:115} INFO - [2022-09-05 22:02:32,595] {dagbag.py:507} INFO - Filling up the DagBag from /home/osboxes/.local/lib/python3.8/site-packages/airflow/example_dags/tutorial.py
[2022-09-05 22:02:32,879] {processor.py:651} INFO - DAG(s) dict_keys(['tutorial']) retrieved from /home/osboxes/.local/lib/python3.8/site-packages/airflow/example_dags/tutorial.py
[2022-09-05 22:02:33,230] {logging_mixin.py:115} INFO - [2022-09-05 22:02:33,230] {dag.py:2371} INFO - Sync 1 DAGs
[2022-09-05 22:02:33,303] {logging_mixin.py:115} INFO - [2022-09-05 22:02:33,303] {dag.py:2915} INFO - Setting next_dagrun for tutorial to 2022-09-05T02:02:33.303229+00:00, run_after=2022-09-06T02:02:33.303229+00:00
[2022-09-05 22:02:33,447] {processor.py:161} INFO - Processing /home/osboxes/.local/lib/python3.8/site-packages/airflow/example_dags/tutorial.py took 0.892 seconds
[2022-09-05 22:03:46,173] {processor.py:153} INFO - Started process (PID=189339) to work on /home/osboxes/.local/lib/python3.8/site-packages/airflow/example_dags/tutorial.py
[2022-09-05 22:03:46,184] {processor.py:641} INFO - Processing file /home/osboxes/.local/lib/python3.8/site-packages/airflow/example_dags/tutorial.py for tasks to queue
[2022-09-05 22:03:46,185] {logging_mixin.py:115} INFO - [2022-09-05 22:03:46,185] {dagbag.py:507} INFO - Filling up the DagBag from /home/osboxes/.local/lib/python3.8/site-packages/airflow/example_dags/tutorial.py
[2022-09-05 22:03:46,189] {processor.py:651} INFO - DAG(s) dict_keys(['tutorial']) retrieved from /home/osboxes/.local/lib/python3.8/site-packages/airflow/example_dags/tutorial.py
[2022-09-05 22:03:46,247] {logging_mixin.py:115} INFO - [2022-09-05 22:03:46,247] {dag.py:2371} INFO - Sync 1 DAGs
[2022-09-05 22:03:46,270] {logging_mixin.py:115} INFO - [2022-09-05 22:03:46,270] {dag.py:2915} INFO - Setting next_dagrun for tutorial to 2022-09-05T02:03:46.270437+00:00, run_after=2022-09-06T02:03:46.270437+00:00
[2022-09-05 22:03:46,392] {processor.py:161} INFO - Processing /home/osboxes/.local/lib/python3.8/site-packages/airflow/example_dags/tutorial.py took 0.221 seconds
[2022-09-05 22:05:45,198] {processor.py:153} INFO - Started process (PID=190144) to work on /home/osboxes/.local/lib/python3.8/site-packages/airflow/example_dags/tutorial.py
[2022-09-05 22:05:45,208] {processor.py:641} INFO - Processing file /home/osboxes/.local/lib/python3.8/site-packages/airflow/example_dags/tutorial.py for tasks to queue
[2022-09-05 22:05:45,209] {logging_mixin.py:115} INFO - [2022-09-05 22:05:45,209] {dagbag.py:507} INFO - Filling up the DagBag from /home/osboxes/.local/lib/python3.8/site-packages/airflow/example_dags/tutorial.py
[2022-09-05 22:05:45,214] {processor.py:651} INFO - DAG(s) dict_keys(['tutorial']) retrieved from /home/osboxes/.local/lib/python3.8/site-packages/airflow/example_dags/tutorial.py
[2022-09-05 22:05:45,257] {logging_mixin.py:115} INFO - [2022-09-05 22:05:45,257] {dag.py:2371} INFO - Sync 1 DAGs
[2022-09-05 22:05:45,296] {logging_mixin.py:115} INFO - [2022-09-05 22:05:45,296] {dag.py:2915} INFO - Setting next_dagrun for tutorial to 2022-09-05T02:05:45.295804+00:00, run_after=2022-09-06T02:05:45.295804+00:00
[2022-09-05 22:05:45,351] {processor.py:161} INFO - Processing /home/osboxes/.local/lib/python3.8/site-packages/airflow/example_dags/tutorial.py took 0.155 seconds
