[2022-08-21 21:11:03,628] {taskinstance.py:1159} INFO - Dependencies all met for <TaskInstance: nse_daily_data_load.Named_stg_copy_tstg scheduled__2022-08-18T13:37:00+00:00 [queued]>
[2022-08-21 21:11:03,641] {taskinstance.py:1159} INFO - Dependencies all met for <TaskInstance: nse_daily_data_load.Named_stg_copy_tstg scheduled__2022-08-18T13:37:00+00:00 [queued]>
[2022-08-21 21:11:03,643] {taskinstance.py:1356} INFO - 
--------------------------------------------------------------------------------
[2022-08-21 21:11:03,644] {taskinstance.py:1357} INFO - Starting attempt 1 of 1
[2022-08-21 21:11:03,644] {taskinstance.py:1358} INFO - 
--------------------------------------------------------------------------------
[2022-08-21 21:11:03,706] {taskinstance.py:1377} INFO - Executing <Task(SnowflakeOperator): Named_stg_copy_tstg> on 2022-08-18 13:37:00+00:00
[2022-08-21 21:11:03,710] {standard_task_runner.py:52} INFO - Started process 12190 to run task
[2022-08-21 21:11:03,714] {standard_task_runner.py:79} INFO - Running: ['airflow', 'tasks', 'run', 'nse_daily_data_load', 'Named_stg_copy_tstg', 'scheduled__2022-08-18T13:37:00+00:00', '--job-id', '351', '--raw', '--subdir', 'DAGS_FOLDER/nse_daily_load_stg.py', '--cfg-path', '/tmp/tmp3zkfn6cg', '--error-file', '/tmp/tmp0p2dcuy1']
[2022-08-21 21:11:03,715] {standard_task_runner.py:80} INFO - Job 351: Subtask Named_stg_copy_tstg
[2022-08-21 21:11:03,784] {task_command.py:369} INFO - Running <TaskInstance: nse_daily_data_load.Named_stg_copy_tstg scheduled__2022-08-18T13:37:00+00:00 [running]> on host osboxes
[2022-08-21 21:11:03,893] {taskinstance.py:1569} INFO - Exporting the following env vars:
AIRFLOW_CTX_DAG_OWNER=Airflow
AIRFLOW_CTX_DAG_ID=nse_daily_data_load
AIRFLOW_CTX_TASK_ID=Named_stg_copy_tstg
AIRFLOW_CTX_EXECUTION_DATE=2022-08-18T13:37:00+00:00
AIRFLOW_CTX_TRY_NUMBER=1
AIRFLOW_CTX_DAG_RUN_ID=scheduled__2022-08-18T13:37:00+00:00
[2022-08-21 21:11:03,894] {snowflake.py:118} INFO - Executing: copy into "EDW_DEV"."EDW"."NSE_STOCK_DAILY_DATA_STG" 
from @EDW_DEV.EDW.NSE_DAILY_STG/ pattern =  '.*cm.*' file_format = 'EDW_DEV.EDW.NSE_SD_FMT_CSV' purge =true; 
[2022-08-21 21:11:03,904] {base.py:68} INFO - Using connection ID 'snowflake_conn_id' for task execution.
[2022-08-21 21:11:03,907] {connection.py:257} INFO - Snowflake Connector for Python Version: 2.7.8, Python Version: 3.8.10, Platform: Linux-5.4.0-74-generic-x86_64-with-glibc2.29
[2022-08-21 21:11:03,908] {connection.py:876} INFO - This connection is in OCSP Fail Open Mode. TLS Certificates would be checked for validity and revocation status. Any other Certificate Revocation related exceptions or OCSP Responder failures would be disregarded in favor of connectivity.
[2022-08-21 21:11:03,908] {connection.py:894} INFO - Setting use_openssl_only mode to False
[2022-08-21 21:11:05,082] {cursor.py:710} INFO - query: [ALTER SESSION SET autocommit=True]
[2022-08-21 21:11:05,628] {cursor.py:734} INFO - query execution done
[2022-08-21 21:11:05,629] {snowflake.py:328} INFO - Running statement: copy into "EDW_DEV"."EDW"."NSE_STOCK_DAILY_DATA_STG" 
from @EDW_DEV.EDW.NSE_DAILY_STG/ pattern =  '.*cm.*' file_format = 'EDW_DEV.EDW.NSE_SD_FMT_CSV' purge =true;, parameters: None
[2022-08-21 21:11:05,629] {cursor.py:710} INFO - query: [copy into "EDW_DEV"."EDW"."NSE_STOCK_DAILY_DATA_STG" from @EDW_DEV.EDW.NSE_DAILY...]
[2022-08-21 21:11:09,106] {cursor.py:734} INFO - query execution done
[2022-08-21 21:11:09,106] {snowflake.py:338} INFO - Statement execution info - {'file': 'nse_daily_stg/cm03AUG2022bhav.csv.gz', 'status': 'LOADED', 'rows_parsed': 2224, 'rows_loaded': 2224, 'error_limit': 1, 'errors_seen': 0, 'first_error': None, 'first_error_line': None, 'first_error_character': None, 'first_error_column_name': None}
[2022-08-21 21:11:09,106] {snowflake.py:338} INFO - Statement execution info - {'file': 'nse_daily_stg/cm08AUG2022bhav.csv.gz', 'status': 'LOADED', 'rows_parsed': 2377, 'rows_loaded': 2377, 'error_limit': 1, 'errors_seen': 0, 'first_error': None, 'first_error_line': None, 'first_error_character': None, 'first_error_column_name': None}
[2022-08-21 21:11:09,106] {snowflake.py:338} INFO - Statement execution info - {'file': 'nse_daily_stg/cm02AUG2022bhav.csv.gz', 'status': 'LOADED', 'rows_parsed': 2220, 'rows_loaded': 2220, 'error_limit': 1, 'errors_seen': 0, 'first_error': None, 'first_error_line': None, 'first_error_character': None, 'first_error_column_name': None}
[2022-08-21 21:11:09,106] {snowflake.py:338} INFO - Statement execution info - {'file': 'nse_daily_stg/cm26JUL2022bhav.csv.gz', 'status': 'LOADED', 'rows_parsed': 2211, 'rows_loaded': 2211, 'error_limit': 1, 'errors_seen': 0, 'first_error': None, 'first_error_line': None, 'first_error_character': None, 'first_error_column_name': None}
[2022-08-21 21:11:09,106] {snowflake.py:338} INFO - Statement execution info - {'file': 'nse_daily_stg/cm27JUL2022bhav.csv.gz', 'status': 'LOADED', 'rows_parsed': 2215, 'rows_loaded': 2215, 'error_limit': 1, 'errors_seen': 0, 'first_error': None, 'first_error_line': None, 'first_error_character': None, 'first_error_column_name': None}
[2022-08-21 21:11:09,107] {snowflake.py:338} INFO - Statement execution info - {'file': 'nse_daily_stg/cm19AUG2022bhav.csv.gz', 'status': 'LOADED', 'rows_parsed': 2247, 'rows_loaded': 2247, 'error_limit': 1, 'errors_seen': 0, 'first_error': None, 'first_error_line': None, 'first_error_character': None, 'first_error_column_name': None}
[2022-08-21 21:11:09,107] {snowflake.py:338} INFO - Statement execution info - {'file': 'nse_daily_stg/cm04AUG2022bhav.csv.gz', 'status': 'LOADED', 'rows_parsed': 2216, 'rows_loaded': 2216, 'error_limit': 1, 'errors_seen': 0, 'first_error': None, 'first_error_line': None, 'first_error_character': None, 'first_error_column_name': None}
[2022-08-21 21:11:09,107] {snowflake.py:338} INFO - Statement execution info - {'file': 'nse_daily_stg/cm01AUG2022bhav.csv.gz', 'status': 'LOADED', 'rows_parsed': 2279, 'rows_loaded': 2279, 'error_limit': 1, 'errors_seen': 0, 'first_error': None, 'first_error_line': None, 'first_error_character': None, 'first_error_column_name': None}
[2022-08-21 21:11:09,107] {snowflake.py:338} INFO - Statement execution info - {'file': 'nse_daily_stg/cm17AUG2022bhav.csv.gz', 'status': 'LOADED', 'rows_parsed': 2259, 'rows_loaded': 2259, 'error_limit': 1, 'errors_seen': 0, 'first_error': None, 'first_error_line': None, 'first_error_character': None, 'first_error_column_name': None}
[2022-08-21 21:11:09,107] {snowflake.py:338} INFO - Statement execution info - {'file': 'nse_daily_stg/cm25JUL2022bhav.csv.gz', 'status': 'LOADED', 'rows_parsed': 2366, 'rows_loaded': 2366, 'error_limit': 1, 'errors_seen': 0, 'first_error': None, 'first_error_line': None, 'first_error_character': None, 'first_error_column_name': None}
[2022-08-21 21:11:09,107] {snowflake.py:338} INFO - Statement execution info - {'file': 'nse_daily_stg/cm28JUL2022bhav.csv.gz', 'status': 'LOADED', 'rows_parsed': 2222, 'rows_loaded': 2222, 'error_limit': 1, 'errors_seen': 0, 'first_error': None, 'first_error_line': None, 'first_error_character': None, 'first_error_column_name': None}
[2022-08-21 21:11:09,107] {snowflake.py:338} INFO - Statement execution info - {'file': 'nse_daily_stg/cm05AUG2022bhav.csv.gz', 'status': 'LOADED', 'rows_parsed': 2216, 'rows_loaded': 2216, 'error_limit': 1, 'errors_seen': 0, 'first_error': None, 'first_error_line': None, 'first_error_character': None, 'first_error_column_name': None}
[2022-08-21 21:11:09,107] {snowflake.py:338} INFO - Statement execution info - {'file': 'nse_daily_stg/cm12AUG2022bhav.csv.gz', 'status': 'LOADED', 'rows_parsed': 2246, 'rows_loaded': 2246, 'error_limit': 1, 'errors_seen': 0, 'first_error': None, 'first_error_line': None, 'first_error_character': None, 'first_error_column_name': None}
[2022-08-21 21:11:09,107] {snowflake.py:338} INFO - Statement execution info - {'file': 'nse_daily_stg/cm10AUG2022bhav.csv.gz', 'status': 'LOADED', 'rows_parsed': 2244, 'rows_loaded': 2244, 'error_limit': 1, 'errors_seen': 0, 'first_error': None, 'first_error_line': None, 'first_error_character': None, 'first_error_column_name': None}
[2022-08-21 21:11:09,107] {snowflake.py:338} INFO - Statement execution info - {'file': 'nse_daily_stg/cm18AUG2022bhav.csv.gz', 'status': 'LOADED', 'rows_parsed': 2241, 'rows_loaded': 2241, 'error_limit': 1, 'errors_seen': 0, 'first_error': None, 'first_error_line': None, 'first_error_character': None, 'first_error_column_name': None}
[2022-08-21 21:11:09,107] {snowflake.py:338} INFO - Statement execution info - {'file': 'nse_daily_stg/cm29JUL2022bhav.csv.gz', 'status': 'LOADED', 'rows_parsed': 2224, 'rows_loaded': 2224, 'error_limit': 1, 'errors_seen': 0, 'first_error': None, 'first_error_line': None, 'first_error_character': None, 'first_error_column_name': None}
[2022-08-21 21:11:09,108] {snowflake.py:338} INFO - Statement execution info - {'file': 'nse_daily_stg/cm11AUG2022bhav.csv.gz', 'status': 'LOADED', 'rows_parsed': 2227, 'rows_loaded': 2227, 'error_limit': 1, 'errors_seen': 0, 'first_error': None, 'first_error_line': None, 'first_error_character': None, 'first_error_column_name': None}
[2022-08-21 21:11:09,108] {snowflake.py:338} INFO - Statement execution info - {'file': 'nse_daily_stg/cm16AUG2022bhav.csv.gz', 'status': 'LOADED', 'rows_parsed': 2309, 'rows_loaded': 2309, 'error_limit': 1, 'errors_seen': 0, 'first_error': None, 'first_error_line': None, 'first_error_character': None, 'first_error_column_name': None}
[2022-08-21 21:11:09,108] {snowflake.py:342} INFO - Rows affected: 18
[2022-08-21 21:11:09,108] {snowflake.py:343} INFO - Snowflake query id: 01a67287-0501-c03e-006e-0a830004500a
[2022-08-21 21:11:09,108] {connection.py:507} INFO - closed
[2022-08-21 21:11:09,148] {connection.py:510} INFO - No async queries seem to be running, deleting session
[2022-08-21 21:11:09,263] {taskinstance.py:1395} INFO - Marking task as SUCCESS. dag_id=nse_daily_data_load, task_id=Named_stg_copy_tstg, execution_date=20220818T133700, start_date=20220822T011103, end_date=20220822T011109
[2022-08-21 21:11:09,347] {local_task_job.py:156} INFO - Task exited with return code 0
[2022-08-21 21:11:09,428] {local_task_job.py:273} INFO - 1 downstream tasks scheduled from follow-on schedule check
