[2022-07-26 18:41:34,894] {taskinstance.py:1159} INFO - Dependencies all met for <TaskInstance: Hands_pract_v1.first_task manual__2022-07-26T22:41:18.021494+00:00 [queued]>
[2022-07-26 18:41:34,914] {taskinstance.py:1159} INFO - Dependencies all met for <TaskInstance: Hands_pract_v1.first_task manual__2022-07-26T22:41:18.021494+00:00 [queued]>
[2022-07-26 18:41:34,932] {taskinstance.py:1356} INFO - 
--------------------------------------------------------------------------------
[2022-07-26 18:41:34,932] {taskinstance.py:1357} INFO - Starting attempt 1 of 6
[2022-07-26 18:41:34,932] {taskinstance.py:1358} INFO - 
--------------------------------------------------------------------------------
[2022-07-26 18:41:34,970] {taskinstance.py:1377} INFO - Executing <Task(BashOperator): first_task> on 2022-07-26 22:41:18.021494+00:00
[2022-07-26 18:41:34,975] {standard_task_runner.py:52} INFO - Started process 1913857 to run task
[2022-07-26 18:41:34,981] {standard_task_runner.py:79} INFO - Running: ['airflow', 'tasks', 'run', 'Hands_pract_v1', 'first_task', 'manual__2022-07-26T22:41:18.021494+00:00', '--job-id', '39', '--raw', '--subdir', 'DAGS_FOLDER/dag_hand1.py', '--cfg-path', '/tmp/tmp_9fid9ko', '--error-file', '/tmp/tmp1lyn7pis']
[2022-07-26 18:41:34,981] {standard_task_runner.py:80} INFO - Job 39: Subtask first_task
[2022-07-26 18:41:35,036] {task_command.py:369} INFO - Running <TaskInstance: Hands_pract_v1.first_task manual__2022-07-26T22:41:18.021494+00:00 [running]> on host osboxes
[2022-07-26 18:41:35,115] {taskinstance.py:1569} INFO - Exporting the following env vars:
AIRFLOW_CTX_DAG_OWNER=SFAFDE
AIRFLOW_CTX_DAG_ID=Hands_pract_v1
AIRFLOW_CTX_TASK_ID=first_task
AIRFLOW_CTX_EXECUTION_DATE=2022-07-26T22:41:18.021494+00:00
AIRFLOW_CTX_TRY_NUMBER=1
AIRFLOW_CTX_DAG_RUN_ID=manual__2022-07-26T22:41:18.021494+00:00
[2022-07-26 18:41:35,115] {subprocess.py:62} INFO - Tmp dir root location: 
 /tmp
[2022-07-26 18:41:35,116] {subprocess.py:74} INFO - Running command: ['bash', '-c', ' echo Hello world this is my first task in this hands on!']
[2022-07-26 18:41:35,127] {subprocess.py:85} INFO - Output:
[2022-07-26 18:41:35,129] {subprocess.py:92} INFO - Hello world this is my first task in this hands on!
[2022-07-26 18:41:35,129] {subprocess.py:96} INFO - Command exited with return code 0
[2022-07-26 18:41:35,168] {taskinstance.py:1395} INFO - Marking task as SUCCESS. dag_id=Hands_pract_v1, task_id=first_task, execution_date=20220726T224118, start_date=20220726T224134, end_date=20220726T224135
[2022-07-26 18:41:35,222] {local_task_job.py:156} INFO - Task exited with return code 0
[2022-07-26 18:41:35,276] {local_task_job.py:273} INFO - 0 downstream tasks scheduled from follow-on schedule check
