[2022-08-09 21:18:14,933] {processor.py:153} INFO - Started process (PID=336987) to work on /home/osboxes/airflow/dags/dag_hand1.py
[2022-08-09 21:18:14,941] {processor.py:641} INFO - Processing file /home/osboxes/airflow/dags/dag_hand1.py for tasks to queue
[2022-08-09 21:18:14,942] {logging_mixin.py:115} INFO - [2022-08-09 21:18:14,942] {dagbag.py:507} INFO - Filling up the DagBag from /home/osboxes/airflow/dags/dag_hand1.py
[2022-08-09 21:18:14,958] {processor.py:651} INFO - DAG(s) dict_keys(['Hands_pract_v1']) retrieved from /home/osboxes/airflow/dags/dag_hand1.py
[2022-08-09 21:18:14,995] {logging_mixin.py:115} INFO - [2022-08-09 21:18:14,995] {dag.py:2371} INFO - Sync 1 DAGs
[2022-08-09 21:18:15,009] {logging_mixin.py:115} INFO - [2022-08-09 21:18:15,008] {dag.py:2915} INFO - Setting next_dagrun for Hands_pract_v1 to 2022-08-10T00:00:00+00:00, run_after=2022-08-11T00:00:00+00:00
[2022-08-09 21:18:15,128] {processor.py:161} INFO - Processing /home/osboxes/airflow/dags/dag_hand1.py took 0.198 seconds
[2022-08-09 21:18:57,416] {processor.py:153} INFO - Started process (PID=337451) to work on /home/osboxes/airflow/dags/dag_hand1.py
[2022-08-09 21:18:57,417] {processor.py:641} INFO - Processing file /home/osboxes/airflow/dags/dag_hand1.py for tasks to queue
[2022-08-09 21:18:57,417] {logging_mixin.py:115} INFO - [2022-08-09 21:18:57,417] {dagbag.py:507} INFO - Filling up the DagBag from /home/osboxes/airflow/dags/dag_hand1.py
[2022-08-09 21:18:57,421] {processor.py:651} INFO - DAG(s) dict_keys(['Hands_pract_v1']) retrieved from /home/osboxes/airflow/dags/dag_hand1.py
[2022-08-09 21:18:57,439] {logging_mixin.py:115} INFO - [2022-08-09 21:18:57,439] {dag.py:2371} INFO - Sync 1 DAGs
[2022-08-09 21:18:57,452] {logging_mixin.py:115} INFO - [2022-08-09 21:18:57,452] {dag.py:2915} INFO - Setting next_dagrun for Hands_pract_v1 to 2022-08-10T00:00:00+00:00, run_after=2022-08-11T00:00:00+00:00
[2022-08-09 21:18:57,481] {processor.py:161} INFO - Processing /home/osboxes/airflow/dags/dag_hand1.py took 0.070 seconds
[2022-08-09 21:19:34,990] {processor.py:153} INFO - Started process (PID=337778) to work on /home/osboxes/airflow/dags/dag_hand1.py
[2022-08-09 21:19:34,991] {processor.py:641} INFO - Processing file /home/osboxes/airflow/dags/dag_hand1.py for tasks to queue
[2022-08-09 21:19:34,991] {logging_mixin.py:115} INFO - [2022-08-09 21:19:34,991] {dagbag.py:507} INFO - Filling up the DagBag from /home/osboxes/airflow/dags/dag_hand1.py
[2022-08-09 21:19:34,995] {processor.py:651} INFO - DAG(s) dict_keys(['Hands_pract_v1']) retrieved from /home/osboxes/airflow/dags/dag_hand1.py
[2022-08-09 21:19:35,012] {logging_mixin.py:115} INFO - [2022-08-09 21:19:35,011] {dag.py:2371} INFO - Sync 1 DAGs
[2022-08-09 21:19:35,025] {logging_mixin.py:115} INFO - [2022-08-09 21:19:35,025] {dag.py:2915} INFO - Setting next_dagrun for Hands_pract_v1 to 2022-08-10T00:00:00+00:00, run_after=2022-08-11T00:00:00+00:00
[2022-08-09 21:19:35,057] {processor.py:161} INFO - Processing /home/osboxes/airflow/dags/dag_hand1.py took 0.070 seconds
[2022-08-09 21:20:16,261] {processor.py:153} INFO - Started process (PID=338153) to work on /home/osboxes/airflow/dags/dag_hand1.py
[2022-08-09 21:20:16,263] {processor.py:641} INFO - Processing file /home/osboxes/airflow/dags/dag_hand1.py for tasks to queue
[2022-08-09 21:20:16,263] {logging_mixin.py:115} INFO - [2022-08-09 21:20:16,263] {dagbag.py:507} INFO - Filling up the DagBag from /home/osboxes/airflow/dags/dag_hand1.py
[2022-08-09 21:20:16,267] {processor.py:651} INFO - DAG(s) dict_keys(['Hands_pract_v1']) retrieved from /home/osboxes/airflow/dags/dag_hand1.py
[2022-08-09 21:20:16,284] {logging_mixin.py:115} INFO - [2022-08-09 21:20:16,284] {dag.py:2371} INFO - Sync 1 DAGs
[2022-08-09 21:20:16,298] {logging_mixin.py:115} INFO - [2022-08-09 21:20:16,298] {dag.py:2915} INFO - Setting next_dagrun for Hands_pract_v1 to 2022-08-10T00:00:00+00:00, run_after=2022-08-11T00:00:00+00:00
[2022-08-09 21:20:16,336] {processor.py:161} INFO - Processing /home/osboxes/airflow/dags/dag_hand1.py took 0.079 seconds
[2022-08-09 21:20:51,356] {processor.py:153} INFO - Started process (PID=338487) to work on /home/osboxes/airflow/dags/dag_hand1.py
[2022-08-09 21:20:51,358] {processor.py:641} INFO - Processing file /home/osboxes/airflow/dags/dag_hand1.py for tasks to queue
[2022-08-09 21:20:51,359] {logging_mixin.py:115} INFO - [2022-08-09 21:20:51,358] {dagbag.py:507} INFO - Filling up the DagBag from /home/osboxes/airflow/dags/dag_hand1.py
[2022-08-09 21:20:51,363] {processor.py:651} INFO - DAG(s) dict_keys(['Hands_pract_v1']) retrieved from /home/osboxes/airflow/dags/dag_hand1.py
[2022-08-09 21:20:51,381] {logging_mixin.py:115} INFO - [2022-08-09 21:20:51,380] {dag.py:2371} INFO - Sync 1 DAGs
[2022-08-09 21:20:51,394] {logging_mixin.py:115} INFO - [2022-08-09 21:20:51,394] {dag.py:2915} INFO - Setting next_dagrun for Hands_pract_v1 to 2022-08-10T00:00:00+00:00, run_after=2022-08-11T00:00:00+00:00
[2022-08-09 21:20:51,439] {processor.py:161} INFO - Processing /home/osboxes/airflow/dags/dag_hand1.py took 0.086 seconds
[2022-08-09 21:21:29,911] {processor.py:153} INFO - Started process (PID=338841) to work on /home/osboxes/airflow/dags/dag_hand1.py
[2022-08-09 21:21:29,912] {processor.py:641} INFO - Processing file /home/osboxes/airflow/dags/dag_hand1.py for tasks to queue
[2022-08-09 21:21:29,913] {logging_mixin.py:115} INFO - [2022-08-09 21:21:29,913] {dagbag.py:507} INFO - Filling up the DagBag from /home/osboxes/airflow/dags/dag_hand1.py
[2022-08-09 21:21:29,917] {processor.py:651} INFO - DAG(s) dict_keys(['Hands_pract_v1']) retrieved from /home/osboxes/airflow/dags/dag_hand1.py
[2022-08-09 21:21:29,932] {logging_mixin.py:115} INFO - [2022-08-09 21:21:29,932] {dag.py:2371} INFO - Sync 1 DAGs
[2022-08-09 21:21:29,947] {logging_mixin.py:115} INFO - [2022-08-09 21:21:29,947] {dag.py:2915} INFO - Setting next_dagrun for Hands_pract_v1 to 2022-08-10T00:00:00+00:00, run_after=2022-08-11T00:00:00+00:00
[2022-08-09 21:21:29,977] {processor.py:161} INFO - Processing /home/osboxes/airflow/dags/dag_hand1.py took 0.068 seconds
[2022-08-09 21:22:02,496] {processor.py:153} INFO - Started process (PID=339132) to work on /home/osboxes/airflow/dags/dag_hand1.py
[2022-08-09 21:22:02,499] {processor.py:641} INFO - Processing file /home/osboxes/airflow/dags/dag_hand1.py for tasks to queue
[2022-08-09 21:22:02,499] {logging_mixin.py:115} INFO - [2022-08-09 21:22:02,499] {dagbag.py:507} INFO - Filling up the DagBag from /home/osboxes/airflow/dags/dag_hand1.py
[2022-08-09 21:22:02,504] {processor.py:651} INFO - DAG(s) dict_keys(['Hands_pract_v1']) retrieved from /home/osboxes/airflow/dags/dag_hand1.py
[2022-08-09 21:22:02,529] {logging_mixin.py:115} INFO - [2022-08-09 21:22:02,529] {dag.py:2371} INFO - Sync 1 DAGs
[2022-08-09 21:22:02,622] {logging_mixin.py:115} INFO - [2022-08-09 21:22:02,618] {dag.py:2915} INFO - Setting next_dagrun for Hands_pract_v1 to 2022-08-10T00:00:00+00:00, run_after=2022-08-11T00:00:00+00:00
[2022-08-09 21:22:02,686] {processor.py:161} INFO - Processing /home/osboxes/airflow/dags/dag_hand1.py took 0.192 seconds
[2022-08-09 21:22:38,825] {processor.py:153} INFO - Started process (PID=339469) to work on /home/osboxes/airflow/dags/dag_hand1.py
[2022-08-09 21:22:38,831] {processor.py:641} INFO - Processing file /home/osboxes/airflow/dags/dag_hand1.py for tasks to queue
[2022-08-09 21:22:38,831] {logging_mixin.py:115} INFO - [2022-08-09 21:22:38,831] {dagbag.py:507} INFO - Filling up the DagBag from /home/osboxes/airflow/dags/dag_hand1.py
[2022-08-09 21:22:38,835] {processor.py:651} INFO - DAG(s) dict_keys(['Hands_pract_v1']) retrieved from /home/osboxes/airflow/dags/dag_hand1.py
[2022-08-09 21:22:38,961] {logging_mixin.py:115} INFO - [2022-08-09 21:22:38,961] {dag.py:2371} INFO - Sync 1 DAGs
[2022-08-09 21:22:39,001] {logging_mixin.py:115} INFO - [2022-08-09 21:22:39,001] {dag.py:2915} INFO - Setting next_dagrun for Hands_pract_v1 to 2022-08-10T00:00:00+00:00, run_after=2022-08-11T00:00:00+00:00
[2022-08-09 21:22:39,033] {processor.py:161} INFO - Processing /home/osboxes/airflow/dags/dag_hand1.py took 0.210 seconds
[2022-08-09 21:23:15,252] {processor.py:153} INFO - Started process (PID=339824) to work on /home/osboxes/airflow/dags/dag_hand1.py
[2022-08-09 21:23:15,253] {processor.py:641} INFO - Processing file /home/osboxes/airflow/dags/dag_hand1.py for tasks to queue
[2022-08-09 21:23:15,254] {logging_mixin.py:115} INFO - [2022-08-09 21:23:15,254] {dagbag.py:507} INFO - Filling up the DagBag from /home/osboxes/airflow/dags/dag_hand1.py
[2022-08-09 21:23:15,258] {processor.py:651} INFO - DAG(s) dict_keys(['Hands_pract_v1']) retrieved from /home/osboxes/airflow/dags/dag_hand1.py
[2022-08-09 21:23:15,274] {logging_mixin.py:115} INFO - [2022-08-09 21:23:15,274] {dag.py:2371} INFO - Sync 1 DAGs
[2022-08-09 21:23:15,287] {logging_mixin.py:115} INFO - [2022-08-09 21:23:15,287] {dag.py:2915} INFO - Setting next_dagrun for Hands_pract_v1 to 2022-08-10T00:00:00+00:00, run_after=2022-08-11T00:00:00+00:00
[2022-08-09 21:23:15,316] {processor.py:161} INFO - Processing /home/osboxes/airflow/dags/dag_hand1.py took 0.066 seconds
[2022-08-09 21:23:55,172] {processor.py:153} INFO - Started process (PID=340238) to work on /home/osboxes/airflow/dags/dag_hand1.py
[2022-08-09 21:23:55,173] {processor.py:641} INFO - Processing file /home/osboxes/airflow/dags/dag_hand1.py for tasks to queue
[2022-08-09 21:23:55,174] {logging_mixin.py:115} INFO - [2022-08-09 21:23:55,174] {dagbag.py:507} INFO - Filling up the DagBag from /home/osboxes/airflow/dags/dag_hand1.py
[2022-08-09 21:23:55,179] {processor.py:651} INFO - DAG(s) dict_keys(['Hands_pract_v1']) retrieved from /home/osboxes/airflow/dags/dag_hand1.py
[2022-08-09 21:23:55,196] {logging_mixin.py:115} INFO - [2022-08-09 21:23:55,196] {dag.py:2371} INFO - Sync 1 DAGs
[2022-08-09 21:23:55,210] {logging_mixin.py:115} INFO - [2022-08-09 21:23:55,210] {dag.py:2915} INFO - Setting next_dagrun for Hands_pract_v1 to 2022-08-10T00:00:00+00:00, run_after=2022-08-11T00:00:00+00:00
[2022-08-09 21:23:55,251] {processor.py:161} INFO - Processing /home/osboxes/airflow/dags/dag_hand1.py took 0.081 seconds
[2022-08-09 21:24:31,805] {processor.py:153} INFO - Started process (PID=340573) to work on /home/osboxes/airflow/dags/dag_hand1.py
[2022-08-09 21:24:31,808] {processor.py:641} INFO - Processing file /home/osboxes/airflow/dags/dag_hand1.py for tasks to queue
[2022-08-09 21:24:31,808] {logging_mixin.py:115} INFO - [2022-08-09 21:24:31,808] {dagbag.py:507} INFO - Filling up the DagBag from /home/osboxes/airflow/dags/dag_hand1.py
[2022-08-09 21:24:31,813] {processor.py:651} INFO - DAG(s) dict_keys(['Hands_pract_v1']) retrieved from /home/osboxes/airflow/dags/dag_hand1.py
[2022-08-09 21:24:31,829] {logging_mixin.py:115} INFO - [2022-08-09 21:24:31,829] {dag.py:2371} INFO - Sync 1 DAGs
[2022-08-09 21:24:31,843] {logging_mixin.py:115} INFO - [2022-08-09 21:24:31,843] {dag.py:2915} INFO - Setting next_dagrun for Hands_pract_v1 to 2022-08-10T00:00:00+00:00, run_after=2022-08-11T00:00:00+00:00
[2022-08-09 21:24:31,890] {processor.py:161} INFO - Processing /home/osboxes/airflow/dags/dag_hand1.py took 0.088 seconds
[2022-08-09 21:25:12,722] {processor.py:153} INFO - Started process (PID=340957) to work on /home/osboxes/airflow/dags/dag_hand1.py
[2022-08-09 21:25:12,723] {processor.py:641} INFO - Processing file /home/osboxes/airflow/dags/dag_hand1.py for tasks to queue
[2022-08-09 21:25:12,724] {logging_mixin.py:115} INFO - [2022-08-09 21:25:12,724] {dagbag.py:507} INFO - Filling up the DagBag from /home/osboxes/airflow/dags/dag_hand1.py
[2022-08-09 21:25:12,729] {processor.py:651} INFO - DAG(s) dict_keys(['Hands_pract_v1']) retrieved from /home/osboxes/airflow/dags/dag_hand1.py
[2022-08-09 21:25:12,745] {logging_mixin.py:115} INFO - [2022-08-09 21:25:12,745] {dag.py:2371} INFO - Sync 1 DAGs
[2022-08-09 21:25:12,757] {logging_mixin.py:115} INFO - [2022-08-09 21:25:12,757] {dag.py:2915} INFO - Setting next_dagrun for Hands_pract_v1 to 2022-08-10T00:00:00+00:00, run_after=2022-08-11T00:00:00+00:00
[2022-08-09 21:25:12,800] {processor.py:161} INFO - Processing /home/osboxes/airflow/dags/dag_hand1.py took 0.080 seconds
[2022-08-09 21:25:46,875] {processor.py:153} INFO - Started process (PID=341279) to work on /home/osboxes/airflow/dags/dag_hand1.py
[2022-08-09 21:25:46,876] {processor.py:641} INFO - Processing file /home/osboxes/airflow/dags/dag_hand1.py for tasks to queue
[2022-08-09 21:25:46,876] {logging_mixin.py:115} INFO - [2022-08-09 21:25:46,876] {dagbag.py:507} INFO - Filling up the DagBag from /home/osboxes/airflow/dags/dag_hand1.py
[2022-08-09 21:25:46,880] {processor.py:651} INFO - DAG(s) dict_keys(['Hands_pract_v1']) retrieved from /home/osboxes/airflow/dags/dag_hand1.py
[2022-08-09 21:25:46,898] {logging_mixin.py:115} INFO - [2022-08-09 21:25:46,898] {dag.py:2371} INFO - Sync 1 DAGs
[2022-08-09 21:25:46,911] {logging_mixin.py:115} INFO - [2022-08-09 21:25:46,910] {dag.py:2915} INFO - Setting next_dagrun for Hands_pract_v1 to 2022-08-10T00:00:00+00:00, run_after=2022-08-11T00:00:00+00:00
[2022-08-09 21:25:46,938] {processor.py:161} INFO - Processing /home/osboxes/airflow/dags/dag_hand1.py took 0.065 seconds
[2022-08-09 21:26:24,193] {processor.py:153} INFO - Started process (PID=341612) to work on /home/osboxes/airflow/dags/dag_hand1.py
[2022-08-09 21:26:24,204] {processor.py:641} INFO - Processing file /home/osboxes/airflow/dags/dag_hand1.py for tasks to queue
[2022-08-09 21:26:24,205] {logging_mixin.py:115} INFO - [2022-08-09 21:26:24,205] {dagbag.py:507} INFO - Filling up the DagBag from /home/osboxes/airflow/dags/dag_hand1.py
[2022-08-09 21:26:24,209] {processor.py:651} INFO - DAG(s) dict_keys(['Hands_pract_v1']) retrieved from /home/osboxes/airflow/dags/dag_hand1.py
[2022-08-09 21:26:24,225] {logging_mixin.py:115} INFO - [2022-08-09 21:26:24,225] {dag.py:2371} INFO - Sync 1 DAGs
[2022-08-09 21:26:24,256] {logging_mixin.py:115} INFO - [2022-08-09 21:26:24,256] {dag.py:2915} INFO - Setting next_dagrun for Hands_pract_v1 to 2022-08-10T00:00:00+00:00, run_after=2022-08-11T00:00:00+00:00
[2022-08-09 21:26:24,305] {processor.py:161} INFO - Processing /home/osboxes/airflow/dags/dag_hand1.py took 0.115 seconds
[2022-08-09 21:27:03,180] {processor.py:153} INFO - Started process (PID=342014) to work on /home/osboxes/airflow/dags/dag_hand1.py
[2022-08-09 21:27:03,181] {processor.py:641} INFO - Processing file /home/osboxes/airflow/dags/dag_hand1.py for tasks to queue
[2022-08-09 21:27:03,182] {logging_mixin.py:115} INFO - [2022-08-09 21:27:03,182] {dagbag.py:507} INFO - Filling up the DagBag from /home/osboxes/airflow/dags/dag_hand1.py
[2022-08-09 21:27:03,187] {processor.py:651} INFO - DAG(s) dict_keys(['Hands_pract_v1']) retrieved from /home/osboxes/airflow/dags/dag_hand1.py
[2022-08-09 21:27:03,205] {logging_mixin.py:115} INFO - [2022-08-09 21:27:03,205] {dag.py:2371} INFO - Sync 1 DAGs
[2022-08-09 21:27:03,219] {logging_mixin.py:115} INFO - [2022-08-09 21:27:03,219] {dag.py:2915} INFO - Setting next_dagrun for Hands_pract_v1 to 2022-08-10T00:00:00+00:00, run_after=2022-08-11T00:00:00+00:00
[2022-08-09 21:27:03,246] {processor.py:161} INFO - Processing /home/osboxes/airflow/dags/dag_hand1.py took 0.069 seconds
[2022-08-09 21:27:35,318] {processor.py:153} INFO - Started process (PID=342322) to work on /home/osboxes/airflow/dags/dag_hand1.py
[2022-08-09 21:27:35,343] {processor.py:641} INFO - Processing file /home/osboxes/airflow/dags/dag_hand1.py for tasks to queue
[2022-08-09 21:27:35,344] {logging_mixin.py:115} INFO - [2022-08-09 21:27:35,344] {dagbag.py:507} INFO - Filling up the DagBag from /home/osboxes/airflow/dags/dag_hand1.py
[2022-08-09 21:27:35,354] {processor.py:651} INFO - DAG(s) dict_keys(['Hands_pract_v1']) retrieved from /home/osboxes/airflow/dags/dag_hand1.py
[2022-08-09 21:27:35,394] {logging_mixin.py:115} INFO - [2022-08-09 21:27:35,394] {dag.py:2371} INFO - Sync 1 DAGs
[2022-08-09 21:27:35,408] {logging_mixin.py:115} INFO - [2022-08-09 21:27:35,408] {dag.py:2915} INFO - Setting next_dagrun for Hands_pract_v1 to 2022-08-10T00:00:00+00:00, run_after=2022-08-11T00:00:00+00:00
[2022-08-09 21:27:35,452] {processor.py:161} INFO - Processing /home/osboxes/airflow/dags/dag_hand1.py took 0.136 seconds
[2022-08-09 21:28:14,126] {processor.py:153} INFO - Started process (PID=342689) to work on /home/osboxes/airflow/dags/dag_hand1.py
[2022-08-09 21:28:14,127] {processor.py:641} INFO - Processing file /home/osboxes/airflow/dags/dag_hand1.py for tasks to queue
[2022-08-09 21:28:14,127] {logging_mixin.py:115} INFO - [2022-08-09 21:28:14,127] {dagbag.py:507} INFO - Filling up the DagBag from /home/osboxes/airflow/dags/dag_hand1.py
[2022-08-09 21:28:14,131] {processor.py:651} INFO - DAG(s) dict_keys(['Hands_pract_v1']) retrieved from /home/osboxes/airflow/dags/dag_hand1.py
[2022-08-09 21:28:14,152] {logging_mixin.py:115} INFO - [2022-08-09 21:28:14,151] {dag.py:2371} INFO - Sync 1 DAGs
[2022-08-09 21:28:14,167] {logging_mixin.py:115} INFO - [2022-08-09 21:28:14,167] {dag.py:2915} INFO - Setting next_dagrun for Hands_pract_v1 to 2022-08-10T00:00:00+00:00, run_after=2022-08-11T00:00:00+00:00
[2022-08-09 21:28:14,195] {processor.py:161} INFO - Processing /home/osboxes/airflow/dags/dag_hand1.py took 0.075 seconds
[2022-08-09 21:28:51,143] {processor.py:153} INFO - Started process (PID=343092) to work on /home/osboxes/airflow/dags/dag_hand1.py
[2022-08-09 21:28:51,145] {processor.py:641} INFO - Processing file /home/osboxes/airflow/dags/dag_hand1.py for tasks to queue
[2022-08-09 21:28:51,145] {logging_mixin.py:115} INFO - [2022-08-09 21:28:51,145] {dagbag.py:507} INFO - Filling up the DagBag from /home/osboxes/airflow/dags/dag_hand1.py
[2022-08-09 21:28:51,149] {processor.py:651} INFO - DAG(s) dict_keys(['Hands_pract_v1']) retrieved from /home/osboxes/airflow/dags/dag_hand1.py
[2022-08-09 21:28:51,184] {logging_mixin.py:115} INFO - [2022-08-09 21:28:51,184] {dag.py:2371} INFO - Sync 1 DAGs
[2022-08-09 21:28:51,201] {logging_mixin.py:115} INFO - [2022-08-09 21:28:51,201] {dag.py:2915} INFO - Setting next_dagrun for Hands_pract_v1 to 2022-08-10T00:00:00+00:00, run_after=2022-08-11T00:00:00+00:00
[2022-08-09 21:28:51,240] {processor.py:161} INFO - Processing /home/osboxes/airflow/dags/dag_hand1.py took 0.107 seconds
[2022-08-09 21:29:26,968] {processor.py:153} INFO - Started process (PID=343396) to work on /home/osboxes/airflow/dags/dag_hand1.py
[2022-08-09 21:29:26,970] {processor.py:641} INFO - Processing file /home/osboxes/airflow/dags/dag_hand1.py for tasks to queue
[2022-08-09 21:29:26,970] {logging_mixin.py:115} INFO - [2022-08-09 21:29:26,970] {dagbag.py:507} INFO - Filling up the DagBag from /home/osboxes/airflow/dags/dag_hand1.py
[2022-08-09 21:29:26,975] {processor.py:651} INFO - DAG(s) dict_keys(['Hands_pract_v1']) retrieved from /home/osboxes/airflow/dags/dag_hand1.py
[2022-08-09 21:29:27,000] {logging_mixin.py:115} INFO - [2022-08-09 21:29:27,000] {dag.py:2371} INFO - Sync 1 DAGs
[2022-08-09 21:29:27,014] {logging_mixin.py:115} INFO - [2022-08-09 21:29:27,014] {dag.py:2915} INFO - Setting next_dagrun for Hands_pract_v1 to 2022-08-10T00:00:00+00:00, run_after=2022-08-11T00:00:00+00:00
[2022-08-09 21:29:27,052] {processor.py:161} INFO - Processing /home/osboxes/airflow/dags/dag_hand1.py took 0.087 seconds
[2022-08-09 21:30:08,098] {processor.py:153} INFO - Started process (PID=343770) to work on /home/osboxes/airflow/dags/dag_hand1.py
[2022-08-09 21:30:08,104] {processor.py:641} INFO - Processing file /home/osboxes/airflow/dags/dag_hand1.py for tasks to queue
[2022-08-09 21:30:08,105] {logging_mixin.py:115} INFO - [2022-08-09 21:30:08,105] {dagbag.py:507} INFO - Filling up the DagBag from /home/osboxes/airflow/dags/dag_hand1.py
[2022-08-09 21:30:08,114] {processor.py:651} INFO - DAG(s) dict_keys(['Hands_pract_v1']) retrieved from /home/osboxes/airflow/dags/dag_hand1.py
[2022-08-09 21:30:08,135] {logging_mixin.py:115} INFO - [2022-08-09 21:30:08,135] {dag.py:2371} INFO - Sync 1 DAGs
[2022-08-09 21:30:08,151] {logging_mixin.py:115} INFO - [2022-08-09 21:30:08,151] {dag.py:2915} INFO - Setting next_dagrun for Hands_pract_v1 to 2022-08-10T00:00:00+00:00, run_after=2022-08-11T00:00:00+00:00
[2022-08-09 21:30:08,180] {processor.py:161} INFO - Processing /home/osboxes/airflow/dags/dag_hand1.py took 0.084 seconds
[2022-08-09 21:30:45,815] {processor.py:153} INFO - Started process (PID=344141) to work on /home/osboxes/airflow/dags/dag_hand1.py
[2022-08-09 21:30:45,816] {processor.py:641} INFO - Processing file /home/osboxes/airflow/dags/dag_hand1.py for tasks to queue
[2022-08-09 21:30:45,816] {logging_mixin.py:115} INFO - [2022-08-09 21:30:45,816] {dagbag.py:507} INFO - Filling up the DagBag from /home/osboxes/airflow/dags/dag_hand1.py
[2022-08-09 21:30:45,820] {processor.py:651} INFO - DAG(s) dict_keys(['Hands_pract_v1']) retrieved from /home/osboxes/airflow/dags/dag_hand1.py
[2022-08-09 21:30:45,837] {logging_mixin.py:115} INFO - [2022-08-09 21:30:45,837] {dag.py:2371} INFO - Sync 1 DAGs
[2022-08-09 21:30:45,849] {logging_mixin.py:115} INFO - [2022-08-09 21:30:45,849] {dag.py:2915} INFO - Setting next_dagrun for Hands_pract_v1 to 2022-08-10T00:00:00+00:00, run_after=2022-08-11T00:00:00+00:00
[2022-08-09 21:30:45,877] {processor.py:161} INFO - Processing /home/osboxes/airflow/dags/dag_hand1.py took 0.065 seconds
[2022-08-09 21:31:20,819] {processor.py:153} INFO - Started process (PID=344471) to work on /home/osboxes/airflow/dags/dag_hand1.py
[2022-08-09 21:31:20,839] {processor.py:641} INFO - Processing file /home/osboxes/airflow/dags/dag_hand1.py for tasks to queue
[2022-08-09 21:31:20,840] {logging_mixin.py:115} INFO - [2022-08-09 21:31:20,840] {dagbag.py:507} INFO - Filling up the DagBag from /home/osboxes/airflow/dags/dag_hand1.py
[2022-08-09 21:31:20,844] {processor.py:651} INFO - DAG(s) dict_keys(['Hands_pract_v1']) retrieved from /home/osboxes/airflow/dags/dag_hand1.py
[2022-08-09 21:31:20,863] {logging_mixin.py:115} INFO - [2022-08-09 21:31:20,863] {dag.py:2371} INFO - Sync 1 DAGs
[2022-08-09 21:31:20,878] {logging_mixin.py:115} INFO - [2022-08-09 21:31:20,877] {dag.py:2915} INFO - Setting next_dagrun for Hands_pract_v1 to 2022-08-10T00:00:00+00:00, run_after=2022-08-11T00:00:00+00:00
[2022-08-09 21:31:20,904] {processor.py:161} INFO - Processing /home/osboxes/airflow/dags/dag_hand1.py took 0.087 seconds
[2022-08-09 21:31:56,215] {processor.py:153} INFO - Started process (PID=344787) to work on /home/osboxes/airflow/dags/dag_hand1.py
[2022-08-09 21:31:56,217] {processor.py:641} INFO - Processing file /home/osboxes/airflow/dags/dag_hand1.py for tasks to queue
[2022-08-09 21:31:56,218] {logging_mixin.py:115} INFO - [2022-08-09 21:31:56,217] {dagbag.py:507} INFO - Filling up the DagBag from /home/osboxes/airflow/dags/dag_hand1.py
[2022-08-09 21:31:56,222] {processor.py:651} INFO - DAG(s) dict_keys(['Hands_pract_v1']) retrieved from /home/osboxes/airflow/dags/dag_hand1.py
[2022-08-09 21:31:56,240] {logging_mixin.py:115} INFO - [2022-08-09 21:31:56,240] {dag.py:2371} INFO - Sync 1 DAGs
[2022-08-09 21:31:56,254] {logging_mixin.py:115} INFO - [2022-08-09 21:31:56,254] {dag.py:2915} INFO - Setting next_dagrun for Hands_pract_v1 to 2022-08-10T00:00:00+00:00, run_after=2022-08-11T00:00:00+00:00
[2022-08-09 21:31:56,292] {processor.py:161} INFO - Processing /home/osboxes/airflow/dags/dag_hand1.py took 0.080 seconds
[2022-08-09 21:32:36,213] {processor.py:153} INFO - Started process (PID=345157) to work on /home/osboxes/airflow/dags/dag_hand1.py
[2022-08-09 21:32:36,215] {processor.py:641} INFO - Processing file /home/osboxes/airflow/dags/dag_hand1.py for tasks to queue
[2022-08-09 21:32:36,216] {logging_mixin.py:115} INFO - [2022-08-09 21:32:36,215] {dagbag.py:507} INFO - Filling up the DagBag from /home/osboxes/airflow/dags/dag_hand1.py
[2022-08-09 21:32:36,220] {processor.py:651} INFO - DAG(s) dict_keys(['Hands_pract_v1']) retrieved from /home/osboxes/airflow/dags/dag_hand1.py
[2022-08-09 21:32:36,235] {logging_mixin.py:115} INFO - [2022-08-09 21:32:36,235] {dag.py:2371} INFO - Sync 1 DAGs
[2022-08-09 21:32:36,248] {logging_mixin.py:115} INFO - [2022-08-09 21:32:36,248] {dag.py:2915} INFO - Setting next_dagrun for Hands_pract_v1 to 2022-08-10T00:00:00+00:00, run_after=2022-08-11T00:00:00+00:00
[2022-08-09 21:32:36,284] {processor.py:161} INFO - Processing /home/osboxes/airflow/dags/dag_hand1.py took 0.073 seconds
[2022-08-09 21:33:09,975] {processor.py:153} INFO - Started process (PID=345482) to work on /home/osboxes/airflow/dags/dag_hand1.py
[2022-08-09 21:33:09,980] {processor.py:641} INFO - Processing file /home/osboxes/airflow/dags/dag_hand1.py for tasks to queue
[2022-08-09 21:33:09,980] {logging_mixin.py:115} INFO - [2022-08-09 21:33:09,980] {dagbag.py:507} INFO - Filling up the DagBag from /home/osboxes/airflow/dags/dag_hand1.py
[2022-08-09 21:33:09,985] {processor.py:651} INFO - DAG(s) dict_keys(['Hands_pract_v1']) retrieved from /home/osboxes/airflow/dags/dag_hand1.py
[2022-08-09 21:33:10,061] {logging_mixin.py:115} INFO - [2022-08-09 21:33:10,061] {dag.py:2371} INFO - Sync 1 DAGs
[2022-08-09 21:33:10,078] {logging_mixin.py:115} INFO - [2022-08-09 21:33:10,077] {dag.py:2915} INFO - Setting next_dagrun for Hands_pract_v1 to 2022-08-10T00:00:00+00:00, run_after=2022-08-11T00:00:00+00:00
[2022-08-09 21:33:10,107] {processor.py:161} INFO - Processing /home/osboxes/airflow/dags/dag_hand1.py took 0.197 seconds
[2022-08-09 21:33:48,502] {processor.py:153} INFO - Started process (PID=345869) to work on /home/osboxes/airflow/dags/dag_hand1.py
[2022-08-09 21:33:48,504] {processor.py:641} INFO - Processing file /home/osboxes/airflow/dags/dag_hand1.py for tasks to queue
[2022-08-09 21:33:48,505] {logging_mixin.py:115} INFO - [2022-08-09 21:33:48,505] {dagbag.py:507} INFO - Filling up the DagBag from /home/osboxes/airflow/dags/dag_hand1.py
[2022-08-09 21:33:48,509] {processor.py:651} INFO - DAG(s) dict_keys(['Hands_pract_v1']) retrieved from /home/osboxes/airflow/dags/dag_hand1.py
[2022-08-09 21:33:48,524] {logging_mixin.py:115} INFO - [2022-08-09 21:33:48,524] {dag.py:2371} INFO - Sync 1 DAGs
[2022-08-09 21:33:48,539] {logging_mixin.py:115} INFO - [2022-08-09 21:33:48,539] {dag.py:2915} INFO - Setting next_dagrun for Hands_pract_v1 to 2022-08-10T00:00:00+00:00, run_after=2022-08-11T00:00:00+00:00
[2022-08-09 21:33:48,567] {processor.py:161} INFO - Processing /home/osboxes/airflow/dags/dag_hand1.py took 0.067 seconds
[2022-08-09 21:34:24,992] {processor.py:153} INFO - Started process (PID=346206) to work on /home/osboxes/airflow/dags/dag_hand1.py
[2022-08-09 21:34:24,994] {processor.py:641} INFO - Processing file /home/osboxes/airflow/dags/dag_hand1.py for tasks to queue
[2022-08-09 21:34:24,994] {logging_mixin.py:115} INFO - [2022-08-09 21:34:24,994] {dagbag.py:507} INFO - Filling up the DagBag from /home/osboxes/airflow/dags/dag_hand1.py
[2022-08-09 21:34:24,999] {processor.py:651} INFO - DAG(s) dict_keys(['Hands_pract_v1']) retrieved from /home/osboxes/airflow/dags/dag_hand1.py
[2022-08-09 21:34:25,015] {logging_mixin.py:115} INFO - [2022-08-09 21:34:25,015] {dag.py:2371} INFO - Sync 1 DAGs
[2022-08-09 21:34:25,029] {logging_mixin.py:115} INFO - [2022-08-09 21:34:25,029] {dag.py:2915} INFO - Setting next_dagrun for Hands_pract_v1 to 2022-08-10T00:00:00+00:00, run_after=2022-08-11T00:00:00+00:00
[2022-08-09 21:34:25,065] {processor.py:161} INFO - Processing /home/osboxes/airflow/dags/dag_hand1.py took 0.075 seconds
[2022-08-09 21:34:58,725] {processor.py:153} INFO - Started process (PID=346497) to work on /home/osboxes/airflow/dags/dag_hand1.py
[2022-08-09 21:34:58,726] {processor.py:641} INFO - Processing file /home/osboxes/airflow/dags/dag_hand1.py for tasks to queue
[2022-08-09 21:34:58,726] {logging_mixin.py:115} INFO - [2022-08-09 21:34:58,726] {dagbag.py:507} INFO - Filling up the DagBag from /home/osboxes/airflow/dags/dag_hand1.py
[2022-08-09 21:34:58,730] {processor.py:651} INFO - DAG(s) dict_keys(['Hands_pract_v1']) retrieved from /home/osboxes/airflow/dags/dag_hand1.py
[2022-08-09 21:34:58,748] {logging_mixin.py:115} INFO - [2022-08-09 21:34:58,748] {dag.py:2371} INFO - Sync 1 DAGs
[2022-08-09 21:34:58,761] {logging_mixin.py:115} INFO - [2022-08-09 21:34:58,761] {dag.py:2915} INFO - Setting next_dagrun for Hands_pract_v1 to 2022-08-10T00:00:00+00:00, run_after=2022-08-11T00:00:00+00:00
[2022-08-09 21:34:58,794] {processor.py:161} INFO - Processing /home/osboxes/airflow/dags/dag_hand1.py took 0.072 seconds
[2022-08-09 21:35:35,966] {processor.py:153} INFO - Started process (PID=346861) to work on /home/osboxes/airflow/dags/dag_hand1.py
[2022-08-09 21:35:35,967] {processor.py:641} INFO - Processing file /home/osboxes/airflow/dags/dag_hand1.py for tasks to queue
[2022-08-09 21:35:35,968] {logging_mixin.py:115} INFO - [2022-08-09 21:35:35,968] {dagbag.py:507} INFO - Filling up the DagBag from /home/osboxes/airflow/dags/dag_hand1.py
[2022-08-09 21:35:35,972] {processor.py:651} INFO - DAG(s) dict_keys(['Hands_pract_v1']) retrieved from /home/osboxes/airflow/dags/dag_hand1.py
[2022-08-09 21:35:35,990] {logging_mixin.py:115} INFO - [2022-08-09 21:35:35,990] {dag.py:2371} INFO - Sync 1 DAGs
[2022-08-09 21:35:36,002] {logging_mixin.py:115} INFO - [2022-08-09 21:35:36,002] {dag.py:2915} INFO - Setting next_dagrun for Hands_pract_v1 to 2022-08-10T00:00:00+00:00, run_after=2022-08-11T00:00:00+00:00
[2022-08-09 21:35:36,036] {processor.py:161} INFO - Processing /home/osboxes/airflow/dags/dag_hand1.py took 0.072 seconds
[2022-08-09 21:36:09,571] {processor.py:153} INFO - Started process (PID=347155) to work on /home/osboxes/airflow/dags/dag_hand1.py
[2022-08-09 21:36:09,573] {processor.py:641} INFO - Processing file /home/osboxes/airflow/dags/dag_hand1.py for tasks to queue
[2022-08-09 21:36:09,573] {logging_mixin.py:115} INFO - [2022-08-09 21:36:09,573] {dagbag.py:507} INFO - Filling up the DagBag from /home/osboxes/airflow/dags/dag_hand1.py
[2022-08-09 21:36:09,578] {processor.py:651} INFO - DAG(s) dict_keys(['Hands_pract_v1']) retrieved from /home/osboxes/airflow/dags/dag_hand1.py
[2022-08-09 21:36:09,594] {logging_mixin.py:115} INFO - [2022-08-09 21:36:09,594] {dag.py:2371} INFO - Sync 1 DAGs
[2022-08-09 21:36:09,607] {logging_mixin.py:115} INFO - [2022-08-09 21:36:09,607] {dag.py:2915} INFO - Setting next_dagrun for Hands_pract_v1 to 2022-08-10T00:00:00+00:00, run_after=2022-08-11T00:00:00+00:00
[2022-08-09 21:36:09,653] {processor.py:161} INFO - Processing /home/osboxes/airflow/dags/dag_hand1.py took 0.083 seconds
[2022-08-09 21:36:42,250] {processor.py:153} INFO - Started process (PID=347460) to work on /home/osboxes/airflow/dags/dag_hand1.py
[2022-08-09 21:36:42,251] {processor.py:641} INFO - Processing file /home/osboxes/airflow/dags/dag_hand1.py for tasks to queue
[2022-08-09 21:36:42,251] {logging_mixin.py:115} INFO - [2022-08-09 21:36:42,251] {dagbag.py:507} INFO - Filling up the DagBag from /home/osboxes/airflow/dags/dag_hand1.py
[2022-08-09 21:36:42,255] {processor.py:651} INFO - DAG(s) dict_keys(['Hands_pract_v1']) retrieved from /home/osboxes/airflow/dags/dag_hand1.py
[2022-08-09 21:36:42,271] {logging_mixin.py:115} INFO - [2022-08-09 21:36:42,271] {dag.py:2371} INFO - Sync 1 DAGs
[2022-08-09 21:36:42,284] {logging_mixin.py:115} INFO - [2022-08-09 21:36:42,284] {dag.py:2915} INFO - Setting next_dagrun for Hands_pract_v1 to 2022-08-10T00:00:00+00:00, run_after=2022-08-11T00:00:00+00:00
[2022-08-09 21:36:42,313] {processor.py:161} INFO - Processing /home/osboxes/airflow/dags/dag_hand1.py took 0.065 seconds
[2022-08-09 21:37:16,297] {processor.py:153} INFO - Started process (PID=347767) to work on /home/osboxes/airflow/dags/dag_hand1.py
[2022-08-09 21:37:16,308] {processor.py:641} INFO - Processing file /home/osboxes/airflow/dags/dag_hand1.py for tasks to queue
[2022-08-09 21:37:16,308] {logging_mixin.py:115} INFO - [2022-08-09 21:37:16,308] {dagbag.py:507} INFO - Filling up the DagBag from /home/osboxes/airflow/dags/dag_hand1.py
[2022-08-09 21:37:16,313] {processor.py:651} INFO - DAG(s) dict_keys(['Hands_pract_v1']) retrieved from /home/osboxes/airflow/dags/dag_hand1.py
[2022-08-09 21:37:16,330] {logging_mixin.py:115} INFO - [2022-08-09 21:37:16,330] {dag.py:2371} INFO - Sync 1 DAGs
[2022-08-09 21:37:16,347] {logging_mixin.py:115} INFO - [2022-08-09 21:37:16,347] {dag.py:2915} INFO - Setting next_dagrun for Hands_pract_v1 to 2022-08-10T00:00:00+00:00, run_after=2022-08-11T00:00:00+00:00
[2022-08-09 21:37:16,390] {processor.py:161} INFO - Processing /home/osboxes/airflow/dags/dag_hand1.py took 0.095 seconds
[2022-08-09 21:37:53,090] {processor.py:153} INFO - Started process (PID=348102) to work on /home/osboxes/airflow/dags/dag_hand1.py
[2022-08-09 21:37:53,091] {processor.py:641} INFO - Processing file /home/osboxes/airflow/dags/dag_hand1.py for tasks to queue
[2022-08-09 21:37:53,092] {logging_mixin.py:115} INFO - [2022-08-09 21:37:53,092] {dagbag.py:507} INFO - Filling up the DagBag from /home/osboxes/airflow/dags/dag_hand1.py
[2022-08-09 21:37:53,096] {processor.py:651} INFO - DAG(s) dict_keys(['Hands_pract_v1']) retrieved from /home/osboxes/airflow/dags/dag_hand1.py
[2022-08-09 21:37:53,113] {logging_mixin.py:115} INFO - [2022-08-09 21:37:53,113] {dag.py:2371} INFO - Sync 1 DAGs
[2022-08-09 21:37:53,127] {logging_mixin.py:115} INFO - [2022-08-09 21:37:53,127] {dag.py:2915} INFO - Setting next_dagrun for Hands_pract_v1 to 2022-08-10T00:00:00+00:00, run_after=2022-08-11T00:00:00+00:00
[2022-08-09 21:37:53,160] {processor.py:161} INFO - Processing /home/osboxes/airflow/dags/dag_hand1.py took 0.073 seconds
[2022-08-09 21:38:31,248] {processor.py:153} INFO - Started process (PID=348488) to work on /home/osboxes/airflow/dags/dag_hand1.py
[2022-08-09 21:38:31,251] {processor.py:641} INFO - Processing file /home/osboxes/airflow/dags/dag_hand1.py for tasks to queue
[2022-08-09 21:38:31,252] {logging_mixin.py:115} INFO - [2022-08-09 21:38:31,252] {dagbag.py:507} INFO - Filling up the DagBag from /home/osboxes/airflow/dags/dag_hand1.py
[2022-08-09 21:38:31,268] {processor.py:651} INFO - DAG(s) dict_keys(['Hands_pract_v1']) retrieved from /home/osboxes/airflow/dags/dag_hand1.py
[2022-08-09 21:38:31,303] {logging_mixin.py:115} INFO - [2022-08-09 21:38:31,303] {dag.py:2371} INFO - Sync 1 DAGs
[2022-08-09 21:38:31,326] {logging_mixin.py:115} INFO - [2022-08-09 21:38:31,326] {dag.py:2915} INFO - Setting next_dagrun for Hands_pract_v1 to 2022-08-10T00:00:00+00:00, run_after=2022-08-11T00:00:00+00:00
[2022-08-09 21:38:31,358] {processor.py:161} INFO - Processing /home/osboxes/airflow/dags/dag_hand1.py took 0.112 seconds
[2022-08-09 21:39:04,653] {processor.py:153} INFO - Started process (PID=348832) to work on /home/osboxes/airflow/dags/dag_hand1.py
[2022-08-09 21:39:04,654] {processor.py:641} INFO - Processing file /home/osboxes/airflow/dags/dag_hand1.py for tasks to queue
[2022-08-09 21:39:04,655] {logging_mixin.py:115} INFO - [2022-08-09 21:39:04,655] {dagbag.py:507} INFO - Filling up the DagBag from /home/osboxes/airflow/dags/dag_hand1.py
[2022-08-09 21:39:04,659] {processor.py:651} INFO - DAG(s) dict_keys(['Hands_pract_v1']) retrieved from /home/osboxes/airflow/dags/dag_hand1.py
[2022-08-09 21:39:04,675] {logging_mixin.py:115} INFO - [2022-08-09 21:39:04,675] {dag.py:2371} INFO - Sync 1 DAGs
[2022-08-09 21:39:04,689] {logging_mixin.py:115} INFO - [2022-08-09 21:39:04,689] {dag.py:2915} INFO - Setting next_dagrun for Hands_pract_v1 to 2022-08-10T00:00:00+00:00, run_after=2022-08-11T00:00:00+00:00
[2022-08-09 21:39:04,729] {processor.py:161} INFO - Processing /home/osboxes/airflow/dags/dag_hand1.py took 0.078 seconds
[2022-08-09 21:39:39,788] {processor.py:153} INFO - Started process (PID=349154) to work on /home/osboxes/airflow/dags/dag_hand1.py
[2022-08-09 21:39:39,808] {processor.py:641} INFO - Processing file /home/osboxes/airflow/dags/dag_hand1.py for tasks to queue
[2022-08-09 21:39:39,808] {logging_mixin.py:115} INFO - [2022-08-09 21:39:39,808] {dagbag.py:507} INFO - Filling up the DagBag from /home/osboxes/airflow/dags/dag_hand1.py
[2022-08-09 21:39:39,814] {processor.py:651} INFO - DAG(s) dict_keys(['Hands_pract_v1']) retrieved from /home/osboxes/airflow/dags/dag_hand1.py
[2022-08-09 21:39:39,830] {logging_mixin.py:115} INFO - [2022-08-09 21:39:39,829] {dag.py:2371} INFO - Sync 1 DAGs
[2022-08-09 21:39:39,843] {logging_mixin.py:115} INFO - [2022-08-09 21:39:39,843] {dag.py:2915} INFO - Setting next_dagrun for Hands_pract_v1 to 2022-08-10T00:00:00+00:00, run_after=2022-08-11T00:00:00+00:00
[2022-08-09 21:39:39,900] {processor.py:161} INFO - Processing /home/osboxes/airflow/dags/dag_hand1.py took 0.114 seconds
[2022-08-09 21:40:17,211] {processor.py:153} INFO - Started process (PID=349502) to work on /home/osboxes/airflow/dags/dag_hand1.py
[2022-08-09 21:40:17,218] {processor.py:641} INFO - Processing file /home/osboxes/airflow/dags/dag_hand1.py for tasks to queue
[2022-08-09 21:40:17,218] {logging_mixin.py:115} INFO - [2022-08-09 21:40:17,218] {dagbag.py:507} INFO - Filling up the DagBag from /home/osboxes/airflow/dags/dag_hand1.py
[2022-08-09 21:40:17,222] {processor.py:651} INFO - DAG(s) dict_keys(['Hands_pract_v1']) retrieved from /home/osboxes/airflow/dags/dag_hand1.py
[2022-08-09 21:40:17,262] {logging_mixin.py:115} INFO - [2022-08-09 21:40:17,262] {dag.py:2371} INFO - Sync 1 DAGs
[2022-08-09 21:40:17,276] {logging_mixin.py:115} INFO - [2022-08-09 21:40:17,276] {dag.py:2915} INFO - Setting next_dagrun for Hands_pract_v1 to 2022-08-10T00:00:00+00:00, run_after=2022-08-11T00:00:00+00:00
[2022-08-09 21:40:17,306] {processor.py:161} INFO - Processing /home/osboxes/airflow/dags/dag_hand1.py took 0.097 seconds
[2022-08-09 21:40:55,837] {processor.py:153} INFO - Started process (PID=349848) to work on /home/osboxes/airflow/dags/dag_hand1.py
[2022-08-09 21:40:55,839] {processor.py:641} INFO - Processing file /home/osboxes/airflow/dags/dag_hand1.py for tasks to queue
[2022-08-09 21:40:55,839] {logging_mixin.py:115} INFO - [2022-08-09 21:40:55,839] {dagbag.py:507} INFO - Filling up the DagBag from /home/osboxes/airflow/dags/dag_hand1.py
[2022-08-09 21:40:55,845] {processor.py:651} INFO - DAG(s) dict_keys(['Hands_pract_v1']) retrieved from /home/osboxes/airflow/dags/dag_hand1.py
[2022-08-09 21:40:55,860] {logging_mixin.py:115} INFO - [2022-08-09 21:40:55,860] {dag.py:2371} INFO - Sync 1 DAGs
[2022-08-09 21:40:55,873] {logging_mixin.py:115} INFO - [2022-08-09 21:40:55,873] {dag.py:2915} INFO - Setting next_dagrun for Hands_pract_v1 to 2022-08-10T00:00:00+00:00, run_after=2022-08-11T00:00:00+00:00
[2022-08-09 21:40:55,901] {processor.py:161} INFO - Processing /home/osboxes/airflow/dags/dag_hand1.py took 0.066 seconds
[2022-08-09 21:41:34,846] {processor.py:153} INFO - Started process (PID=350206) to work on /home/osboxes/airflow/dags/dag_hand1.py
[2022-08-09 21:41:34,848] {processor.py:641} INFO - Processing file /home/osboxes/airflow/dags/dag_hand1.py for tasks to queue
[2022-08-09 21:41:34,848] {logging_mixin.py:115} INFO - [2022-08-09 21:41:34,848] {dagbag.py:507} INFO - Filling up the DagBag from /home/osboxes/airflow/dags/dag_hand1.py
[2022-08-09 21:41:34,852] {processor.py:651} INFO - DAG(s) dict_keys(['Hands_pract_v1']) retrieved from /home/osboxes/airflow/dags/dag_hand1.py
[2022-08-09 21:41:34,868] {logging_mixin.py:115} INFO - [2022-08-09 21:41:34,868] {dag.py:2371} INFO - Sync 1 DAGs
[2022-08-09 21:41:34,881] {logging_mixin.py:115} INFO - [2022-08-09 21:41:34,881] {dag.py:2915} INFO - Setting next_dagrun for Hands_pract_v1 to 2022-08-10T00:00:00+00:00, run_after=2022-08-11T00:00:00+00:00
[2022-08-09 21:41:34,908] {processor.py:161} INFO - Processing /home/osboxes/airflow/dags/dag_hand1.py took 0.063 seconds
[2022-08-09 21:42:08,102] {processor.py:153} INFO - Started process (PID=350516) to work on /home/osboxes/airflow/dags/dag_hand1.py
[2022-08-09 21:42:08,103] {processor.py:641} INFO - Processing file /home/osboxes/airflow/dags/dag_hand1.py for tasks to queue
[2022-08-09 21:42:08,104] {logging_mixin.py:115} INFO - [2022-08-09 21:42:08,104] {dagbag.py:507} INFO - Filling up the DagBag from /home/osboxes/airflow/dags/dag_hand1.py
[2022-08-09 21:42:08,108] {processor.py:651} INFO - DAG(s) dict_keys(['Hands_pract_v1']) retrieved from /home/osboxes/airflow/dags/dag_hand1.py
[2022-08-09 21:42:08,124] {logging_mixin.py:115} INFO - [2022-08-09 21:42:08,124] {dag.py:2371} INFO - Sync 1 DAGs
[2022-08-09 21:42:08,136] {logging_mixin.py:115} INFO - [2022-08-09 21:42:08,136] {dag.py:2915} INFO - Setting next_dagrun for Hands_pract_v1 to 2022-08-10T00:00:00+00:00, run_after=2022-08-11T00:00:00+00:00
[2022-08-09 21:42:08,162] {processor.py:161} INFO - Processing /home/osboxes/airflow/dags/dag_hand1.py took 0.062 seconds
[2022-08-09 21:42:42,073] {processor.py:153} INFO - Started process (PID=350827) to work on /home/osboxes/airflow/dags/dag_hand1.py
[2022-08-09 21:42:42,075] {processor.py:641} INFO - Processing file /home/osboxes/airflow/dags/dag_hand1.py for tasks to queue
[2022-08-09 21:42:42,075] {logging_mixin.py:115} INFO - [2022-08-09 21:42:42,075] {dagbag.py:507} INFO - Filling up the DagBag from /home/osboxes/airflow/dags/dag_hand1.py
[2022-08-09 21:42:42,080] {processor.py:651} INFO - DAG(s) dict_keys(['Hands_pract_v1']) retrieved from /home/osboxes/airflow/dags/dag_hand1.py
[2022-08-09 21:42:42,112] {logging_mixin.py:115} INFO - [2022-08-09 21:42:42,112] {dag.py:2371} INFO - Sync 1 DAGs
[2022-08-09 21:42:42,126] {logging_mixin.py:115} INFO - [2022-08-09 21:42:42,126] {dag.py:2915} INFO - Setting next_dagrun for Hands_pract_v1 to 2022-08-10T00:00:00+00:00, run_after=2022-08-11T00:00:00+00:00
[2022-08-09 21:42:42,164] {processor.py:161} INFO - Processing /home/osboxes/airflow/dags/dag_hand1.py took 0.094 seconds
[2022-08-09 21:43:19,802] {processor.py:153} INFO - Started process (PID=351160) to work on /home/osboxes/airflow/dags/dag_hand1.py
[2022-08-09 21:43:19,804] {processor.py:641} INFO - Processing file /home/osboxes/airflow/dags/dag_hand1.py for tasks to queue
[2022-08-09 21:43:19,804] {logging_mixin.py:115} INFO - [2022-08-09 21:43:19,804] {dagbag.py:507} INFO - Filling up the DagBag from /home/osboxes/airflow/dags/dag_hand1.py
[2022-08-09 21:43:19,809] {processor.py:651} INFO - DAG(s) dict_keys(['Hands_pract_v1']) retrieved from /home/osboxes/airflow/dags/dag_hand1.py
[2022-08-09 21:43:19,824] {logging_mixin.py:115} INFO - [2022-08-09 21:43:19,824] {dag.py:2371} INFO - Sync 1 DAGs
[2022-08-09 21:43:19,836] {logging_mixin.py:115} INFO - [2022-08-09 21:43:19,836] {dag.py:2915} INFO - Setting next_dagrun for Hands_pract_v1 to 2022-08-10T00:00:00+00:00, run_after=2022-08-11T00:00:00+00:00
[2022-08-09 21:43:19,871] {processor.py:161} INFO - Processing /home/osboxes/airflow/dags/dag_hand1.py took 0.071 seconds
[2022-08-09 21:43:56,403] {processor.py:153} INFO - Started process (PID=351560) to work on /home/osboxes/airflow/dags/dag_hand1.py
[2022-08-09 21:43:56,404] {processor.py:641} INFO - Processing file /home/osboxes/airflow/dags/dag_hand1.py for tasks to queue
[2022-08-09 21:43:56,404] {logging_mixin.py:115} INFO - [2022-08-09 21:43:56,404] {dagbag.py:507} INFO - Filling up the DagBag from /home/osboxes/airflow/dags/dag_hand1.py
[2022-08-09 21:43:56,408] {processor.py:651} INFO - DAG(s) dict_keys(['Hands_pract_v1']) retrieved from /home/osboxes/airflow/dags/dag_hand1.py
[2022-08-09 21:43:56,424] {logging_mixin.py:115} INFO - [2022-08-09 21:43:56,424] {dag.py:2371} INFO - Sync 1 DAGs
[2022-08-09 21:43:56,436] {logging_mixin.py:115} INFO - [2022-08-09 21:43:56,436] {dag.py:2915} INFO - Setting next_dagrun for Hands_pract_v1 to 2022-08-10T00:00:00+00:00, run_after=2022-08-11T00:00:00+00:00
[2022-08-09 21:43:56,463] {processor.py:161} INFO - Processing /home/osboxes/airflow/dags/dag_hand1.py took 0.063 seconds
[2022-08-09 21:44:28,630] {processor.py:153} INFO - Started process (PID=351872) to work on /home/osboxes/airflow/dags/dag_hand1.py
[2022-08-09 21:44:28,631] {processor.py:641} INFO - Processing file /home/osboxes/airflow/dags/dag_hand1.py for tasks to queue
[2022-08-09 21:44:28,631] {logging_mixin.py:115} INFO - [2022-08-09 21:44:28,631] {dagbag.py:507} INFO - Filling up the DagBag from /home/osboxes/airflow/dags/dag_hand1.py
[2022-08-09 21:44:28,635] {processor.py:651} INFO - DAG(s) dict_keys(['Hands_pract_v1']) retrieved from /home/osboxes/airflow/dags/dag_hand1.py
[2022-08-09 21:44:28,653] {logging_mixin.py:115} INFO - [2022-08-09 21:44:28,653] {dag.py:2371} INFO - Sync 1 DAGs
[2022-08-09 21:44:28,665] {logging_mixin.py:115} INFO - [2022-08-09 21:44:28,665] {dag.py:2915} INFO - Setting next_dagrun for Hands_pract_v1 to 2022-08-10T00:00:00+00:00, run_after=2022-08-11T00:00:00+00:00
[2022-08-09 21:44:28,695] {processor.py:161} INFO - Processing /home/osboxes/airflow/dags/dag_hand1.py took 0.067 seconds
[2022-08-09 21:45:05,852] {processor.py:153} INFO - Started process (PID=352210) to work on /home/osboxes/airflow/dags/dag_hand1.py
[2022-08-09 21:45:05,862] {processor.py:641} INFO - Processing file /home/osboxes/airflow/dags/dag_hand1.py for tasks to queue
[2022-08-09 21:45:05,863] {logging_mixin.py:115} INFO - [2022-08-09 21:45:05,862] {dagbag.py:507} INFO - Filling up the DagBag from /home/osboxes/airflow/dags/dag_hand1.py
[2022-08-09 21:45:05,867] {processor.py:651} INFO - DAG(s) dict_keys(['Hands_pract_v1']) retrieved from /home/osboxes/airflow/dags/dag_hand1.py
[2022-08-09 21:45:05,882] {logging_mixin.py:115} INFO - [2022-08-09 21:45:05,882] {dag.py:2371} INFO - Sync 1 DAGs
[2022-08-09 21:45:05,900] {logging_mixin.py:115} INFO - [2022-08-09 21:45:05,900] {dag.py:2915} INFO - Setting next_dagrun for Hands_pract_v1 to 2022-08-10T00:00:00+00:00, run_after=2022-08-11T00:00:00+00:00
[2022-08-09 21:45:05,933] {processor.py:161} INFO - Processing /home/osboxes/airflow/dags/dag_hand1.py took 0.083 seconds
[2022-08-09 21:45:41,354] {processor.py:153} INFO - Started process (PID=352543) to work on /home/osboxes/airflow/dags/dag_hand1.py
[2022-08-09 21:45:41,355] {processor.py:641} INFO - Processing file /home/osboxes/airflow/dags/dag_hand1.py for tasks to queue
[2022-08-09 21:45:41,355] {logging_mixin.py:115} INFO - [2022-08-09 21:45:41,355] {dagbag.py:507} INFO - Filling up the DagBag from /home/osboxes/airflow/dags/dag_hand1.py
[2022-08-09 21:45:41,360] {processor.py:651} INFO - DAG(s) dict_keys(['Hands_pract_v1']) retrieved from /home/osboxes/airflow/dags/dag_hand1.py
[2022-08-09 21:45:41,376] {logging_mixin.py:115} INFO - [2022-08-09 21:45:41,376] {dag.py:2371} INFO - Sync 1 DAGs
[2022-08-09 21:45:41,407] {logging_mixin.py:115} INFO - [2022-08-09 21:45:41,407] {dag.py:2915} INFO - Setting next_dagrun for Hands_pract_v1 to 2022-08-10T00:00:00+00:00, run_after=2022-08-11T00:00:00+00:00
[2022-08-09 21:45:41,440] {processor.py:161} INFO - Processing /home/osboxes/airflow/dags/dag_hand1.py took 0.088 seconds
[2022-08-09 21:46:17,456] {processor.py:153} INFO - Started process (PID=352876) to work on /home/osboxes/airflow/dags/dag_hand1.py
[2022-08-09 21:46:17,459] {processor.py:641} INFO - Processing file /home/osboxes/airflow/dags/dag_hand1.py for tasks to queue
[2022-08-09 21:46:17,460] {logging_mixin.py:115} INFO - [2022-08-09 21:46:17,460] {dagbag.py:507} INFO - Filling up the DagBag from /home/osboxes/airflow/dags/dag_hand1.py
[2022-08-09 21:46:17,464] {processor.py:651} INFO - DAG(s) dict_keys(['Hands_pract_v1']) retrieved from /home/osboxes/airflow/dags/dag_hand1.py
[2022-08-09 21:46:17,481] {logging_mixin.py:115} INFO - [2022-08-09 21:46:17,481] {dag.py:2371} INFO - Sync 1 DAGs
[2022-08-09 21:46:17,493] {logging_mixin.py:115} INFO - [2022-08-09 21:46:17,493] {dag.py:2915} INFO - Setting next_dagrun for Hands_pract_v1 to 2022-08-10T00:00:00+00:00, run_after=2022-08-11T00:00:00+00:00
[2022-08-09 21:46:17,533] {processor.py:161} INFO - Processing /home/osboxes/airflow/dags/dag_hand1.py took 0.079 seconds
[2022-08-09 21:47:00,791] {processor.py:153} INFO - Started process (PID=353259) to work on /home/osboxes/airflow/dags/dag_hand1.py
[2022-08-09 21:47:00,792] {processor.py:641} INFO - Processing file /home/osboxes/airflow/dags/dag_hand1.py for tasks to queue
[2022-08-09 21:47:00,793] {logging_mixin.py:115} INFO - [2022-08-09 21:47:00,793] {dagbag.py:507} INFO - Filling up the DagBag from /home/osboxes/airflow/dags/dag_hand1.py
[2022-08-09 21:47:00,797] {processor.py:651} INFO - DAG(s) dict_keys(['Hands_pract_v1']) retrieved from /home/osboxes/airflow/dags/dag_hand1.py
[2022-08-09 21:47:00,815] {logging_mixin.py:115} INFO - [2022-08-09 21:47:00,812] {dag.py:2371} INFO - Sync 1 DAGs
[2022-08-09 21:47:00,827] {logging_mixin.py:115} INFO - [2022-08-09 21:47:00,827] {dag.py:2915} INFO - Setting next_dagrun for Hands_pract_v1 to 2022-08-10T00:00:00+00:00, run_after=2022-08-11T00:00:00+00:00
[2022-08-09 21:47:00,856] {processor.py:161} INFO - Processing /home/osboxes/airflow/dags/dag_hand1.py took 0.067 seconds
[2022-08-09 21:47:39,254] {processor.py:153} INFO - Started process (PID=353636) to work on /home/osboxes/airflow/dags/dag_hand1.py
[2022-08-09 21:47:39,256] {processor.py:641} INFO - Processing file /home/osboxes/airflow/dags/dag_hand1.py for tasks to queue
[2022-08-09 21:47:39,256] {logging_mixin.py:115} INFO - [2022-08-09 21:47:39,256] {dagbag.py:507} INFO - Filling up the DagBag from /home/osboxes/airflow/dags/dag_hand1.py
[2022-08-09 21:47:39,260] {processor.py:651} INFO - DAG(s) dict_keys(['Hands_pract_v1']) retrieved from /home/osboxes/airflow/dags/dag_hand1.py
[2022-08-09 21:47:39,275] {logging_mixin.py:115} INFO - [2022-08-09 21:47:39,275] {dag.py:2371} INFO - Sync 1 DAGs
[2022-08-09 21:47:39,290] {logging_mixin.py:115} INFO - [2022-08-09 21:47:39,290] {dag.py:2915} INFO - Setting next_dagrun for Hands_pract_v1 to 2022-08-10T00:00:00+00:00, run_after=2022-08-11T00:00:00+00:00
[2022-08-09 21:47:39,327] {processor.py:161} INFO - Processing /home/osboxes/airflow/dags/dag_hand1.py took 0.075 seconds
[2022-08-09 21:48:20,965] {processor.py:153} INFO - Started process (PID=354008) to work on /home/osboxes/airflow/dags/dag_hand1.py
[2022-08-09 21:48:20,966] {processor.py:641} INFO - Processing file /home/osboxes/airflow/dags/dag_hand1.py for tasks to queue
[2022-08-09 21:48:20,967] {logging_mixin.py:115} INFO - [2022-08-09 21:48:20,967] {dagbag.py:507} INFO - Filling up the DagBag from /home/osboxes/airflow/dags/dag_hand1.py
[2022-08-09 21:48:20,972] {processor.py:651} INFO - DAG(s) dict_keys(['Hands_pract_v1']) retrieved from /home/osboxes/airflow/dags/dag_hand1.py
[2022-08-09 21:48:20,987] {logging_mixin.py:115} INFO - [2022-08-09 21:48:20,987] {dag.py:2371} INFO - Sync 1 DAGs
[2022-08-09 21:48:21,000] {logging_mixin.py:115} INFO - [2022-08-09 21:48:21,000] {dag.py:2915} INFO - Setting next_dagrun for Hands_pract_v1 to 2022-08-10T00:00:00+00:00, run_after=2022-08-11T00:00:00+00:00
[2022-08-09 21:48:21,052] {processor.py:161} INFO - Processing /home/osboxes/airflow/dags/dag_hand1.py took 0.090 seconds
[2022-08-09 21:48:54,488] {processor.py:153} INFO - Started process (PID=354356) to work on /home/osboxes/airflow/dags/dag_hand1.py
[2022-08-09 21:48:54,489] {processor.py:641} INFO - Processing file /home/osboxes/airflow/dags/dag_hand1.py for tasks to queue
[2022-08-09 21:48:54,490] {logging_mixin.py:115} INFO - [2022-08-09 21:48:54,490] {dagbag.py:507} INFO - Filling up the DagBag from /home/osboxes/airflow/dags/dag_hand1.py
[2022-08-09 21:48:54,494] {processor.py:651} INFO - DAG(s) dict_keys(['Hands_pract_v1']) retrieved from /home/osboxes/airflow/dags/dag_hand1.py
[2022-08-09 21:48:54,511] {logging_mixin.py:115} INFO - [2022-08-09 21:48:54,511] {dag.py:2371} INFO - Sync 1 DAGs
[2022-08-09 21:48:54,524] {logging_mixin.py:115} INFO - [2022-08-09 21:48:54,524] {dag.py:2915} INFO - Setting next_dagrun for Hands_pract_v1 to 2022-08-10T00:00:00+00:00, run_after=2022-08-11T00:00:00+00:00
[2022-08-09 21:48:54,565] {processor.py:161} INFO - Processing /home/osboxes/airflow/dags/dag_hand1.py took 0.079 seconds
[2022-08-09 21:49:32,451] {processor.py:153} INFO - Started process (PID=354683) to work on /home/osboxes/airflow/dags/dag_hand1.py
[2022-08-09 21:49:32,453] {processor.py:641} INFO - Processing file /home/osboxes/airflow/dags/dag_hand1.py for tasks to queue
[2022-08-09 21:49:32,453] {logging_mixin.py:115} INFO - [2022-08-09 21:49:32,453] {dagbag.py:507} INFO - Filling up the DagBag from /home/osboxes/airflow/dags/dag_hand1.py
[2022-08-09 21:49:32,457] {processor.py:651} INFO - DAG(s) dict_keys(['Hands_pract_v1']) retrieved from /home/osboxes/airflow/dags/dag_hand1.py
[2022-08-09 21:49:32,474] {logging_mixin.py:115} INFO - [2022-08-09 21:49:32,474] {dag.py:2371} INFO - Sync 1 DAGs
[2022-08-09 21:49:32,486] {logging_mixin.py:115} INFO - [2022-08-09 21:49:32,486] {dag.py:2915} INFO - Setting next_dagrun for Hands_pract_v1 to 2022-08-10T00:00:00+00:00, run_after=2022-08-11T00:00:00+00:00
[2022-08-09 21:49:32,517] {processor.py:161} INFO - Processing /home/osboxes/airflow/dags/dag_hand1.py took 0.069 seconds
[2022-08-09 21:50:11,964] {processor.py:153} INFO - Started process (PID=355046) to work on /home/osboxes/airflow/dags/dag_hand1.py
[2022-08-09 21:50:11,965] {processor.py:641} INFO - Processing file /home/osboxes/airflow/dags/dag_hand1.py for tasks to queue
[2022-08-09 21:50:11,965] {logging_mixin.py:115} INFO - [2022-08-09 21:50:11,965] {dagbag.py:507} INFO - Filling up the DagBag from /home/osboxes/airflow/dags/dag_hand1.py
[2022-08-09 21:50:11,972] {processor.py:651} INFO - DAG(s) dict_keys(['Hands_pract_v1']) retrieved from /home/osboxes/airflow/dags/dag_hand1.py
[2022-08-09 21:50:11,992] {logging_mixin.py:115} INFO - [2022-08-09 21:50:11,991] {dag.py:2371} INFO - Sync 1 DAGs
[2022-08-09 21:50:12,005] {logging_mixin.py:115} INFO - [2022-08-09 21:50:12,005] {dag.py:2915} INFO - Setting next_dagrun for Hands_pract_v1 to 2022-08-10T00:00:00+00:00, run_after=2022-08-11T00:00:00+00:00
[2022-08-09 21:50:12,040] {processor.py:161} INFO - Processing /home/osboxes/airflow/dags/dag_hand1.py took 0.079 seconds
[2022-08-09 21:50:48,215] {processor.py:153} INFO - Started process (PID=355386) to work on /home/osboxes/airflow/dags/dag_hand1.py
[2022-08-09 21:50:48,217] {processor.py:641} INFO - Processing file /home/osboxes/airflow/dags/dag_hand1.py for tasks to queue
[2022-08-09 21:50:48,218] {logging_mixin.py:115} INFO - [2022-08-09 21:50:48,217] {dagbag.py:507} INFO - Filling up the DagBag from /home/osboxes/airflow/dags/dag_hand1.py
[2022-08-09 21:50:48,223] {processor.py:651} INFO - DAG(s) dict_keys(['Hands_pract_v1']) retrieved from /home/osboxes/airflow/dags/dag_hand1.py
[2022-08-09 21:50:48,238] {logging_mixin.py:115} INFO - [2022-08-09 21:50:48,238] {dag.py:2371} INFO - Sync 1 DAGs
[2022-08-09 21:50:48,251] {logging_mixin.py:115} INFO - [2022-08-09 21:50:48,250] {dag.py:2915} INFO - Setting next_dagrun for Hands_pract_v1 to 2022-08-10T00:00:00+00:00, run_after=2022-08-11T00:00:00+00:00
[2022-08-09 21:50:48,289] {processor.py:161} INFO - Processing /home/osboxes/airflow/dags/dag_hand1.py took 0.076 seconds
[2022-08-09 22:09:46,498] {processor.py:153} INFO - Started process (PID=356057) to work on /home/osboxes/airflow/dags/dag_hand1.py
[2022-08-09 22:09:46,500] {processor.py:641} INFO - Processing file /home/osboxes/airflow/dags/dag_hand1.py for tasks to queue
[2022-08-09 22:09:46,501] {logging_mixin.py:115} INFO - [2022-08-09 22:09:46,501] {dagbag.py:507} INFO - Filling up the DagBag from /home/osboxes/airflow/dags/dag_hand1.py
[2022-08-09 22:09:46,505] {processor.py:651} INFO - DAG(s) dict_keys(['Hands_pract_v1']) retrieved from /home/osboxes/airflow/dags/dag_hand1.py
[2022-08-09 22:09:46,520] {logging_mixin.py:115} INFO - [2022-08-09 22:09:46,520] {dag.py:2371} INFO - Sync 1 DAGs
[2022-08-09 22:09:46,532] {logging_mixin.py:115} INFO - [2022-08-09 22:09:46,532] {dag.py:2915} INFO - Setting next_dagrun for Hands_pract_v1 to 2022-08-10T00:00:00+00:00, run_after=2022-08-11T00:00:00+00:00
[2022-08-09 22:09:46,558] {processor.py:161} INFO - Processing /home/osboxes/airflow/dags/dag_hand1.py took 0.063 seconds
[2022-08-09 22:10:25,268] {processor.py:153} INFO - Started process (PID=356418) to work on /home/osboxes/airflow/dags/dag_hand1.py
[2022-08-09 22:10:25,271] {processor.py:641} INFO - Processing file /home/osboxes/airflow/dags/dag_hand1.py for tasks to queue
[2022-08-09 22:10:25,272] {logging_mixin.py:115} INFO - [2022-08-09 22:10:25,272] {dagbag.py:507} INFO - Filling up the DagBag from /home/osboxes/airflow/dags/dag_hand1.py
[2022-08-09 22:10:25,276] {processor.py:651} INFO - DAG(s) dict_keys(['Hands_pract_v1']) retrieved from /home/osboxes/airflow/dags/dag_hand1.py
[2022-08-09 22:10:25,290] {logging_mixin.py:115} INFO - [2022-08-09 22:10:25,290] {dag.py:2371} INFO - Sync 1 DAGs
[2022-08-09 22:10:25,303] {logging_mixin.py:115} INFO - [2022-08-09 22:10:25,303] {dag.py:2915} INFO - Setting next_dagrun for Hands_pract_v1 to 2022-08-10T00:00:00+00:00, run_after=2022-08-11T00:00:00+00:00
[2022-08-09 22:10:25,346] {processor.py:161} INFO - Processing /home/osboxes/airflow/dags/dag_hand1.py took 0.080 seconds
[2022-08-09 22:11:00,134] {processor.py:153} INFO - Started process (PID=356746) to work on /home/osboxes/airflow/dags/dag_hand1.py
[2022-08-09 22:11:00,136] {processor.py:641} INFO - Processing file /home/osboxes/airflow/dags/dag_hand1.py for tasks to queue
[2022-08-09 22:11:00,136] {logging_mixin.py:115} INFO - [2022-08-09 22:11:00,136] {dagbag.py:507} INFO - Filling up the DagBag from /home/osboxes/airflow/dags/dag_hand1.py
[2022-08-09 22:11:00,141] {processor.py:651} INFO - DAG(s) dict_keys(['Hands_pract_v1']) retrieved from /home/osboxes/airflow/dags/dag_hand1.py
[2022-08-09 22:11:00,156] {logging_mixin.py:115} INFO - [2022-08-09 22:11:00,156] {dag.py:2371} INFO - Sync 1 DAGs
[2022-08-09 22:11:00,167] {logging_mixin.py:115} INFO - [2022-08-09 22:11:00,167] {dag.py:2915} INFO - Setting next_dagrun for Hands_pract_v1 to 2022-08-10T00:00:00+00:00, run_after=2022-08-11T00:00:00+00:00
[2022-08-09 22:11:00,206] {processor.py:161} INFO - Processing /home/osboxes/airflow/dags/dag_hand1.py took 0.075 seconds
[2022-08-09 22:11:41,455] {processor.py:153} INFO - Started process (PID=357125) to work on /home/osboxes/airflow/dags/dag_hand1.py
[2022-08-09 22:11:41,458] {processor.py:641} INFO - Processing file /home/osboxes/airflow/dags/dag_hand1.py for tasks to queue
[2022-08-09 22:11:41,458] {logging_mixin.py:115} INFO - [2022-08-09 22:11:41,458] {dagbag.py:507} INFO - Filling up the DagBag from /home/osboxes/airflow/dags/dag_hand1.py
[2022-08-09 22:11:41,463] {processor.py:651} INFO - DAG(s) dict_keys(['Hands_pract_v1']) retrieved from /home/osboxes/airflow/dags/dag_hand1.py
[2022-08-09 22:11:41,481] {logging_mixin.py:115} INFO - [2022-08-09 22:11:41,481] {dag.py:2371} INFO - Sync 1 DAGs
[2022-08-09 22:11:41,496] {logging_mixin.py:115} INFO - [2022-08-09 22:11:41,496] {dag.py:2915} INFO - Setting next_dagrun for Hands_pract_v1 to 2022-08-10T00:00:00+00:00, run_after=2022-08-11T00:00:00+00:00
[2022-08-09 22:11:41,527] {processor.py:161} INFO - Processing /home/osboxes/airflow/dags/dag_hand1.py took 0.074 seconds
[2022-08-09 22:12:20,167] {processor.py:153} INFO - Started process (PID=357524) to work on /home/osboxes/airflow/dags/dag_hand1.py
[2022-08-09 22:12:20,168] {processor.py:641} INFO - Processing file /home/osboxes/airflow/dags/dag_hand1.py for tasks to queue
[2022-08-09 22:12:20,168] {logging_mixin.py:115} INFO - [2022-08-09 22:12:20,168] {dagbag.py:507} INFO - Filling up the DagBag from /home/osboxes/airflow/dags/dag_hand1.py
[2022-08-09 22:12:20,173] {processor.py:651} INFO - DAG(s) dict_keys(['Hands_pract_v1']) retrieved from /home/osboxes/airflow/dags/dag_hand1.py
[2022-08-09 22:12:20,188] {logging_mixin.py:115} INFO - [2022-08-09 22:12:20,188] {dag.py:2371} INFO - Sync 1 DAGs
[2022-08-09 22:12:20,203] {logging_mixin.py:115} INFO - [2022-08-09 22:12:20,203] {dag.py:2915} INFO - Setting next_dagrun for Hands_pract_v1 to 2022-08-10T00:00:00+00:00, run_after=2022-08-11T00:00:00+00:00
[2022-08-09 22:12:20,243] {processor.py:161} INFO - Processing /home/osboxes/airflow/dags/dag_hand1.py took 0.079 seconds
[2022-08-09 22:12:57,771] {processor.py:153} INFO - Started process (PID=357870) to work on /home/osboxes/airflow/dags/dag_hand1.py
[2022-08-09 22:12:57,773] {processor.py:641} INFO - Processing file /home/osboxes/airflow/dags/dag_hand1.py for tasks to queue
[2022-08-09 22:12:57,773] {logging_mixin.py:115} INFO - [2022-08-09 22:12:57,773] {dagbag.py:507} INFO - Filling up the DagBag from /home/osboxes/airflow/dags/dag_hand1.py
[2022-08-09 22:12:57,778] {processor.py:651} INFO - DAG(s) dict_keys(['Hands_pract_v1']) retrieved from /home/osboxes/airflow/dags/dag_hand1.py
[2022-08-09 22:12:57,792] {logging_mixin.py:115} INFO - [2022-08-09 22:12:57,792] {dag.py:2371} INFO - Sync 1 DAGs
[2022-08-09 22:12:57,817] {logging_mixin.py:115} INFO - [2022-08-09 22:12:57,817] {dag.py:2915} INFO - Setting next_dagrun for Hands_pract_v1 to 2022-08-10T00:00:00+00:00, run_after=2022-08-11T00:00:00+00:00
[2022-08-09 22:12:57,864] {processor.py:161} INFO - Processing /home/osboxes/airflow/dags/dag_hand1.py took 0.095 seconds
[2022-08-09 22:13:35,686] {processor.py:153} INFO - Started process (PID=358214) to work on /home/osboxes/airflow/dags/dag_hand1.py
[2022-08-09 22:13:35,687] {processor.py:641} INFO - Processing file /home/osboxes/airflow/dags/dag_hand1.py for tasks to queue
[2022-08-09 22:13:35,688] {logging_mixin.py:115} INFO - [2022-08-09 22:13:35,688] {dagbag.py:507} INFO - Filling up the DagBag from /home/osboxes/airflow/dags/dag_hand1.py
[2022-08-09 22:13:35,692] {processor.py:651} INFO - DAG(s) dict_keys(['Hands_pract_v1']) retrieved from /home/osboxes/airflow/dags/dag_hand1.py
[2022-08-09 22:13:35,709] {logging_mixin.py:115} INFO - [2022-08-09 22:13:35,709] {dag.py:2371} INFO - Sync 1 DAGs
[2022-08-09 22:13:35,721] {logging_mixin.py:115} INFO - [2022-08-09 22:13:35,721] {dag.py:2915} INFO - Setting next_dagrun for Hands_pract_v1 to 2022-08-10T00:00:00+00:00, run_after=2022-08-11T00:00:00+00:00
[2022-08-09 22:13:35,751] {processor.py:161} INFO - Processing /home/osboxes/airflow/dags/dag_hand1.py took 0.067 seconds
                                                                                                                                                                                                                                                                                                                                                                                                                                                                                                                                                                                                                                                                                                                                                                                                                                                                                                                                                                                                                                                            