[2022-06-23 10:28:44,954] {processor.py:153} INFO - Started process (PID=27857) to work on /home/osboxes/.local/lib/python3.8/site-packages/airflow/example_dags/example_branch_datetime_operator.py
[2022-06-23 10:28:44,987] {processor.py:641} INFO - Processing file /home/osboxes/.local/lib/python3.8/site-packages/airflow/example_dags/example_branch_datetime_operator.py for tasks to queue
[2022-06-23 10:28:44,992] {logging_mixin.py:115} INFO - [2022-06-23 10:28:44,992] {dagbag.py:507} INFO - Filling up the DagBag from /home/osboxes/.local/lib/python3.8/site-packages/airflow/example_dags/example_branch_datetime_operator.py
[2022-06-23 10:28:45,155] {processor.py:651} INFO - DAG(s) dict_keys(['example_branch_datetime_operator_2']) retrieved from /home/osboxes/.local/lib/python3.8/site-packages/airflow/example_dags/example_branch_datetime_operator.py
[2022-06-23 10:28:45,790] {logging_mixin.py:115} INFO - [2022-06-23 10:28:45,789] {manager.py:508} INFO - Created Permission View: can edit on DAG:example_branch_datetime_operator_2
[2022-06-23 10:28:46,147] {logging_mixin.py:115} INFO - [2022-06-23 10:28:46,147] {manager.py:508} INFO - Created Permission View: can read on DAG:example_branch_datetime_operator_2
[2022-06-23 10:28:46,178] {logging_mixin.py:115} INFO - [2022-06-23 10:28:46,178] {manager.py:508} INFO - Created Permission View: can delete on DAG:example_branch_datetime_operator_2
[2022-06-23 10:28:46,178] {logging_mixin.py:115} INFO - [2022-06-23 10:28:46,178] {dag.py:2371} INFO - Sync 1 DAGs
[2022-06-23 10:28:46,185] {logging_mixin.py:115} INFO - [2022-06-23 10:28:46,185] {dag.py:2390} INFO - Creating ORM DAG for example_branch_datetime_operator_2
[2022-06-23 10:28:46,196] {logging_mixin.py:115} INFO - [2022-06-23 10:28:46,196] {dag.py:2915} INFO - Setting next_dagrun for example_branch_datetime_operator_2 to 2022-06-22T00:00:00+00:00, run_after=2022-06-23T00:00:00+00:00
[2022-06-23 10:28:46,245] {processor.py:161} INFO - Processing /home/osboxes/.local/lib/python3.8/site-packages/airflow/example_dags/example_branch_datetime_operator.py took 1.294 seconds
[2022-06-23 10:29:24,909] {processor.py:153} INFO - Started process (PID=28176) to work on /home/osboxes/.local/lib/python3.8/site-packages/airflow/example_dags/example_branch_datetime_operator.py
[2022-06-23 10:29:24,910] {processor.py:641} INFO - Processing file /home/osboxes/.local/lib/python3.8/site-packages/airflow/example_dags/example_branch_datetime_operator.py for tasks to queue
[2022-06-23 10:29:24,911] {logging_mixin.py:115} INFO - [2022-06-23 10:29:24,911] {dagbag.py:507} INFO - Filling up the DagBag from /home/osboxes/.local/lib/python3.8/site-packages/airflow/example_dags/example_branch_datetime_operator.py
[2022-06-23 10:29:24,917] {processor.py:651} INFO - DAG(s) dict_keys(['example_branch_datetime_operator_2']) retrieved from /home/osboxes/.local/lib/python3.8/site-packages/airflow/example_dags/example_branch_datetime_operator.py
[2022-06-23 10:29:24,933] {logging_mixin.py:115} INFO - [2022-06-23 10:29:24,933] {dag.py:2371} INFO - Sync 1 DAGs
[2022-06-23 10:29:24,950] {logging_mixin.py:115} INFO - [2022-06-23 10:29:24,950] {dag.py:2915} INFO - Setting next_dagrun for example_branch_datetime_operator_2 to 2022-06-22T00:00:00+00:00, run_after=2022-06-23T00:00:00+00:00
[2022-06-23 10:29:25,002] {processor.py:161} INFO - Processing /home/osboxes/.local/lib/python3.8/site-packages/airflow/example_dags/example_branch_datetime_operator.py took 0.095 seconds
[2022-06-23 10:30:04,120] {processor.py:153} INFO - Started process (PID=28527) to work on /home/osboxes/.local/lib/python3.8/site-packages/airflow/example_dags/example_branch_datetime_operator.py
[2022-06-23 10:30:04,122] {processor.py:641} INFO - Processing file /home/osboxes/.local/lib/python3.8/site-packages/airflow/example_dags/example_branch_datetime_operator.py for tasks to queue
[2022-06-23 10:30:04,122] {logging_mixin.py:115} INFO - [2022-06-23 10:30:04,122] {dagbag.py:507} INFO - Filling up the DagBag from /home/osboxes/.local/lib/python3.8/site-packages/airflow/example_dags/example_branch_datetime_operator.py
[2022-06-23 10:30:04,128] {processor.py:651} INFO - DAG(s) dict_keys(['example_branch_datetime_operator_2']) retrieved from /home/osboxes/.local/lib/python3.8/site-packages/airflow/example_dags/example_branch_datetime_operator.py
[2022-06-23 10:30:04,144] {logging_mixin.py:115} INFO - [2022-06-23 10:30:04,144] {dag.py:2371} INFO - Sync 1 DAGs
[2022-06-23 10:30:04,160] {logging_mixin.py:115} INFO - [2022-06-23 10:30:04,160] {dag.py:2915} INFO - Setting next_dagrun for example_branch_datetime_operator_2 to 2022-06-22T00:00:00+00:00, run_after=2022-06-23T00:00:00+00:00
[2022-06-23 10:30:04,196] {processor.py:161} INFO - Processing /home/osboxes/.local/lib/python3.8/site-packages/airflow/example_dags/example_branch_datetime_operator.py took 0.078 seconds
[2022-06-23 10:30:39,592] {processor.py:153} INFO - Started process (PID=28820) to work on /home/osboxes/.local/lib/python3.8/site-packages/airflow/example_dags/example_branch_datetime_operator.py
[2022-06-23 10:30:39,594] {processor.py:641} INFO - Processing file /home/osboxes/.local/lib/python3.8/site-packages/airflow/example_dags/example_branch_datetime_operator.py for tasks to queue
[2022-06-23 10:30:39,595] {logging_mixin.py:115} INFO - [2022-06-23 10:30:39,595] {dagbag.py:507} INFO - Filling up the DagBag from /home/osboxes/.local/lib/python3.8/site-packages/airflow/example_dags/example_branch_datetime_operator.py
[2022-06-23 10:30:39,601] {processor.py:651} INFO - DAG(s) dict_keys(['example_branch_datetime_operator_2']) retrieved from /home/osboxes/.local/lib/python3.8/site-packages/airflow/example_dags/example_branch_datetime_operator.py
[2022-06-23 10:30:39,617] {logging_mixin.py:115} INFO - [2022-06-23 10:30:39,617] {dag.py:2371} INFO - Sync 1 DAGs
[2022-06-23 10:30:39,633] {logging_mixin.py:115} INFO - [2022-06-23 10:30:39,633] {dag.py:2915} INFO - Setting next_dagrun for example_branch_datetime_operator_2 to 2022-06-22T00:00:00+00:00, run_after=2022-06-23T00:00:00+00:00
[2022-06-23 10:30:39,672] {processor.py:161} INFO - Processing /home/osboxes/.local/lib/python3.8/site-packages/airflow/example_dags/example_branch_datetime_operator.py took 0.082 seconds
[2022-06-23 10:31:15,190] {processor.py:153} INFO - Started process (PID=29097) to work on /home/osboxes/.local/lib/python3.8/site-packages/airflow/example_dags/example_branch_datetime_operator.py
[2022-06-23 10:31:15,192] {processor.py:641} INFO - Processing file /home/osboxes/.local/lib/python3.8/site-packages/airflow/example_dags/example_branch_datetime_operator.py for tasks to queue
[2022-06-23 10:31:15,193] {logging_mixin.py:115} INFO - [2022-06-23 10:31:15,193] {dagbag.py:507} INFO - Filling up the DagBag from /home/osboxes/.local/lib/python3.8/site-packages/airflow/example_dags/example_branch_datetime_operator.py
[2022-06-23 10:31:15,198] {processor.py:651} INFO - DAG(s) dict_keys(['example_branch_datetime_operator_2']) retrieved from /home/osboxes/.local/lib/python3.8/site-packages/airflow/example_dags/example_branch_datetime_operator.py
[2022-06-23 10:31:15,215] {logging_mixin.py:115} INFO - [2022-06-23 10:31:15,215] {dag.py:2371} INFO - Sync 1 DAGs
[2022-06-23 10:31:15,230] {logging_mixin.py:115} INFO - [2022-06-23 10:31:15,230] {dag.py:2915} INFO - Setting next_dagrun for example_branch_datetime_operator_2 to 2022-06-22T00:00:00+00:00, run_after=2022-06-23T00:00:00+00:00
[2022-06-23 10:31:15,279] {processor.py:161} INFO - Processing /home/osboxes/.local/lib/python3.8/site-packages/airflow/example_dags/example_branch_datetime_operator.py took 0.091 seconds
[2022-06-23 10:31:55,041] {processor.py:153} INFO - Started process (PID=29484) to work on /home/osboxes/.local/lib/python3.8/site-packages/airflow/example_dags/example_branch_datetime_operator.py
[2022-06-23 10:31:55,059] {processor.py:641} INFO - Processing file /home/osboxes/.local/lib/python3.8/site-packages/airflow/example_dags/example_branch_datetime_operator.py for tasks to queue
[2022-06-23 10:31:55,060] {logging_mixin.py:115} INFO - [2022-06-23 10:31:55,059] {dagbag.py:507} INFO - Filling up the DagBag from /home/osboxes/.local/lib/python3.8/site-packages/airflow/example_dags/example_branch_datetime_operator.py
[2022-06-23 10:31:55,073] {processor.py:651} INFO - DAG(s) dict_keys(['example_branch_datetime_operator_2']) retrieved from /home/osboxes/.local/lib/python3.8/site-packages/airflow/example_dags/example_branch_datetime_operator.py
[2022-06-23 10:31:55,094] {logging_mixin.py:115} INFO - [2022-06-23 10:31:55,094] {dag.py:2371} INFO - Sync 1 DAGs
[2022-06-23 10:31:55,111] {logging_mixin.py:115} INFO - [2022-06-23 10:31:55,110] {dag.py:2915} INFO - Setting next_dagrun for example_branch_datetime_operator_2 to 2022-06-22T00:00:00+00:00, run_after=2022-06-23T00:00:00+00:00
[2022-06-23 10:31:55,153] {processor.py:161} INFO - Processing /home/osboxes/.local/lib/python3.8/site-packages/airflow/example_dags/example_branch_datetime_operator.py took 0.114 seconds
[2022-06-23 10:32:30,316] {processor.py:153} INFO - Started process (PID=29905) to work on /home/osboxes/.local/lib/python3.8/site-packages/airflow/example_dags/example_branch_datetime_operator.py
[2022-06-23 10:32:30,330] {processor.py:641} INFO - Processing file /home/osboxes/.local/lib/python3.8/site-packages/airflow/example_dags/example_branch_datetime_operator.py for tasks to queue
[2022-06-23 10:32:30,331] {logging_mixin.py:115} INFO - [2022-06-23 10:32:30,331] {dagbag.py:507} INFO - Filling up the DagBag from /home/osboxes/.local/lib/python3.8/site-packages/airflow/example_dags/example_branch_datetime_operator.py
[2022-06-23 10:32:30,354] {processor.py:651} INFO - DAG(s) dict_keys(['example_branch_datetime_operator_2']) retrieved from /home/osboxes/.local/lib/python3.8/site-packages/airflow/example_dags/example_branch_datetime_operator.py
[2022-06-23 10:32:30,370] {logging_mixin.py:115} INFO - [2022-06-23 10:32:30,370] {dag.py:2371} INFO - Sync 1 DAGs
[2022-06-23 10:32:30,389] {logging_mixin.py:115} INFO - [2022-06-23 10:32:30,389] {dag.py:2915} INFO - Setting next_dagrun for example_branch_datetime_operator_2 to 2022-06-22T00:00:00+00:00, run_after=2022-06-23T00:00:00+00:00
[2022-06-23 10:32:30,420] {processor.py:161} INFO - Processing /home/osboxes/.local/lib/python3.8/site-packages/airflow/example_dags/example_branch_datetime_operator.py took 0.106 seconds
[2022-06-23 10:33:11,503] {processor.py:153} INFO - Started process (PID=30418) to work on /home/osboxes/.local/lib/python3.8/site-packages/airflow/example_dags/example_branch_datetime_operator.py
[2022-06-23 10:33:11,506] {processor.py:641} INFO - Processing file /home/osboxes/.local/lib/python3.8/site-packages/airflow/example_dags/example_branch_datetime_operator.py for tasks to queue
[2022-06-23 10:33:11,506] {logging_mixin.py:115} INFO - [2022-06-23 10:33:11,506] {dagbag.py:507} INFO - Filling up the DagBag from /home/osboxes/.local/lib/python3.8/site-packages/airflow/example_dags/example_branch_datetime_operator.py
[2022-06-23 10:33:11,517] {processor.py:651} INFO - DAG(s) dict_keys(['example_branch_datetime_operator_2']) retrieved from /home/osboxes/.local/lib/python3.8/site-packages/airflow/example_dags/example_branch_datetime_operator.py
[2022-06-23 10:33:11,539] {logging_mixin.py:115} INFO - [2022-06-23 10:33:11,539] {dag.py:2371} INFO - Sync 1 DAGs
[2022-06-23 10:33:11,560] {logging_mixin.py:115} INFO - [2022-06-23 10:33:11,560] {dag.py:2915} INFO - Setting next_dagrun for example_branch_datetime_operator_2 to 2022-06-22T00:00:00+00:00, run_after=2022-06-23T00:00:00+00:00
[2022-06-23 10:33:11,594] {processor.py:161} INFO - Processing /home/osboxes/.local/lib/python3.8/site-packages/airflow/example_dags/example_branch_datetime_operator.py took 0.093 seconds
[2022-06-23 10:33:50,469] {processor.py:153} INFO - Started process (PID=30881) to work on /home/osboxes/.local/lib/python3.8/site-packages/airflow/example_dags/example_branch_datetime_operator.py
[2022-06-23 10:33:50,470] {processor.py:641} INFO - Processing file /home/osboxes/.local/lib/python3.8/site-packages/airflow/example_dags/example_branch_datetime_operator.py for tasks to queue
[2022-06-23 10:33:50,471] {logging_mixin.py:115} INFO - [2022-06-23 10:33:50,471] {dagbag.py:507} INFO - Filling up the DagBag from /home/osboxes/.local/lib/python3.8/site-packages/airflow/example_dags/example_branch_datetime_operator.py
[2022-06-23 10:33:50,480] {processor.py:651} INFO - DAG(s) dict_keys(['example_branch_datetime_operator_2']) retrieved from /home/osboxes/.local/lib/python3.8/site-packages/airflow/example_dags/example_branch_datetime_operator.py
[2022-06-23 10:33:50,497] {logging_mixin.py:115} INFO - [2022-06-23 10:33:50,497] {dag.py:2371} INFO - Sync 1 DAGs
[2022-06-23 10:33:50,517] {logging_mixin.py:115} INFO - [2022-06-23 10:33:50,517] {dag.py:2915} INFO - Setting next_dagrun for example_branch_datetime_operator_2 to 2022-06-22T00:00:00+00:00, run_after=2022-06-23T00:00:00+00:00
[2022-06-23 10:33:50,543] {processor.py:161} INFO - Processing /home/osboxes/.local/lib/python3.8/site-packages/airflow/example_dags/example_branch_datetime_operator.py took 0.076 seconds
[2022-06-23 10:34:29,928] {processor.py:153} INFO - Started process (PID=31301) to work on /home/osboxes/.local/lib/python3.8/site-packages/airflow/example_dags/example_branch_datetime_operator.py
[2022-06-23 10:34:29,932] {processor.py:641} INFO - Processing file /home/osboxes/.local/lib/python3.8/site-packages/airflow/example_dags/example_branch_datetime_operator.py for tasks to queue
[2022-06-23 10:34:29,933] {logging_mixin.py:115} INFO - [2022-06-23 10:34:29,933] {dagbag.py:507} INFO - Filling up the DagBag from /home/osboxes/.local/lib/python3.8/site-packages/airflow/example_dags/example_branch_datetime_operator.py
[2022-06-23 10:34:29,942] {processor.py:651} INFO - DAG(s) dict_keys(['example_branch_datetime_operator_2']) retrieved from /home/osboxes/.local/lib/python3.8/site-packages/airflow/example_dags/example_branch_datetime_operator.py
[2022-06-23 10:34:29,958] {logging_mixin.py:115} INFO - [2022-06-23 10:34:29,958] {dag.py:2371} INFO - Sync 1 DAGs
[2022-06-23 10:34:29,975] {logging_mixin.py:115} INFO - [2022-06-23 10:34:29,975] {dag.py:2915} INFO - Setting next_dagrun for example_branch_datetime_operator_2 to 2022-06-22T00:00:00+00:00, run_after=2022-06-23T00:00:00+00:00
[2022-06-23 10:34:30,016] {processor.py:161} INFO - Processing /home/osboxes/.local/lib/python3.8/site-packages/airflow/example_dags/example_branch_datetime_operator.py took 0.090 seconds
[2022-06-23 10:35:05,731] {processor.py:153} INFO - Started process (PID=31722) to work on /home/osboxes/.local/lib/python3.8/site-packages/airflow/example_dags/example_branch_datetime_operator.py
[2022-06-23 10:35:05,745] {processor.py:641} INFO - Processing file /home/osboxes/.local/lib/python3.8/site-packages/airflow/example_dags/example_branch_datetime_operator.py for tasks to queue
[2022-06-23 10:35:05,745] {logging_mixin.py:115} INFO - [2022-06-23 10:35:05,745] {dagbag.py:507} INFO - Filling up the DagBag from /home/osboxes/.local/lib/python3.8/site-packages/airflow/example_dags/example_branch_datetime_operator.py
[2022-06-23 10:35:05,757] {processor.py:651} INFO - DAG(s) dict_keys(['example_branch_datetime_operator_2']) retrieved from /home/osboxes/.local/lib/python3.8/site-packages/airflow/example_dags/example_branch_datetime_operator.py
[2022-06-23 10:35:05,786] {logging_mixin.py:115} INFO - [2022-06-23 10:35:05,786] {dag.py:2371} INFO - Sync 1 DAGs
[2022-06-23 10:35:05,802] {logging_mixin.py:115} INFO - [2022-06-23 10:35:05,802] {dag.py:2915} INFO - Setting next_dagrun for example_branch_datetime_operator_2 to 2022-06-22T00:00:00+00:00, run_after=2022-06-23T00:00:00+00:00
[2022-06-23 10:35:05,841] {processor.py:161} INFO - Processing /home/osboxes/.local/lib/python3.8/site-packages/airflow/example_dags/example_branch_datetime_operator.py took 0.126 seconds
[2022-06-23 10:35:52,835] {processor.py:153} INFO - Started process (PID=32204) to work on /home/osboxes/.local/lib/python3.8/site-packages/airflow/example_dags/example_branch_datetime_operator.py
[2022-06-23 10:35:52,837] {processor.py:641} INFO - Processing file /home/osboxes/.local/lib/python3.8/site-packages/airflow/example_dags/example_branch_datetime_operator.py for tasks to queue
[2022-06-23 10:35:52,838] {logging_mixin.py:115} INFO - [2022-06-23 10:35:52,838] {dagbag.py:507} INFO - Filling up the DagBag from /home/osboxes/.local/lib/python3.8/site-packages/airflow/example_dags/example_branch_datetime_operator.py
[2022-06-23 10:35:52,859] {processor.py:651} INFO - DAG(s) dict_keys(['example_branch_datetime_operator_2']) retrieved from /home/osboxes/.local/lib/python3.8/site-packages/airflow/example_dags/example_branch_datetime_operator.py
[2022-06-23 10:35:52,883] {logging_mixin.py:115} INFO - [2022-06-23 10:35:52,883] {dag.py:2371} INFO - Sync 1 DAGs
[2022-06-23 10:35:52,955] {logging_mixin.py:115} INFO - [2022-06-23 10:35:52,955] {dag.py:2915} INFO - Setting next_dagrun for example_branch_datetime_operator_2 to 2022-06-22T00:00:00+00:00, run_after=2022-06-23T00:00:00+00:00
[2022-06-23 10:35:53,244] {processor.py:161} INFO - Processing /home/osboxes/.local/lib/python3.8/site-packages/airflow/example_dags/example_branch_datetime_operator.py took 0.411 seconds
[2022-06-23 10:37:05,030] {processor.py:153} INFO - Started process (PID=32875) to work on /home/osboxes/.local/lib/python3.8/site-packages/airflow/example_dags/example_branch_datetime_operator.py
[2022-06-23 10:37:05,052] {processor.py:641} INFO - Processing file /home/osboxes/.local/lib/python3.8/site-packages/airflow/example_dags/example_branch_datetime_operator.py for tasks to queue
[2022-06-23 10:37:05,053] {logging_mixin.py:115} INFO - [2022-06-23 10:37:05,053] {dagbag.py:507} INFO - Filling up the DagBag from /home/osboxes/.local/lib/python3.8/site-packages/airflow/example_dags/example_branch_datetime_operator.py
[2022-06-23 10:37:05,092] {processor.py:651} INFO - DAG(s) dict_keys(['example_branch_datetime_operator_2']) retrieved from /home/osboxes/.local/lib/python3.8/site-packages/airflow/example_dags/example_branch_datetime_operator.py
[2022-06-23 10:37:05,147] {logging_mixin.py:115} INFO - [2022-06-23 10:37:05,147] {dag.py:2371} INFO - Sync 1 DAGs
[2022-06-23 10:37:05,185] {logging_mixin.py:115} INFO - [2022-06-23 10:37:05,185] {dag.py:2915} INFO - Setting next_dagrun for example_branch_datetime_operator_2 to 2022-06-22T00:00:00+00:00, run_after=2022-06-23T00:00:00+00:00
[2022-06-23 10:37:05,324] {processor.py:161} INFO - Processing /home/osboxes/.local/lib/python3.8/site-packages/airflow/example_dags/example_branch_datetime_operator.py took 0.297 seconds
[2022-06-23 10:38:05,267] {processor.py:153} INFO - Started process (PID=33468) to work on /home/osboxes/.local/lib/python3.8/site-packages/airflow/example_dags/example_branch_datetime_operator.py
[2022-06-23 10:38:05,344] {processor.py:641} INFO - Processing file /home/osboxes/.local/lib/python3.8/site-packages/airflow/example_dags/example_branch_datetime_operator.py for tasks to queue
[2022-06-23 10:38:05,345] {logging_mixin.py:115} INFO - [2022-06-23 10:38:05,345] {dagbag.py:507} INFO - Filling up the DagBag from /home/osboxes/.local/lib/python3.8/site-packages/airflow/example_dags/example_branch_datetime_operator.py
[2022-06-23 10:38:05,364] {processor.py:651} INFO - DAG(s) dict_keys(['example_branch_datetime_operator_2']) retrieved from /home/osboxes/.local/lib/python3.8/site-packages/airflow/example_dags/example_branch_datetime_operator.py
[2022-06-23 10:38:05,389] {logging_mixin.py:115} INFO - [2022-06-23 10:38:05,389] {dag.py:2371} INFO - Sync 1 DAGs
[2022-06-23 10:38:05,418] {logging_mixin.py:115} INFO - [2022-06-23 10:38:05,417] {dag.py:2915} INFO - Setting next_dagrun for example_branch_datetime_operator_2 to 2022-06-22T00:00:00+00:00, run_after=2022-06-23T00:00:00+00:00
[2022-06-23 10:38:05,489] {processor.py:161} INFO - Processing /home/osboxes/.local/lib/python3.8/site-packages/airflow/example_dags/example_branch_datetime_operator.py took 0.225 seconds
[2022-06-23 10:38:47,472] {processor.py:153} INFO - Started process (PID=33839) to work on /home/osboxes/.local/lib/python3.8/site-packages/airflow/example_dags/example_branch_datetime_operator.py
[2022-06-23 10:38:47,527] {processor.py:641} INFO - Processing file /home/osboxes/.local/lib/python3.8/site-packages/airflow/example_dags/example_branch_datetime_operator.py for tasks to queue
[2022-06-23 10:38:47,530] {logging_mixin.py:115} INFO - [2022-06-23 10:38:47,530] {dagbag.py:507} INFO - Filling up the DagBag from /home/osboxes/.local/lib/python3.8/site-packages/airflow/example_dags/example_branch_datetime_operator.py
[2022-06-23 10:38:47,536] {processor.py:651} INFO - DAG(s) dict_keys(['example_branch_datetime_operator_2']) retrieved from /home/osboxes/.local/lib/python3.8/site-packages/airflow/example_dags/example_branch_datetime_operator.py
[2022-06-23 10:38:47,579] {logging_mixin.py:115} INFO - [2022-06-23 10:38:47,579] {dag.py:2371} INFO - Sync 1 DAGs
[2022-06-23 10:38:47,606] {logging_mixin.py:115} INFO - [2022-06-23 10:38:47,605] {dag.py:2915} INFO - Setting next_dagrun for example_branch_datetime_operator_2 to 2022-06-22T00:00:00+00:00, run_after=2022-06-23T00:00:00+00:00
[2022-06-23 10:38:47,952] {processor.py:161} INFO - Processing /home/osboxes/.local/lib/python3.8/site-packages/airflow/example_dags/example_branch_datetime_operator.py took 0.482 seconds
[2022-06-23 10:39:26,899] {processor.py:153} INFO - Started process (PID=34168) to work on /home/osboxes/.local/lib/python3.8/site-packages/airflow/example_dags/example_branch_datetime_operator.py
[2022-06-23 10:39:26,901] {processor.py:641} INFO - Processing file /home/osboxes/.local/lib/python3.8/site-packages/airflow/example_dags/example_branch_datetime_operator.py for tasks to queue
[2022-06-23 10:39:26,901] {logging_mixin.py:115} INFO - [2022-06-23 10:39:26,901] {dagbag.py:507} INFO - Filling up the DagBag from /home/osboxes/.local/lib/python3.8/site-packages/airflow/example_dags/example_branch_datetime_operator.py
[2022-06-23 10:39:26,907] {processor.py:651} INFO - DAG(s) dict_keys(['example_branch_datetime_operator_2']) retrieved from /home/osboxes/.local/lib/python3.8/site-packages/airflow/example_dags/example_branch_datetime_operator.py
[2022-06-23 10:39:26,923] {logging_mixin.py:115} INFO - [2022-06-23 10:39:26,923] {dag.py:2371} INFO - Sync 1 DAGs
[2022-06-23 10:39:26,943] {logging_mixin.py:115} INFO - [2022-06-23 10:39:26,942] {dag.py:2915} INFO - Setting next_dagrun for example_branch_datetime_operator_2 to 2022-06-22T00:00:00+00:00, run_after=2022-06-23T00:00:00+00:00
[2022-06-23 10:39:26,995] {processor.py:161} INFO - Processing /home/osboxes/.local/lib/python3.8/site-packages/airflow/example_dags/example_branch_datetime_operator.py took 0.100 seconds
[2022-06-23 10:40:05,137] {processor.py:153} INFO - Started process (PID=34590) to work on /home/osboxes/.local/lib/python3.8/site-packages/airflow/example_dags/example_branch_datetime_operator.py
[2022-06-23 10:40:05,139] {processor.py:641} INFO - Processing file /home/osboxes/.local/lib/python3.8/site-packages/airflow/example_dags/example_branch_datetime_operator.py for tasks to queue
[2022-06-23 10:40:05,140] {logging_mixin.py:115} INFO - [2022-06-23 10:40:05,140] {dagbag.py:507} INFO - Filling up the DagBag from /home/osboxes/.local/lib/python3.8/site-packages/airflow/example_dags/example_branch_datetime_operator.py
[2022-06-23 10:40:05,149] {processor.py:651} INFO - DAG(s) dict_keys(['example_branch_datetime_operator_2']) retrieved from /home/osboxes/.local/lib/python3.8/site-packages/airflow/example_dags/example_branch_datetime_operator.py
[2022-06-23 10:40:05,166] {logging_mixin.py:115} INFO - [2022-06-23 10:40:05,166] {dag.py:2371} INFO - Sync 1 DAGs
[2022-06-23 10:40:05,183] {logging_mixin.py:115} INFO - [2022-06-23 10:40:05,183] {dag.py:2915} INFO - Setting next_dagrun for example_branch_datetime_operator_2 to 2022-06-22T00:00:00+00:00, run_after=2022-06-23T00:00:00+00:00
[2022-06-23 10:40:05,223] {processor.py:161} INFO - Processing /home/osboxes/.local/lib/python3.8/site-packages/airflow/example_dags/example_branch_datetime_operator.py took 0.087 seconds
[2022-06-23 10:40:40,926] {processor.py:153} INFO - Started process (PID=34905) to work on /home/osboxes/.local/lib/python3.8/site-packages/airflow/example_dags/example_branch_datetime_operator.py
[2022-06-23 10:40:40,932] {processor.py:641} INFO - Processing file /home/osboxes/.local/lib/python3.8/site-packages/airflow/example_dags/example_branch_datetime_operator.py for tasks to queue
[2022-06-23 10:40:40,933] {logging_mixin.py:115} INFO - [2022-06-23 10:40:40,933] {dagbag.py:507} INFO - Filling up the DagBag from /home/osboxes/.local/lib/python3.8/site-packages/airflow/example_dags/example_branch_datetime_operator.py
[2022-06-23 10:40:40,939] {processor.py:651} INFO - DAG(s) dict_keys(['example_branch_datetime_operator_2']) retrieved from /home/osboxes/.local/lib/python3.8/site-packages/airflow/example_dags/example_branch_datetime_operator.py
[2022-06-23 10:40:40,962] {logging_mixin.py:115} INFO - [2022-06-23 10:40:40,961] {dag.py:2371} INFO - Sync 1 DAGs
[2022-06-23 10:40:40,980] {logging_mixin.py:115} INFO - [2022-06-23 10:40:40,980] {dag.py:2915} INFO - Setting next_dagrun for example_branch_datetime_operator_2 to 2022-06-22T00:00:00+00:00, run_after=2022-06-23T00:00:00+00:00
[2022-06-23 10:40:41,054] {processor.py:161} INFO - Processing /home/osboxes/.local/lib/python3.8/site-packages/airflow/example_dags/example_branch_datetime_operator.py took 0.130 seconds
[2022-06-23 10:41:27,982] {processor.py:153} INFO - Started process (PID=35442) to work on /home/osboxes/.local/lib/python3.8/site-packages/airflow/example_dags/example_branch_datetime_operator.py
[2022-06-23 10:41:27,995] {processor.py:641} INFO - Processing file /home/osboxes/.local/lib/python3.8/site-packages/airflow/example_dags/example_branch_datetime_operator.py for tasks to queue
[2022-06-23 10:41:27,995] {logging_mixin.py:115} INFO - [2022-06-23 10:41:27,995] {dagbag.py:507} INFO - Filling up the DagBag from /home/osboxes/.local/lib/python3.8/site-packages/airflow/example_dags/example_branch_datetime_operator.py
[2022-06-23 10:41:28,001] {processor.py:651} INFO - DAG(s) dict_keys(['example_branch_datetime_operator_2']) retrieved from /home/osboxes/.local/lib/python3.8/site-packages/airflow/example_dags/example_branch_datetime_operator.py
[2022-06-23 10:41:28,020] {logging_mixin.py:115} INFO - [2022-06-23 10:41:28,019] {dag.py:2371} INFO - Sync 1 DAGs
[2022-06-23 10:41:28,038] {logging_mixin.py:115} INFO - [2022-06-23 10:41:28,038] {dag.py:2915} INFO - Setting next_dagrun for example_branch_datetime_operator_2 to 2022-06-22T00:00:00+00:00, run_after=2022-06-23T00:00:00+00:00
[2022-06-23 10:41:28,074] {processor.py:161} INFO - Processing /home/osboxes/.local/lib/python3.8/site-packages/airflow/example_dags/example_branch_datetime_operator.py took 0.094 seconds
[2022-06-23 10:42:11,808] {processor.py:153} INFO - Started process (PID=35871) to work on /home/osboxes/.local/lib/python3.8/site-packages/airflow/example_dags/example_branch_datetime_operator.py
[2022-06-23 10:42:11,812] {processor.py:641} INFO - Processing file /home/osboxes/.local/lib/python3.8/site-packages/airflow/example_dags/example_branch_datetime_operator.py for tasks to queue
[2022-06-23 10:42:11,813] {logging_mixin.py:115} INFO - [2022-06-23 10:42:11,813] {dagbag.py:507} INFO - Filling up the DagBag from /home/osboxes/.local/lib/python3.8/site-packages/airflow/example_dags/example_branch_datetime_operator.py
[2022-06-23 10:42:11,820] {processor.py:651} INFO - DAG(s) dict_keys(['example_branch_datetime_operator_2']) retrieved from /home/osboxes/.local/lib/python3.8/site-packages/airflow/example_dags/example_branch_datetime_operator.py
[2022-06-23 10:42:11,835] {logging_mixin.py:115} INFO - [2022-06-23 10:42:11,835] {dag.py:2371} INFO - Sync 1 DAGs
[2022-06-23 10:42:11,853] {logging_mixin.py:115} INFO - [2022-06-23 10:42:11,853] {dag.py:2915} INFO - Setting next_dagrun for example_branch_datetime_operator_2 to 2022-06-22T00:00:00+00:00, run_after=2022-06-23T00:00:00+00:00
[2022-06-23 10:42:11,886] {processor.py:161} INFO - Processing /home/osboxes/.local/lib/python3.8/site-packages/airflow/example_dags/example_branch_datetime_operator.py took 0.080 seconds
[2022-06-23 10:42:47,599] {processor.py:153} INFO - Started process (PID=36314) to work on /home/osboxes/.local/lib/python3.8/site-packages/airflow/example_dags/example_branch_datetime_operator.py
[2022-06-23 10:42:47,602] {processor.py:641} INFO - Processing file /home/osboxes/.local/lib/python3.8/site-packages/airflow/example_dags/example_branch_datetime_operator.py for tasks to queue
[2022-06-23 10:42:47,602] {logging_mixin.py:115} INFO - [2022-06-23 10:42:47,602] {dagbag.py:507} INFO - Filling up the DagBag from /home/osboxes/.local/lib/python3.8/site-packages/airflow/example_dags/example_branch_datetime_operator.py
[2022-06-23 10:42:47,608] {processor.py:651} INFO - DAG(s) dict_keys(['example_branch_datetime_operator_2']) retrieved from /home/osboxes/.local/lib/python3.8/site-packages/airflow/example_dags/example_branch_datetime_operator.py
[2022-06-23 10:42:47,624] {logging_mixin.py:115} INFO - [2022-06-23 10:42:47,623] {dag.py:2371} INFO - Sync 1 DAGs
[2022-06-23 10:42:47,642] {logging_mixin.py:115} INFO - [2022-06-23 10:42:47,642] {dag.py:2915} INFO - Setting next_dagrun for example_branch_datetime_operator_2 to 2022-06-22T00:00:00+00:00, run_after=2022-06-23T00:00:00+00:00
[2022-06-23 10:42:47,691] {processor.py:161} INFO - Processing /home/osboxes/.local/lib/python3.8/site-packages/airflow/example_dags/example_branch_datetime_operator.py took 0.093 seconds
[2022-06-23 10:43:30,139] {processor.py:153} INFO - Started process (PID=36735) to work on /home/osboxes/.local/lib/python3.8/site-packages/airflow/example_dags/example_branch_datetime_operator.py
[2022-06-23 10:43:30,141] {processor.py:641} INFO - Processing file /home/osboxes/.local/lib/python3.8/site-packages/airflow/example_dags/example_branch_datetime_operator.py for tasks to queue
[2022-06-23 10:43:30,141] {logging_mixin.py:115} INFO - [2022-06-23 10:43:30,141] {dagbag.py:507} INFO - Filling up the DagBag from /home/osboxes/.local/lib/python3.8/site-packages/airflow/example_dags/example_branch_datetime_operator.py
[2022-06-23 10:43:30,148] {processor.py:651} INFO - DAG(s) dict_keys(['example_branch_datetime_operator_2']) retrieved from /home/osboxes/.local/lib/python3.8/site-packages/airflow/example_dags/example_branch_datetime_operator.py
[2022-06-23 10:43:30,162] {logging_mixin.py:115} INFO - [2022-06-23 10:43:30,162] {dag.py:2371} INFO - Sync 1 DAGs
[2022-06-23 10:43:30,176] {logging_mixin.py:115} INFO - [2022-06-23 10:43:30,176] {dag.py:2915} INFO - Setting next_dagrun for example_branch_datetime_operator_2 to 2022-06-22T00:00:00+00:00, run_after=2022-06-23T00:00:00+00:00
[2022-06-23 10:43:30,226] {processor.py:161} INFO - Processing /home/osboxes/.local/lib/python3.8/site-packages/airflow/example_dags/example_branch_datetime_operator.py took 0.089 seconds
[2022-06-23 10:44:19,696] {processor.py:153} INFO - Started process (PID=37407) to work on /home/osboxes/.local/lib/python3.8/site-packages/airflow/example_dags/example_branch_datetime_operator.py
[2022-06-23 10:44:19,709] {processor.py:641} INFO - Processing file /home/osboxes/.local/lib/python3.8/site-packages/airflow/example_dags/example_branch_datetime_operator.py for tasks to queue
[2022-06-23 10:44:19,710] {logging_mixin.py:115} INFO - [2022-06-23 10:44:19,709] {dagbag.py:507} INFO - Filling up the DagBag from /home/osboxes/.local/lib/python3.8/site-packages/airflow/example_dags/example_branch_datetime_operator.py
[2022-06-23 10:44:19,715] {processor.py:651} INFO - DAG(s) dict_keys(['example_branch_datetime_operator_2']) retrieved from /home/osboxes/.local/lib/python3.8/site-packages/airflow/example_dags/example_branch_datetime_operator.py
[2022-06-23 10:44:19,785] {logging_mixin.py:115} INFO - [2022-06-23 10:44:19,785] {dag.py:2371} INFO - Sync 1 DAGs
[2022-06-23 10:44:19,869] {logging_mixin.py:115} INFO - [2022-06-23 10:44:19,869] {dag.py:2915} INFO - Setting next_dagrun for example_branch_datetime_operator_2 to 2022-06-22T00:00:00+00:00, run_after=2022-06-23T00:00:00+00:00
[2022-06-23 10:44:19,933] {processor.py:161} INFO - Processing /home/osboxes/.local/lib/python3.8/site-packages/airflow/example_dags/example_branch_datetime_operator.py took 0.239 seconds
[2022-06-23 10:45:02,621] {processor.py:153} INFO - Started process (PID=37925) to work on /home/osboxes/.local/lib/python3.8/site-packages/airflow/example_dags/example_branch_datetime_operator.py
[2022-06-23 10:45:02,626] {processor.py:641} INFO - Processing file /home/osboxes/.local/lib/python3.8/site-packages/airflow/example_dags/example_branch_datetime_operator.py for tasks to queue
[2022-06-23 10:45:02,629] {logging_mixin.py:115} INFO - [2022-06-23 10:45:02,629] {dagbag.py:507} INFO - Filling up the DagBag from /home/osboxes/.local/lib/python3.8/site-packages/airflow/example_dags/example_branch_datetime_operator.py
[2022-06-23 10:45:02,635] {processor.py:651} INFO - DAG(s) dict_keys(['example_branch_datetime_operator_2']) retrieved from /home/osboxes/.local/lib/python3.8/site-packages/airflow/example_dags/example_branch_datetime_operator.py
[2022-06-23 10:45:02,654] {logging_mixin.py:115} INFO - [2022-06-23 10:45:02,654] {dag.py:2371} INFO - Sync 1 DAGs
[2022-06-23 10:45:02,684] {logging_mixin.py:115} INFO - [2022-06-23 10:45:02,684] {dag.py:2915} INFO - Setting next_dagrun for example_branch_datetime_operator_2 to 2022-06-22T00:00:00+00:00, run_after=2022-06-23T00:00:00+00:00
[2022-06-23 10:45:02,768] {processor.py:161} INFO - Processing /home/osboxes/.local/lib/python3.8/site-packages/airflow/example_dags/example_branch_datetime_operator.py took 0.153 seconds
[2022-06-23 10:45:41,525] {processor.py:153} INFO - Started process (PID=38329) to work on /home/osboxes/.local/lib/python3.8/site-packages/airflow/example_dags/example_branch_datetime_operator.py
[2022-06-23 10:45:41,527] {processor.py:641} INFO - Processing file /home/osboxes/.local/lib/python3.8/site-packages/airflow/example_dags/example_branch_datetime_operator.py for tasks to queue
[2022-06-23 10:45:41,528] {logging_mixin.py:115} INFO - [2022-06-23 10:45:41,528] {dagbag.py:507} INFO - Filling up the DagBag from /home/osboxes/.local/lib/python3.8/site-packages/airflow/example_dags/example_branch_datetime_operator.py
[2022-06-23 10:45:41,533] {processor.py:651} INFO - DAG(s) dict_keys(['example_branch_datetime_operator_2']) retrieved from /home/osboxes/.local/lib/python3.8/site-packages/airflow/example_dags/example_branch_datetime_operator.py
[2022-06-23 10:45:41,550] {logging_mixin.py:115} INFO - [2022-06-23 10:45:41,550] {dag.py:2371} INFO - Sync 1 DAGs
[2022-06-23 10:45:41,570] {logging_mixin.py:115} INFO - [2022-06-23 10:45:41,570] {dag.py:2915} INFO - Setting next_dagrun for example_branch_datetime_operator_2 to 2022-06-22T00:00:00+00:00, run_after=2022-06-23T00:00:00+00:00
[2022-06-23 10:45:41,614] {processor.py:161} INFO - Processing /home/osboxes/.local/lib/python3.8/site-packages/airflow/example_dags/example_branch_datetime_operator.py took 0.091 seconds
[2022-06-23 10:46:25,354] {processor.py:153} INFO - Started process (PID=38729) to work on /home/osboxes/.local/lib/python3.8/site-packages/airflow/example_dags/example_branch_datetime_operator.py
[2022-06-23 10:46:25,357] {processor.py:641} INFO - Processing file /home/osboxes/.local/lib/python3.8/site-packages/airflow/example_dags/example_branch_datetime_operator.py for tasks to queue
[2022-06-23 10:46:25,357] {logging_mixin.py:115} INFO - [2022-06-23 10:46:25,357] {dagbag.py:507} INFO - Filling up the DagBag from /home/osboxes/.local/lib/python3.8/site-packages/airflow/example_dags/example_branch_datetime_operator.py
[2022-06-23 10:46:25,363] {processor.py:651} INFO - DAG(s) dict_keys(['example_branch_datetime_operator_2']) retrieved from /home/osboxes/.local/lib/python3.8/site-packages/airflow/example_dags/example_branch_datetime_operator.py
[2022-06-23 10:46:25,426] {logging_mixin.py:115} INFO - [2022-06-23 10:46:25,425] {dag.py:2371} INFO - Sync 1 DAGs
[2022-06-23 10:46:25,485] {logging_mixin.py:115} INFO - [2022-06-23 10:46:25,485] {dag.py:2915} INFO - Setting next_dagrun for example_branch_datetime_operator_2 to 2022-06-22T00:00:00+00:00, run_after=2022-06-23T00:00:00+00:00
[2022-06-23 10:46:25,537] {processor.py:161} INFO - Processing /home/osboxes/.local/lib/python3.8/site-packages/airflow/example_dags/example_branch_datetime_operator.py took 0.185 seconds
[2022-06-23 10:47:15,632] {processor.py:153} INFO - Started process (PID=39287) to work on /home/osboxes/.local/lib/python3.8/site-packages/airflow/example_dags/example_branch_datetime_operator.py
[2022-06-23 10:47:15,640] {processor.py:641} INFO - Processing file /home/osboxes/.local/lib/python3.8/site-packages/airflow/example_dags/example_branch_datetime_operator.py for tasks to queue
[2022-06-23 10:47:15,641] {logging_mixin.py:115} INFO - [2022-06-23 10:47:15,641] {dagbag.py:507} INFO - Filling up the DagBag from /home/osboxes/.local/lib/python3.8/site-packages/airflow/example_dags/example_branch_datetime_operator.py
[2022-06-23 10:47:15,647] {processor.py:651} INFO - DAG(s) dict_keys(['example_branch_datetime_operator_2']) retrieved from /home/osboxes/.local/lib/python3.8/site-packages/airflow/example_dags/example_branch_datetime_operator.py
[2022-06-23 10:47:15,666] {logging_mixin.py:115} INFO - [2022-06-23 10:47:15,666] {dag.py:2371} INFO - Sync 1 DAGs
[2022-06-23 10:47:15,683] {logging_mixin.py:115} INFO - [2022-06-23 10:47:15,682] {dag.py:2915} INFO - Setting next_dagrun for example_branch_datetime_operator_2 to 2022-06-22T00:00:00+00:00, run_after=2022-06-23T00:00:00+00:00
[2022-06-23 10:47:15,741] {processor.py:161} INFO - Processing /home/osboxes/.local/lib/python3.8/site-packages/airflow/example_dags/example_branch_datetime_operator.py took 0.169 seconds
[2022-06-23 10:47:53,533] {processor.py:153} INFO - Started process (PID=39689) to work on /home/osboxes/.local/lib/python3.8/site-packages/airflow/example_dags/example_branch_datetime_operator.py
[2022-06-23 10:47:53,536] {processor.py:641} INFO - Processing file /home/osboxes/.local/lib/python3.8/site-packages/airflow/example_dags/example_branch_datetime_operator.py for tasks to queue
[2022-06-23 10:47:53,536] {logging_mixin.py:115} INFO - [2022-06-23 10:47:53,536] {dagbag.py:507} INFO - Filling up the DagBag from /home/osboxes/.local/lib/python3.8/site-packages/airflow/example_dags/example_branch_datetime_operator.py
[2022-06-23 10:47:53,544] {processor.py:651} INFO - DAG(s) dict_keys(['example_branch_datetime_operator_2']) retrieved from /home/osboxes/.local/lib/python3.8/site-packages/airflow/example_dags/example_branch_datetime_operator.py
[2022-06-23 10:47:53,569] {logging_mixin.py:115} INFO - [2022-06-23 10:47:53,569] {dag.py:2371} INFO - Sync 1 DAGs
[2022-06-23 10:47:53,591] {logging_mixin.py:115} INFO - [2022-06-23 10:47:53,591] {dag.py:2915} INFO - Setting next_dagrun for example_branch_datetime_operator_2 to 2022-06-22T00:00:00+00:00, run_after=2022-06-23T00:00:00+00:00
[2022-06-23 10:47:53,637] {processor.py:161} INFO - Processing /home/osboxes/.local/lib/python3.8/site-packages/airflow/example_dags/example_branch_datetime_operator.py took 0.106 seconds
[2022-06-23 10:48:33,549] {processor.py:153} INFO - Started process (PID=40063) to work on /home/osboxes/.local/lib/python3.8/site-packages/airflow/example_dags/example_branch_datetime_operator.py
[2022-06-23 10:48:33,598] {processor.py:641} INFO - Processing file /home/osboxes/.local/lib/python3.8/site-packages/airflow/example_dags/example_branch_datetime_operator.py for tasks to queue
[2022-06-23 10:48:33,599] {logging_mixin.py:115} INFO - [2022-06-23 10:48:33,599] {dagbag.py:507} INFO - Filling up the DagBag from /home/osboxes/.local/lib/python3.8/site-packages/airflow/example_dags/example_branch_datetime_operator.py
[2022-06-23 10:48:33,607] {processor.py:651} INFO - DAG(s) dict_keys(['example_branch_datetime_operator_2']) retrieved from /home/osboxes/.local/lib/python3.8/site-packages/airflow/example_dags/example_branch_datetime_operator.py
[2022-06-23 10:48:33,654] {logging_mixin.py:115} INFO - [2022-06-23 10:48:33,654] {dag.py:2371} INFO - Sync 1 DAGs
[2022-06-23 10:48:33,695] {logging_mixin.py:115} INFO - [2022-06-23 10:48:33,695] {dag.py:2915} INFO - Setting next_dagrun for example_branch_datetime_operator_2 to 2022-06-22T00:00:00+00:00, run_after=2022-06-23T00:00:00+00:00
[2022-06-23 10:48:34,587] {processor.py:161} INFO - Processing /home/osboxes/.local/lib/python3.8/site-packages/airflow/example_dags/example_branch_datetime_operator.py took 1.040 seconds
[2022-06-23 10:49:28,962] {processor.py:153} INFO - Started process (PID=40475) to work on /home/osboxes/.local/lib/python3.8/site-packages/airflow/example_dags/example_branch_datetime_operator.py
[2022-06-23 10:49:29,355] {processor.py:641} INFO - Processing file /home/osboxes/.local/lib/python3.8/site-packages/airflow/example_dags/example_branch_datetime_operator.py for tasks to queue
[2022-06-23 10:49:29,355] {logging_mixin.py:115} INFO - [2022-06-23 10:49:29,355] {dagbag.py:507} INFO - Filling up the DagBag from /home/osboxes/.local/lib/python3.8/site-packages/airflow/example_dags/example_branch_datetime_operator.py
[2022-06-23 10:49:29,360] {processor.py:651} INFO - DAG(s) dict_keys(['example_branch_datetime_operator_2']) retrieved from /home/osboxes/.local/lib/python3.8/site-packages/airflow/example_dags/example_branch_datetime_operator.py
[2022-06-23 10:49:29,552] {logging_mixin.py:115} INFO - [2022-06-23 10:49:29,552] {dag.py:2371} INFO - Sync 1 DAGs
[2022-06-23 10:49:29,636] {logging_mixin.py:115} INFO - [2022-06-23 10:49:29,636] {dag.py:2915} INFO - Setting next_dagrun for example_branch_datetime_operator_2 to 2022-06-22T00:00:00+00:00, run_after=2022-06-23T00:00:00+00:00
[2022-06-23 10:49:30,025] {processor.py:161} INFO - Processing /home/osboxes/.local/lib/python3.8/site-packages/airflow/example_dags/example_branch_datetime_operator.py took 1.066 seconds
[2022-06-23 10:50:33,302] {processor.py:153} INFO - Started process (PID=41034) to work on /home/osboxes/.local/lib/python3.8/site-packages/airflow/example_dags/example_branch_datetime_operator.py
[2022-06-23 10:50:33,311] {processor.py:641} INFO - Processing file /home/osboxes/.local/lib/python3.8/site-packages/airflow/example_dags/example_branch_datetime_operator.py for tasks to queue
[2022-06-23 10:50:33,312] {logging_mixin.py:115} INFO - [2022-06-23 10:50:33,312] {dagbag.py:507} INFO - Filling up the DagBag from /home/osboxes/.local/lib/python3.8/site-packages/airflow/example_dags/example_branch_datetime_operator.py
[2022-06-23 10:50:33,320] {processor.py:651} INFO - DAG(s) dict_keys(['example_branch_datetime_operator_2']) retrieved from /home/osboxes/.local/lib/python3.8/site-packages/airflow/example_dags/example_branch_datetime_operator.py
[2022-06-23 10:50:33,341] {logging_mixin.py:115} INFO - [2022-06-23 10:50:33,341] {dag.py:2371} INFO - Sync 1 DAGs
[2022-06-23 10:50:33,361] {logging_mixin.py:115} INFO - [2022-06-23 10:50:33,360] {dag.py:2915} INFO - Setting next_dagrun for example_branch_datetime_operator_2 to 2022-06-22T00:00:00+00:00, run_after=2022-06-23T00:00:00+00:00
[2022-06-23 10:50:33,407] {processor.py:161} INFO - Processing /home/osboxes/.local/lib/python3.8/site-packages/airflow/example_dags/example_branch_datetime_operator.py took 0.108 seconds
[2022-06-23 10:51:14,033] {processor.py:153} INFO - Started process (PID=41470) to work on /home/osboxes/.local/lib/python3.8/site-packages/airflow/example_dags/example_branch_datetime_operator.py
[2022-06-23 10:51:14,035] {processor.py:641} INFO - Processing file /home/osboxes/.local/lib/python3.8/site-packages/airflow/example_dags/example_branch_datetime_operator.py for tasks to queue
[2022-06-23 10:51:14,036] {logging_mixin.py:115} INFO - [2022-06-23 10:51:14,036] {dagbag.py:507} INFO - Filling up the DagBag from /home/osboxes/.local/lib/python3.8/site-packages/airflow/example_dags/example_branch_datetime_operator.py
[2022-06-23 10:51:14,041] {processor.py:651} INFO - DAG(s) dict_keys(['example_branch_datetime_operator_2']) retrieved from /home/osboxes/.local/lib/python3.8/site-packages/airflow/example_dags/example_branch_datetime_operator.py
[2022-06-23 10:51:14,059] {logging_mixin.py:115} INFO - [2022-06-23 10:51:14,059] {dag.py:2371} INFO - Sync 1 DAGs
[2022-06-23 10:51:14,080] {logging_mixin.py:115} INFO - [2022-06-23 10:51:14,079] {dag.py:2915} INFO - Setting next_dagrun for example_branch_datetime_operator_2 to 2022-06-22T00:00:00+00:00, run_after=2022-06-23T00:00:00+00:00
[2022-06-23 10:51:14,229] {processor.py:161} INFO - Processing /home/osboxes/.local/lib/python3.8/site-packages/airflow/example_dags/example_branch_datetime_operator.py took 0.199 seconds
[2022-06-23 10:51:57,638] {processor.py:153} INFO - Started process (PID=41920) to work on /home/osboxes/.local/lib/python3.8/site-packages/airflow/example_dags/example_branch_datetime_operator.py
[2022-06-23 10:51:57,653] {processor.py:641} INFO - Processing file /home/osboxes/.local/lib/python3.8/site-packages/airflow/example_dags/example_branch_datetime_operator.py for tasks to queue
[2022-06-23 10:51:57,654] {logging_mixin.py:115} INFO - [2022-06-23 10:51:57,654] {dagbag.py:507} INFO - Filling up the DagBag from /home/osboxes/.local/lib/python3.8/site-packages/airflow/example_dags/example_branch_datetime_operator.py
[2022-06-23 10:51:57,660] {processor.py:651} INFO - DAG(s) dict_keys(['example_branch_datetime_operator_2']) retrieved from /home/osboxes/.local/lib/python3.8/site-packages/airflow/example_dags/example_branch_datetime_operator.py
[2022-06-23 10:51:57,683] {logging_mixin.py:115} INFO - [2022-06-23 10:51:57,683] {dag.py:2371} INFO - Sync 1 DAGs
[2022-06-23 10:51:57,707] {logging_mixin.py:115} INFO - [2022-06-23 10:51:57,707] {dag.py:2915} INFO - Setting next_dagrun for example_branch_datetime_operator_2 to 2022-06-22T00:00:00+00:00, run_after=2022-06-23T00:00:00+00:00
[2022-06-23 10:51:58,044] {processor.py:161} INFO - Processing /home/osboxes/.local/lib/python3.8/site-packages/airflow/example_dags/example_branch_datetime_operator.py took 0.408 seconds
[2022-06-23 10:52:37,891] {processor.py:153} INFO - Started process (PID=42216) to work on /home/osboxes/.local/lib/python3.8/site-packages/airflow/example_dags/example_branch_datetime_operator.py
[2022-06-23 10:52:37,926] {processor.py:641} INFO - Processing file /home/osboxes/.local/lib/python3.8/site-packages/airflow/example_dags/example_branch_datetime_operator.py for tasks to queue
[2022-06-23 10:52:37,926] {logging_mixin.py:115} INFO - [2022-06-23 10:52:37,926] {dagbag.py:507} INFO - Filling up the DagBag from /home/osboxes/.local/lib/python3.8/site-packages/airflow/example_dags/example_branch_datetime_operator.py
[2022-06-23 10:52:37,936] {processor.py:651} INFO - DAG(s) dict_keys(['example_branch_datetime_operator_2']) retrieved from /home/osboxes/.local/lib/python3.8/site-packages/airflow/example_dags/example_branch_datetime_operator.py
[2022-06-23 10:52:37,956] {logging_mixin.py:115} INFO - [2022-06-23 10:52:37,955] {dag.py:2371} INFO - Sync 1 DAGs
[2022-06-23 10:52:37,978] {logging_mixin.py:115} INFO - [2022-06-23 10:52:37,978] {dag.py:2915} INFO - Setting next_dagrun for example_branch_datetime_operator_2 to 2022-06-22T00:00:00+00:00, run_after=2022-06-23T00:00:00+00:00
[2022-06-23 10:52:38,029] {processor.py:161} INFO - Processing /home/osboxes/.local/lib/python3.8/site-packages/airflow/example_dags/example_branch_datetime_operator.py took 0.140 seconds
[2022-06-23 10:53:39,514] {processor.py:153} INFO - Started process (PID=42730) to work on /home/osboxes/.local/lib/python3.8/site-packages/airflow/example_dags/example_branch_datetime_operator.py
[2022-06-23 10:53:39,578] {processor.py:641} INFO - Processing file /home/osboxes/.local/lib/python3.8/site-packages/airflow/example_dags/example_branch_datetime_operator.py for tasks to queue
[2022-06-23 10:53:39,582] {logging_mixin.py:115} INFO - [2022-06-23 10:53:39,581] {dagbag.py:507} INFO - Filling up the DagBag from /home/osboxes/.local/lib/python3.8/site-packages/airflow/example_dags/example_branch_datetime_operator.py
[2022-06-23 10:53:39,589] {processor.py:651} INFO - DAG(s) dict_keys(['example_branch_datetime_operator_2']) retrieved from /home/osboxes/.local/lib/python3.8/site-packages/airflow/example_dags/example_branch_datetime_operator.py
[2022-06-23 10:53:39,988] {logging_mixin.py:115} INFO - [2022-06-23 10:53:39,988] {dag.py:2371} INFO - Sync 1 DAGs
[2022-06-23 10:53:40,155] {logging_mixin.py:115} INFO - [2022-06-23 10:53:40,155] {dag.py:2915} INFO - Setting next_dagrun for example_branch_datetime_operator_2 to 2022-06-22T00:00:00+00:00, run_after=2022-06-23T00:00:00+00:00
[2022-06-23 10:53:40,645] {processor.py:161} INFO - Processing /home/osboxes/.local/lib/python3.8/site-packages/airflow/example_dags/example_branch_datetime_operator.py took 1.133 seconds
[2022-06-23 10:54:55,977] {processor.py:153} INFO - Started process (PID=43279) to work on /home/osboxes/.local/lib/python3.8/site-packages/airflow/example_dags/example_branch_datetime_operator.py
[2022-06-23 10:54:56,047] {processor.py:641} INFO - Processing file /home/osboxes/.local/lib/python3.8/site-packages/airflow/example_dags/example_branch_datetime_operator.py for tasks to queue
[2022-06-23 10:54:56,047] {logging_mixin.py:115} INFO - [2022-06-23 10:54:56,047] {dagbag.py:507} INFO - Filling up the DagBag from /home/osboxes/.local/lib/python3.8/site-packages/airflow/example_dags/example_branch_datetime_operator.py
[2022-06-23 10:54:56,094] {processor.py:651} INFO - DAG(s) dict_keys(['example_branch_datetime_operator_2']) retrieved from /home/osboxes/.local/lib/python3.8/site-packages/airflow/example_dags/example_branch_datetime_operator.py
[2022-06-23 10:54:56,276] {logging_mixin.py:115} INFO - [2022-06-23 10:54:56,276] {dag.py:2371} INFO - Sync 1 DAGs
[2022-06-23 10:54:56,298] {logging_mixin.py:115} INFO - [2022-06-23 10:54:56,297] {dag.py:2915} INFO - Setting next_dagrun for example_branch_datetime_operator_2 to 2022-06-22T00:00:00+00:00, run_after=2022-06-23T00:00:00+00:00
[2022-06-23 10:54:56,871] {processor.py:161} INFO - Processing /home/osboxes/.local/lib/python3.8/site-packages/airflow/example_dags/example_branch_datetime_operator.py took 0.896 seconds
[2022-06-23 10:56:00,429] {processor.py:153} INFO - Started process (PID=43840) to work on /home/osboxes/.local/lib/python3.8/site-packages/airflow/example_dags/example_branch_datetime_operator.py
[2022-06-23 10:56:00,432] {processor.py:641} INFO - Processing file /home/osboxes/.local/lib/python3.8/site-packages/airflow/example_dags/example_branch_datetime_operator.py for tasks to queue
[2022-06-23 10:56:00,432] {logging_mixin.py:115} INFO - [2022-06-23 10:56:00,432] {dagbag.py:507} INFO - Filling up the DagBag from /home/osboxes/.local/lib/python3.8/site-packages/airflow/example_dags/example_branch_datetime_operator.py
[2022-06-23 10:56:00,438] {processor.py:651} INFO - DAG(s) dict_keys(['example_branch_datetime_operator_2']) retrieved from /home/osboxes/.local/lib/python3.8/site-packages/airflow/example_dags/example_branch_datetime_operator.py
[2022-06-23 10:56:00,456] {logging_mixin.py:115} INFO - [2022-06-23 10:56:00,456] {dag.py:2371} INFO - Sync 1 DAGs
[2022-06-23 10:56:00,474] {logging_mixin.py:115} INFO - [2022-06-23 10:56:00,473] {dag.py:2915} INFO - Setting next_dagrun for example_branch_datetime_operator_2 to 2022-06-22T00:00:00+00:00, run_after=2022-06-23T00:00:00+00:00
[2022-06-23 10:56:00,504] {processor.py:161} INFO - Processing /home/osboxes/.local/lib/python3.8/site-packages/airflow/example_dags/example_branch_datetime_operator.py took 0.078 seconds
[2022-06-23 10:56:38,584] {processor.py:153} INFO - Started process (PID=44202) to work on /home/osboxes/.local/lib/python3.8/site-packages/airflow/example_dags/example_branch_datetime_operator.py
[2022-06-23 10:56:38,601] {processor.py:641} INFO - Processing file /home/osboxes/.local/lib/python3.8/site-packages/airflow/example_dags/example_branch_datetime_operator.py for tasks to queue
[2022-06-23 10:56:38,602] {logging_mixin.py:115} INFO - [2022-06-23 10:56:38,602] {dagbag.py:507} INFO - Filling up the DagBag from /home/osboxes/.local/lib/python3.8/site-packages/airflow/example_dags/example_branch_datetime_operator.py
[2022-06-23 10:56:38,619] {processor.py:651} INFO - DAG(s) dict_keys(['example_branch_datetime_operator_2']) retrieved from /home/osboxes/.local/lib/python3.8/site-packages/airflow/example_dags/example_branch_datetime_operator.py
[2022-06-23 10:56:38,815] {logging_mixin.py:115} INFO - [2022-06-23 10:56:38,815] {dag.py:2371} INFO - Sync 1 DAGs
[2022-06-23 10:56:38,844] {logging_mixin.py:115} INFO - [2022-06-23 10:56:38,844] {dag.py:2915} INFO - Setting next_dagrun for example_branch_datetime_operator_2 to 2022-06-22T00:00:00+00:00, run_after=2022-06-23T00:00:00+00:00
[2022-06-23 10:56:38,905] {processor.py:161} INFO - Processing /home/osboxes/.local/lib/python3.8/site-packages/airflow/example_dags/example_branch_datetime_operator.py took 0.322 seconds
[2022-06-23 10:57:26,730] {processor.py:153} INFO - Started process (PID=44593) to work on /home/osboxes/.local/lib/python3.8/site-packages/airflow/example_dags/example_branch_datetime_operator.py
[2022-06-23 10:57:26,766] {processor.py:641} INFO - Processing file /home/osboxes/.local/lib/python3.8/site-packages/airflow/example_dags/example_branch_datetime_operator.py for tasks to queue
[2022-06-23 10:57:26,766] {logging_mixin.py:115} INFO - [2022-06-23 10:57:26,766] {dagbag.py:507} INFO - Filling up the DagBag from /home/osboxes/.local/lib/python3.8/site-packages/airflow/example_dags/example_branch_datetime_operator.py
[2022-06-23 10:57:26,784] {processor.py:651} INFO - DAG(s) dict_keys(['example_branch_datetime_operator_2']) retrieved from /home/osboxes/.local/lib/python3.8/site-packages/airflow/example_dags/example_branch_datetime_operator.py
[2022-06-23 10:57:26,828] {logging_mixin.py:115} INFO - [2022-06-23 10:57:26,828] {dag.py:2371} INFO - Sync 1 DAGs
[2022-06-23 10:57:26,846] {logging_mixin.py:115} INFO - [2022-06-23 10:57:26,846] {dag.py:2915} INFO - Setting next_dagrun for example_branch_datetime_operator_2 to 2022-06-22T00:00:00+00:00, run_after=2022-06-23T00:00:00+00:00
[2022-06-23 10:57:27,014] {processor.py:161} INFO - Processing /home/osboxes/.local/lib/python3.8/site-packages/airflow/example_dags/example_branch_datetime_operator.py took 0.286 seconds
[2022-06-23 10:58:20,152] {processor.py:153} INFO - Started process (PID=45155) to work on /home/osboxes/.local/lib/python3.8/site-packages/airflow/example_dags/example_branch_datetime_operator.py
[2022-06-23 10:58:20,165] {processor.py:641} INFO - Processing file /home/osboxes/.local/lib/python3.8/site-packages/airflow/example_dags/example_branch_datetime_operator.py for tasks to queue
[2022-06-23 10:58:20,166] {logging_mixin.py:115} INFO - [2022-06-23 10:58:20,165] {dagbag.py:507} INFO - Filling up the DagBag from /home/osboxes/.local/lib/python3.8/site-packages/airflow/example_dags/example_branch_datetime_operator.py
[2022-06-23 10:58:20,184] {processor.py:651} INFO - DAG(s) dict_keys(['example_branch_datetime_operator_2']) retrieved from /home/osboxes/.local/lib/python3.8/site-packages/airflow/example_dags/example_branch_datetime_operator.py
[2022-06-23 10:58:20,260] {logging_mixin.py:115} INFO - [2022-06-23 10:58:20,259] {dag.py:2371} INFO - Sync 1 DAGs
[2022-06-23 10:58:20,297] {logging_mixin.py:115} INFO - [2022-06-23 10:58:20,297] {dag.py:2915} INFO - Setting next_dagrun for example_branch_datetime_operator_2 to 2022-06-22T00:00:00+00:00, run_after=2022-06-23T00:00:00+00:00
[2022-06-23 10:58:20,415] {processor.py:161} INFO - Processing /home/osboxes/.local/lib/python3.8/site-packages/airflow/example_dags/example_branch_datetime_operator.py took 0.265 seconds
