[2022-06-23 10:28:52,548] {processor.py:153} INFO - Started process (PID=27933) to work on /home/osboxes/.local/lib/python3.8/site-packages/airflow/example_dags/example_branch_day_of_week_operator.py
[2022-06-23 10:28:52,548] {processor.py:641} INFO - Processing file /home/osboxes/.local/lib/python3.8/site-packages/airflow/example_dags/example_branch_day_of_week_operator.py for tasks to queue
[2022-06-23 10:28:52,549] {logging_mixin.py:115} INFO - [2022-06-23 10:28:52,549] {dagbag.py:507} INFO - Filling up the DagBag from /home/osboxes/.local/lib/python3.8/site-packages/airflow/example_dags/example_branch_day_of_week_operator.py
[2022-06-23 10:28:52,566] {processor.py:651} INFO - DAG(s) dict_keys(['example_weekday_branch_operator']) retrieved from /home/osboxes/.local/lib/python3.8/site-packages/airflow/example_dags/example_branch_day_of_week_operator.py
[2022-06-23 10:28:52,679] {logging_mixin.py:115} INFO - [2022-06-23 10:28:52,679] {manager.py:508} INFO - Created Permission View: can edit on DAG:example_weekday_branch_operator
[2022-06-23 10:28:52,718] {logging_mixin.py:115} INFO - [2022-06-23 10:28:52,718] {manager.py:508} INFO - Created Permission View: can read on DAG:example_weekday_branch_operator
[2022-06-23 10:28:52,740] {logging_mixin.py:115} INFO - [2022-06-23 10:28:52,740] {manager.py:508} INFO - Created Permission View: can delete on DAG:example_weekday_branch_operator
[2022-06-23 10:28:52,741] {logging_mixin.py:115} INFO - [2022-06-23 10:28:52,740] {dag.py:2371} INFO - Sync 1 DAGs
[2022-06-23 10:28:52,748] {logging_mixin.py:115} INFO - [2022-06-23 10:28:52,748] {dag.py:2390} INFO - Creating ORM DAG for example_weekday_branch_operator
[2022-06-23 10:28:52,757] {logging_mixin.py:115} INFO - [2022-06-23 10:28:52,757] {dag.py:2915} INFO - Setting next_dagrun for example_weekday_branch_operator to 2022-06-22T00:00:00+00:00, run_after=2022-06-23T00:00:00+00:00
[2022-06-23 10:28:52,793] {processor.py:161} INFO - Processing /home/osboxes/.local/lib/python3.8/site-packages/airflow/example_dags/example_branch_day_of_week_operator.py took 0.248 seconds
[2022-06-23 10:29:30,067] {processor.py:153} INFO - Started process (PID=28219) to work on /home/osboxes/.local/lib/python3.8/site-packages/airflow/example_dags/example_branch_day_of_week_operator.py
[2022-06-23 10:29:30,069] {processor.py:641} INFO - Processing file /home/osboxes/.local/lib/python3.8/site-packages/airflow/example_dags/example_branch_day_of_week_operator.py for tasks to queue
[2022-06-23 10:29:30,069] {logging_mixin.py:115} INFO - [2022-06-23 10:29:30,069] {dagbag.py:507} INFO - Filling up the DagBag from /home/osboxes/.local/lib/python3.8/site-packages/airflow/example_dags/example_branch_day_of_week_operator.py
[2022-06-23 10:29:30,075] {processor.py:651} INFO - DAG(s) dict_keys(['example_weekday_branch_operator']) retrieved from /home/osboxes/.local/lib/python3.8/site-packages/airflow/example_dags/example_branch_day_of_week_operator.py
[2022-06-23 10:29:30,093] {logging_mixin.py:115} INFO - [2022-06-23 10:29:30,093] {dag.py:2371} INFO - Sync 1 DAGs
[2022-06-23 10:29:30,110] {logging_mixin.py:115} INFO - [2022-06-23 10:29:30,110] {dag.py:2915} INFO - Setting next_dagrun for example_weekday_branch_operator to 2022-06-22T00:00:00+00:00, run_after=2022-06-23T00:00:00+00:00
[2022-06-23 10:29:30,159] {processor.py:161} INFO - Processing /home/osboxes/.local/lib/python3.8/site-packages/airflow/example_dags/example_branch_day_of_week_operator.py took 0.094 seconds
[2022-06-23 10:30:13,572] {processor.py:153} INFO - Started process (PID=28605) to work on /home/osboxes/.local/lib/python3.8/site-packages/airflow/example_dags/example_branch_day_of_week_operator.py
[2022-06-23 10:30:13,582] {processor.py:641} INFO - Processing file /home/osboxes/.local/lib/python3.8/site-packages/airflow/example_dags/example_branch_day_of_week_operator.py for tasks to queue
[2022-06-23 10:30:13,582] {logging_mixin.py:115} INFO - [2022-06-23 10:30:13,582] {dagbag.py:507} INFO - Filling up the DagBag from /home/osboxes/.local/lib/python3.8/site-packages/airflow/example_dags/example_branch_day_of_week_operator.py
[2022-06-23 10:30:13,588] {processor.py:651} INFO - DAG(s) dict_keys(['example_weekday_branch_operator']) retrieved from /home/osboxes/.local/lib/python3.8/site-packages/airflow/example_dags/example_branch_day_of_week_operator.py
[2022-06-23 10:30:13,606] {logging_mixin.py:115} INFO - [2022-06-23 10:30:13,606] {dag.py:2371} INFO - Sync 1 DAGs
[2022-06-23 10:30:13,623] {logging_mixin.py:115} INFO - [2022-06-23 10:30:13,623] {dag.py:2915} INFO - Setting next_dagrun for example_weekday_branch_operator to 2022-06-22T00:00:00+00:00, run_after=2022-06-23T00:00:00+00:00
[2022-06-23 10:30:13,647] {processor.py:161} INFO - Processing /home/osboxes/.local/lib/python3.8/site-packages/airflow/example_dags/example_branch_day_of_week_operator.py took 0.077 seconds
[2022-06-23 10:30:48,944] {processor.py:153} INFO - Started process (PID=28896) to work on /home/osboxes/.local/lib/python3.8/site-packages/airflow/example_dags/example_branch_day_of_week_operator.py
[2022-06-23 10:30:48,945] {processor.py:641} INFO - Processing file /home/osboxes/.local/lib/python3.8/site-packages/airflow/example_dags/example_branch_day_of_week_operator.py for tasks to queue
[2022-06-23 10:30:48,946] {logging_mixin.py:115} INFO - [2022-06-23 10:30:48,946] {dagbag.py:507} INFO - Filling up the DagBag from /home/osboxes/.local/lib/python3.8/site-packages/airflow/example_dags/example_branch_day_of_week_operator.py
[2022-06-23 10:30:48,951] {processor.py:651} INFO - DAG(s) dict_keys(['example_weekday_branch_operator']) retrieved from /home/osboxes/.local/lib/python3.8/site-packages/airflow/example_dags/example_branch_day_of_week_operator.py
[2022-06-23 10:30:48,969] {logging_mixin.py:115} INFO - [2022-06-23 10:30:48,969] {dag.py:2371} INFO - Sync 1 DAGs
[2022-06-23 10:30:48,994] {logging_mixin.py:115} INFO - [2022-06-23 10:30:48,994] {dag.py:2915} INFO - Setting next_dagrun for example_weekday_branch_operator to 2022-06-22T00:00:00+00:00, run_after=2022-06-23T00:00:00+00:00
[2022-06-23 10:30:49,051] {processor.py:161} INFO - Processing /home/osboxes/.local/lib/python3.8/site-packages/airflow/example_dags/example_branch_day_of_week_operator.py took 0.110 seconds
[2022-06-23 10:31:25,321] {processor.py:153} INFO - Started process (PID=29185) to work on /home/osboxes/.local/lib/python3.8/site-packages/airflow/example_dags/example_branch_day_of_week_operator.py
[2022-06-23 10:31:25,322] {processor.py:641} INFO - Processing file /home/osboxes/.local/lib/python3.8/site-packages/airflow/example_dags/example_branch_day_of_week_operator.py for tasks to queue
[2022-06-23 10:31:25,322] {logging_mixin.py:115} INFO - [2022-06-23 10:31:25,322] {dagbag.py:507} INFO - Filling up the DagBag from /home/osboxes/.local/lib/python3.8/site-packages/airflow/example_dags/example_branch_day_of_week_operator.py
[2022-06-23 10:31:25,328] {processor.py:651} INFO - DAG(s) dict_keys(['example_weekday_branch_operator']) retrieved from /home/osboxes/.local/lib/python3.8/site-packages/airflow/example_dags/example_branch_day_of_week_operator.py
[2022-06-23 10:31:25,347] {logging_mixin.py:115} INFO - [2022-06-23 10:31:25,347] {dag.py:2371} INFO - Sync 1 DAGs
[2022-06-23 10:31:25,362] {logging_mixin.py:115} INFO - [2022-06-23 10:31:25,362] {dag.py:2915} INFO - Setting next_dagrun for example_weekday_branch_operator to 2022-06-22T00:00:00+00:00, run_after=2022-06-23T00:00:00+00:00
[2022-06-23 10:31:25,399] {processor.py:161} INFO - Processing /home/osboxes/.local/lib/python3.8/site-packages/airflow/example_dags/example_branch_day_of_week_operator.py took 0.081 seconds
[2022-06-23 10:32:01,932] {processor.py:153} INFO - Started process (PID=29563) to work on /home/osboxes/.local/lib/python3.8/site-packages/airflow/example_dags/example_branch_day_of_week_operator.py
[2022-06-23 10:32:01,933] {processor.py:641} INFO - Processing file /home/osboxes/.local/lib/python3.8/site-packages/airflow/example_dags/example_branch_day_of_week_operator.py for tasks to queue
[2022-06-23 10:32:01,934] {logging_mixin.py:115} INFO - [2022-06-23 10:32:01,934] {dagbag.py:507} INFO - Filling up the DagBag from /home/osboxes/.local/lib/python3.8/site-packages/airflow/example_dags/example_branch_day_of_week_operator.py
[2022-06-23 10:32:01,940] {processor.py:651} INFO - DAG(s) dict_keys(['example_weekday_branch_operator']) retrieved from /home/osboxes/.local/lib/python3.8/site-packages/airflow/example_dags/example_branch_day_of_week_operator.py
[2022-06-23 10:32:01,957] {logging_mixin.py:115} INFO - [2022-06-23 10:32:01,957] {dag.py:2371} INFO - Sync 1 DAGs
[2022-06-23 10:32:01,975] {logging_mixin.py:115} INFO - [2022-06-23 10:32:01,975] {dag.py:2915} INFO - Setting next_dagrun for example_weekday_branch_operator to 2022-06-22T00:00:00+00:00, run_after=2022-06-23T00:00:00+00:00
[2022-06-23 10:32:02,020] {processor.py:161} INFO - Processing /home/osboxes/.local/lib/python3.8/site-packages/airflow/example_dags/example_branch_day_of_week_operator.py took 0.091 seconds
[2022-06-23 10:32:39,584] {processor.py:153} INFO - Started process (PID=30053) to work on /home/osboxes/.local/lib/python3.8/site-packages/airflow/example_dags/example_branch_day_of_week_operator.py
[2022-06-23 10:32:39,587] {processor.py:641} INFO - Processing file /home/osboxes/.local/lib/python3.8/site-packages/airflow/example_dags/example_branch_day_of_week_operator.py for tasks to queue
[2022-06-23 10:32:39,588] {logging_mixin.py:115} INFO - [2022-06-23 10:32:39,587] {dagbag.py:507} INFO - Filling up the DagBag from /home/osboxes/.local/lib/python3.8/site-packages/airflow/example_dags/example_branch_day_of_week_operator.py
[2022-06-23 10:32:39,596] {processor.py:651} INFO - DAG(s) dict_keys(['example_weekday_branch_operator']) retrieved from /home/osboxes/.local/lib/python3.8/site-packages/airflow/example_dags/example_branch_day_of_week_operator.py
[2022-06-23 10:32:39,613] {logging_mixin.py:115} INFO - [2022-06-23 10:32:39,613] {dag.py:2371} INFO - Sync 1 DAGs
[2022-06-23 10:32:39,631] {logging_mixin.py:115} INFO - [2022-06-23 10:32:39,631] {dag.py:2915} INFO - Setting next_dagrun for example_weekday_branch_operator to 2022-06-22T00:00:00+00:00, run_after=2022-06-23T00:00:00+00:00
[2022-06-23 10:32:39,660] {processor.py:161} INFO - Processing /home/osboxes/.local/lib/python3.8/site-packages/airflow/example_dags/example_branch_day_of_week_operator.py took 0.080 seconds
[2022-06-23 10:33:21,970] {processor.py:153} INFO - Started process (PID=30536) to work on /home/osboxes/.local/lib/python3.8/site-packages/airflow/example_dags/example_branch_day_of_week_operator.py
[2022-06-23 10:33:22,006] {processor.py:641} INFO - Processing file /home/osboxes/.local/lib/python3.8/site-packages/airflow/example_dags/example_branch_day_of_week_operator.py for tasks to queue
[2022-06-23 10:33:22,006] {logging_mixin.py:115} INFO - [2022-06-23 10:33:22,006] {dagbag.py:507} INFO - Filling up the DagBag from /home/osboxes/.local/lib/python3.8/site-packages/airflow/example_dags/example_branch_day_of_week_operator.py
[2022-06-23 10:33:22,016] {processor.py:651} INFO - DAG(s) dict_keys(['example_weekday_branch_operator']) retrieved from /home/osboxes/.local/lib/python3.8/site-packages/airflow/example_dags/example_branch_day_of_week_operator.py
[2022-06-23 10:33:22,035] {logging_mixin.py:115} INFO - [2022-06-23 10:33:22,034] {dag.py:2371} INFO - Sync 1 DAGs
[2022-06-23 10:33:22,051] {logging_mixin.py:115} INFO - [2022-06-23 10:33:22,051] {dag.py:2915} INFO - Setting next_dagrun for example_weekday_branch_operator to 2022-06-22T00:00:00+00:00, run_after=2022-06-23T00:00:00+00:00
[2022-06-23 10:33:22,144] {processor.py:161} INFO - Processing /home/osboxes/.local/lib/python3.8/site-packages/airflow/example_dags/example_branch_day_of_week_operator.py took 0.175 seconds
[2022-06-23 10:34:00,863] {processor.py:153} INFO - Started process (PID=31003) to work on /home/osboxes/.local/lib/python3.8/site-packages/airflow/example_dags/example_branch_day_of_week_operator.py
[2022-06-23 10:34:00,899] {processor.py:641} INFO - Processing file /home/osboxes/.local/lib/python3.8/site-packages/airflow/example_dags/example_branch_day_of_week_operator.py for tasks to queue
[2022-06-23 10:34:00,899] {logging_mixin.py:115} INFO - [2022-06-23 10:34:00,899] {dagbag.py:507} INFO - Filling up the DagBag from /home/osboxes/.local/lib/python3.8/site-packages/airflow/example_dags/example_branch_day_of_week_operator.py
[2022-06-23 10:34:00,909] {processor.py:651} INFO - DAG(s) dict_keys(['example_weekday_branch_operator']) retrieved from /home/osboxes/.local/lib/python3.8/site-packages/airflow/example_dags/example_branch_day_of_week_operator.py
[2022-06-23 10:34:01,027] {logging_mixin.py:115} INFO - [2022-06-23 10:34:01,026] {dag.py:2371} INFO - Sync 1 DAGs
[2022-06-23 10:34:01,215] {logging_mixin.py:115} INFO - [2022-06-23 10:34:01,215] {dag.py:2915} INFO - Setting next_dagrun for example_weekday_branch_operator to 2022-06-22T00:00:00+00:00, run_after=2022-06-23T00:00:00+00:00
[2022-06-23 10:34:01,474] {processor.py:161} INFO - Processing /home/osboxes/.local/lib/python3.8/site-packages/airflow/example_dags/example_branch_day_of_week_operator.py took 0.613 seconds
[2022-06-23 10:34:47,019] {processor.py:153} INFO - Started process (PID=31483) to work on /home/osboxes/.local/lib/python3.8/site-packages/airflow/example_dags/example_branch_day_of_week_operator.py
[2022-06-23 10:34:47,021] {processor.py:641} INFO - Processing file /home/osboxes/.local/lib/python3.8/site-packages/airflow/example_dags/example_branch_day_of_week_operator.py for tasks to queue
[2022-06-23 10:34:47,022] {logging_mixin.py:115} INFO - [2022-06-23 10:34:47,022] {dagbag.py:507} INFO - Filling up the DagBag from /home/osboxes/.local/lib/python3.8/site-packages/airflow/example_dags/example_branch_day_of_week_operator.py
[2022-06-23 10:34:47,030] {processor.py:651} INFO - DAG(s) dict_keys(['example_weekday_branch_operator']) retrieved from /home/osboxes/.local/lib/python3.8/site-packages/airflow/example_dags/example_branch_day_of_week_operator.py
[2022-06-23 10:34:47,055] {logging_mixin.py:115} INFO - [2022-06-23 10:34:47,054] {dag.py:2371} INFO - Sync 1 DAGs
[2022-06-23 10:34:47,074] {logging_mixin.py:115} INFO - [2022-06-23 10:34:47,074] {dag.py:2915} INFO - Setting next_dagrun for example_weekday_branch_operator to 2022-06-22T00:00:00+00:00, run_after=2022-06-23T00:00:00+00:00
[2022-06-23 10:34:47,107] {processor.py:161} INFO - Processing /home/osboxes/.local/lib/python3.8/site-packages/airflow/example_dags/example_branch_day_of_week_operator.py took 0.090 seconds
[2022-06-23 10:35:26,281] {processor.py:153} INFO - Started process (PID=31905) to work on /home/osboxes/.local/lib/python3.8/site-packages/airflow/example_dags/example_branch_day_of_week_operator.py
[2022-06-23 10:35:26,283] {processor.py:641} INFO - Processing file /home/osboxes/.local/lib/python3.8/site-packages/airflow/example_dags/example_branch_day_of_week_operator.py for tasks to queue
[2022-06-23 10:35:26,284] {logging_mixin.py:115} INFO - [2022-06-23 10:35:26,283] {dagbag.py:507} INFO - Filling up the DagBag from /home/osboxes/.local/lib/python3.8/site-packages/airflow/example_dags/example_branch_day_of_week_operator.py
[2022-06-23 10:35:26,291] {processor.py:651} INFO - DAG(s) dict_keys(['example_weekday_branch_operator']) retrieved from /home/osboxes/.local/lib/python3.8/site-packages/airflow/example_dags/example_branch_day_of_week_operator.py
[2022-06-23 10:35:26,306] {logging_mixin.py:115} INFO - [2022-06-23 10:35:26,305] {dag.py:2371} INFO - Sync 1 DAGs
[2022-06-23 10:35:26,322] {logging_mixin.py:115} INFO - [2022-06-23 10:35:26,322] {dag.py:2915} INFO - Setting next_dagrun for example_weekday_branch_operator to 2022-06-22T00:00:00+00:00, run_after=2022-06-23T00:00:00+00:00
[2022-06-23 10:35:26,368] {processor.py:161} INFO - Processing /home/osboxes/.local/lib/python3.8/site-packages/airflow/example_dags/example_branch_day_of_week_operator.py took 0.088 seconds
[2022-06-23 10:36:41,345] {processor.py:153} INFO - Started process (PID=32695) to work on /home/osboxes/.local/lib/python3.8/site-packages/airflow/example_dags/example_branch_day_of_week_operator.py
[2022-06-23 10:36:41,370] {processor.py:641} INFO - Processing file /home/osboxes/.local/lib/python3.8/site-packages/airflow/example_dags/example_branch_day_of_week_operator.py for tasks to queue
[2022-06-23 10:36:41,370] {logging_mixin.py:115} INFO - [2022-06-23 10:36:41,370] {dagbag.py:507} INFO - Filling up the DagBag from /home/osboxes/.local/lib/python3.8/site-packages/airflow/example_dags/example_branch_day_of_week_operator.py
[2022-06-23 10:36:41,391] {processor.py:651} INFO - DAG(s) dict_keys(['example_weekday_branch_operator']) retrieved from /home/osboxes/.local/lib/python3.8/site-packages/airflow/example_dags/example_branch_day_of_week_operator.py
[2022-06-23 10:36:41,428] {logging_mixin.py:115} INFO - [2022-06-23 10:36:41,427] {dag.py:2371} INFO - Sync 1 DAGs
[2022-06-23 10:36:41,495] {logging_mixin.py:115} INFO - [2022-06-23 10:36:41,495] {dag.py:2915} INFO - Setting next_dagrun for example_weekday_branch_operator to 2022-06-22T00:00:00+00:00, run_after=2022-06-23T00:00:00+00:00
[2022-06-23 10:36:41,702] {processor.py:161} INFO - Processing /home/osboxes/.local/lib/python3.8/site-packages/airflow/example_dags/example_branch_day_of_week_operator.py took 0.359 seconds
[2022-06-23 10:37:33,044] {processor.py:153} INFO - Started process (PID=33133) to work on /home/osboxes/.local/lib/python3.8/site-packages/airflow/example_dags/example_branch_day_of_week_operator.py
[2022-06-23 10:37:33,094] {processor.py:641} INFO - Processing file /home/osboxes/.local/lib/python3.8/site-packages/airflow/example_dags/example_branch_day_of_week_operator.py for tasks to queue
[2022-06-23 10:37:33,094] {logging_mixin.py:115} INFO - [2022-06-23 10:37:33,094] {dagbag.py:507} INFO - Filling up the DagBag from /home/osboxes/.local/lib/python3.8/site-packages/airflow/example_dags/example_branch_day_of_week_operator.py
[2022-06-23 10:37:33,103] {processor.py:651} INFO - DAG(s) dict_keys(['example_weekday_branch_operator']) retrieved from /home/osboxes/.local/lib/python3.8/site-packages/airflow/example_dags/example_branch_day_of_week_operator.py
[2022-06-23 10:37:33,123] {logging_mixin.py:115} INFO - [2022-06-23 10:37:33,122] {dag.py:2371} INFO - Sync 1 DAGs
[2022-06-23 10:37:33,154] {logging_mixin.py:115} INFO - [2022-06-23 10:37:33,154] {dag.py:2915} INFO - Setting next_dagrun for example_weekday_branch_operator to 2022-06-22T00:00:00+00:00, run_after=2022-06-23T00:00:00+00:00
[2022-06-23 10:37:33,272] {processor.py:161} INFO - Processing /home/osboxes/.local/lib/python3.8/site-packages/airflow/example_dags/example_branch_day_of_week_operator.py took 0.231 seconds
[2022-06-23 10:38:26,363] {processor.py:153} INFO - Started process (PID=33635) to work on /home/osboxes/.local/lib/python3.8/site-packages/airflow/example_dags/example_branch_day_of_week_operator.py
[2022-06-23 10:38:26,374] {processor.py:641} INFO - Processing file /home/osboxes/.local/lib/python3.8/site-packages/airflow/example_dags/example_branch_day_of_week_operator.py for tasks to queue
[2022-06-23 10:38:26,374] {logging_mixin.py:115} INFO - [2022-06-23 10:38:26,374] {dagbag.py:507} INFO - Filling up the DagBag from /home/osboxes/.local/lib/python3.8/site-packages/airflow/example_dags/example_branch_day_of_week_operator.py
[2022-06-23 10:38:26,381] {processor.py:651} INFO - DAG(s) dict_keys(['example_weekday_branch_operator']) retrieved from /home/osboxes/.local/lib/python3.8/site-packages/airflow/example_dags/example_branch_day_of_week_operator.py
[2022-06-23 10:38:26,402] {logging_mixin.py:115} INFO - [2022-06-23 10:38:26,402] {dag.py:2371} INFO - Sync 1 DAGs
[2022-06-23 10:38:26,424] {logging_mixin.py:115} INFO - [2022-06-23 10:38:26,424] {dag.py:2915} INFO - Setting next_dagrun for example_weekday_branch_operator to 2022-06-22T00:00:00+00:00, run_after=2022-06-23T00:00:00+00:00
[2022-06-23 10:38:26,607] {processor.py:161} INFO - Processing /home/osboxes/.local/lib/python3.8/site-packages/airflow/example_dags/example_branch_day_of_week_operator.py took 0.246 seconds
[2022-06-23 10:39:18,232] {processor.py:153} INFO - Started process (PID=34107) to work on /home/osboxes/.local/lib/python3.8/site-packages/airflow/example_dags/example_branch_day_of_week_operator.py
[2022-06-23 10:39:18,242] {processor.py:641} INFO - Processing file /home/osboxes/.local/lib/python3.8/site-packages/airflow/example_dags/example_branch_day_of_week_operator.py for tasks to queue
[2022-06-23 10:39:18,242] {logging_mixin.py:115} INFO - [2022-06-23 10:39:18,242] {dagbag.py:507} INFO - Filling up the DagBag from /home/osboxes/.local/lib/python3.8/site-packages/airflow/example_dags/example_branch_day_of_week_operator.py
[2022-06-23 10:39:18,248] {processor.py:651} INFO - DAG(s) dict_keys(['example_weekday_branch_operator']) retrieved from /home/osboxes/.local/lib/python3.8/site-packages/airflow/example_dags/example_branch_day_of_week_operator.py
[2022-06-23 10:39:18,262] {logging_mixin.py:115} INFO - [2022-06-23 10:39:18,262] {dag.py:2371} INFO - Sync 1 DAGs
[2022-06-23 10:39:18,282] {logging_mixin.py:115} INFO - [2022-06-23 10:39:18,282] {dag.py:2915} INFO - Setting next_dagrun for example_weekday_branch_operator to 2022-06-22T00:00:00+00:00, run_after=2022-06-23T00:00:00+00:00
[2022-06-23 10:39:18,325] {processor.py:161} INFO - Processing /home/osboxes/.local/lib/python3.8/site-packages/airflow/example_dags/example_branch_day_of_week_operator.py took 0.095 seconds
[2022-06-23 10:39:57,877] {processor.py:153} INFO - Started process (PID=34514) to work on /home/osboxes/.local/lib/python3.8/site-packages/airflow/example_dags/example_branch_day_of_week_operator.py
[2022-06-23 10:39:57,878] {processor.py:641} INFO - Processing file /home/osboxes/.local/lib/python3.8/site-packages/airflow/example_dags/example_branch_day_of_week_operator.py for tasks to queue
[2022-06-23 10:39:57,878] {logging_mixin.py:115} INFO - [2022-06-23 10:39:57,878] {dagbag.py:507} INFO - Filling up the DagBag from /home/osboxes/.local/lib/python3.8/site-packages/airflow/example_dags/example_branch_day_of_week_operator.py
[2022-06-23 10:39:57,884] {processor.py:651} INFO - DAG(s) dict_keys(['example_weekday_branch_operator']) retrieved from /home/osboxes/.local/lib/python3.8/site-packages/airflow/example_dags/example_branch_day_of_week_operator.py
[2022-06-23 10:39:57,901] {logging_mixin.py:115} INFO - [2022-06-23 10:39:57,901] {dag.py:2371} INFO - Sync 1 DAGs
[2022-06-23 10:39:57,923] {logging_mixin.py:115} INFO - [2022-06-23 10:39:57,923] {dag.py:2915} INFO - Setting next_dagrun for example_weekday_branch_operator to 2022-06-22T00:00:00+00:00, run_after=2022-06-23T00:00:00+00:00
[2022-06-23 10:39:57,957] {processor.py:161} INFO - Processing /home/osboxes/.local/lib/python3.8/site-packages/airflow/example_dags/example_branch_day_of_week_operator.py took 0.082 seconds
[2022-06-23 10:40:35,902] {processor.py:153} INFO - Started process (PID=34865) to work on /home/osboxes/.local/lib/python3.8/site-packages/airflow/example_dags/example_branch_day_of_week_operator.py
[2022-06-23 10:40:35,909] {processor.py:641} INFO - Processing file /home/osboxes/.local/lib/python3.8/site-packages/airflow/example_dags/example_branch_day_of_week_operator.py for tasks to queue
[2022-06-23 10:40:35,910] {logging_mixin.py:115} INFO - [2022-06-23 10:40:35,909] {dagbag.py:507} INFO - Filling up the DagBag from /home/osboxes/.local/lib/python3.8/site-packages/airflow/example_dags/example_branch_day_of_week_operator.py
[2022-06-23 10:40:35,916] {processor.py:651} INFO - DAG(s) dict_keys(['example_weekday_branch_operator']) retrieved from /home/osboxes/.local/lib/python3.8/site-packages/airflow/example_dags/example_branch_day_of_week_operator.py
[2022-06-23 10:40:35,949] {logging_mixin.py:115} INFO - [2022-06-23 10:40:35,949] {dag.py:2371} INFO - Sync 1 DAGs
[2022-06-23 10:40:35,974] {logging_mixin.py:115} INFO - [2022-06-23 10:40:35,974] {dag.py:2915} INFO - Setting next_dagrun for example_weekday_branch_operator to 2022-06-22T00:00:00+00:00, run_after=2022-06-23T00:00:00+00:00
[2022-06-23 10:40:36,136] {processor.py:161} INFO - Processing /home/osboxes/.local/lib/python3.8/site-packages/airflow/example_dags/example_branch_day_of_week_operator.py took 0.249 seconds
[2022-06-23 10:41:29,118] {processor.py:153} INFO - Started process (PID=35449) to work on /home/osboxes/.local/lib/python3.8/site-packages/airflow/example_dags/example_branch_day_of_week_operator.py
[2022-06-23 10:41:29,125] {processor.py:641} INFO - Processing file /home/osboxes/.local/lib/python3.8/site-packages/airflow/example_dags/example_branch_day_of_week_operator.py for tasks to queue
[2022-06-23 10:41:29,125] {logging_mixin.py:115} INFO - [2022-06-23 10:41:29,125] {dagbag.py:507} INFO - Filling up the DagBag from /home/osboxes/.local/lib/python3.8/site-packages/airflow/example_dags/example_branch_day_of_week_operator.py
[2022-06-23 10:41:29,134] {processor.py:651} INFO - DAG(s) dict_keys(['example_weekday_branch_operator']) retrieved from /home/osboxes/.local/lib/python3.8/site-packages/airflow/example_dags/example_branch_day_of_week_operator.py
[2022-06-23 10:41:29,151] {logging_mixin.py:115} INFO - [2022-06-23 10:41:29,150] {dag.py:2371} INFO - Sync 1 DAGs
[2022-06-23 10:41:29,171] {logging_mixin.py:115} INFO - [2022-06-23 10:41:29,171] {dag.py:2915} INFO - Setting next_dagrun for example_weekday_branch_operator to 2022-06-22T00:00:00+00:00, run_after=2022-06-23T00:00:00+00:00
[2022-06-23 10:41:29,212] {processor.py:161} INFO - Processing /home/osboxes/.local/lib/python3.8/site-packages/airflow/example_dags/example_branch_day_of_week_operator.py took 0.096 seconds
[2022-06-23 10:42:12,250] {processor.py:153} INFO - Started process (PID=35872) to work on /home/osboxes/.local/lib/python3.8/site-packages/airflow/example_dags/example_branch_day_of_week_operator.py
[2022-06-23 10:42:12,254] {processor.py:641} INFO - Processing file /home/osboxes/.local/lib/python3.8/site-packages/airflow/example_dags/example_branch_day_of_week_operator.py for tasks to queue
[2022-06-23 10:42:12,255] {logging_mixin.py:115} INFO - [2022-06-23 10:42:12,255] {dagbag.py:507} INFO - Filling up the DagBag from /home/osboxes/.local/lib/python3.8/site-packages/airflow/example_dags/example_branch_day_of_week_operator.py
[2022-06-23 10:42:12,261] {processor.py:651} INFO - DAG(s) dict_keys(['example_weekday_branch_operator']) retrieved from /home/osboxes/.local/lib/python3.8/site-packages/airflow/example_dags/example_branch_day_of_week_operator.py
[2022-06-23 10:42:12,276] {logging_mixin.py:115} INFO - [2022-06-23 10:42:12,276] {dag.py:2371} INFO - Sync 1 DAGs
[2022-06-23 10:42:12,294] {logging_mixin.py:115} INFO - [2022-06-23 10:42:12,294] {dag.py:2915} INFO - Setting next_dagrun for example_weekday_branch_operator to 2022-06-22T00:00:00+00:00, run_after=2022-06-23T00:00:00+00:00
[2022-06-23 10:42:12,341] {processor.py:161} INFO - Processing /home/osboxes/.local/lib/python3.8/site-packages/airflow/example_dags/example_branch_day_of_week_operator.py took 0.092 seconds
[2022-06-23 10:42:49,235] {processor.py:153} INFO - Started process (PID=36325) to work on /home/osboxes/.local/lib/python3.8/site-packages/airflow/example_dags/example_branch_day_of_week_operator.py
[2022-06-23 10:42:49,242] {processor.py:641} INFO - Processing file /home/osboxes/.local/lib/python3.8/site-packages/airflow/example_dags/example_branch_day_of_week_operator.py for tasks to queue
[2022-06-23 10:42:49,243] {logging_mixin.py:115} INFO - [2022-06-23 10:42:49,243] {dagbag.py:507} INFO - Filling up the DagBag from /home/osboxes/.local/lib/python3.8/site-packages/airflow/example_dags/example_branch_day_of_week_operator.py
[2022-06-23 10:42:49,250] {processor.py:651} INFO - DAG(s) dict_keys(['example_weekday_branch_operator']) retrieved from /home/osboxes/.local/lib/python3.8/site-packages/airflow/example_dags/example_branch_day_of_week_operator.py
[2022-06-23 10:42:49,268] {logging_mixin.py:115} INFO - [2022-06-23 10:42:49,268] {dag.py:2371} INFO - Sync 1 DAGs
[2022-06-23 10:42:49,287] {logging_mixin.py:115} INFO - [2022-06-23 10:42:49,287] {dag.py:2915} INFO - Setting next_dagrun for example_weekday_branch_operator to 2022-06-22T00:00:00+00:00, run_after=2022-06-23T00:00:00+00:00
[2022-06-23 10:42:49,321] {processor.py:161} INFO - Processing /home/osboxes/.local/lib/python3.8/site-packages/airflow/example_dags/example_branch_day_of_week_operator.py took 0.088 seconds
[2022-06-23 10:43:31,635] {processor.py:153} INFO - Started process (PID=36740) to work on /home/osboxes/.local/lib/python3.8/site-packages/airflow/example_dags/example_branch_day_of_week_operator.py
[2022-06-23 10:43:31,637] {processor.py:641} INFO - Processing file /home/osboxes/.local/lib/python3.8/site-packages/airflow/example_dags/example_branch_day_of_week_operator.py for tasks to queue
[2022-06-23 10:43:31,637] {logging_mixin.py:115} INFO - [2022-06-23 10:43:31,637] {dagbag.py:507} INFO - Filling up the DagBag from /home/osboxes/.local/lib/python3.8/site-packages/airflow/example_dags/example_branch_day_of_week_operator.py
[2022-06-23 10:43:31,643] {processor.py:651} INFO - DAG(s) dict_keys(['example_weekday_branch_operator']) retrieved from /home/osboxes/.local/lib/python3.8/site-packages/airflow/example_dags/example_branch_day_of_week_operator.py
[2022-06-23 10:43:31,657] {logging_mixin.py:115} INFO - [2022-06-23 10:43:31,657] {dag.py:2371} INFO - Sync 1 DAGs
[2022-06-23 10:43:31,674] {logging_mixin.py:115} INFO - [2022-06-23 10:43:31,674] {dag.py:2915} INFO - Setting next_dagrun for example_weekday_branch_operator to 2022-06-22T00:00:00+00:00, run_after=2022-06-23T00:00:00+00:00
[2022-06-23 10:43:31,706] {processor.py:161} INFO - Processing /home/osboxes/.local/lib/python3.8/site-packages/airflow/example_dags/example_branch_day_of_week_operator.py took 0.076 seconds
[2022-06-23 10:44:23,278] {processor.py:153} INFO - Started process (PID=37445) to work on /home/osboxes/.local/lib/python3.8/site-packages/airflow/example_dags/example_branch_day_of_week_operator.py
[2022-06-23 10:44:23,288] {processor.py:641} INFO - Processing file /home/osboxes/.local/lib/python3.8/site-packages/airflow/example_dags/example_branch_day_of_week_operator.py for tasks to queue
[2022-06-23 10:44:23,288] {logging_mixin.py:115} INFO - [2022-06-23 10:44:23,288] {dagbag.py:507} INFO - Filling up the DagBag from /home/osboxes/.local/lib/python3.8/site-packages/airflow/example_dags/example_branch_day_of_week_operator.py
[2022-06-23 10:44:23,294] {processor.py:651} INFO - DAG(s) dict_keys(['example_weekday_branch_operator']) retrieved from /home/osboxes/.local/lib/python3.8/site-packages/airflow/example_dags/example_branch_day_of_week_operator.py
[2022-06-23 10:44:23,312] {logging_mixin.py:115} INFO - [2022-06-23 10:44:23,312] {dag.py:2371} INFO - Sync 1 DAGs
[2022-06-23 10:44:23,331] {logging_mixin.py:115} INFO - [2022-06-23 10:44:23,331] {dag.py:2915} INFO - Setting next_dagrun for example_weekday_branch_operator to 2022-06-22T00:00:00+00:00, run_after=2022-06-23T00:00:00+00:00
[2022-06-23 10:44:23,377] {processor.py:161} INFO - Processing /home/osboxes/.local/lib/python3.8/site-packages/airflow/example_dags/example_branch_day_of_week_operator.py took 0.102 seconds
[2022-06-23 10:45:04,087] {processor.py:153} INFO - Started process (PID=37943) to work on /home/osboxes/.local/lib/python3.8/site-packages/airflow/example_dags/example_branch_day_of_week_operator.py
[2022-06-23 10:45:04,091] {processor.py:641} INFO - Processing file /home/osboxes/.local/lib/python3.8/site-packages/airflow/example_dags/example_branch_day_of_week_operator.py for tasks to queue
[2022-06-23 10:45:04,091] {logging_mixin.py:115} INFO - [2022-06-23 10:45:04,091] {dagbag.py:507} INFO - Filling up the DagBag from /home/osboxes/.local/lib/python3.8/site-packages/airflow/example_dags/example_branch_day_of_week_operator.py
[2022-06-23 10:45:04,097] {processor.py:651} INFO - DAG(s) dict_keys(['example_weekday_branch_operator']) retrieved from /home/osboxes/.local/lib/python3.8/site-packages/airflow/example_dags/example_branch_day_of_week_operator.py
[2022-06-23 10:45:04,115] {logging_mixin.py:115} INFO - [2022-06-23 10:45:04,115] {dag.py:2371} INFO - Sync 1 DAGs
[2022-06-23 10:45:04,132] {logging_mixin.py:115} INFO - [2022-06-23 10:45:04,132] {dag.py:2915} INFO - Setting next_dagrun for example_weekday_branch_operator to 2022-06-22T00:00:00+00:00, run_after=2022-06-23T00:00:00+00:00
[2022-06-23 10:45:04,166] {processor.py:161} INFO - Processing /home/osboxes/.local/lib/python3.8/site-packages/airflow/example_dags/example_branch_day_of_week_operator.py took 0.080 seconds
[2022-06-23 10:45:47,260] {processor.py:153} INFO - Started process (PID=38374) to work on /home/osboxes/.local/lib/python3.8/site-packages/airflow/example_dags/example_branch_day_of_week_operator.py
[2022-06-23 10:45:47,457] {processor.py:641} INFO - Processing file /home/osboxes/.local/lib/python3.8/site-packages/airflow/example_dags/example_branch_day_of_week_operator.py for tasks to queue
[2022-06-23 10:45:47,457] {logging_mixin.py:115} INFO - [2022-06-23 10:45:47,457] {dagbag.py:507} INFO - Filling up the DagBag from /home/osboxes/.local/lib/python3.8/site-packages/airflow/example_dags/example_branch_day_of_week_operator.py
[2022-06-23 10:45:47,463] {processor.py:651} INFO - DAG(s) dict_keys(['example_weekday_branch_operator']) retrieved from /home/osboxes/.local/lib/python3.8/site-packages/airflow/example_dags/example_branch_day_of_week_operator.py
[2022-06-23 10:45:47,691] {logging_mixin.py:115} INFO - [2022-06-23 10:45:47,691] {dag.py:2371} INFO - Sync 1 DAGs
[2022-06-23 10:45:47,869] {logging_mixin.py:115} INFO - [2022-06-23 10:45:47,869] {dag.py:2915} INFO - Setting next_dagrun for example_weekday_branch_operator to 2022-06-22T00:00:00+00:00, run_after=2022-06-23T00:00:00+00:00
[2022-06-23 10:45:48,155] {processor.py:161} INFO - Processing /home/osboxes/.local/lib/python3.8/site-packages/airflow/example_dags/example_branch_day_of_week_operator.py took 0.897 seconds
[2022-06-23 10:46:40,417] {processor.py:153} INFO - Started process (PID=38922) to work on /home/osboxes/.local/lib/python3.8/site-packages/airflow/example_dags/example_branch_day_of_week_operator.py
[2022-06-23 10:46:40,428] {processor.py:641} INFO - Processing file /home/osboxes/.local/lib/python3.8/site-packages/airflow/example_dags/example_branch_day_of_week_operator.py for tasks to queue
[2022-06-23 10:46:40,429] {logging_mixin.py:115} INFO - [2022-06-23 10:46:40,429] {dagbag.py:507} INFO - Filling up the DagBag from /home/osboxes/.local/lib/python3.8/site-packages/airflow/example_dags/example_branch_day_of_week_operator.py
[2022-06-23 10:46:40,436] {processor.py:651} INFO - DAG(s) dict_keys(['example_weekday_branch_operator']) retrieved from /home/osboxes/.local/lib/python3.8/site-packages/airflow/example_dags/example_branch_day_of_week_operator.py
[2022-06-23 10:46:40,452] {logging_mixin.py:115} INFO - [2022-06-23 10:46:40,452] {dag.py:2371} INFO - Sync 1 DAGs
[2022-06-23 10:46:40,470] {logging_mixin.py:115} INFO - [2022-06-23 10:46:40,470] {dag.py:2915} INFO - Setting next_dagrun for example_weekday_branch_operator to 2022-06-22T00:00:00+00:00, run_after=2022-06-23T00:00:00+00:00
[2022-06-23 10:46:40,500] {processor.py:161} INFO - Processing /home/osboxes/.local/lib/python3.8/site-packages/airflow/example_dags/example_branch_day_of_week_operator.py took 0.085 seconds
[2022-06-23 10:47:29,172] {processor.py:153} INFO - Started process (PID=39439) to work on /home/osboxes/.local/lib/python3.8/site-packages/airflow/example_dags/example_branch_day_of_week_operator.py
[2022-06-23 10:47:29,177] {processor.py:641} INFO - Processing file /home/osboxes/.local/lib/python3.8/site-packages/airflow/example_dags/example_branch_day_of_week_operator.py for tasks to queue
[2022-06-23 10:47:29,178] {logging_mixin.py:115} INFO - [2022-06-23 10:47:29,178] {dagbag.py:507} INFO - Filling up the DagBag from /home/osboxes/.local/lib/python3.8/site-packages/airflow/example_dags/example_branch_day_of_week_operator.py
[2022-06-23 10:47:29,184] {processor.py:651} INFO - DAG(s) dict_keys(['example_weekday_branch_operator']) retrieved from /home/osboxes/.local/lib/python3.8/site-packages/airflow/example_dags/example_branch_day_of_week_operator.py
[2022-06-23 10:47:29,219] {logging_mixin.py:115} INFO - [2022-06-23 10:47:29,219] {dag.py:2371} INFO - Sync 1 DAGs
[2022-06-23 10:47:29,255] {logging_mixin.py:115} INFO - [2022-06-23 10:47:29,255] {dag.py:2915} INFO - Setting next_dagrun for example_weekday_branch_operator to 2022-06-22T00:00:00+00:00, run_after=2022-06-23T00:00:00+00:00
[2022-06-23 10:47:29,523] {processor.py:161} INFO - Processing /home/osboxes/.local/lib/python3.8/site-packages/airflow/example_dags/example_branch_day_of_week_operator.py took 0.353 seconds
[2022-06-23 10:48:11,641] {processor.py:153} INFO - Started process (PID=39864) to work on /home/osboxes/.local/lib/python3.8/site-packages/airflow/example_dags/example_branch_day_of_week_operator.py
[2022-06-23 10:48:11,722] {processor.py:641} INFO - Processing file /home/osboxes/.local/lib/python3.8/site-packages/airflow/example_dags/example_branch_day_of_week_operator.py for tasks to queue
[2022-06-23 10:48:11,723] {logging_mixin.py:115} INFO - [2022-06-23 10:48:11,723] {dagbag.py:507} INFO - Filling up the DagBag from /home/osboxes/.local/lib/python3.8/site-packages/airflow/example_dags/example_branch_day_of_week_operator.py
[2022-06-23 10:48:11,730] {processor.py:651} INFO - DAG(s) dict_keys(['example_weekday_branch_operator']) retrieved from /home/osboxes/.local/lib/python3.8/site-packages/airflow/example_dags/example_branch_day_of_week_operator.py
[2022-06-23 10:48:11,751] {logging_mixin.py:115} INFO - [2022-06-23 10:48:11,750] {dag.py:2371} INFO - Sync 1 DAGs
[2022-06-23 10:48:11,781] {logging_mixin.py:115} INFO - [2022-06-23 10:48:11,781] {dag.py:2915} INFO - Setting next_dagrun for example_weekday_branch_operator to 2022-06-22T00:00:00+00:00, run_after=2022-06-23T00:00:00+00:00
[2022-06-23 10:48:11,894] {processor.py:161} INFO - Processing /home/osboxes/.local/lib/python3.8/site-packages/airflow/example_dags/example_branch_day_of_week_operator.py took 0.256 seconds
[2022-06-23 10:49:39,208] {processor.py:153} INFO - Started process (PID=40570) to work on /home/osboxes/.local/lib/python3.8/site-packages/airflow/example_dags/example_branch_day_of_week_operator.py
[2022-06-23 10:49:39,266] {processor.py:641} INFO - Processing file /home/osboxes/.local/lib/python3.8/site-packages/airflow/example_dags/example_branch_day_of_week_operator.py for tasks to queue
[2022-06-23 10:49:39,287] {logging_mixin.py:115} INFO - [2022-06-23 10:49:39,287] {dagbag.py:507} INFO - Filling up the DagBag from /home/osboxes/.local/lib/python3.8/site-packages/airflow/example_dags/example_branch_day_of_week_operator.py
[2022-06-23 10:49:39,348] {processor.py:651} INFO - DAG(s) dict_keys(['example_weekday_branch_operator']) retrieved from /home/osboxes/.local/lib/python3.8/site-packages/airflow/example_dags/example_branch_day_of_week_operator.py
[2022-06-23 10:49:39,496] {logging_mixin.py:115} INFO - [2022-06-23 10:49:39,496] {dag.py:2371} INFO - Sync 1 DAGs
[2022-06-23 10:49:39,981] {logging_mixin.py:115} INFO - [2022-06-23 10:49:39,980] {dag.py:2915} INFO - Setting next_dagrun for example_weekday_branch_operator to 2022-06-22T00:00:00+00:00, run_after=2022-06-23T00:00:00+00:00
[2022-06-23 10:49:40,288] {processor.py:161} INFO - Processing /home/osboxes/.local/lib/python3.8/site-packages/airflow/example_dags/example_branch_day_of_week_operator.py took 1.084 seconds
[2022-06-23 10:50:39,089] {processor.py:153} INFO - Started process (PID=41089) to work on /home/osboxes/.local/lib/python3.8/site-packages/airflow/example_dags/example_branch_day_of_week_operator.py
[2022-06-23 10:50:39,126] {processor.py:641} INFO - Processing file /home/osboxes/.local/lib/python3.8/site-packages/airflow/example_dags/example_branch_day_of_week_operator.py for tasks to queue
[2022-06-23 10:50:39,126] {logging_mixin.py:115} INFO - [2022-06-23 10:50:39,126] {dagbag.py:507} INFO - Filling up the DagBag from /home/osboxes/.local/lib/python3.8/site-packages/airflow/example_dags/example_branch_day_of_week_operator.py
[2022-06-23 10:50:39,147] {processor.py:651} INFO - DAG(s) dict_keys(['example_weekday_branch_operator']) retrieved from /home/osboxes/.local/lib/python3.8/site-packages/airflow/example_dags/example_branch_day_of_week_operator.py
[2022-06-23 10:50:39,250] {logging_mixin.py:115} INFO - [2022-06-23 10:50:39,250] {dag.py:2371} INFO - Sync 1 DAGs
[2022-06-23 10:50:39,392] {logging_mixin.py:115} INFO - [2022-06-23 10:50:39,392] {dag.py:2915} INFO - Setting next_dagrun for example_weekday_branch_operator to 2022-06-22T00:00:00+00:00, run_after=2022-06-23T00:00:00+00:00
[2022-06-23 10:50:39,604] {processor.py:161} INFO - Processing /home/osboxes/.local/lib/python3.8/site-packages/airflow/example_dags/example_branch_day_of_week_operator.py took 0.628 seconds
[2022-06-23 10:51:26,868] {processor.py:153} INFO - Started process (PID=41616) to work on /home/osboxes/.local/lib/python3.8/site-packages/airflow/example_dags/example_branch_day_of_week_operator.py
[2022-06-23 10:51:26,894] {processor.py:641} INFO - Processing file /home/osboxes/.local/lib/python3.8/site-packages/airflow/example_dags/example_branch_day_of_week_operator.py for tasks to queue
[2022-06-23 10:51:26,895] {logging_mixin.py:115} INFO - [2022-06-23 10:51:26,895] {dagbag.py:507} INFO - Filling up the DagBag from /home/osboxes/.local/lib/python3.8/site-packages/airflow/example_dags/example_branch_day_of_week_operator.py
[2022-06-23 10:51:26,901] {processor.py:651} INFO - DAG(s) dict_keys(['example_weekday_branch_operator']) retrieved from /home/osboxes/.local/lib/python3.8/site-packages/airflow/example_dags/example_branch_day_of_week_operator.py
[2022-06-23 10:51:26,925] {logging_mixin.py:115} INFO - [2022-06-23 10:51:26,925] {dag.py:2371} INFO - Sync 1 DAGs
[2022-06-23 10:51:26,965] {logging_mixin.py:115} INFO - [2022-06-23 10:51:26,964] {dag.py:2915} INFO - Setting next_dagrun for example_weekday_branch_operator to 2022-06-22T00:00:00+00:00, run_after=2022-06-23T00:00:00+00:00
[2022-06-23 10:51:27,169] {processor.py:161} INFO - Processing /home/osboxes/.local/lib/python3.8/site-packages/airflow/example_dags/example_branch_day_of_week_operator.py took 0.304 seconds
[2022-06-23 10:52:14,097] {processor.py:153} INFO - Started process (PID=42039) to work on /home/osboxes/.local/lib/python3.8/site-packages/airflow/example_dags/example_branch_day_of_week_operator.py
[2022-06-23 10:52:14,128] {processor.py:641} INFO - Processing file /home/osboxes/.local/lib/python3.8/site-packages/airflow/example_dags/example_branch_day_of_week_operator.py for tasks to queue
[2022-06-23 10:52:14,129] {logging_mixin.py:115} INFO - [2022-06-23 10:52:14,128] {dagbag.py:507} INFO - Filling up the DagBag from /home/osboxes/.local/lib/python3.8/site-packages/airflow/example_dags/example_branch_day_of_week_operator.py
[2022-06-23 10:52:14,135] {processor.py:651} INFO - DAG(s) dict_keys(['example_weekday_branch_operator']) retrieved from /home/osboxes/.local/lib/python3.8/site-packages/airflow/example_dags/example_branch_day_of_week_operator.py
[2022-06-23 10:52:14,161] {logging_mixin.py:115} INFO - [2022-06-23 10:52:14,161] {dag.py:2371} INFO - Sync 1 DAGs
[2022-06-23 10:52:14,200] {logging_mixin.py:115} INFO - [2022-06-23 10:52:14,200] {dag.py:2915} INFO - Setting next_dagrun for example_weekday_branch_operator to 2022-06-22T00:00:00+00:00, run_after=2022-06-23T00:00:00+00:00
[2022-06-23 10:52:14,360] {processor.py:161} INFO - Processing /home/osboxes/.local/lib/python3.8/site-packages/airflow/example_dags/example_branch_day_of_week_operator.py took 0.265 seconds
[2022-06-23 10:53:06,516] {processor.py:153} INFO - Started process (PID=42502) to work on /home/osboxes/.local/lib/python3.8/site-packages/airflow/example_dags/example_branch_day_of_week_operator.py
[2022-06-23 10:53:06,557] {processor.py:641} INFO - Processing file /home/osboxes/.local/lib/python3.8/site-packages/airflow/example_dags/example_branch_day_of_week_operator.py for tasks to queue
[2022-06-23 10:53:06,557] {logging_mixin.py:115} INFO - [2022-06-23 10:53:06,557] {dagbag.py:507} INFO - Filling up the DagBag from /home/osboxes/.local/lib/python3.8/site-packages/airflow/example_dags/example_branch_day_of_week_operator.py
[2022-06-23 10:53:06,564] {processor.py:651} INFO - DAG(s) dict_keys(['example_weekday_branch_operator']) retrieved from /home/osboxes/.local/lib/python3.8/site-packages/airflow/example_dags/example_branch_day_of_week_operator.py
[2022-06-23 10:53:06,672] {logging_mixin.py:115} INFO - [2022-06-23 10:53:06,672] {dag.py:2371} INFO - Sync 1 DAGs
[2022-06-23 10:53:06,696] {logging_mixin.py:115} INFO - [2022-06-23 10:53:06,695] {dag.py:2915} INFO - Setting next_dagrun for example_weekday_branch_operator to 2022-06-22T00:00:00+00:00, run_after=2022-06-23T00:00:00+00:00
[2022-06-23 10:53:07,121] {processor.py:161} INFO - Processing /home/osboxes/.local/lib/python3.8/site-packages/airflow/example_dags/example_branch_day_of_week_operator.py took 0.608 seconds
[2022-06-23 10:54:19,311] {processor.py:153} INFO - Started process (PID=43003) to work on /home/osboxes/.local/lib/python3.8/site-packages/airflow/example_dags/example_branch_day_of_week_operator.py
[2022-06-23 10:54:19,337] {processor.py:641} INFO - Processing file /home/osboxes/.local/lib/python3.8/site-packages/airflow/example_dags/example_branch_day_of_week_operator.py for tasks to queue
[2022-06-23 10:54:19,337] {logging_mixin.py:115} INFO - [2022-06-23 10:54:19,337] {dagbag.py:507} INFO - Filling up the DagBag from /home/osboxes/.local/lib/python3.8/site-packages/airflow/example_dags/example_branch_day_of_week_operator.py
[2022-06-23 10:54:19,344] {processor.py:651} INFO - DAG(s) dict_keys(['example_weekday_branch_operator']) retrieved from /home/osboxes/.local/lib/python3.8/site-packages/airflow/example_dags/example_branch_day_of_week_operator.py
[2022-06-23 10:54:19,419] {logging_mixin.py:115} INFO - [2022-06-23 10:54:19,418] {dag.py:2371} INFO - Sync 1 DAGs
[2022-06-23 10:54:19,468] {logging_mixin.py:115} INFO - [2022-06-23 10:54:19,468] {dag.py:2915} INFO - Setting next_dagrun for example_weekday_branch_operator to 2022-06-22T00:00:00+00:00, run_after=2022-06-23T00:00:00+00:00
[2022-06-23 10:54:19,571] {processor.py:161} INFO - Processing /home/osboxes/.local/lib/python3.8/site-packages/airflow/example_dags/example_branch_day_of_week_operator.py took 0.263 seconds
[2022-06-23 10:55:38,570] {processor.py:153} INFO - Started process (PID=43652) to work on /home/osboxes/.local/lib/python3.8/site-packages/airflow/example_dags/example_branch_day_of_week_operator.py
[2022-06-23 10:55:38,629] {processor.py:641} INFO - Processing file /home/osboxes/.local/lib/python3.8/site-packages/airflow/example_dags/example_branch_day_of_week_operator.py for tasks to queue
[2022-06-23 10:55:38,631] {logging_mixin.py:115} INFO - [2022-06-23 10:55:38,631] {dagbag.py:507} INFO - Filling up the DagBag from /home/osboxes/.local/lib/python3.8/site-packages/airflow/example_dags/example_branch_day_of_week_operator.py
[2022-06-23 10:55:38,637] {processor.py:651} INFO - DAG(s) dict_keys(['example_weekday_branch_operator']) retrieved from /home/osboxes/.local/lib/python3.8/site-packages/airflow/example_dags/example_branch_day_of_week_operator.py
[2022-06-23 10:55:38,696] {logging_mixin.py:115} INFO - [2022-06-23 10:55:38,696] {dag.py:2371} INFO - Sync 1 DAGs
[2022-06-23 10:55:38,725] {logging_mixin.py:115} INFO - [2022-06-23 10:55:38,725] {dag.py:2915} INFO - Setting next_dagrun for example_weekday_branch_operator to 2022-06-22T00:00:00+00:00, run_after=2022-06-23T00:00:00+00:00
[2022-06-23 10:55:38,968] {processor.py:161} INFO - Processing /home/osboxes/.local/lib/python3.8/site-packages/airflow/example_dags/example_branch_day_of_week_operator.py took 0.400 seconds
[2022-06-23 10:56:20,125] {processor.py:153} INFO - Started process (PID=44015) to work on /home/osboxes/.local/lib/python3.8/site-packages/airflow/example_dags/example_branch_day_of_week_operator.py
[2022-06-23 10:56:20,128] {processor.py:641} INFO - Processing file /home/osboxes/.local/lib/python3.8/site-packages/airflow/example_dags/example_branch_day_of_week_operator.py for tasks to queue
[2022-06-23 10:56:20,129] {logging_mixin.py:115} INFO - [2022-06-23 10:56:20,129] {dagbag.py:507} INFO - Filling up the DagBag from /home/osboxes/.local/lib/python3.8/site-packages/airflow/example_dags/example_branch_day_of_week_operator.py
[2022-06-23 10:56:20,135] {processor.py:651} INFO - DAG(s) dict_keys(['example_weekday_branch_operator']) retrieved from /home/osboxes/.local/lib/python3.8/site-packages/airflow/example_dags/example_branch_day_of_week_operator.py
[2022-06-23 10:56:20,156] {logging_mixin.py:115} INFO - [2022-06-23 10:56:20,155] {dag.py:2371} INFO - Sync 1 DAGs
[2022-06-23 10:56:20,175] {logging_mixin.py:115} INFO - [2022-06-23 10:56:20,175] {dag.py:2915} INFO - Setting next_dagrun for example_weekday_branch_operator to 2022-06-22T00:00:00+00:00, run_after=2022-06-23T00:00:00+00:00
[2022-06-23 10:56:20,231] {processor.py:161} INFO - Processing /home/osboxes/.local/lib/python3.8/site-packages/airflow/example_dags/example_branch_day_of_week_operator.py took 0.109 seconds
[2022-06-23 10:57:02,611] {processor.py:153} INFO - Started process (PID=44388) to work on /home/osboxes/.local/lib/python3.8/site-packages/airflow/example_dags/example_branch_day_of_week_operator.py
[2022-06-23 10:57:02,613] {processor.py:641} INFO - Processing file /home/osboxes/.local/lib/python3.8/site-packages/airflow/example_dags/example_branch_day_of_week_operator.py for tasks to queue
[2022-06-23 10:57:02,613] {logging_mixin.py:115} INFO - [2022-06-23 10:57:02,613] {dagbag.py:507} INFO - Filling up the DagBag from /home/osboxes/.local/lib/python3.8/site-packages/airflow/example_dags/example_branch_day_of_week_operator.py
[2022-06-23 10:57:02,620] {processor.py:651} INFO - DAG(s) dict_keys(['example_weekday_branch_operator']) retrieved from /home/osboxes/.local/lib/python3.8/site-packages/airflow/example_dags/example_branch_day_of_week_operator.py
[2022-06-23 10:57:02,636] {logging_mixin.py:115} INFO - [2022-06-23 10:57:02,636] {dag.py:2371} INFO - Sync 1 DAGs
[2022-06-23 10:57:02,656] {logging_mixin.py:115} INFO - [2022-06-23 10:57:02,656] {dag.py:2915} INFO - Setting next_dagrun for example_weekday_branch_operator to 2022-06-22T00:00:00+00:00, run_after=2022-06-23T00:00:00+00:00
[2022-06-23 10:57:02,692] {processor.py:161} INFO - Processing /home/osboxes/.local/lib/python3.8/site-packages/airflow/example_dags/example_branch_day_of_week_operator.py took 0.083 seconds
[2022-06-23 10:57:59,841] {processor.py:153} INFO - Started process (PID=44971) to work on /home/osboxes/.local/lib/python3.8/site-packages/airflow/example_dags/example_branch_day_of_week_operator.py
[2022-06-23 10:57:59,845] {processor.py:641} INFO - Processing file /home/osboxes/.local/lib/python3.8/site-packages/airflow/example_dags/example_branch_day_of_week_operator.py for tasks to queue
[2022-06-23 10:57:59,845] {logging_mixin.py:115} INFO - [2022-06-23 10:57:59,845] {dagbag.py:507} INFO - Filling up the DagBag from /home/osboxes/.local/lib/python3.8/site-packages/airflow/example_dags/example_branch_day_of_week_operator.py
[2022-06-23 10:57:59,853] {processor.py:651} INFO - DAG(s) dict_keys(['example_weekday_branch_operator']) retrieved from /home/osboxes/.local/lib/python3.8/site-packages/airflow/example_dags/example_branch_day_of_week_operator.py
[2022-06-23 10:57:59,886] {logging_mixin.py:115} INFO - [2022-06-23 10:57:59,885] {dag.py:2371} INFO - Sync 1 DAGs
[2022-06-23 10:57:59,967] {logging_mixin.py:115} INFO - [2022-06-23 10:57:59,967] {dag.py:2915} INFO - Setting next_dagrun for example_weekday_branch_operator to 2022-06-22T00:00:00+00:00, run_after=2022-06-23T00:00:00+00:00
[2022-06-23 10:58:00,742] {processor.py:161} INFO - Processing /home/osboxes/.local/lib/python3.8/site-packages/airflow/example_dags/example_branch_day_of_week_operator.py took 0.904 seconds
[2022-06-23 10:58:54,014] {processor.py:153} INFO - Started process (PID=45557) to work on /home/osboxes/.local/lib/python3.8/site-packages/airflow/example_dags/example_branch_day_of_week_operator.py
[2022-06-23 10:58:54,023] {processor.py:641} INFO - Processing file /home/osboxes/.local/lib/python3.8/site-packages/airflow/example_dags/example_branch_day_of_week_operator.py for tasks to queue
[2022-06-23 10:58:54,024] {logging_mixin.py:115} INFO - [2022-06-23 10:58:54,024] {dagbag.py:507} INFO - Filling up the DagBag from /home/osboxes/.local/lib/python3.8/site-packages/airflow/example_dags/example_branch_day_of_week_operator.py
[2022-06-23 10:58:54,029] {processor.py:651} INFO - DAG(s) dict_keys(['example_weekday_branch_operator']) retrieved from /home/osboxes/.local/lib/python3.8/site-packages/airflow/example_dags/example_branch_day_of_week_operator.py
[2022-06-23 10:58:54,045] {logging_mixin.py:115} INFO - [2022-06-23 10:58:54,045] {dag.py:2371} INFO - Sync 1 DAGs
[2022-06-23 10:58:54,061] {logging_mixin.py:115} INFO - [2022-06-23 10:58:54,061] {dag.py:2915} INFO - Setting next_dagrun for example_weekday_branch_operator to 2022-06-22T00:00:00+00:00, run_after=2022-06-23T00:00:00+00:00
[2022-06-23 10:58:55,153] {processor.py:161} INFO - Processing /home/osboxes/.local/lib/python3.8/site-packages/airflow/example_dags/example_branch_day_of_week_operator.py took 1.141 seconds
