[2022-06-23 10:28:24,287] {processor.py:153} INFO - Started process (PID=27617) to work on /home/osboxes/.local/lib/python3.8/site-packages/airflow/example_dags/example_trigger_target_dag.py
[2022-06-23 10:28:24,332] {processor.py:641} INFO - Processing file /home/osboxes/.local/lib/python3.8/site-packages/airflow/example_dags/example_trigger_target_dag.py for tasks to queue
[2022-06-23 10:28:24,333] {logging_mixin.py:115} INFO - [2022-06-23 10:28:24,333] {dagbag.py:507} INFO - Filling up the DagBag from /home/osboxes/.local/lib/python3.8/site-packages/airflow/example_dags/example_trigger_target_dag.py
[2022-06-23 10:28:24,405] {processor.py:651} INFO - DAG(s) dict_keys(['example_trigger_target_dag']) retrieved from /home/osboxes/.local/lib/python3.8/site-packages/airflow/example_dags/example_trigger_target_dag.py
[2022-06-23 10:28:26,401] {logging_mixin.py:115} INFO - [2022-06-23 10:28:26,401] {manager.py:508} INFO - Created Permission View: can edit on DAG:example_trigger_target_dag
[2022-06-23 10:28:26,757] {logging_mixin.py:115} INFO - [2022-06-23 10:28:26,757] {manager.py:508} INFO - Created Permission View: can read on DAG:example_trigger_target_dag
[2022-06-23 10:28:26,954] {logging_mixin.py:115} INFO - [2022-06-23 10:28:26,953] {manager.py:508} INFO - Created Permission View: can delete on DAG:example_trigger_target_dag
[2022-06-23 10:28:26,954] {logging_mixin.py:115} INFO - [2022-06-23 10:28:26,954] {dag.py:2371} INFO - Sync 1 DAGs
[2022-06-23 10:28:26,961] {logging_mixin.py:115} INFO - [2022-06-23 10:28:26,961] {dag.py:2390} INFO - Creating ORM DAG for example_trigger_target_dag
[2022-06-23 10:28:27,013] {logging_mixin.py:115} INFO - [2022-06-23 10:28:27,013] {dag.py:2915} INFO - Setting next_dagrun for example_trigger_target_dag to None, run_after=None
[2022-06-23 10:28:27,089] {processor.py:161} INFO - Processing /home/osboxes/.local/lib/python3.8/site-packages/airflow/example_dags/example_trigger_target_dag.py took 2.804 seconds
[2022-06-23 10:29:15,735] {processor.py:153} INFO - Started process (PID=28091) to work on /home/osboxes/.local/lib/python3.8/site-packages/airflow/example_dags/example_trigger_target_dag.py
[2022-06-23 10:29:15,737] {processor.py:641} INFO - Processing file /home/osboxes/.local/lib/python3.8/site-packages/airflow/example_dags/example_trigger_target_dag.py for tasks to queue
[2022-06-23 10:29:15,737] {logging_mixin.py:115} INFO - [2022-06-23 10:29:15,737] {dagbag.py:507} INFO - Filling up the DagBag from /home/osboxes/.local/lib/python3.8/site-packages/airflow/example_dags/example_trigger_target_dag.py
[2022-06-23 10:29:15,752] {processor.py:651} INFO - DAG(s) dict_keys(['example_trigger_target_dag']) retrieved from /home/osboxes/.local/lib/python3.8/site-packages/airflow/example_dags/example_trigger_target_dag.py
[2022-06-23 10:29:15,767] {logging_mixin.py:115} INFO - [2022-06-23 10:29:15,767] {dag.py:2371} INFO - Sync 1 DAGs
[2022-06-23 10:29:15,784] {logging_mixin.py:115} INFO - [2022-06-23 10:29:15,784] {dag.py:2915} INFO - Setting next_dagrun for example_trigger_target_dag to None, run_after=None
[2022-06-23 10:29:15,813] {processor.py:161} INFO - Processing /home/osboxes/.local/lib/python3.8/site-packages/airflow/example_dags/example_trigger_target_dag.py took 0.079 seconds
[2022-06-23 10:29:55,118] {processor.py:153} INFO - Started process (PID=28480) to work on /home/osboxes/.local/lib/python3.8/site-packages/airflow/example_dags/example_trigger_target_dag.py
[2022-06-23 10:29:55,120] {processor.py:641} INFO - Processing file /home/osboxes/.local/lib/python3.8/site-packages/airflow/example_dags/example_trigger_target_dag.py for tasks to queue
[2022-06-23 10:29:55,120] {logging_mixin.py:115} INFO - [2022-06-23 10:29:55,120] {dagbag.py:507} INFO - Filling up the DagBag from /home/osboxes/.local/lib/python3.8/site-packages/airflow/example_dags/example_trigger_target_dag.py
[2022-06-23 10:29:55,134] {processor.py:651} INFO - DAG(s) dict_keys(['example_trigger_target_dag']) retrieved from /home/osboxes/.local/lib/python3.8/site-packages/airflow/example_dags/example_trigger_target_dag.py
[2022-06-23 10:29:55,148] {logging_mixin.py:115} INFO - [2022-06-23 10:29:55,148] {dag.py:2371} INFO - Sync 1 DAGs
[2022-06-23 10:29:55,164] {logging_mixin.py:115} INFO - [2022-06-23 10:29:55,164] {dag.py:2915} INFO - Setting next_dagrun for example_trigger_target_dag to None, run_after=None
[2022-06-23 10:29:55,214] {processor.py:161} INFO - Processing /home/osboxes/.local/lib/python3.8/site-packages/airflow/example_dags/example_trigger_target_dag.py took 0.098 seconds
[2022-06-23 10:30:29,242] {processor.py:153} INFO - Started process (PID=28739) to work on /home/osboxes/.local/lib/python3.8/site-packages/airflow/example_dags/example_trigger_target_dag.py
[2022-06-23 10:30:29,244] {processor.py:641} INFO - Processing file /home/osboxes/.local/lib/python3.8/site-packages/airflow/example_dags/example_trigger_target_dag.py for tasks to queue
[2022-06-23 10:30:29,245] {logging_mixin.py:115} INFO - [2022-06-23 10:30:29,245] {dagbag.py:507} INFO - Filling up the DagBag from /home/osboxes/.local/lib/python3.8/site-packages/airflow/example_dags/example_trigger_target_dag.py
[2022-06-23 10:30:29,259] {processor.py:651} INFO - DAG(s) dict_keys(['example_trigger_target_dag']) retrieved from /home/osboxes/.local/lib/python3.8/site-packages/airflow/example_dags/example_trigger_target_dag.py
[2022-06-23 10:30:29,275] {logging_mixin.py:115} INFO - [2022-06-23 10:30:29,275] {dag.py:2371} INFO - Sync 1 DAGs
[2022-06-23 10:30:29,291] {logging_mixin.py:115} INFO - [2022-06-23 10:30:29,291] {dag.py:2915} INFO - Setting next_dagrun for example_trigger_target_dag to None, run_after=None
[2022-06-23 10:30:29,328] {processor.py:161} INFO - Processing /home/osboxes/.local/lib/python3.8/site-packages/airflow/example_dags/example_trigger_target_dag.py took 0.088 seconds
[2022-06-23 10:31:03,194] {processor.py:153} INFO - Started process (PID=29015) to work on /home/osboxes/.local/lib/python3.8/site-packages/airflow/example_dags/example_trigger_target_dag.py
[2022-06-23 10:31:03,196] {processor.py:641} INFO - Processing file /home/osboxes/.local/lib/python3.8/site-packages/airflow/example_dags/example_trigger_target_dag.py for tasks to queue
[2022-06-23 10:31:03,196] {logging_mixin.py:115} INFO - [2022-06-23 10:31:03,196] {dagbag.py:507} INFO - Filling up the DagBag from /home/osboxes/.local/lib/python3.8/site-packages/airflow/example_dags/example_trigger_target_dag.py
[2022-06-23 10:31:03,210] {processor.py:651} INFO - DAG(s) dict_keys(['example_trigger_target_dag']) retrieved from /home/osboxes/.local/lib/python3.8/site-packages/airflow/example_dags/example_trigger_target_dag.py
[2022-06-23 10:31:03,224] {logging_mixin.py:115} INFO - [2022-06-23 10:31:03,223] {dag.py:2371} INFO - Sync 1 DAGs
[2022-06-23 10:31:03,238] {logging_mixin.py:115} INFO - [2022-06-23 10:31:03,238] {dag.py:2915} INFO - Setting next_dagrun for example_trigger_target_dag to None, run_after=None
[2022-06-23 10:31:03,282] {processor.py:161} INFO - Processing /home/osboxes/.local/lib/python3.8/site-packages/airflow/example_dags/example_trigger_target_dag.py took 0.090 seconds
[2022-06-23 10:31:39,011] {processor.py:153} INFO - Started process (PID=29303) to work on /home/osboxes/.local/lib/python3.8/site-packages/airflow/example_dags/example_trigger_target_dag.py
[2022-06-23 10:31:39,014] {processor.py:641} INFO - Processing file /home/osboxes/.local/lib/python3.8/site-packages/airflow/example_dags/example_trigger_target_dag.py for tasks to queue
[2022-06-23 10:31:39,015] {logging_mixin.py:115} INFO - [2022-06-23 10:31:39,015] {dagbag.py:507} INFO - Filling up the DagBag from /home/osboxes/.local/lib/python3.8/site-packages/airflow/example_dags/example_trigger_target_dag.py
[2022-06-23 10:31:39,029] {processor.py:651} INFO - DAG(s) dict_keys(['example_trigger_target_dag']) retrieved from /home/osboxes/.local/lib/python3.8/site-packages/airflow/example_dags/example_trigger_target_dag.py
[2022-06-23 10:31:39,045] {logging_mixin.py:115} INFO - [2022-06-23 10:31:39,045] {dag.py:2371} INFO - Sync 1 DAGs
[2022-06-23 10:31:39,060] {logging_mixin.py:115} INFO - [2022-06-23 10:31:39,060] {dag.py:2915} INFO - Setting next_dagrun for example_trigger_target_dag to None, run_after=None
[2022-06-23 10:31:39,093] {processor.py:161} INFO - Processing /home/osboxes/.local/lib/python3.8/site-packages/airflow/example_dags/example_trigger_target_dag.py took 0.084 seconds
[2022-06-23 10:32:14,634] {processor.py:153} INFO - Started process (PID=29722) to work on /home/osboxes/.local/lib/python3.8/site-packages/airflow/example_dags/example_trigger_target_dag.py
[2022-06-23 10:32:14,684] {processor.py:641} INFO - Processing file /home/osboxes/.local/lib/python3.8/site-packages/airflow/example_dags/example_trigger_target_dag.py for tasks to queue
[2022-06-23 10:32:14,684] {logging_mixin.py:115} INFO - [2022-06-23 10:32:14,684] {dagbag.py:507} INFO - Filling up the DagBag from /home/osboxes/.local/lib/python3.8/site-packages/airflow/example_dags/example_trigger_target_dag.py
[2022-06-23 10:32:14,775] {processor.py:651} INFO - DAG(s) dict_keys(['example_trigger_target_dag']) retrieved from /home/osboxes/.local/lib/python3.8/site-packages/airflow/example_dags/example_trigger_target_dag.py
[2022-06-23 10:32:14,795] {logging_mixin.py:115} INFO - [2022-06-23 10:32:14,795] {dag.py:2371} INFO - Sync 1 DAGs
[2022-06-23 10:32:14,812] {logging_mixin.py:115} INFO - [2022-06-23 10:32:14,812] {dag.py:2915} INFO - Setting next_dagrun for example_trigger_target_dag to None, run_after=None
[2022-06-23 10:32:14,839] {processor.py:161} INFO - Processing /home/osboxes/.local/lib/python3.8/site-packages/airflow/example_dags/example_trigger_target_dag.py took 0.207 seconds
[2022-06-23 10:32:49,068] {processor.py:153} INFO - Started process (PID=30205) to work on /home/osboxes/.local/lib/python3.8/site-packages/airflow/example_dags/example_trigger_target_dag.py
[2022-06-23 10:32:49,069] {processor.py:641} INFO - Processing file /home/osboxes/.local/lib/python3.8/site-packages/airflow/example_dags/example_trigger_target_dag.py for tasks to queue
[2022-06-23 10:32:49,069] {logging_mixin.py:115} INFO - [2022-06-23 10:32:49,069] {dagbag.py:507} INFO - Filling up the DagBag from /home/osboxes/.local/lib/python3.8/site-packages/airflow/example_dags/example_trigger_target_dag.py
[2022-06-23 10:32:49,085] {processor.py:651} INFO - DAG(s) dict_keys(['example_trigger_target_dag']) retrieved from /home/osboxes/.local/lib/python3.8/site-packages/airflow/example_dags/example_trigger_target_dag.py
[2022-06-23 10:32:49,099] {logging_mixin.py:115} INFO - [2022-06-23 10:32:49,099] {dag.py:2371} INFO - Sync 1 DAGs
[2022-06-23 10:32:49,114] {logging_mixin.py:115} INFO - [2022-06-23 10:32:49,113] {dag.py:2915} INFO - Setting next_dagrun for example_trigger_target_dag to None, run_after=None
[2022-06-23 10:32:49,244] {processor.py:161} INFO - Processing /home/osboxes/.local/lib/python3.8/site-packages/airflow/example_dags/example_trigger_target_dag.py took 0.178 seconds
[2022-06-23 10:33:29,802] {processor.py:153} INFO - Started process (PID=30609) to work on /home/osboxes/.local/lib/python3.8/site-packages/airflow/example_dags/example_trigger_target_dag.py
[2022-06-23 10:33:29,825] {processor.py:641} INFO - Processing file /home/osboxes/.local/lib/python3.8/site-packages/airflow/example_dags/example_trigger_target_dag.py for tasks to queue
[2022-06-23 10:33:29,826] {logging_mixin.py:115} INFO - [2022-06-23 10:33:29,826] {dagbag.py:507} INFO - Filling up the DagBag from /home/osboxes/.local/lib/python3.8/site-packages/airflow/example_dags/example_trigger_target_dag.py
[2022-06-23 10:33:29,883] {processor.py:651} INFO - DAG(s) dict_keys(['example_trigger_target_dag']) retrieved from /home/osboxes/.local/lib/python3.8/site-packages/airflow/example_dags/example_trigger_target_dag.py
[2022-06-23 10:33:30,233] {logging_mixin.py:115} INFO - [2022-06-23 10:33:30,233] {dag.py:2371} INFO - Sync 1 DAGs
[2022-06-23 10:33:30,317] {logging_mixin.py:115} INFO - [2022-06-23 10:33:30,316] {dag.py:2915} INFO - Setting next_dagrun for example_trigger_target_dag to None, run_after=None
[2022-06-23 10:33:30,450] {processor.py:161} INFO - Processing /home/osboxes/.local/lib/python3.8/site-packages/airflow/example_dags/example_trigger_target_dag.py took 0.675 seconds
[2022-06-23 10:34:07,090] {processor.py:153} INFO - Started process (PID=31085) to work on /home/osboxes/.local/lib/python3.8/site-packages/airflow/example_dags/example_trigger_target_dag.py
[2022-06-23 10:34:07,110] {processor.py:641} INFO - Processing file /home/osboxes/.local/lib/python3.8/site-packages/airflow/example_dags/example_trigger_target_dag.py for tasks to queue
[2022-06-23 10:34:07,110] {logging_mixin.py:115} INFO - [2022-06-23 10:34:07,110] {dagbag.py:507} INFO - Filling up the DagBag from /home/osboxes/.local/lib/python3.8/site-packages/airflow/example_dags/example_trigger_target_dag.py
[2022-06-23 10:34:07,138] {processor.py:651} INFO - DAG(s) dict_keys(['example_trigger_target_dag']) retrieved from /home/osboxes/.local/lib/python3.8/site-packages/airflow/example_dags/example_trigger_target_dag.py
[2022-06-23 10:34:07,157] {logging_mixin.py:115} INFO - [2022-06-23 10:34:07,157] {dag.py:2371} INFO - Sync 1 DAGs
[2022-06-23 10:34:07,174] {logging_mixin.py:115} INFO - [2022-06-23 10:34:07,174] {dag.py:2915} INFO - Setting next_dagrun for example_trigger_target_dag to None, run_after=None
[2022-06-23 10:34:07,224] {processor.py:161} INFO - Processing /home/osboxes/.local/lib/python3.8/site-packages/airflow/example_dags/example_trigger_target_dag.py took 0.148 seconds
[2022-06-23 10:34:44,343] {processor.py:153} INFO - Started process (PID=31463) to work on /home/osboxes/.local/lib/python3.8/site-packages/airflow/example_dags/example_trigger_target_dag.py
[2022-06-23 10:34:44,345] {processor.py:641} INFO - Processing file /home/osboxes/.local/lib/python3.8/site-packages/airflow/example_dags/example_trigger_target_dag.py for tasks to queue
[2022-06-23 10:34:44,346] {logging_mixin.py:115} INFO - [2022-06-23 10:34:44,346] {dagbag.py:507} INFO - Filling up the DagBag from /home/osboxes/.local/lib/python3.8/site-packages/airflow/example_dags/example_trigger_target_dag.py
[2022-06-23 10:34:44,362] {processor.py:651} INFO - DAG(s) dict_keys(['example_trigger_target_dag']) retrieved from /home/osboxes/.local/lib/python3.8/site-packages/airflow/example_dags/example_trigger_target_dag.py
[2022-06-23 10:34:44,381] {logging_mixin.py:115} INFO - [2022-06-23 10:34:44,380] {dag.py:2371} INFO - Sync 1 DAGs
[2022-06-23 10:34:44,397] {logging_mixin.py:115} INFO - [2022-06-23 10:34:44,397] {dag.py:2915} INFO - Setting next_dagrun for example_trigger_target_dag to None, run_after=None
[2022-06-23 10:34:44,426] {processor.py:161} INFO - Processing /home/osboxes/.local/lib/python3.8/site-packages/airflow/example_dags/example_trigger_target_dag.py took 0.085 seconds
[2022-06-23 10:35:18,541] {processor.py:153} INFO - Started process (PID=31840) to work on /home/osboxes/.local/lib/python3.8/site-packages/airflow/example_dags/example_trigger_target_dag.py
[2022-06-23 10:35:18,543] {processor.py:641} INFO - Processing file /home/osboxes/.local/lib/python3.8/site-packages/airflow/example_dags/example_trigger_target_dag.py for tasks to queue
[2022-06-23 10:35:18,543] {logging_mixin.py:115} INFO - [2022-06-23 10:35:18,543] {dagbag.py:507} INFO - Filling up the DagBag from /home/osboxes/.local/lib/python3.8/site-packages/airflow/example_dags/example_trigger_target_dag.py
[2022-06-23 10:35:18,559] {processor.py:651} INFO - DAG(s) dict_keys(['example_trigger_target_dag']) retrieved from /home/osboxes/.local/lib/python3.8/site-packages/airflow/example_dags/example_trigger_target_dag.py
[2022-06-23 10:35:18,586] {logging_mixin.py:115} INFO - [2022-06-23 10:35:18,586] {dag.py:2371} INFO - Sync 1 DAGs
[2022-06-23 10:35:18,653] {logging_mixin.py:115} INFO - [2022-06-23 10:35:18,653] {dag.py:2915} INFO - Setting next_dagrun for example_trigger_target_dag to None, run_after=None
[2022-06-23 10:35:18,750] {processor.py:161} INFO - Processing /home/osboxes/.local/lib/python3.8/site-packages/airflow/example_dags/example_trigger_target_dag.py took 0.211 seconds
[2022-06-23 10:36:04,492] {processor.py:153} INFO - Started process (PID=32294) to work on /home/osboxes/.local/lib/python3.8/site-packages/airflow/example_dags/example_trigger_target_dag.py
[2022-06-23 10:36:04,495] {processor.py:641} INFO - Processing file /home/osboxes/.local/lib/python3.8/site-packages/airflow/example_dags/example_trigger_target_dag.py for tasks to queue
[2022-06-23 10:36:04,496] {logging_mixin.py:115} INFO - [2022-06-23 10:36:04,495] {dagbag.py:507} INFO - Filling up the DagBag from /home/osboxes/.local/lib/python3.8/site-packages/airflow/example_dags/example_trigger_target_dag.py
[2022-06-23 10:36:04,509] {processor.py:651} INFO - DAG(s) dict_keys(['example_trigger_target_dag']) retrieved from /home/osboxes/.local/lib/python3.8/site-packages/airflow/example_dags/example_trigger_target_dag.py
[2022-06-23 10:36:04,524] {logging_mixin.py:115} INFO - [2022-06-23 10:36:04,524] {dag.py:2371} INFO - Sync 1 DAGs
[2022-06-23 10:36:04,539] {logging_mixin.py:115} INFO - [2022-06-23 10:36:04,539] {dag.py:2915} INFO - Setting next_dagrun for example_trigger_target_dag to None, run_after=None
[2022-06-23 10:36:04,577] {processor.py:161} INFO - Processing /home/osboxes/.local/lib/python3.8/site-packages/airflow/example_dags/example_trigger_target_dag.py took 0.088 seconds
[2022-06-23 10:36:59,247] {processor.py:153} INFO - Started process (PID=32832) to work on /home/osboxes/.local/lib/python3.8/site-packages/airflow/example_dags/example_trigger_target_dag.py
[2022-06-23 10:36:59,275] {processor.py:641} INFO - Processing file /home/osboxes/.local/lib/python3.8/site-packages/airflow/example_dags/example_trigger_target_dag.py for tasks to queue
[2022-06-23 10:36:59,276] {logging_mixin.py:115} INFO - [2022-06-23 10:36:59,276] {dagbag.py:507} INFO - Filling up the DagBag from /home/osboxes/.local/lib/python3.8/site-packages/airflow/example_dags/example_trigger_target_dag.py
[2022-06-23 10:36:59,324] {processor.py:651} INFO - DAG(s) dict_keys(['example_trigger_target_dag']) retrieved from /home/osboxes/.local/lib/python3.8/site-packages/airflow/example_dags/example_trigger_target_dag.py
[2022-06-23 10:36:59,348] {logging_mixin.py:115} INFO - [2022-06-23 10:36:59,348] {dag.py:2371} INFO - Sync 1 DAGs
[2022-06-23 10:36:59,410] {logging_mixin.py:115} INFO - [2022-06-23 10:36:59,410] {dag.py:2915} INFO - Setting next_dagrun for example_trigger_target_dag to None, run_after=None
[2022-06-23 10:36:59,616] {processor.py:161} INFO - Processing /home/osboxes/.local/lib/python3.8/site-packages/airflow/example_dags/example_trigger_target_dag.py took 0.371 seconds
[2022-06-23 10:37:47,997] {processor.py:153} INFO - Started process (PID=33318) to work on /home/osboxes/.local/lib/python3.8/site-packages/airflow/example_dags/example_trigger_target_dag.py
[2022-06-23 10:37:48,002] {processor.py:641} INFO - Processing file /home/osboxes/.local/lib/python3.8/site-packages/airflow/example_dags/example_trigger_target_dag.py for tasks to queue
[2022-06-23 10:37:48,003] {logging_mixin.py:115} INFO - [2022-06-23 10:37:48,003] {dagbag.py:507} INFO - Filling up the DagBag from /home/osboxes/.local/lib/python3.8/site-packages/airflow/example_dags/example_trigger_target_dag.py
[2022-06-23 10:37:48,018] {processor.py:651} INFO - DAG(s) dict_keys(['example_trigger_target_dag']) retrieved from /home/osboxes/.local/lib/python3.8/site-packages/airflow/example_dags/example_trigger_target_dag.py
[2022-06-23 10:37:48,050] {logging_mixin.py:115} INFO - [2022-06-23 10:37:48,050] {dag.py:2371} INFO - Sync 1 DAGs
[2022-06-23 10:37:48,106] {logging_mixin.py:115} INFO - [2022-06-23 10:37:48,106] {dag.py:2915} INFO - Setting next_dagrun for example_trigger_target_dag to None, run_after=None
[2022-06-23 10:37:48,147] {processor.py:161} INFO - Processing /home/osboxes/.local/lib/python3.8/site-packages/airflow/example_dags/example_trigger_target_dag.py took 0.152 seconds
[2022-06-23 10:38:34,625] {processor.py:153} INFO - Started process (PID=33710) to work on /home/osboxes/.local/lib/python3.8/site-packages/airflow/example_dags/example_trigger_target_dag.py
[2022-06-23 10:38:34,643] {processor.py:641} INFO - Processing file /home/osboxes/.local/lib/python3.8/site-packages/airflow/example_dags/example_trigger_target_dag.py for tasks to queue
[2022-06-23 10:38:34,643] {logging_mixin.py:115} INFO - [2022-06-23 10:38:34,643] {dagbag.py:507} INFO - Filling up the DagBag from /home/osboxes/.local/lib/python3.8/site-packages/airflow/example_dags/example_trigger_target_dag.py
[2022-06-23 10:38:34,667] {processor.py:651} INFO - DAG(s) dict_keys(['example_trigger_target_dag']) retrieved from /home/osboxes/.local/lib/python3.8/site-packages/airflow/example_dags/example_trigger_target_dag.py
[2022-06-23 10:38:34,712] {logging_mixin.py:115} INFO - [2022-06-23 10:38:34,712] {dag.py:2371} INFO - Sync 1 DAGs
[2022-06-23 10:38:34,744] {logging_mixin.py:115} INFO - [2022-06-23 10:38:34,744] {dag.py:2915} INFO - Setting next_dagrun for example_trigger_target_dag to None, run_after=None
[2022-06-23 10:38:34,819] {processor.py:161} INFO - Processing /home/osboxes/.local/lib/python3.8/site-packages/airflow/example_dags/example_trigger_target_dag.py took 0.203 seconds
[2022-06-23 10:39:12,862] {processor.py:153} INFO - Started process (PID=34068) to work on /home/osboxes/.local/lib/python3.8/site-packages/airflow/example_dags/example_trigger_target_dag.py
[2022-06-23 10:39:12,906] {processor.py:641} INFO - Processing file /home/osboxes/.local/lib/python3.8/site-packages/airflow/example_dags/example_trigger_target_dag.py for tasks to queue
[2022-06-23 10:39:12,907] {logging_mixin.py:115} INFO - [2022-06-23 10:39:12,907] {dagbag.py:507} INFO - Filling up the DagBag from /home/osboxes/.local/lib/python3.8/site-packages/airflow/example_dags/example_trigger_target_dag.py
[2022-06-23 10:39:12,930] {processor.py:651} INFO - DAG(s) dict_keys(['example_trigger_target_dag']) retrieved from /home/osboxes/.local/lib/python3.8/site-packages/airflow/example_dags/example_trigger_target_dag.py
[2022-06-23 10:39:12,958] {logging_mixin.py:115} INFO - [2022-06-23 10:39:12,958] {dag.py:2371} INFO - Sync 1 DAGs
[2022-06-23 10:39:12,976] {logging_mixin.py:115} INFO - [2022-06-23 10:39:12,976] {dag.py:2915} INFO - Setting next_dagrun for example_trigger_target_dag to None, run_after=None
[2022-06-23 10:39:13,086] {processor.py:161} INFO - Processing /home/osboxes/.local/lib/python3.8/site-packages/airflow/example_dags/example_trigger_target_dag.py took 0.227 seconds
[2022-06-23 10:39:49,258] {processor.py:153} INFO - Started process (PID=34402) to work on /home/osboxes/.local/lib/python3.8/site-packages/airflow/example_dags/example_trigger_target_dag.py
[2022-06-23 10:39:49,298] {processor.py:641} INFO - Processing file /home/osboxes/.local/lib/python3.8/site-packages/airflow/example_dags/example_trigger_target_dag.py for tasks to queue
[2022-06-23 10:39:49,299] {logging_mixin.py:115} INFO - [2022-06-23 10:39:49,299] {dagbag.py:507} INFO - Filling up the DagBag from /home/osboxes/.local/lib/python3.8/site-packages/airflow/example_dags/example_trigger_target_dag.py
[2022-06-23 10:39:49,409] {processor.py:651} INFO - DAG(s) dict_keys(['example_trigger_target_dag']) retrieved from /home/osboxes/.local/lib/python3.8/site-packages/airflow/example_dags/example_trigger_target_dag.py
[2022-06-23 10:39:49,572] {logging_mixin.py:115} INFO - [2022-06-23 10:39:49,572] {dag.py:2371} INFO - Sync 1 DAGs
[2022-06-23 10:39:49,599] {logging_mixin.py:115} INFO - [2022-06-23 10:39:49,599] {dag.py:2915} INFO - Setting next_dagrun for example_trigger_target_dag to None, run_after=None
[2022-06-23 10:39:49,710] {processor.py:161} INFO - Processing /home/osboxes/.local/lib/python3.8/site-packages/airflow/example_dags/example_trigger_target_dag.py took 0.456 seconds
[2022-06-23 10:40:24,820] {processor.py:153} INFO - Started process (PID=34733) to work on /home/osboxes/.local/lib/python3.8/site-packages/airflow/example_dags/example_trigger_target_dag.py
[2022-06-23 10:40:24,824] {processor.py:641} INFO - Processing file /home/osboxes/.local/lib/python3.8/site-packages/airflow/example_dags/example_trigger_target_dag.py for tasks to queue
[2022-06-23 10:40:24,824] {logging_mixin.py:115} INFO - [2022-06-23 10:40:24,824] {dagbag.py:507} INFO - Filling up the DagBag from /home/osboxes/.local/lib/python3.8/site-packages/airflow/example_dags/example_trigger_target_dag.py
[2022-06-23 10:40:24,837] {processor.py:651} INFO - DAG(s) dict_keys(['example_trigger_target_dag']) retrieved from /home/osboxes/.local/lib/python3.8/site-packages/airflow/example_dags/example_trigger_target_dag.py
[2022-06-23 10:40:24,854] {logging_mixin.py:115} INFO - [2022-06-23 10:40:24,854] {dag.py:2371} INFO - Sync 1 DAGs
[2022-06-23 10:40:24,870] {logging_mixin.py:115} INFO - [2022-06-23 10:40:24,870] {dag.py:2915} INFO - Setting next_dagrun for example_trigger_target_dag to None, run_after=None
[2022-06-23 10:40:24,962] {processor.py:161} INFO - Processing /home/osboxes/.local/lib/python3.8/site-packages/airflow/example_dags/example_trigger_target_dag.py took 0.144 seconds
[2022-06-23 10:41:13,719] {processor.py:153} INFO - Started process (PID=35286) to work on /home/osboxes/.local/lib/python3.8/site-packages/airflow/example_dags/example_trigger_target_dag.py
[2022-06-23 10:41:13,790] {processor.py:641} INFO - Processing file /home/osboxes/.local/lib/python3.8/site-packages/airflow/example_dags/example_trigger_target_dag.py for tasks to queue
[2022-06-23 10:41:13,791] {logging_mixin.py:115} INFO - [2022-06-23 10:41:13,791] {dagbag.py:507} INFO - Filling up the DagBag from /home/osboxes/.local/lib/python3.8/site-packages/airflow/example_dags/example_trigger_target_dag.py
[2022-06-23 10:41:13,805] {processor.py:651} INFO - DAG(s) dict_keys(['example_trigger_target_dag']) retrieved from /home/osboxes/.local/lib/python3.8/site-packages/airflow/example_dags/example_trigger_target_dag.py
[2022-06-23 10:41:13,966] {logging_mixin.py:115} INFO - [2022-06-23 10:41:13,966] {dag.py:2371} INFO - Sync 1 DAGs
[2022-06-23 10:41:14,136] {logging_mixin.py:115} INFO - [2022-06-23 10:41:14,136] {dag.py:2915} INFO - Setting next_dagrun for example_trigger_target_dag to None, run_after=None
[2022-06-23 10:41:14,275] {processor.py:161} INFO - Processing /home/osboxes/.local/lib/python3.8/site-packages/airflow/example_dags/example_trigger_target_dag.py took 0.557 seconds
[2022-06-23 10:41:51,473] {processor.py:153} INFO - Started process (PID=35681) to work on /home/osboxes/.local/lib/python3.8/site-packages/airflow/example_dags/example_trigger_target_dag.py
[2022-06-23 10:41:51,486] {processor.py:641} INFO - Processing file /home/osboxes/.local/lib/python3.8/site-packages/airflow/example_dags/example_trigger_target_dag.py for tasks to queue
[2022-06-23 10:41:51,494] {logging_mixin.py:115} INFO - [2022-06-23 10:41:51,494] {dagbag.py:507} INFO - Filling up the DagBag from /home/osboxes/.local/lib/python3.8/site-packages/airflow/example_dags/example_trigger_target_dag.py
[2022-06-23 10:41:51,534] {processor.py:651} INFO - DAG(s) dict_keys(['example_trigger_target_dag']) retrieved from /home/osboxes/.local/lib/python3.8/site-packages/airflow/example_dags/example_trigger_target_dag.py
[2022-06-23 10:41:51,571] {logging_mixin.py:115} INFO - [2022-06-23 10:41:51,571] {dag.py:2371} INFO - Sync 1 DAGs
[2022-06-23 10:41:51,588] {logging_mixin.py:115} INFO - [2022-06-23 10:41:51,588] {dag.py:2915} INFO - Setting next_dagrun for example_trigger_target_dag to None, run_after=None
[2022-06-23 10:41:51,755] {processor.py:161} INFO - Processing /home/osboxes/.local/lib/python3.8/site-packages/airflow/example_dags/example_trigger_target_dag.py took 0.283 seconds
[2022-06-23 10:42:28,381] {processor.py:153} INFO - Started process (PID=36057) to work on /home/osboxes/.local/lib/python3.8/site-packages/airflow/example_dags/example_trigger_target_dag.py
[2022-06-23 10:42:28,386] {processor.py:641} INFO - Processing file /home/osboxes/.local/lib/python3.8/site-packages/airflow/example_dags/example_trigger_target_dag.py for tasks to queue
[2022-06-23 10:42:28,386] {logging_mixin.py:115} INFO - [2022-06-23 10:42:28,386] {dagbag.py:507} INFO - Filling up the DagBag from /home/osboxes/.local/lib/python3.8/site-packages/airflow/example_dags/example_trigger_target_dag.py
[2022-06-23 10:42:28,400] {processor.py:651} INFO - DAG(s) dict_keys(['example_trigger_target_dag']) retrieved from /home/osboxes/.local/lib/python3.8/site-packages/airflow/example_dags/example_trigger_target_dag.py
[2022-06-23 10:42:28,415] {logging_mixin.py:115} INFO - [2022-06-23 10:42:28,415] {dag.py:2371} INFO - Sync 1 DAGs
[2022-06-23 10:42:28,433] {logging_mixin.py:115} INFO - [2022-06-23 10:42:28,433] {dag.py:2915} INFO - Setting next_dagrun for example_trigger_target_dag to None, run_after=None
[2022-06-23 10:42:28,481] {processor.py:161} INFO - Processing /home/osboxes/.local/lib/python3.8/site-packages/airflow/example_dags/example_trigger_target_dag.py took 0.102 seconds
[2022-06-23 10:43:04,754] {processor.py:153} INFO - Started process (PID=36480) to work on /home/osboxes/.local/lib/python3.8/site-packages/airflow/example_dags/example_trigger_target_dag.py
[2022-06-23 10:43:04,756] {processor.py:641} INFO - Processing file /home/osboxes/.local/lib/python3.8/site-packages/airflow/example_dags/example_trigger_target_dag.py for tasks to queue
[2022-06-23 10:43:04,757] {logging_mixin.py:115} INFO - [2022-06-23 10:43:04,756] {dagbag.py:507} INFO - Filling up the DagBag from /home/osboxes/.local/lib/python3.8/site-packages/airflow/example_dags/example_trigger_target_dag.py
[2022-06-23 10:43:04,803] {processor.py:651} INFO - DAG(s) dict_keys(['example_trigger_target_dag']) retrieved from /home/osboxes/.local/lib/python3.8/site-packages/airflow/example_dags/example_trigger_target_dag.py
[2022-06-23 10:43:04,899] {logging_mixin.py:115} INFO - [2022-06-23 10:43:04,899] {dag.py:2371} INFO - Sync 1 DAGs
[2022-06-23 10:43:04,922] {logging_mixin.py:115} INFO - [2022-06-23 10:43:04,922] {dag.py:2915} INFO - Setting next_dagrun for example_trigger_target_dag to None, run_after=None
[2022-06-23 10:43:05,110] {processor.py:161} INFO - Processing /home/osboxes/.local/lib/python3.8/site-packages/airflow/example_dags/example_trigger_target_dag.py took 0.419 seconds
[2022-06-23 10:43:49,978] {processor.py:153} INFO - Started process (PID=37044) to work on /home/osboxes/.local/lib/python3.8/site-packages/airflow/example_dags/example_trigger_target_dag.py
[2022-06-23 10:43:50,013] {processor.py:641} INFO - Processing file /home/osboxes/.local/lib/python3.8/site-packages/airflow/example_dags/example_trigger_target_dag.py for tasks to queue
[2022-06-23 10:43:50,015] {logging_mixin.py:115} INFO - [2022-06-23 10:43:50,015] {dagbag.py:507} INFO - Filling up the DagBag from /home/osboxes/.local/lib/python3.8/site-packages/airflow/example_dags/example_trigger_target_dag.py
[2022-06-23 10:43:50,226] {processor.py:651} INFO - DAG(s) dict_keys(['example_trigger_target_dag']) retrieved from /home/osboxes/.local/lib/python3.8/site-packages/airflow/example_dags/example_trigger_target_dag.py
[2022-06-23 10:43:50,540] {logging_mixin.py:115} INFO - [2022-06-23 10:43:50,540] {dag.py:2371} INFO - Sync 1 DAGs
[2022-06-23 10:43:50,589] {logging_mixin.py:115} INFO - [2022-06-23 10:43:50,589] {dag.py:2915} INFO - Setting next_dagrun for example_trigger_target_dag to None, run_after=None
[2022-06-23 10:43:50,920] {processor.py:161} INFO - Processing /home/osboxes/.local/lib/python3.8/site-packages/airflow/example_dags/example_trigger_target_dag.py took 0.945 seconds
[2022-06-23 10:44:32,266] {processor.py:153} INFO - Started process (PID=37515) to work on /home/osboxes/.local/lib/python3.8/site-packages/airflow/example_dags/example_trigger_target_dag.py
[2022-06-23 10:44:32,269] {processor.py:641} INFO - Processing file /home/osboxes/.local/lib/python3.8/site-packages/airflow/example_dags/example_trigger_target_dag.py for tasks to queue
[2022-06-23 10:44:32,270] {logging_mixin.py:115} INFO - [2022-06-23 10:44:32,270] {dagbag.py:507} INFO - Filling up the DagBag from /home/osboxes/.local/lib/python3.8/site-packages/airflow/example_dags/example_trigger_target_dag.py
[2022-06-23 10:44:32,285] {processor.py:651} INFO - DAG(s) dict_keys(['example_trigger_target_dag']) retrieved from /home/osboxes/.local/lib/python3.8/site-packages/airflow/example_dags/example_trigger_target_dag.py
[2022-06-23 10:44:32,303] {logging_mixin.py:115} INFO - [2022-06-23 10:44:32,303] {dag.py:2371} INFO - Sync 1 DAGs
[2022-06-23 10:44:32,321] {logging_mixin.py:115} INFO - [2022-06-23 10:44:32,321] {dag.py:2915} INFO - Setting next_dagrun for example_trigger_target_dag to None, run_after=None
[2022-06-23 10:44:32,368] {processor.py:161} INFO - Processing /home/osboxes/.local/lib/python3.8/site-packages/airflow/example_dags/example_trigger_target_dag.py took 0.104 seconds
[2022-06-23 10:45:11,576] {processor.py:153} INFO - Started process (PID=38019) to work on /home/osboxes/.local/lib/python3.8/site-packages/airflow/example_dags/example_trigger_target_dag.py
[2022-06-23 10:45:11,601] {processor.py:641} INFO - Processing file /home/osboxes/.local/lib/python3.8/site-packages/airflow/example_dags/example_trigger_target_dag.py for tasks to queue
[2022-06-23 10:45:11,602] {logging_mixin.py:115} INFO - [2022-06-23 10:45:11,602] {dagbag.py:507} INFO - Filling up the DagBag from /home/osboxes/.local/lib/python3.8/site-packages/airflow/example_dags/example_trigger_target_dag.py
[2022-06-23 10:45:11,616] {processor.py:651} INFO - DAG(s) dict_keys(['example_trigger_target_dag']) retrieved from /home/osboxes/.local/lib/python3.8/site-packages/airflow/example_dags/example_trigger_target_dag.py
[2022-06-23 10:45:11,633] {logging_mixin.py:115} INFO - [2022-06-23 10:45:11,632] {dag.py:2371} INFO - Sync 1 DAGs
[2022-06-23 10:45:11,651] {logging_mixin.py:115} INFO - [2022-06-23 10:45:11,651] {dag.py:2915} INFO - Setting next_dagrun for example_trigger_target_dag to None, run_after=None
[2022-06-23 10:45:11,692] {processor.py:161} INFO - Processing /home/osboxes/.local/lib/python3.8/site-packages/airflow/example_dags/example_trigger_target_dag.py took 0.118 seconds
[2022-06-23 10:45:58,635] {processor.py:153} INFO - Started process (PID=38462) to work on /home/osboxes/.local/lib/python3.8/site-packages/airflow/example_dags/example_trigger_target_dag.py
[2022-06-23 10:45:58,638] {processor.py:641} INFO - Processing file /home/osboxes/.local/lib/python3.8/site-packages/airflow/example_dags/example_trigger_target_dag.py for tasks to queue
[2022-06-23 10:45:58,639] {logging_mixin.py:115} INFO - [2022-06-23 10:45:58,639] {dagbag.py:507} INFO - Filling up the DagBag from /home/osboxes/.local/lib/python3.8/site-packages/airflow/example_dags/example_trigger_target_dag.py
[2022-06-23 10:45:58,653] {processor.py:651} INFO - DAG(s) dict_keys(['example_trigger_target_dag']) retrieved from /home/osboxes/.local/lib/python3.8/site-packages/airflow/example_dags/example_trigger_target_dag.py
[2022-06-23 10:45:58,668] {logging_mixin.py:115} INFO - [2022-06-23 10:45:58,668] {dag.py:2371} INFO - Sync 1 DAGs
[2022-06-23 10:45:58,687] {logging_mixin.py:115} INFO - [2022-06-23 10:45:58,686] {dag.py:2915} INFO - Setting next_dagrun for example_trigger_target_dag to None, run_after=None
[2022-06-23 10:45:58,725] {processor.py:161} INFO - Processing /home/osboxes/.local/lib/python3.8/site-packages/airflow/example_dags/example_trigger_target_dag.py took 0.092 seconds
[2022-06-23 10:46:47,369] {processor.py:153} INFO - Started process (PID=39016) to work on /home/osboxes/.local/lib/python3.8/site-packages/airflow/example_dags/example_trigger_target_dag.py
[2022-06-23 10:46:47,375] {processor.py:641} INFO - Processing file /home/osboxes/.local/lib/python3.8/site-packages/airflow/example_dags/example_trigger_target_dag.py for tasks to queue
[2022-06-23 10:46:47,376] {logging_mixin.py:115} INFO - [2022-06-23 10:46:47,376] {dagbag.py:507} INFO - Filling up the DagBag from /home/osboxes/.local/lib/python3.8/site-packages/airflow/example_dags/example_trigger_target_dag.py
[2022-06-23 10:46:47,391] {processor.py:651} INFO - DAG(s) dict_keys(['example_trigger_target_dag']) retrieved from /home/osboxes/.local/lib/python3.8/site-packages/airflow/example_dags/example_trigger_target_dag.py
[2022-06-23 10:46:47,411] {logging_mixin.py:115} INFO - [2022-06-23 10:46:47,411] {dag.py:2371} INFO - Sync 1 DAGs
[2022-06-23 10:46:47,429] {logging_mixin.py:115} INFO - [2022-06-23 10:46:47,429] {dag.py:2915} INFO - Setting next_dagrun for example_trigger_target_dag to None, run_after=None
[2022-06-23 10:46:47,462] {processor.py:161} INFO - Processing /home/osboxes/.local/lib/python3.8/site-packages/airflow/example_dags/example_trigger_target_dag.py took 0.096 seconds
[2022-06-23 10:47:27,218] {processor.py:153} INFO - Started process (PID=39419) to work on /home/osboxes/.local/lib/python3.8/site-packages/airflow/example_dags/example_trigger_target_dag.py
[2022-06-23 10:47:27,220] {processor.py:641} INFO - Processing file /home/osboxes/.local/lib/python3.8/site-packages/airflow/example_dags/example_trigger_target_dag.py for tasks to queue
[2022-06-23 10:47:27,221] {logging_mixin.py:115} INFO - [2022-06-23 10:47:27,221] {dagbag.py:507} INFO - Filling up the DagBag from /home/osboxes/.local/lib/python3.8/site-packages/airflow/example_dags/example_trigger_target_dag.py
[2022-06-23 10:47:27,237] {processor.py:651} INFO - DAG(s) dict_keys(['example_trigger_target_dag']) retrieved from /home/osboxes/.local/lib/python3.8/site-packages/airflow/example_dags/example_trigger_target_dag.py
[2022-06-23 10:47:27,253] {logging_mixin.py:115} INFO - [2022-06-23 10:47:27,253] {dag.py:2371} INFO - Sync 1 DAGs
[2022-06-23 10:47:27,273] {logging_mixin.py:115} INFO - [2022-06-23 10:47:27,273] {dag.py:2915} INFO - Setting next_dagrun for example_trigger_target_dag to None, run_after=None
[2022-06-23 10:47:27,334] {processor.py:161} INFO - Processing /home/osboxes/.local/lib/python3.8/site-packages/airflow/example_dags/example_trigger_target_dag.py took 0.118 seconds
[2022-06-23 10:48:09,421] {processor.py:153} INFO - Started process (PID=39826) to work on /home/osboxes/.local/lib/python3.8/site-packages/airflow/example_dags/example_trigger_target_dag.py
[2022-06-23 10:48:09,471] {processor.py:641} INFO - Processing file /home/osboxes/.local/lib/python3.8/site-packages/airflow/example_dags/example_trigger_target_dag.py for tasks to queue
[2022-06-23 10:48:09,472] {logging_mixin.py:115} INFO - [2022-06-23 10:48:09,472] {dagbag.py:507} INFO - Filling up the DagBag from /home/osboxes/.local/lib/python3.8/site-packages/airflow/example_dags/example_trigger_target_dag.py
[2022-06-23 10:48:09,528] {processor.py:651} INFO - DAG(s) dict_keys(['example_trigger_target_dag']) retrieved from /home/osboxes/.local/lib/python3.8/site-packages/airflow/example_dags/example_trigger_target_dag.py
[2022-06-23 10:48:09,633] {logging_mixin.py:115} INFO - [2022-06-23 10:48:09,633] {dag.py:2371} INFO - Sync 1 DAGs
[2022-06-23 10:48:09,649] {logging_mixin.py:115} INFO - [2022-06-23 10:48:09,649] {dag.py:2915} INFO - Setting next_dagrun for example_trigger_target_dag to None, run_after=None
[2022-06-23 10:48:09,702] {processor.py:161} INFO - Processing /home/osboxes/.local/lib/python3.8/site-packages/airflow/example_dags/example_trigger_target_dag.py took 0.284 seconds
[2022-06-23 10:49:18,004] {processor.py:153} INFO - Started process (PID=40351) to work on /home/osboxes/.local/lib/python3.8/site-packages/airflow/example_dags/example_trigger_target_dag.py
[2022-06-23 10:49:18,015] {processor.py:641} INFO - Processing file /home/osboxes/.local/lib/python3.8/site-packages/airflow/example_dags/example_trigger_target_dag.py for tasks to queue
[2022-06-23 10:49:18,015] {logging_mixin.py:115} INFO - [2022-06-23 10:49:18,015] {dagbag.py:507} INFO - Filling up the DagBag from /home/osboxes/.local/lib/python3.8/site-packages/airflow/example_dags/example_trigger_target_dag.py
[2022-06-23 10:49:18,029] {processor.py:651} INFO - DAG(s) dict_keys(['example_trigger_target_dag']) retrieved from /home/osboxes/.local/lib/python3.8/site-packages/airflow/example_dags/example_trigger_target_dag.py
[2022-06-23 10:49:18,083] {logging_mixin.py:115} INFO - [2022-06-23 10:49:18,083] {dag.py:2371} INFO - Sync 1 DAGs
[2022-06-23 10:49:18,122] {logging_mixin.py:115} INFO - [2022-06-23 10:49:18,122] {dag.py:2915} INFO - Setting next_dagrun for example_trigger_target_dag to None, run_after=None
[2022-06-23 10:49:18,151] {processor.py:161} INFO - Processing /home/osboxes/.local/lib/python3.8/site-packages/airflow/example_dags/example_trigger_target_dag.py took 0.149 seconds
[2022-06-23 10:50:20,503] {processor.py:153} INFO - Started process (PID=40913) to work on /home/osboxes/.local/lib/python3.8/site-packages/airflow/example_dags/example_trigger_target_dag.py
[2022-06-23 10:50:20,513] {processor.py:641} INFO - Processing file /home/osboxes/.local/lib/python3.8/site-packages/airflow/example_dags/example_trigger_target_dag.py for tasks to queue
[2022-06-23 10:50:20,513] {logging_mixin.py:115} INFO - [2022-06-23 10:50:20,513] {dagbag.py:507} INFO - Filling up the DagBag from /home/osboxes/.local/lib/python3.8/site-packages/airflow/example_dags/example_trigger_target_dag.py
[2022-06-23 10:50:20,529] {processor.py:651} INFO - DAG(s) dict_keys(['example_trigger_target_dag']) retrieved from /home/osboxes/.local/lib/python3.8/site-packages/airflow/example_dags/example_trigger_target_dag.py
[2022-06-23 10:50:20,545] {logging_mixin.py:115} INFO - [2022-06-23 10:50:20,545] {dag.py:2371} INFO - Sync 1 DAGs
[2022-06-23 10:50:20,563] {logging_mixin.py:115} INFO - [2022-06-23 10:50:20,563] {dag.py:2915} INFO - Setting next_dagrun for example_trigger_target_dag to None, run_after=None
[2022-06-23 10:50:20,596] {processor.py:161} INFO - Processing /home/osboxes/.local/lib/python3.8/site-packages/airflow/example_dags/example_trigger_target_dag.py took 0.095 seconds
[2022-06-23 10:51:02,330] {processor.py:153} INFO - Started process (PID=41357) to work on /home/osboxes/.local/lib/python3.8/site-packages/airflow/example_dags/example_trigger_target_dag.py
[2022-06-23 10:51:02,334] {processor.py:641} INFO - Processing file /home/osboxes/.local/lib/python3.8/site-packages/airflow/example_dags/example_trigger_target_dag.py for tasks to queue
[2022-06-23 10:51:02,335] {logging_mixin.py:115} INFO - [2022-06-23 10:51:02,335] {dagbag.py:507} INFO - Filling up the DagBag from /home/osboxes/.local/lib/python3.8/site-packages/airflow/example_dags/example_trigger_target_dag.py
[2022-06-23 10:51:02,350] {processor.py:651} INFO - DAG(s) dict_keys(['example_trigger_target_dag']) retrieved from /home/osboxes/.local/lib/python3.8/site-packages/airflow/example_dags/example_trigger_target_dag.py
[2022-06-23 10:51:02,368] {logging_mixin.py:115} INFO - [2022-06-23 10:51:02,368] {dag.py:2371} INFO - Sync 1 DAGs
[2022-06-23 10:51:02,384] {logging_mixin.py:115} INFO - [2022-06-23 10:51:02,384] {dag.py:2915} INFO - Setting next_dagrun for example_trigger_target_dag to None, run_after=None
[2022-06-23 10:51:02,434] {processor.py:161} INFO - Processing /home/osboxes/.local/lib/python3.8/site-packages/airflow/example_dags/example_trigger_target_dag.py took 0.107 seconds
[2022-06-23 10:51:42,735] {processor.py:153} INFO - Started process (PID=41775) to work on /home/osboxes/.local/lib/python3.8/site-packages/airflow/example_dags/example_trigger_target_dag.py
[2022-06-23 10:51:42,744] {processor.py:641} INFO - Processing file /home/osboxes/.local/lib/python3.8/site-packages/airflow/example_dags/example_trigger_target_dag.py for tasks to queue
[2022-06-23 10:51:42,745] {logging_mixin.py:115} INFO - [2022-06-23 10:51:42,745] {dagbag.py:507} INFO - Filling up the DagBag from /home/osboxes/.local/lib/python3.8/site-packages/airflow/example_dags/example_trigger_target_dag.py
[2022-06-23 10:51:42,762] {processor.py:651} INFO - DAG(s) dict_keys(['example_trigger_target_dag']) retrieved from /home/osboxes/.local/lib/python3.8/site-packages/airflow/example_dags/example_trigger_target_dag.py
[2022-06-23 10:51:42,788] {logging_mixin.py:115} INFO - [2022-06-23 10:51:42,788] {dag.py:2371} INFO - Sync 1 DAGs
[2022-06-23 10:51:42,809] {logging_mixin.py:115} INFO - [2022-06-23 10:51:42,808] {dag.py:2915} INFO - Setting next_dagrun for example_trigger_target_dag to None, run_after=None
[2022-06-23 10:51:42,840] {processor.py:161} INFO - Processing /home/osboxes/.local/lib/python3.8/site-packages/airflow/example_dags/example_trigger_target_dag.py took 0.107 seconds
[2022-06-23 10:52:25,844] {processor.py:153} INFO - Started process (PID=42131) to work on /home/osboxes/.local/lib/python3.8/site-packages/airflow/example_dags/example_trigger_target_dag.py
[2022-06-23 10:52:26,003] {processor.py:641} INFO - Processing file /home/osboxes/.local/lib/python3.8/site-packages/airflow/example_dags/example_trigger_target_dag.py for tasks to queue
[2022-06-23 10:52:26,004] {logging_mixin.py:115} INFO - [2022-06-23 10:52:26,003] {dagbag.py:507} INFO - Filling up the DagBag from /home/osboxes/.local/lib/python3.8/site-packages/airflow/example_dags/example_trigger_target_dag.py
[2022-06-23 10:52:26,029] {processor.py:651} INFO - DAG(s) dict_keys(['example_trigger_target_dag']) retrieved from /home/osboxes/.local/lib/python3.8/site-packages/airflow/example_dags/example_trigger_target_dag.py
[2022-06-23 10:52:26,046] {logging_mixin.py:115} INFO - [2022-06-23 10:52:26,046] {dag.py:2371} INFO - Sync 1 DAGs
[2022-06-23 10:52:26,064] {logging_mixin.py:115} INFO - [2022-06-23 10:52:26,063] {dag.py:2915} INFO - Setting next_dagrun for example_trigger_target_dag to None, run_after=None
[2022-06-23 10:52:26,107] {processor.py:161} INFO - Processing /home/osboxes/.local/lib/python3.8/site-packages/airflow/example_dags/example_trigger_target_dag.py took 0.265 seconds
[2022-06-23 10:53:21,485] {processor.py:153} INFO - Started process (PID=42597) to work on /home/osboxes/.local/lib/python3.8/site-packages/airflow/example_dags/example_trigger_target_dag.py
[2022-06-23 10:53:21,550] {processor.py:641} INFO - Processing file /home/osboxes/.local/lib/python3.8/site-packages/airflow/example_dags/example_trigger_target_dag.py for tasks to queue
[2022-06-23 10:53:21,552] {logging_mixin.py:115} INFO - [2022-06-23 10:53:21,552] {dagbag.py:507} INFO - Filling up the DagBag from /home/osboxes/.local/lib/python3.8/site-packages/airflow/example_dags/example_trigger_target_dag.py
[2022-06-23 10:53:21,646] {processor.py:651} INFO - DAG(s) dict_keys(['example_trigger_target_dag']) retrieved from /home/osboxes/.local/lib/python3.8/site-packages/airflow/example_dags/example_trigger_target_dag.py
[2022-06-23 10:53:21,766] {logging_mixin.py:115} INFO - [2022-06-23 10:53:21,766] {dag.py:2371} INFO - Sync 1 DAGs
[2022-06-23 10:53:21,807] {logging_mixin.py:115} INFO - [2022-06-23 10:53:21,806] {dag.py:2915} INFO - Setting next_dagrun for example_trigger_target_dag to None, run_after=None
[2022-06-23 10:53:22,061] {processor.py:161} INFO - Processing /home/osboxes/.local/lib/python3.8/site-packages/airflow/example_dags/example_trigger_target_dag.py took 0.579 seconds
[2022-06-23 10:54:36,760] {processor.py:153} INFO - Started process (PID=43123) to work on /home/osboxes/.local/lib/python3.8/site-packages/airflow/example_dags/example_trigger_target_dag.py
[2022-06-23 10:54:37,036] {processor.py:641} INFO - Processing file /home/osboxes/.local/lib/python3.8/site-packages/airflow/example_dags/example_trigger_target_dag.py for tasks to queue
[2022-06-23 10:54:37,036] {logging_mixin.py:115} INFO - [2022-06-23 10:54:37,036] {dagbag.py:507} INFO - Filling up the DagBag from /home/osboxes/.local/lib/python3.8/site-packages/airflow/example_dags/example_trigger_target_dag.py
[2022-06-23 10:54:37,380] {processor.py:651} INFO - DAG(s) dict_keys(['example_trigger_target_dag']) retrieved from /home/osboxes/.local/lib/python3.8/site-packages/airflow/example_dags/example_trigger_target_dag.py
[2022-06-23 10:54:37,573] {logging_mixin.py:115} INFO - [2022-06-23 10:54:37,573] {dag.py:2371} INFO - Sync 1 DAGs
[2022-06-23 10:54:37,890] {logging_mixin.py:115} INFO - [2022-06-23 10:54:37,890] {dag.py:2915} INFO - Setting next_dagrun for example_trigger_target_dag to None, run_after=None
[2022-06-23 10:54:38,391] {processor.py:161} INFO - Processing /home/osboxes/.local/lib/python3.8/site-packages/airflow/example_dags/example_trigger_target_dag.py took 1.633 seconds
[2022-06-23 10:55:50,443] {processor.py:153} INFO - Started process (PID=43779) to work on /home/osboxes/.local/lib/python3.8/site-packages/airflow/example_dags/example_trigger_target_dag.py
[2022-06-23 10:55:50,457] {processor.py:641} INFO - Processing file /home/osboxes/.local/lib/python3.8/site-packages/airflow/example_dags/example_trigger_target_dag.py for tasks to queue
[2022-06-23 10:55:50,457] {logging_mixin.py:115} INFO - [2022-06-23 10:55:50,457] {dagbag.py:507} INFO - Filling up the DagBag from /home/osboxes/.local/lib/python3.8/site-packages/airflow/example_dags/example_trigger_target_dag.py
[2022-06-23 10:55:50,497] {processor.py:651} INFO - DAG(s) dict_keys(['example_trigger_target_dag']) retrieved from /home/osboxes/.local/lib/python3.8/site-packages/airflow/example_dags/example_trigger_target_dag.py
[2022-06-23 10:55:50,552] {logging_mixin.py:115} INFO - [2022-06-23 10:55:50,552] {dag.py:2371} INFO - Sync 1 DAGs
[2022-06-23 10:55:50,645] {logging_mixin.py:115} INFO - [2022-06-23 10:55:50,645] {dag.py:2915} INFO - Setting next_dagrun for example_trigger_target_dag to None, run_after=None
[2022-06-23 10:55:50,679] {processor.py:161} INFO - Processing /home/osboxes/.local/lib/python3.8/site-packages/airflow/example_dags/example_trigger_target_dag.py took 0.238 seconds
[2022-06-23 10:56:29,016] {processor.py:153} INFO - Started process (PID=44109) to work on /home/osboxes/.local/lib/python3.8/site-packages/airflow/example_dags/example_trigger_target_dag.py
[2022-06-23 10:56:29,058] {processor.py:641} INFO - Processing file /home/osboxes/.local/lib/python3.8/site-packages/airflow/example_dags/example_trigger_target_dag.py for tasks to queue
[2022-06-23 10:56:29,059] {logging_mixin.py:115} INFO - [2022-06-23 10:56:29,058] {dagbag.py:507} INFO - Filling up the DagBag from /home/osboxes/.local/lib/python3.8/site-packages/airflow/example_dags/example_trigger_target_dag.py
[2022-06-23 10:56:29,108] {processor.py:651} INFO - DAG(s) dict_keys(['example_trigger_target_dag']) retrieved from /home/osboxes/.local/lib/python3.8/site-packages/airflow/example_dags/example_trigger_target_dag.py
[2022-06-23 10:56:29,189] {logging_mixin.py:115} INFO - [2022-06-23 10:56:29,189] {dag.py:2371} INFO - Sync 1 DAGs
[2022-06-23 10:56:29,224] {logging_mixin.py:115} INFO - [2022-06-23 10:56:29,224] {dag.py:2915} INFO - Setting next_dagrun for example_trigger_target_dag to None, run_after=None
[2022-06-23 10:56:29,680] {processor.py:161} INFO - Processing /home/osboxes/.local/lib/python3.8/site-packages/airflow/example_dags/example_trigger_target_dag.py took 0.671 seconds
[2022-06-23 10:57:07,676] {processor.py:153} INFO - Started process (PID=44428) to work on /home/osboxes/.local/lib/python3.8/site-packages/airflow/example_dags/example_trigger_target_dag.py
[2022-06-23 10:57:07,677] {processor.py:641} INFO - Processing file /home/osboxes/.local/lib/python3.8/site-packages/airflow/example_dags/example_trigger_target_dag.py for tasks to queue
[2022-06-23 10:57:07,678] {logging_mixin.py:115} INFO - [2022-06-23 10:57:07,678] {dagbag.py:507} INFO - Filling up the DagBag from /home/osboxes/.local/lib/python3.8/site-packages/airflow/example_dags/example_trigger_target_dag.py
[2022-06-23 10:57:07,690] {processor.py:651} INFO - DAG(s) dict_keys(['example_trigger_target_dag']) retrieved from /home/osboxes/.local/lib/python3.8/site-packages/airflow/example_dags/example_trigger_target_dag.py
[2022-06-23 10:57:07,706] {logging_mixin.py:115} INFO - [2022-06-23 10:57:07,705] {dag.py:2371} INFO - Sync 1 DAGs
[2022-06-23 10:57:07,723] {logging_mixin.py:115} INFO - [2022-06-23 10:57:07,723] {dag.py:2915} INFO - Setting next_dagrun for example_trigger_target_dag to None, run_after=None
[2022-06-23 10:57:07,781] {processor.py:161} INFO - Processing /home/osboxes/.local/lib/python3.8/site-packages/airflow/example_dags/example_trigger_target_dag.py took 0.107 seconds
[2022-06-23 10:57:48,772] {processor.py:153} INFO - Started process (PID=44878) to work on /home/osboxes/.local/lib/python3.8/site-packages/airflow/example_dags/example_trigger_target_dag.py
[2022-06-23 10:57:48,830] {processor.py:641} INFO - Processing file /home/osboxes/.local/lib/python3.8/site-packages/airflow/example_dags/example_trigger_target_dag.py for tasks to queue
[2022-06-23 10:57:48,831] {logging_mixin.py:115} INFO - [2022-06-23 10:57:48,831] {dagbag.py:507} INFO - Filling up the DagBag from /home/osboxes/.local/lib/python3.8/site-packages/airflow/example_dags/example_trigger_target_dag.py
[2022-06-23 10:57:49,001] {processor.py:651} INFO - DAG(s) dict_keys(['example_trigger_target_dag']) retrieved from /home/osboxes/.local/lib/python3.8/site-packages/airflow/example_dags/example_trigger_target_dag.py
[2022-06-23 10:57:49,109] {logging_mixin.py:115} INFO - [2022-06-23 10:57:49,109] {dag.py:2371} INFO - Sync 1 DAGs
[2022-06-23 10:57:49,348] {logging_mixin.py:115} INFO - [2022-06-23 10:57:49,348] {dag.py:2915} INFO - Setting next_dagrun for example_trigger_target_dag to None, run_after=None
[2022-06-23 10:57:49,629] {processor.py:161} INFO - Processing /home/osboxes/.local/lib/python3.8/site-packages/airflow/example_dags/example_trigger_target_dag.py took 0.859 seconds
[2022-06-23 10:58:35,606] {processor.py:153} INFO - Started process (PID=45338) to work on /home/osboxes/.local/lib/python3.8/site-packages/airflow/example_dags/example_trigger_target_dag.py
[2022-06-23 10:58:35,615] {processor.py:641} INFO - Processing file /home/osboxes/.local/lib/python3.8/site-packages/airflow/example_dags/example_trigger_target_dag.py for tasks to queue
[2022-06-23 10:58:35,616] {logging_mixin.py:115} INFO - [2022-06-23 10:58:35,616] {dagbag.py:507} INFO - Filling up the DagBag from /home/osboxes/.local/lib/python3.8/site-packages/airflow/example_dags/example_trigger_target_dag.py
[2022-06-23 10:58:35,640] {processor.py:651} INFO - DAG(s) dict_keys(['example_trigger_target_dag']) retrieved from /home/osboxes/.local/lib/python3.8/site-packages/airflow/example_dags/example_trigger_target_dag.py
[2022-06-23 10:58:35,710] {logging_mixin.py:115} INFO - [2022-06-23 10:58:35,677] {dag.py:2371} INFO - Sync 1 DAGs
[2022-06-23 10:58:35,805] {logging_mixin.py:115} INFO - [2022-06-23 10:58:35,805] {dag.py:2915} INFO - Setting next_dagrun for example_trigger_target_dag to None, run_after=None
[2022-06-23 10:58:36,143] {processor.py:161} INFO - Processing /home/osboxes/.local/lib/python3.8/site-packages/airflow/example_dags/example_trigger_target_dag.py took 0.539 seconds
