[2022-06-23 10:28:20,338] {processor.py:153} INFO - Started process (PID=27571) to work on /home/osboxes/.local/lib/python3.8/site-packages/airflow/example_dags/example_task_group.py
[2022-06-23 10:28:20,380] {processor.py:641} INFO - Processing file /home/osboxes/.local/lib/python3.8/site-packages/airflow/example_dags/example_task_group.py for tasks to queue
[2022-06-23 10:28:20,383] {logging_mixin.py:115} INFO - [2022-06-23 10:28:20,383] {dagbag.py:507} INFO - Filling up the DagBag from /home/osboxes/.local/lib/python3.8/site-packages/airflow/example_dags/example_task_group.py
[2022-06-23 10:28:20,389] {processor.py:651} INFO - DAG(s) dict_keys(['example_task_group']) retrieved from /home/osboxes/.local/lib/python3.8/site-packages/airflow/example_dags/example_task_group.py
[2022-06-23 10:28:22,493] {logging_mixin.py:115} INFO - [2022-06-23 10:28:22,493] {manager.py:508} INFO - Created Permission View: can edit on DAG:example_task_group
[2022-06-23 10:28:22,695] {logging_mixin.py:115} INFO - [2022-06-23 10:28:22,695] {manager.py:508} INFO - Created Permission View: can read on DAG:example_task_group
[2022-06-23 10:28:22,716] {logging_mixin.py:115} INFO - [2022-06-23 10:28:22,716] {manager.py:508} INFO - Created Permission View: can delete on DAG:example_task_group
[2022-06-23 10:28:22,716] {logging_mixin.py:115} INFO - [2022-06-23 10:28:22,716] {dag.py:2371} INFO - Sync 1 DAGs
[2022-06-23 10:28:22,723] {logging_mixin.py:115} INFO - [2022-06-23 10:28:22,722] {dag.py:2390} INFO - Creating ORM DAG for example_task_group
[2022-06-23 10:28:22,731] {logging_mixin.py:115} INFO - [2022-06-23 10:28:22,731] {dag.py:2915} INFO - Setting next_dagrun for example_task_group to 2022-06-22T14:28:22.731099+00:00, run_after=2022-06-23T14:28:22.731099+00:00
[2022-06-23 10:28:22,764] {processor.py:161} INFO - Processing /home/osboxes/.local/lib/python3.8/site-packages/airflow/example_dags/example_task_group.py took 2.430 seconds
[2022-06-23 10:29:14,597] {processor.py:153} INFO - Started process (PID=28090) to work on /home/osboxes/.local/lib/python3.8/site-packages/airflow/example_dags/example_task_group.py
[2022-06-23 10:29:14,608] {processor.py:641} INFO - Processing file /home/osboxes/.local/lib/python3.8/site-packages/airflow/example_dags/example_task_group.py for tasks to queue
[2022-06-23 10:29:14,608] {logging_mixin.py:115} INFO - [2022-06-23 10:29:14,608] {dagbag.py:507} INFO - Filling up the DagBag from /home/osboxes/.local/lib/python3.8/site-packages/airflow/example_dags/example_task_group.py
[2022-06-23 10:29:14,613] {processor.py:651} INFO - DAG(s) dict_keys(['example_task_group']) retrieved from /home/osboxes/.local/lib/python3.8/site-packages/airflow/example_dags/example_task_group.py
[2022-06-23 10:29:14,630] {logging_mixin.py:115} INFO - [2022-06-23 10:29:14,630] {dag.py:2371} INFO - Sync 1 DAGs
[2022-06-23 10:29:14,645] {logging_mixin.py:115} INFO - [2022-06-23 10:29:14,645] {dag.py:2915} INFO - Setting next_dagrun for example_task_group to 2022-06-22T14:29:14.645131+00:00, run_after=2022-06-23T14:29:14.645131+00:00
[2022-06-23 10:29:14,697] {processor.py:161} INFO - Processing /home/osboxes/.local/lib/python3.8/site-packages/airflow/example_dags/example_task_group.py took 0.102 seconds
[2022-06-23 10:29:53,987] {processor.py:153} INFO - Started process (PID=28444) to work on /home/osboxes/.local/lib/python3.8/site-packages/airflow/example_dags/example_task_group.py
[2022-06-23 10:29:53,988] {processor.py:641} INFO - Processing file /home/osboxes/.local/lib/python3.8/site-packages/airflow/example_dags/example_task_group.py for tasks to queue
[2022-06-23 10:29:53,989] {logging_mixin.py:115} INFO - [2022-06-23 10:29:53,989] {dagbag.py:507} INFO - Filling up the DagBag from /home/osboxes/.local/lib/python3.8/site-packages/airflow/example_dags/example_task_group.py
[2022-06-23 10:29:53,995] {processor.py:651} INFO - DAG(s) dict_keys(['example_task_group']) retrieved from /home/osboxes/.local/lib/python3.8/site-packages/airflow/example_dags/example_task_group.py
[2022-06-23 10:29:54,012] {logging_mixin.py:115} INFO - [2022-06-23 10:29:54,012] {dag.py:2371} INFO - Sync 1 DAGs
[2022-06-23 10:29:54,028] {logging_mixin.py:115} INFO - [2022-06-23 10:29:54,028] {dag.py:2915} INFO - Setting next_dagrun for example_task_group to 2022-06-22T14:29:54.028350+00:00, run_after=2022-06-23T14:29:54.028350+00:00
[2022-06-23 10:29:54,057] {processor.py:161} INFO - Processing /home/osboxes/.local/lib/python3.8/site-packages/airflow/example_dags/example_task_group.py took 0.072 seconds
[2022-06-23 10:30:28,130] {processor.py:153} INFO - Started process (PID=28738) to work on /home/osboxes/.local/lib/python3.8/site-packages/airflow/example_dags/example_task_group.py
[2022-06-23 10:30:28,133] {processor.py:641} INFO - Processing file /home/osboxes/.local/lib/python3.8/site-packages/airflow/example_dags/example_task_group.py for tasks to queue
[2022-06-23 10:30:28,134] {logging_mixin.py:115} INFO - [2022-06-23 10:30:28,134] {dagbag.py:507} INFO - Filling up the DagBag from /home/osboxes/.local/lib/python3.8/site-packages/airflow/example_dags/example_task_group.py
[2022-06-23 10:30:28,140] {processor.py:651} INFO - DAG(s) dict_keys(['example_task_group']) retrieved from /home/osboxes/.local/lib/python3.8/site-packages/airflow/example_dags/example_task_group.py
[2022-06-23 10:30:28,157] {logging_mixin.py:115} INFO - [2022-06-23 10:30:28,156] {dag.py:2371} INFO - Sync 1 DAGs
[2022-06-23 10:30:28,172] {logging_mixin.py:115} INFO - [2022-06-23 10:30:28,172] {dag.py:2915} INFO - Setting next_dagrun for example_task_group to 2022-06-22T14:30:28.172312+00:00, run_after=2022-06-23T14:30:28.172312+00:00
[2022-06-23 10:30:28,202] {processor.py:161} INFO - Processing /home/osboxes/.local/lib/python3.8/site-packages/airflow/example_dags/example_task_group.py took 0.074 seconds
[2022-06-23 10:31:02,909] {processor.py:153} INFO - Started process (PID=29014) to work on /home/osboxes/.local/lib/python3.8/site-packages/airflow/example_dags/example_task_group.py
[2022-06-23 10:31:02,911] {processor.py:641} INFO - Processing file /home/osboxes/.local/lib/python3.8/site-packages/airflow/example_dags/example_task_group.py for tasks to queue
[2022-06-23 10:31:02,912] {logging_mixin.py:115} INFO - [2022-06-23 10:31:02,912] {dagbag.py:507} INFO - Filling up the DagBag from /home/osboxes/.local/lib/python3.8/site-packages/airflow/example_dags/example_task_group.py
[2022-06-23 10:31:02,918] {processor.py:651} INFO - DAG(s) dict_keys(['example_task_group']) retrieved from /home/osboxes/.local/lib/python3.8/site-packages/airflow/example_dags/example_task_group.py
[2022-06-23 10:31:02,935] {logging_mixin.py:115} INFO - [2022-06-23 10:31:02,935] {dag.py:2371} INFO - Sync 1 DAGs
[2022-06-23 10:31:02,950] {logging_mixin.py:115} INFO - [2022-06-23 10:31:02,950] {dag.py:2915} INFO - Setting next_dagrun for example_task_group to 2022-06-22T14:31:02.950050+00:00, run_after=2022-06-23T14:31:02.950050+00:00
[2022-06-23 10:31:02,976] {processor.py:161} INFO - Processing /home/osboxes/.local/lib/python3.8/site-packages/airflow/example_dags/example_task_group.py took 0.069 seconds
[2022-06-23 10:31:37,781] {processor.py:153} INFO - Started process (PID=29277) to work on /home/osboxes/.local/lib/python3.8/site-packages/airflow/example_dags/example_task_group.py
[2022-06-23 10:31:37,791] {processor.py:641} INFO - Processing file /home/osboxes/.local/lib/python3.8/site-packages/airflow/example_dags/example_task_group.py for tasks to queue
[2022-06-23 10:31:37,791] {logging_mixin.py:115} INFO - [2022-06-23 10:31:37,791] {dagbag.py:507} INFO - Filling up the DagBag from /home/osboxes/.local/lib/python3.8/site-packages/airflow/example_dags/example_task_group.py
[2022-06-23 10:31:37,796] {processor.py:651} INFO - DAG(s) dict_keys(['example_task_group']) retrieved from /home/osboxes/.local/lib/python3.8/site-packages/airflow/example_dags/example_task_group.py
[2022-06-23 10:31:37,820] {logging_mixin.py:115} INFO - [2022-06-23 10:31:37,820] {dag.py:2371} INFO - Sync 1 DAGs
[2022-06-23 10:31:37,847] {logging_mixin.py:115} INFO - [2022-06-23 10:31:37,847] {dag.py:2915} INFO - Setting next_dagrun for example_task_group to 2022-06-22T14:31:37.847600+00:00, run_after=2022-06-23T14:31:37.847600+00:00
[2022-06-23 10:31:37,900] {processor.py:161} INFO - Processing /home/osboxes/.local/lib/python3.8/site-packages/airflow/example_dags/example_task_group.py took 0.121 seconds
[2022-06-23 10:32:13,485] {processor.py:153} INFO - Started process (PID=29717) to work on /home/osboxes/.local/lib/python3.8/site-packages/airflow/example_dags/example_task_group.py
[2022-06-23 10:32:13,487] {processor.py:641} INFO - Processing file /home/osboxes/.local/lib/python3.8/site-packages/airflow/example_dags/example_task_group.py for tasks to queue
[2022-06-23 10:32:13,487] {logging_mixin.py:115} INFO - [2022-06-23 10:32:13,487] {dagbag.py:507} INFO - Filling up the DagBag from /home/osboxes/.local/lib/python3.8/site-packages/airflow/example_dags/example_task_group.py
[2022-06-23 10:32:13,492] {processor.py:651} INFO - DAG(s) dict_keys(['example_task_group']) retrieved from /home/osboxes/.local/lib/python3.8/site-packages/airflow/example_dags/example_task_group.py
[2022-06-23 10:32:13,509] {logging_mixin.py:115} INFO - [2022-06-23 10:32:13,509] {dag.py:2371} INFO - Sync 1 DAGs
[2022-06-23 10:32:13,524] {logging_mixin.py:115} INFO - [2022-06-23 10:32:13,523] {dag.py:2915} INFO - Setting next_dagrun for example_task_group to 2022-06-22T14:32:13.523308+00:00, run_after=2022-06-23T14:32:13.523308+00:00
[2022-06-23 10:32:13,552] {processor.py:161} INFO - Processing /home/osboxes/.local/lib/python3.8/site-packages/airflow/example_dags/example_task_group.py took 0.070 seconds
[2022-06-23 10:32:47,772] {processor.py:153} INFO - Started process (PID=30185) to work on /home/osboxes/.local/lib/python3.8/site-packages/airflow/example_dags/example_task_group.py
[2022-06-23 10:32:47,776] {processor.py:641} INFO - Processing file /home/osboxes/.local/lib/python3.8/site-packages/airflow/example_dags/example_task_group.py for tasks to queue
[2022-06-23 10:32:47,777] {logging_mixin.py:115} INFO - [2022-06-23 10:32:47,777] {dagbag.py:507} INFO - Filling up the DagBag from /home/osboxes/.local/lib/python3.8/site-packages/airflow/example_dags/example_task_group.py
[2022-06-23 10:32:47,790] {processor.py:651} INFO - DAG(s) dict_keys(['example_task_group']) retrieved from /home/osboxes/.local/lib/python3.8/site-packages/airflow/example_dags/example_task_group.py
[2022-06-23 10:32:47,810] {logging_mixin.py:115} INFO - [2022-06-23 10:32:47,809] {dag.py:2371} INFO - Sync 1 DAGs
[2022-06-23 10:32:47,825] {logging_mixin.py:115} INFO - [2022-06-23 10:32:47,825] {dag.py:2915} INFO - Setting next_dagrun for example_task_group to 2022-06-22T14:32:47.825452+00:00, run_after=2022-06-23T14:32:47.825452+00:00
[2022-06-23 10:32:47,924] {processor.py:161} INFO - Processing /home/osboxes/.local/lib/python3.8/site-packages/airflow/example_dags/example_task_group.py took 0.154 seconds
[2022-06-23 10:33:28,601] {processor.py:153} INFO - Started process (PID=30598) to work on /home/osboxes/.local/lib/python3.8/site-packages/airflow/example_dags/example_task_group.py
[2022-06-23 10:33:28,604] {processor.py:641} INFO - Processing file /home/osboxes/.local/lib/python3.8/site-packages/airflow/example_dags/example_task_group.py for tasks to queue
[2022-06-23 10:33:28,605] {logging_mixin.py:115} INFO - [2022-06-23 10:33:28,604] {dagbag.py:507} INFO - Filling up the DagBag from /home/osboxes/.local/lib/python3.8/site-packages/airflow/example_dags/example_task_group.py
[2022-06-23 10:33:28,613] {processor.py:651} INFO - DAG(s) dict_keys(['example_task_group']) retrieved from /home/osboxes/.local/lib/python3.8/site-packages/airflow/example_dags/example_task_group.py
[2022-06-23 10:33:28,629] {logging_mixin.py:115} INFO - [2022-06-23 10:33:28,629] {dag.py:2371} INFO - Sync 1 DAGs
[2022-06-23 10:33:28,644] {logging_mixin.py:115} INFO - [2022-06-23 10:33:28,644] {dag.py:2915} INFO - Setting next_dagrun for example_task_group to 2022-06-22T14:33:28.644636+00:00, run_after=2022-06-23T14:33:28.644636+00:00
[2022-06-23 10:33:28,679] {processor.py:161} INFO - Processing /home/osboxes/.local/lib/python3.8/site-packages/airflow/example_dags/example_task_group.py took 0.080 seconds
[2022-06-23 10:34:05,838] {processor.py:153} INFO - Started process (PID=31059) to work on /home/osboxes/.local/lib/python3.8/site-packages/airflow/example_dags/example_task_group.py
[2022-06-23 10:34:05,859] {processor.py:641} INFO - Processing file /home/osboxes/.local/lib/python3.8/site-packages/airflow/example_dags/example_task_group.py for tasks to queue
[2022-06-23 10:34:05,860] {logging_mixin.py:115} INFO - [2022-06-23 10:34:05,860] {dagbag.py:507} INFO - Filling up the DagBag from /home/osboxes/.local/lib/python3.8/site-packages/airflow/example_dags/example_task_group.py
[2022-06-23 10:34:05,869] {processor.py:651} INFO - DAG(s) dict_keys(['example_task_group']) retrieved from /home/osboxes/.local/lib/python3.8/site-packages/airflow/example_dags/example_task_group.py
[2022-06-23 10:34:05,900] {logging_mixin.py:115} INFO - [2022-06-23 10:34:05,900] {dag.py:2371} INFO - Sync 1 DAGs
[2022-06-23 10:34:05,926] {logging_mixin.py:115} INFO - [2022-06-23 10:34:05,926] {dag.py:2915} INFO - Setting next_dagrun for example_task_group to 2022-06-22T14:34:05.926021+00:00, run_after=2022-06-23T14:34:05.926021+00:00
[2022-06-23 10:34:06,000] {processor.py:161} INFO - Processing /home/osboxes/.local/lib/python3.8/site-packages/airflow/example_dags/example_task_group.py took 0.165 seconds
[2022-06-23 10:34:43,203] {processor.py:153} INFO - Started process (PID=31441) to work on /home/osboxes/.local/lib/python3.8/site-packages/airflow/example_dags/example_task_group.py
[2022-06-23 10:34:43,204] {processor.py:641} INFO - Processing file /home/osboxes/.local/lib/python3.8/site-packages/airflow/example_dags/example_task_group.py for tasks to queue
[2022-06-23 10:34:43,205] {logging_mixin.py:115} INFO - [2022-06-23 10:34:43,205] {dagbag.py:507} INFO - Filling up the DagBag from /home/osboxes/.local/lib/python3.8/site-packages/airflow/example_dags/example_task_group.py
[2022-06-23 10:34:43,212] {processor.py:651} INFO - DAG(s) dict_keys(['example_task_group']) retrieved from /home/osboxes/.local/lib/python3.8/site-packages/airflow/example_dags/example_task_group.py
[2022-06-23 10:34:43,227] {logging_mixin.py:115} INFO - [2022-06-23 10:34:43,227] {dag.py:2371} INFO - Sync 1 DAGs
[2022-06-23 10:34:43,243] {logging_mixin.py:115} INFO - [2022-06-23 10:34:43,243] {dag.py:2915} INFO - Setting next_dagrun for example_task_group to 2022-06-22T14:34:43.243509+00:00, run_after=2022-06-23T14:34:43.243509+00:00
[2022-06-23 10:34:43,272] {processor.py:161} INFO - Processing /home/osboxes/.local/lib/python3.8/site-packages/airflow/example_dags/example_task_group.py took 0.071 seconds
[2022-06-23 10:35:17,407] {processor.py:153} INFO - Started process (PID=31833) to work on /home/osboxes/.local/lib/python3.8/site-packages/airflow/example_dags/example_task_group.py
[2022-06-23 10:35:17,407] {processor.py:641} INFO - Processing file /home/osboxes/.local/lib/python3.8/site-packages/airflow/example_dags/example_task_group.py for tasks to queue
[2022-06-23 10:35:17,408] {logging_mixin.py:115} INFO - [2022-06-23 10:35:17,408] {dagbag.py:507} INFO - Filling up the DagBag from /home/osboxes/.local/lib/python3.8/site-packages/airflow/example_dags/example_task_group.py
[2022-06-23 10:35:17,416] {processor.py:651} INFO - DAG(s) dict_keys(['example_task_group']) retrieved from /home/osboxes/.local/lib/python3.8/site-packages/airflow/example_dags/example_task_group.py
[2022-06-23 10:35:17,440] {logging_mixin.py:115} INFO - [2022-06-23 10:35:17,440] {dag.py:2371} INFO - Sync 1 DAGs
[2022-06-23 10:35:17,456] {logging_mixin.py:115} INFO - [2022-06-23 10:35:17,456] {dag.py:2915} INFO - Setting next_dagrun for example_task_group to 2022-06-22T14:35:17.456564+00:00, run_after=2022-06-23T14:35:17.456564+00:00
[2022-06-23 10:35:17,487] {processor.py:161} INFO - Processing /home/osboxes/.local/lib/python3.8/site-packages/airflow/example_dags/example_task_group.py took 0.081 seconds
[2022-06-23 10:36:03,359] {processor.py:153} INFO - Started process (PID=32293) to work on /home/osboxes/.local/lib/python3.8/site-packages/airflow/example_dags/example_task_group.py
[2022-06-23 10:36:03,361] {processor.py:641} INFO - Processing file /home/osboxes/.local/lib/python3.8/site-packages/airflow/example_dags/example_task_group.py for tasks to queue
[2022-06-23 10:36:03,362] {logging_mixin.py:115} INFO - [2022-06-23 10:36:03,361] {dagbag.py:507} INFO - Filling up the DagBag from /home/osboxes/.local/lib/python3.8/site-packages/airflow/example_dags/example_task_group.py
[2022-06-23 10:36:03,369] {processor.py:651} INFO - DAG(s) dict_keys(['example_task_group']) retrieved from /home/osboxes/.local/lib/python3.8/site-packages/airflow/example_dags/example_task_group.py
[2022-06-23 10:36:03,385] {logging_mixin.py:115} INFO - [2022-06-23 10:36:03,384] {dag.py:2371} INFO - Sync 1 DAGs
[2022-06-23 10:36:03,402] {logging_mixin.py:115} INFO - [2022-06-23 10:36:03,401] {dag.py:2915} INFO - Setting next_dagrun for example_task_group to 2022-06-22T14:36:03.401793+00:00, run_after=2022-06-23T14:36:03.401793+00:00
[2022-06-23 10:36:03,432] {processor.py:161} INFO - Processing /home/osboxes/.local/lib/python3.8/site-packages/airflow/example_dags/example_task_group.py took 0.075 seconds
[2022-06-23 10:36:57,523] {processor.py:153} INFO - Started process (PID=32831) to work on /home/osboxes/.local/lib/python3.8/site-packages/airflow/example_dags/example_task_group.py
[2022-06-23 10:36:57,628] {processor.py:641} INFO - Processing file /home/osboxes/.local/lib/python3.8/site-packages/airflow/example_dags/example_task_group.py for tasks to queue
[2022-06-23 10:36:57,629] {logging_mixin.py:115} INFO - [2022-06-23 10:36:57,629] {dagbag.py:507} INFO - Filling up the DagBag from /home/osboxes/.local/lib/python3.8/site-packages/airflow/example_dags/example_task_group.py
[2022-06-23 10:36:57,690] {processor.py:651} INFO - DAG(s) dict_keys(['example_task_group']) retrieved from /home/osboxes/.local/lib/python3.8/site-packages/airflow/example_dags/example_task_group.py
[2022-06-23 10:36:57,737] {logging_mixin.py:115} INFO - [2022-06-23 10:36:57,737] {dag.py:2371} INFO - Sync 1 DAGs
[2022-06-23 10:36:57,779] {logging_mixin.py:115} INFO - [2022-06-23 10:36:57,779] {dag.py:2915} INFO - Setting next_dagrun for example_task_group to 2022-06-22T14:36:57.779234+00:00, run_after=2022-06-23T14:36:57.779234+00:00
[2022-06-23 10:36:58,059] {processor.py:161} INFO - Processing /home/osboxes/.local/lib/python3.8/site-packages/airflow/example_dags/example_task_group.py took 0.537 seconds
[2022-06-23 10:37:46,695] {processor.py:153} INFO - Started process (PID=33295) to work on /home/osboxes/.local/lib/python3.8/site-packages/airflow/example_dags/example_task_group.py
[2022-06-23 10:37:46,715] {processor.py:641} INFO - Processing file /home/osboxes/.local/lib/python3.8/site-packages/airflow/example_dags/example_task_group.py for tasks to queue
[2022-06-23 10:37:46,716] {logging_mixin.py:115} INFO - [2022-06-23 10:37:46,716] {dagbag.py:507} INFO - Filling up the DagBag from /home/osboxes/.local/lib/python3.8/site-packages/airflow/example_dags/example_task_group.py
[2022-06-23 10:37:46,721] {processor.py:651} INFO - DAG(s) dict_keys(['example_task_group']) retrieved from /home/osboxes/.local/lib/python3.8/site-packages/airflow/example_dags/example_task_group.py
[2022-06-23 10:37:46,758] {logging_mixin.py:115} INFO - [2022-06-23 10:37:46,758] {dag.py:2371} INFO - Sync 1 DAGs
[2022-06-23 10:37:46,795] {logging_mixin.py:115} INFO - [2022-06-23 10:37:46,795] {dag.py:2915} INFO - Setting next_dagrun for example_task_group to 2022-06-22T14:37:46.795623+00:00, run_after=2022-06-23T14:37:46.795623+00:00
[2022-06-23 10:37:46,850] {processor.py:161} INFO - Processing /home/osboxes/.local/lib/python3.8/site-packages/airflow/example_dags/example_task_group.py took 0.158 seconds
[2022-06-23 10:38:33,380] {processor.py:153} INFO - Started process (PID=33703) to work on /home/osboxes/.local/lib/python3.8/site-packages/airflow/example_dags/example_task_group.py
[2022-06-23 10:38:33,381] {processor.py:641} INFO - Processing file /home/osboxes/.local/lib/python3.8/site-packages/airflow/example_dags/example_task_group.py for tasks to queue
[2022-06-23 10:38:33,382] {logging_mixin.py:115} INFO - [2022-06-23 10:38:33,382] {dagbag.py:507} INFO - Filling up the DagBag from /home/osboxes/.local/lib/python3.8/site-packages/airflow/example_dags/example_task_group.py
[2022-06-23 10:38:33,387] {processor.py:651} INFO - DAG(s) dict_keys(['example_task_group']) retrieved from /home/osboxes/.local/lib/python3.8/site-packages/airflow/example_dags/example_task_group.py
[2022-06-23 10:38:33,423] {logging_mixin.py:115} INFO - [2022-06-23 10:38:33,423] {dag.py:2371} INFO - Sync 1 DAGs
[2022-06-23 10:38:33,440] {logging_mixin.py:115} INFO - [2022-06-23 10:38:33,440] {dag.py:2915} INFO - Setting next_dagrun for example_task_group to 2022-06-22T14:38:33.440284+00:00, run_after=2022-06-23T14:38:33.440284+00:00
[2022-06-23 10:38:33,484] {processor.py:161} INFO - Processing /home/osboxes/.local/lib/python3.8/site-packages/airflow/example_dags/example_task_group.py took 0.108 seconds
[2022-06-23 10:39:12,358] {processor.py:153} INFO - Started process (PID=34067) to work on /home/osboxes/.local/lib/python3.8/site-packages/airflow/example_dags/example_task_group.py
[2022-06-23 10:39:12,412] {processor.py:641} INFO - Processing file /home/osboxes/.local/lib/python3.8/site-packages/airflow/example_dags/example_task_group.py for tasks to queue
[2022-06-23 10:39:12,424] {logging_mixin.py:115} INFO - [2022-06-23 10:39:12,424] {dagbag.py:507} INFO - Filling up the DagBag from /home/osboxes/.local/lib/python3.8/site-packages/airflow/example_dags/example_task_group.py
[2022-06-23 10:39:12,432] {processor.py:651} INFO - DAG(s) dict_keys(['example_task_group']) retrieved from /home/osboxes/.local/lib/python3.8/site-packages/airflow/example_dags/example_task_group.py
[2022-06-23 10:39:12,469] {logging_mixin.py:115} INFO - [2022-06-23 10:39:12,469] {dag.py:2371} INFO - Sync 1 DAGs
[2022-06-23 10:39:12,501] {logging_mixin.py:115} INFO - [2022-06-23 10:39:12,501] {dag.py:2915} INFO - Setting next_dagrun for example_task_group to 2022-06-22T14:39:12.501412+00:00, run_after=2022-06-23T14:39:12.501412+00:00
[2022-06-23 10:39:12,634] {processor.py:161} INFO - Processing /home/osboxes/.local/lib/python3.8/site-packages/airflow/example_dags/example_task_group.py took 0.278 seconds
[2022-06-23 10:39:47,683] {processor.py:153} INFO - Started process (PID=34381) to work on /home/osboxes/.local/lib/python3.8/site-packages/airflow/example_dags/example_task_group.py
[2022-06-23 10:39:47,700] {processor.py:641} INFO - Processing file /home/osboxes/.local/lib/python3.8/site-packages/airflow/example_dags/example_task_group.py for tasks to queue
[2022-06-23 10:39:47,702] {logging_mixin.py:115} INFO - [2022-06-23 10:39:47,702] {dagbag.py:507} INFO - Filling up the DagBag from /home/osboxes/.local/lib/python3.8/site-packages/airflow/example_dags/example_task_group.py
[2022-06-23 10:39:47,712] {processor.py:651} INFO - DAG(s) dict_keys(['example_task_group']) retrieved from /home/osboxes/.local/lib/python3.8/site-packages/airflow/example_dags/example_task_group.py
[2022-06-23 10:39:47,857] {logging_mixin.py:115} INFO - [2022-06-23 10:39:47,857] {dag.py:2371} INFO - Sync 1 DAGs
[2022-06-23 10:39:47,923] {logging_mixin.py:115} INFO - [2022-06-23 10:39:47,923] {dag.py:2915} INFO - Setting next_dagrun for example_task_group to 2022-06-22T14:39:47.923332+00:00, run_after=2022-06-23T14:39:47.923332+00:00
[2022-06-23 10:39:48,056] {processor.py:161} INFO - Processing /home/osboxes/.local/lib/python3.8/site-packages/airflow/example_dags/example_task_group.py took 0.377 seconds
[2022-06-23 10:40:23,685] {processor.py:153} INFO - Started process (PID=34732) to work on /home/osboxes/.local/lib/python3.8/site-packages/airflow/example_dags/example_task_group.py
[2022-06-23 10:40:23,690] {processor.py:641} INFO - Processing file /home/osboxes/.local/lib/python3.8/site-packages/airflow/example_dags/example_task_group.py for tasks to queue
[2022-06-23 10:40:23,691] {logging_mixin.py:115} INFO - [2022-06-23 10:40:23,690] {dagbag.py:507} INFO - Filling up the DagBag from /home/osboxes/.local/lib/python3.8/site-packages/airflow/example_dags/example_task_group.py
[2022-06-23 10:40:23,696] {processor.py:651} INFO - DAG(s) dict_keys(['example_task_group']) retrieved from /home/osboxes/.local/lib/python3.8/site-packages/airflow/example_dags/example_task_group.py
[2022-06-23 10:40:23,714] {logging_mixin.py:115} INFO - [2022-06-23 10:40:23,714] {dag.py:2371} INFO - Sync 1 DAGs
[2022-06-23 10:40:23,734] {logging_mixin.py:115} INFO - [2022-06-23 10:40:23,734] {dag.py:2915} INFO - Setting next_dagrun for example_task_group to 2022-06-22T14:40:23.734166+00:00, run_after=2022-06-23T14:40:23.734166+00:00
[2022-06-23 10:40:23,780] {processor.py:161} INFO - Processing /home/osboxes/.local/lib/python3.8/site-packages/airflow/example_dags/example_task_group.py took 0.097 seconds
[2022-06-23 10:41:12,541] {processor.py:153} INFO - Started process (PID=35268) to work on /home/osboxes/.local/lib/python3.8/site-packages/airflow/example_dags/example_task_group.py
[2022-06-23 10:41:12,543] {processor.py:641} INFO - Processing file /home/osboxes/.local/lib/python3.8/site-packages/airflow/example_dags/example_task_group.py for tasks to queue
[2022-06-23 10:41:12,544] {logging_mixin.py:115} INFO - [2022-06-23 10:41:12,544] {dagbag.py:507} INFO - Filling up the DagBag from /home/osboxes/.local/lib/python3.8/site-packages/airflow/example_dags/example_task_group.py
[2022-06-23 10:41:12,549] {processor.py:651} INFO - DAG(s) dict_keys(['example_task_group']) retrieved from /home/osboxes/.local/lib/python3.8/site-packages/airflow/example_dags/example_task_group.py
[2022-06-23 10:41:12,566] {logging_mixin.py:115} INFO - [2022-06-23 10:41:12,566] {dag.py:2371} INFO - Sync 1 DAGs
[2022-06-23 10:41:12,582] {logging_mixin.py:115} INFO - [2022-06-23 10:41:12,582] {dag.py:2915} INFO - Setting next_dagrun for example_task_group to 2022-06-22T14:41:12.582247+00:00, run_after=2022-06-23T14:41:12.582247+00:00
[2022-06-23 10:41:12,635] {processor.py:161} INFO - Processing /home/osboxes/.local/lib/python3.8/site-packages/airflow/example_dags/example_task_group.py took 0.098 seconds
[2022-06-23 10:41:51,036] {processor.py:153} INFO - Started process (PID=35680) to work on /home/osboxes/.local/lib/python3.8/site-packages/airflow/example_dags/example_task_group.py
[2022-06-23 10:41:51,078] {processor.py:641} INFO - Processing file /home/osboxes/.local/lib/python3.8/site-packages/airflow/example_dags/example_task_group.py for tasks to queue
[2022-06-23 10:41:51,079] {logging_mixin.py:115} INFO - [2022-06-23 10:41:51,079] {dagbag.py:507} INFO - Filling up the DagBag from /home/osboxes/.local/lib/python3.8/site-packages/airflow/example_dags/example_task_group.py
[2022-06-23 10:41:51,084] {processor.py:651} INFO - DAG(s) dict_keys(['example_task_group']) retrieved from /home/osboxes/.local/lib/python3.8/site-packages/airflow/example_dags/example_task_group.py
[2022-06-23 10:41:51,110] {logging_mixin.py:115} INFO - [2022-06-23 10:41:51,110] {dag.py:2371} INFO - Sync 1 DAGs
[2022-06-23 10:41:51,134] {logging_mixin.py:115} INFO - [2022-06-23 10:41:51,134] {dag.py:2915} INFO - Setting next_dagrun for example_task_group to 2022-06-22T14:41:51.134595+00:00, run_after=2022-06-23T14:41:51.134595+00:00
[2022-06-23 10:41:51,253] {processor.py:161} INFO - Processing /home/osboxes/.local/lib/python3.8/site-packages/airflow/example_dags/example_task_group.py took 0.224 seconds
[2022-06-23 10:42:27,312] {processor.py:153} INFO - Started process (PID=36056) to work on /home/osboxes/.local/lib/python3.8/site-packages/airflow/example_dags/example_task_group.py
[2022-06-23 10:42:27,314] {processor.py:641} INFO - Processing file /home/osboxes/.local/lib/python3.8/site-packages/airflow/example_dags/example_task_group.py for tasks to queue
[2022-06-23 10:42:27,314] {logging_mixin.py:115} INFO - [2022-06-23 10:42:27,314] {dagbag.py:507} INFO - Filling up the DagBag from /home/osboxes/.local/lib/python3.8/site-packages/airflow/example_dags/example_task_group.py
[2022-06-23 10:42:27,319] {processor.py:651} INFO - DAG(s) dict_keys(['example_task_group']) retrieved from /home/osboxes/.local/lib/python3.8/site-packages/airflow/example_dags/example_task_group.py
[2022-06-23 10:42:27,337] {logging_mixin.py:115} INFO - [2022-06-23 10:42:27,337] {dag.py:2371} INFO - Sync 1 DAGs
[2022-06-23 10:42:27,353] {logging_mixin.py:115} INFO - [2022-06-23 10:42:27,353] {dag.py:2915} INFO - Setting next_dagrun for example_task_group to 2022-06-22T14:42:27.353546+00:00, run_after=2022-06-23T14:42:27.353546+00:00
[2022-06-23 10:42:27,384] {processor.py:161} INFO - Processing /home/osboxes/.local/lib/python3.8/site-packages/airflow/example_dags/example_task_group.py took 0.074 seconds
[2022-06-23 10:43:02,061] {processor.py:153} INFO - Started process (PID=36437) to work on /home/osboxes/.local/lib/python3.8/site-packages/airflow/example_dags/example_task_group.py
[2022-06-23 10:43:02,130] {processor.py:641} INFO - Processing file /home/osboxes/.local/lib/python3.8/site-packages/airflow/example_dags/example_task_group.py for tasks to queue
[2022-06-23 10:43:02,131] {logging_mixin.py:115} INFO - [2022-06-23 10:43:02,131] {dagbag.py:507} INFO - Filling up the DagBag from /home/osboxes/.local/lib/python3.8/site-packages/airflow/example_dags/example_task_group.py
[2022-06-23 10:43:02,147] {processor.py:651} INFO - DAG(s) dict_keys(['example_task_group']) retrieved from /home/osboxes/.local/lib/python3.8/site-packages/airflow/example_dags/example_task_group.py
[2022-06-23 10:43:02,716] {logging_mixin.py:115} INFO - [2022-06-23 10:43:02,716] {dag.py:2371} INFO - Sync 1 DAGs
[2022-06-23 10:43:02,841] {logging_mixin.py:115} INFO - [2022-06-23 10:43:02,841] {dag.py:2915} INFO - Setting next_dagrun for example_task_group to 2022-06-22T14:43:02.841125+00:00, run_after=2022-06-23T14:43:02.841125+00:00
[2022-06-23 10:43:03,440] {processor.py:161} INFO - Processing /home/osboxes/.local/lib/python3.8/site-packages/airflow/example_dags/example_task_group.py took 1.382 seconds
[2022-06-23 10:43:47,877] {processor.py:153} INFO - Started process (PID=36979) to work on /home/osboxes/.local/lib/python3.8/site-packages/airflow/example_dags/example_task_group.py
[2022-06-23 10:43:47,919] {processor.py:641} INFO - Processing file /home/osboxes/.local/lib/python3.8/site-packages/airflow/example_dags/example_task_group.py for tasks to queue
[2022-06-23 10:43:47,919] {logging_mixin.py:115} INFO - [2022-06-23 10:43:47,919] {dagbag.py:507} INFO - Filling up the DagBag from /home/osboxes/.local/lib/python3.8/site-packages/airflow/example_dags/example_task_group.py
[2022-06-23 10:43:47,970] {processor.py:651} INFO - DAG(s) dict_keys(['example_task_group']) retrieved from /home/osboxes/.local/lib/python3.8/site-packages/airflow/example_dags/example_task_group.py
[2022-06-23 10:43:48,048] {logging_mixin.py:115} INFO - [2022-06-23 10:43:48,047] {dag.py:2371} INFO - Sync 1 DAGs
[2022-06-23 10:43:48,186] {logging_mixin.py:115} INFO - [2022-06-23 10:43:48,185] {dag.py:2915} INFO - Setting next_dagrun for example_task_group to 2022-06-22T14:43:48.185692+00:00, run_after=2022-06-23T14:43:48.185692+00:00
[2022-06-23 10:43:48,486] {processor.py:161} INFO - Processing /home/osboxes/.local/lib/python3.8/site-packages/airflow/example_dags/example_task_group.py took 0.630 seconds
[2022-06-23 10:44:31,007] {processor.py:153} INFO - Started process (PID=37498) to work on /home/osboxes/.local/lib/python3.8/site-packages/airflow/example_dags/example_task_group.py
[2022-06-23 10:44:31,013] {processor.py:641} INFO - Processing file /home/osboxes/.local/lib/python3.8/site-packages/airflow/example_dags/example_task_group.py for tasks to queue
[2022-06-23 10:44:31,014] {logging_mixin.py:115} INFO - [2022-06-23 10:44:31,013] {dagbag.py:507} INFO - Filling up the DagBag from /home/osboxes/.local/lib/python3.8/site-packages/airflow/example_dags/example_task_group.py
[2022-06-23 10:44:31,020] {processor.py:651} INFO - DAG(s) dict_keys(['example_task_group']) retrieved from /home/osboxes/.local/lib/python3.8/site-packages/airflow/example_dags/example_task_group.py
[2022-06-23 10:44:31,047] {logging_mixin.py:115} INFO - [2022-06-23 10:44:31,047] {dag.py:2371} INFO - Sync 1 DAGs
[2022-06-23 10:44:31,070] {logging_mixin.py:115} INFO - [2022-06-23 10:44:31,070] {dag.py:2915} INFO - Setting next_dagrun for example_task_group to 2022-06-22T14:44:31.070311+00:00, run_after=2022-06-23T14:44:31.070311+00:00
[2022-06-23 10:44:31,173] {processor.py:161} INFO - Processing /home/osboxes/.local/lib/python3.8/site-packages/airflow/example_dags/example_task_group.py took 0.168 seconds
[2022-06-23 10:45:10,009] {processor.py:153} INFO - Started process (PID=37997) to work on /home/osboxes/.local/lib/python3.8/site-packages/airflow/example_dags/example_task_group.py
[2022-06-23 10:45:10,019] {processor.py:641} INFO - Processing file /home/osboxes/.local/lib/python3.8/site-packages/airflow/example_dags/example_task_group.py for tasks to queue
[2022-06-23 10:45:10,020] {logging_mixin.py:115} INFO - [2022-06-23 10:45:10,020] {dagbag.py:507} INFO - Filling up the DagBag from /home/osboxes/.local/lib/python3.8/site-packages/airflow/example_dags/example_task_group.py
[2022-06-23 10:45:10,046] {processor.py:651} INFO - DAG(s) dict_keys(['example_task_group']) retrieved from /home/osboxes/.local/lib/python3.8/site-packages/airflow/example_dags/example_task_group.py
[2022-06-23 10:45:10,088] {logging_mixin.py:115} INFO - [2022-06-23 10:45:10,088] {dag.py:2371} INFO - Sync 1 DAGs
[2022-06-23 10:45:10,164] {logging_mixin.py:115} INFO - [2022-06-23 10:45:10,164] {dag.py:2915} INFO - Setting next_dagrun for example_task_group to 2022-06-22T14:45:10.163919+00:00, run_after=2022-06-23T14:45:10.163919+00:00
[2022-06-23 10:45:10,457] {processor.py:161} INFO - Processing /home/osboxes/.local/lib/python3.8/site-packages/airflow/example_dags/example_task_group.py took 0.450 seconds
[2022-06-23 10:45:57,491] {processor.py:153} INFO - Started process (PID=38461) to work on /home/osboxes/.local/lib/python3.8/site-packages/airflow/example_dags/example_task_group.py
[2022-06-23 10:45:57,492] {processor.py:641} INFO - Processing file /home/osboxes/.local/lib/python3.8/site-packages/airflow/example_dags/example_task_group.py for tasks to queue
[2022-06-23 10:45:57,493] {logging_mixin.py:115} INFO - [2022-06-23 10:45:57,493] {dagbag.py:507} INFO - Filling up the DagBag from /home/osboxes/.local/lib/python3.8/site-packages/airflow/example_dags/example_task_group.py
[2022-06-23 10:45:57,500] {processor.py:651} INFO - DAG(s) dict_keys(['example_task_group']) retrieved from /home/osboxes/.local/lib/python3.8/site-packages/airflow/example_dags/example_task_group.py
[2022-06-23 10:45:57,519] {logging_mixin.py:115} INFO - [2022-06-23 10:45:57,519] {dag.py:2371} INFO - Sync 1 DAGs
[2022-06-23 10:45:57,539] {logging_mixin.py:115} INFO - [2022-06-23 10:45:57,539] {dag.py:2915} INFO - Setting next_dagrun for example_task_group to 2022-06-22T14:45:57.539311+00:00, run_after=2022-06-23T14:45:57.539311+00:00
[2022-06-23 10:45:57,588] {processor.py:161} INFO - Processing /home/osboxes/.local/lib/python3.8/site-packages/airflow/example_dags/example_task_group.py took 0.099 seconds
[2022-06-23 10:46:38,528] {processor.py:153} INFO - Started process (PID=38919) to work on /home/osboxes/.local/lib/python3.8/site-packages/airflow/example_dags/example_task_group.py
[2022-06-23 10:46:38,557] {processor.py:641} INFO - Processing file /home/osboxes/.local/lib/python3.8/site-packages/airflow/example_dags/example_task_group.py for tasks to queue
[2022-06-23 10:46:38,557] {logging_mixin.py:115} INFO - [2022-06-23 10:46:38,557] {dagbag.py:507} INFO - Filling up the DagBag from /home/osboxes/.local/lib/python3.8/site-packages/airflow/example_dags/example_task_group.py
[2022-06-23 10:46:38,577] {processor.py:651} INFO - DAG(s) dict_keys(['example_task_group']) retrieved from /home/osboxes/.local/lib/python3.8/site-packages/airflow/example_dags/example_task_group.py
[2022-06-23 10:46:38,620] {logging_mixin.py:115} INFO - [2022-06-23 10:46:38,620] {dag.py:2371} INFO - Sync 1 DAGs
[2022-06-23 10:46:38,663] {logging_mixin.py:115} INFO - [2022-06-23 10:46:38,663] {dag.py:2915} INFO - Setting next_dagrun for example_task_group to 2022-06-22T14:46:38.663365+00:00, run_after=2022-06-23T14:46:38.663365+00:00
[2022-06-23 10:46:39,278] {processor.py:161} INFO - Processing /home/osboxes/.local/lib/python3.8/site-packages/airflow/example_dags/example_task_group.py took 0.752 seconds
[2022-06-23 10:47:25,859] {processor.py:153} INFO - Started process (PID=39402) to work on /home/osboxes/.local/lib/python3.8/site-packages/airflow/example_dags/example_task_group.py
[2022-06-23 10:47:25,869] {processor.py:641} INFO - Processing file /home/osboxes/.local/lib/python3.8/site-packages/airflow/example_dags/example_task_group.py for tasks to queue
[2022-06-23 10:47:25,869] {logging_mixin.py:115} INFO - [2022-06-23 10:47:25,869] {dagbag.py:507} INFO - Filling up the DagBag from /home/osboxes/.local/lib/python3.8/site-packages/airflow/example_dags/example_task_group.py
[2022-06-23 10:47:25,874] {processor.py:651} INFO - DAG(s) dict_keys(['example_task_group']) retrieved from /home/osboxes/.local/lib/python3.8/site-packages/airflow/example_dags/example_task_group.py
[2022-06-23 10:47:25,891] {logging_mixin.py:115} INFO - [2022-06-23 10:47:25,891] {dag.py:2371} INFO - Sync 1 DAGs
[2022-06-23 10:47:25,909] {logging_mixin.py:115} INFO - [2022-06-23 10:47:25,909] {dag.py:2915} INFO - Setting next_dagrun for example_task_group to 2022-06-22T14:47:25.909037+00:00, run_after=2022-06-23T14:47:25.909037+00:00
[2022-06-23 10:47:25,967] {processor.py:161} INFO - Processing /home/osboxes/.local/lib/python3.8/site-packages/airflow/example_dags/example_task_group.py took 0.110 seconds
[2022-06-23 10:48:03,774] {processor.py:153} INFO - Started process (PID=39780) to work on /home/osboxes/.local/lib/python3.8/site-packages/airflow/example_dags/example_task_group.py
[2022-06-23 10:48:03,790] {processor.py:641} INFO - Processing file /home/osboxes/.local/lib/python3.8/site-packages/airflow/example_dags/example_task_group.py for tasks to queue
[2022-06-23 10:48:03,790] {logging_mixin.py:115} INFO - [2022-06-23 10:48:03,790] {dagbag.py:507} INFO - Filling up the DagBag from /home/osboxes/.local/lib/python3.8/site-packages/airflow/example_dags/example_task_group.py
[2022-06-23 10:48:03,796] {processor.py:651} INFO - DAG(s) dict_keys(['example_task_group']) retrieved from /home/osboxes/.local/lib/python3.8/site-packages/airflow/example_dags/example_task_group.py
[2022-06-23 10:48:03,817] {logging_mixin.py:115} INFO - [2022-06-23 10:48:03,817] {dag.py:2371} INFO - Sync 1 DAGs
[2022-06-23 10:48:03,837] {logging_mixin.py:115} INFO - [2022-06-23 10:48:03,837] {dag.py:2915} INFO - Setting next_dagrun for example_task_group to 2022-06-22T14:48:03.837503+00:00, run_after=2022-06-23T14:48:03.837503+00:00
[2022-06-23 10:48:03,945] {processor.py:161} INFO - Processing /home/osboxes/.local/lib/python3.8/site-packages/airflow/example_dags/example_task_group.py took 0.174 seconds
[2022-06-23 10:49:06,589] {processor.py:153} INFO - Started process (PID=40254) to work on /home/osboxes/.local/lib/python3.8/site-packages/airflow/example_dags/example_task_group.py
[2022-06-23 10:49:06,648] {processor.py:641} INFO - Processing file /home/osboxes/.local/lib/python3.8/site-packages/airflow/example_dags/example_task_group.py for tasks to queue
[2022-06-23 10:49:06,649] {logging_mixin.py:115} INFO - [2022-06-23 10:49:06,649] {dagbag.py:507} INFO - Filling up the DagBag from /home/osboxes/.local/lib/python3.8/site-packages/airflow/example_dags/example_task_group.py
[2022-06-23 10:49:06,703] {processor.py:651} INFO - DAG(s) dict_keys(['example_task_group']) retrieved from /home/osboxes/.local/lib/python3.8/site-packages/airflow/example_dags/example_task_group.py
[2022-06-23 10:49:06,772] {logging_mixin.py:115} INFO - [2022-06-23 10:49:06,771] {dag.py:2371} INFO - Sync 1 DAGs
[2022-06-23 10:49:06,849] {logging_mixin.py:115} INFO - [2022-06-23 10:49:06,849] {dag.py:2915} INFO - Setting next_dagrun for example_task_group to 2022-06-22T14:49:06.849105+00:00, run_after=2022-06-23T14:49:06.849105+00:00
[2022-06-23 10:49:07,143] {processor.py:161} INFO - Processing /home/osboxes/.local/lib/python3.8/site-packages/airflow/example_dags/example_task_group.py took 0.556 seconds
[2022-06-23 10:50:10,229] {processor.py:153} INFO - Started process (PID=40828) to work on /home/osboxes/.local/lib/python3.8/site-packages/airflow/example_dags/example_task_group.py
[2022-06-23 10:50:10,397] {processor.py:641} INFO - Processing file /home/osboxes/.local/lib/python3.8/site-packages/airflow/example_dags/example_task_group.py for tasks to queue
[2022-06-23 10:50:10,398] {logging_mixin.py:115} INFO - [2022-06-23 10:50:10,398] {dagbag.py:507} INFO - Filling up the DagBag from /home/osboxes/.local/lib/python3.8/site-packages/airflow/example_dags/example_task_group.py
[2022-06-23 10:50:10,412] {processor.py:651} INFO - DAG(s) dict_keys(['example_task_group']) retrieved from /home/osboxes/.local/lib/python3.8/site-packages/airflow/example_dags/example_task_group.py
[2022-06-23 10:50:10,442] {logging_mixin.py:115} INFO - [2022-06-23 10:50:10,442] {dag.py:2371} INFO - Sync 1 DAGs
[2022-06-23 10:50:10,730] {logging_mixin.py:115} INFO - [2022-06-23 10:50:10,730] {dag.py:2915} INFO - Setting next_dagrun for example_task_group to 2022-06-22T14:50:10.730465+00:00, run_after=2022-06-23T14:50:10.730465+00:00
[2022-06-23 10:50:10,982] {processor.py:161} INFO - Processing /home/osboxes/.local/lib/python3.8/site-packages/airflow/example_dags/example_task_group.py took 0.788 seconds
[2022-06-23 10:50:58,198] {processor.py:153} INFO - Started process (PID=41310) to work on /home/osboxes/.local/lib/python3.8/site-packages/airflow/example_dags/example_task_group.py
[2022-06-23 10:50:58,207] {processor.py:641} INFO - Processing file /home/osboxes/.local/lib/python3.8/site-packages/airflow/example_dags/example_task_group.py for tasks to queue
[2022-06-23 10:50:58,208] {logging_mixin.py:115} INFO - [2022-06-23 10:50:58,208] {dagbag.py:507} INFO - Filling up the DagBag from /home/osboxes/.local/lib/python3.8/site-packages/airflow/example_dags/example_task_group.py
[2022-06-23 10:50:58,213] {processor.py:651} INFO - DAG(s) dict_keys(['example_task_group']) retrieved from /home/osboxes/.local/lib/python3.8/site-packages/airflow/example_dags/example_task_group.py
[2022-06-23 10:50:58,229] {logging_mixin.py:115} INFO - [2022-06-23 10:50:58,229] {dag.py:2371} INFO - Sync 1 DAGs
[2022-06-23 10:50:58,245] {logging_mixin.py:115} INFO - [2022-06-23 10:50:58,244] {dag.py:2915} INFO - Setting next_dagrun for example_task_group to 2022-06-22T14:50:58.244770+00:00, run_after=2022-06-23T14:50:58.244770+00:00
[2022-06-23 10:50:58,277] {processor.py:161} INFO - Processing /home/osboxes/.local/lib/python3.8/site-packages/airflow/example_dags/example_task_group.py took 0.082 seconds
[2022-06-23 10:51:39,094] {processor.py:153} INFO - Started process (PID=41754) to work on /home/osboxes/.local/lib/python3.8/site-packages/airflow/example_dags/example_task_group.py
[2022-06-23 10:51:39,096] {processor.py:641} INFO - Processing file /home/osboxes/.local/lib/python3.8/site-packages/airflow/example_dags/example_task_group.py for tasks to queue
[2022-06-23 10:51:39,097] {logging_mixin.py:115} INFO - [2022-06-23 10:51:39,097] {dagbag.py:507} INFO - Filling up the DagBag from /home/osboxes/.local/lib/python3.8/site-packages/airflow/example_dags/example_task_group.py
[2022-06-23 10:51:39,102] {processor.py:651} INFO - DAG(s) dict_keys(['example_task_group']) retrieved from /home/osboxes/.local/lib/python3.8/site-packages/airflow/example_dags/example_task_group.py
[2022-06-23 10:51:39,118] {logging_mixin.py:115} INFO - [2022-06-23 10:51:39,117] {dag.py:2371} INFO - Sync 1 DAGs
[2022-06-23 10:51:39,134] {logging_mixin.py:115} INFO - [2022-06-23 10:51:39,134] {dag.py:2915} INFO - Setting next_dagrun for example_task_group to 2022-06-22T14:51:39.133914+00:00, run_after=2022-06-23T14:51:39.133914+00:00
[2022-06-23 10:51:39,169] {processor.py:161} INFO - Processing /home/osboxes/.local/lib/python3.8/site-packages/airflow/example_dags/example_task_group.py took 0.078 seconds
[2022-06-23 10:52:24,629] {processor.py:153} INFO - Started process (PID=42114) to work on /home/osboxes/.local/lib/python3.8/site-packages/airflow/example_dags/example_task_group.py
[2022-06-23 10:52:24,631] {processor.py:641} INFO - Processing file /home/osboxes/.local/lib/python3.8/site-packages/airflow/example_dags/example_task_group.py for tasks to queue
[2022-06-23 10:52:24,631] {logging_mixin.py:115} INFO - [2022-06-23 10:52:24,631] {dagbag.py:507} INFO - Filling up the DagBag from /home/osboxes/.local/lib/python3.8/site-packages/airflow/example_dags/example_task_group.py
[2022-06-23 10:52:24,638] {processor.py:651} INFO - DAG(s) dict_keys(['example_task_group']) retrieved from /home/osboxes/.local/lib/python3.8/site-packages/airflow/example_dags/example_task_group.py
[2022-06-23 10:52:24,654] {logging_mixin.py:115} INFO - [2022-06-23 10:52:24,654] {dag.py:2371} INFO - Sync 1 DAGs
[2022-06-23 10:52:24,671] {logging_mixin.py:115} INFO - [2022-06-23 10:52:24,671] {dag.py:2915} INFO - Setting next_dagrun for example_task_group to 2022-06-22T14:52:24.670841+00:00, run_after=2022-06-23T14:52:24.670841+00:00
[2022-06-23 10:52:24,704] {processor.py:161} INFO - Processing /home/osboxes/.local/lib/python3.8/site-packages/airflow/example_dags/example_task_group.py took 0.077 seconds
[2022-06-23 10:53:18,717] {processor.py:153} INFO - Started process (PID=42577) to work on /home/osboxes/.local/lib/python3.8/site-packages/airflow/example_dags/example_task_group.py
[2022-06-23 10:53:19,435] {processor.py:641} INFO - Processing file /home/osboxes/.local/lib/python3.8/site-packages/airflow/example_dags/example_task_group.py for tasks to queue
[2022-06-23 10:53:19,436] {logging_mixin.py:115} INFO - [2022-06-23 10:53:19,436] {dagbag.py:507} INFO - Filling up the DagBag from /home/osboxes/.local/lib/python3.8/site-packages/airflow/example_dags/example_task_group.py
[2022-06-23 10:53:19,452] {processor.py:651} INFO - DAG(s) dict_keys(['example_task_group']) retrieved from /home/osboxes/.local/lib/python3.8/site-packages/airflow/example_dags/example_task_group.py
[2022-06-23 10:53:19,510] {logging_mixin.py:115} INFO - [2022-06-23 10:53:19,510] {dag.py:2371} INFO - Sync 1 DAGs
[2022-06-23 10:53:19,530] {logging_mixin.py:115} INFO - [2022-06-23 10:53:19,530] {dag.py:2915} INFO - Setting next_dagrun for example_task_group to 2022-06-22T14:53:19.530265+00:00, run_after=2022-06-23T14:53:19.530265+00:00
[2022-06-23 10:53:20,235] {processor.py:161} INFO - Processing /home/osboxes/.local/lib/python3.8/site-packages/airflow/example_dags/example_task_group.py took 1.521 seconds
[2022-06-23 10:54:32,708] {processor.py:153} INFO - Started process (PID=43120) to work on /home/osboxes/.local/lib/python3.8/site-packages/airflow/example_dags/example_task_group.py
[2022-06-23 10:54:32,757] {processor.py:641} INFO - Processing file /home/osboxes/.local/lib/python3.8/site-packages/airflow/example_dags/example_task_group.py for tasks to queue
[2022-06-23 10:54:32,764] {logging_mixin.py:115} INFO - [2022-06-23 10:54:32,764] {dagbag.py:507} INFO - Filling up the DagBag from /home/osboxes/.local/lib/python3.8/site-packages/airflow/example_dags/example_task_group.py
[2022-06-23 10:54:32,771] {processor.py:651} INFO - DAG(s) dict_keys(['example_task_group']) retrieved from /home/osboxes/.local/lib/python3.8/site-packages/airflow/example_dags/example_task_group.py
[2022-06-23 10:54:32,911] {logging_mixin.py:115} INFO - [2022-06-23 10:54:32,911] {dag.py:2371} INFO - Sync 1 DAGs
[2022-06-23 10:54:33,036] {logging_mixin.py:115} INFO - [2022-06-23 10:54:33,036] {dag.py:2915} INFO - Setting next_dagrun for example_task_group to 2022-06-22T14:54:33.036277+00:00, run_after=2022-06-23T14:54:33.036277+00:00
[2022-06-23 10:54:35,114] {processor.py:161} INFO - Processing /home/osboxes/.local/lib/python3.8/site-packages/airflow/example_dags/example_task_group.py took 2.408 seconds
[2022-06-23 10:55:49,110] {processor.py:153} INFO - Started process (PID=43752) to work on /home/osboxes/.local/lib/python3.8/site-packages/airflow/example_dags/example_task_group.py
[2022-06-23 10:55:49,115] {processor.py:641} INFO - Processing file /home/osboxes/.local/lib/python3.8/site-packages/airflow/example_dags/example_task_group.py for tasks to queue
[2022-06-23 10:55:49,117] {logging_mixin.py:115} INFO - [2022-06-23 10:55:49,115] {dagbag.py:507} INFO - Filling up the DagBag from /home/osboxes/.local/lib/python3.8/site-packages/airflow/example_dags/example_task_group.py
[2022-06-23 10:55:49,122] {processor.py:651} INFO - DAG(s) dict_keys(['example_task_group']) retrieved from /home/osboxes/.local/lib/python3.8/site-packages/airflow/example_dags/example_task_group.py
[2022-06-23 10:55:49,140] {logging_mixin.py:115} INFO - [2022-06-23 10:55:49,140] {dag.py:2371} INFO - Sync 1 DAGs
[2022-06-23 10:55:49,168] {logging_mixin.py:115} INFO - [2022-06-23 10:55:49,168] {dag.py:2915} INFO - Setting next_dagrun for example_task_group to 2022-06-22T14:55:49.168265+00:00, run_after=2022-06-23T14:55:49.168265+00:00
[2022-06-23 10:55:49,264] {processor.py:161} INFO - Processing /home/osboxes/.local/lib/python3.8/site-packages/airflow/example_dags/example_task_group.py took 0.157 seconds
[2022-06-23 10:56:28,646] {processor.py:153} INFO - Started process (PID=44108) to work on /home/osboxes/.local/lib/python3.8/site-packages/airflow/example_dags/example_task_group.py
[2022-06-23 10:56:28,653] {processor.py:641} INFO - Processing file /home/osboxes/.local/lib/python3.8/site-packages/airflow/example_dags/example_task_group.py for tasks to queue
[2022-06-23 10:56:28,654] {logging_mixin.py:115} INFO - [2022-06-23 10:56:28,654] {dagbag.py:507} INFO - Filling up the DagBag from /home/osboxes/.local/lib/python3.8/site-packages/airflow/example_dags/example_task_group.py
[2022-06-23 10:56:28,659] {processor.py:651} INFO - DAG(s) dict_keys(['example_task_group']) retrieved from /home/osboxes/.local/lib/python3.8/site-packages/airflow/example_dags/example_task_group.py
[2022-06-23 10:56:28,677] {logging_mixin.py:115} INFO - [2022-06-23 10:56:28,676] {dag.py:2371} INFO - Sync 1 DAGs
[2022-06-23 10:56:28,695] {logging_mixin.py:115} INFO - [2022-06-23 10:56:28,695] {dag.py:2915} INFO - Setting next_dagrun for example_task_group to 2022-06-22T14:56:28.694787+00:00, run_after=2022-06-23T14:56:28.694787+00:00
[2022-06-23 10:56:28,725] {processor.py:161} INFO - Processing /home/osboxes/.local/lib/python3.8/site-packages/airflow/example_dags/example_task_group.py took 0.081 seconds
[2022-06-23 10:57:06,402] {processor.py:153} INFO - Started process (PID=44426) to work on /home/osboxes/.local/lib/python3.8/site-packages/airflow/example_dags/example_task_group.py
[2022-06-23 10:57:06,414] {processor.py:641} INFO - Processing file /home/osboxes/.local/lib/python3.8/site-packages/airflow/example_dags/example_task_group.py for tasks to queue
[2022-06-23 10:57:06,414] {logging_mixin.py:115} INFO - [2022-06-23 10:57:06,414] {dagbag.py:507} INFO - Filling up the DagBag from /home/osboxes/.local/lib/python3.8/site-packages/airflow/example_dags/example_task_group.py
[2022-06-23 10:57:06,425] {processor.py:651} INFO - DAG(s) dict_keys(['example_task_group']) retrieved from /home/osboxes/.local/lib/python3.8/site-packages/airflow/example_dags/example_task_group.py
[2022-06-23 10:57:06,443] {logging_mixin.py:115} INFO - [2022-06-23 10:57:06,443] {dag.py:2371} INFO - Sync 1 DAGs
[2022-06-23 10:57:06,460] {logging_mixin.py:115} INFO - [2022-06-23 10:57:06,460] {dag.py:2915} INFO - Setting next_dagrun for example_task_group to 2022-06-22T14:57:06.460239+00:00, run_after=2022-06-23T14:57:06.460239+00:00
[2022-06-23 10:57:06,532] {processor.py:161} INFO - Processing /home/osboxes/.local/lib/python3.8/site-packages/airflow/example_dags/example_task_group.py took 0.132 seconds
[2022-06-23 10:57:47,473] {processor.py:153} INFO - Started process (PID=44860) to work on /home/osboxes/.local/lib/python3.8/site-packages/airflow/example_dags/example_task_group.py
[2022-06-23 10:57:47,497] {processor.py:641} INFO - Processing file /home/osboxes/.local/lib/python3.8/site-packages/airflow/example_dags/example_task_group.py for tasks to queue
[2022-06-23 10:57:47,500] {logging_mixin.py:115} INFO - [2022-06-23 10:57:47,499] {dagbag.py:507} INFO - Filling up the DagBag from /home/osboxes/.local/lib/python3.8/site-packages/airflow/example_dags/example_task_group.py
[2022-06-23 10:57:47,524] {processor.py:651} INFO - DAG(s) dict_keys(['example_task_group']) retrieved from /home/osboxes/.local/lib/python3.8/site-packages/airflow/example_dags/example_task_group.py
[2022-06-23 10:57:47,557] {logging_mixin.py:115} INFO - [2022-06-23 10:57:47,557] {dag.py:2371} INFO - Sync 1 DAGs
[2022-06-23 10:57:47,591] {logging_mixin.py:115} INFO - [2022-06-23 10:57:47,590] {dag.py:2915} INFO - Setting next_dagrun for example_task_group to 2022-06-22T14:57:47.590726+00:00, run_after=2022-06-23T14:57:47.590726+00:00
[2022-06-23 10:57:47,631] {processor.py:161} INFO - Processing /home/osboxes/.local/lib/python3.8/site-packages/airflow/example_dags/example_task_group.py took 0.161 seconds
[2022-06-23 10:58:34,644] {processor.py:153} INFO - Started process (PID=45335) to work on /home/osboxes/.local/lib/python3.8/site-packages/airflow/example_dags/example_task_group.py
[2022-06-23 10:58:34,657] {processor.py:641} INFO - Processing file /home/osboxes/.local/lib/python3.8/site-packages/airflow/example_dags/example_task_group.py for tasks to queue
[2022-06-23 10:58:34,658] {logging_mixin.py:115} INFO - [2022-06-23 10:58:34,658] {dagbag.py:507} INFO - Filling up the DagBag from /home/osboxes/.local/lib/python3.8/site-packages/airflow/example_dags/example_task_group.py
[2022-06-23 10:58:34,709] {processor.py:651} INFO - DAG(s) dict_keys(['example_task_group']) retrieved from /home/osboxes/.local/lib/python3.8/site-packages/airflow/example_dags/example_task_group.py
[2022-06-23 10:58:34,816] {logging_mixin.py:115} INFO - [2022-06-23 10:58:34,816] {dag.py:2371} INFO - Sync 1 DAGs
[2022-06-23 10:58:34,836] {logging_mixin.py:115} INFO - [2022-06-23 10:58:34,836] {dag.py:2915} INFO - Setting next_dagrun for example_task_group to 2022-06-22T14:58:34.836478+00:00, run_after=2022-06-23T14:58:34.836478+00:00
[2022-06-23 10:58:34,907] {processor.py:161} INFO - Processing /home/osboxes/.local/lib/python3.8/site-packages/airflow/example_dags/example_task_group.py took 0.293 seconds
