[2022-06-23 10:28:28,193] {processor.py:153} INFO - Started process (PID=27646) to work on /home/osboxes/.local/lib/python3.8/site-packages/airflow/example_dags/example_short_circuit_operator.py
[2022-06-23 10:28:28,194] {processor.py:641} INFO - Processing file /home/osboxes/.local/lib/python3.8/site-packages/airflow/example_dags/example_short_circuit_operator.py for tasks to queue
[2022-06-23 10:28:28,196] {logging_mixin.py:115} INFO - [2022-06-23 10:28:28,196] {dagbag.py:507} INFO - Filling up the DagBag from /home/osboxes/.local/lib/python3.8/site-packages/airflow/example_dags/example_short_circuit_operator.py
[2022-06-23 10:28:28,203] {processor.py:651} INFO - DAG(s) dict_keys(['example_short_circuit_operator']) retrieved from /home/osboxes/.local/lib/python3.8/site-packages/airflow/example_dags/example_short_circuit_operator.py
[2022-06-23 10:28:29,453] {logging_mixin.py:115} INFO - [2022-06-23 10:28:29,453] {manager.py:508} INFO - Created Permission View: can edit on DAG:example_short_circuit_operator
[2022-06-23 10:28:29,895] {logging_mixin.py:115} INFO - [2022-06-23 10:28:29,895] {manager.py:508} INFO - Created Permission View: can read on DAG:example_short_circuit_operator
[2022-06-23 10:28:30,052] {logging_mixin.py:115} INFO - [2022-06-23 10:28:30,052] {manager.py:508} INFO - Created Permission View: can delete on DAG:example_short_circuit_operator
[2022-06-23 10:28:30,052] {logging_mixin.py:115} INFO - [2022-06-23 10:28:30,052] {dag.py:2371} INFO - Sync 1 DAGs
[2022-06-23 10:28:30,062] {logging_mixin.py:115} INFO - [2022-06-23 10:28:30,062] {dag.py:2390} INFO - Creating ORM DAG for example_short_circuit_operator
[2022-06-23 10:28:30,107] {logging_mixin.py:115} INFO - [2022-06-23 10:28:30,107] {dag.py:2915} INFO - Setting next_dagrun for example_short_circuit_operator to 2022-06-22T14:28:30.106822+00:00, run_after=2022-06-23T14:28:30.106822+00:00
[2022-06-23 10:28:31,678] {processor.py:161} INFO - Processing /home/osboxes/.local/lib/python3.8/site-packages/airflow/example_dags/example_short_circuit_operator.py took 3.504 seconds
[2022-06-23 10:29:16,868] {processor.py:153} INFO - Started process (PID=28100) to work on /home/osboxes/.local/lib/python3.8/site-packages/airflow/example_dags/example_short_circuit_operator.py
[2022-06-23 10:29:16,869] {processor.py:641} INFO - Processing file /home/osboxes/.local/lib/python3.8/site-packages/airflow/example_dags/example_short_circuit_operator.py for tasks to queue
[2022-06-23 10:29:16,870] {logging_mixin.py:115} INFO - [2022-06-23 10:29:16,870] {dagbag.py:507} INFO - Filling up the DagBag from /home/osboxes/.local/lib/python3.8/site-packages/airflow/example_dags/example_short_circuit_operator.py
[2022-06-23 10:29:16,876] {processor.py:651} INFO - DAG(s) dict_keys(['example_short_circuit_operator']) retrieved from /home/osboxes/.local/lib/python3.8/site-packages/airflow/example_dags/example_short_circuit_operator.py
[2022-06-23 10:29:16,894] {logging_mixin.py:115} INFO - [2022-06-23 10:29:16,894] {dag.py:2371} INFO - Sync 1 DAGs
[2022-06-23 10:29:16,909] {logging_mixin.py:115} INFO - [2022-06-23 10:29:16,909] {dag.py:2915} INFO - Setting next_dagrun for example_short_circuit_operator to 2022-06-22T14:29:16.909512+00:00, run_after=2022-06-23T14:29:16.909512+00:00
[2022-06-23 10:29:16,948] {processor.py:161} INFO - Processing /home/osboxes/.local/lib/python3.8/site-packages/airflow/example_dags/example_short_circuit_operator.py took 0.082 seconds
[2022-06-23 10:29:55,815] {processor.py:153} INFO - Started process (PID=28481) to work on /home/osboxes/.local/lib/python3.8/site-packages/airflow/example_dags/example_short_circuit_operator.py
[2022-06-23 10:29:55,817] {processor.py:641} INFO - Processing file /home/osboxes/.local/lib/python3.8/site-packages/airflow/example_dags/example_short_circuit_operator.py for tasks to queue
[2022-06-23 10:29:55,818] {logging_mixin.py:115} INFO - [2022-06-23 10:29:55,817] {dagbag.py:507} INFO - Filling up the DagBag from /home/osboxes/.local/lib/python3.8/site-packages/airflow/example_dags/example_short_circuit_operator.py
[2022-06-23 10:29:55,826] {processor.py:651} INFO - DAG(s) dict_keys(['example_short_circuit_operator']) retrieved from /home/osboxes/.local/lib/python3.8/site-packages/airflow/example_dags/example_short_circuit_operator.py
[2022-06-23 10:29:55,844] {logging_mixin.py:115} INFO - [2022-06-23 10:29:55,844] {dag.py:2371} INFO - Sync 1 DAGs
[2022-06-23 10:29:55,862] {logging_mixin.py:115} INFO - [2022-06-23 10:29:55,862] {dag.py:2915} INFO - Setting next_dagrun for example_short_circuit_operator to 2022-06-22T14:29:55.861916+00:00, run_after=2022-06-23T14:29:55.861916+00:00
[2022-06-23 10:29:55,896] {processor.py:161} INFO - Processing /home/osboxes/.local/lib/python3.8/site-packages/airflow/example_dags/example_short_circuit_operator.py took 0.086 seconds
[2022-06-23 10:30:30,371] {processor.py:153} INFO - Started process (PID=28741) to work on /home/osboxes/.local/lib/python3.8/site-packages/airflow/example_dags/example_short_circuit_operator.py
[2022-06-23 10:30:30,373] {processor.py:641} INFO - Processing file /home/osboxes/.local/lib/python3.8/site-packages/airflow/example_dags/example_short_circuit_operator.py for tasks to queue
[2022-06-23 10:30:30,374] {logging_mixin.py:115} INFO - [2022-06-23 10:30:30,374] {dagbag.py:507} INFO - Filling up the DagBag from /home/osboxes/.local/lib/python3.8/site-packages/airflow/example_dags/example_short_circuit_operator.py
[2022-06-23 10:30:30,381] {processor.py:651} INFO - DAG(s) dict_keys(['example_short_circuit_operator']) retrieved from /home/osboxes/.local/lib/python3.8/site-packages/airflow/example_dags/example_short_circuit_operator.py
[2022-06-23 10:30:30,401] {logging_mixin.py:115} INFO - [2022-06-23 10:30:30,401] {dag.py:2371} INFO - Sync 1 DAGs
[2022-06-23 10:30:30,417] {logging_mixin.py:115} INFO - [2022-06-23 10:30:30,417] {dag.py:2915} INFO - Setting next_dagrun for example_short_circuit_operator to 2022-06-22T14:30:30.417030+00:00, run_after=2022-06-23T14:30:30.417030+00:00
[2022-06-23 10:30:30,456] {processor.py:161} INFO - Processing /home/osboxes/.local/lib/python3.8/site-packages/airflow/example_dags/example_short_circuit_operator.py took 0.086 seconds
[2022-06-23 10:31:04,344] {processor.py:153} INFO - Started process (PID=29016) to work on /home/osboxes/.local/lib/python3.8/site-packages/airflow/example_dags/example_short_circuit_operator.py
[2022-06-23 10:31:04,346] {processor.py:641} INFO - Processing file /home/osboxes/.local/lib/python3.8/site-packages/airflow/example_dags/example_short_circuit_operator.py for tasks to queue
[2022-06-23 10:31:04,346] {logging_mixin.py:115} INFO - [2022-06-23 10:31:04,346] {dagbag.py:507} INFO - Filling up the DagBag from /home/osboxes/.local/lib/python3.8/site-packages/airflow/example_dags/example_short_circuit_operator.py
[2022-06-23 10:31:04,352] {processor.py:651} INFO - DAG(s) dict_keys(['example_short_circuit_operator']) retrieved from /home/osboxes/.local/lib/python3.8/site-packages/airflow/example_dags/example_short_circuit_operator.py
[2022-06-23 10:31:04,370] {logging_mixin.py:115} INFO - [2022-06-23 10:31:04,370] {dag.py:2371} INFO - Sync 1 DAGs
[2022-06-23 10:31:04,385] {logging_mixin.py:115} INFO - [2022-06-23 10:31:04,385] {dag.py:2915} INFO - Setting next_dagrun for example_short_circuit_operator to 2022-06-22T14:31:04.385246+00:00, run_after=2022-06-23T14:31:04.385246+00:00
[2022-06-23 10:31:04,412] {processor.py:161} INFO - Processing /home/osboxes/.local/lib/python3.8/site-packages/airflow/example_dags/example_short_circuit_operator.py took 0.070 seconds
[2022-06-23 10:31:39,338] {processor.py:153} INFO - Started process (PID=29320) to work on /home/osboxes/.local/lib/python3.8/site-packages/airflow/example_dags/example_short_circuit_operator.py
[2022-06-23 10:31:39,388] {processor.py:641} INFO - Processing file /home/osboxes/.local/lib/python3.8/site-packages/airflow/example_dags/example_short_circuit_operator.py for tasks to queue
[2022-06-23 10:31:39,389] {logging_mixin.py:115} INFO - [2022-06-23 10:31:39,389] {dagbag.py:507} INFO - Filling up the DagBag from /home/osboxes/.local/lib/python3.8/site-packages/airflow/example_dags/example_short_circuit_operator.py
[2022-06-23 10:31:39,396] {processor.py:651} INFO - DAG(s) dict_keys(['example_short_circuit_operator']) retrieved from /home/osboxes/.local/lib/python3.8/site-packages/airflow/example_dags/example_short_circuit_operator.py
[2022-06-23 10:31:39,497] {logging_mixin.py:115} INFO - [2022-06-23 10:31:39,496] {dag.py:2371} INFO - Sync 1 DAGs
[2022-06-23 10:31:39,513] {logging_mixin.py:115} INFO - [2022-06-23 10:31:39,513] {dag.py:2915} INFO - Setting next_dagrun for example_short_circuit_operator to 2022-06-22T14:31:39.513492+00:00, run_after=2022-06-23T14:31:39.513492+00:00
[2022-06-23 10:31:39,573] {processor.py:161} INFO - Processing /home/osboxes/.local/lib/python3.8/site-packages/airflow/example_dags/example_short_circuit_operator.py took 0.237 seconds
[2022-06-23 10:32:15,204] {processor.py:153} INFO - Started process (PID=29746) to work on /home/osboxes/.local/lib/python3.8/site-packages/airflow/example_dags/example_short_circuit_operator.py
[2022-06-23 10:32:15,205] {processor.py:641} INFO - Processing file /home/osboxes/.local/lib/python3.8/site-packages/airflow/example_dags/example_short_circuit_operator.py for tasks to queue
[2022-06-23 10:32:15,206] {logging_mixin.py:115} INFO - [2022-06-23 10:32:15,205] {dagbag.py:507} INFO - Filling up the DagBag from /home/osboxes/.local/lib/python3.8/site-packages/airflow/example_dags/example_short_circuit_operator.py
[2022-06-23 10:32:15,212] {processor.py:651} INFO - DAG(s) dict_keys(['example_short_circuit_operator']) retrieved from /home/osboxes/.local/lib/python3.8/site-packages/airflow/example_dags/example_short_circuit_operator.py
[2022-06-23 10:32:15,230] {logging_mixin.py:115} INFO - [2022-06-23 10:32:15,230] {dag.py:2371} INFO - Sync 1 DAGs
[2022-06-23 10:32:15,245] {logging_mixin.py:115} INFO - [2022-06-23 10:32:15,245] {dag.py:2915} INFO - Setting next_dagrun for example_short_circuit_operator to 2022-06-22T14:32:15.244954+00:00, run_after=2022-06-23T14:32:15.244954+00:00
[2022-06-23 10:32:15,285] {processor.py:161} INFO - Processing /home/osboxes/.local/lib/python3.8/site-packages/airflow/example_dags/example_short_circuit_operator.py took 0.083 seconds
[2022-06-23 10:32:50,326] {processor.py:153} INFO - Started process (PID=30206) to work on /home/osboxes/.local/lib/python3.8/site-packages/airflow/example_dags/example_short_circuit_operator.py
[2022-06-23 10:32:50,346] {processor.py:641} INFO - Processing file /home/osboxes/.local/lib/python3.8/site-packages/airflow/example_dags/example_short_circuit_operator.py for tasks to queue
[2022-06-23 10:32:50,347] {logging_mixin.py:115} INFO - [2022-06-23 10:32:50,347] {dagbag.py:507} INFO - Filling up the DagBag from /home/osboxes/.local/lib/python3.8/site-packages/airflow/example_dags/example_short_circuit_operator.py
[2022-06-23 10:32:50,358] {processor.py:651} INFO - DAG(s) dict_keys(['example_short_circuit_operator']) retrieved from /home/osboxes/.local/lib/python3.8/site-packages/airflow/example_dags/example_short_circuit_operator.py
[2022-06-23 10:32:50,387] {logging_mixin.py:115} INFO - [2022-06-23 10:32:50,387] {dag.py:2371} INFO - Sync 1 DAGs
[2022-06-23 10:32:50,410] {logging_mixin.py:115} INFO - [2022-06-23 10:32:50,410] {dag.py:2915} INFO - Setting next_dagrun for example_short_circuit_operator to 2022-06-22T14:32:50.410592+00:00, run_after=2022-06-23T14:32:50.410592+00:00
[2022-06-23 10:32:50,438] {processor.py:161} INFO - Processing /home/osboxes/.local/lib/python3.8/site-packages/airflow/example_dags/example_short_circuit_operator.py took 0.114 seconds
[2022-06-23 10:33:31,110] {processor.py:153} INFO - Started process (PID=30635) to work on /home/osboxes/.local/lib/python3.8/site-packages/airflow/example_dags/example_short_circuit_operator.py
[2022-06-23 10:33:31,112] {processor.py:641} INFO - Processing file /home/osboxes/.local/lib/python3.8/site-packages/airflow/example_dags/example_short_circuit_operator.py for tasks to queue
[2022-06-23 10:33:31,112] {logging_mixin.py:115} INFO - [2022-06-23 10:33:31,112] {dagbag.py:507} INFO - Filling up the DagBag from /home/osboxes/.local/lib/python3.8/site-packages/airflow/example_dags/example_short_circuit_operator.py
[2022-06-23 10:33:31,122] {processor.py:651} INFO - DAG(s) dict_keys(['example_short_circuit_operator']) retrieved from /home/osboxes/.local/lib/python3.8/site-packages/airflow/example_dags/example_short_circuit_operator.py
[2022-06-23 10:33:31,139] {logging_mixin.py:115} INFO - [2022-06-23 10:33:31,139] {dag.py:2371} INFO - Sync 1 DAGs
[2022-06-23 10:33:31,156] {logging_mixin.py:115} INFO - [2022-06-23 10:33:31,155] {dag.py:2915} INFO - Setting next_dagrun for example_short_circuit_operator to 2022-06-22T14:33:31.155772+00:00, run_after=2022-06-23T14:33:31.155772+00:00
[2022-06-23 10:33:31,220] {processor.py:161} INFO - Processing /home/osboxes/.local/lib/python3.8/site-packages/airflow/example_dags/example_short_circuit_operator.py took 0.112 seconds
[2022-06-23 10:34:07,986] {processor.py:153} INFO - Started process (PID=31091) to work on /home/osboxes/.local/lib/python3.8/site-packages/airflow/example_dags/example_short_circuit_operator.py
[2022-06-23 10:34:08,016] {processor.py:641} INFO - Processing file /home/osboxes/.local/lib/python3.8/site-packages/airflow/example_dags/example_short_circuit_operator.py for tasks to queue
[2022-06-23 10:34:08,016] {logging_mixin.py:115} INFO - [2022-06-23 10:34:08,016] {dagbag.py:507} INFO - Filling up the DagBag from /home/osboxes/.local/lib/python3.8/site-packages/airflow/example_dags/example_short_circuit_operator.py
[2022-06-23 10:34:08,038] {processor.py:651} INFO - DAG(s) dict_keys(['example_short_circuit_operator']) retrieved from /home/osboxes/.local/lib/python3.8/site-packages/airflow/example_dags/example_short_circuit_operator.py
[2022-06-23 10:34:08,057] {logging_mixin.py:115} INFO - [2022-06-23 10:34:08,057] {dag.py:2371} INFO - Sync 1 DAGs
[2022-06-23 10:34:08,077] {logging_mixin.py:115} INFO - [2022-06-23 10:34:08,077] {dag.py:2915} INFO - Setting next_dagrun for example_short_circuit_operator to 2022-06-22T14:34:08.076929+00:00, run_after=2022-06-23T14:34:08.076929+00:00
[2022-06-23 10:34:08,227] {processor.py:161} INFO - Processing /home/osboxes/.local/lib/python3.8/site-packages/airflow/example_dags/example_short_circuit_operator.py took 0.242 seconds
[2022-06-23 10:34:44,713] {processor.py:153} INFO - Started process (PID=31464) to work on /home/osboxes/.local/lib/python3.8/site-packages/airflow/example_dags/example_short_circuit_operator.py
[2022-06-23 10:34:44,716] {processor.py:641} INFO - Processing file /home/osboxes/.local/lib/python3.8/site-packages/airflow/example_dags/example_short_circuit_operator.py for tasks to queue
[2022-06-23 10:34:44,717] {logging_mixin.py:115} INFO - [2022-06-23 10:34:44,717] {dagbag.py:507} INFO - Filling up the DagBag from /home/osboxes/.local/lib/python3.8/site-packages/airflow/example_dags/example_short_circuit_operator.py
[2022-06-23 10:34:44,726] {processor.py:651} INFO - DAG(s) dict_keys(['example_short_circuit_operator']) retrieved from /home/osboxes/.local/lib/python3.8/site-packages/airflow/example_dags/example_short_circuit_operator.py
[2022-06-23 10:34:44,744] {logging_mixin.py:115} INFO - [2022-06-23 10:34:44,744] {dag.py:2371} INFO - Sync 1 DAGs
[2022-06-23 10:34:44,760] {logging_mixin.py:115} INFO - [2022-06-23 10:34:44,760] {dag.py:2915} INFO - Setting next_dagrun for example_short_circuit_operator to 2022-06-22T14:34:44.760176+00:00, run_after=2022-06-23T14:34:44.760176+00:00
[2022-06-23 10:34:44,790] {processor.py:161} INFO - Processing /home/osboxes/.local/lib/python3.8/site-packages/airflow/example_dags/example_short_circuit_operator.py took 0.079 seconds
[2022-06-23 10:35:19,473] {processor.py:153} INFO - Started process (PID=31844) to work on /home/osboxes/.local/lib/python3.8/site-packages/airflow/example_dags/example_short_circuit_operator.py
[2022-06-23 10:35:19,493] {processor.py:641} INFO - Processing file /home/osboxes/.local/lib/python3.8/site-packages/airflow/example_dags/example_short_circuit_operator.py for tasks to queue
[2022-06-23 10:35:19,493] {logging_mixin.py:115} INFO - [2022-06-23 10:35:19,493] {dagbag.py:507} INFO - Filling up the DagBag from /home/osboxes/.local/lib/python3.8/site-packages/airflow/example_dags/example_short_circuit_operator.py
[2022-06-23 10:35:19,528] {processor.py:651} INFO - DAG(s) dict_keys(['example_short_circuit_operator']) retrieved from /home/osboxes/.local/lib/python3.8/site-packages/airflow/example_dags/example_short_circuit_operator.py
[2022-06-23 10:35:19,571] {logging_mixin.py:115} INFO - [2022-06-23 10:35:19,571] {dag.py:2371} INFO - Sync 1 DAGs
[2022-06-23 10:35:19,590] {logging_mixin.py:115} INFO - [2022-06-23 10:35:19,589] {dag.py:2915} INFO - Setting next_dagrun for example_short_circuit_operator to 2022-06-22T14:35:19.589793+00:00, run_after=2022-06-23T14:35:19.589793+00:00
[2022-06-23 10:35:19,857] {processor.py:161} INFO - Processing /home/osboxes/.local/lib/python3.8/site-packages/airflow/example_dags/example_short_circuit_operator.py took 0.403 seconds
[2022-06-23 10:36:05,620] {processor.py:153} INFO - Started process (PID=32336) to work on /home/osboxes/.local/lib/python3.8/site-packages/airflow/example_dags/example_short_circuit_operator.py
[2022-06-23 10:36:05,632] {processor.py:641} INFO - Processing file /home/osboxes/.local/lib/python3.8/site-packages/airflow/example_dags/example_short_circuit_operator.py for tasks to queue
[2022-06-23 10:36:05,633] {logging_mixin.py:115} INFO - [2022-06-23 10:36:05,633] {dagbag.py:507} INFO - Filling up the DagBag from /home/osboxes/.local/lib/python3.8/site-packages/airflow/example_dags/example_short_circuit_operator.py
[2022-06-23 10:36:05,643] {processor.py:651} INFO - DAG(s) dict_keys(['example_short_circuit_operator']) retrieved from /home/osboxes/.local/lib/python3.8/site-packages/airflow/example_dags/example_short_circuit_operator.py
[2022-06-23 10:36:05,660] {logging_mixin.py:115} INFO - [2022-06-23 10:36:05,660] {dag.py:2371} INFO - Sync 1 DAGs
[2022-06-23 10:36:05,680] {logging_mixin.py:115} INFO - [2022-06-23 10:36:05,680] {dag.py:2915} INFO - Setting next_dagrun for example_short_circuit_operator to 2022-06-22T14:36:05.680141+00:00, run_after=2022-06-23T14:36:05.680141+00:00
[2022-06-23 10:36:05,717] {processor.py:161} INFO - Processing /home/osboxes/.local/lib/python3.8/site-packages/airflow/example_dags/example_short_circuit_operator.py took 0.099 seconds
[2022-06-23 10:37:00,747] {processor.py:153} INFO - Started process (PID=32872) to work on /home/osboxes/.local/lib/python3.8/site-packages/airflow/example_dags/example_short_circuit_operator.py
[2022-06-23 10:37:00,882] {processor.py:641} INFO - Processing file /home/osboxes/.local/lib/python3.8/site-packages/airflow/example_dags/example_short_circuit_operator.py for tasks to queue
[2022-06-23 10:37:00,883] {logging_mixin.py:115} INFO - [2022-06-23 10:37:00,883] {dagbag.py:507} INFO - Filling up the DagBag from /home/osboxes/.local/lib/python3.8/site-packages/airflow/example_dags/example_short_circuit_operator.py
[2022-06-23 10:37:00,893] {processor.py:651} INFO - DAG(s) dict_keys(['example_short_circuit_operator']) retrieved from /home/osboxes/.local/lib/python3.8/site-packages/airflow/example_dags/example_short_circuit_operator.py
[2022-06-23 10:37:00,958] {logging_mixin.py:115} INFO - [2022-06-23 10:37:00,958] {dag.py:2371} INFO - Sync 1 DAGs
[2022-06-23 10:37:01,005] {logging_mixin.py:115} INFO - [2022-06-23 10:37:01,005] {dag.py:2915} INFO - Setting next_dagrun for example_short_circuit_operator to 2022-06-22T14:37:01.001449+00:00, run_after=2022-06-23T14:37:01.001449+00:00
[2022-06-23 10:37:01,210] {processor.py:161} INFO - Processing /home/osboxes/.local/lib/python3.8/site-packages/airflow/example_dags/example_short_circuit_operator.py took 0.466 seconds
[2022-06-23 10:37:49,312] {processor.py:153} INFO - Started process (PID=33336) to work on /home/osboxes/.local/lib/python3.8/site-packages/airflow/example_dags/example_short_circuit_operator.py
[2022-06-23 10:37:49,360] {processor.py:641} INFO - Processing file /home/osboxes/.local/lib/python3.8/site-packages/airflow/example_dags/example_short_circuit_operator.py for tasks to queue
[2022-06-23 10:37:49,360] {logging_mixin.py:115} INFO - [2022-06-23 10:37:49,360] {dagbag.py:507} INFO - Filling up the DagBag from /home/osboxes/.local/lib/python3.8/site-packages/airflow/example_dags/example_short_circuit_operator.py
[2022-06-23 10:37:49,379] {processor.py:651} INFO - DAG(s) dict_keys(['example_short_circuit_operator']) retrieved from /home/osboxes/.local/lib/python3.8/site-packages/airflow/example_dags/example_short_circuit_operator.py
[2022-06-23 10:37:49,467] {logging_mixin.py:115} INFO - [2022-06-23 10:37:49,467] {dag.py:2371} INFO - Sync 1 DAGs
[2022-06-23 10:37:49,500] {logging_mixin.py:115} INFO - [2022-06-23 10:37:49,500] {dag.py:2915} INFO - Setting next_dagrun for example_short_circuit_operator to 2022-06-22T14:37:49.500083+00:00, run_after=2022-06-23T14:37:49.500083+00:00
[2022-06-23 10:37:49,828] {processor.py:161} INFO - Processing /home/osboxes/.local/lib/python3.8/site-packages/airflow/example_dags/example_short_circuit_operator.py took 0.518 seconds
[2022-06-23 10:38:35,778] {processor.py:153} INFO - Started process (PID=33728) to work on /home/osboxes/.local/lib/python3.8/site-packages/airflow/example_dags/example_short_circuit_operator.py
[2022-06-23 10:38:35,790] {processor.py:641} INFO - Processing file /home/osboxes/.local/lib/python3.8/site-packages/airflow/example_dags/example_short_circuit_operator.py for tasks to queue
[2022-06-23 10:38:35,791] {logging_mixin.py:115} INFO - [2022-06-23 10:38:35,791] {dagbag.py:507} INFO - Filling up the DagBag from /home/osboxes/.local/lib/python3.8/site-packages/airflow/example_dags/example_short_circuit_operator.py
[2022-06-23 10:38:35,797] {processor.py:651} INFO - DAG(s) dict_keys(['example_short_circuit_operator']) retrieved from /home/osboxes/.local/lib/python3.8/site-packages/airflow/example_dags/example_short_circuit_operator.py
[2022-06-23 10:38:35,815] {logging_mixin.py:115} INFO - [2022-06-23 10:38:35,815] {dag.py:2371} INFO - Sync 1 DAGs
[2022-06-23 10:38:35,846] {logging_mixin.py:115} INFO - [2022-06-23 10:38:35,845] {dag.py:2915} INFO - Setting next_dagrun for example_short_circuit_operator to 2022-06-22T14:38:35.840169+00:00, run_after=2022-06-23T14:38:35.840169+00:00
[2022-06-23 10:38:35,898] {processor.py:161} INFO - Processing /home/osboxes/.local/lib/python3.8/site-packages/airflow/example_dags/example_short_circuit_operator.py took 0.121 seconds
[2022-06-23 10:39:24,307] {processor.py:153} INFO - Started process (PID=34147) to work on /home/osboxes/.local/lib/python3.8/site-packages/airflow/example_dags/example_short_circuit_operator.py
[2022-06-23 10:39:24,309] {processor.py:641} INFO - Processing file /home/osboxes/.local/lib/python3.8/site-packages/airflow/example_dags/example_short_circuit_operator.py for tasks to queue
[2022-06-23 10:39:24,310] {logging_mixin.py:115} INFO - [2022-06-23 10:39:24,310] {dagbag.py:507} INFO - Filling up the DagBag from /home/osboxes/.local/lib/python3.8/site-packages/airflow/example_dags/example_short_circuit_operator.py
[2022-06-23 10:39:24,316] {processor.py:651} INFO - DAG(s) dict_keys(['example_short_circuit_operator']) retrieved from /home/osboxes/.local/lib/python3.8/site-packages/airflow/example_dags/example_short_circuit_operator.py
[2022-06-23 10:39:24,335] {logging_mixin.py:115} INFO - [2022-06-23 10:39:24,335] {dag.py:2371} INFO - Sync 1 DAGs
[2022-06-23 10:39:24,351] {logging_mixin.py:115} INFO - [2022-06-23 10:39:24,351] {dag.py:2915} INFO - Setting next_dagrun for example_short_circuit_operator to 2022-06-22T14:39:24.350861+00:00, run_after=2022-06-23T14:39:24.350861+00:00
[2022-06-23 10:39:24,403] {processor.py:161} INFO - Processing /home/osboxes/.local/lib/python3.8/site-packages/airflow/example_dags/example_short_circuit_operator.py took 0.098 seconds
[2022-06-23 10:40:01,609] {processor.py:153} INFO - Started process (PID=34546) to work on /home/osboxes/.local/lib/python3.8/site-packages/airflow/example_dags/example_short_circuit_operator.py
[2022-06-23 10:40:01,612] {processor.py:641} INFO - Processing file /home/osboxes/.local/lib/python3.8/site-packages/airflow/example_dags/example_short_circuit_operator.py for tasks to queue
[2022-06-23 10:40:01,612] {logging_mixin.py:115} INFO - [2022-06-23 10:40:01,612] {dagbag.py:507} INFO - Filling up the DagBag from /home/osboxes/.local/lib/python3.8/site-packages/airflow/example_dags/example_short_circuit_operator.py
[2022-06-23 10:40:01,618] {processor.py:651} INFO - DAG(s) dict_keys(['example_short_circuit_operator']) retrieved from /home/osboxes/.local/lib/python3.8/site-packages/airflow/example_dags/example_short_circuit_operator.py
[2022-06-23 10:40:01,635] {logging_mixin.py:115} INFO - [2022-06-23 10:40:01,635] {dag.py:2371} INFO - Sync 1 DAGs
[2022-06-23 10:40:01,652] {logging_mixin.py:115} INFO - [2022-06-23 10:40:01,651] {dag.py:2915} INFO - Setting next_dagrun for example_short_circuit_operator to 2022-06-22T14:40:01.651753+00:00, run_after=2022-06-23T14:40:01.651753+00:00
[2022-06-23 10:40:01,683] {processor.py:161} INFO - Processing /home/osboxes/.local/lib/python3.8/site-packages/airflow/example_dags/example_short_circuit_operator.py took 0.076 seconds
[2022-06-23 10:40:36,971] {processor.py:153} INFO - Started process (PID=34867) to work on /home/osboxes/.local/lib/python3.8/site-packages/airflow/example_dags/example_short_circuit_operator.py
[2022-06-23 10:40:36,977] {processor.py:641} INFO - Processing file /home/osboxes/.local/lib/python3.8/site-packages/airflow/example_dags/example_short_circuit_operator.py for tasks to queue
[2022-06-23 10:40:36,977] {logging_mixin.py:115} INFO - [2022-06-23 10:40:36,977] {dagbag.py:507} INFO - Filling up the DagBag from /home/osboxes/.local/lib/python3.8/site-packages/airflow/example_dags/example_short_circuit_operator.py
[2022-06-23 10:40:36,987] {processor.py:651} INFO - DAG(s) dict_keys(['example_short_circuit_operator']) retrieved from /home/osboxes/.local/lib/python3.8/site-packages/airflow/example_dags/example_short_circuit_operator.py
[2022-06-23 10:40:37,004] {logging_mixin.py:115} INFO - [2022-06-23 10:40:37,004] {dag.py:2371} INFO - Sync 1 DAGs
[2022-06-23 10:40:37,022] {logging_mixin.py:115} INFO - [2022-06-23 10:40:37,022] {dag.py:2915} INFO - Setting next_dagrun for example_short_circuit_operator to 2022-06-22T14:40:37.022162+00:00, run_after=2022-06-23T14:40:37.022162+00:00
[2022-06-23 10:40:37,072] {processor.py:161} INFO - Processing /home/osboxes/.local/lib/python3.8/site-packages/airflow/example_dags/example_short_circuit_operator.py took 0.103 seconds
[2022-06-23 10:41:23,768] {processor.py:153} INFO - Started process (PID=35405) to work on /home/osboxes/.local/lib/python3.8/site-packages/airflow/example_dags/example_short_circuit_operator.py
[2022-06-23 10:41:23,843] {processor.py:641} INFO - Processing file /home/osboxes/.local/lib/python3.8/site-packages/airflow/example_dags/example_short_circuit_operator.py for tasks to queue
[2022-06-23 10:41:23,843] {logging_mixin.py:115} INFO - [2022-06-23 10:41:23,843] {dagbag.py:507} INFO - Filling up the DagBag from /home/osboxes/.local/lib/python3.8/site-packages/airflow/example_dags/example_short_circuit_operator.py
[2022-06-23 10:41:23,884] {processor.py:651} INFO - DAG(s) dict_keys(['example_short_circuit_operator']) retrieved from /home/osboxes/.local/lib/python3.8/site-packages/airflow/example_dags/example_short_circuit_operator.py
[2022-06-23 10:41:23,929] {logging_mixin.py:115} INFO - [2022-06-23 10:41:23,929] {dag.py:2371} INFO - Sync 1 DAGs
[2022-06-23 10:41:24,006] {logging_mixin.py:115} INFO - [2022-06-23 10:41:24,005] {dag.py:2915} INFO - Setting next_dagrun for example_short_circuit_operator to 2022-06-22T14:41:24.005731+00:00, run_after=2022-06-23T14:41:24.005731+00:00
[2022-06-23 10:41:24,087] {processor.py:161} INFO - Processing /home/osboxes/.local/lib/python3.8/site-packages/airflow/example_dags/example_short_circuit_operator.py took 0.322 seconds
[2022-06-23 10:42:00,948] {processor.py:153} INFO - Started process (PID=35760) to work on /home/osboxes/.local/lib/python3.8/site-packages/airflow/example_dags/example_short_circuit_operator.py
[2022-06-23 10:42:00,951] {processor.py:641} INFO - Processing file /home/osboxes/.local/lib/python3.8/site-packages/airflow/example_dags/example_short_circuit_operator.py for tasks to queue
[2022-06-23 10:42:00,952] {logging_mixin.py:115} INFO - [2022-06-23 10:42:00,952] {dagbag.py:507} INFO - Filling up the DagBag from /home/osboxes/.local/lib/python3.8/site-packages/airflow/example_dags/example_short_circuit_operator.py
[2022-06-23 10:42:00,960] {processor.py:651} INFO - DAG(s) dict_keys(['example_short_circuit_operator']) retrieved from /home/osboxes/.local/lib/python3.8/site-packages/airflow/example_dags/example_short_circuit_operator.py
[2022-06-23 10:42:01,018] {logging_mixin.py:115} INFO - [2022-06-23 10:42:01,018] {dag.py:2371} INFO - Sync 1 DAGs
[2022-06-23 10:42:01,108] {logging_mixin.py:115} INFO - [2022-06-23 10:42:01,108] {dag.py:2915} INFO - Setting next_dagrun for example_short_circuit_operator to 2022-06-22T14:42:01.108065+00:00, run_after=2022-06-23T14:42:01.108065+00:00
[2022-06-23 10:42:01,711] {processor.py:161} INFO - Processing /home/osboxes/.local/lib/python3.8/site-packages/airflow/example_dags/example_short_circuit_operator.py took 0.772 seconds
[2022-06-23 10:42:38,097] {processor.py:153} INFO - Started process (PID=36163) to work on /home/osboxes/.local/lib/python3.8/site-packages/airflow/example_dags/example_short_circuit_operator.py
[2022-06-23 10:42:38,102] {processor.py:641} INFO - Processing file /home/osboxes/.local/lib/python3.8/site-packages/airflow/example_dags/example_short_circuit_operator.py for tasks to queue
[2022-06-23 10:42:38,102] {logging_mixin.py:115} INFO - [2022-06-23 10:42:38,102] {dagbag.py:507} INFO - Filling up the DagBag from /home/osboxes/.local/lib/python3.8/site-packages/airflow/example_dags/example_short_circuit_operator.py
[2022-06-23 10:42:38,109] {processor.py:651} INFO - DAG(s) dict_keys(['example_short_circuit_operator']) retrieved from /home/osboxes/.local/lib/python3.8/site-packages/airflow/example_dags/example_short_circuit_operator.py
[2022-06-23 10:42:38,137] {logging_mixin.py:115} INFO - [2022-06-23 10:42:38,137] {dag.py:2371} INFO - Sync 1 DAGs
[2022-06-23 10:42:38,160] {logging_mixin.py:115} INFO - [2022-06-23 10:42:38,160] {dag.py:2915} INFO - Setting next_dagrun for example_short_circuit_operator to 2022-06-22T14:42:38.159982+00:00, run_after=2022-06-23T14:42:38.159982+00:00
[2022-06-23 10:42:38,204] {processor.py:161} INFO - Processing /home/osboxes/.local/lib/python3.8/site-packages/airflow/example_dags/example_short_circuit_operator.py took 0.110 seconds
[2022-06-23 10:43:12,964] {processor.py:153} INFO - Started process (PID=36548) to work on /home/osboxes/.local/lib/python3.8/site-packages/airflow/example_dags/example_short_circuit_operator.py
[2022-06-23 10:43:13,039] {processor.py:641} INFO - Processing file /home/osboxes/.local/lib/python3.8/site-packages/airflow/example_dags/example_short_circuit_operator.py for tasks to queue
[2022-06-23 10:43:13,039] {logging_mixin.py:115} INFO - [2022-06-23 10:43:13,039] {dagbag.py:507} INFO - Filling up the DagBag from /home/osboxes/.local/lib/python3.8/site-packages/airflow/example_dags/example_short_circuit_operator.py
[2022-06-23 10:43:13,062] {processor.py:651} INFO - DAG(s) dict_keys(['example_short_circuit_operator']) retrieved from /home/osboxes/.local/lib/python3.8/site-packages/airflow/example_dags/example_short_circuit_operator.py
[2022-06-23 10:43:13,149] {logging_mixin.py:115} INFO - [2022-06-23 10:43:13,149] {dag.py:2371} INFO - Sync 1 DAGs
[2022-06-23 10:43:13,172] {logging_mixin.py:115} INFO - [2022-06-23 10:43:13,172] {dag.py:2915} INFO - Setting next_dagrun for example_short_circuit_operator to 2022-06-22T14:43:13.172190+00:00, run_after=2022-06-23T14:43:13.172190+00:00
[2022-06-23 10:43:13,404] {processor.py:161} INFO - Processing /home/osboxes/.local/lib/python3.8/site-packages/airflow/example_dags/example_short_circuit_operator.py took 0.443 seconds
[2022-06-23 10:43:52,186] {processor.py:153} INFO - Started process (PID=37088) to work on /home/osboxes/.local/lib/python3.8/site-packages/airflow/example_dags/example_short_circuit_operator.py
[2022-06-23 10:43:52,217] {processor.py:641} INFO - Processing file /home/osboxes/.local/lib/python3.8/site-packages/airflow/example_dags/example_short_circuit_operator.py for tasks to queue
[2022-06-23 10:43:52,227] {logging_mixin.py:115} INFO - [2022-06-23 10:43:52,226] {dagbag.py:507} INFO - Filling up the DagBag from /home/osboxes/.local/lib/python3.8/site-packages/airflow/example_dags/example_short_circuit_operator.py
[2022-06-23 10:43:52,261] {processor.py:651} INFO - DAG(s) dict_keys(['example_short_circuit_operator']) retrieved from /home/osboxes/.local/lib/python3.8/site-packages/airflow/example_dags/example_short_circuit_operator.py
[2022-06-23 10:43:52,360] {logging_mixin.py:115} INFO - [2022-06-23 10:43:52,360] {dag.py:2371} INFO - Sync 1 DAGs
[2022-06-23 10:43:52,412] {logging_mixin.py:115} INFO - [2022-06-23 10:43:52,411] {dag.py:2915} INFO - Setting next_dagrun for example_short_circuit_operator to 2022-06-22T14:43:52.411244+00:00, run_after=2022-06-23T14:43:52.411244+00:00
[2022-06-23 10:43:52,910] {processor.py:161} INFO - Processing /home/osboxes/.local/lib/python3.8/site-packages/airflow/example_dags/example_short_circuit_operator.py took 0.851 seconds
[2022-06-23 10:44:32,954] {processor.py:153} INFO - Started process (PID=37534) to work on /home/osboxes/.local/lib/python3.8/site-packages/airflow/example_dags/example_short_circuit_operator.py
[2022-06-23 10:44:32,956] {processor.py:641} INFO - Processing file /home/osboxes/.local/lib/python3.8/site-packages/airflow/example_dags/example_short_circuit_operator.py for tasks to queue
[2022-06-23 10:44:32,957] {logging_mixin.py:115} INFO - [2022-06-23 10:44:32,957] {dagbag.py:507} INFO - Filling up the DagBag from /home/osboxes/.local/lib/python3.8/site-packages/airflow/example_dags/example_short_circuit_operator.py
[2022-06-23 10:44:32,967] {processor.py:651} INFO - DAG(s) dict_keys(['example_short_circuit_operator']) retrieved from /home/osboxes/.local/lib/python3.8/site-packages/airflow/example_dags/example_short_circuit_operator.py
[2022-06-23 10:44:32,985] {logging_mixin.py:115} INFO - [2022-06-23 10:44:32,985] {dag.py:2371} INFO - Sync 1 DAGs
[2022-06-23 10:44:33,005] {logging_mixin.py:115} INFO - [2022-06-23 10:44:33,002] {dag.py:2915} INFO - Setting next_dagrun for example_short_circuit_operator to 2022-06-22T14:44:33.002746+00:00, run_after=2022-06-23T14:44:33.002746+00:00
[2022-06-23 10:44:33,037] {processor.py:161} INFO - Processing /home/osboxes/.local/lib/python3.8/site-packages/airflow/example_dags/example_short_circuit_operator.py took 0.085 seconds
[2022-06-23 10:45:12,809] {processor.py:153} INFO - Started process (PID=38020) to work on /home/osboxes/.local/lib/python3.8/site-packages/airflow/example_dags/example_short_circuit_operator.py
[2022-06-23 10:45:12,813] {processor.py:641} INFO - Processing file /home/osboxes/.local/lib/python3.8/site-packages/airflow/example_dags/example_short_circuit_operator.py for tasks to queue
[2022-06-23 10:45:12,813] {logging_mixin.py:115} INFO - [2022-06-23 10:45:12,813] {dagbag.py:507} INFO - Filling up the DagBag from /home/osboxes/.local/lib/python3.8/site-packages/airflow/example_dags/example_short_circuit_operator.py
[2022-06-23 10:45:12,821] {processor.py:651} INFO - DAG(s) dict_keys(['example_short_circuit_operator']) retrieved from /home/osboxes/.local/lib/python3.8/site-packages/airflow/example_dags/example_short_circuit_operator.py
[2022-06-23 10:45:12,838] {logging_mixin.py:115} INFO - [2022-06-23 10:45:12,838] {dag.py:2371} INFO - Sync 1 DAGs
[2022-06-23 10:45:12,856] {logging_mixin.py:115} INFO - [2022-06-23 10:45:12,856] {dag.py:2915} INFO - Setting next_dagrun for example_short_circuit_operator to 2022-06-22T14:45:12.855852+00:00, run_after=2022-06-23T14:45:12.855852+00:00
[2022-06-23 10:45:12,926] {processor.py:161} INFO - Processing /home/osboxes/.local/lib/python3.8/site-packages/airflow/example_dags/example_short_circuit_operator.py took 0.119 seconds
[2022-06-23 10:45:59,274] {processor.py:153} INFO - Started process (PID=38480) to work on /home/osboxes/.local/lib/python3.8/site-packages/airflow/example_dags/example_short_circuit_operator.py
[2022-06-23 10:45:59,284] {processor.py:641} INFO - Processing file /home/osboxes/.local/lib/python3.8/site-packages/airflow/example_dags/example_short_circuit_operator.py for tasks to queue
[2022-06-23 10:45:59,284] {logging_mixin.py:115} INFO - [2022-06-23 10:45:59,284] {dagbag.py:507} INFO - Filling up the DagBag from /home/osboxes/.local/lib/python3.8/site-packages/airflow/example_dags/example_short_circuit_operator.py
[2022-06-23 10:45:59,291] {processor.py:651} INFO - DAG(s) dict_keys(['example_short_circuit_operator']) retrieved from /home/osboxes/.local/lib/python3.8/site-packages/airflow/example_dags/example_short_circuit_operator.py
[2022-06-23 10:45:59,317] {logging_mixin.py:115} INFO - [2022-06-23 10:45:59,317] {dag.py:2371} INFO - Sync 1 DAGs
[2022-06-23 10:45:59,339] {logging_mixin.py:115} INFO - [2022-06-23 10:45:59,339] {dag.py:2915} INFO - Setting next_dagrun for example_short_circuit_operator to 2022-06-22T14:45:59.338888+00:00, run_after=2022-06-23T14:45:59.338888+00:00
[2022-06-23 10:45:59,468] {processor.py:161} INFO - Processing /home/osboxes/.local/lib/python3.8/site-packages/airflow/example_dags/example_short_circuit_operator.py took 0.196 seconds
[2022-06-23 10:46:47,659] {processor.py:153} INFO - Started process (PID=39017) to work on /home/osboxes/.local/lib/python3.8/site-packages/airflow/example_dags/example_short_circuit_operator.py
[2022-06-23 10:46:47,667] {processor.py:641} INFO - Processing file /home/osboxes/.local/lib/python3.8/site-packages/airflow/example_dags/example_short_circuit_operator.py for tasks to queue
[2022-06-23 10:46:47,668] {logging_mixin.py:115} INFO - [2022-06-23 10:46:47,668] {dagbag.py:507} INFO - Filling up the DagBag from /home/osboxes/.local/lib/python3.8/site-packages/airflow/example_dags/example_short_circuit_operator.py
[2022-06-23 10:46:47,674] {processor.py:651} INFO - DAG(s) dict_keys(['example_short_circuit_operator']) retrieved from /home/osboxes/.local/lib/python3.8/site-packages/airflow/example_dags/example_short_circuit_operator.py
[2022-06-23 10:46:47,691] {logging_mixin.py:115} INFO - [2022-06-23 10:46:47,691] {dag.py:2371} INFO - Sync 1 DAGs
[2022-06-23 10:46:47,709] {logging_mixin.py:115} INFO - [2022-06-23 10:46:47,709] {dag.py:2915} INFO - Setting next_dagrun for example_short_circuit_operator to 2022-06-22T14:46:47.708825+00:00, run_after=2022-06-23T14:46:47.708825+00:00
[2022-06-23 10:46:47,738] {processor.py:161} INFO - Processing /home/osboxes/.local/lib/python3.8/site-packages/airflow/example_dags/example_short_circuit_operator.py took 0.082 seconds
[2022-06-23 10:47:28,447] {processor.py:153} INFO - Started process (PID=39420) to work on /home/osboxes/.local/lib/python3.8/site-packages/airflow/example_dags/example_short_circuit_operator.py
[2022-06-23 10:47:28,451] {processor.py:641} INFO - Processing file /home/osboxes/.local/lib/python3.8/site-packages/airflow/example_dags/example_short_circuit_operator.py for tasks to queue
[2022-06-23 10:47:28,452] {logging_mixin.py:115} INFO - [2022-06-23 10:47:28,452] {dagbag.py:507} INFO - Filling up the DagBag from /home/osboxes/.local/lib/python3.8/site-packages/airflow/example_dags/example_short_circuit_operator.py
[2022-06-23 10:47:28,458] {processor.py:651} INFO - DAG(s) dict_keys(['example_short_circuit_operator']) retrieved from /home/osboxes/.local/lib/python3.8/site-packages/airflow/example_dags/example_short_circuit_operator.py
[2022-06-23 10:47:28,477] {logging_mixin.py:115} INFO - [2022-06-23 10:47:28,477] {dag.py:2371} INFO - Sync 1 DAGs
[2022-06-23 10:47:28,493] {logging_mixin.py:115} INFO - [2022-06-23 10:47:28,493] {dag.py:2915} INFO - Setting next_dagrun for example_short_circuit_operator to 2022-06-22T14:47:28.493360+00:00, run_after=2022-06-23T14:47:28.493360+00:00
[2022-06-23 10:47:28,529] {processor.py:161} INFO - Processing /home/osboxes/.local/lib/python3.8/site-packages/airflow/example_dags/example_short_circuit_operator.py took 0.083 seconds
[2022-06-23 10:48:10,322] {processor.py:153} INFO - Started process (PID=39831) to work on /home/osboxes/.local/lib/python3.8/site-packages/airflow/example_dags/example_short_circuit_operator.py
[2022-06-23 10:48:10,372] {processor.py:641} INFO - Processing file /home/osboxes/.local/lib/python3.8/site-packages/airflow/example_dags/example_short_circuit_operator.py for tasks to queue
[2022-06-23 10:48:10,388] {logging_mixin.py:115} INFO - [2022-06-23 10:48:10,388] {dagbag.py:507} INFO - Filling up the DagBag from /home/osboxes/.local/lib/python3.8/site-packages/airflow/example_dags/example_short_circuit_operator.py
[2022-06-23 10:48:10,399] {processor.py:651} INFO - DAG(s) dict_keys(['example_short_circuit_operator']) retrieved from /home/osboxes/.local/lib/python3.8/site-packages/airflow/example_dags/example_short_circuit_operator.py
[2022-06-23 10:48:10,461] {logging_mixin.py:115} INFO - [2022-06-23 10:48:10,461] {dag.py:2371} INFO - Sync 1 DAGs
[2022-06-23 10:48:10,483] {logging_mixin.py:115} INFO - [2022-06-23 10:48:10,483] {dag.py:2915} INFO - Setting next_dagrun for example_short_circuit_operator to 2022-06-22T14:48:10.483325+00:00, run_after=2022-06-23T14:48:10.483325+00:00
[2022-06-23 10:48:10,576] {processor.py:161} INFO - Processing /home/osboxes/.local/lib/python3.8/site-packages/airflow/example_dags/example_short_circuit_operator.py took 0.257 seconds
[2022-06-23 10:49:19,291] {processor.py:153} INFO - Started process (PID=40352) to work on /home/osboxes/.local/lib/python3.8/site-packages/airflow/example_dags/example_short_circuit_operator.py
[2022-06-23 10:49:19,308] {processor.py:641} INFO - Processing file /home/osboxes/.local/lib/python3.8/site-packages/airflow/example_dags/example_short_circuit_operator.py for tasks to queue
[2022-06-23 10:49:19,308] {logging_mixin.py:115} INFO - [2022-06-23 10:49:19,308] {dagbag.py:507} INFO - Filling up the DagBag from /home/osboxes/.local/lib/python3.8/site-packages/airflow/example_dags/example_short_circuit_operator.py
[2022-06-23 10:49:19,316] {processor.py:651} INFO - DAG(s) dict_keys(['example_short_circuit_operator']) retrieved from /home/osboxes/.local/lib/python3.8/site-packages/airflow/example_dags/example_short_circuit_operator.py
[2022-06-23 10:49:19,333] {logging_mixin.py:115} INFO - [2022-06-23 10:49:19,333] {dag.py:2371} INFO - Sync 1 DAGs
[2022-06-23 10:49:19,361] {logging_mixin.py:115} INFO - [2022-06-23 10:49:19,360] {dag.py:2915} INFO - Setting next_dagrun for example_short_circuit_operator to 2022-06-22T14:49:19.360679+00:00, run_after=2022-06-23T14:49:19.360679+00:00
[2022-06-23 10:49:19,404] {processor.py:161} INFO - Processing /home/osboxes/.local/lib/python3.8/site-packages/airflow/example_dags/example_short_circuit_operator.py took 0.116 seconds
[2022-06-23 10:50:21,663] {processor.py:153} INFO - Started process (PID=40931) to work on /home/osboxes/.local/lib/python3.8/site-packages/airflow/example_dags/example_short_circuit_operator.py
[2022-06-23 10:50:21,857] {processor.py:641} INFO - Processing file /home/osboxes/.local/lib/python3.8/site-packages/airflow/example_dags/example_short_circuit_operator.py for tasks to queue
[2022-06-23 10:50:21,858] {logging_mixin.py:115} INFO - [2022-06-23 10:50:21,858] {dagbag.py:507} INFO - Filling up the DagBag from /home/osboxes/.local/lib/python3.8/site-packages/airflow/example_dags/example_short_circuit_operator.py
[2022-06-23 10:50:21,875] {processor.py:651} INFO - DAG(s) dict_keys(['example_short_circuit_operator']) retrieved from /home/osboxes/.local/lib/python3.8/site-packages/airflow/example_dags/example_short_circuit_operator.py
[2022-06-23 10:50:21,909] {logging_mixin.py:115} INFO - [2022-06-23 10:50:21,909] {dag.py:2371} INFO - Sync 1 DAGs
[2022-06-23 10:50:21,941] {logging_mixin.py:115} INFO - [2022-06-23 10:50:21,941] {dag.py:2915} INFO - Setting next_dagrun for example_short_circuit_operator to 2022-06-22T14:50:21.941160+00:00, run_after=2022-06-23T14:50:21.941160+00:00
[2022-06-23 10:50:22,378] {processor.py:161} INFO - Processing /home/osboxes/.local/lib/python3.8/site-packages/airflow/example_dags/example_short_circuit_operator.py took 0.717 seconds
[2022-06-23 10:51:02,967] {processor.py:153} INFO - Started process (PID=41358) to work on /home/osboxes/.local/lib/python3.8/site-packages/airflow/example_dags/example_short_circuit_operator.py
[2022-06-23 10:51:03,022] {processor.py:641} INFO - Processing file /home/osboxes/.local/lib/python3.8/site-packages/airflow/example_dags/example_short_circuit_operator.py for tasks to queue
[2022-06-23 10:51:03,023] {logging_mixin.py:115} INFO - [2022-06-23 10:51:03,023] {dagbag.py:507} INFO - Filling up the DagBag from /home/osboxes/.local/lib/python3.8/site-packages/airflow/example_dags/example_short_circuit_operator.py
[2022-06-23 10:51:03,038] {processor.py:651} INFO - DAG(s) dict_keys(['example_short_circuit_operator']) retrieved from /home/osboxes/.local/lib/python3.8/site-packages/airflow/example_dags/example_short_circuit_operator.py
[2022-06-23 10:51:03,056] {logging_mixin.py:115} INFO - [2022-06-23 10:51:03,056] {dag.py:2371} INFO - Sync 1 DAGs
[2022-06-23 10:51:03,075] {logging_mixin.py:115} INFO - [2022-06-23 10:51:03,075] {dag.py:2915} INFO - Setting next_dagrun for example_short_circuit_operator to 2022-06-22T14:51:03.075387+00:00, run_after=2022-06-23T14:51:03.075387+00:00
[2022-06-23 10:51:03,128] {processor.py:161} INFO - Processing /home/osboxes/.local/lib/python3.8/site-packages/airflow/example_dags/example_short_circuit_operator.py took 0.184 seconds
[2022-06-23 10:51:44,261] {processor.py:153} INFO - Started process (PID=41792) to work on /home/osboxes/.local/lib/python3.8/site-packages/airflow/example_dags/example_short_circuit_operator.py
[2022-06-23 10:51:44,329] {processor.py:641} INFO - Processing file /home/osboxes/.local/lib/python3.8/site-packages/airflow/example_dags/example_short_circuit_operator.py for tasks to queue
[2022-06-23 10:51:44,329] {logging_mixin.py:115} INFO - [2022-06-23 10:51:44,329] {dagbag.py:507} INFO - Filling up the DagBag from /home/osboxes/.local/lib/python3.8/site-packages/airflow/example_dags/example_short_circuit_operator.py
[2022-06-23 10:51:44,336] {processor.py:651} INFO - DAG(s) dict_keys(['example_short_circuit_operator']) retrieved from /home/osboxes/.local/lib/python3.8/site-packages/airflow/example_dags/example_short_circuit_operator.py
[2022-06-23 10:51:44,355] {logging_mixin.py:115} INFO - [2022-06-23 10:51:44,355] {dag.py:2371} INFO - Sync 1 DAGs
[2022-06-23 10:51:44,370] {logging_mixin.py:115} INFO - [2022-06-23 10:51:44,369] {dag.py:2915} INFO - Setting next_dagrun for example_short_circuit_operator to 2022-06-22T14:51:44.369709+00:00, run_after=2022-06-23T14:51:44.369709+00:00
[2022-06-23 10:51:44,664] {processor.py:161} INFO - Processing /home/osboxes/.local/lib/python3.8/site-packages/airflow/example_dags/example_short_circuit_operator.py took 0.405 seconds
[2022-06-23 10:52:27,189] {processor.py:153} INFO - Started process (PID=42132) to work on /home/osboxes/.local/lib/python3.8/site-packages/airflow/example_dags/example_short_circuit_operator.py
[2022-06-23 10:52:27,204] {processor.py:641} INFO - Processing file /home/osboxes/.local/lib/python3.8/site-packages/airflow/example_dags/example_short_circuit_operator.py for tasks to queue
[2022-06-23 10:52:27,205] {logging_mixin.py:115} INFO - [2022-06-23 10:52:27,205] {dagbag.py:507} INFO - Filling up the DagBag from /home/osboxes/.local/lib/python3.8/site-packages/airflow/example_dags/example_short_circuit_operator.py
[2022-06-23 10:52:27,215] {processor.py:651} INFO - DAG(s) dict_keys(['example_short_circuit_operator']) retrieved from /home/osboxes/.local/lib/python3.8/site-packages/airflow/example_dags/example_short_circuit_operator.py
[2022-06-23 10:52:27,234] {logging_mixin.py:115} INFO - [2022-06-23 10:52:27,234] {dag.py:2371} INFO - Sync 1 DAGs
[2022-06-23 10:52:27,252] {logging_mixin.py:115} INFO - [2022-06-23 10:52:27,251] {dag.py:2915} INFO - Setting next_dagrun for example_short_circuit_operator to 2022-06-22T14:52:27.251787+00:00, run_after=2022-06-23T14:52:27.251787+00:00
[2022-06-23 10:52:27,295] {processor.py:161} INFO - Processing /home/osboxes/.local/lib/python3.8/site-packages/airflow/example_dags/example_short_circuit_operator.py took 0.108 seconds
[2022-06-23 10:53:22,465] {processor.py:153} INFO - Started process (PID=42598) to work on /home/osboxes/.local/lib/python3.8/site-packages/airflow/example_dags/example_short_circuit_operator.py
[2022-06-23 10:53:22,491] {processor.py:641} INFO - Processing file /home/osboxes/.local/lib/python3.8/site-packages/airflow/example_dags/example_short_circuit_operator.py for tasks to queue
[2022-06-23 10:53:22,491] {logging_mixin.py:115} INFO - [2022-06-23 10:53:22,491] {dagbag.py:507} INFO - Filling up the DagBag from /home/osboxes/.local/lib/python3.8/site-packages/airflow/example_dags/example_short_circuit_operator.py
[2022-06-23 10:53:22,691] {processor.py:651} INFO - DAG(s) dict_keys(['example_short_circuit_operator']) retrieved from /home/osboxes/.local/lib/python3.8/site-packages/airflow/example_dags/example_short_circuit_operator.py
[2022-06-23 10:53:22,848] {logging_mixin.py:115} INFO - [2022-06-23 10:53:22,847] {dag.py:2371} INFO - Sync 1 DAGs
[2022-06-23 10:53:22,935] {logging_mixin.py:115} INFO - [2022-06-23 10:53:22,934] {dag.py:2915} INFO - Setting next_dagrun for example_short_circuit_operator to 2022-06-22T14:53:22.934731+00:00, run_after=2022-06-23T14:53:22.934731+00:00
[2022-06-23 10:53:23,138] {processor.py:161} INFO - Processing /home/osboxes/.local/lib/python3.8/site-packages/airflow/example_dags/example_short_circuit_operator.py took 0.706 seconds
[2022-06-23 10:54:39,552] {processor.py:153} INFO - Started process (PID=43160) to work on /home/osboxes/.local/lib/python3.8/site-packages/airflow/example_dags/example_short_circuit_operator.py
[2022-06-23 10:54:39,686] {processor.py:641} INFO - Processing file /home/osboxes/.local/lib/python3.8/site-packages/airflow/example_dags/example_short_circuit_operator.py for tasks to queue
[2022-06-23 10:54:39,686] {logging_mixin.py:115} INFO - [2022-06-23 10:54:39,686] {dagbag.py:507} INFO - Filling up the DagBag from /home/osboxes/.local/lib/python3.8/site-packages/airflow/example_dags/example_short_circuit_operator.py
[2022-06-23 10:54:39,749] {processor.py:651} INFO - DAG(s) dict_keys(['example_short_circuit_operator']) retrieved from /home/osboxes/.local/lib/python3.8/site-packages/airflow/example_dags/example_short_circuit_operator.py
[2022-06-23 10:54:39,923] {logging_mixin.py:115} INFO - [2022-06-23 10:54:39,923] {dag.py:2371} INFO - Sync 1 DAGs
[2022-06-23 10:54:40,172] {logging_mixin.py:115} INFO - [2022-06-23 10:54:40,172] {dag.py:2915} INFO - Setting next_dagrun for example_short_circuit_operator to 2022-06-22T14:54:40.171934+00:00, run_after=2022-06-23T14:54:40.171934+00:00
[2022-06-23 10:54:40,597] {processor.py:161} INFO - Processing /home/osboxes/.local/lib/python3.8/site-packages/airflow/example_dags/example_short_circuit_operator.py took 1.047 seconds
[2022-06-23 10:55:51,480] {processor.py:153} INFO - Started process (PID=43793) to work on /home/osboxes/.local/lib/python3.8/site-packages/airflow/example_dags/example_short_circuit_operator.py
[2022-06-23 10:55:51,491] {processor.py:641} INFO - Processing file /home/osboxes/.local/lib/python3.8/site-packages/airflow/example_dags/example_short_circuit_operator.py for tasks to queue
[2022-06-23 10:55:51,492] {logging_mixin.py:115} INFO - [2022-06-23 10:55:51,491] {dagbag.py:507} INFO - Filling up the DagBag from /home/osboxes/.local/lib/python3.8/site-packages/airflow/example_dags/example_short_circuit_operator.py
[2022-06-23 10:55:51,499] {processor.py:651} INFO - DAG(s) dict_keys(['example_short_circuit_operator']) retrieved from /home/osboxes/.local/lib/python3.8/site-packages/airflow/example_dags/example_short_circuit_operator.py
[2022-06-23 10:55:51,521] {logging_mixin.py:115} INFO - [2022-06-23 10:55:51,520] {dag.py:2371} INFO - Sync 1 DAGs
[2022-06-23 10:55:51,538] {logging_mixin.py:115} INFO - [2022-06-23 10:55:51,538] {dag.py:2915} INFO - Setting next_dagrun for example_short_circuit_operator to 2022-06-22T14:55:51.538104+00:00, run_after=2022-06-23T14:55:51.538104+00:00
[2022-06-23 10:55:51,592] {processor.py:161} INFO - Processing /home/osboxes/.local/lib/python3.8/site-packages/airflow/example_dags/example_short_circuit_operator.py took 0.114 seconds
[2022-06-23 10:56:30,355] {processor.py:153} INFO - Started process (PID=44120) to work on /home/osboxes/.local/lib/python3.8/site-packages/airflow/example_dags/example_short_circuit_operator.py
[2022-06-23 10:56:30,357] {processor.py:641} INFO - Processing file /home/osboxes/.local/lib/python3.8/site-packages/airflow/example_dags/example_short_circuit_operator.py for tasks to queue
[2022-06-23 10:56:30,358] {logging_mixin.py:115} INFO - [2022-06-23 10:56:30,358] {dagbag.py:507} INFO - Filling up the DagBag from /home/osboxes/.local/lib/python3.8/site-packages/airflow/example_dags/example_short_circuit_operator.py
[2022-06-23 10:56:30,365] {processor.py:651} INFO - DAG(s) dict_keys(['example_short_circuit_operator']) retrieved from /home/osboxes/.local/lib/python3.8/site-packages/airflow/example_dags/example_short_circuit_operator.py
[2022-06-23 10:56:30,382] {logging_mixin.py:115} INFO - [2022-06-23 10:56:30,382] {dag.py:2371} INFO - Sync 1 DAGs
[2022-06-23 10:56:30,398] {logging_mixin.py:115} INFO - [2022-06-23 10:56:30,398] {dag.py:2915} INFO - Setting next_dagrun for example_short_circuit_operator to 2022-06-22T14:56:30.398451+00:00, run_after=2022-06-23T14:56:30.398451+00:00
[2022-06-23 10:56:30,463] {processor.py:161} INFO - Processing /home/osboxes/.local/lib/python3.8/site-packages/airflow/example_dags/example_short_circuit_operator.py took 0.110 seconds
[2022-06-23 10:57:08,953] {processor.py:153} INFO - Started process (PID=44429) to work on /home/osboxes/.local/lib/python3.8/site-packages/airflow/example_dags/example_short_circuit_operator.py
[2022-06-23 10:57:08,977] {processor.py:641} INFO - Processing file /home/osboxes/.local/lib/python3.8/site-packages/airflow/example_dags/example_short_circuit_operator.py for tasks to queue
[2022-06-23 10:57:08,978] {logging_mixin.py:115} INFO - [2022-06-23 10:57:08,978] {dagbag.py:507} INFO - Filling up the DagBag from /home/osboxes/.local/lib/python3.8/site-packages/airflow/example_dags/example_short_circuit_operator.py
[2022-06-23 10:57:08,988] {processor.py:651} INFO - DAG(s) dict_keys(['example_short_circuit_operator']) retrieved from /home/osboxes/.local/lib/python3.8/site-packages/airflow/example_dags/example_short_circuit_operator.py
[2022-06-23 10:57:09,006] {logging_mixin.py:115} INFO - [2022-06-23 10:57:09,006] {dag.py:2371} INFO - Sync 1 DAGs
[2022-06-23 10:57:09,023] {logging_mixin.py:115} INFO - [2022-06-23 10:57:09,023] {dag.py:2915} INFO - Setting next_dagrun for example_short_circuit_operator to 2022-06-22T14:57:09.023451+00:00, run_after=2022-06-23T14:57:09.023451+00:00
[2022-06-23 10:57:09,220] {processor.py:161} INFO - Processing /home/osboxes/.local/lib/python3.8/site-packages/airflow/example_dags/example_short_circuit_operator.py took 0.270 seconds
[2022-06-23 10:57:50,624] {processor.py:153} INFO - Started process (PID=44879) to work on /home/osboxes/.local/lib/python3.8/site-packages/airflow/example_dags/example_short_circuit_operator.py
[2022-06-23 10:57:50,698] {processor.py:641} INFO - Processing file /home/osboxes/.local/lib/python3.8/site-packages/airflow/example_dags/example_short_circuit_operator.py for tasks to queue
[2022-06-23 10:57:50,699] {logging_mixin.py:115} INFO - [2022-06-23 10:57:50,699] {dagbag.py:507} INFO - Filling up the DagBag from /home/osboxes/.local/lib/python3.8/site-packages/airflow/example_dags/example_short_circuit_operator.py
[2022-06-23 10:57:50,768] {processor.py:651} INFO - DAG(s) dict_keys(['example_short_circuit_operator']) retrieved from /home/osboxes/.local/lib/python3.8/site-packages/airflow/example_dags/example_short_circuit_operator.py
[2022-06-23 10:57:50,911] {logging_mixin.py:115} INFO - [2022-06-23 10:57:50,911] {dag.py:2371} INFO - Sync 1 DAGs
[2022-06-23 10:57:50,939] {logging_mixin.py:115} INFO - [2022-06-23 10:57:50,939] {dag.py:2915} INFO - Setting next_dagrun for example_short_circuit_operator to 2022-06-22T14:57:50.939310+00:00, run_after=2022-06-23T14:57:50.939310+00:00
[2022-06-23 10:57:51,831] {processor.py:161} INFO - Processing /home/osboxes/.local/lib/python3.8/site-packages/airflow/example_dags/example_short_circuit_operator.py took 1.209 seconds
[2022-06-23 10:58:47,713] {processor.py:153} INFO - Started process (PID=45487) to work on /home/osboxes/.local/lib/python3.8/site-packages/airflow/example_dags/example_short_circuit_operator.py
[2022-06-23 10:58:47,716] {processor.py:641} INFO - Processing file /home/osboxes/.local/lib/python3.8/site-packages/airflow/example_dags/example_short_circuit_operator.py for tasks to queue
[2022-06-23 10:58:47,716] {logging_mixin.py:115} INFO - [2022-06-23 10:58:47,716] {dagbag.py:507} INFO - Filling up the DagBag from /home/osboxes/.local/lib/python3.8/site-packages/airflow/example_dags/example_short_circuit_operator.py
[2022-06-23 10:58:47,723] {processor.py:651} INFO - DAG(s) dict_keys(['example_short_circuit_operator']) retrieved from /home/osboxes/.local/lib/python3.8/site-packages/airflow/example_dags/example_short_circuit_operator.py
[2022-06-23 10:58:47,739] {logging_mixin.py:115} INFO - [2022-06-23 10:58:47,739] {dag.py:2371} INFO - Sync 1 DAGs
[2022-06-23 10:58:47,756] {logging_mixin.py:115} INFO - [2022-06-23 10:58:47,756] {dag.py:2915} INFO - Setting next_dagrun for example_short_circuit_operator to 2022-06-22T14:58:47.756151+00:00, run_after=2022-06-23T14:58:47.756151+00:00
[2022-06-23 10:58:47,791] {processor.py:161} INFO - Processing /home/osboxes/.local/lib/python3.8/site-packages/airflow/example_dags/example_short_circuit_operator.py took 0.080 seconds
