[2022-06-23 10:27:48,376] {processor.py:153} INFO - Started process (PID=27150) to work on /home/osboxes/.local/lib/python3.8/site-packages/airflow/example_dags/example_xcomargs.py
[2022-06-23 10:27:48,377] {processor.py:641} INFO - Processing file /home/osboxes/.local/lib/python3.8/site-packages/airflow/example_dags/example_xcomargs.py for tasks to queue
[2022-06-23 10:27:48,380] {logging_mixin.py:115} INFO - [2022-06-23 10:27:48,380] {dagbag.py:507} INFO - Filling up the DagBag from /home/osboxes/.local/lib/python3.8/site-packages/airflow/example_dags/example_xcomargs.py
[2022-06-23 10:27:48,413] {processor.py:651} INFO - DAG(s) dict_keys(['example_xcom_args', 'example_xcom_args_with_operators']) retrieved from /home/osboxes/.local/lib/python3.8/site-packages/airflow/example_dags/example_xcomargs.py
[2022-06-23 10:27:48,514] {logging_mixin.py:115} INFO - [2022-06-23 10:27:48,513] {manager.py:508} INFO - Created Permission View: can edit on DAG:example_xcom_args
[2022-06-23 10:27:48,543] {logging_mixin.py:115} INFO - [2022-06-23 10:27:48,543] {manager.py:508} INFO - Created Permission View: can read on DAG:example_xcom_args
[2022-06-23 10:27:48,578] {logging_mixin.py:115} INFO - [2022-06-23 10:27:48,578] {manager.py:508} INFO - Created Permission View: can delete on DAG:example_xcom_args
[2022-06-23 10:27:48,632] {logging_mixin.py:115} INFO - [2022-06-23 10:27:48,632] {manager.py:508} INFO - Created Permission View: can edit on DAG:example_xcom_args_with_operators
[2022-06-23 10:27:48,663] {logging_mixin.py:115} INFO - [2022-06-23 10:27:48,663] {manager.py:508} INFO - Created Permission View: can read on DAG:example_xcom_args_with_operators
[2022-06-23 10:27:48,692] {logging_mixin.py:115} INFO - [2022-06-23 10:27:48,692] {manager.py:508} INFO - Created Permission View: can delete on DAG:example_xcom_args_with_operators
[2022-06-23 10:27:48,692] {logging_mixin.py:115} INFO - [2022-06-23 10:27:48,692] {dag.py:2371} INFO - Sync 2 DAGs
[2022-06-23 10:27:48,699] {logging_mixin.py:115} INFO - [2022-06-23 10:27:48,699] {dag.py:2390} INFO - Creating ORM DAG for example_xcom_args
[2022-06-23 10:27:48,700] {logging_mixin.py:115} INFO - [2022-06-23 10:27:48,700] {dag.py:2390} INFO - Creating ORM DAG for example_xcom_args_with_operators
[2022-06-23 10:27:48,708] {logging_mixin.py:115} INFO - [2022-06-23 10:27:48,708] {dag.py:2915} INFO - Setting next_dagrun for example_xcom_args to None, run_after=None
[2022-06-23 10:27:48,709] {logging_mixin.py:115} INFO - [2022-06-23 10:27:48,709] {dag.py:2915} INFO - Setting next_dagrun for example_xcom_args_with_operators to None, run_after=None
[2022-06-23 10:27:48,757] {processor.py:161} INFO - Processing /home/osboxes/.local/lib/python3.8/site-packages/airflow/example_dags/example_xcomargs.py took 0.383 seconds
[2022-06-23 10:29:04,075] {processor.py:153} INFO - Started process (PID=28011) to work on /home/osboxes/.local/lib/python3.8/site-packages/airflow/example_dags/example_xcomargs.py
[2022-06-23 10:29:04,078] {processor.py:641} INFO - Processing file /home/osboxes/.local/lib/python3.8/site-packages/airflow/example_dags/example_xcomargs.py for tasks to queue
[2022-06-23 10:29:04,078] {logging_mixin.py:115} INFO - [2022-06-23 10:29:04,078] {dagbag.py:507} INFO - Filling up the DagBag from /home/osboxes/.local/lib/python3.8/site-packages/airflow/example_dags/example_xcomargs.py
[2022-06-23 10:29:04,095] {processor.py:651} INFO - DAG(s) dict_keys(['example_xcom_args', 'example_xcom_args_with_operators']) retrieved from /home/osboxes/.local/lib/python3.8/site-packages/airflow/example_dags/example_xcomargs.py
[2022-06-23 10:29:04,137] {logging_mixin.py:115} INFO - [2022-06-23 10:29:04,137] {dag.py:2371} INFO - Sync 2 DAGs
[2022-06-23 10:29:04,153] {logging_mixin.py:115} INFO - [2022-06-23 10:29:04,153] {dag.py:2915} INFO - Setting next_dagrun for example_xcom_args to None, run_after=None
[2022-06-23 10:29:04,154] {logging_mixin.py:115} INFO - [2022-06-23 10:29:04,153] {dag.py:2915} INFO - Setting next_dagrun for example_xcom_args_with_operators to None, run_after=None
[2022-06-23 10:29:04,186] {processor.py:161} INFO - Processing /home/osboxes/.local/lib/python3.8/site-packages/airflow/example_dags/example_xcomargs.py took 0.113 seconds
[2022-06-23 10:29:40,645] {processor.py:153} INFO - Started process (PID=28328) to work on /home/osboxes/.local/lib/python3.8/site-packages/airflow/example_dags/example_xcomargs.py
[2022-06-23 10:29:40,826] {processor.py:641} INFO - Processing file /home/osboxes/.local/lib/python3.8/site-packages/airflow/example_dags/example_xcomargs.py for tasks to queue
[2022-06-23 10:29:40,827] {logging_mixin.py:115} INFO - [2022-06-23 10:29:40,827] {dagbag.py:507} INFO - Filling up the DagBag from /home/osboxes/.local/lib/python3.8/site-packages/airflow/example_dags/example_xcomargs.py
[2022-06-23 10:29:40,919] {processor.py:651} INFO - DAG(s) dict_keys(['example_xcom_args', 'example_xcom_args_with_operators']) retrieved from /home/osboxes/.local/lib/python3.8/site-packages/airflow/example_dags/example_xcomargs.py
[2022-06-23 10:29:41,006] {logging_mixin.py:115} INFO - [2022-06-23 10:29:41,006] {dag.py:2371} INFO - Sync 2 DAGs
[2022-06-23 10:29:41,080] {logging_mixin.py:115} INFO - [2022-06-23 10:29:41,080] {dag.py:2915} INFO - Setting next_dagrun for example_xcom_args to None, run_after=None
[2022-06-23 10:29:41,086] {logging_mixin.py:115} INFO - [2022-06-23 10:29:41,085] {dag.py:2915} INFO - Setting next_dagrun for example_xcom_args_with_operators to None, run_after=None
[2022-06-23 10:29:41,224] {processor.py:161} INFO - Processing /home/osboxes/.local/lib/python3.8/site-packages/airflow/example_dags/example_xcomargs.py took 0.581 seconds
[2022-06-23 10:30:17,702] {processor.py:153} INFO - Started process (PID=28645) to work on /home/osboxes/.local/lib/python3.8/site-packages/airflow/example_dags/example_xcomargs.py
[2022-06-23 10:30:17,712] {processor.py:641} INFO - Processing file /home/osboxes/.local/lib/python3.8/site-packages/airflow/example_dags/example_xcomargs.py for tasks to queue
[2022-06-23 10:30:17,713] {logging_mixin.py:115} INFO - [2022-06-23 10:30:17,713] {dagbag.py:507} INFO - Filling up the DagBag from /home/osboxes/.local/lib/python3.8/site-packages/airflow/example_dags/example_xcomargs.py
[2022-06-23 10:30:17,729] {processor.py:651} INFO - DAG(s) dict_keys(['example_xcom_args', 'example_xcom_args_with_operators']) retrieved from /home/osboxes/.local/lib/python3.8/site-packages/airflow/example_dags/example_xcomargs.py
[2022-06-23 10:30:17,746] {logging_mixin.py:115} INFO - [2022-06-23 10:30:17,746] {dag.py:2371} INFO - Sync 2 DAGs
[2022-06-23 10:30:17,765] {logging_mixin.py:115} INFO - [2022-06-23 10:30:17,764] {dag.py:2915} INFO - Setting next_dagrun for example_xcom_args to None, run_after=None
[2022-06-23 10:30:17,765] {logging_mixin.py:115} INFO - [2022-06-23 10:30:17,765] {dag.py:2915} INFO - Setting next_dagrun for example_xcom_args_with_operators to None, run_after=None
[2022-06-23 10:30:17,798] {processor.py:161} INFO - Processing /home/osboxes/.local/lib/python3.8/site-packages/airflow/example_dags/example_xcomargs.py took 0.098 seconds
[2022-06-23 10:30:52,774] {processor.py:153} INFO - Started process (PID=28934) to work on /home/osboxes/.local/lib/python3.8/site-packages/airflow/example_dags/example_xcomargs.py
[2022-06-23 10:30:52,778] {processor.py:641} INFO - Processing file /home/osboxes/.local/lib/python3.8/site-packages/airflow/example_dags/example_xcomargs.py for tasks to queue
[2022-06-23 10:30:52,778] {logging_mixin.py:115} INFO - [2022-06-23 10:30:52,778] {dagbag.py:507} INFO - Filling up the DagBag from /home/osboxes/.local/lib/python3.8/site-packages/airflow/example_dags/example_xcomargs.py
[2022-06-23 10:30:52,798] {processor.py:651} INFO - DAG(s) dict_keys(['example_xcom_args', 'example_xcom_args_with_operators']) retrieved from /home/osboxes/.local/lib/python3.8/site-packages/airflow/example_dags/example_xcomargs.py
[2022-06-23 10:30:52,814] {logging_mixin.py:115} INFO - [2022-06-23 10:30:52,814] {dag.py:2371} INFO - Sync 2 DAGs
[2022-06-23 10:30:52,830] {logging_mixin.py:115} INFO - [2022-06-23 10:30:52,830] {dag.py:2915} INFO - Setting next_dagrun for example_xcom_args to None, run_after=None
[2022-06-23 10:30:52,830] {logging_mixin.py:115} INFO - [2022-06-23 10:30:52,830] {dag.py:2915} INFO - Setting next_dagrun for example_xcom_args_with_operators to None, run_after=None
[2022-06-23 10:30:52,879] {processor.py:161} INFO - Processing /home/osboxes/.local/lib/python3.8/site-packages/airflow/example_dags/example_xcomargs.py took 0.107 seconds
[2022-06-23 10:31:23,753] {processor.py:153} INFO - Started process (PID=29183) to work on /home/osboxes/.local/lib/python3.8/site-packages/airflow/example_dags/example_xcomargs.py
[2022-06-23 10:31:23,754] {processor.py:641} INFO - Processing file /home/osboxes/.local/lib/python3.8/site-packages/airflow/example_dags/example_xcomargs.py for tasks to queue
[2022-06-23 10:31:23,754] {logging_mixin.py:115} INFO - [2022-06-23 10:31:23,754] {dagbag.py:507} INFO - Filling up the DagBag from /home/osboxes/.local/lib/python3.8/site-packages/airflow/example_dags/example_xcomargs.py
[2022-06-23 10:31:23,772] {processor.py:651} INFO - DAG(s) dict_keys(['example_xcom_args', 'example_xcom_args_with_operators']) retrieved from /home/osboxes/.local/lib/python3.8/site-packages/airflow/example_dags/example_xcomargs.py
[2022-06-23 10:31:23,797] {logging_mixin.py:115} INFO - [2022-06-23 10:31:23,796] {dag.py:2371} INFO - Sync 2 DAGs
[2022-06-23 10:31:23,813] {logging_mixin.py:115} INFO - [2022-06-23 10:31:23,813] {dag.py:2915} INFO - Setting next_dagrun for example_xcom_args to None, run_after=None
[2022-06-23 10:31:23,814] {logging_mixin.py:115} INFO - [2022-06-23 10:31:23,814] {dag.py:2915} INFO - Setting next_dagrun for example_xcom_args_with_operators to None, run_after=None
[2022-06-23 10:31:23,842] {processor.py:161} INFO - Processing /home/osboxes/.local/lib/python3.8/site-packages/airflow/example_dags/example_xcomargs.py took 0.090 seconds
[2022-06-23 10:31:58,043] {processor.py:153} INFO - Started process (PID=29508) to work on /home/osboxes/.local/lib/python3.8/site-packages/airflow/example_dags/example_xcomargs.py
[2022-06-23 10:31:58,053] {processor.py:641} INFO - Processing file /home/osboxes/.local/lib/python3.8/site-packages/airflow/example_dags/example_xcomargs.py for tasks to queue
[2022-06-23 10:31:58,054] {logging_mixin.py:115} INFO - [2022-06-23 10:31:58,054] {dagbag.py:507} INFO - Filling up the DagBag from /home/osboxes/.local/lib/python3.8/site-packages/airflow/example_dags/example_xcomargs.py
[2022-06-23 10:31:58,070] {processor.py:651} INFO - DAG(s) dict_keys(['example_xcom_args', 'example_xcom_args_with_operators']) retrieved from /home/osboxes/.local/lib/python3.8/site-packages/airflow/example_dags/example_xcomargs.py
[2022-06-23 10:31:58,107] {logging_mixin.py:115} INFO - [2022-06-23 10:31:58,107] {dag.py:2371} INFO - Sync 2 DAGs
[2022-06-23 10:31:58,121] {logging_mixin.py:115} INFO - [2022-06-23 10:31:58,121] {dag.py:2915} INFO - Setting next_dagrun for example_xcom_args to None, run_after=None
[2022-06-23 10:31:58,122] {logging_mixin.py:115} INFO - [2022-06-23 10:31:58,122] {dag.py:2915} INFO - Setting next_dagrun for example_xcom_args_with_operators to None, run_after=None
[2022-06-23 10:31:58,154] {processor.py:161} INFO - Processing /home/osboxes/.local/lib/python3.8/site-packages/airflow/example_dags/example_xcomargs.py took 0.113 seconds
[2022-06-23 10:32:31,900] {processor.py:153} INFO - Started process (PID=29944) to work on /home/osboxes/.local/lib/python3.8/site-packages/airflow/example_dags/example_xcomargs.py
[2022-06-23 10:32:31,906] {processor.py:641} INFO - Processing file /home/osboxes/.local/lib/python3.8/site-packages/airflow/example_dags/example_xcomargs.py for tasks to queue
[2022-06-23 10:32:31,906] {logging_mixin.py:115} INFO - [2022-06-23 10:32:31,906] {dagbag.py:507} INFO - Filling up the DagBag from /home/osboxes/.local/lib/python3.8/site-packages/airflow/example_dags/example_xcomargs.py
[2022-06-23 10:32:31,994] {processor.py:651} INFO - DAG(s) dict_keys(['example_xcom_args', 'example_xcom_args_with_operators']) retrieved from /home/osboxes/.local/lib/python3.8/site-packages/airflow/example_dags/example_xcomargs.py
[2022-06-23 10:32:32,031] {logging_mixin.py:115} INFO - [2022-06-23 10:32:32,031] {dag.py:2371} INFO - Sync 2 DAGs
[2022-06-23 10:32:32,047] {logging_mixin.py:115} INFO - [2022-06-23 10:32:32,046] {dag.py:2915} INFO - Setting next_dagrun for example_xcom_args to None, run_after=None
[2022-06-23 10:32:32,047] {logging_mixin.py:115} INFO - [2022-06-23 10:32:32,047] {dag.py:2915} INFO - Setting next_dagrun for example_xcom_args_with_operators to None, run_after=None
[2022-06-23 10:32:32,091] {processor.py:161} INFO - Processing /home/osboxes/.local/lib/python3.8/site-packages/airflow/example_dags/example_xcomargs.py took 0.193 seconds
[2022-06-23 10:33:08,311] {processor.py:153} INFO - Started process (PID=30391) to work on /home/osboxes/.local/lib/python3.8/site-packages/airflow/example_dags/example_xcomargs.py
[2022-06-23 10:33:08,313] {processor.py:641} INFO - Processing file /home/osboxes/.local/lib/python3.8/site-packages/airflow/example_dags/example_xcomargs.py for tasks to queue
[2022-06-23 10:33:08,314] {logging_mixin.py:115} INFO - [2022-06-23 10:33:08,314] {dagbag.py:507} INFO - Filling up the DagBag from /home/osboxes/.local/lib/python3.8/site-packages/airflow/example_dags/example_xcomargs.py
[2022-06-23 10:33:08,330] {processor.py:651} INFO - DAG(s) dict_keys(['example_xcom_args', 'example_xcom_args_with_operators']) retrieved from /home/osboxes/.local/lib/python3.8/site-packages/airflow/example_dags/example_xcomargs.py
[2022-06-23 10:33:08,371] {logging_mixin.py:115} INFO - [2022-06-23 10:33:08,371] {dag.py:2371} INFO - Sync 2 DAGs
[2022-06-23 10:33:08,388] {logging_mixin.py:115} INFO - [2022-06-23 10:33:08,387] {dag.py:2915} INFO - Setting next_dagrun for example_xcom_args to None, run_after=None
[2022-06-23 10:33:08,388] {logging_mixin.py:115} INFO - [2022-06-23 10:33:08,388] {dag.py:2915} INFO - Setting next_dagrun for example_xcom_args_with_operators to None, run_after=None
[2022-06-23 10:33:08,425] {processor.py:161} INFO - Processing /home/osboxes/.local/lib/python3.8/site-packages/airflow/example_dags/example_xcomargs.py took 0.116 seconds
[2022-06-23 10:33:43,188] {processor.py:153} INFO - Started process (PID=30775) to work on /home/osboxes/.local/lib/python3.8/site-packages/airflow/example_dags/example_xcomargs.py
[2022-06-23 10:33:43,192] {processor.py:641} INFO - Processing file /home/osboxes/.local/lib/python3.8/site-packages/airflow/example_dags/example_xcomargs.py for tasks to queue
[2022-06-23 10:33:43,192] {logging_mixin.py:115} INFO - [2022-06-23 10:33:43,192] {dagbag.py:507} INFO - Filling up the DagBag from /home/osboxes/.local/lib/python3.8/site-packages/airflow/example_dags/example_xcomargs.py
[2022-06-23 10:33:43,211] {processor.py:651} INFO - DAG(s) dict_keys(['example_xcom_args', 'example_xcom_args_with_operators']) retrieved from /home/osboxes/.local/lib/python3.8/site-packages/airflow/example_dags/example_xcomargs.py
[2022-06-23 10:33:43,229] {logging_mixin.py:115} INFO - [2022-06-23 10:33:43,228] {dag.py:2371} INFO - Sync 2 DAGs
[2022-06-23 10:33:43,244] {logging_mixin.py:115} INFO - [2022-06-23 10:33:43,244] {dag.py:2915} INFO - Setting next_dagrun for example_xcom_args to None, run_after=None
[2022-06-23 10:33:43,244] {logging_mixin.py:115} INFO - [2022-06-23 10:33:43,244] {dag.py:2915} INFO - Setting next_dagrun for example_xcom_args_with_operators to None, run_after=None
[2022-06-23 10:33:43,273] {processor.py:161} INFO - Processing /home/osboxes/.local/lib/python3.8/site-packages/airflow/example_dags/example_xcomargs.py took 0.087 seconds
[2022-06-23 10:34:21,890] {processor.py:153} INFO - Started process (PID=31240) to work on /home/osboxes/.local/lib/python3.8/site-packages/airflow/example_dags/example_xcomargs.py
[2022-06-23 10:34:21,892] {processor.py:641} INFO - Processing file /home/osboxes/.local/lib/python3.8/site-packages/airflow/example_dags/example_xcomargs.py for tasks to queue
[2022-06-23 10:34:21,892] {logging_mixin.py:115} INFO - [2022-06-23 10:34:21,892] {dagbag.py:507} INFO - Filling up the DagBag from /home/osboxes/.local/lib/python3.8/site-packages/airflow/example_dags/example_xcomargs.py
[2022-06-23 10:34:21,909] {processor.py:651} INFO - DAG(s) dict_keys(['example_xcom_args', 'example_xcom_args_with_operators']) retrieved from /home/osboxes/.local/lib/python3.8/site-packages/airflow/example_dags/example_xcomargs.py
[2022-06-23 10:34:21,927] {logging_mixin.py:115} INFO - [2022-06-23 10:34:21,927] {dag.py:2371} INFO - Sync 2 DAGs
[2022-06-23 10:34:21,941] {logging_mixin.py:115} INFO - [2022-06-23 10:34:21,941] {dag.py:2915} INFO - Setting next_dagrun for example_xcom_args to None, run_after=None
[2022-06-23 10:34:21,942] {logging_mixin.py:115} INFO - [2022-06-23 10:34:21,942] {dag.py:2915} INFO - Setting next_dagrun for example_xcom_args_with_operators to None, run_after=None
[2022-06-23 10:34:21,970] {processor.py:161} INFO - Processing /home/osboxes/.local/lib/python3.8/site-packages/airflow/example_dags/example_xcomargs.py took 0.081 seconds
[2022-06-23 10:34:55,034] {processor.py:153} INFO - Started process (PID=31581) to work on /home/osboxes/.local/lib/python3.8/site-packages/airflow/example_dags/example_xcomargs.py
[2022-06-23 10:34:55,042] {processor.py:641} INFO - Processing file /home/osboxes/.local/lib/python3.8/site-packages/airflow/example_dags/example_xcomargs.py for tasks to queue
[2022-06-23 10:34:55,043] {logging_mixin.py:115} INFO - [2022-06-23 10:34:55,043] {dagbag.py:507} INFO - Filling up the DagBag from /home/osboxes/.local/lib/python3.8/site-packages/airflow/example_dags/example_xcomargs.py
[2022-06-23 10:34:55,089] {processor.py:651} INFO - DAG(s) dict_keys(['example_xcom_args', 'example_xcom_args_with_operators']) retrieved from /home/osboxes/.local/lib/python3.8/site-packages/airflow/example_dags/example_xcomargs.py
[2022-06-23 10:34:55,139] {logging_mixin.py:115} INFO - [2022-06-23 10:34:55,139] {dag.py:2371} INFO - Sync 2 DAGs
[2022-06-23 10:34:55,164] {logging_mixin.py:115} INFO - [2022-06-23 10:34:55,164] {dag.py:2915} INFO - Setting next_dagrun for example_xcom_args to None, run_after=None
[2022-06-23 10:34:55,164] {logging_mixin.py:115} INFO - [2022-06-23 10:34:55,164] {dag.py:2915} INFO - Setting next_dagrun for example_xcom_args_with_operators to None, run_after=None
[2022-06-23 10:34:55,198] {processor.py:161} INFO - Processing /home/osboxes/.local/lib/python3.8/site-packages/airflow/example_dags/example_xcomargs.py took 0.167 seconds
[2022-06-23 10:35:29,156] {processor.py:153} INFO - Started process (PID=31957) to work on /home/osboxes/.local/lib/python3.8/site-packages/airflow/example_dags/example_xcomargs.py
[2022-06-23 10:35:29,158] {processor.py:641} INFO - Processing file /home/osboxes/.local/lib/python3.8/site-packages/airflow/example_dags/example_xcomargs.py for tasks to queue
[2022-06-23 10:35:29,159] {logging_mixin.py:115} INFO - [2022-06-23 10:35:29,159] {dagbag.py:507} INFO - Filling up the DagBag from /home/osboxes/.local/lib/python3.8/site-packages/airflow/example_dags/example_xcomargs.py
[2022-06-23 10:35:29,176] {processor.py:651} INFO - DAG(s) dict_keys(['example_xcom_args', 'example_xcom_args_with_operators']) retrieved from /home/osboxes/.local/lib/python3.8/site-packages/airflow/example_dags/example_xcomargs.py
[2022-06-23 10:35:29,221] {logging_mixin.py:115} INFO - [2022-06-23 10:35:29,221] {dag.py:2371} INFO - Sync 2 DAGs
[2022-06-23 10:35:29,295] {logging_mixin.py:115} INFO - [2022-06-23 10:35:29,295] {dag.py:2915} INFO - Setting next_dagrun for example_xcom_args to None, run_after=None
[2022-06-23 10:35:29,296] {logging_mixin.py:115} INFO - [2022-06-23 10:35:29,296] {dag.py:2915} INFO - Setting next_dagrun for example_xcom_args_with_operators to None, run_after=None
[2022-06-23 10:35:29,350] {processor.py:161} INFO - Processing /home/osboxes/.local/lib/python3.8/site-packages/airflow/example_dags/example_xcomargs.py took 0.195 seconds
[2022-06-23 10:36:20,306] {processor.py:153} INFO - Started process (PID=32510) to work on /home/osboxes/.local/lib/python3.8/site-packages/airflow/example_dags/example_xcomargs.py
[2022-06-23 10:36:20,635] {processor.py:641} INFO - Processing file /home/osboxes/.local/lib/python3.8/site-packages/airflow/example_dags/example_xcomargs.py for tasks to queue
[2022-06-23 10:36:20,637] {logging_mixin.py:115} INFO - [2022-06-23 10:36:20,637] {dagbag.py:507} INFO - Filling up the DagBag from /home/osboxes/.local/lib/python3.8/site-packages/airflow/example_dags/example_xcomargs.py
[2022-06-23 10:36:21,182] {processor.py:651} INFO - DAG(s) dict_keys(['example_xcom_args', 'example_xcom_args_with_operators']) retrieved from /home/osboxes/.local/lib/python3.8/site-packages/airflow/example_dags/example_xcomargs.py
[2022-06-23 10:36:21,412] {logging_mixin.py:115} INFO - [2022-06-23 10:36:21,412] {dag.py:2371} INFO - Sync 2 DAGs
[2022-06-23 10:36:21,521] {logging_mixin.py:115} INFO - [2022-06-23 10:36:21,521] {dag.py:2915} INFO - Setting next_dagrun for example_xcom_args to None, run_after=None
[2022-06-23 10:36:21,593] {logging_mixin.py:115} INFO - [2022-06-23 10:36:21,593] {dag.py:2915} INFO - Setting next_dagrun for example_xcom_args_with_operators to None, run_after=None
[2022-06-23 10:36:22,439] {processor.py:161} INFO - Processing /home/osboxes/.local/lib/python3.8/site-packages/airflow/example_dags/example_xcomargs.py took 2.135 seconds
[2022-06-23 10:37:16,946] {processor.py:153} INFO - Started process (PID=33001) to work on /home/osboxes/.local/lib/python3.8/site-packages/airflow/example_dags/example_xcomargs.py
[2022-06-23 10:37:17,015] {processor.py:641} INFO - Processing file /home/osboxes/.local/lib/python3.8/site-packages/airflow/example_dags/example_xcomargs.py for tasks to queue
[2022-06-23 10:37:17,016] {logging_mixin.py:115} INFO - [2022-06-23 10:37:17,016] {dagbag.py:507} INFO - Filling up the DagBag from /home/osboxes/.local/lib/python3.8/site-packages/airflow/example_dags/example_xcomargs.py
[2022-06-23 10:37:17,086] {processor.py:651} INFO - DAG(s) dict_keys(['example_xcom_args', 'example_xcom_args_with_operators']) retrieved from /home/osboxes/.local/lib/python3.8/site-packages/airflow/example_dags/example_xcomargs.py
[2022-06-23 10:37:17,268] {logging_mixin.py:115} INFO - [2022-06-23 10:37:17,258] {dag.py:2371} INFO - Sync 2 DAGs
[2022-06-23 10:37:17,282] {logging_mixin.py:115} INFO - [2022-06-23 10:37:17,282] {dag.py:2915} INFO - Setting next_dagrun for example_xcom_args to None, run_after=None
[2022-06-23 10:37:17,283] {logging_mixin.py:115} INFO - [2022-06-23 10:37:17,283] {dag.py:2915} INFO - Setting next_dagrun for example_xcom_args_with_operators to None, run_after=None
[2022-06-23 10:37:17,586] {processor.py:161} INFO - Processing /home/osboxes/.local/lib/python3.8/site-packages/airflow/example_dags/example_xcomargs.py took 0.643 seconds
[2022-06-23 10:37:57,730] {processor.py:153} INFO - Started process (PID=33389) to work on /home/osboxes/.local/lib/python3.8/site-packages/airflow/example_dags/example_xcomargs.py
[2022-06-23 10:37:57,735] {processor.py:641} INFO - Processing file /home/osboxes/.local/lib/python3.8/site-packages/airflow/example_dags/example_xcomargs.py for tasks to queue
[2022-06-23 10:37:57,735] {logging_mixin.py:115} INFO - [2022-06-23 10:37:57,735] {dagbag.py:507} INFO - Filling up the DagBag from /home/osboxes/.local/lib/python3.8/site-packages/airflow/example_dags/example_xcomargs.py
[2022-06-23 10:37:57,824] {processor.py:651} INFO - DAG(s) dict_keys(['example_xcom_args', 'example_xcom_args_with_operators']) retrieved from /home/osboxes/.local/lib/python3.8/site-packages/airflow/example_dags/example_xcomargs.py
[2022-06-23 10:37:57,950] {logging_mixin.py:115} INFO - [2022-06-23 10:37:57,950] {dag.py:2371} INFO - Sync 2 DAGs
[2022-06-23 10:37:57,983] {logging_mixin.py:115} INFO - [2022-06-23 10:37:57,983] {dag.py:2915} INFO - Setting next_dagrun for example_xcom_args to None, run_after=None
[2022-06-23 10:37:57,984] {logging_mixin.py:115} INFO - [2022-06-23 10:37:57,984] {dag.py:2915} INFO - Setting next_dagrun for example_xcom_args_with_operators to None, run_after=None
[2022-06-23 10:37:58,054] {processor.py:161} INFO - Processing /home/osboxes/.local/lib/python3.8/site-packages/airflow/example_dags/example_xcomargs.py took 0.327 seconds
[2022-06-23 10:38:40,706] {processor.py:153} INFO - Started process (PID=33756) to work on /home/osboxes/.local/lib/python3.8/site-packages/airflow/example_dags/example_xcomargs.py
[2022-06-23 10:38:40,716] {processor.py:641} INFO - Processing file /home/osboxes/.local/lib/python3.8/site-packages/airflow/example_dags/example_xcomargs.py for tasks to queue
[2022-06-23 10:38:40,720] {logging_mixin.py:115} INFO - [2022-06-23 10:38:40,720] {dagbag.py:507} INFO - Filling up the DagBag from /home/osboxes/.local/lib/python3.8/site-packages/airflow/example_dags/example_xcomargs.py
[2022-06-23 10:38:40,855] {processor.py:651} INFO - DAG(s) dict_keys(['example_xcom_args', 'example_xcom_args_with_operators']) retrieved from /home/osboxes/.local/lib/python3.8/site-packages/airflow/example_dags/example_xcomargs.py
[2022-06-23 10:38:40,995] {logging_mixin.py:115} INFO - [2022-06-23 10:38:40,995] {dag.py:2371} INFO - Sync 2 DAGs
[2022-06-23 10:38:41,019] {logging_mixin.py:115} INFO - [2022-06-23 10:38:41,019] {dag.py:2915} INFO - Setting next_dagrun for example_xcom_args to None, run_after=None
[2022-06-23 10:38:41,020] {logging_mixin.py:115} INFO - [2022-06-23 10:38:41,020] {dag.py:2915} INFO - Setting next_dagrun for example_xcom_args_with_operators to None, run_after=None
[2022-06-23 10:38:41,085] {processor.py:161} INFO - Processing /home/osboxes/.local/lib/python3.8/site-packages/airflow/example_dags/example_xcomargs.py took 0.381 seconds
[2022-06-23 10:39:19,396] {processor.py:153} INFO - Started process (PID=34108) to work on /home/osboxes/.local/lib/python3.8/site-packages/airflow/example_dags/example_xcomargs.py
[2022-06-23 10:39:19,402] {processor.py:641} INFO - Processing file /home/osboxes/.local/lib/python3.8/site-packages/airflow/example_dags/example_xcomargs.py for tasks to queue
[2022-06-23 10:39:19,403] {logging_mixin.py:115} INFO - [2022-06-23 10:39:19,403] {dagbag.py:507} INFO - Filling up the DagBag from /home/osboxes/.local/lib/python3.8/site-packages/airflow/example_dags/example_xcomargs.py
[2022-06-23 10:39:19,418] {processor.py:651} INFO - DAG(s) dict_keys(['example_xcom_args', 'example_xcom_args_with_operators']) retrieved from /home/osboxes/.local/lib/python3.8/site-packages/airflow/example_dags/example_xcomargs.py
[2022-06-23 10:39:19,438] {logging_mixin.py:115} INFO - [2022-06-23 10:39:19,438] {dag.py:2371} INFO - Sync 2 DAGs
[2022-06-23 10:39:19,453] {logging_mixin.py:115} INFO - [2022-06-23 10:39:19,453] {dag.py:2915} INFO - Setting next_dagrun for example_xcom_args to None, run_after=None
[2022-06-23 10:39:19,454] {logging_mixin.py:115} INFO - [2022-06-23 10:39:19,454] {dag.py:2915} INFO - Setting next_dagrun for example_xcom_args_with_operators to None, run_after=None
[2022-06-23 10:39:19,503] {processor.py:161} INFO - Processing /home/osboxes/.local/lib/python3.8/site-packages/airflow/example_dags/example_xcomargs.py took 0.108 seconds
[2022-06-23 10:39:52,084] {processor.py:153} INFO - Started process (PID=34435) to work on /home/osboxes/.local/lib/python3.8/site-packages/airflow/example_dags/example_xcomargs.py
[2022-06-23 10:39:52,100] {processor.py:641} INFO - Processing file /home/osboxes/.local/lib/python3.8/site-packages/airflow/example_dags/example_xcomargs.py for tasks to queue
[2022-06-23 10:39:52,137] {logging_mixin.py:115} INFO - [2022-06-23 10:39:52,137] {dagbag.py:507} INFO - Filling up the DagBag from /home/osboxes/.local/lib/python3.8/site-packages/airflow/example_dags/example_xcomargs.py
[2022-06-23 10:39:52,259] {processor.py:651} INFO - DAG(s) dict_keys(['example_xcom_args', 'example_xcom_args_with_operators']) retrieved from /home/osboxes/.local/lib/python3.8/site-packages/airflow/example_dags/example_xcomargs.py
[2022-06-23 10:39:52,343] {logging_mixin.py:115} INFO - [2022-06-23 10:39:52,343] {dag.py:2371} INFO - Sync 2 DAGs
[2022-06-23 10:39:52,479] {logging_mixin.py:115} INFO - [2022-06-23 10:39:52,478] {dag.py:2915} INFO - Setting next_dagrun for example_xcom_args to None, run_after=None
[2022-06-23 10:39:52,494] {logging_mixin.py:115} INFO - [2022-06-23 10:39:52,494] {dag.py:2915} INFO - Setting next_dagrun for example_xcom_args_with_operators to None, run_after=None
[2022-06-23 10:39:52,654] {processor.py:161} INFO - Processing /home/osboxes/.local/lib/python3.8/site-packages/airflow/example_dags/example_xcomargs.py took 0.571 seconds
[2022-06-23 10:40:26,548] {processor.py:153} INFO - Started process (PID=34752) to work on /home/osboxes/.local/lib/python3.8/site-packages/airflow/example_dags/example_xcomargs.py
[2022-06-23 10:40:26,558] {processor.py:641} INFO - Processing file /home/osboxes/.local/lib/python3.8/site-packages/airflow/example_dags/example_xcomargs.py for tasks to queue
[2022-06-23 10:40:26,558] {logging_mixin.py:115} INFO - [2022-06-23 10:40:26,558] {dagbag.py:507} INFO - Filling up the DagBag from /home/osboxes/.local/lib/python3.8/site-packages/airflow/example_dags/example_xcomargs.py
[2022-06-23 10:40:26,574] {processor.py:651} INFO - DAG(s) dict_keys(['example_xcom_args', 'example_xcom_args_with_operators']) retrieved from /home/osboxes/.local/lib/python3.8/site-packages/airflow/example_dags/example_xcomargs.py
[2022-06-23 10:40:26,594] {logging_mixin.py:115} INFO - [2022-06-23 10:40:26,594] {dag.py:2371} INFO - Sync 2 DAGs
[2022-06-23 10:40:26,611] {logging_mixin.py:115} INFO - [2022-06-23 10:40:26,611] {dag.py:2915} INFO - Setting next_dagrun for example_xcom_args to None, run_after=None
[2022-06-23 10:40:26,611] {logging_mixin.py:115} INFO - [2022-06-23 10:40:26,611] {dag.py:2915} INFO - Setting next_dagrun for example_xcom_args_with_operators to None, run_after=None
[2022-06-23 10:40:26,653] {processor.py:161} INFO - Processing /home/osboxes/.local/lib/python3.8/site-packages/airflow/example_dags/example_xcomargs.py took 0.107 seconds
[2022-06-23 10:41:06,432] {processor.py:153} INFO - Started process (PID=35201) to work on /home/osboxes/.local/lib/python3.8/site-packages/airflow/example_dags/example_xcomargs.py
[2022-06-23 10:41:06,464] {processor.py:641} INFO - Processing file /home/osboxes/.local/lib/python3.8/site-packages/airflow/example_dags/example_xcomargs.py for tasks to queue
[2022-06-23 10:41:06,465] {logging_mixin.py:115} INFO - [2022-06-23 10:41:06,465] {dagbag.py:507} INFO - Filling up the DagBag from /home/osboxes/.local/lib/python3.8/site-packages/airflow/example_dags/example_xcomargs.py
[2022-06-23 10:41:06,492] {processor.py:651} INFO - DAG(s) dict_keys(['example_xcom_args', 'example_xcom_args_with_operators']) retrieved from /home/osboxes/.local/lib/python3.8/site-packages/airflow/example_dags/example_xcomargs.py
[2022-06-23 10:41:06,515] {logging_mixin.py:115} INFO - [2022-06-23 10:41:06,515] {dag.py:2371} INFO - Sync 2 DAGs
[2022-06-23 10:41:06,534] {logging_mixin.py:115} INFO - [2022-06-23 10:41:06,534] {dag.py:2915} INFO - Setting next_dagrun for example_xcom_args to None, run_after=None
[2022-06-23 10:41:06,534] {logging_mixin.py:115} INFO - [2022-06-23 10:41:06,534] {dag.py:2915} INFO - Setting next_dagrun for example_xcom_args_with_operators to None, run_after=None
[2022-06-23 10:41:06,595] {processor.py:161} INFO - Processing /home/osboxes/.local/lib/python3.8/site-packages/airflow/example_dags/example_xcomargs.py took 0.166 seconds
[2022-06-23 10:41:40,833] {processor.py:153} INFO - Started process (PID=35569) to work on /home/osboxes/.local/lib/python3.8/site-packages/airflow/example_dags/example_xcomargs.py
[2022-06-23 10:41:40,834] {processor.py:641} INFO - Processing file /home/osboxes/.local/lib/python3.8/site-packages/airflow/example_dags/example_xcomargs.py for tasks to queue
[2022-06-23 10:41:40,834] {logging_mixin.py:115} INFO - [2022-06-23 10:41:40,834] {dagbag.py:507} INFO - Filling up the DagBag from /home/osboxes/.local/lib/python3.8/site-packages/airflow/example_dags/example_xcomargs.py
[2022-06-23 10:41:40,850] {processor.py:651} INFO - DAG(s) dict_keys(['example_xcom_args', 'example_xcom_args_with_operators']) retrieved from /home/osboxes/.local/lib/python3.8/site-packages/airflow/example_dags/example_xcomargs.py
[2022-06-23 10:41:40,868] {logging_mixin.py:115} INFO - [2022-06-23 10:41:40,868] {dag.py:2371} INFO - Sync 2 DAGs
[2022-06-23 10:41:40,883] {logging_mixin.py:115} INFO - [2022-06-23 10:41:40,883] {dag.py:2915} INFO - Setting next_dagrun for example_xcom_args to None, run_after=None
[2022-06-23 10:41:40,886] {logging_mixin.py:115} INFO - [2022-06-23 10:41:40,886] {dag.py:2915} INFO - Setting next_dagrun for example_xcom_args_with_operators to None, run_after=None
[2022-06-23 10:41:40,930] {processor.py:161} INFO - Processing /home/osboxes/.local/lib/python3.8/site-packages/airflow/example_dags/example_xcomargs.py took 0.099 seconds
[2022-06-23 10:42:15,334] {processor.py:153} INFO - Started process (PID=35918) to work on /home/osboxes/.local/lib/python3.8/site-packages/airflow/example_dags/example_xcomargs.py
[2022-06-23 10:42:15,381] {processor.py:641} INFO - Processing file /home/osboxes/.local/lib/python3.8/site-packages/airflow/example_dags/example_xcomargs.py for tasks to queue
[2022-06-23 10:42:15,382] {logging_mixin.py:115} INFO - [2022-06-23 10:42:15,382] {dagbag.py:507} INFO - Filling up the DagBag from /home/osboxes/.local/lib/python3.8/site-packages/airflow/example_dags/example_xcomargs.py
[2022-06-23 10:42:15,413] {processor.py:651} INFO - DAG(s) dict_keys(['example_xcom_args', 'example_xcom_args_with_operators']) retrieved from /home/osboxes/.local/lib/python3.8/site-packages/airflow/example_dags/example_xcomargs.py
[2022-06-23 10:42:15,462] {logging_mixin.py:115} INFO - [2022-06-23 10:42:15,462] {dag.py:2371} INFO - Sync 2 DAGs
[2022-06-23 10:42:15,484] {logging_mixin.py:115} INFO - [2022-06-23 10:42:15,484] {dag.py:2915} INFO - Setting next_dagrun for example_xcom_args to None, run_after=None
[2022-06-23 10:42:15,544] {logging_mixin.py:115} INFO - [2022-06-23 10:42:15,544] {dag.py:2915} INFO - Setting next_dagrun for example_xcom_args_with_operators to None, run_after=None
[2022-06-23 10:42:15,969] {processor.py:161} INFO - Processing /home/osboxes/.local/lib/python3.8/site-packages/airflow/example_dags/example_xcomargs.py took 0.637 seconds
[2022-06-23 10:42:51,702] {processor.py:153} INFO - Started process (PID=36363) to work on /home/osboxes/.local/lib/python3.8/site-packages/airflow/example_dags/example_xcomargs.py
[2022-06-23 10:42:51,777] {processor.py:641} INFO - Processing file /home/osboxes/.local/lib/python3.8/site-packages/airflow/example_dags/example_xcomargs.py for tasks to queue
[2022-06-23 10:42:51,777] {logging_mixin.py:115} INFO - [2022-06-23 10:42:51,777] {dagbag.py:507} INFO - Filling up the DagBag from /home/osboxes/.local/lib/python3.8/site-packages/airflow/example_dags/example_xcomargs.py
[2022-06-23 10:42:51,817] {processor.py:651} INFO - DAG(s) dict_keys(['example_xcom_args', 'example_xcom_args_with_operators']) retrieved from /home/osboxes/.local/lib/python3.8/site-packages/airflow/example_dags/example_xcomargs.py
[2022-06-23 10:42:51,914] {logging_mixin.py:115} INFO - [2022-06-23 10:42:51,914] {dag.py:2371} INFO - Sync 2 DAGs
[2022-06-23 10:42:51,934] {logging_mixin.py:115} INFO - [2022-06-23 10:42:51,934] {dag.py:2915} INFO - Setting next_dagrun for example_xcom_args to None, run_after=None
[2022-06-23 10:42:51,935] {logging_mixin.py:115} INFO - [2022-06-23 10:42:51,935] {dag.py:2915} INFO - Setting next_dagrun for example_xcom_args_with_operators to None, run_after=None
[2022-06-23 10:42:51,978] {processor.py:161} INFO - Processing /home/osboxes/.local/lib/python3.8/site-packages/airflow/example_dags/example_xcomargs.py took 0.278 seconds
[2022-06-23 10:43:32,765] {processor.py:153} INFO - Started process (PID=36750) to work on /home/osboxes/.local/lib/python3.8/site-packages/airflow/example_dags/example_xcomargs.py
[2022-06-23 10:43:32,783] {processor.py:641} INFO - Processing file /home/osboxes/.local/lib/python3.8/site-packages/airflow/example_dags/example_xcomargs.py for tasks to queue
[2022-06-23 10:43:32,789] {logging_mixin.py:115} INFO - [2022-06-23 10:43:32,789] {dagbag.py:507} INFO - Filling up the DagBag from /home/osboxes/.local/lib/python3.8/site-packages/airflow/example_dags/example_xcomargs.py
[2022-06-23 10:43:32,849] {processor.py:651} INFO - DAG(s) dict_keys(['example_xcom_args', 'example_xcom_args_with_operators']) retrieved from /home/osboxes/.local/lib/python3.8/site-packages/airflow/example_dags/example_xcomargs.py
[2022-06-23 10:43:33,035] {logging_mixin.py:115} INFO - [2022-06-23 10:43:33,035] {dag.py:2371} INFO - Sync 2 DAGs
[2022-06-23 10:43:33,110] {logging_mixin.py:115} INFO - [2022-06-23 10:43:33,110] {dag.py:2915} INFO - Setting next_dagrun for example_xcom_args to None, run_after=None
[2022-06-23 10:43:33,121] {logging_mixin.py:115} INFO - [2022-06-23 10:43:33,121] {dag.py:2915} INFO - Setting next_dagrun for example_xcom_args_with_operators to None, run_after=None
[2022-06-23 10:43:33,163] {processor.py:161} INFO - Processing /home/osboxes/.local/lib/python3.8/site-packages/airflow/example_dags/example_xcomargs.py took 0.400 seconds
[2022-06-23 10:44:10,131] {processor.py:153} INFO - Started process (PID=37318) to work on /home/osboxes/.local/lib/python3.8/site-packages/airflow/example_dags/example_xcomargs.py
[2022-06-23 10:44:10,155] {processor.py:641} INFO - Processing file /home/osboxes/.local/lib/python3.8/site-packages/airflow/example_dags/example_xcomargs.py for tasks to queue
[2022-06-23 10:44:10,158] {logging_mixin.py:115} INFO - [2022-06-23 10:44:10,158] {dagbag.py:507} INFO - Filling up the DagBag from /home/osboxes/.local/lib/python3.8/site-packages/airflow/example_dags/example_xcomargs.py
[2022-06-23 10:44:10,256] {processor.py:651} INFO - DAG(s) dict_keys(['example_xcom_args', 'example_xcom_args_with_operators']) retrieved from /home/osboxes/.local/lib/python3.8/site-packages/airflow/example_dags/example_xcomargs.py
[2022-06-23 10:44:10,318] {logging_mixin.py:115} INFO - [2022-06-23 10:44:10,318] {dag.py:2371} INFO - Sync 2 DAGs
[2022-06-23 10:44:10,371] {logging_mixin.py:115} INFO - [2022-06-23 10:44:10,371] {dag.py:2915} INFO - Setting next_dagrun for example_xcom_args to None, run_after=None
[2022-06-23 10:44:10,373] {logging_mixin.py:115} INFO - [2022-06-23 10:44:10,373] {dag.py:2915} INFO - Setting next_dagrun for example_xcom_args_with_operators to None, run_after=None
[2022-06-23 10:44:10,665] {processor.py:161} INFO - Processing /home/osboxes/.local/lib/python3.8/site-packages/airflow/example_dags/example_xcomargs.py took 0.612 seconds
[2022-06-23 10:44:46,286] {processor.py:153} INFO - Started process (PID=37700) to work on /home/osboxes/.local/lib/python3.8/site-packages/airflow/example_dags/example_xcomargs.py
[2022-06-23 10:44:46,308] {processor.py:641} INFO - Processing file /home/osboxes/.local/lib/python3.8/site-packages/airflow/example_dags/example_xcomargs.py for tasks to queue
[2022-06-23 10:44:46,314] {logging_mixin.py:115} INFO - [2022-06-23 10:44:46,314] {dagbag.py:507} INFO - Filling up the DagBag from /home/osboxes/.local/lib/python3.8/site-packages/airflow/example_dags/example_xcomargs.py
[2022-06-23 10:44:46,425] {processor.py:651} INFO - DAG(s) dict_keys(['example_xcom_args', 'example_xcom_args_with_operators']) retrieved from /home/osboxes/.local/lib/python3.8/site-packages/airflow/example_dags/example_xcomargs.py
[2022-06-23 10:44:46,613] {logging_mixin.py:115} INFO - [2022-06-23 10:44:46,613] {dag.py:2371} INFO - Sync 2 DAGs
[2022-06-23 10:44:46,741] {logging_mixin.py:115} INFO - [2022-06-23 10:44:46,741] {dag.py:2915} INFO - Setting next_dagrun for example_xcom_args to None, run_after=None
[2022-06-23 10:44:46,755] {logging_mixin.py:115} INFO - [2022-06-23 10:44:46,755] {dag.py:2915} INFO - Setting next_dagrun for example_xcom_args_with_operators to None, run_after=None
[2022-06-23 10:44:46,903] {processor.py:161} INFO - Processing /home/osboxes/.local/lib/python3.8/site-packages/airflow/example_dags/example_xcomargs.py took 0.630 seconds
[2022-06-23 10:45:25,732] {processor.py:153} INFO - Started process (PID=38188) to work on /home/osboxes/.local/lib/python3.8/site-packages/airflow/example_dags/example_xcomargs.py
[2022-06-23 10:45:25,738] {processor.py:641} INFO - Processing file /home/osboxes/.local/lib/python3.8/site-packages/airflow/example_dags/example_xcomargs.py for tasks to queue
[2022-06-23 10:45:25,739] {logging_mixin.py:115} INFO - [2022-06-23 10:45:25,739] {dagbag.py:507} INFO - Filling up the DagBag from /home/osboxes/.local/lib/python3.8/site-packages/airflow/example_dags/example_xcomargs.py
[2022-06-23 10:45:25,755] {processor.py:651} INFO - DAG(s) dict_keys(['example_xcom_args', 'example_xcom_args_with_operators']) retrieved from /home/osboxes/.local/lib/python3.8/site-packages/airflow/example_dags/example_xcomargs.py
[2022-06-23 10:45:25,776] {logging_mixin.py:115} INFO - [2022-06-23 10:45:25,776] {dag.py:2371} INFO - Sync 2 DAGs
[2022-06-23 10:45:25,795] {logging_mixin.py:115} INFO - [2022-06-23 10:45:25,795] {dag.py:2915} INFO - Setting next_dagrun for example_xcom_args to None, run_after=None
[2022-06-23 10:45:25,796] {logging_mixin.py:115} INFO - [2022-06-23 10:45:25,796] {dag.py:2915} INFO - Setting next_dagrun for example_xcom_args_with_operators to None, run_after=None
[2022-06-23 10:45:25,838] {processor.py:161} INFO - Processing /home/osboxes/.local/lib/python3.8/site-packages/airflow/example_dags/example_xcomargs.py took 0.108 seconds
[2022-06-23 10:46:02,461] {processor.py:153} INFO - Started process (PID=38508) to work on /home/osboxes/.local/lib/python3.8/site-packages/airflow/example_dags/example_xcomargs.py
[2022-06-23 10:46:02,465] {processor.py:641} INFO - Processing file /home/osboxes/.local/lib/python3.8/site-packages/airflow/example_dags/example_xcomargs.py for tasks to queue
[2022-06-23 10:46:02,465] {logging_mixin.py:115} INFO - [2022-06-23 10:46:02,465] {dagbag.py:507} INFO - Filling up the DagBag from /home/osboxes/.local/lib/python3.8/site-packages/airflow/example_dags/example_xcomargs.py
[2022-06-23 10:46:02,482] {processor.py:651} INFO - DAG(s) dict_keys(['example_xcom_args', 'example_xcom_args_with_operators']) retrieved from /home/osboxes/.local/lib/python3.8/site-packages/airflow/example_dags/example_xcomargs.py
[2022-06-23 10:46:02,501] {logging_mixin.py:115} INFO - [2022-06-23 10:46:02,501] {dag.py:2371} INFO - Sync 2 DAGs
[2022-06-23 10:46:02,518] {logging_mixin.py:115} INFO - [2022-06-23 10:46:02,518] {dag.py:2915} INFO - Setting next_dagrun for example_xcom_args to None, run_after=None
[2022-06-23 10:46:02,520] {logging_mixin.py:115} INFO - [2022-06-23 10:46:02,518] {dag.py:2915} INFO - Setting next_dagrun for example_xcom_args_with_operators to None, run_after=None
[2022-06-23 10:46:02,607] {processor.py:161} INFO - Processing /home/osboxes/.local/lib/python3.8/site-packages/airflow/example_dags/example_xcomargs.py took 0.148 seconds
[2022-06-23 10:46:41,550] {processor.py:153} INFO - Started process (PID=38965) to work on /home/osboxes/.local/lib/python3.8/site-packages/airflow/example_dags/example_xcomargs.py
[2022-06-23 10:46:41,554] {processor.py:641} INFO - Processing file /home/osboxes/.local/lib/python3.8/site-packages/airflow/example_dags/example_xcomargs.py for tasks to queue
[2022-06-23 10:46:41,554] {logging_mixin.py:115} INFO - [2022-06-23 10:46:41,554] {dagbag.py:507} INFO - Filling up the DagBag from /home/osboxes/.local/lib/python3.8/site-packages/airflow/example_dags/example_xcomargs.py
[2022-06-23 10:46:41,570] {processor.py:651} INFO - DAG(s) dict_keys(['example_xcom_args', 'example_xcom_args_with_operators']) retrieved from /home/osboxes/.local/lib/python3.8/site-packages/airflow/example_dags/example_xcomargs.py
[2022-06-23 10:46:41,591] {logging_mixin.py:115} INFO - [2022-06-23 10:46:41,591] {dag.py:2371} INFO - Sync 2 DAGs
[2022-06-23 10:46:41,609] {logging_mixin.py:115} INFO - [2022-06-23 10:46:41,609] {dag.py:2915} INFO - Setting next_dagrun for example_xcom_args to None, run_after=None
[2022-06-23 10:46:41,609] {logging_mixin.py:115} INFO - [2022-06-23 10:46:41,609] {dag.py:2915} INFO - Setting next_dagrun for example_xcom_args_with_operators to None, run_after=None
[2022-06-23 10:46:41,640] {processor.py:161} INFO - Processing /home/osboxes/.local/lib/python3.8/site-packages/airflow/example_dags/example_xcomargs.py took 0.092 seconds
[2022-06-23 10:47:18,138] {processor.py:153} INFO - Started process (PID=39331) to work on /home/osboxes/.local/lib/python3.8/site-packages/airflow/example_dags/example_xcomargs.py
[2022-06-23 10:47:18,257] {processor.py:641} INFO - Processing file /home/osboxes/.local/lib/python3.8/site-packages/airflow/example_dags/example_xcomargs.py for tasks to queue
[2022-06-23 10:47:18,258] {logging_mixin.py:115} INFO - [2022-06-23 10:47:18,258] {dagbag.py:507} INFO - Filling up the DagBag from /home/osboxes/.local/lib/python3.8/site-packages/airflow/example_dags/example_xcomargs.py
[2022-06-23 10:47:18,434] {processor.py:651} INFO - DAG(s) dict_keys(['example_xcom_args', 'example_xcom_args_with_operators']) retrieved from /home/osboxes/.local/lib/python3.8/site-packages/airflow/example_dags/example_xcomargs.py
[2022-06-23 10:47:18,592] {logging_mixin.py:115} INFO - [2022-06-23 10:47:18,592] {dag.py:2371} INFO - Sync 2 DAGs
[2022-06-23 10:47:18,654] {logging_mixin.py:115} INFO - [2022-06-23 10:47:18,654] {dag.py:2915} INFO - Setting next_dagrun for example_xcom_args to None, run_after=None
[2022-06-23 10:47:18,746] {logging_mixin.py:115} INFO - [2022-06-23 10:47:18,746] {dag.py:2915} INFO - Setting next_dagrun for example_xcom_args_with_operators to None, run_after=None
[2022-06-23 10:47:19,042] {processor.py:161} INFO - Processing /home/osboxes/.local/lib/python3.8/site-packages/airflow/example_dags/example_xcomargs.py took 0.910 seconds
[2022-06-23 10:47:57,030] {processor.py:153} INFO - Started process (PID=39710) to work on /home/osboxes/.local/lib/python3.8/site-packages/airflow/example_dags/example_xcomargs.py
[2022-06-23 10:47:57,034] {processor.py:641} INFO - Processing file /home/osboxes/.local/lib/python3.8/site-packages/airflow/example_dags/example_xcomargs.py for tasks to queue
[2022-06-23 10:47:57,034] {logging_mixin.py:115} INFO - [2022-06-23 10:47:57,034] {dagbag.py:507} INFO - Filling up the DagBag from /home/osboxes/.local/lib/python3.8/site-packages/airflow/example_dags/example_xcomargs.py
[2022-06-23 10:47:57,050] {processor.py:651} INFO - DAG(s) dict_keys(['example_xcom_args', 'example_xcom_args_with_operators']) retrieved from /home/osboxes/.local/lib/python3.8/site-packages/airflow/example_dags/example_xcomargs.py
[2022-06-23 10:47:57,100] {logging_mixin.py:115} INFO - [2022-06-23 10:47:57,100] {dag.py:2371} INFO - Sync 2 DAGs
[2022-06-23 10:47:57,125] {logging_mixin.py:115} INFO - [2022-06-23 10:47:57,125] {dag.py:2915} INFO - Setting next_dagrun for example_xcom_args to None, run_after=None
[2022-06-23 10:47:57,125] {logging_mixin.py:115} INFO - [2022-06-23 10:47:57,125] {dag.py:2915} INFO - Setting next_dagrun for example_xcom_args_with_operators to None, run_after=None
[2022-06-23 10:47:57,176] {processor.py:161} INFO - Processing /home/osboxes/.local/lib/python3.8/site-packages/airflow/example_dags/example_xcomargs.py took 0.148 seconds
[2022-06-23 10:48:28,631] {processor.py:153} INFO - Started process (PID=40018) to work on /home/osboxes/.local/lib/python3.8/site-packages/airflow/example_dags/example_xcomargs.py
[2022-06-23 10:48:28,646] {processor.py:641} INFO - Processing file /home/osboxes/.local/lib/python3.8/site-packages/airflow/example_dags/example_xcomargs.py for tasks to queue
[2022-06-23 10:48:28,646] {logging_mixin.py:115} INFO - [2022-06-23 10:48:28,646] {dagbag.py:507} INFO - Filling up the DagBag from /home/osboxes/.local/lib/python3.8/site-packages/airflow/example_dags/example_xcomargs.py
[2022-06-23 10:48:28,735] {processor.py:651} INFO - DAG(s) dict_keys(['example_xcom_args', 'example_xcom_args_with_operators']) retrieved from /home/osboxes/.local/lib/python3.8/site-packages/airflow/example_dags/example_xcomargs.py
[2022-06-23 10:48:28,899] {logging_mixin.py:115} INFO - [2022-06-23 10:48:28,899] {dag.py:2371} INFO - Sync 2 DAGs
[2022-06-23 10:48:28,922] {logging_mixin.py:115} INFO - [2022-06-23 10:48:28,922] {dag.py:2915} INFO - Setting next_dagrun for example_xcom_args to None, run_after=None
[2022-06-23 10:48:28,922] {logging_mixin.py:115} INFO - [2022-06-23 10:48:28,922] {dag.py:2915} INFO - Setting next_dagrun for example_xcom_args_with_operators to None, run_after=None
[2022-06-23 10:48:29,059] {processor.py:161} INFO - Processing /home/osboxes/.local/lib/python3.8/site-packages/airflow/example_dags/example_xcomargs.py took 0.460 seconds
[2022-06-23 10:49:14,979] {processor.py:153} INFO - Started process (PID=40329) to work on /home/osboxes/.local/lib/python3.8/site-packages/airflow/example_dags/example_xcomargs.py
[2022-06-23 10:49:15,200] {processor.py:641} INFO - Processing file /home/osboxes/.local/lib/python3.8/site-packages/airflow/example_dags/example_xcomargs.py for tasks to queue
[2022-06-23 10:49:15,201] {logging_mixin.py:115} INFO - [2022-06-23 10:49:15,200] {dagbag.py:507} INFO - Filling up the DagBag from /home/osboxes/.local/lib/python3.8/site-packages/airflow/example_dags/example_xcomargs.py
[2022-06-23 10:49:15,251] {processor.py:651} INFO - DAG(s) dict_keys(['example_xcom_args', 'example_xcom_args_with_operators']) retrieved from /home/osboxes/.local/lib/python3.8/site-packages/airflow/example_dags/example_xcomargs.py
[2022-06-23 10:49:15,291] {logging_mixin.py:115} INFO - [2022-06-23 10:49:15,290] {dag.py:2371} INFO - Sync 2 DAGs
[2022-06-23 10:49:15,310] {logging_mixin.py:115} INFO - [2022-06-23 10:49:15,310] {dag.py:2915} INFO - Setting next_dagrun for example_xcom_args to None, run_after=None
[2022-06-23 10:49:15,310] {logging_mixin.py:115} INFO - [2022-06-23 10:49:15,310] {dag.py:2915} INFO - Setting next_dagrun for example_xcom_args_with_operators to None, run_after=None
[2022-06-23 10:49:15,353] {processor.py:161} INFO - Processing /home/osboxes/.local/lib/python3.8/site-packages/airflow/example_dags/example_xcomargs.py took 0.387 seconds
[2022-06-23 10:50:14,264] {processor.py:153} INFO - Started process (PID=40855) to work on /home/osboxes/.local/lib/python3.8/site-packages/airflow/example_dags/example_xcomargs.py
[2022-06-23 10:50:14,272] {processor.py:641} INFO - Processing file /home/osboxes/.local/lib/python3.8/site-packages/airflow/example_dags/example_xcomargs.py for tasks to queue
[2022-06-23 10:50:14,274] {logging_mixin.py:115} INFO - [2022-06-23 10:50:14,274] {dagbag.py:507} INFO - Filling up the DagBag from /home/osboxes/.local/lib/python3.8/site-packages/airflow/example_dags/example_xcomargs.py
[2022-06-23 10:50:14,328] {processor.py:651} INFO - DAG(s) dict_keys(['example_xcom_args', 'example_xcom_args_with_operators']) retrieved from /home/osboxes/.local/lib/python3.8/site-packages/airflow/example_dags/example_xcomargs.py
[2022-06-23 10:50:14,435] {logging_mixin.py:115} INFO - [2022-06-23 10:50:14,435] {dag.py:2371} INFO - Sync 2 DAGs
[2022-06-23 10:50:14,515] {logging_mixin.py:115} INFO - [2022-06-23 10:50:14,515] {dag.py:2915} INFO - Setting next_dagrun for example_xcom_args to None, run_after=None
[2022-06-23 10:50:14,520] {logging_mixin.py:115} INFO - [2022-06-23 10:50:14,520] {dag.py:2915} INFO - Setting next_dagrun for example_xcom_args_with_operators to None, run_after=None
[2022-06-23 10:50:14,939] {processor.py:161} INFO - Processing /home/osboxes/.local/lib/python3.8/site-packages/airflow/example_dags/example_xcomargs.py took 0.693 seconds
[2022-06-23 10:50:59,325] {processor.py:153} INFO - Started process (PID=41332) to work on /home/osboxes/.local/lib/python3.8/site-packages/airflow/example_dags/example_xcomargs.py
[2022-06-23 10:50:59,328] {processor.py:641} INFO - Processing file /home/osboxes/.local/lib/python3.8/site-packages/airflow/example_dags/example_xcomargs.py for tasks to queue
[2022-06-23 10:50:59,329] {logging_mixin.py:115} INFO - [2022-06-23 10:50:59,329] {dagbag.py:507} INFO - Filling up the DagBag from /home/osboxes/.local/lib/python3.8/site-packages/airflow/example_dags/example_xcomargs.py
[2022-06-23 10:50:59,344] {processor.py:651} INFO - DAG(s) dict_keys(['example_xcom_args', 'example_xcom_args_with_operators']) retrieved from /home/osboxes/.local/lib/python3.8/site-packages/airflow/example_dags/example_xcomargs.py
[2022-06-23 10:50:59,363] {logging_mixin.py:115} INFO - [2022-06-23 10:50:59,363] {dag.py:2371} INFO - Sync 2 DAGs
[2022-06-23 10:50:59,379] {logging_mixin.py:115} INFO - [2022-06-23 10:50:59,379] {dag.py:2915} INFO - Setting next_dagrun for example_xcom_args to None, run_after=None
[2022-06-23 10:50:59,380] {logging_mixin.py:115} INFO - [2022-06-23 10:50:59,380] {dag.py:2915} INFO - Setting next_dagrun for example_xcom_args_with_operators to None, run_after=None
[2022-06-23 10:50:59,409] {processor.py:161} INFO - Processing /home/osboxes/.local/lib/python3.8/site-packages/airflow/example_dags/example_xcomargs.py took 0.086 seconds
[2022-06-23 10:51:30,793] {processor.py:153} INFO - Started process (PID=41672) to work on /home/osboxes/.local/lib/python3.8/site-packages/airflow/example_dags/example_xcomargs.py
[2022-06-23 10:51:30,803] {processor.py:641} INFO - Processing file /home/osboxes/.local/lib/python3.8/site-packages/airflow/example_dags/example_xcomargs.py for tasks to queue
[2022-06-23 10:51:30,803] {logging_mixin.py:115} INFO - [2022-06-23 10:51:30,803] {dagbag.py:507} INFO - Filling up the DagBag from /home/osboxes/.local/lib/python3.8/site-packages/airflow/example_dags/example_xcomargs.py
[2022-06-23 10:51:30,825] {processor.py:651} INFO - DAG(s) dict_keys(['example_xcom_args', 'example_xcom_args_with_operators']) retrieved from /home/osboxes/.local/lib/python3.8/site-packages/airflow/example_dags/example_xcomargs.py
[2022-06-23 10:51:30,846] {logging_mixin.py:115} INFO - [2022-06-23 10:51:30,846] {dag.py:2371} INFO - Sync 2 DAGs
[2022-06-23 10:51:30,869] {logging_mixin.py:115} INFO - [2022-06-23 10:51:30,869] {dag.py:2915} INFO - Setting next_dagrun for example_xcom_args to None, run_after=None
[2022-06-23 10:51:30,869] {logging_mixin.py:115} INFO - [2022-06-23 10:51:30,869] {dag.py:2915} INFO - Setting next_dagrun for example_xcom_args_with_operators to None, run_after=None
[2022-06-23 10:51:30,927] {processor.py:161} INFO - Processing /home/osboxes/.local/lib/python3.8/site-packages/airflow/example_dags/example_xcomargs.py took 0.137 seconds
[2022-06-23 10:52:09,761] {processor.py:153} INFO - Started process (PID=42018) to work on /home/osboxes/.local/lib/python3.8/site-packages/airflow/example_dags/example_xcomargs.py
[2022-06-23 10:52:09,763] {processor.py:641} INFO - Processing file /home/osboxes/.local/lib/python3.8/site-packages/airflow/example_dags/example_xcomargs.py for tasks to queue
[2022-06-23 10:52:09,764] {logging_mixin.py:115} INFO - [2022-06-23 10:52:09,764] {dagbag.py:507} INFO - Filling up the DagBag from /home/osboxes/.local/lib/python3.8/site-packages/airflow/example_dags/example_xcomargs.py
[2022-06-23 10:52:09,782] {processor.py:651} INFO - DAG(s) dict_keys(['example_xcom_args', 'example_xcom_args_with_operators']) retrieved from /home/osboxes/.local/lib/python3.8/site-packages/airflow/example_dags/example_xcomargs.py
[2022-06-23 10:52:09,802] {logging_mixin.py:115} INFO - [2022-06-23 10:52:09,802] {dag.py:2371} INFO - Sync 2 DAGs
[2022-06-23 10:52:09,821] {logging_mixin.py:115} INFO - [2022-06-23 10:52:09,821] {dag.py:2915} INFO - Setting next_dagrun for example_xcom_args to None, run_after=None
[2022-06-23 10:52:09,822] {logging_mixin.py:115} INFO - [2022-06-23 10:52:09,822] {dag.py:2915} INFO - Setting next_dagrun for example_xcom_args_with_operators to None, run_after=None
[2022-06-23 10:52:09,899] {processor.py:161} INFO - Processing /home/osboxes/.local/lib/python3.8/site-packages/airflow/example_dags/example_xcomargs.py took 0.139 seconds
[2022-06-23 10:52:44,369] {processor.py:153} INFO - Started process (PID=42321) to work on /home/osboxes/.local/lib/python3.8/site-packages/airflow/example_dags/example_xcomargs.py
[2022-06-23 10:52:44,430] {processor.py:641} INFO - Processing file /home/osboxes/.local/lib/python3.8/site-packages/airflow/example_dags/example_xcomargs.py for tasks to queue
[2022-06-23 10:52:44,430] {logging_mixin.py:115} INFO - [2022-06-23 10:52:44,430] {dagbag.py:507} INFO - Filling up the DagBag from /home/osboxes/.local/lib/python3.8/site-packages/airflow/example_dags/example_xcomargs.py
[2022-06-23 10:52:44,543] {processor.py:651} INFO - DAG(s) dict_keys(['example_xcom_args', 'example_xcom_args_with_operators']) retrieved from /home/osboxes/.local/lib/python3.8/site-packages/airflow/example_dags/example_xcomargs.py
[2022-06-23 10:52:44,759] {logging_mixin.py:115} INFO - [2022-06-23 10:52:44,759] {dag.py:2371} INFO - Sync 2 DAGs
[2022-06-23 10:52:44,809] {logging_mixin.py:115} INFO - [2022-06-23 10:52:44,809] {dag.py:2915} INFO - Setting next_dagrun for example_xcom_args to None, run_after=None
[2022-06-23 10:52:44,842] {logging_mixin.py:115} INFO - [2022-06-23 10:52:44,841] {dag.py:2915} INFO - Setting next_dagrun for example_xcom_args_with_operators to None, run_after=None
[2022-06-23 10:52:44,980] {processor.py:161} INFO - Processing /home/osboxes/.local/lib/python3.8/site-packages/airflow/example_dags/example_xcomargs.py took 0.614 seconds
[2022-06-23 10:53:54,949] {processor.py:153} INFO - Started process (PID=42844) to work on /home/osboxes/.local/lib/python3.8/site-packages/airflow/example_dags/example_xcomargs.py
[2022-06-23 10:53:54,960] {processor.py:641} INFO - Processing file /home/osboxes/.local/lib/python3.8/site-packages/airflow/example_dags/example_xcomargs.py for tasks to queue
[2022-06-23 10:53:54,960] {logging_mixin.py:115} INFO - [2022-06-23 10:53:54,960] {dagbag.py:507} INFO - Filling up the DagBag from /home/osboxes/.local/lib/python3.8/site-packages/airflow/example_dags/example_xcomargs.py
[2022-06-23 10:53:54,980] {processor.py:651} INFO - DAG(s) dict_keys(['example_xcom_args', 'example_xcom_args_with_operators']) retrieved from /home/osboxes/.local/lib/python3.8/site-packages/airflow/example_dags/example_xcomargs.py
[2022-06-23 10:53:55,081] {logging_mixin.py:115} INFO - [2022-06-23 10:53:55,081] {dag.py:2371} INFO - Sync 2 DAGs
[2022-06-23 10:53:55,121] {logging_mixin.py:115} INFO - [2022-06-23 10:53:55,120] {dag.py:2915} INFO - Setting next_dagrun for example_xcom_args to None, run_after=None
[2022-06-23 10:53:55,121] {logging_mixin.py:115} INFO - [2022-06-23 10:53:55,121] {dag.py:2915} INFO - Setting next_dagrun for example_xcom_args_with_operators to None, run_after=None
[2022-06-23 10:53:55,172] {processor.py:161} INFO - Processing /home/osboxes/.local/lib/python3.8/site-packages/airflow/example_dags/example_xcomargs.py took 0.227 seconds
[2022-06-23 10:55:15,136] {processor.py:153} INFO - Started process (PID=43464) to work on /home/osboxes/.local/lib/python3.8/site-packages/airflow/example_dags/example_xcomargs.py
[2022-06-23 10:55:15,149] {processor.py:641} INFO - Processing file /home/osboxes/.local/lib/python3.8/site-packages/airflow/example_dags/example_xcomargs.py for tasks to queue
[2022-06-23 10:55:15,150] {logging_mixin.py:115} INFO - [2022-06-23 10:55:15,149] {dagbag.py:507} INFO - Filling up the DagBag from /home/osboxes/.local/lib/python3.8/site-packages/airflow/example_dags/example_xcomargs.py
[2022-06-23 10:55:15,270] {processor.py:651} INFO - DAG(s) dict_keys(['example_xcom_args', 'example_xcom_args_with_operators']) retrieved from /home/osboxes/.local/lib/python3.8/site-packages/airflow/example_dags/example_xcomargs.py
[2022-06-23 10:55:15,506] {logging_mixin.py:115} INFO - [2022-06-23 10:55:15,486] {dag.py:2371} INFO - Sync 2 DAGs
[2022-06-23 10:55:15,582] {logging_mixin.py:115} INFO - [2022-06-23 10:55:15,582] {dag.py:2915} INFO - Setting next_dagrun for example_xcom_args to None, run_after=None
[2022-06-23 10:55:15,597] {logging_mixin.py:115} INFO - [2022-06-23 10:55:15,597] {dag.py:2915} INFO - Setting next_dagrun for example_xcom_args_with_operators to None, run_after=None
[2022-06-23 10:55:17,144] {processor.py:161} INFO - Processing /home/osboxes/.local/lib/python3.8/site-packages/airflow/example_dags/example_xcomargs.py took 2.023 seconds
[2022-06-23 10:56:02,829] {processor.py:153} INFO - Started process (PID=43893) to work on /home/osboxes/.local/lib/python3.8/site-packages/airflow/example_dags/example_xcomargs.py
[2022-06-23 10:56:02,840] {processor.py:641} INFO - Processing file /home/osboxes/.local/lib/python3.8/site-packages/airflow/example_dags/example_xcomargs.py for tasks to queue
[2022-06-23 10:56:02,840] {logging_mixin.py:115} INFO - [2022-06-23 10:56:02,840] {dagbag.py:507} INFO - Filling up the DagBag from /home/osboxes/.local/lib/python3.8/site-packages/airflow/example_dags/example_xcomargs.py
[2022-06-23 10:56:02,855] {processor.py:651} INFO - DAG(s) dict_keys(['example_xcom_args', 'example_xcom_args_with_operators']) retrieved from /home/osboxes/.local/lib/python3.8/site-packages/airflow/example_dags/example_xcomargs.py
[2022-06-23 10:56:02,872] {logging_mixin.py:115} INFO - [2022-06-23 10:56:02,872] {dag.py:2371} INFO - Sync 2 DAGs
[2022-06-23 10:56:02,889] {logging_mixin.py:115} INFO - [2022-06-23 10:56:02,889] {dag.py:2915} INFO - Setting next_dagrun for example_xcom_args to None, run_after=None
[2022-06-23 10:56:02,889] {logging_mixin.py:115} INFO - [2022-06-23 10:56:02,889] {dag.py:2915} INFO - Setting next_dagrun for example_xcom_args_with_operators to None, run_after=None
[2022-06-23 10:56:02,934] {processor.py:161} INFO - Processing /home/osboxes/.local/lib/python3.8/site-packages/airflow/example_dags/example_xcomargs.py took 0.107 seconds
[2022-06-23 10:56:41,865] {processor.py:153} INFO - Started process (PID=44221) to work on /home/osboxes/.local/lib/python3.8/site-packages/airflow/example_dags/example_xcomargs.py
[2022-06-23 10:56:41,867] {processor.py:641} INFO - Processing file /home/osboxes/.local/lib/python3.8/site-packages/airflow/example_dags/example_xcomargs.py for tasks to queue
[2022-06-23 10:56:41,867] {logging_mixin.py:115} INFO - [2022-06-23 10:56:41,867] {dagbag.py:507} INFO - Filling up the DagBag from /home/osboxes/.local/lib/python3.8/site-packages/airflow/example_dags/example_xcomargs.py
[2022-06-23 10:56:41,884] {processor.py:651} INFO - DAG(s) dict_keys(['example_xcom_args', 'example_xcom_args_with_operators']) retrieved from /home/osboxes/.local/lib/python3.8/site-packages/airflow/example_dags/example_xcomargs.py
[2022-06-23 10:56:41,901] {logging_mixin.py:115} INFO - [2022-06-23 10:56:41,901] {dag.py:2371} INFO - Sync 2 DAGs
[2022-06-23 10:56:41,918] {logging_mixin.py:115} INFO - [2022-06-23 10:56:41,918] {dag.py:2915} INFO - Setting next_dagrun for example_xcom_args to None, run_after=None
[2022-06-23 10:56:41,918] {logging_mixin.py:115} INFO - [2022-06-23 10:56:41,918] {dag.py:2915} INFO - Setting next_dagrun for example_xcom_args_with_operators to None, run_after=None
[2022-06-23 10:56:41,959] {processor.py:161} INFO - Processing /home/osboxes/.local/lib/python3.8/site-packages/airflow/example_dags/example_xcomargs.py took 0.096 seconds
[2022-06-23 10:57:18,287] {processor.py:153} INFO - Started process (PID=44516) to work on /home/osboxes/.local/lib/python3.8/site-packages/airflow/example_dags/example_xcomargs.py
[2022-06-23 10:57:18,302] {processor.py:641} INFO - Processing file /home/osboxes/.local/lib/python3.8/site-packages/airflow/example_dags/example_xcomargs.py for tasks to queue
[2022-06-23 10:57:18,303] {logging_mixin.py:115} INFO - [2022-06-23 10:57:18,303] {dagbag.py:507} INFO - Filling up the DagBag from /home/osboxes/.local/lib/python3.8/site-packages/airflow/example_dags/example_xcomargs.py
[2022-06-23 10:57:18,319] {processor.py:651} INFO - DAG(s) dict_keys(['example_xcom_args', 'example_xcom_args_with_operators']) retrieved from /home/osboxes/.local/lib/python3.8/site-packages/airflow/example_dags/example_xcomargs.py
[2022-06-23 10:57:18,338] {logging_mixin.py:115} INFO - [2022-06-23 10:57:18,338] {dag.py:2371} INFO - Sync 2 DAGs
[2022-06-23 10:57:18,354] {logging_mixin.py:115} INFO - [2022-06-23 10:57:18,354] {dag.py:2915} INFO - Setting next_dagrun for example_xcom_args to None, run_after=None
[2022-06-23 10:57:18,354] {logging_mixin.py:115} INFO - [2022-06-23 10:57:18,354] {dag.py:2915} INFO - Setting next_dagrun for example_xcom_args_with_operators to None, run_after=None
[2022-06-23 10:57:18,434] {processor.py:161} INFO - Processing /home/osboxes/.local/lib/python3.8/site-packages/airflow/example_dags/example_xcomargs.py took 0.149 seconds
[2022-06-23 10:58:07,031] {processor.py:153} INFO - Started process (PID=45018) to work on /home/osboxes/.local/lib/python3.8/site-packages/airflow/example_dags/example_xcomargs.py
[2022-06-23 10:58:07,034] {processor.py:641} INFO - Processing file /home/osboxes/.local/lib/python3.8/site-packages/airflow/example_dags/example_xcomargs.py for tasks to queue
[2022-06-23 10:58:07,034] {logging_mixin.py:115} INFO - [2022-06-23 10:58:07,034] {dagbag.py:507} INFO - Filling up the DagBag from /home/osboxes/.local/lib/python3.8/site-packages/airflow/example_dags/example_xcomargs.py
[2022-06-23 10:58:07,086] {processor.py:651} INFO - DAG(s) dict_keys(['example_xcom_args', 'example_xcom_args_with_operators']) retrieved from /home/osboxes/.local/lib/python3.8/site-packages/airflow/example_dags/example_xcomargs.py
[2022-06-23 10:58:07,248] {logging_mixin.py:115} INFO - [2022-06-23 10:58:07,248] {dag.py:2371} INFO - Sync 2 DAGs
[2022-06-23 10:58:07,290] {logging_mixin.py:115} INFO - [2022-06-23 10:58:07,290] {dag.py:2915} INFO - Setting next_dagrun for example_xcom_args to None, run_after=None
[2022-06-23 10:58:07,291] {logging_mixin.py:115} INFO - [2022-06-23 10:58:07,291] {dag.py:2915} INFO - Setting next_dagrun for example_xcom_args_with_operators to None, run_after=None
[2022-06-23 10:58:07,622] {processor.py:161} INFO - Processing /home/osboxes/.local/lib/python3.8/site-packages/airflow/example_dags/example_xcomargs.py took 0.593 seconds
[2022-06-23 10:58:45,170] {processor.py:153} INFO - Started process (PID=45484) to work on /home/osboxes/.local/lib/python3.8/site-packages/airflow/example_dags/example_xcomargs.py
[2022-06-23 10:58:45,173] {processor.py:641} INFO - Processing file /home/osboxes/.local/lib/python3.8/site-packages/airflow/example_dags/example_xcomargs.py for tasks to queue
[2022-06-23 10:58:45,173] {logging_mixin.py:115} INFO - [2022-06-23 10:58:45,173] {dagbag.py:507} INFO - Filling up the DagBag from /home/osboxes/.local/lib/python3.8/site-packages/airflow/example_dags/example_xcomargs.py
[2022-06-23 10:58:45,187] {processor.py:651} INFO - DAG(s) dict_keys(['example_xcom_args', 'example_xcom_args_with_operators']) retrieved from /home/osboxes/.local/lib/python3.8/site-packages/airflow/example_dags/example_xcomargs.py
[2022-06-23 10:58:45,234] {logging_mixin.py:115} INFO - [2022-06-23 10:58:45,233] {dag.py:2371} INFO - Sync 2 DAGs
[2022-06-23 10:58:45,248] {logging_mixin.py:115} INFO - [2022-06-23 10:58:45,248] {dag.py:2915} INFO - Setting next_dagrun for example_xcom_args to None, run_after=None
[2022-06-23 10:58:45,248] {logging_mixin.py:115} INFO - [2022-06-23 10:58:45,248] {dag.py:2915} INFO - Setting next_dagrun for example_xcom_args_with_operators to None, run_after=None
[2022-06-23 10:58:45,332] {processor.py:161} INFO - Processing /home/osboxes/.local/lib/python3.8/site-packages/airflow/example_dags/example_xcomargs.py took 0.165 seconds
