[2022-06-23 10:27:49,882] {processor.py:153} INFO - Started process (PID=27166) to work on /home/osboxes/.local/lib/python3.8/site-packages/airflow/example_dags/tutorial.py
[2022-06-23 10:27:49,884] {processor.py:641} INFO - Processing file /home/osboxes/.local/lib/python3.8/site-packages/airflow/example_dags/tutorial.py for tasks to queue
[2022-06-23 10:27:49,884] {logging_mixin.py:115} INFO - [2022-06-23 10:27:49,884] {dagbag.py:507} INFO - Filling up the DagBag from /home/osboxes/.local/lib/python3.8/site-packages/airflow/example_dags/tutorial.py
[2022-06-23 10:27:49,905] {processor.py:651} INFO - DAG(s) dict_keys(['tutorial']) retrieved from /home/osboxes/.local/lib/python3.8/site-packages/airflow/example_dags/tutorial.py
[2022-06-23 10:27:51,754] {logging_mixin.py:115} INFO - [2022-06-23 10:27:51,754] {manager.py:508} INFO - Created Permission View: can edit on DAG:tutorial
[2022-06-23 10:27:52,705] {logging_mixin.py:115} INFO - [2022-06-23 10:27:52,704] {manager.py:508} INFO - Created Permission View: can read on DAG:tutorial
[2022-06-23 10:27:52,866] {logging_mixin.py:115} INFO - [2022-06-23 10:27:52,865] {manager.py:508} INFO - Created Permission View: can delete on DAG:tutorial
[2022-06-23 10:27:52,866] {logging_mixin.py:115} INFO - [2022-06-23 10:27:52,866] {dag.py:2371} INFO - Sync 1 DAGs
[2022-06-23 10:27:52,896] {logging_mixin.py:115} INFO - [2022-06-23 10:27:52,896] {dag.py:2390} INFO - Creating ORM DAG for tutorial
[2022-06-23 10:27:52,922] {logging_mixin.py:115} INFO - [2022-06-23 10:27:52,922] {dag.py:2915} INFO - Setting next_dagrun for tutorial to 2022-06-22T14:27:52.922451+00:00, run_after=2022-06-23T14:27:52.922451+00:00
[2022-06-23 10:27:53,286] {processor.py:161} INFO - Processing /home/osboxes/.local/lib/python3.8/site-packages/airflow/example_dags/tutorial.py took 3.406 seconds
[2022-06-23 10:29:05,304] {processor.py:153} INFO - Started process (PID=28012) to work on /home/osboxes/.local/lib/python3.8/site-packages/airflow/example_dags/tutorial.py
[2022-06-23 10:29:05,316] {processor.py:641} INFO - Processing file /home/osboxes/.local/lib/python3.8/site-packages/airflow/example_dags/tutorial.py for tasks to queue
[2022-06-23 10:29:05,316] {logging_mixin.py:115} INFO - [2022-06-23 10:29:05,316] {dagbag.py:507} INFO - Filling up the DagBag from /home/osboxes/.local/lib/python3.8/site-packages/airflow/example_dags/tutorial.py
[2022-06-23 10:29:05,321] {processor.py:651} INFO - DAG(s) dict_keys(['tutorial']) retrieved from /home/osboxes/.local/lib/python3.8/site-packages/airflow/example_dags/tutorial.py
[2022-06-23 10:29:05,338] {logging_mixin.py:115} INFO - [2022-06-23 10:29:05,338] {dag.py:2371} INFO - Sync 1 DAGs
[2022-06-23 10:29:05,354] {logging_mixin.py:115} INFO - [2022-06-23 10:29:05,354] {dag.py:2915} INFO - Setting next_dagrun for tutorial to 2022-06-22T14:29:05.353956+00:00, run_after=2022-06-23T14:29:05.353956+00:00
[2022-06-23 10:29:05,385] {processor.py:161} INFO - Processing /home/osboxes/.local/lib/python3.8/site-packages/airflow/example_dags/tutorial.py took 0.084 seconds
[2022-06-23 10:29:42,439] {processor.py:153} INFO - Started process (PID=28349) to work on /home/osboxes/.local/lib/python3.8/site-packages/airflow/example_dags/tutorial.py
[2022-06-23 10:29:42,472] {processor.py:641} INFO - Processing file /home/osboxes/.local/lib/python3.8/site-packages/airflow/example_dags/tutorial.py for tasks to queue
[2022-06-23 10:29:42,473] {logging_mixin.py:115} INFO - [2022-06-23 10:29:42,473] {dagbag.py:507} INFO - Filling up the DagBag from /home/osboxes/.local/lib/python3.8/site-packages/airflow/example_dags/tutorial.py
[2022-06-23 10:29:42,477] {processor.py:651} INFO - DAG(s) dict_keys(['tutorial']) retrieved from /home/osboxes/.local/lib/python3.8/site-packages/airflow/example_dags/tutorial.py
[2022-06-23 10:29:42,575] {logging_mixin.py:115} INFO - [2022-06-23 10:29:42,575] {dag.py:2371} INFO - Sync 1 DAGs
[2022-06-23 10:29:42,711] {logging_mixin.py:115} INFO - [2022-06-23 10:29:42,711] {dag.py:2915} INFO - Setting next_dagrun for tutorial to 2022-06-22T14:29:42.710823+00:00, run_after=2022-06-23T14:29:42.710823+00:00
[2022-06-23 10:29:43,061] {processor.py:161} INFO - Processing /home/osboxes/.local/lib/python3.8/site-packages/airflow/example_dags/tutorial.py took 0.625 seconds
[2022-06-23 10:30:18,851] {processor.py:153} INFO - Started process (PID=28646) to work on /home/osboxes/.local/lib/python3.8/site-packages/airflow/example_dags/tutorial.py
[2022-06-23 10:30:18,867] {processor.py:641} INFO - Processing file /home/osboxes/.local/lib/python3.8/site-packages/airflow/example_dags/tutorial.py for tasks to queue
[2022-06-23 10:30:18,867] {logging_mixin.py:115} INFO - [2022-06-23 10:30:18,867] {dagbag.py:507} INFO - Filling up the DagBag from /home/osboxes/.local/lib/python3.8/site-packages/airflow/example_dags/tutorial.py
[2022-06-23 10:30:18,872] {processor.py:651} INFO - DAG(s) dict_keys(['tutorial']) retrieved from /home/osboxes/.local/lib/python3.8/site-packages/airflow/example_dags/tutorial.py
[2022-06-23 10:30:18,957] {logging_mixin.py:115} INFO - [2022-06-23 10:30:18,957] {dag.py:2371} INFO - Sync 1 DAGs
[2022-06-23 10:30:19,045] {logging_mixin.py:115} INFO - [2022-06-23 10:30:19,045] {dag.py:2915} INFO - Setting next_dagrun for tutorial to 2022-06-22T14:30:19.045192+00:00, run_after=2022-06-23T14:30:19.045192+00:00
[2022-06-23 10:30:19,201] {processor.py:161} INFO - Processing /home/osboxes/.local/lib/python3.8/site-packages/airflow/example_dags/tutorial.py took 0.352 seconds
[2022-06-23 10:30:54,041] {processor.py:153} INFO - Started process (PID=28935) to work on /home/osboxes/.local/lib/python3.8/site-packages/airflow/example_dags/tutorial.py
[2022-06-23 10:30:54,043] {processor.py:641} INFO - Processing file /home/osboxes/.local/lib/python3.8/site-packages/airflow/example_dags/tutorial.py for tasks to queue
[2022-06-23 10:30:54,044] {logging_mixin.py:115} INFO - [2022-06-23 10:30:54,044] {dagbag.py:507} INFO - Filling up the DagBag from /home/osboxes/.local/lib/python3.8/site-packages/airflow/example_dags/tutorial.py
[2022-06-23 10:30:54,049] {processor.py:651} INFO - DAG(s) dict_keys(['tutorial']) retrieved from /home/osboxes/.local/lib/python3.8/site-packages/airflow/example_dags/tutorial.py
[2022-06-23 10:30:54,066] {logging_mixin.py:115} INFO - [2022-06-23 10:30:54,066] {dag.py:2371} INFO - Sync 1 DAGs
[2022-06-23 10:30:54,089] {logging_mixin.py:115} INFO - [2022-06-23 10:30:54,089] {dag.py:2915} INFO - Setting next_dagrun for tutorial to 2022-06-22T14:30:54.088723+00:00, run_after=2022-06-23T14:30:54.088723+00:00
[2022-06-23 10:30:54,126] {processor.py:161} INFO - Processing /home/osboxes/.local/lib/python3.8/site-packages/airflow/example_dags/tutorial.py took 0.087 seconds
[2022-06-23 10:31:27,603] {processor.py:153} INFO - Started process (PID=29187) to work on /home/osboxes/.local/lib/python3.8/site-packages/airflow/example_dags/tutorial.py
[2022-06-23 10:31:27,604] {processor.py:641} INFO - Processing file /home/osboxes/.local/lib/python3.8/site-packages/airflow/example_dags/tutorial.py for tasks to queue
[2022-06-23 10:31:27,604] {logging_mixin.py:115} INFO - [2022-06-23 10:31:27,604] {dagbag.py:507} INFO - Filling up the DagBag from /home/osboxes/.local/lib/python3.8/site-packages/airflow/example_dags/tutorial.py
[2022-06-23 10:31:27,609] {processor.py:651} INFO - DAG(s) dict_keys(['tutorial']) retrieved from /home/osboxes/.local/lib/python3.8/site-packages/airflow/example_dags/tutorial.py
[2022-06-23 10:31:27,626] {logging_mixin.py:115} INFO - [2022-06-23 10:31:27,626] {dag.py:2371} INFO - Sync 1 DAGs
[2022-06-23 10:31:27,641] {logging_mixin.py:115} INFO - [2022-06-23 10:31:27,641] {dag.py:2915} INFO - Setting next_dagrun for tutorial to 2022-06-22T14:31:27.640808+00:00, run_after=2022-06-23T14:31:27.640808+00:00
[2022-06-23 10:31:27,676] {processor.py:161} INFO - Processing /home/osboxes/.local/lib/python3.8/site-packages/airflow/example_dags/tutorial.py took 0.075 seconds
[2022-06-23 10:32:04,308] {processor.py:153} INFO - Started process (PID=29595) to work on /home/osboxes/.local/lib/python3.8/site-packages/airflow/example_dags/tutorial.py
[2022-06-23 10:32:04,314] {processor.py:641} INFO - Processing file /home/osboxes/.local/lib/python3.8/site-packages/airflow/example_dags/tutorial.py for tasks to queue
[2022-06-23 10:32:04,314] {logging_mixin.py:115} INFO - [2022-06-23 10:32:04,314] {dagbag.py:507} INFO - Filling up the DagBag from /home/osboxes/.local/lib/python3.8/site-packages/airflow/example_dags/tutorial.py
[2022-06-23 10:32:04,319] {processor.py:651} INFO - DAG(s) dict_keys(['tutorial']) retrieved from /home/osboxes/.local/lib/python3.8/site-packages/airflow/example_dags/tutorial.py
[2022-06-23 10:32:04,337] {logging_mixin.py:115} INFO - [2022-06-23 10:32:04,337] {dag.py:2371} INFO - Sync 1 DAGs
[2022-06-23 10:32:04,351] {logging_mixin.py:115} INFO - [2022-06-23 10:32:04,351] {dag.py:2915} INFO - Setting next_dagrun for tutorial to 2022-06-22T14:32:04.351064+00:00, run_after=2022-06-23T14:32:04.351064+00:00
[2022-06-23 10:32:04,393] {processor.py:161} INFO - Processing /home/osboxes/.local/lib/python3.8/site-packages/airflow/example_dags/tutorial.py took 0.087 seconds
[2022-06-23 10:32:36,509] {processor.py:153} INFO - Started process (PID=29985) to work on /home/osboxes/.local/lib/python3.8/site-packages/airflow/example_dags/tutorial.py
[2022-06-23 10:32:36,510] {processor.py:641} INFO - Processing file /home/osboxes/.local/lib/python3.8/site-packages/airflow/example_dags/tutorial.py for tasks to queue
[2022-06-23 10:32:36,511] {logging_mixin.py:115} INFO - [2022-06-23 10:32:36,510] {dagbag.py:507} INFO - Filling up the DagBag from /home/osboxes/.local/lib/python3.8/site-packages/airflow/example_dags/tutorial.py
[2022-06-23 10:32:36,515] {processor.py:651} INFO - DAG(s) dict_keys(['tutorial']) retrieved from /home/osboxes/.local/lib/python3.8/site-packages/airflow/example_dags/tutorial.py
[2022-06-23 10:32:36,534] {logging_mixin.py:115} INFO - [2022-06-23 10:32:36,534] {dag.py:2371} INFO - Sync 1 DAGs
[2022-06-23 10:32:36,549] {logging_mixin.py:115} INFO - [2022-06-23 10:32:36,549] {dag.py:2915} INFO - Setting next_dagrun for tutorial to 2022-06-22T14:32:36.549430+00:00, run_after=2022-06-23T14:32:36.549430+00:00
[2022-06-23 10:32:36,576] {processor.py:161} INFO - Processing /home/osboxes/.local/lib/python3.8/site-packages/airflow/example_dags/tutorial.py took 0.070 seconds
[2022-06-23 10:33:09,060] {processor.py:153} INFO - Started process (PID=30415) to work on /home/osboxes/.local/lib/python3.8/site-packages/airflow/example_dags/tutorial.py
[2022-06-23 10:33:09,072] {processor.py:641} INFO - Processing file /home/osboxes/.local/lib/python3.8/site-packages/airflow/example_dags/tutorial.py for tasks to queue
[2022-06-23 10:33:09,072] {logging_mixin.py:115} INFO - [2022-06-23 10:33:09,072] {dagbag.py:507} INFO - Filling up the DagBag from /home/osboxes/.local/lib/python3.8/site-packages/airflow/example_dags/tutorial.py
[2022-06-23 10:33:09,084] {processor.py:651} INFO - DAG(s) dict_keys(['tutorial']) retrieved from /home/osboxes/.local/lib/python3.8/site-packages/airflow/example_dags/tutorial.py
[2022-06-23 10:33:09,105] {logging_mixin.py:115} INFO - [2022-06-23 10:33:09,105] {dag.py:2371} INFO - Sync 1 DAGs
[2022-06-23 10:33:09,123] {logging_mixin.py:115} INFO - [2022-06-23 10:33:09,123] {dag.py:2915} INFO - Setting next_dagrun for tutorial to 2022-06-22T14:33:09.122911+00:00, run_after=2022-06-23T14:33:09.122911+00:00
[2022-06-23 10:33:09,157] {processor.py:161} INFO - Processing /home/osboxes/.local/lib/python3.8/site-packages/airflow/example_dags/tutorial.py took 0.100 seconds
[2022-06-23 10:33:44,343] {processor.py:153} INFO - Started process (PID=30779) to work on /home/osboxes/.local/lib/python3.8/site-packages/airflow/example_dags/tutorial.py
[2022-06-23 10:33:44,353] {processor.py:641} INFO - Processing file /home/osboxes/.local/lib/python3.8/site-packages/airflow/example_dags/tutorial.py for tasks to queue
[2022-06-23 10:33:44,355] {logging_mixin.py:115} INFO - [2022-06-23 10:33:44,355] {dagbag.py:507} INFO - Filling up the DagBag from /home/osboxes/.local/lib/python3.8/site-packages/airflow/example_dags/tutorial.py
[2022-06-23 10:33:44,394] {processor.py:651} INFO - DAG(s) dict_keys(['tutorial']) retrieved from /home/osboxes/.local/lib/python3.8/site-packages/airflow/example_dags/tutorial.py
[2022-06-23 10:33:44,441] {logging_mixin.py:115} INFO - [2022-06-23 10:33:44,441] {dag.py:2371} INFO - Sync 1 DAGs
[2022-06-23 10:33:44,475] {logging_mixin.py:115} INFO - [2022-06-23 10:33:44,475] {dag.py:2915} INFO - Setting next_dagrun for tutorial to 2022-06-22T14:33:44.475375+00:00, run_after=2022-06-23T14:33:44.475375+00:00
[2022-06-23 10:33:44,539] {processor.py:161} INFO - Processing /home/osboxes/.local/lib/python3.8/site-packages/airflow/example_dags/tutorial.py took 0.198 seconds
[2022-06-23 10:34:23,019] {processor.py:153} INFO - Started process (PID=31258) to work on /home/osboxes/.local/lib/python3.8/site-packages/airflow/example_dags/tutorial.py
[2022-06-23 10:34:23,022] {processor.py:641} INFO - Processing file /home/osboxes/.local/lib/python3.8/site-packages/airflow/example_dags/tutorial.py for tasks to queue
[2022-06-23 10:34:23,022] {logging_mixin.py:115} INFO - [2022-06-23 10:34:23,022] {dagbag.py:507} INFO - Filling up the DagBag from /home/osboxes/.local/lib/python3.8/site-packages/airflow/example_dags/tutorial.py
[2022-06-23 10:34:23,029] {processor.py:651} INFO - DAG(s) dict_keys(['tutorial']) retrieved from /home/osboxes/.local/lib/python3.8/site-packages/airflow/example_dags/tutorial.py
[2022-06-23 10:34:23,044] {logging_mixin.py:115} INFO - [2022-06-23 10:34:23,043] {dag.py:2371} INFO - Sync 1 DAGs
[2022-06-23 10:34:23,060] {logging_mixin.py:115} INFO - [2022-06-23 10:34:23,060] {dag.py:2915} INFO - Setting next_dagrun for tutorial to 2022-06-22T14:34:23.060332+00:00, run_after=2022-06-23T14:34:23.060332+00:00
[2022-06-23 10:34:23,088] {processor.py:161} INFO - Processing /home/osboxes/.local/lib/python3.8/site-packages/airflow/example_dags/tutorial.py took 0.071 seconds
[2022-06-23 10:34:56,327] {processor.py:153} INFO - Started process (PID=31600) to work on /home/osboxes/.local/lib/python3.8/site-packages/airflow/example_dags/tutorial.py
[2022-06-23 10:34:56,358] {processor.py:641} INFO - Processing file /home/osboxes/.local/lib/python3.8/site-packages/airflow/example_dags/tutorial.py for tasks to queue
[2022-06-23 10:34:56,358] {logging_mixin.py:115} INFO - [2022-06-23 10:34:56,358] {dagbag.py:507} INFO - Filling up the DagBag from /home/osboxes/.local/lib/python3.8/site-packages/airflow/example_dags/tutorial.py
[2022-06-23 10:34:56,365] {processor.py:651} INFO - DAG(s) dict_keys(['tutorial']) retrieved from /home/osboxes/.local/lib/python3.8/site-packages/airflow/example_dags/tutorial.py
[2022-06-23 10:34:56,396] {logging_mixin.py:115} INFO - [2022-06-23 10:34:56,396] {dag.py:2371} INFO - Sync 1 DAGs
[2022-06-23 10:34:56,413] {logging_mixin.py:115} INFO - [2022-06-23 10:34:56,412] {dag.py:2915} INFO - Setting next_dagrun for tutorial to 2022-06-22T14:34:56.412772+00:00, run_after=2022-06-23T14:34:56.412772+00:00
[2022-06-23 10:34:56,449] {processor.py:161} INFO - Processing /home/osboxes/.local/lib/python3.8/site-packages/airflow/example_dags/tutorial.py took 0.124 seconds
[2022-06-23 10:35:29,913] {processor.py:153} INFO - Started process (PID=31959) to work on /home/osboxes/.local/lib/python3.8/site-packages/airflow/example_dags/tutorial.py
[2022-06-23 10:35:29,915] {processor.py:641} INFO - Processing file /home/osboxes/.local/lib/python3.8/site-packages/airflow/example_dags/tutorial.py for tasks to queue
[2022-06-23 10:35:29,915] {logging_mixin.py:115} INFO - [2022-06-23 10:35:29,915] {dagbag.py:507} INFO - Filling up the DagBag from /home/osboxes/.local/lib/python3.8/site-packages/airflow/example_dags/tutorial.py
[2022-06-23 10:35:29,922] {processor.py:651} INFO - DAG(s) dict_keys(['tutorial']) retrieved from /home/osboxes/.local/lib/python3.8/site-packages/airflow/example_dags/tutorial.py
[2022-06-23 10:35:29,936] {logging_mixin.py:115} INFO - [2022-06-23 10:35:29,936] {dag.py:2371} INFO - Sync 1 DAGs
[2022-06-23 10:35:29,955] {logging_mixin.py:115} INFO - [2022-06-23 10:35:29,955] {dag.py:2915} INFO - Setting next_dagrun for tutorial to 2022-06-22T14:35:29.954865+00:00, run_after=2022-06-23T14:35:29.954865+00:00
[2022-06-23 10:35:30,001] {processor.py:161} INFO - Processing /home/osboxes/.local/lib/python3.8/site-packages/airflow/example_dags/tutorial.py took 0.090 seconds
[2022-06-23 10:36:24,427] {processor.py:153} INFO - Started process (PID=32556) to work on /home/osboxes/.local/lib/python3.8/site-packages/airflow/example_dags/tutorial.py
[2022-06-23 10:36:24,461] {processor.py:641} INFO - Processing file /home/osboxes/.local/lib/python3.8/site-packages/airflow/example_dags/tutorial.py for tasks to queue
[2022-06-23 10:36:24,465] {logging_mixin.py:115} INFO - [2022-06-23 10:36:24,464] {dagbag.py:507} INFO - Filling up the DagBag from /home/osboxes/.local/lib/python3.8/site-packages/airflow/example_dags/tutorial.py
[2022-06-23 10:36:24,472] {processor.py:651} INFO - DAG(s) dict_keys(['tutorial']) retrieved from /home/osboxes/.local/lib/python3.8/site-packages/airflow/example_dags/tutorial.py
[2022-06-23 10:36:24,571] {logging_mixin.py:115} INFO - [2022-06-23 10:36:24,571] {dag.py:2371} INFO - Sync 1 DAGs
[2022-06-23 10:36:24,611] {logging_mixin.py:115} INFO - [2022-06-23 10:36:24,611] {dag.py:2915} INFO - Setting next_dagrun for tutorial to 2022-06-22T14:36:24.611380+00:00, run_after=2022-06-23T14:36:24.611380+00:00
[2022-06-23 10:36:25,030] {processor.py:161} INFO - Processing /home/osboxes/.local/lib/python3.8/site-packages/airflow/example_dags/tutorial.py took 0.605 seconds
[2022-06-23 10:37:18,703] {processor.py:153} INFO - Started process (PID=33005) to work on /home/osboxes/.local/lib/python3.8/site-packages/airflow/example_dags/tutorial.py
[2022-06-23 10:37:18,736] {processor.py:641} INFO - Processing file /home/osboxes/.local/lib/python3.8/site-packages/airflow/example_dags/tutorial.py for tasks to queue
[2022-06-23 10:37:18,737] {logging_mixin.py:115} INFO - [2022-06-23 10:37:18,737] {dagbag.py:507} INFO - Filling up the DagBag from /home/osboxes/.local/lib/python3.8/site-packages/airflow/example_dags/tutorial.py
[2022-06-23 10:37:18,751] {processor.py:651} INFO - DAG(s) dict_keys(['tutorial']) retrieved from /home/osboxes/.local/lib/python3.8/site-packages/airflow/example_dags/tutorial.py
[2022-06-23 10:37:18,804] {logging_mixin.py:115} INFO - [2022-06-23 10:37:18,804] {dag.py:2371} INFO - Sync 1 DAGs
[2022-06-23 10:37:18,920] {logging_mixin.py:115} INFO - [2022-06-23 10:37:18,920] {dag.py:2915} INFO - Setting next_dagrun for tutorial to 2022-06-22T14:37:18.920530+00:00, run_after=2022-06-23T14:37:18.920530+00:00
[2022-06-23 10:37:19,273] {processor.py:161} INFO - Processing /home/osboxes/.local/lib/python3.8/site-packages/airflow/example_dags/tutorial.py took 0.572 seconds
[2022-06-23 10:37:59,507] {processor.py:153} INFO - Started process (PID=33406) to work on /home/osboxes/.local/lib/python3.8/site-packages/airflow/example_dags/tutorial.py
[2022-06-23 10:37:59,530] {processor.py:641} INFO - Processing file /home/osboxes/.local/lib/python3.8/site-packages/airflow/example_dags/tutorial.py for tasks to queue
[2022-06-23 10:37:59,530] {logging_mixin.py:115} INFO - [2022-06-23 10:37:59,530] {dagbag.py:507} INFO - Filling up the DagBag from /home/osboxes/.local/lib/python3.8/site-packages/airflow/example_dags/tutorial.py
[2022-06-23 10:37:59,538] {processor.py:651} INFO - DAG(s) dict_keys(['tutorial']) retrieved from /home/osboxes/.local/lib/python3.8/site-packages/airflow/example_dags/tutorial.py
[2022-06-23 10:37:59,617] {logging_mixin.py:115} INFO - [2022-06-23 10:37:59,617] {dag.py:2371} INFO - Sync 1 DAGs
[2022-06-23 10:37:59,959] {logging_mixin.py:115} INFO - [2022-06-23 10:37:59,959] {dag.py:2915} INFO - Setting next_dagrun for tutorial to 2022-06-22T14:37:59.958717+00:00, run_after=2022-06-23T14:37:59.958717+00:00
[2022-06-23 10:38:00,046] {processor.py:161} INFO - Processing /home/osboxes/.local/lib/python3.8/site-packages/airflow/example_dags/tutorial.py took 0.542 seconds
[2022-06-23 10:38:42,257] {processor.py:153} INFO - Started process (PID=33802) to work on /home/osboxes/.local/lib/python3.8/site-packages/airflow/example_dags/tutorial.py
[2022-06-23 10:38:42,346] {processor.py:641} INFO - Processing file /home/osboxes/.local/lib/python3.8/site-packages/airflow/example_dags/tutorial.py for tasks to queue
[2022-06-23 10:38:42,347] {logging_mixin.py:115} INFO - [2022-06-23 10:38:42,347] {dagbag.py:507} INFO - Filling up the DagBag from /home/osboxes/.local/lib/python3.8/site-packages/airflow/example_dags/tutorial.py
[2022-06-23 10:38:42,353] {processor.py:651} INFO - DAG(s) dict_keys(['tutorial']) retrieved from /home/osboxes/.local/lib/python3.8/site-packages/airflow/example_dags/tutorial.py
[2022-06-23 10:38:42,474] {logging_mixin.py:115} INFO - [2022-06-23 10:38:42,474] {dag.py:2371} INFO - Sync 1 DAGs
[2022-06-23 10:38:42,508] {logging_mixin.py:115} INFO - [2022-06-23 10:38:42,508] {dag.py:2915} INFO - Setting next_dagrun for tutorial to 2022-06-22T14:38:42.508334+00:00, run_after=2022-06-23T14:38:42.508334+00:00
[2022-06-23 10:38:42,749] {processor.py:161} INFO - Processing /home/osboxes/.local/lib/python3.8/site-packages/airflow/example_dags/tutorial.py took 0.495 seconds
[2022-06-23 10:39:20,661] {processor.py:153} INFO - Started process (PID=34126) to work on /home/osboxes/.local/lib/python3.8/site-packages/airflow/example_dags/tutorial.py
[2022-06-23 10:39:20,664] {processor.py:641} INFO - Processing file /home/osboxes/.local/lib/python3.8/site-packages/airflow/example_dags/tutorial.py for tasks to queue
[2022-06-23 10:39:20,664] {logging_mixin.py:115} INFO - [2022-06-23 10:39:20,664] {dagbag.py:507} INFO - Filling up the DagBag from /home/osboxes/.local/lib/python3.8/site-packages/airflow/example_dags/tutorial.py
[2022-06-23 10:39:20,669] {processor.py:651} INFO - DAG(s) dict_keys(['tutorial']) retrieved from /home/osboxes/.local/lib/python3.8/site-packages/airflow/example_dags/tutorial.py
[2022-06-23 10:39:20,685] {logging_mixin.py:115} INFO - [2022-06-23 10:39:20,684] {dag.py:2371} INFO - Sync 1 DAGs
[2022-06-23 10:39:20,702] {logging_mixin.py:115} INFO - [2022-06-23 10:39:20,702] {dag.py:2915} INFO - Setting next_dagrun for tutorial to 2022-06-22T14:39:20.702068+00:00, run_after=2022-06-23T14:39:20.702068+00:00
[2022-06-23 10:39:20,746] {processor.py:161} INFO - Processing /home/osboxes/.local/lib/python3.8/site-packages/airflow/example_dags/tutorial.py took 0.087 seconds
[2022-06-23 10:39:53,820] {processor.py:153} INFO - Started process (PID=34459) to work on /home/osboxes/.local/lib/python3.8/site-packages/airflow/example_dags/tutorial.py
[2022-06-23 10:39:53,844] {processor.py:641} INFO - Processing file /home/osboxes/.local/lib/python3.8/site-packages/airflow/example_dags/tutorial.py for tasks to queue
[2022-06-23 10:39:53,844] {logging_mixin.py:115} INFO - [2022-06-23 10:39:53,844] {dagbag.py:507} INFO - Filling up the DagBag from /home/osboxes/.local/lib/python3.8/site-packages/airflow/example_dags/tutorial.py
[2022-06-23 10:39:53,849] {processor.py:651} INFO - DAG(s) dict_keys(['tutorial']) retrieved from /home/osboxes/.local/lib/python3.8/site-packages/airflow/example_dags/tutorial.py
[2022-06-23 10:39:53,864] {logging_mixin.py:115} INFO - [2022-06-23 10:39:53,864] {dag.py:2371} INFO - Sync 1 DAGs
[2022-06-23 10:39:53,890] {logging_mixin.py:115} INFO - [2022-06-23 10:39:53,890] {dag.py:2915} INFO - Setting next_dagrun for tutorial to 2022-06-22T14:39:53.889990+00:00, run_after=2022-06-23T14:39:53.889990+00:00
[2022-06-23 10:39:53,982] {processor.py:161} INFO - Processing /home/osboxes/.local/lib/python3.8/site-packages/airflow/example_dags/tutorial.py took 0.165 seconds
[2022-06-23 10:40:27,799] {processor.py:153} INFO - Started process (PID=34753) to work on /home/osboxes/.local/lib/python3.8/site-packages/airflow/example_dags/tutorial.py
[2022-06-23 10:40:27,802] {processor.py:641} INFO - Processing file /home/osboxes/.local/lib/python3.8/site-packages/airflow/example_dags/tutorial.py for tasks to queue
[2022-06-23 10:40:27,803] {logging_mixin.py:115} INFO - [2022-06-23 10:40:27,802] {dagbag.py:507} INFO - Filling up the DagBag from /home/osboxes/.local/lib/python3.8/site-packages/airflow/example_dags/tutorial.py
[2022-06-23 10:40:27,807] {processor.py:651} INFO - DAG(s) dict_keys(['tutorial']) retrieved from /home/osboxes/.local/lib/python3.8/site-packages/airflow/example_dags/tutorial.py
[2022-06-23 10:40:27,831] {logging_mixin.py:115} INFO - [2022-06-23 10:40:27,831] {dag.py:2371} INFO - Sync 1 DAGs
[2022-06-23 10:40:27,849] {logging_mixin.py:115} INFO - [2022-06-23 10:40:27,849] {dag.py:2915} INFO - Setting next_dagrun for tutorial to 2022-06-22T14:40:27.849421+00:00, run_after=2022-06-23T14:40:27.849421+00:00
[2022-06-23 10:40:27,879] {processor.py:161} INFO - Processing /home/osboxes/.local/lib/python3.8/site-packages/airflow/example_dags/tutorial.py took 0.082 seconds
[2022-06-23 10:41:07,669] {processor.py:153} INFO - Started process (PID=35219) to work on /home/osboxes/.local/lib/python3.8/site-packages/airflow/example_dags/tutorial.py
[2022-06-23 10:41:07,681] {processor.py:641} INFO - Processing file /home/osboxes/.local/lib/python3.8/site-packages/airflow/example_dags/tutorial.py for tasks to queue
[2022-06-23 10:41:07,683] {logging_mixin.py:115} INFO - [2022-06-23 10:41:07,683] {dagbag.py:507} INFO - Filling up the DagBag from /home/osboxes/.local/lib/python3.8/site-packages/airflow/example_dags/tutorial.py
[2022-06-23 10:41:07,688] {processor.py:651} INFO - DAG(s) dict_keys(['tutorial']) retrieved from /home/osboxes/.local/lib/python3.8/site-packages/airflow/example_dags/tutorial.py
[2022-06-23 10:41:07,709] {logging_mixin.py:115} INFO - [2022-06-23 10:41:07,709] {dag.py:2371} INFO - Sync 1 DAGs
[2022-06-23 10:41:07,732] {logging_mixin.py:115} INFO - [2022-06-23 10:41:07,732] {dag.py:2915} INFO - Setting next_dagrun for tutorial to 2022-06-22T14:41:07.731740+00:00, run_after=2022-06-23T14:41:07.731740+00:00
[2022-06-23 10:41:07,892] {processor.py:161} INFO - Processing /home/osboxes/.local/lib/python3.8/site-packages/airflow/example_dags/tutorial.py took 0.225 seconds
[2022-06-23 10:41:41,011] {processor.py:153} INFO - Started process (PID=35570) to work on /home/osboxes/.local/lib/python3.8/site-packages/airflow/example_dags/tutorial.py
[2022-06-23 10:41:41,012] {processor.py:641} INFO - Processing file /home/osboxes/.local/lib/python3.8/site-packages/airflow/example_dags/tutorial.py for tasks to queue
[2022-06-23 10:41:41,012] {logging_mixin.py:115} INFO - [2022-06-23 10:41:41,012] {dagbag.py:507} INFO - Filling up the DagBag from /home/osboxes/.local/lib/python3.8/site-packages/airflow/example_dags/tutorial.py
[2022-06-23 10:41:41,017] {processor.py:651} INFO - DAG(s) dict_keys(['tutorial']) retrieved from /home/osboxes/.local/lib/python3.8/site-packages/airflow/example_dags/tutorial.py
[2022-06-23 10:41:41,032] {logging_mixin.py:115} INFO - [2022-06-23 10:41:41,032] {dag.py:2371} INFO - Sync 1 DAGs
[2022-06-23 10:41:41,051] {logging_mixin.py:115} INFO - [2022-06-23 10:41:41,051] {dag.py:2915} INFO - Setting next_dagrun for tutorial to 2022-06-22T14:41:41.051018+00:00, run_after=2022-06-23T14:41:41.051018+00:00
[2022-06-23 10:41:41,087] {processor.py:161} INFO - Processing /home/osboxes/.local/lib/python3.8/site-packages/airflow/example_dags/tutorial.py took 0.077 seconds
[2022-06-23 10:42:17,038] {processor.py:153} INFO - Started process (PID=35919) to work on /home/osboxes/.local/lib/python3.8/site-packages/airflow/example_dags/tutorial.py
[2022-06-23 10:42:17,040] {processor.py:641} INFO - Processing file /home/osboxes/.local/lib/python3.8/site-packages/airflow/example_dags/tutorial.py for tasks to queue
[2022-06-23 10:42:17,041] {logging_mixin.py:115} INFO - [2022-06-23 10:42:17,041] {dagbag.py:507} INFO - Filling up the DagBag from /home/osboxes/.local/lib/python3.8/site-packages/airflow/example_dags/tutorial.py
[2022-06-23 10:42:17,045] {processor.py:651} INFO - DAG(s) dict_keys(['tutorial']) retrieved from /home/osboxes/.local/lib/python3.8/site-packages/airflow/example_dags/tutorial.py
[2022-06-23 10:42:17,061] {logging_mixin.py:115} INFO - [2022-06-23 10:42:17,061] {dag.py:2371} INFO - Sync 1 DAGs
[2022-06-23 10:42:17,077] {logging_mixin.py:115} INFO - [2022-06-23 10:42:17,076] {dag.py:2915} INFO - Setting next_dagrun for tutorial to 2022-06-22T14:42:17.076659+00:00, run_after=2022-06-23T14:42:17.076659+00:00
[2022-06-23 10:42:17,125] {processor.py:161} INFO - Processing /home/osboxes/.local/lib/python3.8/site-packages/airflow/example_dags/tutorial.py took 0.090 seconds
[2022-06-23 10:42:53,058] {processor.py:153} INFO - Started process (PID=36372) to work on /home/osboxes/.local/lib/python3.8/site-packages/airflow/example_dags/tutorial.py
[2022-06-23 10:42:53,064] {processor.py:641} INFO - Processing file /home/osboxes/.local/lib/python3.8/site-packages/airflow/example_dags/tutorial.py for tasks to queue
[2022-06-23 10:42:53,065] {logging_mixin.py:115} INFO - [2022-06-23 10:42:53,065] {dagbag.py:507} INFO - Filling up the DagBag from /home/osboxes/.local/lib/python3.8/site-packages/airflow/example_dags/tutorial.py
[2022-06-23 10:42:53,070] {processor.py:651} INFO - DAG(s) dict_keys(['tutorial']) retrieved from /home/osboxes/.local/lib/python3.8/site-packages/airflow/example_dags/tutorial.py
[2022-06-23 10:42:53,087] {logging_mixin.py:115} INFO - [2022-06-23 10:42:53,086] {dag.py:2371} INFO - Sync 1 DAGs
[2022-06-23 10:42:53,101] {logging_mixin.py:115} INFO - [2022-06-23 10:42:53,101] {dag.py:2915} INFO - Setting next_dagrun for tutorial to 2022-06-22T14:42:53.101352+00:00, run_after=2022-06-23T14:42:53.101352+00:00
[2022-06-23 10:42:53,204] {processor.py:161} INFO - Processing /home/osboxes/.local/lib/python3.8/site-packages/airflow/example_dags/tutorial.py took 0.147 seconds
[2022-06-23 10:43:34,298] {processor.py:153} INFO - Started process (PID=36796) to work on /home/osboxes/.local/lib/python3.8/site-packages/airflow/example_dags/tutorial.py
[2022-06-23 10:43:34,319] {processor.py:641} INFO - Processing file /home/osboxes/.local/lib/python3.8/site-packages/airflow/example_dags/tutorial.py for tasks to queue
[2022-06-23 10:43:34,319] {logging_mixin.py:115} INFO - [2022-06-23 10:43:34,319] {dagbag.py:507} INFO - Filling up the DagBag from /home/osboxes/.local/lib/python3.8/site-packages/airflow/example_dags/tutorial.py
[2022-06-23 10:43:34,326] {processor.py:651} INFO - DAG(s) dict_keys(['tutorial']) retrieved from /home/osboxes/.local/lib/python3.8/site-packages/airflow/example_dags/tutorial.py
[2022-06-23 10:43:34,356] {logging_mixin.py:115} INFO - [2022-06-23 10:43:34,353] {dag.py:2371} INFO - Sync 1 DAGs
[2022-06-23 10:43:34,372] {logging_mixin.py:115} INFO - [2022-06-23 10:43:34,372] {dag.py:2915} INFO - Setting next_dagrun for tutorial to 2022-06-22T14:43:34.372361+00:00, run_after=2022-06-23T14:43:34.372361+00:00
[2022-06-23 10:43:34,422] {processor.py:161} INFO - Processing /home/osboxes/.local/lib/python3.8/site-packages/airflow/example_dags/tutorial.py took 0.127 seconds
[2022-06-23 10:44:12,007] {processor.py:153} INFO - Started process (PID=37354) to work on /home/osboxes/.local/lib/python3.8/site-packages/airflow/example_dags/tutorial.py
[2022-06-23 10:44:12,012] {processor.py:641} INFO - Processing file /home/osboxes/.local/lib/python3.8/site-packages/airflow/example_dags/tutorial.py for tasks to queue
[2022-06-23 10:44:12,012] {logging_mixin.py:115} INFO - [2022-06-23 10:44:12,012] {dagbag.py:507} INFO - Filling up the DagBag from /home/osboxes/.local/lib/python3.8/site-packages/airflow/example_dags/tutorial.py
[2022-06-23 10:44:12,017] {processor.py:651} INFO - DAG(s) dict_keys(['tutorial']) retrieved from /home/osboxes/.local/lib/python3.8/site-packages/airflow/example_dags/tutorial.py
[2022-06-23 10:44:12,034] {logging_mixin.py:115} INFO - [2022-06-23 10:44:12,034] {dag.py:2371} INFO - Sync 1 DAGs
[2022-06-23 10:44:12,052] {logging_mixin.py:115} INFO - [2022-06-23 10:44:12,052] {dag.py:2915} INFO - Setting next_dagrun for tutorial to 2022-06-22T14:44:12.052293+00:00, run_after=2022-06-23T14:44:12.052293+00:00
[2022-06-23 10:44:12,098] {processor.py:161} INFO - Processing /home/osboxes/.local/lib/python3.8/site-packages/airflow/example_dags/tutorial.py took 0.092 seconds
[2022-06-23 10:44:48,030] {processor.py:153} INFO - Started process (PID=37722) to work on /home/osboxes/.local/lib/python3.8/site-packages/airflow/example_dags/tutorial.py
[2022-06-23 10:44:48,034] {processor.py:641} INFO - Processing file /home/osboxes/.local/lib/python3.8/site-packages/airflow/example_dags/tutorial.py for tasks to queue
[2022-06-23 10:44:48,035] {logging_mixin.py:115} INFO - [2022-06-23 10:44:48,035] {dagbag.py:507} INFO - Filling up the DagBag from /home/osboxes/.local/lib/python3.8/site-packages/airflow/example_dags/tutorial.py
[2022-06-23 10:44:48,039] {processor.py:651} INFO - DAG(s) dict_keys(['tutorial']) retrieved from /home/osboxes/.local/lib/python3.8/site-packages/airflow/example_dags/tutorial.py
[2022-06-23 10:44:48,056] {logging_mixin.py:115} INFO - [2022-06-23 10:44:48,056] {dag.py:2371} INFO - Sync 1 DAGs
[2022-06-23 10:44:48,072] {logging_mixin.py:115} INFO - [2022-06-23 10:44:48,071] {dag.py:2915} INFO - Setting next_dagrun for tutorial to 2022-06-22T14:44:48.071714+00:00, run_after=2022-06-23T14:44:48.071714+00:00
[2022-06-23 10:44:48,115] {processor.py:161} INFO - Processing /home/osboxes/.local/lib/python3.8/site-packages/airflow/example_dags/tutorial.py took 0.088 seconds
[2022-06-23 10:45:26,869] {processor.py:153} INFO - Started process (PID=38206) to work on /home/osboxes/.local/lib/python3.8/site-packages/airflow/example_dags/tutorial.py
[2022-06-23 10:45:26,874] {processor.py:641} INFO - Processing file /home/osboxes/.local/lib/python3.8/site-packages/airflow/example_dags/tutorial.py for tasks to queue
[2022-06-23 10:45:26,874] {logging_mixin.py:115} INFO - [2022-06-23 10:45:26,874] {dagbag.py:507} INFO - Filling up the DagBag from /home/osboxes/.local/lib/python3.8/site-packages/airflow/example_dags/tutorial.py
[2022-06-23 10:45:26,880] {processor.py:651} INFO - DAG(s) dict_keys(['tutorial']) retrieved from /home/osboxes/.local/lib/python3.8/site-packages/airflow/example_dags/tutorial.py
[2022-06-23 10:45:26,897] {logging_mixin.py:115} INFO - [2022-06-23 10:45:26,897] {dag.py:2371} INFO - Sync 1 DAGs
[2022-06-23 10:45:26,915] {logging_mixin.py:115} INFO - [2022-06-23 10:45:26,915] {dag.py:2915} INFO - Setting next_dagrun for tutorial to 2022-06-22T14:45:26.915249+00:00, run_after=2022-06-23T14:45:26.915249+00:00
[2022-06-23 10:45:26,963] {processor.py:161} INFO - Processing /home/osboxes/.local/lib/python3.8/site-packages/airflow/example_dags/tutorial.py took 0.109 seconds
[2022-06-23 10:46:03,693] {processor.py:153} INFO - Started process (PID=38509) to work on /home/osboxes/.local/lib/python3.8/site-packages/airflow/example_dags/tutorial.py
[2022-06-23 10:46:03,696] {processor.py:641} INFO - Processing file /home/osboxes/.local/lib/python3.8/site-packages/airflow/example_dags/tutorial.py for tasks to queue
[2022-06-23 10:46:03,697] {logging_mixin.py:115} INFO - [2022-06-23 10:46:03,697] {dagbag.py:507} INFO - Filling up the DagBag from /home/osboxes/.local/lib/python3.8/site-packages/airflow/example_dags/tutorial.py
[2022-06-23 10:46:03,701] {processor.py:651} INFO - DAG(s) dict_keys(['tutorial']) retrieved from /home/osboxes/.local/lib/python3.8/site-packages/airflow/example_dags/tutorial.py
[2022-06-23 10:46:03,718] {logging_mixin.py:115} INFO - [2022-06-23 10:46:03,718] {dag.py:2371} INFO - Sync 1 DAGs
[2022-06-23 10:46:03,734] {logging_mixin.py:115} INFO - [2022-06-23 10:46:03,734] {dag.py:2915} INFO - Setting next_dagrun for tutorial to 2022-06-22T14:46:03.733964+00:00, run_after=2022-06-23T14:46:03.733964+00:00
[2022-06-23 10:46:03,785] {processor.py:161} INFO - Processing /home/osboxes/.local/lib/python3.8/site-packages/airflow/example_dags/tutorial.py took 0.094 seconds
[2022-06-23 10:46:42,503] {processor.py:153} INFO - Started process (PID=38969) to work on /home/osboxes/.local/lib/python3.8/site-packages/airflow/example_dags/tutorial.py
[2022-06-23 10:46:42,513] {processor.py:641} INFO - Processing file /home/osboxes/.local/lib/python3.8/site-packages/airflow/example_dags/tutorial.py for tasks to queue
[2022-06-23 10:46:42,513] {logging_mixin.py:115} INFO - [2022-06-23 10:46:42,513] {dagbag.py:507} INFO - Filling up the DagBag from /home/osboxes/.local/lib/python3.8/site-packages/airflow/example_dags/tutorial.py
[2022-06-23 10:46:42,518] {processor.py:651} INFO - DAG(s) dict_keys(['tutorial']) retrieved from /home/osboxes/.local/lib/python3.8/site-packages/airflow/example_dags/tutorial.py
[2022-06-23 10:46:42,536] {logging_mixin.py:115} INFO - [2022-06-23 10:46:42,536] {dag.py:2371} INFO - Sync 1 DAGs
[2022-06-23 10:46:42,552] {logging_mixin.py:115} INFO - [2022-06-23 10:46:42,552] {dag.py:2915} INFO - Setting next_dagrun for tutorial to 2022-06-22T14:46:42.551128+00:00, run_after=2022-06-23T14:46:42.551128+00:00
[2022-06-23 10:46:42,588] {processor.py:161} INFO - Processing /home/osboxes/.local/lib/python3.8/site-packages/airflow/example_dags/tutorial.py took 0.087 seconds
[2022-06-23 10:47:19,536] {processor.py:153} INFO - Started process (PID=39356) to work on /home/osboxes/.local/lib/python3.8/site-packages/airflow/example_dags/tutorial.py
[2022-06-23 10:47:19,539] {processor.py:641} INFO - Processing file /home/osboxes/.local/lib/python3.8/site-packages/airflow/example_dags/tutorial.py for tasks to queue
[2022-06-23 10:47:19,540] {logging_mixin.py:115} INFO - [2022-06-23 10:47:19,540] {dagbag.py:507} INFO - Filling up the DagBag from /home/osboxes/.local/lib/python3.8/site-packages/airflow/example_dags/tutorial.py
[2022-06-23 10:47:19,544] {processor.py:651} INFO - DAG(s) dict_keys(['tutorial']) retrieved from /home/osboxes/.local/lib/python3.8/site-packages/airflow/example_dags/tutorial.py
[2022-06-23 10:47:19,560] {logging_mixin.py:115} INFO - [2022-06-23 10:47:19,560] {dag.py:2371} INFO - Sync 1 DAGs
[2022-06-23 10:47:19,576] {logging_mixin.py:115} INFO - [2022-06-23 10:47:19,576] {dag.py:2915} INFO - Setting next_dagrun for tutorial to 2022-06-22T14:47:19.576345+00:00, run_after=2022-06-23T14:47:19.576345+00:00
[2022-06-23 10:47:19,607] {processor.py:161} INFO - Processing /home/osboxes/.local/lib/python3.8/site-packages/airflow/example_dags/tutorial.py took 0.074 seconds
[2022-06-23 10:47:57,530] {processor.py:153} INFO - Started process (PID=39729) to work on /home/osboxes/.local/lib/python3.8/site-packages/airflow/example_dags/tutorial.py
[2022-06-23 10:47:57,537] {processor.py:641} INFO - Processing file /home/osboxes/.local/lib/python3.8/site-packages/airflow/example_dags/tutorial.py for tasks to queue
[2022-06-23 10:47:57,537] {logging_mixin.py:115} INFO - [2022-06-23 10:47:57,537] {dagbag.py:507} INFO - Filling up the DagBag from /home/osboxes/.local/lib/python3.8/site-packages/airflow/example_dags/tutorial.py
[2022-06-23 10:47:57,542] {processor.py:651} INFO - DAG(s) dict_keys(['tutorial']) retrieved from /home/osboxes/.local/lib/python3.8/site-packages/airflow/example_dags/tutorial.py
[2022-06-23 10:47:57,557] {logging_mixin.py:115} INFO - [2022-06-23 10:47:57,557] {dag.py:2371} INFO - Sync 1 DAGs
[2022-06-23 10:47:57,575] {logging_mixin.py:115} INFO - [2022-06-23 10:47:57,575] {dag.py:2915} INFO - Setting next_dagrun for tutorial to 2022-06-22T14:47:57.575157+00:00, run_after=2022-06-23T14:47:57.575157+00:00
[2022-06-23 10:47:57,609] {processor.py:161} INFO - Processing /home/osboxes/.local/lib/python3.8/site-packages/airflow/example_dags/tutorial.py took 0.081 seconds
[2022-06-23 10:48:30,048] {processor.py:153} INFO - Started process (PID=40038) to work on /home/osboxes/.local/lib/python3.8/site-packages/airflow/example_dags/tutorial.py
[2022-06-23 10:48:30,066] {processor.py:641} INFO - Processing file /home/osboxes/.local/lib/python3.8/site-packages/airflow/example_dags/tutorial.py for tasks to queue
[2022-06-23 10:48:30,067] {logging_mixin.py:115} INFO - [2022-06-23 10:48:30,067] {dagbag.py:507} INFO - Filling up the DagBag from /home/osboxes/.local/lib/python3.8/site-packages/airflow/example_dags/tutorial.py
[2022-06-23 10:48:30,072] {processor.py:651} INFO - DAG(s) dict_keys(['tutorial']) retrieved from /home/osboxes/.local/lib/python3.8/site-packages/airflow/example_dags/tutorial.py
[2022-06-23 10:48:30,102] {logging_mixin.py:115} INFO - [2022-06-23 10:48:30,102] {dag.py:2371} INFO - Sync 1 DAGs
[2022-06-23 10:48:30,120] {logging_mixin.py:115} INFO - [2022-06-23 10:48:30,120] {dag.py:2915} INFO - Setting next_dagrun for tutorial to 2022-06-22T14:48:30.120035+00:00, run_after=2022-06-23T14:48:30.120035+00:00
[2022-06-23 10:48:30,190] {processor.py:161} INFO - Processing /home/osboxes/.local/lib/python3.8/site-packages/airflow/example_dags/tutorial.py took 0.145 seconds
[2022-06-23 10:49:15,717] {processor.py:153} INFO - Started process (PID=40332) to work on /home/osboxes/.local/lib/python3.8/site-packages/airflow/example_dags/tutorial.py
[2022-06-23 10:49:15,727] {processor.py:641} INFO - Processing file /home/osboxes/.local/lib/python3.8/site-packages/airflow/example_dags/tutorial.py for tasks to queue
[2022-06-23 10:49:15,727] {logging_mixin.py:115} INFO - [2022-06-23 10:49:15,727] {dagbag.py:507} INFO - Filling up the DagBag from /home/osboxes/.local/lib/python3.8/site-packages/airflow/example_dags/tutorial.py
[2022-06-23 10:49:15,731] {processor.py:651} INFO - DAG(s) dict_keys(['tutorial']) retrieved from /home/osboxes/.local/lib/python3.8/site-packages/airflow/example_dags/tutorial.py
[2022-06-23 10:49:15,746] {logging_mixin.py:115} INFO - [2022-06-23 10:49:15,746] {dag.py:2371} INFO - Sync 1 DAGs
[2022-06-23 10:49:15,763] {logging_mixin.py:115} INFO - [2022-06-23 10:49:15,763] {dag.py:2915} INFO - Setting next_dagrun for tutorial to 2022-06-22T14:49:15.763120+00:00, run_after=2022-06-23T14:49:15.763120+00:00
[2022-06-23 10:49:15,795] {processor.py:161} INFO - Processing /home/osboxes/.local/lib/python3.8/site-packages/airflow/example_dags/tutorial.py took 0.080 seconds
[2022-06-23 10:50:16,058] {processor.py:153} INFO - Started process (PID=40875) to work on /home/osboxes/.local/lib/python3.8/site-packages/airflow/example_dags/tutorial.py
[2022-06-23 10:50:16,289] {processor.py:641} INFO - Processing file /home/osboxes/.local/lib/python3.8/site-packages/airflow/example_dags/tutorial.py for tasks to queue
[2022-06-23 10:50:16,290] {logging_mixin.py:115} INFO - [2022-06-23 10:50:16,290] {dagbag.py:507} INFO - Filling up the DagBag from /home/osboxes/.local/lib/python3.8/site-packages/airflow/example_dags/tutorial.py
[2022-06-23 10:50:16,295] {processor.py:651} INFO - DAG(s) dict_keys(['tutorial']) retrieved from /home/osboxes/.local/lib/python3.8/site-packages/airflow/example_dags/tutorial.py
[2022-06-23 10:50:16,639] {logging_mixin.py:115} INFO - [2022-06-23 10:50:16,639] {dag.py:2371} INFO - Sync 1 DAGs
[2022-06-23 10:50:16,834] {logging_mixin.py:115} INFO - [2022-06-23 10:50:16,834] {dag.py:2915} INFO - Setting next_dagrun for tutorial to 2022-06-22T14:50:16.833884+00:00, run_after=2022-06-23T14:50:16.833884+00:00
[2022-06-23 10:50:17,050] {processor.py:161} INFO - Processing /home/osboxes/.local/lib/python3.8/site-packages/airflow/example_dags/tutorial.py took 0.994 seconds
[2022-06-23 10:51:00,457] {processor.py:153} INFO - Started process (PID=41355) to work on /home/osboxes/.local/lib/python3.8/site-packages/airflow/example_dags/tutorial.py
[2022-06-23 10:51:00,460] {processor.py:641} INFO - Processing file /home/osboxes/.local/lib/python3.8/site-packages/airflow/example_dags/tutorial.py for tasks to queue
[2022-06-23 10:51:00,460] {logging_mixin.py:115} INFO - [2022-06-23 10:51:00,460] {dagbag.py:507} INFO - Filling up the DagBag from /home/osboxes/.local/lib/python3.8/site-packages/airflow/example_dags/tutorial.py
[2022-06-23 10:51:00,466] {processor.py:651} INFO - DAG(s) dict_keys(['tutorial']) retrieved from /home/osboxes/.local/lib/python3.8/site-packages/airflow/example_dags/tutorial.py
[2022-06-23 10:51:00,480] {logging_mixin.py:115} INFO - [2022-06-23 10:51:00,480] {dag.py:2371} INFO - Sync 1 DAGs
[2022-06-23 10:51:00,496] {logging_mixin.py:115} INFO - [2022-06-23 10:51:00,496] {dag.py:2915} INFO - Setting next_dagrun for tutorial to 2022-06-22T14:51:00.496016+00:00, run_after=2022-06-23T14:51:00.496016+00:00
[2022-06-23 10:51:00,532] {processor.py:161} INFO - Processing /home/osboxes/.local/lib/python3.8/site-packages/airflow/example_dags/tutorial.py took 0.076 seconds
[2022-06-23 10:51:40,366] {processor.py:153} INFO - Started process (PID=41756) to work on /home/osboxes/.local/lib/python3.8/site-packages/airflow/example_dags/tutorial.py
[2022-06-23 10:51:40,440] {processor.py:641} INFO - Processing file /home/osboxes/.local/lib/python3.8/site-packages/airflow/example_dags/tutorial.py for tasks to queue
[2022-06-23 10:51:40,440] {logging_mixin.py:115} INFO - [2022-06-23 10:51:40,440] {dagbag.py:507} INFO - Filling up the DagBag from /home/osboxes/.local/lib/python3.8/site-packages/airflow/example_dags/tutorial.py
[2022-06-23 10:51:40,445] {processor.py:651} INFO - DAG(s) dict_keys(['tutorial']) retrieved from /home/osboxes/.local/lib/python3.8/site-packages/airflow/example_dags/tutorial.py
[2022-06-23 10:51:40,492] {logging_mixin.py:115} INFO - [2022-06-23 10:51:40,491] {dag.py:2371} INFO - Sync 1 DAGs
[2022-06-23 10:51:40,508] {logging_mixin.py:115} INFO - [2022-06-23 10:51:40,508] {dag.py:2915} INFO - Setting next_dagrun for tutorial to 2022-06-22T14:51:40.508160+00:00, run_after=2022-06-23T14:51:40.508160+00:00
[2022-06-23 10:51:40,546] {processor.py:161} INFO - Processing /home/osboxes/.local/lib/python3.8/site-packages/airflow/example_dags/tutorial.py took 0.182 seconds
[2022-06-23 10:52:16,361] {processor.py:153} INFO - Started process (PID=42058) to work on /home/osboxes/.local/lib/python3.8/site-packages/airflow/example_dags/tutorial.py
[2022-06-23 10:52:16,381] {processor.py:641} INFO - Processing file /home/osboxes/.local/lib/python3.8/site-packages/airflow/example_dags/tutorial.py for tasks to queue
[2022-06-23 10:52:16,384] {logging_mixin.py:115} INFO - [2022-06-23 10:52:16,384] {dagbag.py:507} INFO - Filling up the DagBag from /home/osboxes/.local/lib/python3.8/site-packages/airflow/example_dags/tutorial.py
[2022-06-23 10:52:16,391] {processor.py:651} INFO - DAG(s) dict_keys(['tutorial']) retrieved from /home/osboxes/.local/lib/python3.8/site-packages/airflow/example_dags/tutorial.py
[2022-06-23 10:52:16,562] {logging_mixin.py:115} INFO - [2022-06-23 10:52:16,548] {dag.py:2371} INFO - Sync 1 DAGs
[2022-06-23 10:52:16,693] {logging_mixin.py:115} INFO - [2022-06-23 10:52:16,693] {dag.py:2915} INFO - Setting next_dagrun for tutorial to 2022-06-22T14:52:16.692890+00:00, run_after=2022-06-23T14:52:16.692890+00:00
[2022-06-23 10:52:16,936] {processor.py:161} INFO - Processing /home/osboxes/.local/lib/python3.8/site-packages/airflow/example_dags/tutorial.py took 0.578 seconds
[2022-06-23 10:52:54,727] {processor.py:153} INFO - Started process (PID=42399) to work on /home/osboxes/.local/lib/python3.8/site-packages/airflow/example_dags/tutorial.py
[2022-06-23 10:52:54,737] {processor.py:641} INFO - Processing file /home/osboxes/.local/lib/python3.8/site-packages/airflow/example_dags/tutorial.py for tasks to queue
[2022-06-23 10:52:54,737] {logging_mixin.py:115} INFO - [2022-06-23 10:52:54,737] {dagbag.py:507} INFO - Filling up the DagBag from /home/osboxes/.local/lib/python3.8/site-packages/airflow/example_dags/tutorial.py
[2022-06-23 10:52:54,741] {processor.py:651} INFO - DAG(s) dict_keys(['tutorial']) retrieved from /home/osboxes/.local/lib/python3.8/site-packages/airflow/example_dags/tutorial.py
[2022-06-23 10:52:54,761] {logging_mixin.py:115} INFO - [2022-06-23 10:52:54,761] {dag.py:2371} INFO - Sync 1 DAGs
[2022-06-23 10:52:54,776] {logging_mixin.py:115} INFO - [2022-06-23 10:52:54,776] {dag.py:2915} INFO - Setting next_dagrun for tutorial to 2022-06-22T14:52:54.776294+00:00, run_after=2022-06-23T14:52:54.776294+00:00
[2022-06-23 10:52:54,822] {processor.py:161} INFO - Processing /home/osboxes/.local/lib/python3.8/site-packages/airflow/example_dags/tutorial.py took 0.097 seconds
[2022-06-23 10:53:55,649] {processor.py:153} INFO - Started process (PID=42845) to work on /home/osboxes/.local/lib/python3.8/site-packages/airflow/example_dags/tutorial.py
[2022-06-23 10:53:55,748] {processor.py:641} INFO - Processing file /home/osboxes/.local/lib/python3.8/site-packages/airflow/example_dags/tutorial.py for tasks to queue
[2022-06-23 10:53:55,748] {logging_mixin.py:115} INFO - [2022-06-23 10:53:55,748] {dagbag.py:507} INFO - Filling up the DagBag from /home/osboxes/.local/lib/python3.8/site-packages/airflow/example_dags/tutorial.py
[2022-06-23 10:53:55,757] {processor.py:651} INFO - DAG(s) dict_keys(['tutorial']) retrieved from /home/osboxes/.local/lib/python3.8/site-packages/airflow/example_dags/tutorial.py
[2022-06-23 10:53:55,800] {logging_mixin.py:115} INFO - [2022-06-23 10:53:55,799] {dag.py:2371} INFO - Sync 1 DAGs
[2022-06-23 10:53:55,836] {logging_mixin.py:115} INFO - [2022-06-23 10:53:55,835] {dag.py:2915} INFO - Setting next_dagrun for tutorial to 2022-06-22T14:53:55.835771+00:00, run_after=2022-06-23T14:53:55.835771+00:00
[2022-06-23 10:53:56,867] {processor.py:161} INFO - Processing /home/osboxes/.local/lib/python3.8/site-packages/airflow/example_dags/tutorial.py took 1.221 seconds
[2022-06-23 10:55:18,637] {processor.py:153} INFO - Started process (PID=43510) to work on /home/osboxes/.local/lib/python3.8/site-packages/airflow/example_dags/tutorial.py
[2022-06-23 10:55:19,125] {processor.py:641} INFO - Processing file /home/osboxes/.local/lib/python3.8/site-packages/airflow/example_dags/tutorial.py for tasks to queue
[2022-06-23 10:55:19,125] {logging_mixin.py:115} INFO - [2022-06-23 10:55:19,125] {dagbag.py:507} INFO - Filling up the DagBag from /home/osboxes/.local/lib/python3.8/site-packages/airflow/example_dags/tutorial.py
[2022-06-23 10:55:19,152] {processor.py:651} INFO - DAG(s) dict_keys(['tutorial']) retrieved from /home/osboxes/.local/lib/python3.8/site-packages/airflow/example_dags/tutorial.py
[2022-06-23 10:55:19,253] {logging_mixin.py:115} INFO - [2022-06-23 10:55:19,253] {dag.py:2371} INFO - Sync 1 DAGs
[2022-06-23 10:55:19,350] {logging_mixin.py:115} INFO - [2022-06-23 10:55:19,350] {dag.py:2915} INFO - Setting next_dagrun for tutorial to 2022-06-22T14:55:19.350615+00:00, run_after=2022-06-23T14:55:19.350615+00:00
[2022-06-23 10:55:21,648] {processor.py:161} INFO - Processing /home/osboxes/.local/lib/python3.8/site-packages/airflow/example_dags/tutorial.py took 3.014 seconds
[2022-06-23 10:56:04,064] {processor.py:153} INFO - Started process (PID=43894) to work on /home/osboxes/.local/lib/python3.8/site-packages/airflow/example_dags/tutorial.py
[2022-06-23 10:56:04,075] {processor.py:641} INFO - Processing file /home/osboxes/.local/lib/python3.8/site-packages/airflow/example_dags/tutorial.py for tasks to queue
[2022-06-23 10:56:04,076] {logging_mixin.py:115} INFO - [2022-06-23 10:56:04,075] {dagbag.py:507} INFO - Filling up the DagBag from /home/osboxes/.local/lib/python3.8/site-packages/airflow/example_dags/tutorial.py
[2022-06-23 10:56:04,079] {processor.py:651} INFO - DAG(s) dict_keys(['tutorial']) retrieved from /home/osboxes/.local/lib/python3.8/site-packages/airflow/example_dags/tutorial.py
[2022-06-23 10:56:04,094] {logging_mixin.py:115} INFO - [2022-06-23 10:56:04,094] {dag.py:2371} INFO - Sync 1 DAGs
[2022-06-23 10:56:04,112] {logging_mixin.py:115} INFO - [2022-06-23 10:56:04,112] {dag.py:2915} INFO - Setting next_dagrun for tutorial to 2022-06-22T14:56:04.112511+00:00, run_after=2022-06-23T14:56:04.112511+00:00
[2022-06-23 10:56:04,276] {processor.py:161} INFO - Processing /home/osboxes/.local/lib/python3.8/site-packages/airflow/example_dags/tutorial.py took 0.213 seconds
[2022-06-23 10:56:43,020] {processor.py:153} INFO - Started process (PID=44239) to work on /home/osboxes/.local/lib/python3.8/site-packages/airflow/example_dags/tutorial.py
[2022-06-23 10:56:43,023] {processor.py:641} INFO - Processing file /home/osboxes/.local/lib/python3.8/site-packages/airflow/example_dags/tutorial.py for tasks to queue
[2022-06-23 10:56:43,023] {logging_mixin.py:115} INFO - [2022-06-23 10:56:43,023] {dagbag.py:507} INFO - Filling up the DagBag from /home/osboxes/.local/lib/python3.8/site-packages/airflow/example_dags/tutorial.py
[2022-06-23 10:56:43,027] {processor.py:651} INFO - DAG(s) dict_keys(['tutorial']) retrieved from /home/osboxes/.local/lib/python3.8/site-packages/airflow/example_dags/tutorial.py
[2022-06-23 10:56:43,043] {logging_mixin.py:115} INFO - [2022-06-23 10:56:43,043] {dag.py:2371} INFO - Sync 1 DAGs
[2022-06-23 10:56:43,061] {logging_mixin.py:115} INFO - [2022-06-23 10:56:43,061] {dag.py:2915} INFO - Setting next_dagrun for tutorial to 2022-06-22T14:56:43.061515+00:00, run_after=2022-06-23T14:56:43.061515+00:00
[2022-06-23 10:56:43,105] {processor.py:161} INFO - Processing /home/osboxes/.local/lib/python3.8/site-packages/airflow/example_dags/tutorial.py took 0.092 seconds
[2022-06-23 10:57:19,112] {processor.py:153} INFO - Started process (PID=44517) to work on /home/osboxes/.local/lib/python3.8/site-packages/airflow/example_dags/tutorial.py
[2022-06-23 10:57:19,113] {processor.py:641} INFO - Processing file /home/osboxes/.local/lib/python3.8/site-packages/airflow/example_dags/tutorial.py for tasks to queue
[2022-06-23 10:57:19,113] {logging_mixin.py:115} INFO - [2022-06-23 10:57:19,113] {dagbag.py:507} INFO - Filling up the DagBag from /home/osboxes/.local/lib/python3.8/site-packages/airflow/example_dags/tutorial.py
[2022-06-23 10:57:19,117] {processor.py:651} INFO - DAG(s) dict_keys(['tutorial']) retrieved from /home/osboxes/.local/lib/python3.8/site-packages/airflow/example_dags/tutorial.py
[2022-06-23 10:57:19,132] {logging_mixin.py:115} INFO - [2022-06-23 10:57:19,132] {dag.py:2371} INFO - Sync 1 DAGs
[2022-06-23 10:57:19,149] {logging_mixin.py:115} INFO - [2022-06-23 10:57:19,148] {dag.py:2915} INFO - Setting next_dagrun for tutorial to 2022-06-22T14:57:19.148739+00:00, run_after=2022-06-23T14:57:19.148739+00:00
[2022-06-23 10:57:19,183] {processor.py:161} INFO - Processing /home/osboxes/.local/lib/python3.8/site-packages/airflow/example_dags/tutorial.py took 0.074 seconds
[2022-06-23 10:58:08,745] {processor.py:153} INFO - Started process (PID=45036) to work on /home/osboxes/.local/lib/python3.8/site-packages/airflow/example_dags/tutorial.py
[2022-06-23 10:58:08,747] {processor.py:641} INFO - Processing file /home/osboxes/.local/lib/python3.8/site-packages/airflow/example_dags/tutorial.py for tasks to queue
[2022-06-23 10:58:08,748] {logging_mixin.py:115} INFO - [2022-06-23 10:58:08,748] {dagbag.py:507} INFO - Filling up the DagBag from /home/osboxes/.local/lib/python3.8/site-packages/airflow/example_dags/tutorial.py
[2022-06-23 10:58:08,757] {processor.py:651} INFO - DAG(s) dict_keys(['tutorial']) retrieved from /home/osboxes/.local/lib/python3.8/site-packages/airflow/example_dags/tutorial.py
[2022-06-23 10:58:08,779] {logging_mixin.py:115} INFO - [2022-06-23 10:58:08,779] {dag.py:2371} INFO - Sync 1 DAGs
[2022-06-23 10:58:08,803] {logging_mixin.py:115} INFO - [2022-06-23 10:58:08,803] {dag.py:2915} INFO - Setting next_dagrun for tutorial to 2022-06-22T14:58:08.803171+00:00, run_after=2022-06-23T14:58:08.803171+00:00
[2022-06-23 10:58:08,835] {processor.py:161} INFO - Processing /home/osboxes/.local/lib/python3.8/site-packages/airflow/example_dags/tutorial.py took 0.095 seconds
[2022-06-23 10:58:46,195] {processor.py:153} INFO - Started process (PID=45485) to work on /home/osboxes/.local/lib/python3.8/site-packages/airflow/example_dags/tutorial.py
[2022-06-23 10:58:46,196] {processor.py:641} INFO - Processing file /home/osboxes/.local/lib/python3.8/site-packages/airflow/example_dags/tutorial.py for tasks to queue
[2022-06-23 10:58:46,197] {logging_mixin.py:115} INFO - [2022-06-23 10:58:46,197] {dagbag.py:507} INFO - Filling up the DagBag from /home/osboxes/.local/lib/python3.8/site-packages/airflow/example_dags/tutorial.py
[2022-06-23 10:58:46,201] {processor.py:651} INFO - DAG(s) dict_keys(['tutorial']) retrieved from /home/osboxes/.local/lib/python3.8/site-packages/airflow/example_dags/tutorial.py
[2022-06-23 10:58:46,217] {logging_mixin.py:115} INFO - [2022-06-23 10:58:46,217] {dag.py:2371} INFO - Sync 1 DAGs
[2022-06-23 10:58:46,233] {logging_mixin.py:115} INFO - [2022-06-23 10:58:46,233] {dag.py:2915} INFO - Setting next_dagrun for tutorial to 2022-06-22T14:58:46.233580+00:00, run_after=2022-06-23T14:58:46.233580+00:00
[2022-06-23 10:58:46,501] {processor.py:161} INFO - Processing /home/osboxes/.local/lib/python3.8/site-packages/airflow/example_dags/tutorial.py took 0.308 seconds
