[2022-06-23 10:27:42,889] {processor.py:153} INFO - Started process (PID=27065) to work on /home/osboxes/.local/lib/python3.8/site-packages/airflow/example_dags/tutorial_taskflow_api_etl.py
[2022-06-23 10:27:42,889] {processor.py:641} INFO - Processing file /home/osboxes/.local/lib/python3.8/site-packages/airflow/example_dags/tutorial_taskflow_api_etl.py for tasks to queue
[2022-06-23 10:27:42,890] {logging_mixin.py:115} INFO - [2022-06-23 10:27:42,890] {dagbag.py:507} INFO - Filling up the DagBag from /home/osboxes/.local/lib/python3.8/site-packages/airflow/example_dags/tutorial_taskflow_api_etl.py
[2022-06-23 10:27:42,906] {processor.py:651} INFO - DAG(s) dict_keys(['tutorial_taskflow_api_etl']) retrieved from /home/osboxes/.local/lib/python3.8/site-packages/airflow/example_dags/tutorial_taskflow_api_etl.py
[2022-06-23 10:27:43,205] {logging_mixin.py:115} INFO - [2022-06-23 10:27:43,205] {manager.py:508} INFO - Created Permission View: can edit on DAG:tutorial_taskflow_api_etl
[2022-06-23 10:27:43,231] {logging_mixin.py:115} INFO - [2022-06-23 10:27:43,231] {manager.py:508} INFO - Created Permission View: can read on DAG:tutorial_taskflow_api_etl
[2022-06-23 10:27:43,293] {logging_mixin.py:115} INFO - [2022-06-23 10:27:43,293] {manager.py:508} INFO - Created Permission View: can delete on DAG:tutorial_taskflow_api_etl
[2022-06-23 10:27:43,293] {logging_mixin.py:115} INFO - [2022-06-23 10:27:43,293] {dag.py:2371} INFO - Sync 1 DAGs
[2022-06-23 10:27:43,302] {logging_mixin.py:115} INFO - [2022-06-23 10:27:43,301] {dag.py:2390} INFO - Creating ORM DAG for tutorial_taskflow_api_etl
[2022-06-23 10:27:43,321] {logging_mixin.py:115} INFO - [2022-06-23 10:27:43,321] {dag.py:2915} INFO - Setting next_dagrun for tutorial_taskflow_api_etl to None, run_after=None
[2022-06-23 10:27:43,371] {processor.py:161} INFO - Processing /home/osboxes/.local/lib/python3.8/site-packages/airflow/example_dags/tutorial_taskflow_api_etl.py took 0.484 seconds
[2022-06-23 10:29:00,278] {processor.py:153} INFO - Started process (PID=27974) to work on /home/osboxes/.local/lib/python3.8/site-packages/airflow/example_dags/tutorial_taskflow_api_etl.py
[2022-06-23 10:29:00,289] {processor.py:641} INFO - Processing file /home/osboxes/.local/lib/python3.8/site-packages/airflow/example_dags/tutorial_taskflow_api_etl.py for tasks to queue
[2022-06-23 10:29:00,290] {logging_mixin.py:115} INFO - [2022-06-23 10:29:00,290] {dagbag.py:507} INFO - Filling up the DagBag from /home/osboxes/.local/lib/python3.8/site-packages/airflow/example_dags/tutorial_taskflow_api_etl.py
[2022-06-23 10:29:00,312] {processor.py:651} INFO - DAG(s) dict_keys(['tutorial_taskflow_api_etl']) retrieved from /home/osboxes/.local/lib/python3.8/site-packages/airflow/example_dags/tutorial_taskflow_api_etl.py
[2022-06-23 10:29:00,329] {logging_mixin.py:115} INFO - [2022-06-23 10:29:00,329] {dag.py:2371} INFO - Sync 1 DAGs
[2022-06-23 10:29:00,346] {logging_mixin.py:115} INFO - [2022-06-23 10:29:00,346] {dag.py:2915} INFO - Setting next_dagrun for tutorial_taskflow_api_etl to None, run_after=None
[2022-06-23 10:29:00,391] {processor.py:161} INFO - Processing /home/osboxes/.local/lib/python3.8/site-packages/airflow/example_dags/tutorial_taskflow_api_etl.py took 0.115 seconds
[2022-06-23 10:29:36,725] {processor.py:153} INFO - Started process (PID=28268) to work on /home/osboxes/.local/lib/python3.8/site-packages/airflow/example_dags/tutorial_taskflow_api_etl.py
[2022-06-23 10:29:36,763] {processor.py:641} INFO - Processing file /home/osboxes/.local/lib/python3.8/site-packages/airflow/example_dags/tutorial_taskflow_api_etl.py for tasks to queue
[2022-06-23 10:29:36,764] {logging_mixin.py:115} INFO - [2022-06-23 10:29:36,764] {dagbag.py:507} INFO - Filling up the DagBag from /home/osboxes/.local/lib/python3.8/site-packages/airflow/example_dags/tutorial_taskflow_api_etl.py
[2022-06-23 10:29:36,780] {processor.py:651} INFO - DAG(s) dict_keys(['tutorial_taskflow_api_etl']) retrieved from /home/osboxes/.local/lib/python3.8/site-packages/airflow/example_dags/tutorial_taskflow_api_etl.py
[2022-06-23 10:29:36,904] {logging_mixin.py:115} INFO - [2022-06-23 10:29:36,904] {dag.py:2371} INFO - Sync 1 DAGs
[2022-06-23 10:29:36,959] {logging_mixin.py:115} INFO - [2022-06-23 10:29:36,959] {dag.py:2915} INFO - Setting next_dagrun for tutorial_taskflow_api_etl to None, run_after=None
[2022-06-23 10:29:37,187] {processor.py:161} INFO - Processing /home/osboxes/.local/lib/python3.8/site-packages/airflow/example_dags/tutorial_taskflow_api_etl.py took 0.464 seconds
[2022-06-23 10:30:14,252] {processor.py:153} INFO - Started process (PID=28607) to work on /home/osboxes/.local/lib/python3.8/site-packages/airflow/example_dags/tutorial_taskflow_api_etl.py
[2022-06-23 10:30:14,254] {processor.py:641} INFO - Processing file /home/osboxes/.local/lib/python3.8/site-packages/airflow/example_dags/tutorial_taskflow_api_etl.py for tasks to queue
[2022-06-23 10:30:14,255] {logging_mixin.py:115} INFO - [2022-06-23 10:30:14,255] {dagbag.py:507} INFO - Filling up the DagBag from /home/osboxes/.local/lib/python3.8/site-packages/airflow/example_dags/tutorial_taskflow_api_etl.py
[2022-06-23 10:30:14,270] {processor.py:651} INFO - DAG(s) dict_keys(['tutorial_taskflow_api_etl']) retrieved from /home/osboxes/.local/lib/python3.8/site-packages/airflow/example_dags/tutorial_taskflow_api_etl.py
[2022-06-23 10:30:14,286] {logging_mixin.py:115} INFO - [2022-06-23 10:30:14,286] {dag.py:2371} INFO - Sync 1 DAGs
[2022-06-23 10:30:14,301] {logging_mixin.py:115} INFO - [2022-06-23 10:30:14,301] {dag.py:2915} INFO - Setting next_dagrun for tutorial_taskflow_api_etl to None, run_after=None
[2022-06-23 10:30:14,329] {processor.py:161} INFO - Processing /home/osboxes/.local/lib/python3.8/site-packages/airflow/example_dags/tutorial_taskflow_api_etl.py took 0.080 seconds
[2022-06-23 10:30:45,810] {processor.py:153} INFO - Started process (PID=28860) to work on /home/osboxes/.local/lib/python3.8/site-packages/airflow/example_dags/tutorial_taskflow_api_etl.py
[2022-06-23 10:30:45,811] {processor.py:641} INFO - Processing file /home/osboxes/.local/lib/python3.8/site-packages/airflow/example_dags/tutorial_taskflow_api_etl.py for tasks to queue
[2022-06-23 10:30:45,812] {logging_mixin.py:115} INFO - [2022-06-23 10:30:45,812] {dagbag.py:507} INFO - Filling up the DagBag from /home/osboxes/.local/lib/python3.8/site-packages/airflow/example_dags/tutorial_taskflow_api_etl.py
[2022-06-23 10:30:45,837] {processor.py:651} INFO - DAG(s) dict_keys(['tutorial_taskflow_api_etl']) retrieved from /home/osboxes/.local/lib/python3.8/site-packages/airflow/example_dags/tutorial_taskflow_api_etl.py
[2022-06-23 10:30:45,872] {logging_mixin.py:115} INFO - [2022-06-23 10:30:45,872] {dag.py:2371} INFO - Sync 1 DAGs
[2022-06-23 10:30:45,899] {logging_mixin.py:115} INFO - [2022-06-23 10:30:45,899] {dag.py:2915} INFO - Setting next_dagrun for tutorial_taskflow_api_etl to None, run_after=None
[2022-06-23 10:30:45,968] {processor.py:161} INFO - Processing /home/osboxes/.local/lib/python3.8/site-packages/airflow/example_dags/tutorial_taskflow_api_etl.py took 0.160 seconds
[2022-06-23 10:31:18,583] {processor.py:153} INFO - Started process (PID=29135) to work on /home/osboxes/.local/lib/python3.8/site-packages/airflow/example_dags/tutorial_taskflow_api_etl.py
[2022-06-23 10:31:18,585] {processor.py:641} INFO - Processing file /home/osboxes/.local/lib/python3.8/site-packages/airflow/example_dags/tutorial_taskflow_api_etl.py for tasks to queue
[2022-06-23 10:31:18,586] {logging_mixin.py:115} INFO - [2022-06-23 10:31:18,586] {dagbag.py:507} INFO - Filling up the DagBag from /home/osboxes/.local/lib/python3.8/site-packages/airflow/example_dags/tutorial_taskflow_api_etl.py
[2022-06-23 10:31:18,601] {processor.py:651} INFO - DAG(s) dict_keys(['tutorial_taskflow_api_etl']) retrieved from /home/osboxes/.local/lib/python3.8/site-packages/airflow/example_dags/tutorial_taskflow_api_etl.py
[2022-06-23 10:31:18,616] {logging_mixin.py:115} INFO - [2022-06-23 10:31:18,616] {dag.py:2371} INFO - Sync 1 DAGs
[2022-06-23 10:31:18,630] {logging_mixin.py:115} INFO - [2022-06-23 10:31:18,630] {dag.py:2915} INFO - Setting next_dagrun for tutorial_taskflow_api_etl to None, run_after=None
[2022-06-23 10:31:18,663] {processor.py:161} INFO - Processing /home/osboxes/.local/lib/python3.8/site-packages/airflow/example_dags/tutorial_taskflow_api_etl.py took 0.082 seconds
[2022-06-23 10:31:52,554] {processor.py:153} INFO - Started process (PID=29456) to work on /home/osboxes/.local/lib/python3.8/site-packages/airflow/example_dags/tutorial_taskflow_api_etl.py
[2022-06-23 10:31:52,554] {processor.py:641} INFO - Processing file /home/osboxes/.local/lib/python3.8/site-packages/airflow/example_dags/tutorial_taskflow_api_etl.py for tasks to queue
[2022-06-23 10:31:52,555] {logging_mixin.py:115} INFO - [2022-06-23 10:31:52,554] {dagbag.py:507} INFO - Filling up the DagBag from /home/osboxes/.local/lib/python3.8/site-packages/airflow/example_dags/tutorial_taskflow_api_etl.py
[2022-06-23 10:31:52,569] {processor.py:651} INFO - DAG(s) dict_keys(['tutorial_taskflow_api_etl']) retrieved from /home/osboxes/.local/lib/python3.8/site-packages/airflow/example_dags/tutorial_taskflow_api_etl.py
[2022-06-23 10:31:52,584] {logging_mixin.py:115} INFO - [2022-06-23 10:31:52,584] {dag.py:2371} INFO - Sync 1 DAGs
[2022-06-23 10:31:52,599] {logging_mixin.py:115} INFO - [2022-06-23 10:31:52,599] {dag.py:2915} INFO - Setting next_dagrun for tutorial_taskflow_api_etl to None, run_after=None
[2022-06-23 10:31:52,665] {processor.py:161} INFO - Processing /home/osboxes/.local/lib/python3.8/site-packages/airflow/example_dags/tutorial_taskflow_api_etl.py took 0.113 seconds
[2022-06-23 10:32:26,220] {processor.py:153} INFO - Started process (PID=29866) to work on /home/osboxes/.local/lib/python3.8/site-packages/airflow/example_dags/tutorial_taskflow_api_etl.py
[2022-06-23 10:32:26,232] {processor.py:641} INFO - Processing file /home/osboxes/.local/lib/python3.8/site-packages/airflow/example_dags/tutorial_taskflow_api_etl.py for tasks to queue
[2022-06-23 10:32:26,232] {logging_mixin.py:115} INFO - [2022-06-23 10:32:26,232] {dagbag.py:507} INFO - Filling up the DagBag from /home/osboxes/.local/lib/python3.8/site-packages/airflow/example_dags/tutorial_taskflow_api_etl.py
[2022-06-23 10:32:26,246] {processor.py:651} INFO - DAG(s) dict_keys(['tutorial_taskflow_api_etl']) retrieved from /home/osboxes/.local/lib/python3.8/site-packages/airflow/example_dags/tutorial_taskflow_api_etl.py
[2022-06-23 10:32:26,259] {logging_mixin.py:115} INFO - [2022-06-23 10:32:26,259] {dag.py:2371} INFO - Sync 1 DAGs
[2022-06-23 10:32:26,274] {logging_mixin.py:115} INFO - [2022-06-23 10:32:26,274] {dag.py:2915} INFO - Setting next_dagrun for tutorial_taskflow_api_etl to None, run_after=None
[2022-06-23 10:32:26,307] {processor.py:161} INFO - Processing /home/osboxes/.local/lib/python3.8/site-packages/airflow/example_dags/tutorial_taskflow_api_etl.py took 0.089 seconds
[2022-06-23 10:33:01,983] {processor.py:153} INFO - Started process (PID=30315) to work on /home/osboxes/.local/lib/python3.8/site-packages/airflow/example_dags/tutorial_taskflow_api_etl.py
[2022-06-23 10:33:02,080] {processor.py:641} INFO - Processing file /home/osboxes/.local/lib/python3.8/site-packages/airflow/example_dags/tutorial_taskflow_api_etl.py for tasks to queue
[2022-06-23 10:33:02,081] {logging_mixin.py:115} INFO - [2022-06-23 10:33:02,081] {dagbag.py:507} INFO - Filling up the DagBag from /home/osboxes/.local/lib/python3.8/site-packages/airflow/example_dags/tutorial_taskflow_api_etl.py
[2022-06-23 10:33:02,218] {processor.py:651} INFO - DAG(s) dict_keys(['tutorial_taskflow_api_etl']) retrieved from /home/osboxes/.local/lib/python3.8/site-packages/airflow/example_dags/tutorial_taskflow_api_etl.py
[2022-06-23 10:33:02,447] {logging_mixin.py:115} INFO - [2022-06-23 10:33:02,446] {dag.py:2371} INFO - Sync 1 DAGs
[2022-06-23 10:33:02,489] {logging_mixin.py:115} INFO - [2022-06-23 10:33:02,489] {dag.py:2915} INFO - Setting next_dagrun for tutorial_taskflow_api_etl to None, run_after=None
[2022-06-23 10:33:02,531] {processor.py:161} INFO - Processing /home/osboxes/.local/lib/python3.8/site-packages/airflow/example_dags/tutorial_taskflow_api_etl.py took 0.550 seconds
[2022-06-23 10:33:35,520] {processor.py:153} INFO - Started process (PID=30685) to work on /home/osboxes/.local/lib/python3.8/site-packages/airflow/example_dags/tutorial_taskflow_api_etl.py
[2022-06-23 10:33:35,520] {processor.py:641} INFO - Processing file /home/osboxes/.local/lib/python3.8/site-packages/airflow/example_dags/tutorial_taskflow_api_etl.py for tasks to queue
[2022-06-23 10:33:35,521] {logging_mixin.py:115} INFO - [2022-06-23 10:33:35,521] {dagbag.py:507} INFO - Filling up the DagBag from /home/osboxes/.local/lib/python3.8/site-packages/airflow/example_dags/tutorial_taskflow_api_etl.py
[2022-06-23 10:33:35,616] {processor.py:651} INFO - DAG(s) dict_keys(['tutorial_taskflow_api_etl']) retrieved from /home/osboxes/.local/lib/python3.8/site-packages/airflow/example_dags/tutorial_taskflow_api_etl.py
[2022-06-23 10:33:35,673] {logging_mixin.py:115} INFO - [2022-06-23 10:33:35,673] {dag.py:2371} INFO - Sync 1 DAGs
[2022-06-23 10:33:35,749] {logging_mixin.py:115} INFO - [2022-06-23 10:33:35,749] {dag.py:2915} INFO - Setting next_dagrun for tutorial_taskflow_api_etl to None, run_after=None
[2022-06-23 10:33:35,802] {processor.py:161} INFO - Processing /home/osboxes/.local/lib/python3.8/site-packages/airflow/example_dags/tutorial_taskflow_api_etl.py took 0.286 seconds
[2022-06-23 10:34:14,525] {processor.py:153} INFO - Started process (PID=31181) to work on /home/osboxes/.local/lib/python3.8/site-packages/airflow/example_dags/tutorial_taskflow_api_etl.py
[2022-06-23 10:34:14,629] {processor.py:641} INFO - Processing file /home/osboxes/.local/lib/python3.8/site-packages/airflow/example_dags/tutorial_taskflow_api_etl.py for tasks to queue
[2022-06-23 10:34:14,629] {logging_mixin.py:115} INFO - [2022-06-23 10:34:14,629] {dagbag.py:507} INFO - Filling up the DagBag from /home/osboxes/.local/lib/python3.8/site-packages/airflow/example_dags/tutorial_taskflow_api_etl.py
[2022-06-23 10:34:14,725] {processor.py:651} INFO - DAG(s) dict_keys(['tutorial_taskflow_api_etl']) retrieved from /home/osboxes/.local/lib/python3.8/site-packages/airflow/example_dags/tutorial_taskflow_api_etl.py
[2022-06-23 10:34:14,785] {logging_mixin.py:115} INFO - [2022-06-23 10:34:14,785] {dag.py:2371} INFO - Sync 1 DAGs
[2022-06-23 10:34:14,814] {logging_mixin.py:115} INFO - [2022-06-23 10:34:14,814] {dag.py:2915} INFO - Setting next_dagrun for tutorial_taskflow_api_etl to None, run_after=None
[2022-06-23 10:34:14,881] {processor.py:161} INFO - Processing /home/osboxes/.local/lib/python3.8/site-packages/airflow/example_dags/tutorial_taskflow_api_etl.py took 0.358 seconds
[2022-06-23 10:34:49,873] {processor.py:153} INFO - Started process (PID=31523) to work on /home/osboxes/.local/lib/python3.8/site-packages/airflow/example_dags/tutorial_taskflow_api_etl.py
[2022-06-23 10:34:49,876] {processor.py:641} INFO - Processing file /home/osboxes/.local/lib/python3.8/site-packages/airflow/example_dags/tutorial_taskflow_api_etl.py for tasks to queue
[2022-06-23 10:34:49,876] {logging_mixin.py:115} INFO - [2022-06-23 10:34:49,876] {dagbag.py:507} INFO - Filling up the DagBag from /home/osboxes/.local/lib/python3.8/site-packages/airflow/example_dags/tutorial_taskflow_api_etl.py
[2022-06-23 10:34:49,891] {processor.py:651} INFO - DAG(s) dict_keys(['tutorial_taskflow_api_etl']) retrieved from /home/osboxes/.local/lib/python3.8/site-packages/airflow/example_dags/tutorial_taskflow_api_etl.py
[2022-06-23 10:34:49,907] {logging_mixin.py:115} INFO - [2022-06-23 10:34:49,907] {dag.py:2371} INFO - Sync 1 DAGs
[2022-06-23 10:34:49,922] {logging_mixin.py:115} INFO - [2022-06-23 10:34:49,922] {dag.py:2915} INFO - Setting next_dagrun for tutorial_taskflow_api_etl to None, run_after=None
[2022-06-23 10:34:49,955] {processor.py:161} INFO - Processing /home/osboxes/.local/lib/python3.8/site-packages/airflow/example_dags/tutorial_taskflow_api_etl.py took 0.085 seconds
[2022-06-23 10:35:23,816] {processor.py:153} INFO - Started process (PID=31889) to work on /home/osboxes/.local/lib/python3.8/site-packages/airflow/example_dags/tutorial_taskflow_api_etl.py
[2022-06-23 10:35:23,819] {processor.py:641} INFO - Processing file /home/osboxes/.local/lib/python3.8/site-packages/airflow/example_dags/tutorial_taskflow_api_etl.py for tasks to queue
[2022-06-23 10:35:23,819] {logging_mixin.py:115} INFO - [2022-06-23 10:35:23,819] {dagbag.py:507} INFO - Filling up the DagBag from /home/osboxes/.local/lib/python3.8/site-packages/airflow/example_dags/tutorial_taskflow_api_etl.py
[2022-06-23 10:35:23,840] {processor.py:651} INFO - DAG(s) dict_keys(['tutorial_taskflow_api_etl']) retrieved from /home/osboxes/.local/lib/python3.8/site-packages/airflow/example_dags/tutorial_taskflow_api_etl.py
[2022-06-23 10:35:23,884] {logging_mixin.py:115} INFO - [2022-06-23 10:35:23,884] {dag.py:2371} INFO - Sync 1 DAGs
[2022-06-23 10:35:23,901] {logging_mixin.py:115} INFO - [2022-06-23 10:35:23,901] {dag.py:2915} INFO - Setting next_dagrun for tutorial_taskflow_api_etl to None, run_after=None
[2022-06-23 10:35:23,982] {processor.py:161} INFO - Processing /home/osboxes/.local/lib/python3.8/site-packages/airflow/example_dags/tutorial_taskflow_api_etl.py took 0.168 seconds
[2022-06-23 10:35:57,964] {processor.py:153} INFO - Started process (PID=32248) to work on /home/osboxes/.local/lib/python3.8/site-packages/airflow/example_dags/tutorial_taskflow_api_etl.py
[2022-06-23 10:35:58,249] {processor.py:641} INFO - Processing file /home/osboxes/.local/lib/python3.8/site-packages/airflow/example_dags/tutorial_taskflow_api_etl.py for tasks to queue
[2022-06-23 10:35:58,249] {logging_mixin.py:115} INFO - [2022-06-23 10:35:58,249] {dagbag.py:507} INFO - Filling up the DagBag from /home/osboxes/.local/lib/python3.8/site-packages/airflow/example_dags/tutorial_taskflow_api_etl.py
[2022-06-23 10:35:58,339] {processor.py:651} INFO - DAG(s) dict_keys(['tutorial_taskflow_api_etl']) retrieved from /home/osboxes/.local/lib/python3.8/site-packages/airflow/example_dags/tutorial_taskflow_api_etl.py
[2022-06-23 10:35:58,383] {logging_mixin.py:115} INFO - [2022-06-23 10:35:58,383] {dag.py:2371} INFO - Sync 1 DAGs
[2022-06-23 10:35:58,424] {logging_mixin.py:115} INFO - [2022-06-23 10:35:58,424] {dag.py:2915} INFO - Setting next_dagrun for tutorial_taskflow_api_etl to None, run_after=None
[2022-06-23 10:35:58,909] {processor.py:161} INFO - Processing /home/osboxes/.local/lib/python3.8/site-packages/airflow/example_dags/tutorial_taskflow_api_etl.py took 0.947 seconds
[2022-06-23 10:36:49,396] {processor.py:153} INFO - Started process (PID=32777) to work on /home/osboxes/.local/lib/python3.8/site-packages/airflow/example_dags/tutorial_taskflow_api_etl.py
[2022-06-23 10:36:49,508] {processor.py:641} INFO - Processing file /home/osboxes/.local/lib/python3.8/site-packages/airflow/example_dags/tutorial_taskflow_api_etl.py for tasks to queue
[2022-06-23 10:36:49,514] {logging_mixin.py:115} INFO - [2022-06-23 10:36:49,513] {dagbag.py:507} INFO - Filling up the DagBag from /home/osboxes/.local/lib/python3.8/site-packages/airflow/example_dags/tutorial_taskflow_api_etl.py
[2022-06-23 10:36:49,620] {processor.py:651} INFO - DAG(s) dict_keys(['tutorial_taskflow_api_etl']) retrieved from /home/osboxes/.local/lib/python3.8/site-packages/airflow/example_dags/tutorial_taskflow_api_etl.py
[2022-06-23 10:36:49,853] {logging_mixin.py:115} INFO - [2022-06-23 10:36:49,853] {dag.py:2371} INFO - Sync 1 DAGs
[2022-06-23 10:36:49,934] {logging_mixin.py:115} INFO - [2022-06-23 10:36:49,933] {dag.py:2915} INFO - Setting next_dagrun for tutorial_taskflow_api_etl to None, run_after=None
[2022-06-23 10:36:50,324] {processor.py:161} INFO - Processing /home/osboxes/.local/lib/python3.8/site-packages/airflow/example_dags/tutorial_taskflow_api_etl.py took 0.929 seconds
[2022-06-23 10:37:38,109] {processor.py:153} INFO - Started process (PID=33169) to work on /home/osboxes/.local/lib/python3.8/site-packages/airflow/example_dags/tutorial_taskflow_api_etl.py
[2022-06-23 10:37:38,136] {processor.py:641} INFO - Processing file /home/osboxes/.local/lib/python3.8/site-packages/airflow/example_dags/tutorial_taskflow_api_etl.py for tasks to queue
[2022-06-23 10:37:38,137] {logging_mixin.py:115} INFO - [2022-06-23 10:37:38,137] {dagbag.py:507} INFO - Filling up the DagBag from /home/osboxes/.local/lib/python3.8/site-packages/airflow/example_dags/tutorial_taskflow_api_etl.py
[2022-06-23 10:37:38,155] {processor.py:651} INFO - DAG(s) dict_keys(['tutorial_taskflow_api_etl']) retrieved from /home/osboxes/.local/lib/python3.8/site-packages/airflow/example_dags/tutorial_taskflow_api_etl.py
[2022-06-23 10:37:38,829] {logging_mixin.py:115} INFO - [2022-06-23 10:37:38,829] {dag.py:2371} INFO - Sync 1 DAGs
[2022-06-23 10:37:39,064] {logging_mixin.py:115} INFO - [2022-06-23 10:37:39,064] {dag.py:2915} INFO - Setting next_dagrun for tutorial_taskflow_api_etl to None, run_after=None
[2022-06-23 10:37:39,484] {processor.py:161} INFO - Processing /home/osboxes/.local/lib/python3.8/site-packages/airflow/example_dags/tutorial_taskflow_api_etl.py took 1.378 seconds
[2022-06-23 10:38:15,768] {processor.py:153} INFO - Started process (PID=33544) to work on /home/osboxes/.local/lib/python3.8/site-packages/airflow/example_dags/tutorial_taskflow_api_etl.py
[2022-06-23 10:38:15,770] {processor.py:641} INFO - Processing file /home/osboxes/.local/lib/python3.8/site-packages/airflow/example_dags/tutorial_taskflow_api_etl.py for tasks to queue
[2022-06-23 10:38:15,771] {logging_mixin.py:115} INFO - [2022-06-23 10:38:15,771] {dagbag.py:507} INFO - Filling up the DagBag from /home/osboxes/.local/lib/python3.8/site-packages/airflow/example_dags/tutorial_taskflow_api_etl.py
[2022-06-23 10:38:15,795] {processor.py:651} INFO - DAG(s) dict_keys(['tutorial_taskflow_api_etl']) retrieved from /home/osboxes/.local/lib/python3.8/site-packages/airflow/example_dags/tutorial_taskflow_api_etl.py
[2022-06-23 10:38:16,061] {logging_mixin.py:115} INFO - [2022-06-23 10:38:16,061] {dag.py:2371} INFO - Sync 1 DAGs
[2022-06-23 10:38:16,105] {logging_mixin.py:115} INFO - [2022-06-23 10:38:16,105] {dag.py:2915} INFO - Setting next_dagrun for tutorial_taskflow_api_etl to None, run_after=None
[2022-06-23 10:38:16,180] {processor.py:161} INFO - Processing /home/osboxes/.local/lib/python3.8/site-packages/airflow/example_dags/tutorial_taskflow_api_etl.py took 0.414 seconds
[2022-06-23 10:38:56,079] {processor.py:153} INFO - Started process (PID=33934) to work on /home/osboxes/.local/lib/python3.8/site-packages/airflow/example_dags/tutorial_taskflow_api_etl.py
[2022-06-23 10:38:56,082] {processor.py:641} INFO - Processing file /home/osboxes/.local/lib/python3.8/site-packages/airflow/example_dags/tutorial_taskflow_api_etl.py for tasks to queue
[2022-06-23 10:38:56,082] {logging_mixin.py:115} INFO - [2022-06-23 10:38:56,082] {dagbag.py:507} INFO - Filling up the DagBag from /home/osboxes/.local/lib/python3.8/site-packages/airflow/example_dags/tutorial_taskflow_api_etl.py
[2022-06-23 10:38:56,097] {processor.py:651} INFO - DAG(s) dict_keys(['tutorial_taskflow_api_etl']) retrieved from /home/osboxes/.local/lib/python3.8/site-packages/airflow/example_dags/tutorial_taskflow_api_etl.py
[2022-06-23 10:38:56,141] {logging_mixin.py:115} INFO - [2022-06-23 10:38:56,141] {dag.py:2371} INFO - Sync 1 DAGs
[2022-06-23 10:38:56,158] {logging_mixin.py:115} INFO - [2022-06-23 10:38:56,158] {dag.py:2915} INFO - Setting next_dagrun for tutorial_taskflow_api_etl to None, run_after=None
[2022-06-23 10:38:56,198] {processor.py:161} INFO - Processing /home/osboxes/.local/lib/python3.8/site-packages/airflow/example_dags/tutorial_taskflow_api_etl.py took 0.121 seconds
[2022-06-23 10:39:32,175] {processor.py:153} INFO - Started process (PID=34208) to work on /home/osboxes/.local/lib/python3.8/site-packages/airflow/example_dags/tutorial_taskflow_api_etl.py
[2022-06-23 10:39:32,186] {processor.py:641} INFO - Processing file /home/osboxes/.local/lib/python3.8/site-packages/airflow/example_dags/tutorial_taskflow_api_etl.py for tasks to queue
[2022-06-23 10:39:32,205] {logging_mixin.py:115} INFO - [2022-06-23 10:39:32,205] {dagbag.py:507} INFO - Filling up the DagBag from /home/osboxes/.local/lib/python3.8/site-packages/airflow/example_dags/tutorial_taskflow_api_etl.py
[2022-06-23 10:39:32,232] {processor.py:651} INFO - DAG(s) dict_keys(['tutorial_taskflow_api_etl']) retrieved from /home/osboxes/.local/lib/python3.8/site-packages/airflow/example_dags/tutorial_taskflow_api_etl.py
[2022-06-23 10:39:32,269] {logging_mixin.py:115} INFO - [2022-06-23 10:39:32,269] {dag.py:2371} INFO - Sync 1 DAGs
[2022-06-23 10:39:32,288] {logging_mixin.py:115} INFO - [2022-06-23 10:39:32,288] {dag.py:2915} INFO - Setting next_dagrun for tutorial_taskflow_api_etl to None, run_after=None
[2022-06-23 10:39:32,371] {processor.py:161} INFO - Processing /home/osboxes/.local/lib/python3.8/site-packages/airflow/example_dags/tutorial_taskflow_api_etl.py took 0.198 seconds
[2022-06-23 10:40:09,702] {processor.py:153} INFO - Started process (PID=34630) to work on /home/osboxes/.local/lib/python3.8/site-packages/airflow/example_dags/tutorial_taskflow_api_etl.py
[2022-06-23 10:40:09,706] {processor.py:641} INFO - Processing file /home/osboxes/.local/lib/python3.8/site-packages/airflow/example_dags/tutorial_taskflow_api_etl.py for tasks to queue
[2022-06-23 10:40:09,707] {logging_mixin.py:115} INFO - [2022-06-23 10:40:09,707] {dagbag.py:507} INFO - Filling up the DagBag from /home/osboxes/.local/lib/python3.8/site-packages/airflow/example_dags/tutorial_taskflow_api_etl.py
[2022-06-23 10:40:09,719] {processor.py:651} INFO - DAG(s) dict_keys(['tutorial_taskflow_api_etl']) retrieved from /home/osboxes/.local/lib/python3.8/site-packages/airflow/example_dags/tutorial_taskflow_api_etl.py
[2022-06-23 10:40:09,737] {logging_mixin.py:115} INFO - [2022-06-23 10:40:09,737] {dag.py:2371} INFO - Sync 1 DAGs
[2022-06-23 10:40:09,752] {logging_mixin.py:115} INFO - [2022-06-23 10:40:09,752] {dag.py:2915} INFO - Setting next_dagrun for tutorial_taskflow_api_etl to None, run_after=None
[2022-06-23 10:40:09,811] {processor.py:161} INFO - Processing /home/osboxes/.local/lib/python3.8/site-packages/airflow/example_dags/tutorial_taskflow_api_etl.py took 0.111 seconds
[2022-06-23 10:40:46,093] {processor.py:153} INFO - Started process (PID=34964) to work on /home/osboxes/.local/lib/python3.8/site-packages/airflow/example_dags/tutorial_taskflow_api_etl.py
[2022-06-23 10:40:46,096] {processor.py:641} INFO - Processing file /home/osboxes/.local/lib/python3.8/site-packages/airflow/example_dags/tutorial_taskflow_api_etl.py for tasks to queue
[2022-06-23 10:40:46,097] {logging_mixin.py:115} INFO - [2022-06-23 10:40:46,097] {dagbag.py:507} INFO - Filling up the DagBag from /home/osboxes/.local/lib/python3.8/site-packages/airflow/example_dags/tutorial_taskflow_api_etl.py
[2022-06-23 10:40:46,114] {processor.py:651} INFO - DAG(s) dict_keys(['tutorial_taskflow_api_etl']) retrieved from /home/osboxes/.local/lib/python3.8/site-packages/airflow/example_dags/tutorial_taskflow_api_etl.py
[2022-06-23 10:40:46,139] {logging_mixin.py:115} INFO - [2022-06-23 10:40:46,139] {dag.py:2371} INFO - Sync 1 DAGs
[2022-06-23 10:40:46,158] {logging_mixin.py:115} INFO - [2022-06-23 10:40:46,158] {dag.py:2915} INFO - Setting next_dagrun for tutorial_taskflow_api_etl to None, run_after=None
[2022-06-23 10:40:46,210] {processor.py:161} INFO - Processing /home/osboxes/.local/lib/python3.8/site-packages/airflow/example_dags/tutorial_taskflow_api_etl.py took 0.119 seconds
[2022-06-23 10:41:21,306] {processor.py:153} INFO - Started process (PID=35378) to work on /home/osboxes/.local/lib/python3.8/site-packages/airflow/example_dags/tutorial_taskflow_api_etl.py
[2022-06-23 10:41:21,317] {processor.py:641} INFO - Processing file /home/osboxes/.local/lib/python3.8/site-packages/airflow/example_dags/tutorial_taskflow_api_etl.py for tasks to queue
[2022-06-23 10:41:21,318] {logging_mixin.py:115} INFO - [2022-06-23 10:41:21,317] {dagbag.py:507} INFO - Filling up the DagBag from /home/osboxes/.local/lib/python3.8/site-packages/airflow/example_dags/tutorial_taskflow_api_etl.py
[2022-06-23 10:41:21,347] {processor.py:651} INFO - DAG(s) dict_keys(['tutorial_taskflow_api_etl']) retrieved from /home/osboxes/.local/lib/python3.8/site-packages/airflow/example_dags/tutorial_taskflow_api_etl.py
[2022-06-23 10:41:21,366] {logging_mixin.py:115} INFO - [2022-06-23 10:41:21,366] {dag.py:2371} INFO - Sync 1 DAGs
[2022-06-23 10:41:21,384] {logging_mixin.py:115} INFO - [2022-06-23 10:41:21,384] {dag.py:2915} INFO - Setting next_dagrun for tutorial_taskflow_api_etl to None, run_after=None
[2022-06-23 10:41:21,423] {processor.py:161} INFO - Processing /home/osboxes/.local/lib/python3.8/site-packages/airflow/example_dags/tutorial_taskflow_api_etl.py took 0.120 seconds
[2022-06-23 10:41:58,020] {processor.py:153} INFO - Started process (PID=35723) to work on /home/osboxes/.local/lib/python3.8/site-packages/airflow/example_dags/tutorial_taskflow_api_etl.py
[2022-06-23 10:41:58,052] {processor.py:641} INFO - Processing file /home/osboxes/.local/lib/python3.8/site-packages/airflow/example_dags/tutorial_taskflow_api_etl.py for tasks to queue
[2022-06-23 10:41:58,056] {logging_mixin.py:115} INFO - [2022-06-23 10:41:58,056] {dagbag.py:507} INFO - Filling up the DagBag from /home/osboxes/.local/lib/python3.8/site-packages/airflow/example_dags/tutorial_taskflow_api_etl.py
[2022-06-23 10:41:58,128] {processor.py:651} INFO - DAG(s) dict_keys(['tutorial_taskflow_api_etl']) retrieved from /home/osboxes/.local/lib/python3.8/site-packages/airflow/example_dags/tutorial_taskflow_api_etl.py
[2022-06-23 10:41:58,164] {logging_mixin.py:115} INFO - [2022-06-23 10:41:58,164] {dag.py:2371} INFO - Sync 1 DAGs
[2022-06-23 10:41:58,183] {logging_mixin.py:115} INFO - [2022-06-23 10:41:58,183] {dag.py:2915} INFO - Setting next_dagrun for tutorial_taskflow_api_etl to None, run_after=None
[2022-06-23 10:41:58,290] {processor.py:161} INFO - Processing /home/osboxes/.local/lib/python3.8/site-packages/airflow/example_dags/tutorial_taskflow_api_etl.py took 0.277 seconds
[2022-06-23 10:42:36,151] {processor.py:153} INFO - Started process (PID=36157) to work on /home/osboxes/.local/lib/python3.8/site-packages/airflow/example_dags/tutorial_taskflow_api_etl.py
[2022-06-23 10:42:36,157] {processor.py:641} INFO - Processing file /home/osboxes/.local/lib/python3.8/site-packages/airflow/example_dags/tutorial_taskflow_api_etl.py for tasks to queue
[2022-06-23 10:42:36,158] {logging_mixin.py:115} INFO - [2022-06-23 10:42:36,157] {dagbag.py:507} INFO - Filling up the DagBag from /home/osboxes/.local/lib/python3.8/site-packages/airflow/example_dags/tutorial_taskflow_api_etl.py
[2022-06-23 10:42:36,175] {processor.py:651} INFO - DAG(s) dict_keys(['tutorial_taskflow_api_etl']) retrieved from /home/osboxes/.local/lib/python3.8/site-packages/airflow/example_dags/tutorial_taskflow_api_etl.py
[2022-06-23 10:42:36,220] {logging_mixin.py:115} INFO - [2022-06-23 10:42:36,220] {dag.py:2371} INFO - Sync 1 DAGs
[2022-06-23 10:42:36,238] {logging_mixin.py:115} INFO - [2022-06-23 10:42:36,238] {dag.py:2915} INFO - Setting next_dagrun for tutorial_taskflow_api_etl to None, run_after=None
[2022-06-23 10:42:36,297] {processor.py:161} INFO - Processing /home/osboxes/.local/lib/python3.8/site-packages/airflow/example_dags/tutorial_taskflow_api_etl.py took 0.148 seconds
[2022-06-23 10:43:11,052] {processor.py:153} INFO - Started process (PID=36527) to work on /home/osboxes/.local/lib/python3.8/site-packages/airflow/example_dags/tutorial_taskflow_api_etl.py
[2022-06-23 10:43:11,053] {processor.py:641} INFO - Processing file /home/osboxes/.local/lib/python3.8/site-packages/airflow/example_dags/tutorial_taskflow_api_etl.py for tasks to queue
[2022-06-23 10:43:11,054] {logging_mixin.py:115} INFO - [2022-06-23 10:43:11,054] {dagbag.py:507} INFO - Filling up the DagBag from /home/osboxes/.local/lib/python3.8/site-packages/airflow/example_dags/tutorial_taskflow_api_etl.py
[2022-06-23 10:43:11,072] {processor.py:651} INFO - DAG(s) dict_keys(['tutorial_taskflow_api_etl']) retrieved from /home/osboxes/.local/lib/python3.8/site-packages/airflow/example_dags/tutorial_taskflow_api_etl.py
[2022-06-23 10:43:11,119] {logging_mixin.py:115} INFO - [2022-06-23 10:43:11,119] {dag.py:2371} INFO - Sync 1 DAGs
[2022-06-23 10:43:11,140] {logging_mixin.py:115} INFO - [2022-06-23 10:43:11,140] {dag.py:2915} INFO - Setting next_dagrun for tutorial_taskflow_api_etl to None, run_after=None
[2022-06-23 10:43:11,233] {processor.py:161} INFO - Processing /home/osboxes/.local/lib/python3.8/site-packages/airflow/example_dags/tutorial_taskflow_api_etl.py took 0.183 seconds
[2022-06-23 10:43:45,285] {processor.py:153} INFO - Started process (PID=36919) to work on /home/osboxes/.local/lib/python3.8/site-packages/airflow/example_dags/tutorial_taskflow_api_etl.py
[2022-06-23 10:43:45,287] {processor.py:641} INFO - Processing file /home/osboxes/.local/lib/python3.8/site-packages/airflow/example_dags/tutorial_taskflow_api_etl.py for tasks to queue
[2022-06-23 10:43:45,287] {logging_mixin.py:115} INFO - [2022-06-23 10:43:45,287] {dagbag.py:507} INFO - Filling up the DagBag from /home/osboxes/.local/lib/python3.8/site-packages/airflow/example_dags/tutorial_taskflow_api_etl.py
[2022-06-23 10:43:45,302] {processor.py:651} INFO - DAG(s) dict_keys(['tutorial_taskflow_api_etl']) retrieved from /home/osboxes/.local/lib/python3.8/site-packages/airflow/example_dags/tutorial_taskflow_api_etl.py
[2022-06-23 10:43:45,319] {logging_mixin.py:115} INFO - [2022-06-23 10:43:45,319] {dag.py:2371} INFO - Sync 1 DAGs
[2022-06-23 10:43:45,341] {logging_mixin.py:115} INFO - [2022-06-23 10:43:45,341] {dag.py:2915} INFO - Setting next_dagrun for tutorial_taskflow_api_etl to None, run_after=None
[2022-06-23 10:43:45,449] {processor.py:161} INFO - Processing /home/osboxes/.local/lib/python3.8/site-packages/airflow/example_dags/tutorial_taskflow_api_etl.py took 0.166 seconds
[2022-06-23 10:44:26,991] {processor.py:153} INFO - Started process (PID=37466) to work on /home/osboxes/.local/lib/python3.8/site-packages/airflow/example_dags/tutorial_taskflow_api_etl.py
[2022-06-23 10:44:26,995] {processor.py:641} INFO - Processing file /home/osboxes/.local/lib/python3.8/site-packages/airflow/example_dags/tutorial_taskflow_api_etl.py for tasks to queue
[2022-06-23 10:44:26,996] {logging_mixin.py:115} INFO - [2022-06-23 10:44:26,996] {dagbag.py:507} INFO - Filling up the DagBag from /home/osboxes/.local/lib/python3.8/site-packages/airflow/example_dags/tutorial_taskflow_api_etl.py
[2022-06-23 10:44:27,008] {processor.py:651} INFO - DAG(s) dict_keys(['tutorial_taskflow_api_etl']) retrieved from /home/osboxes/.local/lib/python3.8/site-packages/airflow/example_dags/tutorial_taskflow_api_etl.py
[2022-06-23 10:44:27,025] {logging_mixin.py:115} INFO - [2022-06-23 10:44:27,025] {dag.py:2371} INFO - Sync 1 DAGs
[2022-06-23 10:44:27,046] {logging_mixin.py:115} INFO - [2022-06-23 10:44:27,046] {dag.py:2915} INFO - Setting next_dagrun for tutorial_taskflow_api_etl to None, run_after=None
[2022-06-23 10:44:27,081] {processor.py:161} INFO - Processing /home/osboxes/.local/lib/python3.8/site-packages/airflow/example_dags/tutorial_taskflow_api_etl.py took 0.092 seconds
[2022-06-23 10:45:05,030] {processor.py:153} INFO - Started process (PID=37960) to work on /home/osboxes/.local/lib/python3.8/site-packages/airflow/example_dags/tutorial_taskflow_api_etl.py
[2022-06-23 10:45:05,063] {processor.py:641} INFO - Processing file /home/osboxes/.local/lib/python3.8/site-packages/airflow/example_dags/tutorial_taskflow_api_etl.py for tasks to queue
[2022-06-23 10:45:05,067] {logging_mixin.py:115} INFO - [2022-06-23 10:45:05,067] {dagbag.py:507} INFO - Filling up the DagBag from /home/osboxes/.local/lib/python3.8/site-packages/airflow/example_dags/tutorial_taskflow_api_etl.py
[2022-06-23 10:45:05,089] {processor.py:651} INFO - DAG(s) dict_keys(['tutorial_taskflow_api_etl']) retrieved from /home/osboxes/.local/lib/python3.8/site-packages/airflow/example_dags/tutorial_taskflow_api_etl.py
[2022-06-23 10:45:05,107] {logging_mixin.py:115} INFO - [2022-06-23 10:45:05,107] {dag.py:2371} INFO - Sync 1 DAGs
[2022-06-23 10:45:05,127] {logging_mixin.py:115} INFO - [2022-06-23 10:45:05,127] {dag.py:2915} INFO - Setting next_dagrun for tutorial_taskflow_api_etl to None, run_after=None
[2022-06-23 10:45:05,173] {processor.py:161} INFO - Processing /home/osboxes/.local/lib/python3.8/site-packages/airflow/example_dags/tutorial_taskflow_api_etl.py took 0.145 seconds
[2022-06-23 10:45:51,515] {processor.py:153} INFO - Started process (PID=38421) to work on /home/osboxes/.local/lib/python3.8/site-packages/airflow/example_dags/tutorial_taskflow_api_etl.py
[2022-06-23 10:45:51,533] {processor.py:641} INFO - Processing file /home/osboxes/.local/lib/python3.8/site-packages/airflow/example_dags/tutorial_taskflow_api_etl.py for tasks to queue
[2022-06-23 10:45:51,534] {logging_mixin.py:115} INFO - [2022-06-23 10:45:51,534] {dagbag.py:507} INFO - Filling up the DagBag from /home/osboxes/.local/lib/python3.8/site-packages/airflow/example_dags/tutorial_taskflow_api_etl.py
[2022-06-23 10:45:51,548] {processor.py:651} INFO - DAG(s) dict_keys(['tutorial_taskflow_api_etl']) retrieved from /home/osboxes/.local/lib/python3.8/site-packages/airflow/example_dags/tutorial_taskflow_api_etl.py
[2022-06-23 10:45:51,564] {logging_mixin.py:115} INFO - [2022-06-23 10:45:51,564] {dag.py:2371} INFO - Sync 1 DAGs
[2022-06-23 10:45:51,581] {logging_mixin.py:115} INFO - [2022-06-23 10:45:51,581] {dag.py:2915} INFO - Setting next_dagrun for tutorial_taskflow_api_etl to None, run_after=None
[2022-06-23 10:45:51,615] {processor.py:161} INFO - Processing /home/osboxes/.local/lib/python3.8/site-packages/airflow/example_dags/tutorial_taskflow_api_etl.py took 0.102 seconds
[2022-06-23 10:46:30,927] {processor.py:153} INFO - Started process (PID=38822) to work on /home/osboxes/.local/lib/python3.8/site-packages/airflow/example_dags/tutorial_taskflow_api_etl.py
[2022-06-23 10:46:30,969] {processor.py:641} INFO - Processing file /home/osboxes/.local/lib/python3.8/site-packages/airflow/example_dags/tutorial_taskflow_api_etl.py for tasks to queue
[2022-06-23 10:46:30,970] {logging_mixin.py:115} INFO - [2022-06-23 10:46:30,970] {dagbag.py:507} INFO - Filling up the DagBag from /home/osboxes/.local/lib/python3.8/site-packages/airflow/example_dags/tutorial_taskflow_api_etl.py
[2022-06-23 10:46:31,010] {processor.py:651} INFO - DAG(s) dict_keys(['tutorial_taskflow_api_etl']) retrieved from /home/osboxes/.local/lib/python3.8/site-packages/airflow/example_dags/tutorial_taskflow_api_etl.py
[2022-06-23 10:46:31,056] {logging_mixin.py:115} INFO - [2022-06-23 10:46:31,056] {dag.py:2371} INFO - Sync 1 DAGs
[2022-06-23 10:46:31,087] {logging_mixin.py:115} INFO - [2022-06-23 10:46:31,087] {dag.py:2915} INFO - Setting next_dagrun for tutorial_taskflow_api_etl to None, run_after=None
[2022-06-23 10:46:31,189] {processor.py:161} INFO - Processing /home/osboxes/.local/lib/python3.8/site-packages/airflow/example_dags/tutorial_taskflow_api_etl.py took 0.264 seconds
[2022-06-23 10:47:07,742] {processor.py:153} INFO - Started process (PID=39227) to work on /home/osboxes/.local/lib/python3.8/site-packages/airflow/example_dags/tutorial_taskflow_api_etl.py
[2022-06-23 10:47:07,757] {processor.py:641} INFO - Processing file /home/osboxes/.local/lib/python3.8/site-packages/airflow/example_dags/tutorial_taskflow_api_etl.py for tasks to queue
[2022-06-23 10:47:07,758] {logging_mixin.py:115} INFO - [2022-06-23 10:47:07,758] {dagbag.py:507} INFO - Filling up the DagBag from /home/osboxes/.local/lib/python3.8/site-packages/airflow/example_dags/tutorial_taskflow_api_etl.py
[2022-06-23 10:47:07,783] {processor.py:651} INFO - DAG(s) dict_keys(['tutorial_taskflow_api_etl']) retrieved from /home/osboxes/.local/lib/python3.8/site-packages/airflow/example_dags/tutorial_taskflow_api_etl.py
[2022-06-23 10:47:07,807] {logging_mixin.py:115} INFO - [2022-06-23 10:47:07,807] {dag.py:2371} INFO - Sync 1 DAGs
[2022-06-23 10:47:07,828] {logging_mixin.py:115} INFO - [2022-06-23 10:47:07,828] {dag.py:2915} INFO - Setting next_dagrun for tutorial_taskflow_api_etl to None, run_after=None
[2022-06-23 10:47:07,942] {processor.py:161} INFO - Processing /home/osboxes/.local/lib/python3.8/site-packages/airflow/example_dags/tutorial_taskflow_api_etl.py took 0.202 seconds
[2022-06-23 10:47:41,385] {processor.py:153} INFO - Started process (PID=39552) to work on /home/osboxes/.local/lib/python3.8/site-packages/airflow/example_dags/tutorial_taskflow_api_etl.py
[2022-06-23 10:47:41,386] {processor.py:641} INFO - Processing file /home/osboxes/.local/lib/python3.8/site-packages/airflow/example_dags/tutorial_taskflow_api_etl.py for tasks to queue
[2022-06-23 10:47:41,387] {logging_mixin.py:115} INFO - [2022-06-23 10:47:41,387] {dagbag.py:507} INFO - Filling up the DagBag from /home/osboxes/.local/lib/python3.8/site-packages/airflow/example_dags/tutorial_taskflow_api_etl.py
[2022-06-23 10:47:41,400] {processor.py:651} INFO - DAG(s) dict_keys(['tutorial_taskflow_api_etl']) retrieved from /home/osboxes/.local/lib/python3.8/site-packages/airflow/example_dags/tutorial_taskflow_api_etl.py
[2022-06-23 10:47:41,445] {logging_mixin.py:115} INFO - [2022-06-23 10:47:41,445] {dag.py:2371} INFO - Sync 1 DAGs
[2022-06-23 10:47:41,470] {logging_mixin.py:115} INFO - [2022-06-23 10:47:41,470] {dag.py:2915} INFO - Setting next_dagrun for tutorial_taskflow_api_etl to None, run_after=None
[2022-06-23 10:47:41,521] {processor.py:161} INFO - Processing /home/osboxes/.local/lib/python3.8/site-packages/airflow/example_dags/tutorial_taskflow_api_etl.py took 0.138 seconds
[2022-06-23 10:48:14,663] {processor.py:153} INFO - Started process (PID=39896) to work on /home/osboxes/.local/lib/python3.8/site-packages/airflow/example_dags/tutorial_taskflow_api_etl.py
[2022-06-23 10:48:14,675] {processor.py:641} INFO - Processing file /home/osboxes/.local/lib/python3.8/site-packages/airflow/example_dags/tutorial_taskflow_api_etl.py for tasks to queue
[2022-06-23 10:48:14,676] {logging_mixin.py:115} INFO - [2022-06-23 10:48:14,676] {dagbag.py:507} INFO - Filling up the DagBag from /home/osboxes/.local/lib/python3.8/site-packages/airflow/example_dags/tutorial_taskflow_api_etl.py
[2022-06-23 10:48:14,689] {processor.py:651} INFO - DAG(s) dict_keys(['tutorial_taskflow_api_etl']) retrieved from /home/osboxes/.local/lib/python3.8/site-packages/airflow/example_dags/tutorial_taskflow_api_etl.py
[2022-06-23 10:48:14,765] {logging_mixin.py:115} INFO - [2022-06-23 10:48:14,765] {dag.py:2371} INFO - Sync 1 DAGs
[2022-06-23 10:48:14,806] {logging_mixin.py:115} INFO - [2022-06-23 10:48:14,806] {dag.py:2915} INFO - Setting next_dagrun for tutorial_taskflow_api_etl to None, run_after=None
[2022-06-23 10:48:14,922] {processor.py:161} INFO - Processing /home/osboxes/.local/lib/python3.8/site-packages/airflow/example_dags/tutorial_taskflow_api_etl.py took 0.261 seconds
[2022-06-23 10:49:11,717] {processor.py:153} INFO - Started process (PID=40292) to work on /home/osboxes/.local/lib/python3.8/site-packages/airflow/example_dags/tutorial_taskflow_api_etl.py
[2022-06-23 10:49:11,722] {processor.py:641} INFO - Processing file /home/osboxes/.local/lib/python3.8/site-packages/airflow/example_dags/tutorial_taskflow_api_etl.py for tasks to queue
[2022-06-23 10:49:11,723] {logging_mixin.py:115} INFO - [2022-06-23 10:49:11,722] {dagbag.py:507} INFO - Filling up the DagBag from /home/osboxes/.local/lib/python3.8/site-packages/airflow/example_dags/tutorial_taskflow_api_etl.py
[2022-06-23 10:49:11,736] {processor.py:651} INFO - DAG(s) dict_keys(['tutorial_taskflow_api_etl']) retrieved from /home/osboxes/.local/lib/python3.8/site-packages/airflow/example_dags/tutorial_taskflow_api_etl.py
[2022-06-23 10:49:11,779] {logging_mixin.py:115} INFO - [2022-06-23 10:49:11,779] {dag.py:2371} INFO - Sync 1 DAGs
[2022-06-23 10:49:11,795] {logging_mixin.py:115} INFO - [2022-06-23 10:49:11,795] {dag.py:2915} INFO - Setting next_dagrun for tutorial_taskflow_api_etl to None, run_after=None
[2022-06-23 10:49:11,828] {processor.py:161} INFO - Processing /home/osboxes/.local/lib/python3.8/site-packages/airflow/example_dags/tutorial_taskflow_api_etl.py took 0.113 seconds
[2022-06-23 10:49:50,714] {processor.py:153} INFO - Started process (PID=40671) to work on /home/osboxes/.local/lib/python3.8/site-packages/airflow/example_dags/tutorial_taskflow_api_etl.py
[2022-06-23 10:49:50,778] {processor.py:641} INFO - Processing file /home/osboxes/.local/lib/python3.8/site-packages/airflow/example_dags/tutorial_taskflow_api_etl.py for tasks to queue
[2022-06-23 10:49:50,779] {logging_mixin.py:115} INFO - [2022-06-23 10:49:50,778] {dagbag.py:507} INFO - Filling up the DagBag from /home/osboxes/.local/lib/python3.8/site-packages/airflow/example_dags/tutorial_taskflow_api_etl.py
[2022-06-23 10:49:50,965] {processor.py:651} INFO - DAG(s) dict_keys(['tutorial_taskflow_api_etl']) retrieved from /home/osboxes/.local/lib/python3.8/site-packages/airflow/example_dags/tutorial_taskflow_api_etl.py
[2022-06-23 10:49:51,154] {logging_mixin.py:115} INFO - [2022-06-23 10:49:51,154] {dag.py:2371} INFO - Sync 1 DAGs
[2022-06-23 10:49:51,296] {logging_mixin.py:115} INFO - [2022-06-23 10:49:51,295] {dag.py:2915} INFO - Setting next_dagrun for tutorial_taskflow_api_etl to None, run_after=None
[2022-06-23 10:49:51,459] {processor.py:161} INFO - Processing /home/osboxes/.local/lib/python3.8/site-packages/airflow/example_dags/tutorial_taskflow_api_etl.py took 0.762 seconds
[2022-06-23 10:50:47,787] {processor.py:153} INFO - Started process (PID=41175) to work on /home/osboxes/.local/lib/python3.8/site-packages/airflow/example_dags/tutorial_taskflow_api_etl.py
[2022-06-23 10:50:47,790] {processor.py:641} INFO - Processing file /home/osboxes/.local/lib/python3.8/site-packages/airflow/example_dags/tutorial_taskflow_api_etl.py for tasks to queue
[2022-06-23 10:50:47,791] {logging_mixin.py:115} INFO - [2022-06-23 10:50:47,790] {dagbag.py:507} INFO - Filling up the DagBag from /home/osboxes/.local/lib/python3.8/site-packages/airflow/example_dags/tutorial_taskflow_api_etl.py
[2022-06-23 10:50:47,804] {processor.py:651} INFO - DAG(s) dict_keys(['tutorial_taskflow_api_etl']) retrieved from /home/osboxes/.local/lib/python3.8/site-packages/airflow/example_dags/tutorial_taskflow_api_etl.py
[2022-06-23 10:50:47,820] {logging_mixin.py:115} INFO - [2022-06-23 10:50:47,820] {dag.py:2371} INFO - Sync 1 DAGs
[2022-06-23 10:50:47,836] {logging_mixin.py:115} INFO - [2022-06-23 10:50:47,835] {dag.py:2915} INFO - Setting next_dagrun for tutorial_taskflow_api_etl to None, run_after=None
[2022-06-23 10:50:47,877] {processor.py:161} INFO - Processing /home/osboxes/.local/lib/python3.8/site-packages/airflow/example_dags/tutorial_taskflow_api_etl.py took 0.092 seconds
[2022-06-23 10:51:24,302] {processor.py:153} INFO - Started process (PID=41590) to work on /home/osboxes/.local/lib/python3.8/site-packages/airflow/example_dags/tutorial_taskflow_api_etl.py
[2022-06-23 10:51:24,304] {processor.py:641} INFO - Processing file /home/osboxes/.local/lib/python3.8/site-packages/airflow/example_dags/tutorial_taskflow_api_etl.py for tasks to queue
[2022-06-23 10:51:24,304] {logging_mixin.py:115} INFO - [2022-06-23 10:51:24,304] {dagbag.py:507} INFO - Filling up the DagBag from /home/osboxes/.local/lib/python3.8/site-packages/airflow/example_dags/tutorial_taskflow_api_etl.py
[2022-06-23 10:51:24,320] {processor.py:651} INFO - DAG(s) dict_keys(['tutorial_taskflow_api_etl']) retrieved from /home/osboxes/.local/lib/python3.8/site-packages/airflow/example_dags/tutorial_taskflow_api_etl.py
[2022-06-23 10:51:24,335] {logging_mixin.py:115} INFO - [2022-06-23 10:51:24,335] {dag.py:2371} INFO - Sync 1 DAGs
[2022-06-23 10:51:24,352] {logging_mixin.py:115} INFO - [2022-06-23 10:51:24,352] {dag.py:2915} INFO - Setting next_dagrun for tutorial_taskflow_api_etl to None, run_after=None
[2022-06-23 10:51:24,385] {processor.py:161} INFO - Processing /home/osboxes/.local/lib/python3.8/site-packages/airflow/example_dags/tutorial_taskflow_api_etl.py took 0.085 seconds
[2022-06-23 10:52:05,440] {processor.py:153} INFO - Started process (PID=41979) to work on /home/osboxes/.local/lib/python3.8/site-packages/airflow/example_dags/tutorial_taskflow_api_etl.py
[2022-06-23 10:52:05,472] {processor.py:641} INFO - Processing file /home/osboxes/.local/lib/python3.8/site-packages/airflow/example_dags/tutorial_taskflow_api_etl.py for tasks to queue
[2022-06-23 10:52:05,472] {logging_mixin.py:115} INFO - [2022-06-23 10:52:05,472] {dagbag.py:507} INFO - Filling up the DagBag from /home/osboxes/.local/lib/python3.8/site-packages/airflow/example_dags/tutorial_taskflow_api_etl.py
[2022-06-23 10:52:05,606] {processor.py:651} INFO - DAG(s) dict_keys(['tutorial_taskflow_api_etl']) retrieved from /home/osboxes/.local/lib/python3.8/site-packages/airflow/example_dags/tutorial_taskflow_api_etl.py
[2022-06-23 10:52:05,789] {logging_mixin.py:115} INFO - [2022-06-23 10:52:05,789] {dag.py:2371} INFO - Sync 1 DAGs
[2022-06-23 10:52:05,904] {logging_mixin.py:115} INFO - [2022-06-23 10:52:05,904] {dag.py:2915} INFO - Setting next_dagrun for tutorial_taskflow_api_etl to None, run_after=None
[2022-06-23 10:52:06,146] {processor.py:161} INFO - Processing /home/osboxes/.local/lib/python3.8/site-packages/airflow/example_dags/tutorial_taskflow_api_etl.py took 0.786 seconds
[2022-06-23 10:52:41,483] {processor.py:153} INFO - Started process (PID=42280) to work on /home/osboxes/.local/lib/python3.8/site-packages/airflow/example_dags/tutorial_taskflow_api_etl.py
[2022-06-23 10:52:41,484] {processor.py:641} INFO - Processing file /home/osboxes/.local/lib/python3.8/site-packages/airflow/example_dags/tutorial_taskflow_api_etl.py for tasks to queue
[2022-06-23 10:52:41,485] {logging_mixin.py:115} INFO - [2022-06-23 10:52:41,485] {dagbag.py:507} INFO - Filling up the DagBag from /home/osboxes/.local/lib/python3.8/site-packages/airflow/example_dags/tutorial_taskflow_api_etl.py
[2022-06-23 10:52:41,502] {processor.py:651} INFO - DAG(s) dict_keys(['tutorial_taskflow_api_etl']) retrieved from /home/osboxes/.local/lib/python3.8/site-packages/airflow/example_dags/tutorial_taskflow_api_etl.py
[2022-06-23 10:52:41,555] {logging_mixin.py:115} INFO - [2022-06-23 10:52:41,555] {dag.py:2371} INFO - Sync 1 DAGs
[2022-06-23 10:52:41,574] {logging_mixin.py:115} INFO - [2022-06-23 10:52:41,574] {dag.py:2915} INFO - Setting next_dagrun for tutorial_taskflow_api_etl to None, run_after=None
[2022-06-23 10:52:41,654] {processor.py:161} INFO - Processing /home/osboxes/.local/lib/python3.8/site-packages/airflow/example_dags/tutorial_taskflow_api_etl.py took 0.175 seconds
[2022-06-23 10:53:48,573] {processor.py:153} INFO - Started process (PID=42807) to work on /home/osboxes/.local/lib/python3.8/site-packages/airflow/example_dags/tutorial_taskflow_api_etl.py
[2022-06-23 10:53:48,647] {processor.py:641} INFO - Processing file /home/osboxes/.local/lib/python3.8/site-packages/airflow/example_dags/tutorial_taskflow_api_etl.py for tasks to queue
[2022-06-23 10:53:48,648] {logging_mixin.py:115} INFO - [2022-06-23 10:53:48,648] {dagbag.py:507} INFO - Filling up the DagBag from /home/osboxes/.local/lib/python3.8/site-packages/airflow/example_dags/tutorial_taskflow_api_etl.py
[2022-06-23 10:53:48,703] {processor.py:651} INFO - DAG(s) dict_keys(['tutorial_taskflow_api_etl']) retrieved from /home/osboxes/.local/lib/python3.8/site-packages/airflow/example_dags/tutorial_taskflow_api_etl.py
[2022-06-23 10:53:48,926] {logging_mixin.py:115} INFO - [2022-06-23 10:53:48,926] {dag.py:2371} INFO - Sync 1 DAGs
[2022-06-23 10:53:49,015] {logging_mixin.py:115} INFO - [2022-06-23 10:53:49,015] {dag.py:2915} INFO - Setting next_dagrun for tutorial_taskflow_api_etl to None, run_after=None
[2022-06-23 10:53:49,580] {processor.py:161} INFO - Processing /home/osboxes/.local/lib/python3.8/site-packages/airflow/example_dags/tutorial_taskflow_api_etl.py took 1.009 seconds
[2022-06-23 10:54:28,302] {processor.py:153} INFO - Started process (PID=43079) to work on /home/osboxes/.local/lib/python3.8/site-packages/airflow/example_dags/tutorial_taskflow_api_etl.py
[2022-06-23 10:54:28,595] {processor.py:641} INFO - Processing file /home/osboxes/.local/lib/python3.8/site-packages/airflow/example_dags/tutorial_taskflow_api_etl.py for tasks to queue
[2022-06-23 10:54:28,596] {logging_mixin.py:115} INFO - [2022-06-23 10:54:28,596] {dagbag.py:507} INFO - Filling up the DagBag from /home/osboxes/.local/lib/python3.8/site-packages/airflow/example_dags/tutorial_taskflow_api_etl.py
[2022-06-23 10:54:28,684] {processor.py:651} INFO - DAG(s) dict_keys(['tutorial_taskflow_api_etl']) retrieved from /home/osboxes/.local/lib/python3.8/site-packages/airflow/example_dags/tutorial_taskflow_api_etl.py
[2022-06-23 10:54:28,887] {logging_mixin.py:115} INFO - [2022-06-23 10:54:28,887] {dag.py:2371} INFO - Sync 1 DAGs
[2022-06-23 10:54:28,980] {logging_mixin.py:115} INFO - [2022-06-23 10:54:28,980] {dag.py:2915} INFO - Setting next_dagrun for tutorial_taskflow_api_etl to None, run_after=None
[2022-06-23 10:54:29,357] {processor.py:161} INFO - Processing /home/osboxes/.local/lib/python3.8/site-packages/airflow/example_dags/tutorial_taskflow_api_etl.py took 1.058 seconds
[2022-06-23 10:55:09,584] {processor.py:153} INFO - Started process (PID=43391) to work on /home/osboxes/.local/lib/python3.8/site-packages/airflow/example_dags/tutorial_taskflow_api_etl.py
[2022-06-23 10:55:09,628] {processor.py:641} INFO - Processing file /home/osboxes/.local/lib/python3.8/site-packages/airflow/example_dags/tutorial_taskflow_api_etl.py for tasks to queue
[2022-06-23 10:55:09,629] {logging_mixin.py:115} INFO - [2022-06-23 10:55:09,629] {dagbag.py:507} INFO - Filling up the DagBag from /home/osboxes/.local/lib/python3.8/site-packages/airflow/example_dags/tutorial_taskflow_api_etl.py
[2022-06-23 10:55:09,747] {processor.py:651} INFO - DAG(s) dict_keys(['tutorial_taskflow_api_etl']) retrieved from /home/osboxes/.local/lib/python3.8/site-packages/airflow/example_dags/tutorial_taskflow_api_etl.py
[2022-06-23 10:55:09,865] {logging_mixin.py:115} INFO - [2022-06-23 10:55:09,865] {dag.py:2371} INFO - Sync 1 DAGs
[2022-06-23 10:55:10,069] {logging_mixin.py:115} INFO - [2022-06-23 10:55:10,069] {dag.py:2915} INFO - Setting next_dagrun for tutorial_taskflow_api_etl to None, run_after=None
[2022-06-23 10:55:10,338] {processor.py:161} INFO - Processing /home/osboxes/.local/lib/python3.8/site-packages/airflow/example_dags/tutorial_taskflow_api_etl.py took 0.756 seconds
[2022-06-23 10:55:47,484] {processor.py:153} INFO - Started process (PID=43750) to work on /home/osboxes/.local/lib/python3.8/site-packages/airflow/example_dags/tutorial_taskflow_api_etl.py
[2022-06-23 10:55:47,643] {processor.py:641} INFO - Processing file /home/osboxes/.local/lib/python3.8/site-packages/airflow/example_dags/tutorial_taskflow_api_etl.py for tasks to queue
[2022-06-23 10:55:47,644] {logging_mixin.py:115} INFO - [2022-06-23 10:55:47,643] {dagbag.py:507} INFO - Filling up the DagBag from /home/osboxes/.local/lib/python3.8/site-packages/airflow/example_dags/tutorial_taskflow_api_etl.py
[2022-06-23 10:55:47,659] {processor.py:651} INFO - DAG(s) dict_keys(['tutorial_taskflow_api_etl']) retrieved from /home/osboxes/.local/lib/python3.8/site-packages/airflow/example_dags/tutorial_taskflow_api_etl.py
[2022-06-23 10:55:47,677] {logging_mixin.py:115} INFO - [2022-06-23 10:55:47,677] {dag.py:2371} INFO - Sync 1 DAGs
[2022-06-23 10:55:47,694] {logging_mixin.py:115} INFO - [2022-06-23 10:55:47,693] {dag.py:2915} INFO - Setting next_dagrun for tutorial_taskflow_api_etl to None, run_after=None
[2022-06-23 10:55:47,756] {processor.py:161} INFO - Processing /home/osboxes/.local/lib/python3.8/site-packages/airflow/example_dags/tutorial_taskflow_api_etl.py took 0.273 seconds
[2022-06-23 10:56:26,128] {processor.py:153} INFO - Started process (PID=44065) to work on /home/osboxes/.local/lib/python3.8/site-packages/airflow/example_dags/tutorial_taskflow_api_etl.py
[2022-06-23 10:56:26,130] {processor.py:641} INFO - Processing file /home/osboxes/.local/lib/python3.8/site-packages/airflow/example_dags/tutorial_taskflow_api_etl.py for tasks to queue
[2022-06-23 10:56:26,131] {logging_mixin.py:115} INFO - [2022-06-23 10:56:26,130] {dagbag.py:507} INFO - Filling up the DagBag from /home/osboxes/.local/lib/python3.8/site-packages/airflow/example_dags/tutorial_taskflow_api_etl.py
[2022-06-23 10:56:26,144] {processor.py:651} INFO - DAG(s) dict_keys(['tutorial_taskflow_api_etl']) retrieved from /home/osboxes/.local/lib/python3.8/site-packages/airflow/example_dags/tutorial_taskflow_api_etl.py
[2022-06-23 10:56:26,159] {logging_mixin.py:115} INFO - [2022-06-23 10:56:26,159] {dag.py:2371} INFO - Sync 1 DAGs
[2022-06-23 10:56:26,175] {logging_mixin.py:115} INFO - [2022-06-23 10:56:26,175] {dag.py:2915} INFO - Setting next_dagrun for tutorial_taskflow_api_etl to None, run_after=None
[2022-06-23 10:56:26,258] {processor.py:161} INFO - Processing /home/osboxes/.local/lib/python3.8/site-packages/airflow/example_dags/tutorial_taskflow_api_etl.py took 0.132 seconds
[2022-06-23 10:57:01,257] {processor.py:153} INFO - Started process (PID=44386) to work on /home/osboxes/.local/lib/python3.8/site-packages/airflow/example_dags/tutorial_taskflow_api_etl.py
[2022-06-23 10:57:01,260] {processor.py:641} INFO - Processing file /home/osboxes/.local/lib/python3.8/site-packages/airflow/example_dags/tutorial_taskflow_api_etl.py for tasks to queue
[2022-06-23 10:57:01,260] {logging_mixin.py:115} INFO - [2022-06-23 10:57:01,260] {dagbag.py:507} INFO - Filling up the DagBag from /home/osboxes/.local/lib/python3.8/site-packages/airflow/example_dags/tutorial_taskflow_api_etl.py
[2022-06-23 10:57:01,275] {processor.py:651} INFO - DAG(s) dict_keys(['tutorial_taskflow_api_etl']) retrieved from /home/osboxes/.local/lib/python3.8/site-packages/airflow/example_dags/tutorial_taskflow_api_etl.py
[2022-06-23 10:57:01,294] {logging_mixin.py:115} INFO - [2022-06-23 10:57:01,294] {dag.py:2371} INFO - Sync 1 DAGs
[2022-06-23 10:57:01,309] {logging_mixin.py:115} INFO - [2022-06-23 10:57:01,309] {dag.py:2915} INFO - Setting next_dagrun for tutorial_taskflow_api_etl to None, run_after=None
[2022-06-23 10:57:01,351] {processor.py:161} INFO - Processing /home/osboxes/.local/lib/python3.8/site-packages/airflow/example_dags/tutorial_taskflow_api_etl.py took 0.096 seconds
[2022-06-23 10:57:43,640] {processor.py:153} INFO - Started process (PID=44813) to work on /home/osboxes/.local/lib/python3.8/site-packages/airflow/example_dags/tutorial_taskflow_api_etl.py
[2022-06-23 10:57:43,645] {processor.py:641} INFO - Processing file /home/osboxes/.local/lib/python3.8/site-packages/airflow/example_dags/tutorial_taskflow_api_etl.py for tasks to queue
[2022-06-23 10:57:43,645] {logging_mixin.py:115} INFO - [2022-06-23 10:57:43,645] {dagbag.py:507} INFO - Filling up the DagBag from /home/osboxes/.local/lib/python3.8/site-packages/airflow/example_dags/tutorial_taskflow_api_etl.py
[2022-06-23 10:57:43,664] {processor.py:651} INFO - DAG(s) dict_keys(['tutorial_taskflow_api_etl']) retrieved from /home/osboxes/.local/lib/python3.8/site-packages/airflow/example_dags/tutorial_taskflow_api_etl.py
[2022-06-23 10:57:43,741] {logging_mixin.py:115} INFO - [2022-06-23 10:57:43,741] {dag.py:2371} INFO - Sync 1 DAGs
[2022-06-23 10:57:43,784] {logging_mixin.py:115} INFO - [2022-06-23 10:57:43,784] {dag.py:2915} INFO - Setting next_dagrun for tutorial_taskflow_api_etl to None, run_after=None
[2022-06-23 10:57:43,964] {processor.py:161} INFO - Processing /home/osboxes/.local/lib/python3.8/site-packages/airflow/example_dags/tutorial_taskflow_api_etl.py took 0.327 seconds
[2022-06-23 10:58:26,606] {processor.py:153} INFO - Started process (PID=45223) to work on /home/osboxes/.local/lib/python3.8/site-packages/airflow/example_dags/tutorial_taskflow_api_etl.py
[2022-06-23 10:58:26,617] {processor.py:641} INFO - Processing file /home/osboxes/.local/lib/python3.8/site-packages/airflow/example_dags/tutorial_taskflow_api_etl.py for tasks to queue
[2022-06-23 10:58:26,617] {logging_mixin.py:115} INFO - [2022-06-23 10:58:26,617] {dagbag.py:507} INFO - Filling up the DagBag from /home/osboxes/.local/lib/python3.8/site-packages/airflow/example_dags/tutorial_taskflow_api_etl.py
[2022-06-23 10:58:26,630] {processor.py:651} INFO - DAG(s) dict_keys(['tutorial_taskflow_api_etl']) retrieved from /home/osboxes/.local/lib/python3.8/site-packages/airflow/example_dags/tutorial_taskflow_api_etl.py
[2022-06-23 10:58:26,704] {logging_mixin.py:115} INFO - [2022-06-23 10:58:26,704] {dag.py:2371} INFO - Sync 1 DAGs
[2022-06-23 10:58:26,725] {logging_mixin.py:115} INFO - [2022-06-23 10:58:26,725] {dag.py:2915} INFO - Setting next_dagrun for tutorial_taskflow_api_etl to None, run_after=None
[2022-06-23 10:58:26,771] {processor.py:161} INFO - Processing /home/osboxes/.local/lib/python3.8/site-packages/airflow/example_dags/tutorial_taskflow_api_etl.py took 0.166 seconds
