[2022-06-23 10:28:02,640] {processor.py:153} INFO - Started process (PID=27314) to work on /home/osboxes/.local/lib/python3.8/site-packages/airflow/example_dags/tutorial_taskflow_api_etl_virtualenv.py
[2022-06-23 10:28:02,641] {processor.py:641} INFO - Processing file /home/osboxes/.local/lib/python3.8/site-packages/airflow/example_dags/tutorial_taskflow_api_etl_virtualenv.py for tasks to queue
[2022-06-23 10:28:02,641] {logging_mixin.py:115} INFO - [2022-06-23 10:28:02,641] {dagbag.py:507} INFO - Filling up the DagBag from /home/osboxes/.local/lib/python3.8/site-packages/airflow/example_dags/tutorial_taskflow_api_etl_virtualenv.py
[2022-06-23 10:28:02,659] {processor.py:651} INFO - DAG(s) dict_keys(['tutorial_taskflow_api_etl_virtualenv']) retrieved from /home/osboxes/.local/lib/python3.8/site-packages/airflow/example_dags/tutorial_taskflow_api_etl_virtualenv.py
[2022-06-23 10:28:02,996] {logging_mixin.py:115} INFO - [2022-06-23 10:28:02,995] {manager.py:508} INFO - Created Permission View: can edit on DAG:tutorial_taskflow_api_etl_virtualenv
[2022-06-23 10:28:03,100] {logging_mixin.py:115} INFO - [2022-06-23 10:28:03,100] {manager.py:508} INFO - Created Permission View: can read on DAG:tutorial_taskflow_api_etl_virtualenv
[2022-06-23 10:28:03,151] {logging_mixin.py:115} INFO - [2022-06-23 10:28:03,151] {manager.py:508} INFO - Created Permission View: can delete on DAG:tutorial_taskflow_api_etl_virtualenv
[2022-06-23 10:28:03,151] {logging_mixin.py:115} INFO - [2022-06-23 10:28:03,151] {dag.py:2371} INFO - Sync 1 DAGs
[2022-06-23 10:28:03,158] {logging_mixin.py:115} INFO - [2022-06-23 10:28:03,158] {dag.py:2390} INFO - Creating ORM DAG for tutorial_taskflow_api_etl_virtualenv
[2022-06-23 10:28:03,168] {logging_mixin.py:115} INFO - [2022-06-23 10:28:03,168] {dag.py:2915} INFO - Setting next_dagrun for tutorial_taskflow_api_etl_virtualenv to None, run_after=None
[2022-06-23 10:28:03,240] {processor.py:161} INFO - Processing /home/osboxes/.local/lib/python3.8/site-packages/airflow/example_dags/tutorial_taskflow_api_etl_virtualenv.py took 0.602 seconds
[2022-06-23 10:29:08,084] {processor.py:153} INFO - Started process (PID=28050) to work on /home/osboxes/.local/lib/python3.8/site-packages/airflow/example_dags/tutorial_taskflow_api_etl_virtualenv.py
[2022-06-23 10:29:08,095] {processor.py:641} INFO - Processing file /home/osboxes/.local/lib/python3.8/site-packages/airflow/example_dags/tutorial_taskflow_api_etl_virtualenv.py for tasks to queue
[2022-06-23 10:29:08,096] {logging_mixin.py:115} INFO - [2022-06-23 10:29:08,096] {dagbag.py:507} INFO - Filling up the DagBag from /home/osboxes/.local/lib/python3.8/site-packages/airflow/example_dags/tutorial_taskflow_api_etl_virtualenv.py
[2022-06-23 10:29:08,120] {processor.py:651} INFO - DAG(s) dict_keys(['tutorial_taskflow_api_etl_virtualenv']) retrieved from /home/osboxes/.local/lib/python3.8/site-packages/airflow/example_dags/tutorial_taskflow_api_etl_virtualenv.py
[2022-06-23 10:29:08,260] {logging_mixin.py:115} INFO - [2022-06-23 10:29:08,259] {dag.py:2371} INFO - Sync 1 DAGs
[2022-06-23 10:29:08,274] {logging_mixin.py:115} INFO - [2022-06-23 10:29:08,274] {dag.py:2915} INFO - Setting next_dagrun for tutorial_taskflow_api_etl_virtualenv to None, run_after=None
[2022-06-23 10:29:08,328] {processor.py:161} INFO - Processing /home/osboxes/.local/lib/python3.8/site-packages/airflow/example_dags/tutorial_taskflow_api_etl_virtualenv.py took 0.247 seconds
[2022-06-23 10:29:46,564] {processor.py:153} INFO - Started process (PID=28402) to work on /home/osboxes/.local/lib/python3.8/site-packages/airflow/example_dags/tutorial_taskflow_api_etl_virtualenv.py
[2022-06-23 10:29:46,568] {processor.py:641} INFO - Processing file /home/osboxes/.local/lib/python3.8/site-packages/airflow/example_dags/tutorial_taskflow_api_etl_virtualenv.py for tasks to queue
[2022-06-23 10:29:46,568] {logging_mixin.py:115} INFO - [2022-06-23 10:29:46,568] {dagbag.py:507} INFO - Filling up the DagBag from /home/osboxes/.local/lib/python3.8/site-packages/airflow/example_dags/tutorial_taskflow_api_etl_virtualenv.py
[2022-06-23 10:29:46,584] {processor.py:651} INFO - DAG(s) dict_keys(['tutorial_taskflow_api_etl_virtualenv']) retrieved from /home/osboxes/.local/lib/python3.8/site-packages/airflow/example_dags/tutorial_taskflow_api_etl_virtualenv.py
[2022-06-23 10:29:46,600] {logging_mixin.py:115} INFO - [2022-06-23 10:29:46,600] {dag.py:2371} INFO - Sync 1 DAGs
[2022-06-23 10:29:46,616] {logging_mixin.py:115} INFO - [2022-06-23 10:29:46,616] {dag.py:2915} INFO - Setting next_dagrun for tutorial_taskflow_api_etl_virtualenv to None, run_after=None
[2022-06-23 10:29:46,656] {processor.py:161} INFO - Processing /home/osboxes/.local/lib/python3.8/site-packages/airflow/example_dags/tutorial_taskflow_api_etl_virtualenv.py took 0.094 seconds
[2022-06-23 10:30:22,962] {processor.py:153} INFO - Started process (PID=28699) to work on /home/osboxes/.local/lib/python3.8/site-packages/airflow/example_dags/tutorial_taskflow_api_etl_virtualenv.py
[2022-06-23 10:30:22,964] {processor.py:641} INFO - Processing file /home/osboxes/.local/lib/python3.8/site-packages/airflow/example_dags/tutorial_taskflow_api_etl_virtualenv.py for tasks to queue
[2022-06-23 10:30:22,965] {logging_mixin.py:115} INFO - [2022-06-23 10:30:22,965] {dagbag.py:507} INFO - Filling up the DagBag from /home/osboxes/.local/lib/python3.8/site-packages/airflow/example_dags/tutorial_taskflow_api_etl_virtualenv.py
[2022-06-23 10:30:22,979] {processor.py:651} INFO - DAG(s) dict_keys(['tutorial_taskflow_api_etl_virtualenv']) retrieved from /home/osboxes/.local/lib/python3.8/site-packages/airflow/example_dags/tutorial_taskflow_api_etl_virtualenv.py
[2022-06-23 10:30:22,994] {logging_mixin.py:115} INFO - [2022-06-23 10:30:22,994] {dag.py:2371} INFO - Sync 1 DAGs
[2022-06-23 10:30:23,012] {logging_mixin.py:115} INFO - [2022-06-23 10:30:23,012] {dag.py:2915} INFO - Setting next_dagrun for tutorial_taskflow_api_etl_virtualenv to None, run_after=None
[2022-06-23 10:30:23,054] {processor.py:161} INFO - Processing /home/osboxes/.local/lib/python3.8/site-packages/airflow/example_dags/tutorial_taskflow_api_etl_virtualenv.py took 0.095 seconds
[2022-06-23 10:30:57,187] {processor.py:153} INFO - Started process (PID=28938) to work on /home/osboxes/.local/lib/python3.8/site-packages/airflow/example_dags/tutorial_taskflow_api_etl_virtualenv.py
[2022-06-23 10:30:57,189] {processor.py:641} INFO - Processing file /home/osboxes/.local/lib/python3.8/site-packages/airflow/example_dags/tutorial_taskflow_api_etl_virtualenv.py for tasks to queue
[2022-06-23 10:30:57,189] {logging_mixin.py:115} INFO - [2022-06-23 10:30:57,189] {dagbag.py:507} INFO - Filling up the DagBag from /home/osboxes/.local/lib/python3.8/site-packages/airflow/example_dags/tutorial_taskflow_api_etl_virtualenv.py
[2022-06-23 10:30:57,204] {processor.py:651} INFO - DAG(s) dict_keys(['tutorial_taskflow_api_etl_virtualenv']) retrieved from /home/osboxes/.local/lib/python3.8/site-packages/airflow/example_dags/tutorial_taskflow_api_etl_virtualenv.py
[2022-06-23 10:30:57,218] {logging_mixin.py:115} INFO - [2022-06-23 10:30:57,218] {dag.py:2371} INFO - Sync 1 DAGs
[2022-06-23 10:30:57,232] {logging_mixin.py:115} INFO - [2022-06-23 10:30:57,232] {dag.py:2915} INFO - Setting next_dagrun for tutorial_taskflow_api_etl_virtualenv to None, run_after=None
[2022-06-23 10:30:57,260] {processor.py:161} INFO - Processing /home/osboxes/.local/lib/python3.8/site-packages/airflow/example_dags/tutorial_taskflow_api_etl_virtualenv.py took 0.075 seconds
[2022-06-23 10:31:31,003] {processor.py:153} INFO - Started process (PID=29226) to work on /home/osboxes/.local/lib/python3.8/site-packages/airflow/example_dags/tutorial_taskflow_api_etl_virtualenv.py
[2022-06-23 10:31:31,004] {processor.py:641} INFO - Processing file /home/osboxes/.local/lib/python3.8/site-packages/airflow/example_dags/tutorial_taskflow_api_etl_virtualenv.py for tasks to queue
[2022-06-23 10:31:31,005] {logging_mixin.py:115} INFO - [2022-06-23 10:31:31,004] {dagbag.py:507} INFO - Filling up the DagBag from /home/osboxes/.local/lib/python3.8/site-packages/airflow/example_dags/tutorial_taskflow_api_etl_virtualenv.py
[2022-06-23 10:31:31,018] {processor.py:651} INFO - DAG(s) dict_keys(['tutorial_taskflow_api_etl_virtualenv']) retrieved from /home/osboxes/.local/lib/python3.8/site-packages/airflow/example_dags/tutorial_taskflow_api_etl_virtualenv.py
[2022-06-23 10:31:31,033] {logging_mixin.py:115} INFO - [2022-06-23 10:31:31,032] {dag.py:2371} INFO - Sync 1 DAGs
[2022-06-23 10:31:31,047] {logging_mixin.py:115} INFO - [2022-06-23 10:31:31,047] {dag.py:2915} INFO - Setting next_dagrun for tutorial_taskflow_api_etl_virtualenv to None, run_after=None
[2022-06-23 10:31:31,077] {processor.py:161} INFO - Processing /home/osboxes/.local/lib/python3.8/site-packages/airflow/example_dags/tutorial_taskflow_api_etl_virtualenv.py took 0.078 seconds
[2022-06-23 10:32:07,082] {processor.py:153} INFO - Started process (PID=29652) to work on /home/osboxes/.local/lib/python3.8/site-packages/airflow/example_dags/tutorial_taskflow_api_etl_virtualenv.py
[2022-06-23 10:32:07,084] {processor.py:641} INFO - Processing file /home/osboxes/.local/lib/python3.8/site-packages/airflow/example_dags/tutorial_taskflow_api_etl_virtualenv.py for tasks to queue
[2022-06-23 10:32:07,084] {logging_mixin.py:115} INFO - [2022-06-23 10:32:07,084] {dagbag.py:507} INFO - Filling up the DagBag from /home/osboxes/.local/lib/python3.8/site-packages/airflow/example_dags/tutorial_taskflow_api_etl_virtualenv.py
[2022-06-23 10:32:07,099] {processor.py:651} INFO - DAG(s) dict_keys(['tutorial_taskflow_api_etl_virtualenv']) retrieved from /home/osboxes/.local/lib/python3.8/site-packages/airflow/example_dags/tutorial_taskflow_api_etl_virtualenv.py
[2022-06-23 10:32:07,114] {logging_mixin.py:115} INFO - [2022-06-23 10:32:07,114] {dag.py:2371} INFO - Sync 1 DAGs
[2022-06-23 10:32:07,133] {logging_mixin.py:115} INFO - [2022-06-23 10:32:07,133] {dag.py:2915} INFO - Setting next_dagrun for tutorial_taskflow_api_etl_virtualenv to None, run_after=None
[2022-06-23 10:32:07,211] {processor.py:161} INFO - Processing /home/osboxes/.local/lib/python3.8/site-packages/airflow/example_dags/tutorial_taskflow_api_etl_virtualenv.py took 0.131 seconds
[2022-06-23 10:32:42,014] {processor.py:153} INFO - Started process (PID=30083) to work on /home/osboxes/.local/lib/python3.8/site-packages/airflow/example_dags/tutorial_taskflow_api_etl_virtualenv.py
[2022-06-23 10:32:42,016] {processor.py:641} INFO - Processing file /home/osboxes/.local/lib/python3.8/site-packages/airflow/example_dags/tutorial_taskflow_api_etl_virtualenv.py for tasks to queue
[2022-06-23 10:32:42,016] {logging_mixin.py:115} INFO - [2022-06-23 10:32:42,016] {dagbag.py:507} INFO - Filling up the DagBag from /home/osboxes/.local/lib/python3.8/site-packages/airflow/example_dags/tutorial_taskflow_api_etl_virtualenv.py
[2022-06-23 10:32:42,033] {processor.py:651} INFO - DAG(s) dict_keys(['tutorial_taskflow_api_etl_virtualenv']) retrieved from /home/osboxes/.local/lib/python3.8/site-packages/airflow/example_dags/tutorial_taskflow_api_etl_virtualenv.py
[2022-06-23 10:32:42,069] {logging_mixin.py:115} INFO - [2022-06-23 10:32:42,069] {dag.py:2371} INFO - Sync 1 DAGs
[2022-06-23 10:32:42,083] {logging_mixin.py:115} INFO - [2022-06-23 10:32:42,083] {dag.py:2915} INFO - Setting next_dagrun for tutorial_taskflow_api_etl_virtualenv to None, run_after=None
[2022-06-23 10:32:42,114] {processor.py:161} INFO - Processing /home/osboxes/.local/lib/python3.8/site-packages/airflow/example_dags/tutorial_taskflow_api_etl_virtualenv.py took 0.102 seconds
[2022-06-23 10:33:17,110] {processor.py:153} INFO - Started process (PID=30484) to work on /home/osboxes/.local/lib/python3.8/site-packages/airflow/example_dags/tutorial_taskflow_api_etl_virtualenv.py
[2022-06-23 10:33:17,111] {processor.py:641} INFO - Processing file /home/osboxes/.local/lib/python3.8/site-packages/airflow/example_dags/tutorial_taskflow_api_etl_virtualenv.py for tasks to queue
[2022-06-23 10:33:17,112] {logging_mixin.py:115} INFO - [2022-06-23 10:33:17,112] {dagbag.py:507} INFO - Filling up the DagBag from /home/osboxes/.local/lib/python3.8/site-packages/airflow/example_dags/tutorial_taskflow_api_etl_virtualenv.py
[2022-06-23 10:33:17,127] {processor.py:651} INFO - DAG(s) dict_keys(['tutorial_taskflow_api_etl_virtualenv']) retrieved from /home/osboxes/.local/lib/python3.8/site-packages/airflow/example_dags/tutorial_taskflow_api_etl_virtualenv.py
[2022-06-23 10:33:17,142] {logging_mixin.py:115} INFO - [2022-06-23 10:33:17,142] {dag.py:2371} INFO - Sync 1 DAGs
[2022-06-23 10:33:17,159] {logging_mixin.py:115} INFO - [2022-06-23 10:33:17,158] {dag.py:2915} INFO - Setting next_dagrun for tutorial_taskflow_api_etl_virtualenv to None, run_after=None
[2022-06-23 10:33:17,185] {processor.py:161} INFO - Processing /home/osboxes/.local/lib/python3.8/site-packages/airflow/example_dags/tutorial_taskflow_api_etl_virtualenv.py took 0.077 seconds
[2022-06-23 10:33:47,734] {processor.py:153} INFO - Started process (PID=30841) to work on /home/osboxes/.local/lib/python3.8/site-packages/airflow/example_dags/tutorial_taskflow_api_etl_virtualenv.py
[2022-06-23 10:33:47,735] {processor.py:641} INFO - Processing file /home/osboxes/.local/lib/python3.8/site-packages/airflow/example_dags/tutorial_taskflow_api_etl_virtualenv.py for tasks to queue
[2022-06-23 10:33:47,735] {logging_mixin.py:115} INFO - [2022-06-23 10:33:47,735] {dagbag.py:507} INFO - Filling up the DagBag from /home/osboxes/.local/lib/python3.8/site-packages/airflow/example_dags/tutorial_taskflow_api_etl_virtualenv.py
[2022-06-23 10:33:47,751] {processor.py:651} INFO - DAG(s) dict_keys(['tutorial_taskflow_api_etl_virtualenv']) retrieved from /home/osboxes/.local/lib/python3.8/site-packages/airflow/example_dags/tutorial_taskflow_api_etl_virtualenv.py
[2022-06-23 10:33:47,766] {logging_mixin.py:115} INFO - [2022-06-23 10:33:47,766] {dag.py:2371} INFO - Sync 1 DAGs
[2022-06-23 10:33:47,781] {logging_mixin.py:115} INFO - [2022-06-23 10:33:47,781] {dag.py:2915} INFO - Setting next_dagrun for tutorial_taskflow_api_etl_virtualenv to None, run_after=None
[2022-06-23 10:33:47,812] {processor.py:161} INFO - Processing /home/osboxes/.local/lib/python3.8/site-packages/airflow/example_dags/tutorial_taskflow_api_etl_virtualenv.py took 0.079 seconds
[2022-06-23 10:34:26,256] {processor.py:153} INFO - Started process (PID=31278) to work on /home/osboxes/.local/lib/python3.8/site-packages/airflow/example_dags/tutorial_taskflow_api_etl_virtualenv.py
[2022-06-23 10:34:26,259] {processor.py:641} INFO - Processing file /home/osboxes/.local/lib/python3.8/site-packages/airflow/example_dags/tutorial_taskflow_api_etl_virtualenv.py for tasks to queue
[2022-06-23 10:34:26,260] {logging_mixin.py:115} INFO - [2022-06-23 10:34:26,260] {dagbag.py:507} INFO - Filling up the DagBag from /home/osboxes/.local/lib/python3.8/site-packages/airflow/example_dags/tutorial_taskflow_api_etl_virtualenv.py
[2022-06-23 10:34:26,275] {processor.py:651} INFO - DAG(s) dict_keys(['tutorial_taskflow_api_etl_virtualenv']) retrieved from /home/osboxes/.local/lib/python3.8/site-packages/airflow/example_dags/tutorial_taskflow_api_etl_virtualenv.py
[2022-06-23 10:34:26,289] {logging_mixin.py:115} INFO - [2022-06-23 10:34:26,289] {dag.py:2371} INFO - Sync 1 DAGs
[2022-06-23 10:34:26,306] {logging_mixin.py:115} INFO - [2022-06-23 10:34:26,306] {dag.py:2915} INFO - Setting next_dagrun for tutorial_taskflow_api_etl_virtualenv to None, run_after=None
[2022-06-23 10:34:26,337] {processor.py:161} INFO - Processing /home/osboxes/.local/lib/python3.8/site-packages/airflow/example_dags/tutorial_taskflow_api_etl_virtualenv.py took 0.083 seconds
[2022-06-23 10:35:01,708] {processor.py:153} INFO - Started process (PID=31673) to work on /home/osboxes/.local/lib/python3.8/site-packages/airflow/example_dags/tutorial_taskflow_api_etl_virtualenv.py
[2022-06-23 10:35:01,710] {processor.py:641} INFO - Processing file /home/osboxes/.local/lib/python3.8/site-packages/airflow/example_dags/tutorial_taskflow_api_etl_virtualenv.py for tasks to queue
[2022-06-23 10:35:01,711] {logging_mixin.py:115} INFO - [2022-06-23 10:35:01,711] {dagbag.py:507} INFO - Filling up the DagBag from /home/osboxes/.local/lib/python3.8/site-packages/airflow/example_dags/tutorial_taskflow_api_etl_virtualenv.py
[2022-06-23 10:35:01,726] {processor.py:651} INFO - DAG(s) dict_keys(['tutorial_taskflow_api_etl_virtualenv']) retrieved from /home/osboxes/.local/lib/python3.8/site-packages/airflow/example_dags/tutorial_taskflow_api_etl_virtualenv.py
[2022-06-23 10:35:01,740] {logging_mixin.py:115} INFO - [2022-06-23 10:35:01,740] {dag.py:2371} INFO - Sync 1 DAGs
[2022-06-23 10:35:01,756] {logging_mixin.py:115} INFO - [2022-06-23 10:35:01,756] {dag.py:2915} INFO - Setting next_dagrun for tutorial_taskflow_api_etl_virtualenv to None, run_after=None
[2022-06-23 10:35:01,785] {processor.py:161} INFO - Processing /home/osboxes/.local/lib/python3.8/site-packages/airflow/example_dags/tutorial_taskflow_api_etl_virtualenv.py took 0.079 seconds
[2022-06-23 10:35:35,107] {processor.py:153} INFO - Started process (PID=32024) to work on /home/osboxes/.local/lib/python3.8/site-packages/airflow/example_dags/tutorial_taskflow_api_etl_virtualenv.py
[2022-06-23 10:35:35,108] {processor.py:641} INFO - Processing file /home/osboxes/.local/lib/python3.8/site-packages/airflow/example_dags/tutorial_taskflow_api_etl_virtualenv.py for tasks to queue
[2022-06-23 10:35:35,109] {logging_mixin.py:115} INFO - [2022-06-23 10:35:35,109] {dagbag.py:507} INFO - Filling up the DagBag from /home/osboxes/.local/lib/python3.8/site-packages/airflow/example_dags/tutorial_taskflow_api_etl_virtualenv.py
[2022-06-23 10:35:35,123] {processor.py:651} INFO - DAG(s) dict_keys(['tutorial_taskflow_api_etl_virtualenv']) retrieved from /home/osboxes/.local/lib/python3.8/site-packages/airflow/example_dags/tutorial_taskflow_api_etl_virtualenv.py
[2022-06-23 10:35:35,158] {logging_mixin.py:115} INFO - [2022-06-23 10:35:35,158] {dag.py:2371} INFO - Sync 1 DAGs
[2022-06-23 10:35:35,172] {logging_mixin.py:115} INFO - [2022-06-23 10:35:35,172] {dag.py:2915} INFO - Setting next_dagrun for tutorial_taskflow_api_etl_virtualenv to None, run_after=None
[2022-06-23 10:35:35,208] {processor.py:161} INFO - Processing /home/osboxes/.local/lib/python3.8/site-packages/airflow/example_dags/tutorial_taskflow_api_etl_virtualenv.py took 0.104 seconds
[2022-06-23 10:36:28,385] {processor.py:153} INFO - Started process (PID=32601) to work on /home/osboxes/.local/lib/python3.8/site-packages/airflow/example_dags/tutorial_taskflow_api_etl_virtualenv.py
[2022-06-23 10:36:28,405] {processor.py:641} INFO - Processing file /home/osboxes/.local/lib/python3.8/site-packages/airflow/example_dags/tutorial_taskflow_api_etl_virtualenv.py for tasks to queue
[2022-06-23 10:36:28,405] {logging_mixin.py:115} INFO - [2022-06-23 10:36:28,405] {dagbag.py:507} INFO - Filling up the DagBag from /home/osboxes/.local/lib/python3.8/site-packages/airflow/example_dags/tutorial_taskflow_api_etl_virtualenv.py
[2022-06-23 10:36:28,421] {processor.py:651} INFO - DAG(s) dict_keys(['tutorial_taskflow_api_etl_virtualenv']) retrieved from /home/osboxes/.local/lib/python3.8/site-packages/airflow/example_dags/tutorial_taskflow_api_etl_virtualenv.py
[2022-06-23 10:36:28,511] {logging_mixin.py:115} INFO - [2022-06-23 10:36:28,511] {dag.py:2371} INFO - Sync 1 DAGs
[2022-06-23 10:36:28,538] {logging_mixin.py:115} INFO - [2022-06-23 10:36:28,538] {dag.py:2915} INFO - Setting next_dagrun for tutorial_taskflow_api_etl_virtualenv to None, run_after=None
[2022-06-23 10:36:28,691] {processor.py:161} INFO - Processing /home/osboxes/.local/lib/python3.8/site-packages/airflow/example_dags/tutorial_taskflow_api_etl_virtualenv.py took 0.320 seconds
[2022-06-23 10:37:24,141] {processor.py:153} INFO - Started process (PID=33050) to work on /home/osboxes/.local/lib/python3.8/site-packages/airflow/example_dags/tutorial_taskflow_api_etl_virtualenv.py
[2022-06-23 10:37:24,168] {processor.py:641} INFO - Processing file /home/osboxes/.local/lib/python3.8/site-packages/airflow/example_dags/tutorial_taskflow_api_etl_virtualenv.py for tasks to queue
[2022-06-23 10:37:24,169] {logging_mixin.py:115} INFO - [2022-06-23 10:37:24,169] {dagbag.py:507} INFO - Filling up the DagBag from /home/osboxes/.local/lib/python3.8/site-packages/airflow/example_dags/tutorial_taskflow_api_etl_virtualenv.py
[2022-06-23 10:37:24,209] {processor.py:651} INFO - DAG(s) dict_keys(['tutorial_taskflow_api_etl_virtualenv']) retrieved from /home/osboxes/.local/lib/python3.8/site-packages/airflow/example_dags/tutorial_taskflow_api_etl_virtualenv.py
[2022-06-23 10:37:24,268] {logging_mixin.py:115} INFO - [2022-06-23 10:37:24,268] {dag.py:2371} INFO - Sync 1 DAGs
[2022-06-23 10:37:24,304] {logging_mixin.py:115} INFO - [2022-06-23 10:37:24,304] {dag.py:2915} INFO - Setting next_dagrun for tutorial_taskflow_api_etl_virtualenv to None, run_after=None
[2022-06-23 10:37:24,410] {processor.py:161} INFO - Processing /home/osboxes/.local/lib/python3.8/site-packages/airflow/example_dags/tutorial_taskflow_api_etl_virtualenv.py took 0.271 seconds
[2022-06-23 10:38:03,588] {processor.py:153} INFO - Started process (PID=33442) to work on /home/osboxes/.local/lib/python3.8/site-packages/airflow/example_dags/tutorial_taskflow_api_etl_virtualenv.py
[2022-06-23 10:38:03,657] {processor.py:641} INFO - Processing file /home/osboxes/.local/lib/python3.8/site-packages/airflow/example_dags/tutorial_taskflow_api_etl_virtualenv.py for tasks to queue
[2022-06-23 10:38:03,657] {logging_mixin.py:115} INFO - [2022-06-23 10:38:03,657] {dagbag.py:507} INFO - Filling up the DagBag from /home/osboxes/.local/lib/python3.8/site-packages/airflow/example_dags/tutorial_taskflow_api_etl_virtualenv.py
[2022-06-23 10:38:03,694] {processor.py:651} INFO - DAG(s) dict_keys(['tutorial_taskflow_api_etl_virtualenv']) retrieved from /home/osboxes/.local/lib/python3.8/site-packages/airflow/example_dags/tutorial_taskflow_api_etl_virtualenv.py
[2022-06-23 10:38:03,747] {logging_mixin.py:115} INFO - [2022-06-23 10:38:03,747] {dag.py:2371} INFO - Sync 1 DAGs
[2022-06-23 10:38:03,777] {logging_mixin.py:115} INFO - [2022-06-23 10:38:03,777] {dag.py:2915} INFO - Setting next_dagrun for tutorial_taskflow_api_etl_virtualenv to None, run_after=None
[2022-06-23 10:38:04,094] {processor.py:161} INFO - Processing /home/osboxes/.local/lib/python3.8/site-packages/airflow/example_dags/tutorial_taskflow_api_etl_virtualenv.py took 0.508 seconds
[2022-06-23 10:38:46,202] {processor.py:153} INFO - Started process (PID=33838) to work on /home/osboxes/.local/lib/python3.8/site-packages/airflow/example_dags/tutorial_taskflow_api_etl_virtualenv.py
[2022-06-23 10:38:46,204] {processor.py:641} INFO - Processing file /home/osboxes/.local/lib/python3.8/site-packages/airflow/example_dags/tutorial_taskflow_api_etl_virtualenv.py for tasks to queue
[2022-06-23 10:38:46,205] {logging_mixin.py:115} INFO - [2022-06-23 10:38:46,205] {dagbag.py:507} INFO - Filling up the DagBag from /home/osboxes/.local/lib/python3.8/site-packages/airflow/example_dags/tutorial_taskflow_api_etl_virtualenv.py
[2022-06-23 10:38:46,220] {processor.py:651} INFO - DAG(s) dict_keys(['tutorial_taskflow_api_etl_virtualenv']) retrieved from /home/osboxes/.local/lib/python3.8/site-packages/airflow/example_dags/tutorial_taskflow_api_etl_virtualenv.py
[2022-06-23 10:38:46,263] {logging_mixin.py:115} INFO - [2022-06-23 10:38:46,263] {dag.py:2371} INFO - Sync 1 DAGs
[2022-06-23 10:38:46,279] {logging_mixin.py:115} INFO - [2022-06-23 10:38:46,279] {dag.py:2915} INFO - Setting next_dagrun for tutorial_taskflow_api_etl_virtualenv to None, run_after=None
[2022-06-23 10:38:46,313] {processor.py:161} INFO - Processing /home/osboxes/.local/lib/python3.8/site-packages/airflow/example_dags/tutorial_taskflow_api_etl_virtualenv.py took 0.113 seconds
[2022-06-23 10:39:23,391] {processor.py:153} INFO - Started process (PID=34145) to work on /home/osboxes/.local/lib/python3.8/site-packages/airflow/example_dags/tutorial_taskflow_api_etl_virtualenv.py
[2022-06-23 10:39:23,393] {processor.py:641} INFO - Processing file /home/osboxes/.local/lib/python3.8/site-packages/airflow/example_dags/tutorial_taskflow_api_etl_virtualenv.py for tasks to queue
[2022-06-23 10:39:23,394] {logging_mixin.py:115} INFO - [2022-06-23 10:39:23,394] {dagbag.py:507} INFO - Filling up the DagBag from /home/osboxes/.local/lib/python3.8/site-packages/airflow/example_dags/tutorial_taskflow_api_etl_virtualenv.py
[2022-06-23 10:39:23,408] {processor.py:651} INFO - DAG(s) dict_keys(['tutorial_taskflow_api_etl_virtualenv']) retrieved from /home/osboxes/.local/lib/python3.8/site-packages/airflow/example_dags/tutorial_taskflow_api_etl_virtualenv.py
[2022-06-23 10:39:23,422] {logging_mixin.py:115} INFO - [2022-06-23 10:39:23,422] {dag.py:2371} INFO - Sync 1 DAGs
[2022-06-23 10:39:23,441] {logging_mixin.py:115} INFO - [2022-06-23 10:39:23,440] {dag.py:2915} INFO - Setting next_dagrun for tutorial_taskflow_api_etl_virtualenv to None, run_after=None
[2022-06-23 10:39:23,479] {processor.py:161} INFO - Processing /home/osboxes/.local/lib/python3.8/site-packages/airflow/example_dags/tutorial_taskflow_api_etl_virtualenv.py took 0.090 seconds
[2022-06-23 10:40:00,452] {processor.py:153} INFO - Started process (PID=34542) to work on /home/osboxes/.local/lib/python3.8/site-packages/airflow/example_dags/tutorial_taskflow_api_etl_virtualenv.py
[2022-06-23 10:40:00,454] {processor.py:641} INFO - Processing file /home/osboxes/.local/lib/python3.8/site-packages/airflow/example_dags/tutorial_taskflow_api_etl_virtualenv.py for tasks to queue
[2022-06-23 10:40:00,454] {logging_mixin.py:115} INFO - [2022-06-23 10:40:00,454] {dagbag.py:507} INFO - Filling up the DagBag from /home/osboxes/.local/lib/python3.8/site-packages/airflow/example_dags/tutorial_taskflow_api_etl_virtualenv.py
[2022-06-23 10:40:00,466] {processor.py:651} INFO - DAG(s) dict_keys(['tutorial_taskflow_api_etl_virtualenv']) retrieved from /home/osboxes/.local/lib/python3.8/site-packages/airflow/example_dags/tutorial_taskflow_api_etl_virtualenv.py
[2022-06-23 10:40:00,485] {logging_mixin.py:115} INFO - [2022-06-23 10:40:00,485] {dag.py:2371} INFO - Sync 1 DAGs
[2022-06-23 10:40:00,502] {logging_mixin.py:115} INFO - [2022-06-23 10:40:00,502] {dag.py:2915} INFO - Setting next_dagrun for tutorial_taskflow_api_etl_virtualenv to None, run_after=None
[2022-06-23 10:40:00,536] {processor.py:161} INFO - Processing /home/osboxes/.local/lib/python3.8/site-packages/airflow/example_dags/tutorial_taskflow_api_etl_virtualenv.py took 0.086 seconds
[2022-06-23 10:40:32,972] {processor.py:153} INFO - Started process (PID=34820) to work on /home/osboxes/.local/lib/python3.8/site-packages/airflow/example_dags/tutorial_taskflow_api_etl_virtualenv.py
[2022-06-23 10:40:32,972] {processor.py:641} INFO - Processing file /home/osboxes/.local/lib/python3.8/site-packages/airflow/example_dags/tutorial_taskflow_api_etl_virtualenv.py for tasks to queue
[2022-06-23 10:40:32,973] {logging_mixin.py:115} INFO - [2022-06-23 10:40:32,973] {dagbag.py:507} INFO - Filling up the DagBag from /home/osboxes/.local/lib/python3.8/site-packages/airflow/example_dags/tutorial_taskflow_api_etl_virtualenv.py
[2022-06-23 10:40:32,988] {processor.py:651} INFO - DAG(s) dict_keys(['tutorial_taskflow_api_etl_virtualenv']) retrieved from /home/osboxes/.local/lib/python3.8/site-packages/airflow/example_dags/tutorial_taskflow_api_etl_virtualenv.py
[2022-06-23 10:40:33,005] {logging_mixin.py:115} INFO - [2022-06-23 10:40:33,005] {dag.py:2371} INFO - Sync 1 DAGs
[2022-06-23 10:40:33,021] {logging_mixin.py:115} INFO - [2022-06-23 10:40:33,021] {dag.py:2915} INFO - Setting next_dagrun for tutorial_taskflow_api_etl_virtualenv to None, run_after=None
[2022-06-23 10:40:33,090] {processor.py:161} INFO - Processing /home/osboxes/.local/lib/python3.8/site-packages/airflow/example_dags/tutorial_taskflow_api_etl_virtualenv.py took 0.120 seconds
[2022-06-23 10:41:11,406] {processor.py:153} INFO - Started process (PID=35250) to work on /home/osboxes/.local/lib/python3.8/site-packages/airflow/example_dags/tutorial_taskflow_api_etl_virtualenv.py
[2022-06-23 10:41:11,410] {processor.py:641} INFO - Processing file /home/osboxes/.local/lib/python3.8/site-packages/airflow/example_dags/tutorial_taskflow_api_etl_virtualenv.py for tasks to queue
[2022-06-23 10:41:11,410] {logging_mixin.py:115} INFO - [2022-06-23 10:41:11,410] {dagbag.py:507} INFO - Filling up the DagBag from /home/osboxes/.local/lib/python3.8/site-packages/airflow/example_dags/tutorial_taskflow_api_etl_virtualenv.py
[2022-06-23 10:41:11,424] {processor.py:651} INFO - DAG(s) dict_keys(['tutorial_taskflow_api_etl_virtualenv']) retrieved from /home/osboxes/.local/lib/python3.8/site-packages/airflow/example_dags/tutorial_taskflow_api_etl_virtualenv.py
[2022-06-23 10:41:11,439] {logging_mixin.py:115} INFO - [2022-06-23 10:41:11,438] {dag.py:2371} INFO - Sync 1 DAGs
[2022-06-23 10:41:11,455] {logging_mixin.py:115} INFO - [2022-06-23 10:41:11,455] {dag.py:2915} INFO - Setting next_dagrun for tutorial_taskflow_api_etl_virtualenv to None, run_after=None
[2022-06-23 10:41:11,487] {processor.py:161} INFO - Processing /home/osboxes/.local/lib/python3.8/site-packages/airflow/example_dags/tutorial_taskflow_api_etl_virtualenv.py took 0.083 seconds
[2022-06-23 10:41:49,084] {processor.py:153} INFO - Started process (PID=35675) to work on /home/osboxes/.local/lib/python3.8/site-packages/airflow/example_dags/tutorial_taskflow_api_etl_virtualenv.py
[2022-06-23 10:41:49,135] {processor.py:641} INFO - Processing file /home/osboxes/.local/lib/python3.8/site-packages/airflow/example_dags/tutorial_taskflow_api_etl_virtualenv.py for tasks to queue
[2022-06-23 10:41:49,136] {logging_mixin.py:115} INFO - [2022-06-23 10:41:49,136] {dagbag.py:507} INFO - Filling up the DagBag from /home/osboxes/.local/lib/python3.8/site-packages/airflow/example_dags/tutorial_taskflow_api_etl_virtualenv.py
[2022-06-23 10:41:49,292] {processor.py:651} INFO - DAG(s) dict_keys(['tutorial_taskflow_api_etl_virtualenv']) retrieved from /home/osboxes/.local/lib/python3.8/site-packages/airflow/example_dags/tutorial_taskflow_api_etl_virtualenv.py
[2022-06-23 10:41:49,454] {logging_mixin.py:115} INFO - [2022-06-23 10:41:49,454] {dag.py:2371} INFO - Sync 1 DAGs
[2022-06-23 10:41:49,520] {logging_mixin.py:115} INFO - [2022-06-23 10:41:49,520] {dag.py:2915} INFO - Setting next_dagrun for tutorial_taskflow_api_etl_virtualenv to None, run_after=None
[2022-06-23 10:41:49,880] {processor.py:161} INFO - Processing /home/osboxes/.local/lib/python3.8/site-packages/airflow/example_dags/tutorial_taskflow_api_etl_virtualenv.py took 0.830 seconds
[2022-06-23 10:42:26,172] {processor.py:153} INFO - Started process (PID=36052) to work on /home/osboxes/.local/lib/python3.8/site-packages/airflow/example_dags/tutorial_taskflow_api_etl_virtualenv.py
[2022-06-23 10:42:26,176] {processor.py:641} INFO - Processing file /home/osboxes/.local/lib/python3.8/site-packages/airflow/example_dags/tutorial_taskflow_api_etl_virtualenv.py for tasks to queue
[2022-06-23 10:42:26,176] {logging_mixin.py:115} INFO - [2022-06-23 10:42:26,176] {dagbag.py:507} INFO - Filling up the DagBag from /home/osboxes/.local/lib/python3.8/site-packages/airflow/example_dags/tutorial_taskflow_api_etl_virtualenv.py
[2022-06-23 10:42:26,190] {processor.py:651} INFO - DAG(s) dict_keys(['tutorial_taskflow_api_etl_virtualenv']) retrieved from /home/osboxes/.local/lib/python3.8/site-packages/airflow/example_dags/tutorial_taskflow_api_etl_virtualenv.py
[2022-06-23 10:42:26,205] {logging_mixin.py:115} INFO - [2022-06-23 10:42:26,205] {dag.py:2371} INFO - Sync 1 DAGs
[2022-06-23 10:42:26,222] {logging_mixin.py:115} INFO - [2022-06-23 10:42:26,222] {dag.py:2915} INFO - Setting next_dagrun for tutorial_taskflow_api_etl_virtualenv to None, run_after=None
[2022-06-23 10:42:26,270] {processor.py:161} INFO - Processing /home/osboxes/.local/lib/python3.8/site-packages/airflow/example_dags/tutorial_taskflow_api_etl_virtualenv.py took 0.101 seconds
[2022-06-23 10:42:59,541] {processor.py:153} INFO - Started process (PID=36418) to work on /home/osboxes/.local/lib/python3.8/site-packages/airflow/example_dags/tutorial_taskflow_api_etl_virtualenv.py
[2022-06-23 10:42:59,627] {processor.py:641} INFO - Processing file /home/osboxes/.local/lib/python3.8/site-packages/airflow/example_dags/tutorial_taskflow_api_etl_virtualenv.py for tasks to queue
[2022-06-23 10:42:59,627] {logging_mixin.py:115} INFO - [2022-06-23 10:42:59,627] {dagbag.py:507} INFO - Filling up the DagBag from /home/osboxes/.local/lib/python3.8/site-packages/airflow/example_dags/tutorial_taskflow_api_etl_virtualenv.py
[2022-06-23 10:42:59,662] {processor.py:651} INFO - DAG(s) dict_keys(['tutorial_taskflow_api_etl_virtualenv']) retrieved from /home/osboxes/.local/lib/python3.8/site-packages/airflow/example_dags/tutorial_taskflow_api_etl_virtualenv.py
[2022-06-23 10:42:59,775] {logging_mixin.py:115} INFO - [2022-06-23 10:42:59,775] {dag.py:2371} INFO - Sync 1 DAGs
[2022-06-23 10:42:59,812] {logging_mixin.py:115} INFO - [2022-06-23 10:42:59,811] {dag.py:2915} INFO - Setting next_dagrun for tutorial_taskflow_api_etl_virtualenv to None, run_after=None
[2022-06-23 10:42:59,985] {processor.py:161} INFO - Processing /home/osboxes/.local/lib/python3.8/site-packages/airflow/example_dags/tutorial_taskflow_api_etl_virtualenv.py took 0.445 seconds
[2022-06-23 10:43:38,545] {processor.py:153} INFO - Started process (PID=36815) to work on /home/osboxes/.local/lib/python3.8/site-packages/airflow/example_dags/tutorial_taskflow_api_etl_virtualenv.py
[2022-06-23 10:43:38,549] {processor.py:641} INFO - Processing file /home/osboxes/.local/lib/python3.8/site-packages/airflow/example_dags/tutorial_taskflow_api_etl_virtualenv.py for tasks to queue
[2022-06-23 10:43:38,550] {logging_mixin.py:115} INFO - [2022-06-23 10:43:38,550] {dagbag.py:507} INFO - Filling up the DagBag from /home/osboxes/.local/lib/python3.8/site-packages/airflow/example_dags/tutorial_taskflow_api_etl_virtualenv.py
[2022-06-23 10:43:38,573] {processor.py:651} INFO - DAG(s) dict_keys(['tutorial_taskflow_api_etl_virtualenv']) retrieved from /home/osboxes/.local/lib/python3.8/site-packages/airflow/example_dags/tutorial_taskflow_api_etl_virtualenv.py
[2022-06-23 10:43:38,588] {logging_mixin.py:115} INFO - [2022-06-23 10:43:38,588] {dag.py:2371} INFO - Sync 1 DAGs
[2022-06-23 10:43:38,614] {logging_mixin.py:115} INFO - [2022-06-23 10:43:38,614] {dag.py:2915} INFO - Setting next_dagrun for tutorial_taskflow_api_etl_virtualenv to None, run_after=None
[2022-06-23 10:43:38,668] {processor.py:161} INFO - Processing /home/osboxes/.local/lib/python3.8/site-packages/airflow/example_dags/tutorial_taskflow_api_etl_virtualenv.py took 0.125 seconds
[2022-06-23 10:44:14,527] {processor.py:153} INFO - Started process (PID=37369) to work on /home/osboxes/.local/lib/python3.8/site-packages/airflow/example_dags/tutorial_taskflow_api_etl_virtualenv.py
[2022-06-23 10:44:14,530] {processor.py:641} INFO - Processing file /home/osboxes/.local/lib/python3.8/site-packages/airflow/example_dags/tutorial_taskflow_api_etl_virtualenv.py for tasks to queue
[2022-06-23 10:44:14,530] {logging_mixin.py:115} INFO - [2022-06-23 10:44:14,530] {dagbag.py:507} INFO - Filling up the DagBag from /home/osboxes/.local/lib/python3.8/site-packages/airflow/example_dags/tutorial_taskflow_api_etl_virtualenv.py
[2022-06-23 10:44:14,546] {processor.py:651} INFO - DAG(s) dict_keys(['tutorial_taskflow_api_etl_virtualenv']) retrieved from /home/osboxes/.local/lib/python3.8/site-packages/airflow/example_dags/tutorial_taskflow_api_etl_virtualenv.py
[2022-06-23 10:44:14,561] {logging_mixin.py:115} INFO - [2022-06-23 10:44:14,560] {dag.py:2371} INFO - Sync 1 DAGs
[2022-06-23 10:44:14,582] {logging_mixin.py:115} INFO - [2022-06-23 10:44:14,582] {dag.py:2915} INFO - Setting next_dagrun for tutorial_taskflow_api_etl_virtualenv to None, run_after=None
[2022-06-23 10:44:14,627] {processor.py:161} INFO - Processing /home/osboxes/.local/lib/python3.8/site-packages/airflow/example_dags/tutorial_taskflow_api_etl_virtualenv.py took 0.102 seconds
[2022-06-23 10:44:51,472] {processor.py:153} INFO - Started process (PID=37812) to work on /home/osboxes/.local/lib/python3.8/site-packages/airflow/example_dags/tutorial_taskflow_api_etl_virtualenv.py
[2022-06-23 10:44:51,476] {processor.py:641} INFO - Processing file /home/osboxes/.local/lib/python3.8/site-packages/airflow/example_dags/tutorial_taskflow_api_etl_virtualenv.py for tasks to queue
[2022-06-23 10:44:51,477] {logging_mixin.py:115} INFO - [2022-06-23 10:44:51,477] {dagbag.py:507} INFO - Filling up the DagBag from /home/osboxes/.local/lib/python3.8/site-packages/airflow/example_dags/tutorial_taskflow_api_etl_virtualenv.py
[2022-06-23 10:44:51,494] {processor.py:651} INFO - DAG(s) dict_keys(['tutorial_taskflow_api_etl_virtualenv']) retrieved from /home/osboxes/.local/lib/python3.8/site-packages/airflow/example_dags/tutorial_taskflow_api_etl_virtualenv.py
[2022-06-23 10:44:51,510] {logging_mixin.py:115} INFO - [2022-06-23 10:44:51,510] {dag.py:2371} INFO - Sync 1 DAGs
[2022-06-23 10:44:51,529] {logging_mixin.py:115} INFO - [2022-06-23 10:44:51,529] {dag.py:2915} INFO - Setting next_dagrun for tutorial_taskflow_api_etl_virtualenv to None, run_after=None
[2022-06-23 10:44:51,599] {processor.py:161} INFO - Processing /home/osboxes/.local/lib/python3.8/site-packages/airflow/example_dags/tutorial_taskflow_api_etl_virtualenv.py took 0.130 seconds
[2022-06-23 10:45:30,407] {processor.py:153} INFO - Started process (PID=38234) to work on /home/osboxes/.local/lib/python3.8/site-packages/airflow/example_dags/tutorial_taskflow_api_etl_virtualenv.py
[2022-06-23 10:45:30,411] {processor.py:641} INFO - Processing file /home/osboxes/.local/lib/python3.8/site-packages/airflow/example_dags/tutorial_taskflow_api_etl_virtualenv.py for tasks to queue
[2022-06-23 10:45:30,411] {logging_mixin.py:115} INFO - [2022-06-23 10:45:30,411] {dagbag.py:507} INFO - Filling up the DagBag from /home/osboxes/.local/lib/python3.8/site-packages/airflow/example_dags/tutorial_taskflow_api_etl_virtualenv.py
[2022-06-23 10:45:30,427] {processor.py:651} INFO - DAG(s) dict_keys(['tutorial_taskflow_api_etl_virtualenv']) retrieved from /home/osboxes/.local/lib/python3.8/site-packages/airflow/example_dags/tutorial_taskflow_api_etl_virtualenv.py
[2022-06-23 10:45:30,443] {logging_mixin.py:115} INFO - [2022-06-23 10:45:30,443] {dag.py:2371} INFO - Sync 1 DAGs
[2022-06-23 10:45:30,465] {logging_mixin.py:115} INFO - [2022-06-23 10:45:30,465] {dag.py:2915} INFO - Setting next_dagrun for tutorial_taskflow_api_etl_virtualenv to None, run_after=None
[2022-06-23 10:45:30,534] {processor.py:161} INFO - Processing /home/osboxes/.local/lib/python3.8/site-packages/airflow/example_dags/tutorial_taskflow_api_etl_virtualenv.py took 0.130 seconds
[2022-06-23 10:46:08,885] {processor.py:153} INFO - Started process (PID=38558) to work on /home/osboxes/.local/lib/python3.8/site-packages/airflow/example_dags/tutorial_taskflow_api_etl_virtualenv.py
[2022-06-23 10:46:08,888] {processor.py:641} INFO - Processing file /home/osboxes/.local/lib/python3.8/site-packages/airflow/example_dags/tutorial_taskflow_api_etl_virtualenv.py for tasks to queue
[2022-06-23 10:46:08,888] {logging_mixin.py:115} INFO - [2022-06-23 10:46:08,888] {dagbag.py:507} INFO - Filling up the DagBag from /home/osboxes/.local/lib/python3.8/site-packages/airflow/example_dags/tutorial_taskflow_api_etl_virtualenv.py
[2022-06-23 10:46:08,904] {processor.py:651} INFO - DAG(s) dict_keys(['tutorial_taskflow_api_etl_virtualenv']) retrieved from /home/osboxes/.local/lib/python3.8/site-packages/airflow/example_dags/tutorial_taskflow_api_etl_virtualenv.py
[2022-06-23 10:46:08,920] {logging_mixin.py:115} INFO - [2022-06-23 10:46:08,920] {dag.py:2371} INFO - Sync 1 DAGs
[2022-06-23 10:46:08,937] {logging_mixin.py:115} INFO - [2022-06-23 10:46:08,937] {dag.py:2915} INFO - Setting next_dagrun for tutorial_taskflow_api_etl_virtualenv to None, run_after=None
[2022-06-23 10:46:08,989] {processor.py:161} INFO - Processing /home/osboxes/.local/lib/python3.8/site-packages/airflow/example_dags/tutorial_taskflow_api_etl_virtualenv.py took 0.105 seconds
[2022-06-23 10:46:45,921] {processor.py:153} INFO - Started process (PID=38989) to work on /home/osboxes/.local/lib/python3.8/site-packages/airflow/example_dags/tutorial_taskflow_api_etl_virtualenv.py
[2022-06-23 10:46:45,924] {processor.py:641} INFO - Processing file /home/osboxes/.local/lib/python3.8/site-packages/airflow/example_dags/tutorial_taskflow_api_etl_virtualenv.py for tasks to queue
[2022-06-23 10:46:45,924] {logging_mixin.py:115} INFO - [2022-06-23 10:46:45,924] {dagbag.py:507} INFO - Filling up the DagBag from /home/osboxes/.local/lib/python3.8/site-packages/airflow/example_dags/tutorial_taskflow_api_etl_virtualenv.py
[2022-06-23 10:46:45,936] {processor.py:651} INFO - DAG(s) dict_keys(['tutorial_taskflow_api_etl_virtualenv']) retrieved from /home/osboxes/.local/lib/python3.8/site-packages/airflow/example_dags/tutorial_taskflow_api_etl_virtualenv.py
[2022-06-23 10:46:45,952] {logging_mixin.py:115} INFO - [2022-06-23 10:46:45,952] {dag.py:2371} INFO - Sync 1 DAGs
[2022-06-23 10:46:45,971] {logging_mixin.py:115} INFO - [2022-06-23 10:46:45,971] {dag.py:2915} INFO - Setting next_dagrun for tutorial_taskflow_api_etl_virtualenv to None, run_after=None
[2022-06-23 10:46:46,008] {processor.py:161} INFO - Processing /home/osboxes/.local/lib/python3.8/site-packages/airflow/example_dags/tutorial_taskflow_api_etl_virtualenv.py took 0.090 seconds
[2022-06-23 10:47:23,328] {processor.py:153} INFO - Started process (PID=39375) to work on /home/osboxes/.local/lib/python3.8/site-packages/airflow/example_dags/tutorial_taskflow_api_etl_virtualenv.py
[2022-06-23 10:47:23,330] {processor.py:641} INFO - Processing file /home/osboxes/.local/lib/python3.8/site-packages/airflow/example_dags/tutorial_taskflow_api_etl_virtualenv.py for tasks to queue
[2022-06-23 10:47:23,330] {logging_mixin.py:115} INFO - [2022-06-23 10:47:23,330] {dagbag.py:507} INFO - Filling up the DagBag from /home/osboxes/.local/lib/python3.8/site-packages/airflow/example_dags/tutorial_taskflow_api_etl_virtualenv.py
[2022-06-23 10:47:23,344] {processor.py:651} INFO - DAG(s) dict_keys(['tutorial_taskflow_api_etl_virtualenv']) retrieved from /home/osboxes/.local/lib/python3.8/site-packages/airflow/example_dags/tutorial_taskflow_api_etl_virtualenv.py
[2022-06-23 10:47:23,361] {logging_mixin.py:115} INFO - [2022-06-23 10:47:23,361] {dag.py:2371} INFO - Sync 1 DAGs
[2022-06-23 10:47:23,377] {logging_mixin.py:115} INFO - [2022-06-23 10:47:23,376] {dag.py:2915} INFO - Setting next_dagrun for tutorial_taskflow_api_etl_virtualenv to None, run_after=None
[2022-06-23 10:47:23,416] {processor.py:161} INFO - Processing /home/osboxes/.local/lib/python3.8/site-packages/airflow/example_dags/tutorial_taskflow_api_etl_virtualenv.py took 0.091 seconds
[2022-06-23 10:48:00,018] {processor.py:153} INFO - Started process (PID=39733) to work on /home/osboxes/.local/lib/python3.8/site-packages/airflow/example_dags/tutorial_taskflow_api_etl_virtualenv.py
[2022-06-23 10:48:00,024] {processor.py:641} INFO - Processing file /home/osboxes/.local/lib/python3.8/site-packages/airflow/example_dags/tutorial_taskflow_api_etl_virtualenv.py for tasks to queue
[2022-06-23 10:48:00,025] {logging_mixin.py:115} INFO - [2022-06-23 10:48:00,025] {dagbag.py:507} INFO - Filling up the DagBag from /home/osboxes/.local/lib/python3.8/site-packages/airflow/example_dags/tutorial_taskflow_api_etl_virtualenv.py
[2022-06-23 10:48:00,042] {processor.py:651} INFO - DAG(s) dict_keys(['tutorial_taskflow_api_etl_virtualenv']) retrieved from /home/osboxes/.local/lib/python3.8/site-packages/airflow/example_dags/tutorial_taskflow_api_etl_virtualenv.py
[2022-06-23 10:48:00,094] {logging_mixin.py:115} INFO - [2022-06-23 10:48:00,094] {dag.py:2371} INFO - Sync 1 DAGs
[2022-06-23 10:48:00,121] {logging_mixin.py:115} INFO - [2022-06-23 10:48:00,121] {dag.py:2915} INFO - Setting next_dagrun for tutorial_taskflow_api_etl_virtualenv to None, run_after=None
[2022-06-23 10:48:00,170] {processor.py:161} INFO - Processing /home/osboxes/.local/lib/python3.8/site-packages/airflow/example_dags/tutorial_taskflow_api_etl_virtualenv.py took 0.154 seconds
[2022-06-23 10:48:45,702] {processor.py:153} INFO - Started process (PID=40181) to work on /home/osboxes/.local/lib/python3.8/site-packages/airflow/example_dags/tutorial_taskflow_api_etl_virtualenv.py
[2022-06-23 10:48:46,689] {processor.py:641} INFO - Processing file /home/osboxes/.local/lib/python3.8/site-packages/airflow/example_dags/tutorial_taskflow_api_etl_virtualenv.py for tasks to queue
[2022-06-23 10:48:46,690] {logging_mixin.py:115} INFO - [2022-06-23 10:48:46,690] {dagbag.py:507} INFO - Filling up the DagBag from /home/osboxes/.local/lib/python3.8/site-packages/airflow/example_dags/tutorial_taskflow_api_etl_virtualenv.py
[2022-06-23 10:48:46,914] {processor.py:651} INFO - DAG(s) dict_keys(['tutorial_taskflow_api_etl_virtualenv']) retrieved from /home/osboxes/.local/lib/python3.8/site-packages/airflow/example_dags/tutorial_taskflow_api_etl_virtualenv.py
[2022-06-23 10:48:56,788] {logging_mixin.py:115} INFO - [2022-06-23 10:48:56,788] {dag.py:2371} INFO - Sync 1 DAGs
[2022-06-23 10:48:56,822] {logging_mixin.py:115} INFO - [2022-06-23 10:48:56,822] {dag.py:2915} INFO - Setting next_dagrun for tutorial_taskflow_api_etl_virtualenv to None, run_after=None
[2022-06-23 10:48:57,959] {processor.py:161} INFO - Processing /home/osboxes/.local/lib/python3.8/site-packages/airflow/example_dags/tutorial_taskflow_api_etl_virtualenv.py took 12.303 seconds
[2022-06-23 10:50:00,052] {processor.py:153} INFO - Started process (PID=40731) to work on /home/osboxes/.local/lib/python3.8/site-packages/airflow/example_dags/tutorial_taskflow_api_etl_virtualenv.py
[2022-06-23 10:50:00,243] {processor.py:641} INFO - Processing file /home/osboxes/.local/lib/python3.8/site-packages/airflow/example_dags/tutorial_taskflow_api_etl_virtualenv.py for tasks to queue
[2022-06-23 10:50:00,244] {logging_mixin.py:115} INFO - [2022-06-23 10:50:00,244] {dagbag.py:507} INFO - Filling up the DagBag from /home/osboxes/.local/lib/python3.8/site-packages/airflow/example_dags/tutorial_taskflow_api_etl_virtualenv.py
[2022-06-23 10:50:00,390] {processor.py:651} INFO - DAG(s) dict_keys(['tutorial_taskflow_api_etl_virtualenv']) retrieved from /home/osboxes/.local/lib/python3.8/site-packages/airflow/example_dags/tutorial_taskflow_api_etl_virtualenv.py
[2022-06-23 10:50:00,443] {logging_mixin.py:115} INFO - [2022-06-23 10:50:00,443] {dag.py:2371} INFO - Sync 1 DAGs
[2022-06-23 10:50:00,708] {logging_mixin.py:115} INFO - [2022-06-23 10:50:00,708] {dag.py:2915} INFO - Setting next_dagrun for tutorial_taskflow_api_etl_virtualenv to None, run_after=None
[2022-06-23 10:50:01,010] {processor.py:161} INFO - Processing /home/osboxes/.local/lib/python3.8/site-packages/airflow/example_dags/tutorial_taskflow_api_etl_virtualenv.py took 0.961 seconds
[2022-06-23 10:50:53,132] {processor.py:153} INFO - Started process (PID=41245) to work on /home/osboxes/.local/lib/python3.8/site-packages/airflow/example_dags/tutorial_taskflow_api_etl_virtualenv.py
[2022-06-23 10:50:53,143] {processor.py:641} INFO - Processing file /home/osboxes/.local/lib/python3.8/site-packages/airflow/example_dags/tutorial_taskflow_api_etl_virtualenv.py for tasks to queue
[2022-06-23 10:50:53,144] {logging_mixin.py:115} INFO - [2022-06-23 10:50:53,143] {dagbag.py:507} INFO - Filling up the DagBag from /home/osboxes/.local/lib/python3.8/site-packages/airflow/example_dags/tutorial_taskflow_api_etl_virtualenv.py
[2022-06-23 10:50:53,159] {processor.py:651} INFO - DAG(s) dict_keys(['tutorial_taskflow_api_etl_virtualenv']) retrieved from /home/osboxes/.local/lib/python3.8/site-packages/airflow/example_dags/tutorial_taskflow_api_etl_virtualenv.py
[2022-06-23 10:50:53,175] {logging_mixin.py:115} INFO - [2022-06-23 10:50:53,175] {dag.py:2371} INFO - Sync 1 DAGs
[2022-06-23 10:50:53,192] {logging_mixin.py:115} INFO - [2022-06-23 10:50:53,192] {dag.py:2915} INFO - Setting next_dagrun for tutorial_taskflow_api_etl_virtualenv to None, run_after=None
[2022-06-23 10:50:53,228] {processor.py:161} INFO - Processing /home/osboxes/.local/lib/python3.8/site-packages/airflow/example_dags/tutorial_taskflow_api_etl_virtualenv.py took 0.098 seconds
[2022-06-23 10:51:33,233] {processor.py:153} INFO - Started process (PID=41707) to work on /home/osboxes/.local/lib/python3.8/site-packages/airflow/example_dags/tutorial_taskflow_api_etl_virtualenv.py
[2022-06-23 10:51:33,284] {processor.py:641} INFO - Processing file /home/osboxes/.local/lib/python3.8/site-packages/airflow/example_dags/tutorial_taskflow_api_etl_virtualenv.py for tasks to queue
[2022-06-23 10:51:33,284] {logging_mixin.py:115} INFO - [2022-06-23 10:51:33,284] {dagbag.py:507} INFO - Filling up the DagBag from /home/osboxes/.local/lib/python3.8/site-packages/airflow/example_dags/tutorial_taskflow_api_etl_virtualenv.py
[2022-06-23 10:51:33,304] {processor.py:651} INFO - DAG(s) dict_keys(['tutorial_taskflow_api_etl_virtualenv']) retrieved from /home/osboxes/.local/lib/python3.8/site-packages/airflow/example_dags/tutorial_taskflow_api_etl_virtualenv.py
[2022-06-23 10:51:33,320] {logging_mixin.py:115} INFO - [2022-06-23 10:51:33,320] {dag.py:2371} INFO - Sync 1 DAGs
[2022-06-23 10:51:33,337] {logging_mixin.py:115} INFO - [2022-06-23 10:51:33,335] {dag.py:2915} INFO - Setting next_dagrun for tutorial_taskflow_api_etl_virtualenv to None, run_after=None
[2022-06-23 10:51:33,394] {processor.py:161} INFO - Processing /home/osboxes/.local/lib/python3.8/site-packages/airflow/example_dags/tutorial_taskflow_api_etl_virtualenv.py took 0.163 seconds
[2022-06-23 10:52:12,955] {processor.py:153} INFO - Started process (PID=42038) to work on /home/osboxes/.local/lib/python3.8/site-packages/airflow/example_dags/tutorial_taskflow_api_etl_virtualenv.py
[2022-06-23 10:52:12,961] {processor.py:641} INFO - Processing file /home/osboxes/.local/lib/python3.8/site-packages/airflow/example_dags/tutorial_taskflow_api_etl_virtualenv.py for tasks to queue
[2022-06-23 10:52:12,961] {logging_mixin.py:115} INFO - [2022-06-23 10:52:12,961] {dagbag.py:507} INFO - Filling up the DagBag from /home/osboxes/.local/lib/python3.8/site-packages/airflow/example_dags/tutorial_taskflow_api_etl_virtualenv.py
[2022-06-23 10:52:12,975] {processor.py:651} INFO - DAG(s) dict_keys(['tutorial_taskflow_api_etl_virtualenv']) retrieved from /home/osboxes/.local/lib/python3.8/site-packages/airflow/example_dags/tutorial_taskflow_api_etl_virtualenv.py
[2022-06-23 10:52:12,992] {logging_mixin.py:115} INFO - [2022-06-23 10:52:12,992] {dag.py:2371} INFO - Sync 1 DAGs
[2022-06-23 10:52:13,008] {logging_mixin.py:115} INFO - [2022-06-23 10:52:13,008] {dag.py:2915} INFO - Setting next_dagrun for tutorial_taskflow_api_etl_virtualenv to None, run_after=None
[2022-06-23 10:52:13,048] {processor.py:161} INFO - Processing /home/osboxes/.local/lib/python3.8/site-packages/airflow/example_dags/tutorial_taskflow_api_etl_virtualenv.py took 0.095 seconds
[2022-06-23 10:52:58,415] {processor.py:153} INFO - Started process (PID=42436) to work on /home/osboxes/.local/lib/python3.8/site-packages/airflow/example_dags/tutorial_taskflow_api_etl_virtualenv.py
[2022-06-23 10:52:58,449] {processor.py:641} INFO - Processing file /home/osboxes/.local/lib/python3.8/site-packages/airflow/example_dags/tutorial_taskflow_api_etl_virtualenv.py for tasks to queue
[2022-06-23 10:52:58,450] {logging_mixin.py:115} INFO - [2022-06-23 10:52:58,450] {dagbag.py:507} INFO - Filling up the DagBag from /home/osboxes/.local/lib/python3.8/site-packages/airflow/example_dags/tutorial_taskflow_api_etl_virtualenv.py
[2022-06-23 10:52:58,508] {processor.py:651} INFO - DAG(s) dict_keys(['tutorial_taskflow_api_etl_virtualenv']) retrieved from /home/osboxes/.local/lib/python3.8/site-packages/airflow/example_dags/tutorial_taskflow_api_etl_virtualenv.py
[2022-06-23 10:52:58,662] {logging_mixin.py:115} INFO - [2022-06-23 10:52:58,662] {dag.py:2371} INFO - Sync 1 DAGs
[2022-06-23 10:52:58,695] {logging_mixin.py:115} INFO - [2022-06-23 10:52:58,695] {dag.py:2915} INFO - Setting next_dagrun for tutorial_taskflow_api_etl_virtualenv to None, run_after=None
[2022-06-23 10:52:58,885] {processor.py:161} INFO - Processing /home/osboxes/.local/lib/python3.8/site-packages/airflow/example_dags/tutorial_taskflow_api_etl_virtualenv.py took 0.472 seconds
[2022-06-23 10:54:03,044] {processor.py:153} INFO - Started process (PID=42900) to work on /home/osboxes/.local/lib/python3.8/site-packages/airflow/example_dags/tutorial_taskflow_api_etl_virtualenv.py
[2022-06-23 10:54:03,083] {processor.py:641} INFO - Processing file /home/osboxes/.local/lib/python3.8/site-packages/airflow/example_dags/tutorial_taskflow_api_etl_virtualenv.py for tasks to queue
[2022-06-23 10:54:03,083] {logging_mixin.py:115} INFO - [2022-06-23 10:54:03,083] {dagbag.py:507} INFO - Filling up the DagBag from /home/osboxes/.local/lib/python3.8/site-packages/airflow/example_dags/tutorial_taskflow_api_etl_virtualenv.py
[2022-06-23 10:54:03,098] {processor.py:651} INFO - DAG(s) dict_keys(['tutorial_taskflow_api_etl_virtualenv']) retrieved from /home/osboxes/.local/lib/python3.8/site-packages/airflow/example_dags/tutorial_taskflow_api_etl_virtualenv.py
[2022-06-23 10:54:03,339] {logging_mixin.py:115} INFO - [2022-06-23 10:54:03,339] {dag.py:2371} INFO - Sync 1 DAGs
[2022-06-23 10:54:03,362] {logging_mixin.py:115} INFO - [2022-06-23 10:54:03,362] {dag.py:2915} INFO - Setting next_dagrun for tutorial_taskflow_api_etl_virtualenv to None, run_after=None
[2022-06-23 10:54:04,918] {processor.py:161} INFO - Processing /home/osboxes/.local/lib/python3.8/site-packages/airflow/example_dags/tutorial_taskflow_api_etl_virtualenv.py took 1.963 seconds
[2022-06-23 10:55:26,708] {processor.py:153} INFO - Started process (PID=43557) to work on /home/osboxes/.local/lib/python3.8/site-packages/airflow/example_dags/tutorial_taskflow_api_etl_virtualenv.py
[2022-06-23 10:55:26,710] {processor.py:641} INFO - Processing file /home/osboxes/.local/lib/python3.8/site-packages/airflow/example_dags/tutorial_taskflow_api_etl_virtualenv.py for tasks to queue
[2022-06-23 10:55:26,711] {logging_mixin.py:115} INFO - [2022-06-23 10:55:26,711] {dagbag.py:507} INFO - Filling up the DagBag from /home/osboxes/.local/lib/python3.8/site-packages/airflow/example_dags/tutorial_taskflow_api_etl_virtualenv.py
[2022-06-23 10:55:26,735] {processor.py:651} INFO - DAG(s) dict_keys(['tutorial_taskflow_api_etl_virtualenv']) retrieved from /home/osboxes/.local/lib/python3.8/site-packages/airflow/example_dags/tutorial_taskflow_api_etl_virtualenv.py
[2022-06-23 10:55:26,753] {logging_mixin.py:115} INFO - [2022-06-23 10:55:26,752] {dag.py:2371} INFO - Sync 1 DAGs
[2022-06-23 10:55:26,778] {logging_mixin.py:115} INFO - [2022-06-23 10:55:26,777] {dag.py:2915} INFO - Setting next_dagrun for tutorial_taskflow_api_etl_virtualenv to None, run_after=None
[2022-06-23 10:55:26,823] {processor.py:161} INFO - Processing /home/osboxes/.local/lib/python3.8/site-packages/airflow/example_dags/tutorial_taskflow_api_etl_virtualenv.py took 0.118 seconds
[2022-06-23 10:56:07,211] {processor.py:153} INFO - Started process (PID=43938) to work on /home/osboxes/.local/lib/python3.8/site-packages/airflow/example_dags/tutorial_taskflow_api_etl_virtualenv.py
[2022-06-23 10:56:07,224] {processor.py:641} INFO - Processing file /home/osboxes/.local/lib/python3.8/site-packages/airflow/example_dags/tutorial_taskflow_api_etl_virtualenv.py for tasks to queue
[2022-06-23 10:56:07,224] {logging_mixin.py:115} INFO - [2022-06-23 10:56:07,224] {dagbag.py:507} INFO - Filling up the DagBag from /home/osboxes/.local/lib/python3.8/site-packages/airflow/example_dags/tutorial_taskflow_api_etl_virtualenv.py
[2022-06-23 10:56:07,243] {processor.py:651} INFO - DAG(s) dict_keys(['tutorial_taskflow_api_etl_virtualenv']) retrieved from /home/osboxes/.local/lib/python3.8/site-packages/airflow/example_dags/tutorial_taskflow_api_etl_virtualenv.py
[2022-06-23 10:56:07,261] {logging_mixin.py:115} INFO - [2022-06-23 10:56:07,261] {dag.py:2371} INFO - Sync 1 DAGs
[2022-06-23 10:56:07,280] {logging_mixin.py:115} INFO - [2022-06-23 10:56:07,279] {dag.py:2915} INFO - Setting next_dagrun for tutorial_taskflow_api_etl_virtualenv to None, run_after=None
[2022-06-23 10:56:07,317] {processor.py:161} INFO - Processing /home/osboxes/.local/lib/python3.8/site-packages/airflow/example_dags/tutorial_taskflow_api_etl_virtualenv.py took 0.108 seconds
[2022-06-23 10:56:45,862] {processor.py:153} INFO - Started process (PID=44265) to work on /home/osboxes/.local/lib/python3.8/site-packages/airflow/example_dags/tutorial_taskflow_api_etl_virtualenv.py
[2022-06-23 10:56:45,864] {processor.py:641} INFO - Processing file /home/osboxes/.local/lib/python3.8/site-packages/airflow/example_dags/tutorial_taskflow_api_etl_virtualenv.py for tasks to queue
[2022-06-23 10:56:45,864] {logging_mixin.py:115} INFO - [2022-06-23 10:56:45,864] {dagbag.py:507} INFO - Filling up the DagBag from /home/osboxes/.local/lib/python3.8/site-packages/airflow/example_dags/tutorial_taskflow_api_etl_virtualenv.py
[2022-06-23 10:56:45,887] {processor.py:651} INFO - DAG(s) dict_keys(['tutorial_taskflow_api_etl_virtualenv']) retrieved from /home/osboxes/.local/lib/python3.8/site-packages/airflow/example_dags/tutorial_taskflow_api_etl_virtualenv.py
[2022-06-23 10:56:45,906] {logging_mixin.py:115} INFO - [2022-06-23 10:56:45,906] {dag.py:2371} INFO - Sync 1 DAGs
[2022-06-23 10:56:45,924] {logging_mixin.py:115} INFO - [2022-06-23 10:56:45,924] {dag.py:2915} INFO - Setting next_dagrun for tutorial_taskflow_api_etl_virtualenv to None, run_after=None
[2022-06-23 10:56:45,960] {processor.py:161} INFO - Processing /home/osboxes/.local/lib/python3.8/site-packages/airflow/example_dags/tutorial_taskflow_api_etl_virtualenv.py took 0.101 seconds
[2022-06-23 10:57:30,620] {processor.py:153} INFO - Started process (PID=44637) to work on /home/osboxes/.local/lib/python3.8/site-packages/airflow/example_dags/tutorial_taskflow_api_etl_virtualenv.py
[2022-06-23 10:57:30,731] {processor.py:641} INFO - Processing file /home/osboxes/.local/lib/python3.8/site-packages/airflow/example_dags/tutorial_taskflow_api_etl_virtualenv.py for tasks to queue
[2022-06-23 10:57:30,735] {logging_mixin.py:115} INFO - [2022-06-23 10:57:30,735] {dagbag.py:507} INFO - Filling up the DagBag from /home/osboxes/.local/lib/python3.8/site-packages/airflow/example_dags/tutorial_taskflow_api_etl_virtualenv.py
[2022-06-23 10:57:30,774] {processor.py:651} INFO - DAG(s) dict_keys(['tutorial_taskflow_api_etl_virtualenv']) retrieved from /home/osboxes/.local/lib/python3.8/site-packages/airflow/example_dags/tutorial_taskflow_api_etl_virtualenv.py
[2022-06-23 10:57:30,822] {logging_mixin.py:115} INFO - [2022-06-23 10:57:30,822] {dag.py:2371} INFO - Sync 1 DAGs
[2022-06-23 10:57:30,840] {logging_mixin.py:115} INFO - [2022-06-23 10:57:30,840] {dag.py:2915} INFO - Setting next_dagrun for tutorial_taskflow_api_etl_virtualenv to None, run_after=None
[2022-06-23 10:57:30,879] {processor.py:161} INFO - Processing /home/osboxes/.local/lib/python3.8/site-packages/airflow/example_dags/tutorial_taskflow_api_etl_virtualenv.py took 0.261 seconds
[2022-06-23 10:58:11,978] {processor.py:153} INFO - Started process (PID=45076) to work on /home/osboxes/.local/lib/python3.8/site-packages/airflow/example_dags/tutorial_taskflow_api_etl_virtualenv.py
[2022-06-23 10:58:11,979] {processor.py:641} INFO - Processing file /home/osboxes/.local/lib/python3.8/site-packages/airflow/example_dags/tutorial_taskflow_api_etl_virtualenv.py for tasks to queue
[2022-06-23 10:58:11,980] {logging_mixin.py:115} INFO - [2022-06-23 10:58:11,980] {dagbag.py:507} INFO - Filling up the DagBag from /home/osboxes/.local/lib/python3.8/site-packages/airflow/example_dags/tutorial_taskflow_api_etl_virtualenv.py
[2022-06-23 10:58:11,993] {processor.py:651} INFO - DAG(s) dict_keys(['tutorial_taskflow_api_etl_virtualenv']) retrieved from /home/osboxes/.local/lib/python3.8/site-packages/airflow/example_dags/tutorial_taskflow_api_etl_virtualenv.py
[2022-06-23 10:58:12,073] {logging_mixin.py:115} INFO - [2022-06-23 10:58:12,073] {dag.py:2371} INFO - Sync 1 DAGs
[2022-06-23 10:58:12,121] {logging_mixin.py:115} INFO - [2022-06-23 10:58:12,121] {dag.py:2915} INFO - Setting next_dagrun for tutorial_taskflow_api_etl_virtualenv to None, run_after=None
[2022-06-23 10:58:12,162] {processor.py:161} INFO - Processing /home/osboxes/.local/lib/python3.8/site-packages/airflow/example_dags/tutorial_taskflow_api_etl_virtualenv.py took 0.187 seconds
[2022-06-23 10:59:00,406] {processor.py:153} INFO - Started process (PID=45619) to work on /home/osboxes/.local/lib/python3.8/site-packages/airflow/example_dags/tutorial_taskflow_api_etl_virtualenv.py
[2022-06-23 10:59:00,410] {processor.py:641} INFO - Processing file /home/osboxes/.local/lib/python3.8/site-packages/airflow/example_dags/tutorial_taskflow_api_etl_virtualenv.py for tasks to queue
[2022-06-23 10:59:00,411] {logging_mixin.py:115} INFO - [2022-06-23 10:59:00,411] {dagbag.py:507} INFO - Filling up the DagBag from /home/osboxes/.local/lib/python3.8/site-packages/airflow/example_dags/tutorial_taskflow_api_etl_virtualenv.py
[2022-06-23 10:59:00,424] {processor.py:651} INFO - DAG(s) dict_keys(['tutorial_taskflow_api_etl_virtualenv']) retrieved from /home/osboxes/.local/lib/python3.8/site-packages/airflow/example_dags/tutorial_taskflow_api_etl_virtualenv.py
[2022-06-23 10:59:00,465] {logging_mixin.py:115} INFO - [2022-06-23 10:59:00,465] {dag.py:2371} INFO - Sync 1 DAGs
[2022-06-23 10:59:00,480] {logging_mixin.py:115} INFO - [2022-06-23 10:59:00,480] {dag.py:2915} INFO - Setting next_dagrun for tutorial_taskflow_api_etl_virtualenv to None, run_after=None
[2022-06-23 10:59:00,512] {processor.py:161} INFO - Processing /home/osboxes/.local/lib/python3.8/site-packages/airflow/example_dags/tutorial_taskflow_api_etl_virtualenv.py took 0.108 seconds
