[2022-08-24 00:01:56,304] {taskinstance.py:1159} INFO - Dependencies all met for <TaskInstance: nse_daily_data_load.nse_download_files scheduled__2022-08-22T13:37:00+00:00 [queued]>
[2022-08-24 00:01:56,910] {taskinstance.py:1159} INFO - Dependencies all met for <TaskInstance: nse_daily_data_load.nse_download_files scheduled__2022-08-22T13:37:00+00:00 [queued]>
[2022-08-24 00:01:56,923] {taskinstance.py:1356} INFO - 
--------------------------------------------------------------------------------
[2022-08-24 00:01:56,924] {taskinstance.py:1357} INFO - Starting attempt 1 of 1
[2022-08-24 00:01:56,924] {taskinstance.py:1358} INFO - 
--------------------------------------------------------------------------------
[2022-08-24 00:01:57,151] {taskinstance.py:1377} INFO - Executing <Task(PythonOperator): nse_download_files> on 2022-08-22 13:37:00+00:00
[2022-08-24 00:01:57,212] {standard_task_runner.py:52} INFO - Started process 12919 to run task
[2022-08-24 00:01:57,350] {standard_task_runner.py:79} INFO - Running: ['airflow', 'tasks', 'run', 'nse_daily_data_load', 'nse_download_files', 'scheduled__2022-08-22T13:37:00+00:00', '--job-id', '374', '--raw', '--subdir', 'DAGS_FOLDER/nse_daily_load_stg.py', '--cfg-path', '/tmp/tmpj8g1netj', '--error-file', '/tmp/tmpo6c31035']
[2022-08-24 00:01:57,372] {standard_task_runner.py:80} INFO - Job 374: Subtask nse_download_files
[2022-08-24 00:01:58,961] {task_command.py:369} INFO - Running <TaskInstance: nse_daily_data_load.nse_download_files scheduled__2022-08-22T13:37:00+00:00 [running]> on host osboxes
[2022-08-24 00:02:00,201] {taskinstance.py:1569} INFO - Exporting the following env vars:
AIRFLOW_CTX_DAG_OWNER=Airflow
AIRFLOW_CTX_DAG_ID=nse_daily_data_load
AIRFLOW_CTX_TASK_ID=nse_download_files
AIRFLOW_CTX_EXECUTION_DATE=2022-08-22T13:37:00+00:00
AIRFLOW_CTX_TRY_NUMBER=1
AIRFLOW_CTX_DAG_RUN_ID=scheduled__2022-08-22T13:37:00+00:00
[2022-08-24 00:02:00,203] {logging_mixin.py:115} INFO - 
cm25JUL2022bhav
[2022-08-24 00:02:00,203] {logging_mixin.py:115} INFO - enter try in loop
[2022-08-24 00:02:00,203] {logging_mixin.py:115} INFO - https://www1.nseindia.com/content/historical/EQUITIES/2022/JUL/cm25JUL2022bhav.csv.zip
[2022-08-24 00:02:01,354] {logging_mixin.py:115} INFO - https://www1.nseindia.com/content/historical/EQUITIES/2022/JUL/cm25JUL2022bhav.csv.zip
[2022-08-24 00:02:01,354] {logging_mixin.py:115} INFO - 
cm26JUL2022bhav
[2022-08-24 00:02:01,355] {logging_mixin.py:115} INFO - enter try in loop
[2022-08-24 00:02:01,355] {logging_mixin.py:115} INFO - https://www1.nseindia.com/content/historical/EQUITIES/2022/JUL/cm26JUL2022bhav.csv.zip
[2022-08-24 00:02:02,169] {logging_mixin.py:115} INFO - https://www1.nseindia.com/content/historical/EQUITIES/2022/JUL/cm26JUL2022bhav.csv.zip
[2022-08-24 00:02:02,169] {logging_mixin.py:115} INFO - 
cm27JUL2022bhav
[2022-08-24 00:02:02,169] {logging_mixin.py:115} INFO - enter try in loop
[2022-08-24 00:02:02,169] {logging_mixin.py:115} INFO - https://www1.nseindia.com/content/historical/EQUITIES/2022/JUL/cm27JUL2022bhav.csv.zip
[2022-08-24 00:02:02,834] {logging_mixin.py:115} INFO - https://www1.nseindia.com/content/historical/EQUITIES/2022/JUL/cm27JUL2022bhav.csv.zip
[2022-08-24 00:02:02,834] {logging_mixin.py:115} INFO - 
cm28JUL2022bhav
[2022-08-24 00:02:02,834] {logging_mixin.py:115} INFO - enter try in loop
[2022-08-24 00:02:02,834] {logging_mixin.py:115} INFO - https://www1.nseindia.com/content/historical/EQUITIES/2022/JUL/cm28JUL2022bhav.csv.zip
[2022-08-24 00:02:03,629] {logging_mixin.py:115} INFO - https://www1.nseindia.com/content/historical/EQUITIES/2022/JUL/cm28JUL2022bhav.csv.zip
[2022-08-24 00:02:03,629] {logging_mixin.py:115} INFO - 
cm29JUL2022bhav
[2022-08-24 00:02:03,629] {logging_mixin.py:115} INFO - enter try in loop
[2022-08-24 00:02:03,629] {logging_mixin.py:115} INFO - https://www1.nseindia.com/content/historical/EQUITIES/2022/JUL/cm29JUL2022bhav.csv.zip
[2022-08-24 00:02:04,385] {logging_mixin.py:115} INFO - https://www1.nseindia.com/content/historical/EQUITIES/2022/JUL/cm29JUL2022bhav.csv.zip
[2022-08-24 00:02:04,392] {logging_mixin.py:115} INFO - 
cm30JUL2022bhav
[2022-08-24 00:02:04,392] {logging_mixin.py:115} INFO - enter try in loop
[2022-08-24 00:02:04,392] {logging_mixin.py:115} INFO - https://www1.nseindia.com/content/historical/EQUITIES/2022/JUL/cm30JUL2022bhav.csv.zip
[2022-08-24 00:02:04,937] {logging_mixin.py:115} INFO - issue occured
[2022-08-24 00:02:04,944] {logging_mixin.py:115} INFO - 
cm01AUG2022bhav
[2022-08-24 00:02:04,944] {logging_mixin.py:115} INFO - enter try in loop
[2022-08-24 00:02:04,944] {logging_mixin.py:115} INFO - https://www1.nseindia.com/content/historical/EQUITIES/2022/AUG/cm01AUG2022bhav.csv.zip
[2022-08-24 00:02:05,585] {logging_mixin.py:115} INFO - https://www1.nseindia.com/content/historical/EQUITIES/2022/AUG/cm01AUG2022bhav.csv.zip
[2022-08-24 00:02:05,585] {logging_mixin.py:115} INFO - 
cm02AUG2022bhav
[2022-08-24 00:02:05,585] {logging_mixin.py:115} INFO - enter try in loop
[2022-08-24 00:02:05,585] {logging_mixin.py:115} INFO - https://www1.nseindia.com/content/historical/EQUITIES/2022/AUG/cm02AUG2022bhav.csv.zip
[2022-08-24 00:02:06,425] {logging_mixin.py:115} INFO - https://www1.nseindia.com/content/historical/EQUITIES/2022/AUG/cm02AUG2022bhav.csv.zip
[2022-08-24 00:02:06,426] {logging_mixin.py:115} INFO - 
cm03AUG2022bhav
[2022-08-24 00:02:06,426] {logging_mixin.py:115} INFO - enter try in loop
[2022-08-24 00:02:06,426] {logging_mixin.py:115} INFO - https://www1.nseindia.com/content/historical/EQUITIES/2022/AUG/cm03AUG2022bhav.csv.zip
[2022-08-24 00:02:07,112] {logging_mixin.py:115} INFO - https://www1.nseindia.com/content/historical/EQUITIES/2022/AUG/cm03AUG2022bhav.csv.zip
[2022-08-24 00:02:07,112] {logging_mixin.py:115} INFO - 
cm04AUG2022bhav
[2022-08-24 00:02:07,113] {logging_mixin.py:115} INFO - enter try in loop
[2022-08-24 00:02:07,113] {logging_mixin.py:115} INFO - https://www1.nseindia.com/content/historical/EQUITIES/2022/AUG/cm04AUG2022bhav.csv.zip
[2022-08-24 00:02:07,714] {logging_mixin.py:115} INFO - https://www1.nseindia.com/content/historical/EQUITIES/2022/AUG/cm04AUG2022bhav.csv.zip
[2022-08-24 00:02:07,714] {logging_mixin.py:115} INFO - 
cm05AUG2022bhav
[2022-08-24 00:02:07,714] {logging_mixin.py:115} INFO - enter try in loop
[2022-08-24 00:02:07,714] {logging_mixin.py:115} INFO - https://www1.nseindia.com/content/historical/EQUITIES/2022/AUG/cm05AUG2022bhav.csv.zip
[2022-08-24 00:02:08,319] {logging_mixin.py:115} INFO - https://www1.nseindia.com/content/historical/EQUITIES/2022/AUG/cm05AUG2022bhav.csv.zip
[2022-08-24 00:02:08,319] {logging_mixin.py:115} INFO - 
cm06AUG2022bhav
[2022-08-24 00:02:08,319] {logging_mixin.py:115} INFO - enter try in loop
[2022-08-24 00:02:08,319] {logging_mixin.py:115} INFO - https://www1.nseindia.com/content/historical/EQUITIES/2022/AUG/cm06AUG2022bhav.csv.zip
[2022-08-24 00:02:08,880] {logging_mixin.py:115} INFO - issue occured
[2022-08-24 00:02:08,881] {logging_mixin.py:115} INFO - 
cm07AUG2022bhav
[2022-08-24 00:02:08,881] {logging_mixin.py:115} INFO - enter try in loop
[2022-08-24 00:02:08,881] {logging_mixin.py:115} INFO - https://www1.nseindia.com/content/historical/EQUITIES/2022/AUG/cm07AUG2022bhav.csv.zip
[2022-08-24 00:02:09,416] {logging_mixin.py:115} INFO - issue occured
[2022-08-24 00:02:09,417] {logging_mixin.py:115} INFO - 
cm08AUG2022bhav
[2022-08-24 00:02:09,417] {logging_mixin.py:115} INFO - enter try in loop
[2022-08-24 00:02:09,417] {logging_mixin.py:115} INFO - https://www1.nseindia.com/content/historical/EQUITIES/2022/AUG/cm08AUG2022bhav.csv.zip
[2022-08-24 00:02:09,984] {logging_mixin.py:115} INFO - https://www1.nseindia.com/content/historical/EQUITIES/2022/AUG/cm08AUG2022bhav.csv.zip
[2022-08-24 00:02:09,984] {logging_mixin.py:115} INFO - 
cm09AUG2022bhav
[2022-08-24 00:02:09,984] {logging_mixin.py:115} INFO - enter try in loop
[2022-08-24 00:02:09,984] {logging_mixin.py:115} INFO - https://www1.nseindia.com/content/historical/EQUITIES/2022/AUG/cm09AUG2022bhav.csv.zip
[2022-08-24 00:02:10,208] {logging_mixin.py:115} INFO - issue occured
[2022-08-24 00:02:10,209] {logging_mixin.py:115} INFO - 
cm10AUG2022bhav
[2022-08-24 00:02:10,209] {logging_mixin.py:115} INFO - enter try in loop
[2022-08-24 00:02:10,209] {logging_mixin.py:115} INFO - https://www1.nseindia.com/content/historical/EQUITIES/2022/AUG/cm10AUG2022bhav.csv.zip
[2022-08-24 00:02:10,856] {logging_mixin.py:115} INFO - https://www1.nseindia.com/content/historical/EQUITIES/2022/AUG/cm10AUG2022bhav.csv.zip
[2022-08-24 00:02:10,857] {logging_mixin.py:115} INFO - 
cm11AUG2022bhav
[2022-08-24 00:02:10,857] {logging_mixin.py:115} INFO - enter try in loop
[2022-08-24 00:02:10,857] {logging_mixin.py:115} INFO - https://www1.nseindia.com/content/historical/EQUITIES/2022/AUG/cm11AUG2022bhav.csv.zip
[2022-08-24 00:02:11,552] {logging_mixin.py:115} INFO - https://www1.nseindia.com/content/historical/EQUITIES/2022/AUG/cm11AUG2022bhav.csv.zip
[2022-08-24 00:02:11,552] {logging_mixin.py:115} INFO - 
cm12AUG2022bhav
[2022-08-24 00:02:11,552] {logging_mixin.py:115} INFO - enter try in loop
[2022-08-24 00:02:11,553] {logging_mixin.py:115} INFO - https://www1.nseindia.com/content/historical/EQUITIES/2022/AUG/cm12AUG2022bhav.csv.zip
[2022-08-24 00:02:12,082] {logging_mixin.py:115} INFO - https://www1.nseindia.com/content/historical/EQUITIES/2022/AUG/cm12AUG2022bhav.csv.zip
[2022-08-24 00:02:12,082] {logging_mixin.py:115} INFO - 
cm13AUG2022bhav
[2022-08-24 00:02:12,082] {logging_mixin.py:115} INFO - enter try in loop
[2022-08-24 00:02:12,082] {logging_mixin.py:115} INFO - https://www1.nseindia.com/content/historical/EQUITIES/2022/AUG/cm13AUG2022bhav.csv.zip
[2022-08-24 00:02:12,642] {logging_mixin.py:115} INFO - issue occured
[2022-08-24 00:02:12,643] {logging_mixin.py:115} INFO - 
cm14AUG2022bhav
[2022-08-24 00:02:12,643] {logging_mixin.py:115} INFO - enter try in loop
[2022-08-24 00:02:12,643] {logging_mixin.py:115} INFO - https://www1.nseindia.com/content/historical/EQUITIES/2022/AUG/cm14AUG2022bhav.csv.zip
[2022-08-24 00:02:13,185] {logging_mixin.py:115} INFO - issue occured
[2022-08-24 00:02:13,186] {logging_mixin.py:115} INFO - 
cm15AUG2022bhav
[2022-08-24 00:02:13,186] {logging_mixin.py:115} INFO - enter try in loop
[2022-08-24 00:02:13,186] {logging_mixin.py:115} INFO - https://www1.nseindia.com/content/historical/EQUITIES/2022/AUG/cm15AUG2022bhav.csv.zip
[2022-08-24 00:02:13,442] {logging_mixin.py:115} INFO - issue occured
[2022-08-24 00:02:13,444] {logging_mixin.py:115} INFO - 
cm16AUG2022bhav
[2022-08-24 00:02:13,444] {logging_mixin.py:115} INFO - enter try in loop
[2022-08-24 00:02:13,444] {logging_mixin.py:115} INFO - https://www1.nseindia.com/content/historical/EQUITIES/2022/AUG/cm16AUG2022bhav.csv.zip
[2022-08-24 00:02:14,127] {logging_mixin.py:115} INFO - https://www1.nseindia.com/content/historical/EQUITIES/2022/AUG/cm16AUG2022bhav.csv.zip
[2022-08-24 00:02:14,127] {logging_mixin.py:115} INFO - 
cm17AUG2022bhav
[2022-08-24 00:02:14,127] {logging_mixin.py:115} INFO - enter try in loop
[2022-08-24 00:02:14,127] {logging_mixin.py:115} INFO - https://www1.nseindia.com/content/historical/EQUITIES/2022/AUG/cm17AUG2022bhav.csv.zip
[2022-08-24 00:02:14,818] {logging_mixin.py:115} INFO - https://www1.nseindia.com/content/historical/EQUITIES/2022/AUG/cm17AUG2022bhav.csv.zip
[2022-08-24 00:02:14,818] {logging_mixin.py:115} INFO - 
cm18AUG2022bhav
[2022-08-24 00:02:14,818] {logging_mixin.py:115} INFO - enter try in loop
[2022-08-24 00:02:14,818] {logging_mixin.py:115} INFO - https://www1.nseindia.com/content/historical/EQUITIES/2022/AUG/cm18AUG2022bhav.csv.zip
[2022-08-24 00:02:15,552] {logging_mixin.py:115} INFO - https://www1.nseindia.com/content/historical/EQUITIES/2022/AUG/cm18AUG2022bhav.csv.zip
[2022-08-24 00:02:15,553] {logging_mixin.py:115} INFO - 
cm19AUG2022bhav
[2022-08-24 00:02:15,553] {logging_mixin.py:115} INFO - enter try in loop
[2022-08-24 00:02:15,553] {logging_mixin.py:115} INFO - https://www1.nseindia.com/content/historical/EQUITIES/2022/AUG/cm19AUG2022bhav.csv.zip
[2022-08-24 00:02:16,162] {logging_mixin.py:115} INFO - https://www1.nseindia.com/content/historical/EQUITIES/2022/AUG/cm19AUG2022bhav.csv.zip
[2022-08-24 00:02:16,162] {logging_mixin.py:115} INFO - 
cm20AUG2022bhav
[2022-08-24 00:02:16,163] {logging_mixin.py:115} INFO - enter try in loop
[2022-08-24 00:02:16,163] {logging_mixin.py:115} INFO - https://www1.nseindia.com/content/historical/EQUITIES/2022/AUG/cm20AUG2022bhav.csv.zip
[2022-08-24 00:02:16,728] {logging_mixin.py:115} INFO - issue occured
[2022-08-24 00:02:16,729] {logging_mixin.py:115} INFO - 
cm21AUG2022bhav
[2022-08-24 00:02:16,730] {logging_mixin.py:115} INFO - enter try in loop
[2022-08-24 00:02:16,730] {logging_mixin.py:115} INFO - https://www1.nseindia.com/content/historical/EQUITIES/2022/AUG/cm21AUG2022bhav.csv.zip
[2022-08-24 00:02:17,265] {logging_mixin.py:115} INFO - issue occured
[2022-08-24 00:02:17,265] {logging_mixin.py:115} INFO - 
cm22AUG2022bhav
[2022-08-24 00:02:17,266] {logging_mixin.py:115} INFO - enter try in loop
[2022-08-24 00:02:17,266] {logging_mixin.py:115} INFO - https://www1.nseindia.com/content/historical/EQUITIES/2022/AUG/cm22AUG2022bhav.csv.zip
[2022-08-24 00:02:17,898] {logging_mixin.py:115} INFO - https://www1.nseindia.com/content/historical/EQUITIES/2022/AUG/cm22AUG2022bhav.csv.zip
[2022-08-24 00:02:18,033] {logging_mixin.py:115} INFO - 
cm23AUG2022bhav
[2022-08-24 00:02:18,033] {logging_mixin.py:115} INFO - enter try in loop
[2022-08-24 00:02:18,033] {logging_mixin.py:115} INFO - https://www1.nseindia.com/content/historical/EQUITIES/2022/AUG/cm23AUG2022bhav.csv.zip
[2022-08-24 00:02:18,883] {logging_mixin.py:115} INFO - https://www1.nseindia.com/content/historical/EQUITIES/2022/AUG/cm23AUG2022bhav.csv.zip
[2022-08-24 00:02:18,883] {logging_mixin.py:115} INFO - 
cm24AUG2022bhav
[2022-08-24 00:02:18,883] {logging_mixin.py:115} INFO - enter try in loop
[2022-08-24 00:02:18,884] {logging_mixin.py:115} INFO - https://www1.nseindia.com/content/historical/EQUITIES/2022/AUG/cm24AUG2022bhav.csv.zip
[2022-08-24 00:02:19,470] {logging_mixin.py:115} INFO - issue occured
[2022-08-24 00:02:19,474] {logging_mixin.py:115} INFO - ['cm25JUL2022bhav.csv.zip', 'cm26JUL2022bhav.csv.zip', 'cm27JUL2022bhav.csv.zip', 'cm28JUL2022bhav.csv.zip', 'cm29JUL2022bhav.csv.zip', 'cm01AUG2022bhav.csv.zip', 'cm02AUG2022bhav.csv.zip', 'cm03AUG2022bhav.csv.zip', 'cm04AUG2022bhav.csv.zip', 'cm05AUG2022bhav.csv.zip', 'cm08AUG2022bhav.csv.zip', 'cm10AUG2022bhav.csv.zip', 'cm11AUG2022bhav.csv.zip', 'cm12AUG2022bhav.csv.zip', 'cm16AUG2022bhav.csv.zip', 'cm17AUG2022bhav.csv.zip', 'cm18AUG2022bhav.csv.zip', 'cm19AUG2022bhav.csv.zip', 'cm22AUG2022bhav.csv.zip', 'cm23AUG2022bhav.csv.zip']
[2022-08-24 00:02:19,474] {logging_mixin.py:115} INFO - cm25JUL2022bhav.csv.zip
[2022-08-24 00:02:19,560] {logging_mixin.py:115} INFO - cm26JUL2022bhav.csv.zip
[2022-08-24 00:02:19,621] {logging_mixin.py:115} INFO - cm27JUL2022bhav.csv.zip
[2022-08-24 00:02:19,696] {logging_mixin.py:115} INFO - cm28JUL2022bhav.csv.zip
[2022-08-24 00:02:19,756] {logging_mixin.py:115} INFO - cm29JUL2022bhav.csv.zip
[2022-08-24 00:02:19,809] {logging_mixin.py:115} INFO - cm01AUG2022bhav.csv.zip
[2022-08-24 00:02:19,872] {logging_mixin.py:115} INFO - cm02AUG2022bhav.csv.zip
[2022-08-24 00:02:19,919] {logging_mixin.py:115} INFO - cm03AUG2022bhav.csv.zip
[2022-08-24 00:02:19,978] {logging_mixin.py:115} INFO - cm04AUG2022bhav.csv.zip
[2022-08-24 00:02:20,025] {logging_mixin.py:115} INFO - cm05AUG2022bhav.csv.zip
[2022-08-24 00:02:20,081] {logging_mixin.py:115} INFO - cm08AUG2022bhav.csv.zip
[2022-08-24 00:02:20,127] {logging_mixin.py:115} INFO - cm10AUG2022bhav.csv.zip
[2022-08-24 00:02:20,188] {logging_mixin.py:115} INFO - cm11AUG2022bhav.csv.zip
[2022-08-24 00:02:20,242] {logging_mixin.py:115} INFO - cm12AUG2022bhav.csv.zip
[2022-08-24 00:02:20,281] {logging_mixin.py:115} INFO - cm16AUG2022bhav.csv.zip
[2022-08-24 00:02:20,322] {logging_mixin.py:115} INFO - cm17AUG2022bhav.csv.zip
[2022-08-24 00:02:20,368] {logging_mixin.py:115} INFO - cm18AUG2022bhav.csv.zip
[2022-08-24 00:02:20,439] {logging_mixin.py:115} INFO - cm19AUG2022bhav.csv.zip
[2022-08-24 00:02:20,519] {logging_mixin.py:115} INFO - cm22AUG2022bhav.csv.zip
[2022-08-24 00:02:20,591] {logging_mixin.py:115} INFO - cm23AUG2022bhav.csv.zip
[2022-08-24 00:02:20,621] {python.py:173} INFO - Done. Returned value was: None
[2022-08-24 00:02:20,638] {taskinstance.py:1395} INFO - Marking task as SUCCESS. dag_id=nse_daily_data_load, task_id=nse_download_files, execution_date=20220822T133700, start_date=20220824T040156, end_date=20220824T040220
[2022-08-24 00:02:20,973] {local_task_job.py:156} INFO - Task exited with return code 0
[2022-08-24 00:02:21,349] {local_task_job.py:273} INFO - 1 downstream tasks scheduled from follow-on schedule check
