[2022-08-11 21:49:01,491] {taskinstance.py:1159} INFO - Dependencies all met for <TaskInstance: nse_daily_data_load.nse_download_files scheduled__2022-08-09T13:37:00+00:00 [queued]>
[2022-08-11 21:49:01,502] {taskinstance.py:1159} INFO - Dependencies all met for <TaskInstance: nse_daily_data_load.nse_download_files scheduled__2022-08-09T13:37:00+00:00 [queued]>
[2022-08-11 21:49:01,502] {taskinstance.py:1356} INFO - 
--------------------------------------------------------------------------------
[2022-08-11 21:49:01,502] {taskinstance.py:1357} INFO - Starting attempt 1 of 1
[2022-08-11 21:49:01,502] {taskinstance.py:1358} INFO - 
--------------------------------------------------------------------------------
[2022-08-11 21:49:01,541] {taskinstance.py:1377} INFO - Executing <Task(PythonOperator): nse_download_files> on 2022-08-09 13:37:00+00:00
[2022-08-11 21:49:01,547] {standard_task_runner.py:52} INFO - Started process 5894 to run task
[2022-08-11 21:49:01,589] {standard_task_runner.py:79} INFO - Running: ['airflow', 'tasks', 'run', 'nse_daily_data_load', 'nse_download_files', 'scheduled__2022-08-09T13:37:00+00:00', '--job-id', '226', '--raw', '--subdir', 'DAGS_FOLDER/nse_daily_load_stg.py', '--cfg-path', '/tmp/tmpi_s7w013', '--error-file', '/tmp/tmpzn5eulyq']
[2022-08-11 21:49:01,590] {standard_task_runner.py:80} INFO - Job 226: Subtask nse_download_files
[2022-08-11 21:49:01,775] {task_command.py:369} INFO - Running <TaskInstance: nse_daily_data_load.nse_download_files scheduled__2022-08-09T13:37:00+00:00 [running]> on host osboxes
[2022-08-11 21:49:01,906] {taskinstance.py:1569} INFO - Exporting the following env vars:
AIRFLOW_CTX_DAG_OWNER=Airflow
AIRFLOW_CTX_DAG_ID=nse_daily_data_load
AIRFLOW_CTX_TASK_ID=nse_download_files
AIRFLOW_CTX_EXECUTION_DATE=2022-08-09T13:37:00+00:00
AIRFLOW_CTX_TRY_NUMBER=1
AIRFLOW_CTX_DAG_RUN_ID=scheduled__2022-08-09T13:37:00+00:00
[2022-08-11 21:49:01,910] {logging_mixin.py:115} INFO - 
cm25JUL2022bhav
[2022-08-11 21:49:01,910] {logging_mixin.py:115} INFO - enter try in loop
[2022-08-11 21:49:01,910] {logging_mixin.py:115} INFO - https://www1.nseindia.com/content/historical/EQUITIES/2022/JUL/cm25JUL2022bhav.csv.zip
[2022-08-11 21:49:03,229] {logging_mixin.py:115} INFO - https://www1.nseindia.com/content/historical/EQUITIES/2022/JUL/cm25JUL2022bhav.csv.zip
[2022-08-11 21:49:03,229] {logging_mixin.py:115} INFO - 
cm26JUL2022bhav
[2022-08-11 21:49:03,229] {logging_mixin.py:115} INFO - enter try in loop
[2022-08-11 21:49:03,229] {logging_mixin.py:115} INFO - https://www1.nseindia.com/content/historical/EQUITIES/2022/JUL/cm26JUL2022bhav.csv.zip
[2022-08-11 21:49:03,838] {logging_mixin.py:115} INFO - https://www1.nseindia.com/content/historical/EQUITIES/2022/JUL/cm26JUL2022bhav.csv.zip
[2022-08-11 21:49:03,840] {logging_mixin.py:115} INFO - 
cm27JUL2022bhav
[2022-08-11 21:49:03,840] {logging_mixin.py:115} INFO - enter try in loop
[2022-08-11 21:49:03,841] {logging_mixin.py:115} INFO - https://www1.nseindia.com/content/historical/EQUITIES/2022/JUL/cm27JUL2022bhav.csv.zip
[2022-08-11 21:49:04,494] {logging_mixin.py:115} INFO - https://www1.nseindia.com/content/historical/EQUITIES/2022/JUL/cm27JUL2022bhav.csv.zip
[2022-08-11 21:49:04,495] {logging_mixin.py:115} INFO - 
cm28JUL2022bhav
[2022-08-11 21:49:04,495] {logging_mixin.py:115} INFO - enter try in loop
[2022-08-11 21:49:04,495] {logging_mixin.py:115} INFO - https://www1.nseindia.com/content/historical/EQUITIES/2022/JUL/cm28JUL2022bhav.csv.zip
[2022-08-11 21:49:05,202] {logging_mixin.py:115} INFO - https://www1.nseindia.com/content/historical/EQUITIES/2022/JUL/cm28JUL2022bhav.csv.zip
[2022-08-11 21:49:05,202] {logging_mixin.py:115} INFO - 
cm29JUL2022bhav
[2022-08-11 21:49:05,202] {logging_mixin.py:115} INFO - enter try in loop
[2022-08-11 21:49:05,202] {logging_mixin.py:115} INFO - https://www1.nseindia.com/content/historical/EQUITIES/2022/JUL/cm29JUL2022bhav.csv.zip
[2022-08-11 21:49:05,831] {logging_mixin.py:115} INFO - https://www1.nseindia.com/content/historical/EQUITIES/2022/JUL/cm29JUL2022bhav.csv.zip
[2022-08-11 21:49:05,831] {logging_mixin.py:115} INFO - 
cm30JUL2022bhav
[2022-08-11 21:49:05,831] {logging_mixin.py:115} INFO - enter try in loop
[2022-08-11 21:49:05,831] {logging_mixin.py:115} INFO - https://www1.nseindia.com/content/historical/EQUITIES/2022/JUL/cm30JUL2022bhav.csv.zip
[2022-08-11 21:49:06,531] {logging_mixin.py:115} INFO - issue occured
[2022-08-11 21:49:06,537] {logging_mixin.py:115} INFO - 
cm01AUG2022bhav
[2022-08-11 21:49:06,537] {logging_mixin.py:115} INFO - enter try in loop
[2022-08-11 21:49:06,537] {logging_mixin.py:115} INFO - https://www1.nseindia.com/content/historical/EQUITIES/2022/AUG/cm01AUG2022bhav.csv.zip
[2022-08-11 21:49:07,437] {logging_mixin.py:115} INFO - https://www1.nseindia.com/content/historical/EQUITIES/2022/AUG/cm01AUG2022bhav.csv.zip
[2022-08-11 21:49:07,437] {logging_mixin.py:115} INFO - 
cm02AUG2022bhav
[2022-08-11 21:49:07,437] {logging_mixin.py:115} INFO - enter try in loop
[2022-08-11 21:49:07,437] {logging_mixin.py:115} INFO - https://www1.nseindia.com/content/historical/EQUITIES/2022/AUG/cm02AUG2022bhav.csv.zip
[2022-08-11 21:49:08,123] {logging_mixin.py:115} INFO - https://www1.nseindia.com/content/historical/EQUITIES/2022/AUG/cm02AUG2022bhav.csv.zip
[2022-08-11 21:49:08,123] {logging_mixin.py:115} INFO - 
cm03AUG2022bhav
[2022-08-11 21:49:08,123] {logging_mixin.py:115} INFO - enter try in loop
[2022-08-11 21:49:08,123] {logging_mixin.py:115} INFO - https://www1.nseindia.com/content/historical/EQUITIES/2022/AUG/cm03AUG2022bhav.csv.zip
[2022-08-11 21:49:08,773] {logging_mixin.py:115} INFO - https://www1.nseindia.com/content/historical/EQUITIES/2022/AUG/cm03AUG2022bhav.csv.zip
[2022-08-11 21:49:08,773] {logging_mixin.py:115} INFO - 
cm04AUG2022bhav
[2022-08-11 21:49:08,773] {logging_mixin.py:115} INFO - enter try in loop
[2022-08-11 21:49:08,773] {logging_mixin.py:115} INFO - https://www1.nseindia.com/content/historical/EQUITIES/2022/AUG/cm04AUG2022bhav.csv.zip
[2022-08-11 21:49:09,338] {logging_mixin.py:115} INFO - https://www1.nseindia.com/content/historical/EQUITIES/2022/AUG/cm04AUG2022bhav.csv.zip
[2022-08-11 21:49:09,338] {logging_mixin.py:115} INFO - 
cm05AUG2022bhav
[2022-08-11 21:49:09,338] {logging_mixin.py:115} INFO - enter try in loop
[2022-08-11 21:49:09,338] {logging_mixin.py:115} INFO - https://www1.nseindia.com/content/historical/EQUITIES/2022/AUG/cm05AUG2022bhav.csv.zip
[2022-08-11 21:49:09,987] {logging_mixin.py:115} INFO - https://www1.nseindia.com/content/historical/EQUITIES/2022/AUG/cm05AUG2022bhav.csv.zip
[2022-08-11 21:49:09,987] {logging_mixin.py:115} INFO - 
cm06AUG2022bhav
[2022-08-11 21:49:09,987] {logging_mixin.py:115} INFO - enter try in loop
[2022-08-11 21:49:09,987] {logging_mixin.py:115} INFO - https://www1.nseindia.com/content/historical/EQUITIES/2022/AUG/cm06AUG2022bhav.csv.zip
[2022-08-11 21:49:10,632] {logging_mixin.py:115} INFO - issue occured
[2022-08-11 21:49:10,638] {logging_mixin.py:115} INFO - 
cm07AUG2022bhav
[2022-08-11 21:49:10,638] {logging_mixin.py:115} INFO - enter try in loop
[2022-08-11 21:49:10,638] {logging_mixin.py:115} INFO - https://www1.nseindia.com/content/historical/EQUITIES/2022/AUG/cm07AUG2022bhav.csv.zip
[2022-08-11 21:49:11,193] {logging_mixin.py:115} INFO - issue occured
[2022-08-11 21:49:11,193] {logging_mixin.py:115} INFO - 
cm08AUG2022bhav
[2022-08-11 21:49:11,193] {logging_mixin.py:115} INFO - enter try in loop
[2022-08-11 21:49:11,193] {logging_mixin.py:115} INFO - https://www1.nseindia.com/content/historical/EQUITIES/2022/AUG/cm08AUG2022bhav.csv.zip
[2022-08-11 21:49:11,787] {logging_mixin.py:115} INFO - https://www1.nseindia.com/content/historical/EQUITIES/2022/AUG/cm08AUG2022bhav.csv.zip
[2022-08-11 21:49:11,787] {logging_mixin.py:115} INFO - 
cm09AUG2022bhav
[2022-08-11 21:49:11,788] {logging_mixin.py:115} INFO - enter try in loop
[2022-08-11 21:49:11,788] {logging_mixin.py:115} INFO - https://www1.nseindia.com/content/historical/EQUITIES/2022/AUG/cm09AUG2022bhav.csv.zip
[2022-08-11 21:49:12,318] {logging_mixin.py:115} INFO - issue occured
[2022-08-11 21:49:12,319] {logging_mixin.py:115} INFO - 
cm10AUG2022bhav
[2022-08-11 21:49:12,319] {logging_mixin.py:115} INFO - enter try in loop
[2022-08-11 21:49:12,319] {logging_mixin.py:115} INFO - https://www1.nseindia.com/content/historical/EQUITIES/2022/AUG/cm10AUG2022bhav.csv.zip
[2022-08-11 21:49:13,044] {logging_mixin.py:115} INFO - https://www1.nseindia.com/content/historical/EQUITIES/2022/AUG/cm10AUG2022bhav.csv.zip
[2022-08-11 21:49:13,044] {logging_mixin.py:115} INFO - 
cm11AUG2022bhav
[2022-08-11 21:49:13,045] {logging_mixin.py:115} INFO - enter try in loop
[2022-08-11 21:49:13,045] {logging_mixin.py:115} INFO - https://www1.nseindia.com/content/historical/EQUITIES/2022/AUG/cm11AUG2022bhav.csv.zip
[2022-08-11 21:49:13,738] {logging_mixin.py:115} INFO - https://www1.nseindia.com/content/historical/EQUITIES/2022/AUG/cm11AUG2022bhav.csv.zip
[2022-08-11 21:49:13,738] {logging_mixin.py:115} INFO - ['cm25JUL2022bhav.csv.zip', 'cm26JUL2022bhav.csv.zip', 'cm27JUL2022bhav.csv.zip', 'cm28JUL2022bhav.csv.zip', 'cm29JUL2022bhav.csv.zip', 'cm01AUG2022bhav.csv.zip', 'cm02AUG2022bhav.csv.zip', 'cm03AUG2022bhav.csv.zip', 'cm04AUG2022bhav.csv.zip', 'cm05AUG2022bhav.csv.zip', 'cm08AUG2022bhav.csv.zip', 'cm10AUG2022bhav.csv.zip', 'cm11AUG2022bhav.csv.zip']
[2022-08-11 21:49:13,738] {logging_mixin.py:115} INFO - cm25JUL2022bhav.csv.zip
[2022-08-11 21:49:13,742] {logging_mixin.py:115} INFO - cm26JUL2022bhav.csv.zip
[2022-08-11 21:49:13,754] {logging_mixin.py:115} INFO - cm27JUL2022bhav.csv.zip
[2022-08-11 21:49:13,765] {logging_mixin.py:115} INFO - cm28JUL2022bhav.csv.zip
[2022-08-11 21:49:13,848] {logging_mixin.py:115} INFO - cm29JUL2022bhav.csv.zip
[2022-08-11 21:49:13,854] {logging_mixin.py:115} INFO - cm01AUG2022bhav.csv.zip
[2022-08-11 21:49:13,868] {logging_mixin.py:115} INFO - cm02AUG2022bhav.csv.zip
[2022-08-11 21:49:13,908] {logging_mixin.py:115} INFO - cm03AUG2022bhav.csv.zip
[2022-08-11 21:49:13,954] {logging_mixin.py:115} INFO - cm04AUG2022bhav.csv.zip
[2022-08-11 21:49:13,964] {logging_mixin.py:115} INFO - cm05AUG2022bhav.csv.zip
[2022-08-11 21:49:14,031] {logging_mixin.py:115} INFO - cm08AUG2022bhav.csv.zip
[2022-08-11 21:49:14,042] {logging_mixin.py:115} INFO - cm10AUG2022bhav.csv.zip
[2022-08-11 21:49:14,054] {logging_mixin.py:115} INFO - cm11AUG2022bhav.csv.zip
[2022-08-11 21:49:14,070] {python.py:173} INFO - Done. Returned value was: None
[2022-08-11 21:49:14,075] {taskinstance.py:1395} INFO - Marking task as SUCCESS. dag_id=nse_daily_data_load, task_id=nse_download_files, execution_date=20220809T133700, start_date=20220812T014901, end_date=20220812T014914
[2022-08-11 21:49:14,266] {local_task_job.py:156} INFO - Task exited with return code 0
[2022-08-11 21:49:14,481] {local_task_job.py:273} INFO - 1 downstream tasks scheduled from follow-on schedule check
