[2022-08-09 21:18:41,499] {processor.py:153} INFO - Started process (PID=337308) to work on /home/osboxes/.local/lib/python3.8/site-packages/airflow/example_dags/example_branch_operator_decorator.py
[2022-08-09 21:18:41,499] {processor.py:641} INFO - Processing file /home/osboxes/.local/lib/python3.8/site-packages/airflow/example_dags/example_branch_operator_decorator.py for tasks to queue
[2022-08-09 21:18:41,500] {logging_mixin.py:115} INFO - [2022-08-09 21:18:41,500] {dagbag.py:507} INFO - Filling up the DagBag from /home/osboxes/.local/lib/python3.8/site-packages/airflow/example_dags/example_branch_operator_decorator.py
[2022-08-09 21:18:41,536] {processor.py:651} INFO - DAG(s) dict_keys(['example_branch_python_operator_decorator']) retrieved from /home/osboxes/.local/lib/python3.8/site-packages/airflow/example_dags/example_branch_operator_decorator.py
[2022-08-09 21:18:41,606] {logging_mixin.py:115} INFO - [2022-08-09 21:18:41,606] {dag.py:2371} INFO - Sync 1 DAGs
[2022-08-09 21:18:41,645] {logging_mixin.py:115} INFO - [2022-08-09 21:18:41,645] {dag.py:2915} INFO - Setting next_dagrun for example_branch_python_operator_decorator to 2022-08-09T00:00:00+00:00, run_after=2022-08-10T00:00:00+00:00
[2022-08-09 21:18:41,685] {processor.py:161} INFO - Processing /home/osboxes/.local/lib/python3.8/site-packages/airflow/example_dags/example_branch_operator_decorator.py took 0.201 seconds
[2022-08-09 21:19:22,883] {processor.py:153} INFO - Started process (PID=337680) to work on /home/osboxes/.local/lib/python3.8/site-packages/airflow/example_dags/example_branch_operator_decorator.py
[2022-08-09 21:19:22,884] {processor.py:641} INFO - Processing file /home/osboxes/.local/lib/python3.8/site-packages/airflow/example_dags/example_branch_operator_decorator.py for tasks to queue
[2022-08-09 21:19:22,885] {logging_mixin.py:115} INFO - [2022-08-09 21:19:22,885] {dagbag.py:507} INFO - Filling up the DagBag from /home/osboxes/.local/lib/python3.8/site-packages/airflow/example_dags/example_branch_operator_decorator.py
[2022-08-09 21:19:22,899] {processor.py:651} INFO - DAG(s) dict_keys(['example_branch_python_operator_decorator']) retrieved from /home/osboxes/.local/lib/python3.8/site-packages/airflow/example_dags/example_branch_operator_decorator.py
[2022-08-09 21:19:22,917] {logging_mixin.py:115} INFO - [2022-08-09 21:19:22,917] {dag.py:2371} INFO - Sync 1 DAGs
[2022-08-09 21:19:22,930] {logging_mixin.py:115} INFO - [2022-08-09 21:19:22,930] {dag.py:2915} INFO - Setting next_dagrun for example_branch_python_operator_decorator to 2022-08-09T00:00:00+00:00, run_after=2022-08-10T00:00:00+00:00
[2022-08-09 21:19:22,969] {processor.py:161} INFO - Processing /home/osboxes/.local/lib/python3.8/site-packages/airflow/example_dags/example_branch_operator_decorator.py took 0.088 seconds
[2022-08-09 21:20:08,589] {processor.py:153} INFO - Started process (PID=338087) to work on /home/osboxes/.local/lib/python3.8/site-packages/airflow/example_dags/example_branch_operator_decorator.py
[2022-08-09 21:20:08,607] {processor.py:641} INFO - Processing file /home/osboxes/.local/lib/python3.8/site-packages/airflow/example_dags/example_branch_operator_decorator.py for tasks to queue
[2022-08-09 21:20:08,608] {logging_mixin.py:115} INFO - [2022-08-09 21:20:08,608] {dagbag.py:507} INFO - Filling up the DagBag from /home/osboxes/.local/lib/python3.8/site-packages/airflow/example_dags/example_branch_operator_decorator.py
[2022-08-09 21:20:08,623] {processor.py:651} INFO - DAG(s) dict_keys(['example_branch_python_operator_decorator']) retrieved from /home/osboxes/.local/lib/python3.8/site-packages/airflow/example_dags/example_branch_operator_decorator.py
[2022-08-09 21:20:08,639] {logging_mixin.py:115} INFO - [2022-08-09 21:20:08,639] {dag.py:2371} INFO - Sync 1 DAGs
[2022-08-09 21:20:08,653] {logging_mixin.py:115} INFO - [2022-08-09 21:20:08,653] {dag.py:2915} INFO - Setting next_dagrun for example_branch_python_operator_decorator to 2022-08-09T00:00:00+00:00, run_after=2022-08-10T00:00:00+00:00
[2022-08-09 21:20:08,690] {processor.py:161} INFO - Processing /home/osboxes/.local/lib/python3.8/site-packages/airflow/example_dags/example_branch_operator_decorator.py took 0.103 seconds
[2022-08-09 21:20:50,123] {processor.py:153} INFO - Started process (PID=338484) to work on /home/osboxes/.local/lib/python3.8/site-packages/airflow/example_dags/example_branch_operator_decorator.py
[2022-08-09 21:20:50,125] {processor.py:641} INFO - Processing file /home/osboxes/.local/lib/python3.8/site-packages/airflow/example_dags/example_branch_operator_decorator.py for tasks to queue
[2022-08-09 21:20:50,125] {logging_mixin.py:115} INFO - [2022-08-09 21:20:50,125] {dagbag.py:507} INFO - Filling up the DagBag from /home/osboxes/.local/lib/python3.8/site-packages/airflow/example_dags/example_branch_operator_decorator.py
[2022-08-09 21:20:50,157] {processor.py:651} INFO - DAG(s) dict_keys(['example_branch_python_operator_decorator']) retrieved from /home/osboxes/.local/lib/python3.8/site-packages/airflow/example_dags/example_branch_operator_decorator.py
[2022-08-09 21:20:50,188] {logging_mixin.py:115} INFO - [2022-08-09 21:20:50,188] {dag.py:2371} INFO - Sync 1 DAGs
[2022-08-09 21:20:50,202] {logging_mixin.py:115} INFO - [2022-08-09 21:20:50,202] {dag.py:2915} INFO - Setting next_dagrun for example_branch_python_operator_decorator to 2022-08-09T00:00:00+00:00, run_after=2022-08-10T00:00:00+00:00
[2022-08-09 21:20:50,233] {processor.py:161} INFO - Processing /home/osboxes/.local/lib/python3.8/site-packages/airflow/example_dags/example_branch_operator_decorator.py took 0.112 seconds
[2022-08-09 21:21:38,220] {processor.py:153} INFO - Started process (PID=338914) to work on /home/osboxes/.local/lib/python3.8/site-packages/airflow/example_dags/example_branch_operator_decorator.py
[2022-08-09 21:21:38,222] {processor.py:641} INFO - Processing file /home/osboxes/.local/lib/python3.8/site-packages/airflow/example_dags/example_branch_operator_decorator.py for tasks to queue
[2022-08-09 21:21:38,222] {logging_mixin.py:115} INFO - [2022-08-09 21:21:38,222] {dagbag.py:507} INFO - Filling up the DagBag from /home/osboxes/.local/lib/python3.8/site-packages/airflow/example_dags/example_branch_operator_decorator.py
[2022-08-09 21:21:38,236] {processor.py:651} INFO - DAG(s) dict_keys(['example_branch_python_operator_decorator']) retrieved from /home/osboxes/.local/lib/python3.8/site-packages/airflow/example_dags/example_branch_operator_decorator.py
[2022-08-09 21:21:38,253] {logging_mixin.py:115} INFO - [2022-08-09 21:21:38,253] {dag.py:2371} INFO - Sync 1 DAGs
[2022-08-09 21:21:38,267] {logging_mixin.py:115} INFO - [2022-08-09 21:21:38,266] {dag.py:2915} INFO - Setting next_dagrun for example_branch_python_operator_decorator to 2022-08-09T00:00:00+00:00, run_after=2022-08-10T00:00:00+00:00
[2022-08-09 21:21:38,301] {processor.py:161} INFO - Processing /home/osboxes/.local/lib/python3.8/site-packages/airflow/example_dags/example_branch_operator_decorator.py took 0.083 seconds
[2022-08-09 21:22:20,564] {processor.py:153} INFO - Started process (PID=339298) to work on /home/osboxes/.local/lib/python3.8/site-packages/airflow/example_dags/example_branch_operator_decorator.py
[2022-08-09 21:22:20,566] {processor.py:641} INFO - Processing file /home/osboxes/.local/lib/python3.8/site-packages/airflow/example_dags/example_branch_operator_decorator.py for tasks to queue
[2022-08-09 21:22:20,567] {logging_mixin.py:115} INFO - [2022-08-09 21:22:20,567] {dagbag.py:507} INFO - Filling up the DagBag from /home/osboxes/.local/lib/python3.8/site-packages/airflow/example_dags/example_branch_operator_decorator.py
[2022-08-09 21:22:20,585] {processor.py:651} INFO - DAG(s) dict_keys(['example_branch_python_operator_decorator']) retrieved from /home/osboxes/.local/lib/python3.8/site-packages/airflow/example_dags/example_branch_operator_decorator.py
[2022-08-09 21:22:20,607] {logging_mixin.py:115} INFO - [2022-08-09 21:22:20,607] {dag.py:2371} INFO - Sync 1 DAGs
[2022-08-09 21:22:20,624] {logging_mixin.py:115} INFO - [2022-08-09 21:22:20,623] {dag.py:2915} INFO - Setting next_dagrun for example_branch_python_operator_decorator to 2022-08-09T00:00:00+00:00, run_after=2022-08-10T00:00:00+00:00
[2022-08-09 21:22:20,656] {processor.py:161} INFO - Processing /home/osboxes/.local/lib/python3.8/site-packages/airflow/example_dags/example_branch_operator_decorator.py took 0.095 seconds
[2022-08-09 21:23:10,093] {processor.py:153} INFO - Started process (PID=339775) to work on /home/osboxes/.local/lib/python3.8/site-packages/airflow/example_dags/example_branch_operator_decorator.py
[2022-08-09 21:23:10,094] {processor.py:641} INFO - Processing file /home/osboxes/.local/lib/python3.8/site-packages/airflow/example_dags/example_branch_operator_decorator.py for tasks to queue
[2022-08-09 21:23:10,095] {logging_mixin.py:115} INFO - [2022-08-09 21:23:10,095] {dagbag.py:507} INFO - Filling up the DagBag from /home/osboxes/.local/lib/python3.8/site-packages/airflow/example_dags/example_branch_operator_decorator.py
[2022-08-09 21:23:10,108] {processor.py:651} INFO - DAG(s) dict_keys(['example_branch_python_operator_decorator']) retrieved from /home/osboxes/.local/lib/python3.8/site-packages/airflow/example_dags/example_branch_operator_decorator.py
[2022-08-09 21:23:10,125] {logging_mixin.py:115} INFO - [2022-08-09 21:23:10,125] {dag.py:2371} INFO - Sync 1 DAGs
[2022-08-09 21:23:10,137] {logging_mixin.py:115} INFO - [2022-08-09 21:23:10,137] {dag.py:2915} INFO - Setting next_dagrun for example_branch_python_operator_decorator to 2022-08-09T00:00:00+00:00, run_after=2022-08-10T00:00:00+00:00
[2022-08-09 21:23:10,166] {processor.py:161} INFO - Processing /home/osboxes/.local/lib/python3.8/site-packages/airflow/example_dags/example_branch_operator_decorator.py took 0.077 seconds
[2022-08-09 21:23:52,581] {processor.py:153} INFO - Started process (PID=340213) to work on /home/osboxes/.local/lib/python3.8/site-packages/airflow/example_dags/example_branch_operator_decorator.py
[2022-08-09 21:23:52,583] {processor.py:641} INFO - Processing file /home/osboxes/.local/lib/python3.8/site-packages/airflow/example_dags/example_branch_operator_decorator.py for tasks to queue
[2022-08-09 21:23:52,583] {logging_mixin.py:115} INFO - [2022-08-09 21:23:52,583] {dagbag.py:507} INFO - Filling up the DagBag from /home/osboxes/.local/lib/python3.8/site-packages/airflow/example_dags/example_branch_operator_decorator.py
[2022-08-09 21:23:52,597] {processor.py:651} INFO - DAG(s) dict_keys(['example_branch_python_operator_decorator']) retrieved from /home/osboxes/.local/lib/python3.8/site-packages/airflow/example_dags/example_branch_operator_decorator.py
[2022-08-09 21:23:52,612] {logging_mixin.py:115} INFO - [2022-08-09 21:23:52,612] {dag.py:2371} INFO - Sync 1 DAGs
[2022-08-09 21:23:52,626] {logging_mixin.py:115} INFO - [2022-08-09 21:23:52,624] {dag.py:2915} INFO - Setting next_dagrun for example_branch_python_operator_decorator to 2022-08-09T00:00:00+00:00, run_after=2022-08-10T00:00:00+00:00
[2022-08-09 21:23:52,664] {processor.py:161} INFO - Processing /home/osboxes/.local/lib/python3.8/site-packages/airflow/example_dags/example_branch_operator_decorator.py took 0.086 seconds
[2022-08-09 21:24:39,896] {processor.py:153} INFO - Started process (PID=340662) to work on /home/osboxes/.local/lib/python3.8/site-packages/airflow/example_dags/example_branch_operator_decorator.py
[2022-08-09 21:24:39,898] {processor.py:641} INFO - Processing file /home/osboxes/.local/lib/python3.8/site-packages/airflow/example_dags/example_branch_operator_decorator.py for tasks to queue
[2022-08-09 21:24:39,899] {logging_mixin.py:115} INFO - [2022-08-09 21:24:39,898] {dagbag.py:507} INFO - Filling up the DagBag from /home/osboxes/.local/lib/python3.8/site-packages/airflow/example_dags/example_branch_operator_decorator.py
[2022-08-09 21:24:39,912] {processor.py:651} INFO - DAG(s) dict_keys(['example_branch_python_operator_decorator']) retrieved from /home/osboxes/.local/lib/python3.8/site-packages/airflow/example_dags/example_branch_operator_decorator.py
[2022-08-09 21:24:39,937] {logging_mixin.py:115} INFO - [2022-08-09 21:24:39,937] {dag.py:2371} INFO - Sync 1 DAGs
[2022-08-09 21:24:39,952] {logging_mixin.py:115} INFO - [2022-08-09 21:24:39,951] {dag.py:2915} INFO - Setting next_dagrun for example_branch_python_operator_decorator to 2022-08-09T00:00:00+00:00, run_after=2022-08-10T00:00:00+00:00
[2022-08-09 21:24:39,990] {processor.py:161} INFO - Processing /home/osboxes/.local/lib/python3.8/site-packages/airflow/example_dags/example_branch_operator_decorator.py took 0.096 seconds
[2022-08-09 21:25:23,476] {processor.py:153} INFO - Started process (PID=341049) to work on /home/osboxes/.local/lib/python3.8/site-packages/airflow/example_dags/example_branch_operator_decorator.py
[2022-08-09 21:25:23,487] {processor.py:641} INFO - Processing file /home/osboxes/.local/lib/python3.8/site-packages/airflow/example_dags/example_branch_operator_decorator.py for tasks to queue
[2022-08-09 21:25:23,488] {logging_mixin.py:115} INFO - [2022-08-09 21:25:23,488] {dagbag.py:507} INFO - Filling up the DagBag from /home/osboxes/.local/lib/python3.8/site-packages/airflow/example_dags/example_branch_operator_decorator.py
[2022-08-09 21:25:23,502] {processor.py:651} INFO - DAG(s) dict_keys(['example_branch_python_operator_decorator']) retrieved from /home/osboxes/.local/lib/python3.8/site-packages/airflow/example_dags/example_branch_operator_decorator.py
[2022-08-09 21:25:23,520] {logging_mixin.py:115} INFO - [2022-08-09 21:25:23,520] {dag.py:2371} INFO - Sync 1 DAGs
[2022-08-09 21:25:23,534] {logging_mixin.py:115} INFO - [2022-08-09 21:25:23,533] {dag.py:2915} INFO - Setting next_dagrun for example_branch_python_operator_decorator to 2022-08-09T00:00:00+00:00, run_after=2022-08-10T00:00:00+00:00
[2022-08-09 21:25:23,571] {processor.py:161} INFO - Processing /home/osboxes/.local/lib/python3.8/site-packages/airflow/example_dags/example_branch_operator_decorator.py took 0.097 seconds
[2022-08-09 21:26:11,056] {processor.py:153} INFO - Started process (PID=341493) to work on /home/osboxes/.local/lib/python3.8/site-packages/airflow/example_dags/example_branch_operator_decorator.py
[2022-08-09 21:26:11,058] {processor.py:641} INFO - Processing file /home/osboxes/.local/lib/python3.8/site-packages/airflow/example_dags/example_branch_operator_decorator.py for tasks to queue
[2022-08-09 21:26:11,058] {logging_mixin.py:115} INFO - [2022-08-09 21:26:11,058] {dagbag.py:507} INFO - Filling up the DagBag from /home/osboxes/.local/lib/python3.8/site-packages/airflow/example_dags/example_branch_operator_decorator.py
[2022-08-09 21:26:11,073] {processor.py:651} INFO - DAG(s) dict_keys(['example_branch_python_operator_decorator']) retrieved from /home/osboxes/.local/lib/python3.8/site-packages/airflow/example_dags/example_branch_operator_decorator.py
[2022-08-09 21:26:11,107] {logging_mixin.py:115} INFO - [2022-08-09 21:26:11,107] {dag.py:2371} INFO - Sync 1 DAGs
[2022-08-09 21:26:11,127] {logging_mixin.py:115} INFO - [2022-08-09 21:26:11,127] {dag.py:2915} INFO - Setting next_dagrun for example_branch_python_operator_decorator to 2022-08-09T00:00:00+00:00, run_after=2022-08-10T00:00:00+00:00
[2022-08-09 21:26:11,166] {processor.py:161} INFO - Processing /home/osboxes/.local/lib/python3.8/site-packages/airflow/example_dags/example_branch_operator_decorator.py took 0.112 seconds
[2022-08-09 21:27:02,044] {processor.py:153} INFO - Started process (PID=341970) to work on /home/osboxes/.local/lib/python3.8/site-packages/airflow/example_dags/example_branch_operator_decorator.py
[2022-08-09 21:27:02,045] {processor.py:641} INFO - Processing file /home/osboxes/.local/lib/python3.8/site-packages/airflow/example_dags/example_branch_operator_decorator.py for tasks to queue
[2022-08-09 21:27:02,045] {logging_mixin.py:115} INFO - [2022-08-09 21:27:02,045] {dagbag.py:507} INFO - Filling up the DagBag from /home/osboxes/.local/lib/python3.8/site-packages/airflow/example_dags/example_branch_operator_decorator.py
[2022-08-09 21:27:02,061] {processor.py:651} INFO - DAG(s) dict_keys(['example_branch_python_operator_decorator']) retrieved from /home/osboxes/.local/lib/python3.8/site-packages/airflow/example_dags/example_branch_operator_decorator.py
[2022-08-09 21:27:02,078] {logging_mixin.py:115} INFO - [2022-08-09 21:27:02,078] {dag.py:2371} INFO - Sync 1 DAGs
[2022-08-09 21:27:02,095] {logging_mixin.py:115} INFO - [2022-08-09 21:27:02,095] {dag.py:2915} INFO - Setting next_dagrun for example_branch_python_operator_decorator to 2022-08-09T00:00:00+00:00, run_after=2022-08-10T00:00:00+00:00
[2022-08-09 21:27:02,129] {processor.py:161} INFO - Processing /home/osboxes/.local/lib/python3.8/site-packages/airflow/example_dags/example_branch_operator_decorator.py took 0.088 seconds
[2022-08-09 21:27:47,548] {processor.py:153} INFO - Started process (PID=342431) to work on /home/osboxes/.local/lib/python3.8/site-packages/airflow/example_dags/example_branch_operator_decorator.py
[2022-08-09 21:27:47,550] {processor.py:641} INFO - Processing file /home/osboxes/.local/lib/python3.8/site-packages/airflow/example_dags/example_branch_operator_decorator.py for tasks to queue
[2022-08-09 21:27:47,550] {logging_mixin.py:115} INFO - [2022-08-09 21:27:47,550] {dagbag.py:507} INFO - Filling up the DagBag from /home/osboxes/.local/lib/python3.8/site-packages/airflow/example_dags/example_branch_operator_decorator.py
[2022-08-09 21:27:47,562] {processor.py:651} INFO - DAG(s) dict_keys(['example_branch_python_operator_decorator']) retrieved from /home/osboxes/.local/lib/python3.8/site-packages/airflow/example_dags/example_branch_operator_decorator.py
[2022-08-09 21:27:47,581] {logging_mixin.py:115} INFO - [2022-08-09 21:27:47,581] {dag.py:2371} INFO - Sync 1 DAGs
[2022-08-09 21:27:47,593] {logging_mixin.py:115} INFO - [2022-08-09 21:27:47,593] {dag.py:2915} INFO - Setting next_dagrun for example_branch_python_operator_decorator to 2022-08-09T00:00:00+00:00, run_after=2022-08-10T00:00:00+00:00
[2022-08-09 21:27:47,632] {processor.py:161} INFO - Processing /home/osboxes/.local/lib/python3.8/site-packages/airflow/example_dags/example_branch_operator_decorator.py took 0.086 seconds
[2022-08-09 21:28:31,012] {processor.py:153} INFO - Started process (PID=342848) to work on /home/osboxes/.local/lib/python3.8/site-packages/airflow/example_dags/example_branch_operator_decorator.py
[2022-08-09 21:28:31,014] {processor.py:641} INFO - Processing file /home/osboxes/.local/lib/python3.8/site-packages/airflow/example_dags/example_branch_operator_decorator.py for tasks to queue
[2022-08-09 21:28:31,014] {logging_mixin.py:115} INFO - [2022-08-09 21:28:31,014] {dagbag.py:507} INFO - Filling up the DagBag from /home/osboxes/.local/lib/python3.8/site-packages/airflow/example_dags/example_branch_operator_decorator.py
[2022-08-09 21:28:31,029] {processor.py:651} INFO - DAG(s) dict_keys(['example_branch_python_operator_decorator']) retrieved from /home/osboxes/.local/lib/python3.8/site-packages/airflow/example_dags/example_branch_operator_decorator.py
[2022-08-09 21:28:31,046] {logging_mixin.py:115} INFO - [2022-08-09 21:28:31,046] {dag.py:2371} INFO - Sync 1 DAGs
[2022-08-09 21:28:31,060] {logging_mixin.py:115} INFO - [2022-08-09 21:28:31,060] {dag.py:2915} INFO - Setting next_dagrun for example_branch_python_operator_decorator to 2022-08-09T00:00:00+00:00, run_after=2022-08-10T00:00:00+00:00
[2022-08-09 21:28:31,088] {processor.py:161} INFO - Processing /home/osboxes/.local/lib/python3.8/site-packages/airflow/example_dags/example_branch_operator_decorator.py took 0.078 seconds
[2022-08-09 21:29:20,065] {processor.py:153} INFO - Started process (PID=343346) to work on /home/osboxes/.local/lib/python3.8/site-packages/airflow/example_dags/example_branch_operator_decorator.py
[2022-08-09 21:29:20,067] {processor.py:641} INFO - Processing file /home/osboxes/.local/lib/python3.8/site-packages/airflow/example_dags/example_branch_operator_decorator.py for tasks to queue
[2022-08-09 21:29:20,067] {logging_mixin.py:115} INFO - [2022-08-09 21:29:20,067] {dagbag.py:507} INFO - Filling up the DagBag from /home/osboxes/.local/lib/python3.8/site-packages/airflow/example_dags/example_branch_operator_decorator.py
[2022-08-09 21:29:20,079] {processor.py:651} INFO - DAG(s) dict_keys(['example_branch_python_operator_decorator']) retrieved from /home/osboxes/.local/lib/python3.8/site-packages/airflow/example_dags/example_branch_operator_decorator.py
[2022-08-09 21:29:20,097] {logging_mixin.py:115} INFO - [2022-08-09 21:29:20,097] {dag.py:2371} INFO - Sync 1 DAGs
[2022-08-09 21:29:20,109] {logging_mixin.py:115} INFO - [2022-08-09 21:29:20,109] {dag.py:2915} INFO - Setting next_dagrun for example_branch_python_operator_decorator to 2022-08-09T00:00:00+00:00, run_after=2022-08-10T00:00:00+00:00
[2022-08-09 21:29:20,138] {processor.py:161} INFO - Processing /home/osboxes/.local/lib/python3.8/site-packages/airflow/example_dags/example_branch_operator_decorator.py took 0.076 seconds
[2022-08-09 21:30:01,510] {processor.py:153} INFO - Started process (PID=343717) to work on /home/osboxes/.local/lib/python3.8/site-packages/airflow/example_dags/example_branch_operator_decorator.py
[2022-08-09 21:30:01,511] {processor.py:641} INFO - Processing file /home/osboxes/.local/lib/python3.8/site-packages/airflow/example_dags/example_branch_operator_decorator.py for tasks to queue
[2022-08-09 21:30:01,511] {logging_mixin.py:115} INFO - [2022-08-09 21:30:01,511] {dagbag.py:507} INFO - Filling up the DagBag from /home/osboxes/.local/lib/python3.8/site-packages/airflow/example_dags/example_branch_operator_decorator.py
[2022-08-09 21:30:01,525] {processor.py:651} INFO - DAG(s) dict_keys(['example_branch_python_operator_decorator']) retrieved from /home/osboxes/.local/lib/python3.8/site-packages/airflow/example_dags/example_branch_operator_decorator.py
[2022-08-09 21:30:01,542] {logging_mixin.py:115} INFO - [2022-08-09 21:30:01,542] {dag.py:2371} INFO - Sync 1 DAGs
[2022-08-09 21:30:01,555] {logging_mixin.py:115} INFO - [2022-08-09 21:30:01,555] {dag.py:2915} INFO - Setting next_dagrun for example_branch_python_operator_decorator to 2022-08-09T00:00:00+00:00, run_after=2022-08-10T00:00:00+00:00
[2022-08-09 21:30:01,585] {processor.py:161} INFO - Processing /home/osboxes/.local/lib/python3.8/site-packages/airflow/example_dags/example_branch_operator_decorator.py took 0.078 seconds
[2022-08-09 21:30:41,371] {processor.py:153} INFO - Started process (PID=344090) to work on /home/osboxes/.local/lib/python3.8/site-packages/airflow/example_dags/example_branch_operator_decorator.py
[2022-08-09 21:30:41,373] {processor.py:641} INFO - Processing file /home/osboxes/.local/lib/python3.8/site-packages/airflow/example_dags/example_branch_operator_decorator.py for tasks to queue
[2022-08-09 21:30:41,373] {logging_mixin.py:115} INFO - [2022-08-09 21:30:41,373] {dagbag.py:507} INFO - Filling up the DagBag from /home/osboxes/.local/lib/python3.8/site-packages/airflow/example_dags/example_branch_operator_decorator.py
[2022-08-09 21:30:41,387] {processor.py:651} INFO - DAG(s) dict_keys(['example_branch_python_operator_decorator']) retrieved from /home/osboxes/.local/lib/python3.8/site-packages/airflow/example_dags/example_branch_operator_decorator.py
[2022-08-09 21:30:41,403] {logging_mixin.py:115} INFO - [2022-08-09 21:30:41,403] {dag.py:2371} INFO - Sync 1 DAGs
[2022-08-09 21:30:41,416] {logging_mixin.py:115} INFO - [2022-08-09 21:30:41,416] {dag.py:2915} INFO - Setting next_dagrun for example_branch_python_operator_decorator to 2022-08-09T00:00:00+00:00, run_after=2022-08-10T00:00:00+00:00
[2022-08-09 21:30:41,463] {processor.py:161} INFO - Processing /home/osboxes/.local/lib/python3.8/site-packages/airflow/example_dags/example_branch_operator_decorator.py took 0.094 seconds
[2022-08-09 21:31:28,316] {processor.py:153} INFO - Started process (PID=344538) to work on /home/osboxes/.local/lib/python3.8/site-packages/airflow/example_dags/example_branch_operator_decorator.py
[2022-08-09 21:31:28,317] {processor.py:641} INFO - Processing file /home/osboxes/.local/lib/python3.8/site-packages/airflow/example_dags/example_branch_operator_decorator.py for tasks to queue
[2022-08-09 21:31:28,318] {logging_mixin.py:115} INFO - [2022-08-09 21:31:28,318] {dagbag.py:507} INFO - Filling up the DagBag from /home/osboxes/.local/lib/python3.8/site-packages/airflow/example_dags/example_branch_operator_decorator.py
[2022-08-09 21:31:28,331] {processor.py:651} INFO - DAG(s) dict_keys(['example_branch_python_operator_decorator']) retrieved from /home/osboxes/.local/lib/python3.8/site-packages/airflow/example_dags/example_branch_operator_decorator.py
[2022-08-09 21:31:28,350] {logging_mixin.py:115} INFO - [2022-08-09 21:31:28,350] {dag.py:2371} INFO - Sync 1 DAGs
[2022-08-09 21:31:28,364] {logging_mixin.py:115} INFO - [2022-08-09 21:31:28,363] {dag.py:2915} INFO - Setting next_dagrun for example_branch_python_operator_decorator to 2022-08-09T00:00:00+00:00, run_after=2022-08-10T00:00:00+00:00
[2022-08-09 21:31:28,392] {processor.py:161} INFO - Processing /home/osboxes/.local/lib/python3.8/site-packages/airflow/example_dags/example_branch_operator_decorator.py took 0.078 seconds
[2022-08-09 21:32:13,514] {processor.py:153} INFO - Started process (PID=344965) to work on /home/osboxes/.local/lib/python3.8/site-packages/airflow/example_dags/example_branch_operator_decorator.py
[2022-08-09 21:32:13,525] {processor.py:641} INFO - Processing file /home/osboxes/.local/lib/python3.8/site-packages/airflow/example_dags/example_branch_operator_decorator.py for tasks to queue
[2022-08-09 21:32:13,525] {logging_mixin.py:115} INFO - [2022-08-09 21:32:13,525] {dagbag.py:507} INFO - Filling up the DagBag from /home/osboxes/.local/lib/python3.8/site-packages/airflow/example_dags/example_branch_operator_decorator.py
[2022-08-09 21:32:13,538] {processor.py:651} INFO - DAG(s) dict_keys(['example_branch_python_operator_decorator']) retrieved from /home/osboxes/.local/lib/python3.8/site-packages/airflow/example_dags/example_branch_operator_decorator.py
[2022-08-09 21:32:13,555] {logging_mixin.py:115} INFO - [2022-08-09 21:32:13,555] {dag.py:2371} INFO - Sync 1 DAGs
[2022-08-09 21:32:13,568] {logging_mixin.py:115} INFO - [2022-08-09 21:32:13,568] {dag.py:2915} INFO - Setting next_dagrun for example_branch_python_operator_decorator to 2022-08-09T00:00:00+00:00, run_after=2022-08-10T00:00:00+00:00
[2022-08-09 21:32:13,600] {processor.py:161} INFO - Processing /home/osboxes/.local/lib/python3.8/site-packages/airflow/example_dags/example_branch_operator_decorator.py took 0.088 seconds
[2022-08-09 21:32:55,292] {processor.py:153} INFO - Started process (PID=345341) to work on /home/osboxes/.local/lib/python3.8/site-packages/airflow/example_dags/example_branch_operator_decorator.py
[2022-08-09 21:32:55,293] {processor.py:641} INFO - Processing file /home/osboxes/.local/lib/python3.8/site-packages/airflow/example_dags/example_branch_operator_decorator.py for tasks to queue
[2022-08-09 21:32:55,294] {logging_mixin.py:115} INFO - [2022-08-09 21:32:55,294] {dagbag.py:507} INFO - Filling up the DagBag from /home/osboxes/.local/lib/python3.8/site-packages/airflow/example_dags/example_branch_operator_decorator.py
[2022-08-09 21:32:55,308] {processor.py:651} INFO - DAG(s) dict_keys(['example_branch_python_operator_decorator']) retrieved from /home/osboxes/.local/lib/python3.8/site-packages/airflow/example_dags/example_branch_operator_decorator.py
[2022-08-09 21:32:55,323] {logging_mixin.py:115} INFO - [2022-08-09 21:32:55,323] {dag.py:2371} INFO - Sync 1 DAGs
[2022-08-09 21:32:55,339] {logging_mixin.py:115} INFO - [2022-08-09 21:32:55,339] {dag.py:2915} INFO - Setting next_dagrun for example_branch_python_operator_decorator to 2022-08-09T00:00:00+00:00, run_after=2022-08-10T00:00:00+00:00
[2022-08-09 21:32:55,382] {processor.py:161} INFO - Processing /home/osboxes/.local/lib/python3.8/site-packages/airflow/example_dags/example_branch_operator_decorator.py took 0.093 seconds
[2022-08-09 21:33:46,088] {processor.py:153} INFO - Started process (PID=345825) to work on /home/osboxes/.local/lib/python3.8/site-packages/airflow/example_dags/example_branch_operator_decorator.py
[2022-08-09 21:33:46,090] {processor.py:641} INFO - Processing file /home/osboxes/.local/lib/python3.8/site-packages/airflow/example_dags/example_branch_operator_decorator.py for tasks to queue
[2022-08-09 21:33:46,091] {logging_mixin.py:115} INFO - [2022-08-09 21:33:46,091] {dagbag.py:507} INFO - Filling up the DagBag from /home/osboxes/.local/lib/python3.8/site-packages/airflow/example_dags/example_branch_operator_decorator.py
[2022-08-09 21:33:46,105] {processor.py:651} INFO - DAG(s) dict_keys(['example_branch_python_operator_decorator']) retrieved from /home/osboxes/.local/lib/python3.8/site-packages/airflow/example_dags/example_branch_operator_decorator.py
[2022-08-09 21:33:46,122] {logging_mixin.py:115} INFO - [2022-08-09 21:33:46,122] {dag.py:2371} INFO - Sync 1 DAGs
[2022-08-09 21:33:46,136] {logging_mixin.py:115} INFO - [2022-08-09 21:33:46,135] {dag.py:2915} INFO - Setting next_dagrun for example_branch_python_operator_decorator to 2022-08-09T00:00:00+00:00, run_after=2022-08-10T00:00:00+00:00
[2022-08-09 21:33:46,171] {processor.py:161} INFO - Processing /home/osboxes/.local/lib/python3.8/site-packages/airflow/example_dags/example_branch_operator_decorator.py took 0.102 seconds
[2022-08-09 21:34:33,545] {processor.py:153} INFO - Started process (PID=346287) to work on /home/osboxes/.local/lib/python3.8/site-packages/airflow/example_dags/example_branch_operator_decorator.py
[2022-08-09 21:34:33,548] {processor.py:641} INFO - Processing file /home/osboxes/.local/lib/python3.8/site-packages/airflow/example_dags/example_branch_operator_decorator.py for tasks to queue
[2022-08-09 21:34:33,548] {logging_mixin.py:115} INFO - [2022-08-09 21:34:33,548] {dagbag.py:507} INFO - Filling up the DagBag from /home/osboxes/.local/lib/python3.8/site-packages/airflow/example_dags/example_branch_operator_decorator.py
[2022-08-09 21:34:33,561] {processor.py:651} INFO - DAG(s) dict_keys(['example_branch_python_operator_decorator']) retrieved from /home/osboxes/.local/lib/python3.8/site-packages/airflow/example_dags/example_branch_operator_decorator.py
[2022-08-09 21:34:33,603] {logging_mixin.py:115} INFO - [2022-08-09 21:34:33,603] {dag.py:2371} INFO - Sync 1 DAGs
[2022-08-09 21:34:33,622] {logging_mixin.py:115} INFO - [2022-08-09 21:34:33,622] {dag.py:2915} INFO - Setting next_dagrun for example_branch_python_operator_decorator to 2022-08-09T00:00:00+00:00, run_after=2022-08-10T00:00:00+00:00
[2022-08-09 21:34:33,652] {processor.py:161} INFO - Processing /home/osboxes/.local/lib/python3.8/site-packages/airflow/example_dags/example_branch_operator_decorator.py took 0.134 seconds
[2022-08-09 21:35:20,834] {processor.py:153} INFO - Started process (PID=346718) to work on /home/osboxes/.local/lib/python3.8/site-packages/airflow/example_dags/example_branch_operator_decorator.py
[2022-08-09 21:35:20,844] {processor.py:641} INFO - Processing file /home/osboxes/.local/lib/python3.8/site-packages/airflow/example_dags/example_branch_operator_decorator.py for tasks to queue
[2022-08-09 21:35:20,844] {logging_mixin.py:115} INFO - [2022-08-09 21:35:20,844] {dagbag.py:507} INFO - Filling up the DagBag from /home/osboxes/.local/lib/python3.8/site-packages/airflow/example_dags/example_branch_operator_decorator.py
[2022-08-09 21:35:20,857] {processor.py:651} INFO - DAG(s) dict_keys(['example_branch_python_operator_decorator']) retrieved from /home/osboxes/.local/lib/python3.8/site-packages/airflow/example_dags/example_branch_operator_decorator.py
[2022-08-09 21:35:20,873] {logging_mixin.py:115} INFO - [2022-08-09 21:35:20,873] {dag.py:2371} INFO - Sync 1 DAGs
[2022-08-09 21:35:20,888] {logging_mixin.py:115} INFO - [2022-08-09 21:35:20,888] {dag.py:2915} INFO - Setting next_dagrun for example_branch_python_operator_decorator to 2022-08-09T00:00:00+00:00, run_after=2022-08-10T00:00:00+00:00
[2022-08-09 21:35:20,916] {processor.py:161} INFO - Processing /home/osboxes/.local/lib/python3.8/site-packages/airflow/example_dags/example_branch_operator_decorator.py took 0.086 seconds
[2022-08-09 21:36:06,233] {processor.py:153} INFO - Started process (PID=347127) to work on /home/osboxes/.local/lib/python3.8/site-packages/airflow/example_dags/example_branch_operator_decorator.py
[2022-08-09 21:36:06,235] {processor.py:641} INFO - Processing file /home/osboxes/.local/lib/python3.8/site-packages/airflow/example_dags/example_branch_operator_decorator.py for tasks to queue
[2022-08-09 21:36:06,235] {logging_mixin.py:115} INFO - [2022-08-09 21:36:06,235] {dagbag.py:507} INFO - Filling up the DagBag from /home/osboxes/.local/lib/python3.8/site-packages/airflow/example_dags/example_branch_operator_decorator.py
[2022-08-09 21:36:06,248] {processor.py:651} INFO - DAG(s) dict_keys(['example_branch_python_operator_decorator']) retrieved from /home/osboxes/.local/lib/python3.8/site-packages/airflow/example_dags/example_branch_operator_decorator.py
[2022-08-09 21:36:06,265] {logging_mixin.py:115} INFO - [2022-08-09 21:36:06,265] {dag.py:2371} INFO - Sync 1 DAGs
[2022-08-09 21:36:06,279] {logging_mixin.py:115} INFO - [2022-08-09 21:36:06,279] {dag.py:2915} INFO - Setting next_dagrun for example_branch_python_operator_decorator to 2022-08-09T00:00:00+00:00, run_after=2022-08-10T00:00:00+00:00
[2022-08-09 21:36:06,318] {processor.py:161} INFO - Processing /home/osboxes/.local/lib/python3.8/site-packages/airflow/example_dags/example_branch_operator_decorator.py took 0.087 seconds
[2022-08-09 21:36:50,111] {processor.py:153} INFO - Started process (PID=347534) to work on /home/osboxes/.local/lib/python3.8/site-packages/airflow/example_dags/example_branch_operator_decorator.py
[2022-08-09 21:36:50,112] {processor.py:641} INFO - Processing file /home/osboxes/.local/lib/python3.8/site-packages/airflow/example_dags/example_branch_operator_decorator.py for tasks to queue
[2022-08-09 21:36:50,113] {logging_mixin.py:115} INFO - [2022-08-09 21:36:50,113] {dagbag.py:507} INFO - Filling up the DagBag from /home/osboxes/.local/lib/python3.8/site-packages/airflow/example_dags/example_branch_operator_decorator.py
[2022-08-09 21:36:50,127] {processor.py:651} INFO - DAG(s) dict_keys(['example_branch_python_operator_decorator']) retrieved from /home/osboxes/.local/lib/python3.8/site-packages/airflow/example_dags/example_branch_operator_decorator.py
[2022-08-09 21:36:50,146] {logging_mixin.py:115} INFO - [2022-08-09 21:36:50,146] {dag.py:2371} INFO - Sync 1 DAGs
[2022-08-09 21:36:50,160] {logging_mixin.py:115} INFO - [2022-08-09 21:36:50,160] {dag.py:2915} INFO - Setting next_dagrun for example_branch_python_operator_decorator to 2022-08-09T00:00:00+00:00, run_after=2022-08-10T00:00:00+00:00
[2022-08-09 21:36:50,190] {processor.py:161} INFO - Processing /home/osboxes/.local/lib/python3.8/site-packages/airflow/example_dags/example_branch_operator_decorator.py took 0.082 seconds
[2022-08-09 21:37:35,825] {processor.py:153} INFO - Started process (PID=347952) to work on /home/osboxes/.local/lib/python3.8/site-packages/airflow/example_dags/example_branch_operator_decorator.py
[2022-08-09 21:37:35,826] {processor.py:641} INFO - Processing file /home/osboxes/.local/lib/python3.8/site-packages/airflow/example_dags/example_branch_operator_decorator.py for tasks to queue
[2022-08-09 21:37:35,827] {logging_mixin.py:115} INFO - [2022-08-09 21:37:35,827] {dagbag.py:507} INFO - Filling up the DagBag from /home/osboxes/.local/lib/python3.8/site-packages/airflow/example_dags/example_branch_operator_decorator.py
[2022-08-09 21:37:35,840] {processor.py:651} INFO - DAG(s) dict_keys(['example_branch_python_operator_decorator']) retrieved from /home/osboxes/.local/lib/python3.8/site-packages/airflow/example_dags/example_branch_operator_decorator.py
[2022-08-09 21:37:35,858] {logging_mixin.py:115} INFO - [2022-08-09 21:37:35,858] {dag.py:2371} INFO - Sync 1 DAGs
[2022-08-09 21:37:35,872] {logging_mixin.py:115} INFO - [2022-08-09 21:37:35,871] {dag.py:2915} INFO - Setting next_dagrun for example_branch_python_operator_decorator to 2022-08-09T00:00:00+00:00, run_after=2022-08-10T00:00:00+00:00
[2022-08-09 21:37:35,935] {processor.py:161} INFO - Processing /home/osboxes/.local/lib/python3.8/site-packages/airflow/example_dags/example_branch_operator_decorator.py took 0.111 seconds
[2022-08-09 21:38:27,578] {processor.py:153} INFO - Started process (PID=348442) to work on /home/osboxes/.local/lib/python3.8/site-packages/airflow/example_dags/example_branch_operator_decorator.py
[2022-08-09 21:38:27,588] {processor.py:641} INFO - Processing file /home/osboxes/.local/lib/python3.8/site-packages/airflow/example_dags/example_branch_operator_decorator.py for tasks to queue
[2022-08-09 21:38:27,589] {logging_mixin.py:115} INFO - [2022-08-09 21:38:27,589] {dagbag.py:507} INFO - Filling up the DagBag from /home/osboxes/.local/lib/python3.8/site-packages/airflow/example_dags/example_branch_operator_decorator.py
[2022-08-09 21:38:27,603] {processor.py:651} INFO - DAG(s) dict_keys(['example_branch_python_operator_decorator']) retrieved from /home/osboxes/.local/lib/python3.8/site-packages/airflow/example_dags/example_branch_operator_decorator.py
[2022-08-09 21:38:27,619] {logging_mixin.py:115} INFO - [2022-08-09 21:38:27,619] {dag.py:2371} INFO - Sync 1 DAGs
[2022-08-09 21:38:27,631] {logging_mixin.py:115} INFO - [2022-08-09 21:38:27,630] {dag.py:2915} INFO - Setting next_dagrun for example_branch_python_operator_decorator to 2022-08-09T00:00:00+00:00, run_after=2022-08-10T00:00:00+00:00
[2022-08-09 21:38:27,680] {processor.py:161} INFO - Processing /home/osboxes/.local/lib/python3.8/site-packages/airflow/example_dags/example_branch_operator_decorator.py took 0.105 seconds
[2022-08-09 21:39:12,127] {processor.py:153} INFO - Started process (PID=348899) to work on /home/osboxes/.local/lib/python3.8/site-packages/airflow/example_dags/example_branch_operator_decorator.py
[2022-08-09 21:39:12,128] {processor.py:641} INFO - Processing file /home/osboxes/.local/lib/python3.8/site-packages/airflow/example_dags/example_branch_operator_decorator.py for tasks to queue
[2022-08-09 21:39:12,129] {logging_mixin.py:115} INFO - [2022-08-09 21:39:12,129] {dagbag.py:507} INFO - Filling up the DagBag from /home/osboxes/.local/lib/python3.8/site-packages/airflow/example_dags/example_branch_operator_decorator.py
[2022-08-09 21:39:12,142] {processor.py:651} INFO - DAG(s) dict_keys(['example_branch_python_operator_decorator']) retrieved from /home/osboxes/.local/lib/python3.8/site-packages/airflow/example_dags/example_branch_operator_decorator.py
[2022-08-09 21:39:12,158] {logging_mixin.py:115} INFO - [2022-08-09 21:39:12,158] {dag.py:2371} INFO - Sync 1 DAGs
[2022-08-09 21:39:12,175] {logging_mixin.py:115} INFO - [2022-08-09 21:39:12,175] {dag.py:2915} INFO - Setting next_dagrun for example_branch_python_operator_decorator to 2022-08-09T00:00:00+00:00, run_after=2022-08-10T00:00:00+00:00
[2022-08-09 21:39:12,224] {processor.py:161} INFO - Processing /home/osboxes/.local/lib/python3.8/site-packages/airflow/example_dags/example_branch_operator_decorator.py took 0.099 seconds
[2022-08-09 21:40:00,134] {processor.py:153} INFO - Started process (PID=349341) to work on /home/osboxes/.local/lib/python3.8/site-packages/airflow/example_dags/example_branch_operator_decorator.py
[2022-08-09 21:40:00,135] {processor.py:641} INFO - Processing file /home/osboxes/.local/lib/python3.8/site-packages/airflow/example_dags/example_branch_operator_decorator.py for tasks to queue
[2022-08-09 21:40:00,136] {logging_mixin.py:115} INFO - [2022-08-09 21:40:00,136] {dagbag.py:507} INFO - Filling up the DagBag from /home/osboxes/.local/lib/python3.8/site-packages/airflow/example_dags/example_branch_operator_decorator.py
[2022-08-09 21:40:00,151] {processor.py:651} INFO - DAG(s) dict_keys(['example_branch_python_operator_decorator']) retrieved from /home/osboxes/.local/lib/python3.8/site-packages/airflow/example_dags/example_branch_operator_decorator.py
[2022-08-09 21:40:00,166] {logging_mixin.py:115} INFO - [2022-08-09 21:40:00,166] {dag.py:2371} INFO - Sync 1 DAGs
[2022-08-09 21:40:00,179] {logging_mixin.py:115} INFO - [2022-08-09 21:40:00,179] {dag.py:2915} INFO - Setting next_dagrun for example_branch_python_operator_decorator to 2022-08-09T00:00:00+00:00, run_after=2022-08-10T00:00:00+00:00
[2022-08-09 21:40:00,208] {processor.py:161} INFO - Processing /home/osboxes/.local/lib/python3.8/site-packages/airflow/example_dags/example_branch_operator_decorator.py took 0.077 seconds
[2022-08-09 21:40:51,839] {processor.py:153} INFO - Started process (PID=349802) to work on /home/osboxes/.local/lib/python3.8/site-packages/airflow/example_dags/example_branch_operator_decorator.py
[2022-08-09 21:40:51,840] {processor.py:641} INFO - Processing file /home/osboxes/.local/lib/python3.8/site-packages/airflow/example_dags/example_branch_operator_decorator.py for tasks to queue
[2022-08-09 21:40:51,841] {logging_mixin.py:115} INFO - [2022-08-09 21:40:51,841] {dagbag.py:507} INFO - Filling up the DagBag from /home/osboxes/.local/lib/python3.8/site-packages/airflow/example_dags/example_branch_operator_decorator.py
[2022-08-09 21:40:51,854] {processor.py:651} INFO - DAG(s) dict_keys(['example_branch_python_operator_decorator']) retrieved from /home/osboxes/.local/lib/python3.8/site-packages/airflow/example_dags/example_branch_operator_decorator.py
[2022-08-09 21:40:51,869] {logging_mixin.py:115} INFO - [2022-08-09 21:40:51,869] {dag.py:2371} INFO - Sync 1 DAGs
[2022-08-09 21:40:51,883] {logging_mixin.py:115} INFO - [2022-08-09 21:40:51,882] {dag.py:2915} INFO - Setting next_dagrun for example_branch_python_operator_decorator to 2022-08-09T00:00:00+00:00, run_after=2022-08-10T00:00:00+00:00
[2022-08-09 21:40:51,929] {processor.py:161} INFO - Processing /home/osboxes/.local/lib/python3.8/site-packages/airflow/example_dags/example_branch_operator_decorator.py took 0.093 seconds
[2022-08-09 21:41:40,849] {processor.py:153} INFO - Started process (PID=350256) to work on /home/osboxes/.local/lib/python3.8/site-packages/airflow/example_dags/example_branch_operator_decorator.py
[2022-08-09 21:41:40,853] {processor.py:641} INFO - Processing file /home/osboxes/.local/lib/python3.8/site-packages/airflow/example_dags/example_branch_operator_decorator.py for tasks to queue
[2022-08-09 21:41:40,854] {logging_mixin.py:115} INFO - [2022-08-09 21:41:40,854] {dagbag.py:507} INFO - Filling up the DagBag from /home/osboxes/.local/lib/python3.8/site-packages/airflow/example_dags/example_branch_operator_decorator.py
[2022-08-09 21:41:40,868] {processor.py:651} INFO - DAG(s) dict_keys(['example_branch_python_operator_decorator']) retrieved from /home/osboxes/.local/lib/python3.8/site-packages/airflow/example_dags/example_branch_operator_decorator.py
[2022-08-09 21:41:40,885] {logging_mixin.py:115} INFO - [2022-08-09 21:41:40,884] {dag.py:2371} INFO - Sync 1 DAGs
[2022-08-09 21:41:40,897] {logging_mixin.py:115} INFO - [2022-08-09 21:41:40,896] {dag.py:2915} INFO - Setting next_dagrun for example_branch_python_operator_decorator to 2022-08-09T00:00:00+00:00, run_after=2022-08-10T00:00:00+00:00
[2022-08-09 21:41:40,924] {processor.py:161} INFO - Processing /home/osboxes/.local/lib/python3.8/site-packages/airflow/example_dags/example_branch_operator_decorator.py took 0.076 seconds
[2022-08-09 21:42:26,882] {processor.py:153} INFO - Started process (PID=350686) to work on /home/osboxes/.local/lib/python3.8/site-packages/airflow/example_dags/example_branch_operator_decorator.py
[2022-08-09 21:42:26,884] {processor.py:641} INFO - Processing file /home/osboxes/.local/lib/python3.8/site-packages/airflow/example_dags/example_branch_operator_decorator.py for tasks to queue
[2022-08-09 21:42:26,885] {logging_mixin.py:115} INFO - [2022-08-09 21:42:26,884] {dagbag.py:507} INFO - Filling up the DagBag from /home/osboxes/.local/lib/python3.8/site-packages/airflow/example_dags/example_branch_operator_decorator.py
[2022-08-09 21:42:26,899] {processor.py:651} INFO - DAG(s) dict_keys(['example_branch_python_operator_decorator']) retrieved from /home/osboxes/.local/lib/python3.8/site-packages/airflow/example_dags/example_branch_operator_decorator.py
[2022-08-09 21:42:26,915] {logging_mixin.py:115} INFO - [2022-08-09 21:42:26,915] {dag.py:2371} INFO - Sync 1 DAGs
[2022-08-09 21:42:26,928] {logging_mixin.py:115} INFO - [2022-08-09 21:42:26,928] {dag.py:2915} INFO - Setting next_dagrun for example_branch_python_operator_decorator to 2022-08-09T00:00:00+00:00, run_after=2022-08-10T00:00:00+00:00
[2022-08-09 21:42:26,964] {processor.py:161} INFO - Processing /home/osboxes/.local/lib/python3.8/site-packages/airflow/example_dags/example_branch_operator_decorator.py took 0.084 seconds
[2022-08-09 21:43:15,329] {processor.py:153} INFO - Started process (PID=351131) to work on /home/osboxes/.local/lib/python3.8/site-packages/airflow/example_dags/example_branch_operator_decorator.py
[2022-08-09 21:43:15,331] {processor.py:641} INFO - Processing file /home/osboxes/.local/lib/python3.8/site-packages/airflow/example_dags/example_branch_operator_decorator.py for tasks to queue
[2022-08-09 21:43:15,332] {logging_mixin.py:115} INFO - [2022-08-09 21:43:15,332] {dagbag.py:507} INFO - Filling up the DagBag from /home/osboxes/.local/lib/python3.8/site-packages/airflow/example_dags/example_branch_operator_decorator.py
[2022-08-09 21:43:15,346] {processor.py:651} INFO - DAG(s) dict_keys(['example_branch_python_operator_decorator']) retrieved from /home/osboxes/.local/lib/python3.8/site-packages/airflow/example_dags/example_branch_operator_decorator.py
[2022-08-09 21:43:15,362] {logging_mixin.py:115} INFO - [2022-08-09 21:43:15,362] {dag.py:2371} INFO - Sync 1 DAGs
[2022-08-09 21:43:15,378] {logging_mixin.py:115} INFO - [2022-08-09 21:43:15,378] {dag.py:2915} INFO - Setting next_dagrun for example_branch_python_operator_decorator to 2022-08-09T00:00:00+00:00, run_after=2022-08-10T00:00:00+00:00
[2022-08-09 21:43:15,416] {processor.py:161} INFO - Processing /home/osboxes/.local/lib/python3.8/site-packages/airflow/example_dags/example_branch_operator_decorator.py took 0.089 seconds
[2022-08-09 21:44:02,699] {processor.py:153} INFO - Started process (PID=351612) to work on /home/osboxes/.local/lib/python3.8/site-packages/airflow/example_dags/example_branch_operator_decorator.py
[2022-08-09 21:44:02,700] {processor.py:641} INFO - Processing file /home/osboxes/.local/lib/python3.8/site-packages/airflow/example_dags/example_branch_operator_decorator.py for tasks to queue
[2022-08-09 21:44:02,701] {logging_mixin.py:115} INFO - [2022-08-09 21:44:02,701] {dagbag.py:507} INFO - Filling up the DagBag from /home/osboxes/.local/lib/python3.8/site-packages/airflow/example_dags/example_branch_operator_decorator.py
[2022-08-09 21:44:02,714] {processor.py:651} INFO - DAG(s) dict_keys(['example_branch_python_operator_decorator']) retrieved from /home/osboxes/.local/lib/python3.8/site-packages/airflow/example_dags/example_branch_operator_decorator.py
[2022-08-09 21:44:02,731] {logging_mixin.py:115} INFO - [2022-08-09 21:44:02,731] {dag.py:2371} INFO - Sync 1 DAGs
[2022-08-09 21:44:02,744] {logging_mixin.py:115} INFO - [2022-08-09 21:44:02,744] {dag.py:2915} INFO - Setting next_dagrun for example_branch_python_operator_decorator to 2022-08-09T00:00:00+00:00, run_after=2022-08-10T00:00:00+00:00
[2022-08-09 21:44:02,779] {processor.py:161} INFO - Processing /home/osboxes/.local/lib/python3.8/site-packages/airflow/example_dags/example_branch_operator_decorator.py took 0.083 seconds
[2022-08-09 21:44:46,553] {processor.py:153} INFO - Started process (PID=352024) to work on /home/osboxes/.local/lib/python3.8/site-packages/airflow/example_dags/example_branch_operator_decorator.py
[2022-08-09 21:44:46,554] {processor.py:641} INFO - Processing file /home/osboxes/.local/lib/python3.8/site-packages/airflow/example_dags/example_branch_operator_decorator.py for tasks to queue
[2022-08-09 21:44:46,554] {logging_mixin.py:115} INFO - [2022-08-09 21:44:46,554] {dagbag.py:507} INFO - Filling up the DagBag from /home/osboxes/.local/lib/python3.8/site-packages/airflow/example_dags/example_branch_operator_decorator.py
[2022-08-09 21:44:46,567] {processor.py:651} INFO - DAG(s) dict_keys(['example_branch_python_operator_decorator']) retrieved from /home/osboxes/.local/lib/python3.8/site-packages/airflow/example_dags/example_branch_operator_decorator.py
[2022-08-09 21:44:46,584] {logging_mixin.py:115} INFO - [2022-08-09 21:44:46,584] {dag.py:2371} INFO - Sync 1 DAGs
[2022-08-09 21:44:46,597] {logging_mixin.py:115} INFO - [2022-08-09 21:44:46,597] {dag.py:2915} INFO - Setting next_dagrun for example_branch_python_operator_decorator to 2022-08-09T00:00:00+00:00, run_after=2022-08-10T00:00:00+00:00
[2022-08-09 21:44:46,640] {processor.py:161} INFO - Processing /home/osboxes/.local/lib/python3.8/site-packages/airflow/example_dags/example_branch_operator_decorator.py took 0.089 seconds
[2022-08-09 21:45:36,947] {processor.py:153} INFO - Started process (PID=352496) to work on /home/osboxes/.local/lib/python3.8/site-packages/airflow/example_dags/example_branch_operator_decorator.py
[2022-08-09 21:45:36,959] {processor.py:641} INFO - Processing file /home/osboxes/.local/lib/python3.8/site-packages/airflow/example_dags/example_branch_operator_decorator.py for tasks to queue
[2022-08-09 21:45:36,959] {logging_mixin.py:115} INFO - [2022-08-09 21:45:36,959] {dagbag.py:507} INFO - Filling up the DagBag from /home/osboxes/.local/lib/python3.8/site-packages/airflow/example_dags/example_branch_operator_decorator.py
[2022-08-09 21:45:36,974] {processor.py:651} INFO - DAG(s) dict_keys(['example_branch_python_operator_decorator']) retrieved from /home/osboxes/.local/lib/python3.8/site-packages/airflow/example_dags/example_branch_operator_decorator.py
[2022-08-09 21:45:36,989] {logging_mixin.py:115} INFO - [2022-08-09 21:45:36,989] {dag.py:2371} INFO - Sync 1 DAGs
[2022-08-09 21:45:37,004] {logging_mixin.py:115} INFO - [2022-08-09 21:45:37,004] {dag.py:2915} INFO - Setting next_dagrun for example_branch_python_operator_decorator to 2022-08-09T00:00:00+00:00, run_after=2022-08-10T00:00:00+00:00
[2022-08-09 21:45:37,032] {processor.py:161} INFO - Processing /home/osboxes/.local/lib/python3.8/site-packages/airflow/example_dags/example_branch_operator_decorator.py took 0.087 seconds
[2022-08-09 21:46:23,350] {processor.py:153} INFO - Started process (PID=352925) to work on /home/osboxes/.local/lib/python3.8/site-packages/airflow/example_dags/example_branch_operator_decorator.py
[2022-08-09 21:46:23,352] {processor.py:641} INFO - Processing file /home/osboxes/.local/lib/python3.8/site-packages/airflow/example_dags/example_branch_operator_decorator.py for tasks to queue
[2022-08-09 21:46:23,352] {logging_mixin.py:115} INFO - [2022-08-09 21:46:23,352] {dagbag.py:507} INFO - Filling up the DagBag from /home/osboxes/.local/lib/python3.8/site-packages/airflow/example_dags/example_branch_operator_decorator.py
[2022-08-09 21:46:23,367] {processor.py:651} INFO - DAG(s) dict_keys(['example_branch_python_operator_decorator']) retrieved from /home/osboxes/.local/lib/python3.8/site-packages/airflow/example_dags/example_branch_operator_decorator.py
[2022-08-09 21:46:23,385] {logging_mixin.py:115} INFO - [2022-08-09 21:46:23,385] {dag.py:2371} INFO - Sync 1 DAGs
[2022-08-09 21:46:23,399] {logging_mixin.py:115} INFO - [2022-08-09 21:46:23,399] {dag.py:2915} INFO - Setting next_dagrun for example_branch_python_operator_decorator to 2022-08-09T00:00:00+00:00, run_after=2022-08-10T00:00:00+00:00
[2022-08-09 21:46:23,464] {processor.py:161} INFO - Processing /home/osboxes/.local/lib/python3.8/site-packages/airflow/example_dags/example_branch_operator_decorator.py took 0.116 seconds
[2022-08-09 21:47:08,247] {processor.py:153} INFO - Started process (PID=353347) to work on /home/osboxes/.local/lib/python3.8/site-packages/airflow/example_dags/example_branch_operator_decorator.py
[2022-08-09 21:47:08,248] {processor.py:641} INFO - Processing file /home/osboxes/.local/lib/python3.8/site-packages/airflow/example_dags/example_branch_operator_decorator.py for tasks to queue
[2022-08-09 21:47:08,249] {logging_mixin.py:115} INFO - [2022-08-09 21:47:08,248] {dagbag.py:507} INFO - Filling up the DagBag from /home/osboxes/.local/lib/python3.8/site-packages/airflow/example_dags/example_branch_operator_decorator.py
[2022-08-09 21:47:08,262] {processor.py:651} INFO - DAG(s) dict_keys(['example_branch_python_operator_decorator']) retrieved from /home/osboxes/.local/lib/python3.8/site-packages/airflow/example_dags/example_branch_operator_decorator.py
[2022-08-09 21:47:08,277] {logging_mixin.py:115} INFO - [2022-08-09 21:47:08,277] {dag.py:2371} INFO - Sync 1 DAGs
[2022-08-09 21:47:08,293] {logging_mixin.py:115} INFO - [2022-08-09 21:47:08,293] {dag.py:2915} INFO - Setting next_dagrun for example_branch_python_operator_decorator to 2022-08-09T00:00:00+00:00, run_after=2022-08-10T00:00:00+00:00
[2022-08-09 21:47:08,320] {processor.py:161} INFO - Processing /home/osboxes/.local/lib/python3.8/site-packages/airflow/example_dags/example_branch_operator_decorator.py took 0.077 seconds
[2022-08-09 21:48:00,197] {processor.py:153} INFO - Started process (PID=353826) to work on /home/osboxes/.local/lib/python3.8/site-packages/airflow/example_dags/example_branch_operator_decorator.py
[2022-08-09 21:48:00,207] {processor.py:641} INFO - Processing file /home/osboxes/.local/lib/python3.8/site-packages/airflow/example_dags/example_branch_operator_decorator.py for tasks to queue
[2022-08-09 21:48:00,208] {logging_mixin.py:115} INFO - [2022-08-09 21:48:00,208] {dagbag.py:507} INFO - Filling up the DagBag from /home/osboxes/.local/lib/python3.8/site-packages/airflow/example_dags/example_branch_operator_decorator.py
[2022-08-09 21:48:00,220] {processor.py:651} INFO - DAG(s) dict_keys(['example_branch_python_operator_decorator']) retrieved from /home/osboxes/.local/lib/python3.8/site-packages/airflow/example_dags/example_branch_operator_decorator.py
[2022-08-09 21:48:00,235] {logging_mixin.py:115} INFO - [2022-08-09 21:48:00,235] {dag.py:2371} INFO - Sync 1 DAGs
[2022-08-09 21:48:00,248] {logging_mixin.py:115} INFO - [2022-08-09 21:48:00,248] {dag.py:2915} INFO - Setting next_dagrun for example_branch_python_operator_decorator to 2022-08-09T00:00:00+00:00, run_after=2022-08-10T00:00:00+00:00
[2022-08-09 21:48:00,276] {processor.py:161} INFO - Processing /home/osboxes/.local/lib/python3.8/site-packages/airflow/example_dags/example_branch_operator_decorator.py took 0.082 seconds
[2022-08-09 21:48:40,539] {processor.py:153} INFO - Started process (PID=354248) to work on /home/osboxes/.local/lib/python3.8/site-packages/airflow/example_dags/example_branch_operator_decorator.py
[2022-08-09 21:48:40,540] {processor.py:641} INFO - Processing file /home/osboxes/.local/lib/python3.8/site-packages/airflow/example_dags/example_branch_operator_decorator.py for tasks to queue
[2022-08-09 21:48:40,540] {logging_mixin.py:115} INFO - [2022-08-09 21:48:40,540] {dagbag.py:507} INFO - Filling up the DagBag from /home/osboxes/.local/lib/python3.8/site-packages/airflow/example_dags/example_branch_operator_decorator.py
[2022-08-09 21:48:40,553] {processor.py:651} INFO - DAG(s) dict_keys(['example_branch_python_operator_decorator']) retrieved from /home/osboxes/.local/lib/python3.8/site-packages/airflow/example_dags/example_branch_operator_decorator.py
[2022-08-09 21:48:40,571] {logging_mixin.py:115} INFO - [2022-08-09 21:48:40,570] {dag.py:2371} INFO - Sync 1 DAGs
[2022-08-09 21:48:40,583] {logging_mixin.py:115} INFO - [2022-08-09 21:48:40,583] {dag.py:2915} INFO - Setting next_dagrun for example_branch_python_operator_decorator to 2022-08-09T00:00:00+00:00, run_after=2022-08-10T00:00:00+00:00
[2022-08-09 21:48:40,626] {processor.py:161} INFO - Processing /home/osboxes/.local/lib/python3.8/site-packages/airflow/example_dags/example_branch_operator_decorator.py took 0.090 seconds
[2022-08-09 21:49:28,743] {processor.py:153} INFO - Started process (PID=354675) to work on /home/osboxes/.local/lib/python3.8/site-packages/airflow/example_dags/example_branch_operator_decorator.py
[2022-08-09 21:49:28,745] {processor.py:641} INFO - Processing file /home/osboxes/.local/lib/python3.8/site-packages/airflow/example_dags/example_branch_operator_decorator.py for tasks to queue
[2022-08-09 21:49:28,746] {logging_mixin.py:115} INFO - [2022-08-09 21:49:28,745] {dagbag.py:507} INFO - Filling up the DagBag from /home/osboxes/.local/lib/python3.8/site-packages/airflow/example_dags/example_branch_operator_decorator.py
[2022-08-09 21:49:28,762] {processor.py:651} INFO - DAG(s) dict_keys(['example_branch_python_operator_decorator']) retrieved from /home/osboxes/.local/lib/python3.8/site-packages/airflow/example_dags/example_branch_operator_decorator.py
[2022-08-09 21:49:28,780] {logging_mixin.py:115} INFO - [2022-08-09 21:49:28,780] {dag.py:2371} INFO - Sync 1 DAGs
[2022-08-09 21:49:28,794] {logging_mixin.py:115} INFO - [2022-08-09 21:49:28,794] {dag.py:2915} INFO - Setting next_dagrun for example_branch_python_operator_decorator to 2022-08-09T00:00:00+00:00, run_after=2022-08-10T00:00:00+00:00
[2022-08-09 21:49:28,836] {processor.py:161} INFO - Processing /home/osboxes/.local/lib/python3.8/site-packages/airflow/example_dags/example_branch_operator_decorator.py took 0.095 seconds
[2022-08-09 21:50:20,110] {processor.py:153} INFO - Started process (PID=355135) to work on /home/osboxes/.local/lib/python3.8/site-packages/airflow/example_dags/example_branch_operator_decorator.py
[2022-08-09 21:50:20,111] {processor.py:641} INFO - Processing file /home/osboxes/.local/lib/python3.8/site-packages/airflow/example_dags/example_branch_operator_decorator.py for tasks to queue
[2022-08-09 21:50:20,112] {logging_mixin.py:115} INFO - [2022-08-09 21:50:20,112] {dagbag.py:507} INFO - Filling up the DagBag from /home/osboxes/.local/lib/python3.8/site-packages/airflow/example_dags/example_branch_operator_decorator.py
[2022-08-09 21:50:20,125] {processor.py:651} INFO - DAG(s) dict_keys(['example_branch_python_operator_decorator']) retrieved from /home/osboxes/.local/lib/python3.8/site-packages/airflow/example_dags/example_branch_operator_decorator.py
[2022-08-09 21:50:20,140] {logging_mixin.py:115} INFO - [2022-08-09 21:50:20,140] {dag.py:2371} INFO - Sync 1 DAGs
[2022-08-09 21:50:20,155] {logging_mixin.py:115} INFO - [2022-08-09 21:50:20,152] {dag.py:2915} INFO - Setting next_dagrun for example_branch_python_operator_decorator to 2022-08-09T00:00:00+00:00, run_after=2022-08-10T00:00:00+00:00
[2022-08-09 21:50:20,184] {processor.py:161} INFO - Processing /home/osboxes/.local/lib/python3.8/site-packages/airflow/example_dags/example_branch_operator_decorator.py took 0.077 seconds
[2022-08-09 21:51:04,962] {processor.py:153} INFO - Started process (PID=355526) to work on /home/osboxes/.local/lib/python3.8/site-packages/airflow/example_dags/example_branch_operator_decorator.py
[2022-08-09 21:51:04,964] {processor.py:641} INFO - Processing file /home/osboxes/.local/lib/python3.8/site-packages/airflow/example_dags/example_branch_operator_decorator.py for tasks to queue
[2022-08-09 21:51:04,964] {logging_mixin.py:115} INFO - [2022-08-09 21:51:04,964] {dagbag.py:507} INFO - Filling up the DagBag from /home/osboxes/.local/lib/python3.8/site-packages/airflow/example_dags/example_branch_operator_decorator.py
[2022-08-09 21:51:04,978] {processor.py:651} INFO - DAG(s) dict_keys(['example_branch_python_operator_decorator']) retrieved from /home/osboxes/.local/lib/python3.8/site-packages/airflow/example_dags/example_branch_operator_decorator.py
[2022-08-09 21:51:04,994] {logging_mixin.py:115} INFO - [2022-08-09 21:51:04,994] {dag.py:2371} INFO - Sync 1 DAGs
[2022-08-09 21:51:05,007] {logging_mixin.py:115} INFO - [2022-08-09 21:51:05,007] {dag.py:2915} INFO - Setting next_dagrun for example_branch_python_operator_decorator to 2022-08-09T00:00:00+00:00, run_after=2022-08-10T00:00:00+00:00
[2022-08-09 21:51:05,069] {processor.py:161} INFO - Processing /home/osboxes/.local/lib/python3.8/site-packages/airflow/example_dags/example_branch_operator_decorator.py took 0.109 seconds
[2022-08-09 22:10:05,427] {processor.py:153} INFO - Started process (PID=356224) to work on /home/osboxes/.local/lib/python3.8/site-packages/airflow/example_dags/example_branch_operator_decorator.py
[2022-08-09 22:10:05,429] {processor.py:641} INFO - Processing file /home/osboxes/.local/lib/python3.8/site-packages/airflow/example_dags/example_branch_operator_decorator.py for tasks to queue
[2022-08-09 22:10:05,429] {logging_mixin.py:115} INFO - [2022-08-09 22:10:05,429] {dagbag.py:507} INFO - Filling up the DagBag from /home/osboxes/.local/lib/python3.8/site-packages/airflow/example_dags/example_branch_operator_decorator.py
[2022-08-09 22:10:05,441] {processor.py:651} INFO - DAG(s) dict_keys(['example_branch_python_operator_decorator']) retrieved from /home/osboxes/.local/lib/python3.8/site-packages/airflow/example_dags/example_branch_operator_decorator.py
[2022-08-09 22:10:05,465] {logging_mixin.py:115} INFO - [2022-08-09 22:10:05,465] {dag.py:2371} INFO - Sync 1 DAGs
[2022-08-09 22:10:05,479] {logging_mixin.py:115} INFO - [2022-08-09 22:10:05,478] {dag.py:2915} INFO - Setting next_dagrun for example_branch_python_operator_decorator to 2022-08-09T00:00:00+00:00, run_after=2022-08-10T00:00:00+00:00
[2022-08-09 22:10:05,526] {processor.py:161} INFO - Processing /home/osboxes/.local/lib/python3.8/site-packages/airflow/example_dags/example_branch_operator_decorator.py took 0.101 seconds
[2022-08-09 22:10:49,935] {processor.py:153} INFO - Started process (PID=356648) to work on /home/osboxes/.local/lib/python3.8/site-packages/airflow/example_dags/example_branch_operator_decorator.py
[2022-08-09 22:10:49,937] {processor.py:641} INFO - Processing file /home/osboxes/.local/lib/python3.8/site-packages/airflow/example_dags/example_branch_operator_decorator.py for tasks to queue
[2022-08-09 22:10:49,938] {logging_mixin.py:115} INFO - [2022-08-09 22:10:49,938] {dagbag.py:507} INFO - Filling up the DagBag from /home/osboxes/.local/lib/python3.8/site-packages/airflow/example_dags/example_branch_operator_decorator.py
[2022-08-09 22:10:49,951] {processor.py:651} INFO - DAG(s) dict_keys(['example_branch_python_operator_decorator']) retrieved from /home/osboxes/.local/lib/python3.8/site-packages/airflow/example_dags/example_branch_operator_decorator.py
[2022-08-09 22:10:49,967] {logging_mixin.py:115} INFO - [2022-08-09 22:10:49,967] {dag.py:2371} INFO - Sync 1 DAGs
[2022-08-09 22:10:49,980] {logging_mixin.py:115} INFO - [2022-08-09 22:10:49,979] {dag.py:2915} INFO - Setting next_dagrun for example_branch_python_operator_decorator to 2022-08-09T00:00:00+00:00, run_after=2022-08-10T00:00:00+00:00
[2022-08-09 22:10:50,010] {processor.py:161} INFO - Processing /home/osboxes/.local/lib/python3.8/site-packages/airflow/example_dags/example_branch_operator_decorator.py took 0.077 seconds
[2022-08-09 22:11:33,989] {processor.py:153} INFO - Started process (PID=357058) to work on /home/osboxes/.local/lib/python3.8/site-packages/airflow/example_dags/example_branch_operator_decorator.py
[2022-08-09 22:11:33,993] {processor.py:641} INFO - Processing file /home/osboxes/.local/lib/python3.8/site-packages/airflow/example_dags/example_branch_operator_decorator.py for tasks to queue
[2022-08-09 22:11:33,994] {logging_mixin.py:115} INFO - [2022-08-09 22:11:33,994] {dagbag.py:507} INFO - Filling up the DagBag from /home/osboxes/.local/lib/python3.8/site-packages/airflow/example_dags/example_branch_operator_decorator.py
[2022-08-09 22:11:34,018] {processor.py:651} INFO - DAG(s) dict_keys(['example_branch_python_operator_decorator']) retrieved from /home/osboxes/.local/lib/python3.8/site-packages/airflow/example_dags/example_branch_operator_decorator.py
[2022-08-09 22:11:34,039] {logging_mixin.py:115} INFO - [2022-08-09 22:11:34,039] {dag.py:2371} INFO - Sync 1 DAGs
[2022-08-09 22:11:34,065] {logging_mixin.py:115} INFO - [2022-08-09 22:11:34,064] {dag.py:2915} INFO - Setting next_dagrun for example_branch_python_operator_decorator to 2022-08-09T00:00:00+00:00, run_after=2022-08-10T00:00:00+00:00
[2022-08-09 22:11:34,099] {processor.py:161} INFO - Processing /home/osboxes/.local/lib/python3.8/site-packages/airflow/example_dags/example_branch_operator_decorator.py took 0.116 seconds
[2022-08-09 22:12:16,670] {processor.py:153} INFO - Started process (PID=357501) to work on /home/osboxes/.local/lib/python3.8/site-packages/airflow/example_dags/example_branch_operator_decorator.py
[2022-08-09 22:12:16,672] {processor.py:641} INFO - Processing file /home/osboxes/.local/lib/python3.8/site-packages/airflow/example_dags/example_branch_operator_decorator.py for tasks to queue
[2022-08-09 22:12:16,672] {logging_mixin.py:115} INFO - [2022-08-09 22:12:16,672] {dagbag.py:507} INFO - Filling up the DagBag from /home/osboxes/.local/lib/python3.8/site-packages/airflow/example_dags/example_branch_operator_decorator.py
[2022-08-09 22:12:16,702] {processor.py:651} INFO - DAG(s) dict_keys(['example_branch_python_operator_decorator']) retrieved from /home/osboxes/.local/lib/python3.8/site-packages/airflow/example_dags/example_branch_operator_decorator.py
[2022-08-09 22:12:16,723] {logging_mixin.py:115} INFO - [2022-08-09 22:12:16,723] {dag.py:2371} INFO - Sync 1 DAGs
[2022-08-09 22:12:16,738] {logging_mixin.py:115} INFO - [2022-08-09 22:12:16,738] {dag.py:2915} INFO - Setting next_dagrun for example_branch_python_operator_decorator to 2022-08-09T00:00:00+00:00, run_after=2022-08-10T00:00:00+00:00
[2022-08-09 22:12:16,768] {processor.py:161} INFO - Processing /home/osboxes/.local/lib/python3.8/site-packages/airflow/example_dags/example_branch_operator_decorator.py took 0.103 seconds
[2022-08-09 22:13:06,574] {processor.py:153} INFO - Started process (PID=357955) to work on /home/osboxes/.local/lib/python3.8/site-packages/airflow/example_dags/example_branch_operator_decorator.py
[2022-08-09 22:13:06,576] {processor.py:641} INFO - Processing file /home/osboxes/.local/lib/python3.8/site-packages/airflow/example_dags/example_branch_operator_decorator.py for tasks to queue
[2022-08-09 22:13:06,576] {logging_mixin.py:115} INFO - [2022-08-09 22:13:06,576] {dagbag.py:507} INFO - Filling up the DagBag from /home/osboxes/.local/lib/python3.8/site-packages/airflow/example_dags/example_branch_operator_decorator.py
[2022-08-09 22:13:06,589] {processor.py:651} INFO - DAG(s) dict_keys(['example_branch_python_operator_decorator']) retrieved from /home/osboxes/.local/lib/python3.8/site-packages/airflow/example_dags/example_branch_operator_decorator.py
[2022-08-09 22:13:06,604] {logging_mixin.py:115} INFO - [2022-08-09 22:13:06,604] {dag.py:2371} INFO - Sync 1 DAGs
[2022-08-09 22:13:06,617] {logging_mixin.py:115} INFO - [2022-08-09 22:13:06,617] {dag.py:2915} INFO - Setting next_dagrun for example_branch_python_operator_decorator to 2022-08-09T00:00:00+00:00, run_after=2022-08-10T00:00:00+00:00
[2022-08-09 22:13:06,657] {processor.py:161} INFO - Processing /home/osboxes/.local/lib/python3.8/site-packages/airflow/example_dags/example_branch_operator_decorator.py took 0.085 seconds
                                                                                                                                                                                                                                                                                                                                                                                                                                                                                                                                                                                                                                                                                                                                                                                                                                                                                                                                                                                                                                                                                                                                                                                                                                                                                                                                                                                                                                                               