[2022-08-09 21:18:30,707] {processor.py:153} INFO - Started process (PID=337159) to work on /home/osboxes/.local/lib/python3.8/site-packages/airflow/example_dags/example_time_delta_sensor_async.py
[2022-08-09 21:18:30,708] {processor.py:641} INFO - Processing file /home/osboxes/.local/lib/python3.8/site-packages/airflow/example_dags/example_time_delta_sensor_async.py for tasks to queue
[2022-08-09 21:18:30,708] {logging_mixin.py:115} INFO - [2022-08-09 21:18:30,708] {dagbag.py:507} INFO - Filling up the DagBag from /home/osboxes/.local/lib/python3.8/site-packages/airflow/example_dags/example_time_delta_sensor_async.py
[2022-08-09 21:18:30,714] {processor.py:651} INFO - DAG(s) dict_keys(['example_time_delta_sensor_async']) retrieved from /home/osboxes/.local/lib/python3.8/site-packages/airflow/example_dags/example_time_delta_sensor_async.py
[2022-08-09 21:18:30,742] {logging_mixin.py:115} INFO - [2022-08-09 21:18:30,742] {dag.py:2371} INFO - Sync 1 DAGs
[2022-08-09 21:18:30,753] {logging_mixin.py:115} INFO - [2022-08-09 21:18:30,753] {dag.py:2915} INFO - Setting next_dagrun for example_time_delta_sensor_async to None, run_after=None
[2022-08-09 21:18:30,792] {processor.py:161} INFO - Processing /home/osboxes/.local/lib/python3.8/site-packages/airflow/example_dags/example_time_delta_sensor_async.py took 0.089 seconds
[2022-08-09 21:19:13,062] {processor.py:153} INFO - Started process (PID=337591) to work on /home/osboxes/.local/lib/python3.8/site-packages/airflow/example_dags/example_time_delta_sensor_async.py
[2022-08-09 21:19:13,064] {processor.py:641} INFO - Processing file /home/osboxes/.local/lib/python3.8/site-packages/airflow/example_dags/example_time_delta_sensor_async.py for tasks to queue
[2022-08-09 21:19:13,065] {logging_mixin.py:115} INFO - [2022-08-09 21:19:13,065] {dagbag.py:507} INFO - Filling up the DagBag from /home/osboxes/.local/lib/python3.8/site-packages/airflow/example_dags/example_time_delta_sensor_async.py
[2022-08-09 21:19:13,070] {processor.py:651} INFO - DAG(s) dict_keys(['example_time_delta_sensor_async']) retrieved from /home/osboxes/.local/lib/python3.8/site-packages/airflow/example_dags/example_time_delta_sensor_async.py
[2022-08-09 21:19:13,101] {logging_mixin.py:115} INFO - [2022-08-09 21:19:13,101] {dag.py:2371} INFO - Sync 1 DAGs
[2022-08-09 21:19:13,117] {logging_mixin.py:115} INFO - [2022-08-09 21:19:13,117] {dag.py:2915} INFO - Setting next_dagrun for example_time_delta_sensor_async to None, run_after=None
[2022-08-09 21:19:13,147] {processor.py:161} INFO - Processing /home/osboxes/.local/lib/python3.8/site-packages/airflow/example_dags/example_time_delta_sensor_async.py took 0.087 seconds
[2022-08-09 21:19:53,287] {processor.py:153} INFO - Started process (PID=337961) to work on /home/osboxes/.local/lib/python3.8/site-packages/airflow/example_dags/example_time_delta_sensor_async.py
[2022-08-09 21:19:53,288] {processor.py:641} INFO - Processing file /home/osboxes/.local/lib/python3.8/site-packages/airflow/example_dags/example_time_delta_sensor_async.py for tasks to queue
[2022-08-09 21:19:53,289] {logging_mixin.py:115} INFO - [2022-08-09 21:19:53,288] {dagbag.py:507} INFO - Filling up the DagBag from /home/osboxes/.local/lib/python3.8/site-packages/airflow/example_dags/example_time_delta_sensor_async.py
[2022-08-09 21:19:53,293] {processor.py:651} INFO - DAG(s) dict_keys(['example_time_delta_sensor_async']) retrieved from /home/osboxes/.local/lib/python3.8/site-packages/airflow/example_dags/example_time_delta_sensor_async.py
[2022-08-09 21:19:53,363] {logging_mixin.py:115} INFO - [2022-08-09 21:19:53,363] {dag.py:2371} INFO - Sync 1 DAGs
[2022-08-09 21:19:53,380] {logging_mixin.py:115} INFO - [2022-08-09 21:19:53,380] {dag.py:2915} INFO - Setting next_dagrun for example_time_delta_sensor_async to None, run_after=None
[2022-08-09 21:19:53,414] {processor.py:161} INFO - Processing /home/osboxes/.local/lib/python3.8/site-packages/airflow/example_dags/example_time_delta_sensor_async.py took 0.141 seconds
[2022-08-09 21:20:35,825] {processor.py:153} INFO - Started process (PID=338337) to work on /home/osboxes/.local/lib/python3.8/site-packages/airflow/example_dags/example_time_delta_sensor_async.py
[2022-08-09 21:20:35,828] {processor.py:641} INFO - Processing file /home/osboxes/.local/lib/python3.8/site-packages/airflow/example_dags/example_time_delta_sensor_async.py for tasks to queue
[2022-08-09 21:20:35,828] {logging_mixin.py:115} INFO - [2022-08-09 21:20:35,828] {dagbag.py:507} INFO - Filling up the DagBag from /home/osboxes/.local/lib/python3.8/site-packages/airflow/example_dags/example_time_delta_sensor_async.py
[2022-08-09 21:20:35,833] {processor.py:651} INFO - DAG(s) dict_keys(['example_time_delta_sensor_async']) retrieved from /home/osboxes/.local/lib/python3.8/site-packages/airflow/example_dags/example_time_delta_sensor_async.py
[2022-08-09 21:20:35,859] {logging_mixin.py:115} INFO - [2022-08-09 21:20:35,859] {dag.py:2371} INFO - Sync 1 DAGs
[2022-08-09 21:20:35,871] {logging_mixin.py:115} INFO - [2022-08-09 21:20:35,871] {dag.py:2915} INFO - Setting next_dagrun for example_time_delta_sensor_async to None, run_after=None
[2022-08-09 21:20:35,909] {processor.py:161} INFO - Processing /home/osboxes/.local/lib/python3.8/site-packages/airflow/example_dags/example_time_delta_sensor_async.py took 0.087 seconds
[2022-08-09 21:21:22,024] {processor.py:153} INFO - Started process (PID=338772) to work on /home/osboxes/.local/lib/python3.8/site-packages/airflow/example_dags/example_time_delta_sensor_async.py
[2022-08-09 21:21:22,026] {processor.py:641} INFO - Processing file /home/osboxes/.local/lib/python3.8/site-packages/airflow/example_dags/example_time_delta_sensor_async.py for tasks to queue
[2022-08-09 21:21:22,026] {logging_mixin.py:115} INFO - [2022-08-09 21:21:22,026] {dagbag.py:507} INFO - Filling up the DagBag from /home/osboxes/.local/lib/python3.8/site-packages/airflow/example_dags/example_time_delta_sensor_async.py
[2022-08-09 21:21:22,030] {processor.py:651} INFO - DAG(s) dict_keys(['example_time_delta_sensor_async']) retrieved from /home/osboxes/.local/lib/python3.8/site-packages/airflow/example_dags/example_time_delta_sensor_async.py
[2022-08-09 21:21:22,059] {logging_mixin.py:115} INFO - [2022-08-09 21:21:22,059] {dag.py:2371} INFO - Sync 1 DAGs
[2022-08-09 21:21:22,070] {logging_mixin.py:115} INFO - [2022-08-09 21:21:22,070] {dag.py:2915} INFO - Setting next_dagrun for example_time_delta_sensor_async to None, run_after=None
[2022-08-09 21:21:22,110] {processor.py:161} INFO - Processing /home/osboxes/.local/lib/python3.8/site-packages/airflow/example_dags/example_time_delta_sensor_async.py took 0.088 seconds
[2022-08-09 21:22:06,478] {processor.py:153} INFO - Started process (PID=339180) to work on /home/osboxes/.local/lib/python3.8/site-packages/airflow/example_dags/example_time_delta_sensor_async.py
[2022-08-09 21:22:06,479] {processor.py:641} INFO - Processing file /home/osboxes/.local/lib/python3.8/site-packages/airflow/example_dags/example_time_delta_sensor_async.py for tasks to queue
[2022-08-09 21:22:06,480] {logging_mixin.py:115} INFO - [2022-08-09 21:22:06,480] {dagbag.py:507} INFO - Filling up the DagBag from /home/osboxes/.local/lib/python3.8/site-packages/airflow/example_dags/example_time_delta_sensor_async.py
[2022-08-09 21:22:06,483] {processor.py:651} INFO - DAG(s) dict_keys(['example_time_delta_sensor_async']) retrieved from /home/osboxes/.local/lib/python3.8/site-packages/airflow/example_dags/example_time_delta_sensor_async.py
[2022-08-09 21:22:06,509] {logging_mixin.py:115} INFO - [2022-08-09 21:22:06,509] {dag.py:2371} INFO - Sync 1 DAGs
[2022-08-09 21:22:06,522] {logging_mixin.py:115} INFO - [2022-08-09 21:22:06,522] {dag.py:2915} INFO - Setting next_dagrun for example_time_delta_sensor_async to None, run_after=None
[2022-08-09 21:22:06,578] {processor.py:161} INFO - Processing /home/osboxes/.local/lib/python3.8/site-packages/airflow/example_dags/example_time_delta_sensor_async.py took 0.103 seconds
[2022-08-09 21:22:44,192] {processor.py:153} INFO - Started process (PID=339529) to work on /home/osboxes/.local/lib/python3.8/site-packages/airflow/example_dags/example_time_delta_sensor_async.py
[2022-08-09 21:22:44,194] {processor.py:641} INFO - Processing file /home/osboxes/.local/lib/python3.8/site-packages/airflow/example_dags/example_time_delta_sensor_async.py for tasks to queue
[2022-08-09 21:22:44,194] {logging_mixin.py:115} INFO - [2022-08-09 21:22:44,194] {dagbag.py:507} INFO - Filling up the DagBag from /home/osboxes/.local/lib/python3.8/site-packages/airflow/example_dags/example_time_delta_sensor_async.py
[2022-08-09 21:22:44,199] {processor.py:651} INFO - DAG(s) dict_keys(['example_time_delta_sensor_async']) retrieved from /home/osboxes/.local/lib/python3.8/site-packages/airflow/example_dags/example_time_delta_sensor_async.py
[2022-08-09 21:22:44,235] {logging_mixin.py:115} INFO - [2022-08-09 21:22:44,235] {dag.py:2371} INFO - Sync 1 DAGs
[2022-08-09 21:22:44,247] {logging_mixin.py:115} INFO - [2022-08-09 21:22:44,247] {dag.py:2915} INFO - Setting next_dagrun for example_time_delta_sensor_async to None, run_after=None
[2022-08-09 21:22:44,273] {processor.py:161} INFO - Processing /home/osboxes/.local/lib/python3.8/site-packages/airflow/example_dags/example_time_delta_sensor_async.py took 0.083 seconds
[2022-08-09 21:23:30,833] {processor.py:153} INFO - Started process (PID=339962) to work on /home/osboxes/.local/lib/python3.8/site-packages/airflow/example_dags/example_time_delta_sensor_async.py
[2022-08-09 21:23:30,835] {processor.py:641} INFO - Processing file /home/osboxes/.local/lib/python3.8/site-packages/airflow/example_dags/example_time_delta_sensor_async.py for tasks to queue
[2022-08-09 21:23:30,835] {logging_mixin.py:115} INFO - [2022-08-09 21:23:30,835] {dagbag.py:507} INFO - Filling up the DagBag from /home/osboxes/.local/lib/python3.8/site-packages/airflow/example_dags/example_time_delta_sensor_async.py
[2022-08-09 21:23:30,839] {processor.py:651} INFO - DAG(s) dict_keys(['example_time_delta_sensor_async']) retrieved from /home/osboxes/.local/lib/python3.8/site-packages/airflow/example_dags/example_time_delta_sensor_async.py
[2022-08-09 21:23:30,867] {logging_mixin.py:115} INFO - [2022-08-09 21:23:30,867] {dag.py:2371} INFO - Sync 1 DAGs
[2022-08-09 21:23:30,879] {logging_mixin.py:115} INFO - [2022-08-09 21:23:30,879] {dag.py:2915} INFO - Setting next_dagrun for example_time_delta_sensor_async to None, run_after=None
[2022-08-09 21:23:30,921] {processor.py:161} INFO - Processing /home/osboxes/.local/lib/python3.8/site-packages/airflow/example_dags/example_time_delta_sensor_async.py took 0.091 seconds
[2022-08-09 21:24:10,738] {processor.py:153} INFO - Started process (PID=340378) to work on /home/osboxes/.local/lib/python3.8/site-packages/airflow/example_dags/example_time_delta_sensor_async.py
[2022-08-09 21:24:10,739] {processor.py:641} INFO - Processing file /home/osboxes/.local/lib/python3.8/site-packages/airflow/example_dags/example_time_delta_sensor_async.py for tasks to queue
[2022-08-09 21:24:10,739] {logging_mixin.py:115} INFO - [2022-08-09 21:24:10,739] {dagbag.py:507} INFO - Filling up the DagBag from /home/osboxes/.local/lib/python3.8/site-packages/airflow/example_dags/example_time_delta_sensor_async.py
[2022-08-09 21:24:10,743] {processor.py:651} INFO - DAG(s) dict_keys(['example_time_delta_sensor_async']) retrieved from /home/osboxes/.local/lib/python3.8/site-packages/airflow/example_dags/example_time_delta_sensor_async.py
[2022-08-09 21:24:10,769] {logging_mixin.py:115} INFO - [2022-08-09 21:24:10,769] {dag.py:2371} INFO - Sync 1 DAGs
[2022-08-09 21:24:10,783] {logging_mixin.py:115} INFO - [2022-08-09 21:24:10,783] {dag.py:2915} INFO - Setting next_dagrun for example_time_delta_sensor_async to None, run_after=None
[2022-08-09 21:24:10,826] {processor.py:161} INFO - Processing /home/osboxes/.local/lib/python3.8/site-packages/airflow/example_dags/example_time_delta_sensor_async.py took 0.091 seconds
[2022-08-09 21:24:47,132] {processor.py:153} INFO - Started process (PID=340715) to work on /home/osboxes/.local/lib/python3.8/site-packages/airflow/example_dags/example_time_delta_sensor_async.py
[2022-08-09 21:24:47,134] {processor.py:641} INFO - Processing file /home/osboxes/.local/lib/python3.8/site-packages/airflow/example_dags/example_time_delta_sensor_async.py for tasks to queue
[2022-08-09 21:24:47,135] {logging_mixin.py:115} INFO - [2022-08-09 21:24:47,135] {dagbag.py:507} INFO - Filling up the DagBag from /home/osboxes/.local/lib/python3.8/site-packages/airflow/example_dags/example_time_delta_sensor_async.py
[2022-08-09 21:24:47,139] {processor.py:651} INFO - DAG(s) dict_keys(['example_time_delta_sensor_async']) retrieved from /home/osboxes/.local/lib/python3.8/site-packages/airflow/example_dags/example_time_delta_sensor_async.py
[2022-08-09 21:24:47,166] {logging_mixin.py:115} INFO - [2022-08-09 21:24:47,166] {dag.py:2371} INFO - Sync 1 DAGs
[2022-08-09 21:24:47,178] {logging_mixin.py:115} INFO - [2022-08-09 21:24:47,178] {dag.py:2915} INFO - Setting next_dagrun for example_time_delta_sensor_async to None, run_after=None
[2022-08-09 21:24:47,222] {processor.py:161} INFO - Processing /home/osboxes/.local/lib/python3.8/site-packages/airflow/example_dags/example_time_delta_sensor_async.py took 0.093 seconds
[2022-08-09 21:25:31,067] {processor.py:153} INFO - Started process (PID=341128) to work on /home/osboxes/.local/lib/python3.8/site-packages/airflow/example_dags/example_time_delta_sensor_async.py
[2022-08-09 21:25:31,075] {processor.py:641} INFO - Processing file /home/osboxes/.local/lib/python3.8/site-packages/airflow/example_dags/example_time_delta_sensor_async.py for tasks to queue
[2022-08-09 21:25:31,078] {logging_mixin.py:115} INFO - [2022-08-09 21:25:31,078] {dagbag.py:507} INFO - Filling up the DagBag from /home/osboxes/.local/lib/python3.8/site-packages/airflow/example_dags/example_time_delta_sensor_async.py
[2022-08-09 21:25:31,089] {processor.py:651} INFO - DAG(s) dict_keys(['example_time_delta_sensor_async']) retrieved from /home/osboxes/.local/lib/python3.8/site-packages/airflow/example_dags/example_time_delta_sensor_async.py
[2022-08-09 21:25:31,119] {logging_mixin.py:115} INFO - [2022-08-09 21:25:31,116] {dag.py:2371} INFO - Sync 1 DAGs
[2022-08-09 21:25:31,131] {logging_mixin.py:115} INFO - [2022-08-09 21:25:31,131] {dag.py:2915} INFO - Setting next_dagrun for example_time_delta_sensor_async to None, run_after=None
[2022-08-09 21:25:31,180] {processor.py:161} INFO - Processing /home/osboxes/.local/lib/python3.8/site-packages/airflow/example_dags/example_time_delta_sensor_async.py took 0.139 seconds
[2022-08-09 21:26:17,284] {processor.py:153} INFO - Started process (PID=341562) to work on /home/osboxes/.local/lib/python3.8/site-packages/airflow/example_dags/example_time_delta_sensor_async.py
[2022-08-09 21:26:17,292] {processor.py:641} INFO - Processing file /home/osboxes/.local/lib/python3.8/site-packages/airflow/example_dags/example_time_delta_sensor_async.py for tasks to queue
[2022-08-09 21:26:17,293] {logging_mixin.py:115} INFO - [2022-08-09 21:26:17,293] {dagbag.py:507} INFO - Filling up the DagBag from /home/osboxes/.local/lib/python3.8/site-packages/airflow/example_dags/example_time_delta_sensor_async.py
[2022-08-09 21:26:17,304] {processor.py:651} INFO - DAG(s) dict_keys(['example_time_delta_sensor_async']) retrieved from /home/osboxes/.local/lib/python3.8/site-packages/airflow/example_dags/example_time_delta_sensor_async.py
[2022-08-09 21:26:17,334] {logging_mixin.py:115} INFO - [2022-08-09 21:26:17,334] {dag.py:2371} INFO - Sync 1 DAGs
[2022-08-09 21:26:17,345] {logging_mixin.py:115} INFO - [2022-08-09 21:26:17,345] {dag.py:2915} INFO - Setting next_dagrun for example_time_delta_sensor_async to None, run_after=None
[2022-08-09 21:26:17,377] {processor.py:161} INFO - Processing /home/osboxes/.local/lib/python3.8/site-packages/airflow/example_dags/example_time_delta_sensor_async.py took 0.095 seconds
[2022-08-09 21:26:56,881] {processor.py:153} INFO - Started process (PID=341925) to work on /home/osboxes/.local/lib/python3.8/site-packages/airflow/example_dags/example_time_delta_sensor_async.py
[2022-08-09 21:26:56,882] {processor.py:641} INFO - Processing file /home/osboxes/.local/lib/python3.8/site-packages/airflow/example_dags/example_time_delta_sensor_async.py for tasks to queue
[2022-08-09 21:26:56,882] {logging_mixin.py:115} INFO - [2022-08-09 21:26:56,882] {dagbag.py:507} INFO - Filling up the DagBag from /home/osboxes/.local/lib/python3.8/site-packages/airflow/example_dags/example_time_delta_sensor_async.py
[2022-08-09 21:26:56,886] {processor.py:651} INFO - DAG(s) dict_keys(['example_time_delta_sensor_async']) retrieved from /home/osboxes/.local/lib/python3.8/site-packages/airflow/example_dags/example_time_delta_sensor_async.py
[2022-08-09 21:26:56,917] {logging_mixin.py:115} INFO - [2022-08-09 21:26:56,916] {dag.py:2371} INFO - Sync 1 DAGs
[2022-08-09 21:26:56,929] {logging_mixin.py:115} INFO - [2022-08-09 21:26:56,929] {dag.py:2915} INFO - Setting next_dagrun for example_time_delta_sensor_async to None, run_after=None
[2022-08-09 21:26:56,956] {processor.py:161} INFO - Processing /home/osboxes/.local/lib/python3.8/site-packages/airflow/example_dags/example_time_delta_sensor_async.py took 0.078 seconds
[2022-08-09 21:27:42,619] {processor.py:153} INFO - Started process (PID=342386) to work on /home/osboxes/.local/lib/python3.8/site-packages/airflow/example_dags/example_time_delta_sensor_async.py
[2022-08-09 21:27:42,622] {processor.py:641} INFO - Processing file /home/osboxes/.local/lib/python3.8/site-packages/airflow/example_dags/example_time_delta_sensor_async.py for tasks to queue
[2022-08-09 21:27:42,623] {logging_mixin.py:115} INFO - [2022-08-09 21:27:42,623] {dagbag.py:507} INFO - Filling up the DagBag from /home/osboxes/.local/lib/python3.8/site-packages/airflow/example_dags/example_time_delta_sensor_async.py
[2022-08-09 21:27:42,627] {processor.py:651} INFO - DAG(s) dict_keys(['example_time_delta_sensor_async']) retrieved from /home/osboxes/.local/lib/python3.8/site-packages/airflow/example_dags/example_time_delta_sensor_async.py
[2022-08-09 21:27:42,652] {logging_mixin.py:115} INFO - [2022-08-09 21:27:42,652] {dag.py:2371} INFO - Sync 1 DAGs
[2022-08-09 21:27:42,663] {logging_mixin.py:115} INFO - [2022-08-09 21:27:42,663] {dag.py:2915} INFO - Setting next_dagrun for example_time_delta_sensor_async to None, run_after=None
[2022-08-09 21:27:42,701] {processor.py:161} INFO - Processing /home/osboxes/.local/lib/python3.8/site-packages/airflow/example_dags/example_time_delta_sensor_async.py took 0.084 seconds
[2022-08-09 21:28:19,556] {processor.py:153} INFO - Started process (PID=342738) to work on /home/osboxes/.local/lib/python3.8/site-packages/airflow/example_dags/example_time_delta_sensor_async.py
[2022-08-09 21:28:19,558] {processor.py:641} INFO - Processing file /home/osboxes/.local/lib/python3.8/site-packages/airflow/example_dags/example_time_delta_sensor_async.py for tasks to queue
[2022-08-09 21:28:19,559] {logging_mixin.py:115} INFO - [2022-08-09 21:28:19,558] {dagbag.py:507} INFO - Filling up the DagBag from /home/osboxes/.local/lib/python3.8/site-packages/airflow/example_dags/example_time_delta_sensor_async.py
[2022-08-09 21:28:19,563] {processor.py:651} INFO - DAG(s) dict_keys(['example_time_delta_sensor_async']) retrieved from /home/osboxes/.local/lib/python3.8/site-packages/airflow/example_dags/example_time_delta_sensor_async.py
[2022-08-09 21:28:19,591] {logging_mixin.py:115} INFO - [2022-08-09 21:28:19,591] {dag.py:2371} INFO - Sync 1 DAGs
[2022-08-09 21:28:19,603] {logging_mixin.py:115} INFO - [2022-08-09 21:28:19,603] {dag.py:2915} INFO - Setting next_dagrun for example_time_delta_sensor_async to None, run_after=None
[2022-08-09 21:28:19,643] {processor.py:161} INFO - Processing /home/osboxes/.local/lib/python3.8/site-packages/airflow/example_dags/example_time_delta_sensor_async.py took 0.089 seconds
[2022-08-09 21:29:06,438] {processor.py:153} INFO - Started process (PID=343209) to work on /home/osboxes/.local/lib/python3.8/site-packages/airflow/example_dags/example_time_delta_sensor_async.py
[2022-08-09 21:29:06,440] {processor.py:641} INFO - Processing file /home/osboxes/.local/lib/python3.8/site-packages/airflow/example_dags/example_time_delta_sensor_async.py for tasks to queue
[2022-08-09 21:29:06,440] {logging_mixin.py:115} INFO - [2022-08-09 21:29:06,440] {dagbag.py:507} INFO - Filling up the DagBag from /home/osboxes/.local/lib/python3.8/site-packages/airflow/example_dags/example_time_delta_sensor_async.py
[2022-08-09 21:29:06,444] {processor.py:651} INFO - DAG(s) dict_keys(['example_time_delta_sensor_async']) retrieved from /home/osboxes/.local/lib/python3.8/site-packages/airflow/example_dags/example_time_delta_sensor_async.py
[2022-08-09 21:29:06,472] {logging_mixin.py:115} INFO - [2022-08-09 21:29:06,472] {dag.py:2371} INFO - Sync 1 DAGs
[2022-08-09 21:29:06,483] {logging_mixin.py:115} INFO - [2022-08-09 21:29:06,483] {dag.py:2915} INFO - Setting next_dagrun for example_time_delta_sensor_async to None, run_after=None
[2022-08-09 21:29:06,511] {processor.py:161} INFO - Processing /home/osboxes/.local/lib/python3.8/site-packages/airflow/example_dags/example_time_delta_sensor_async.py took 0.075 seconds
[2022-08-09 21:29:47,632] {processor.py:153} INFO - Started process (PID=343582) to work on /home/osboxes/.local/lib/python3.8/site-packages/airflow/example_dags/example_time_delta_sensor_async.py
[2022-08-09 21:29:47,634] {processor.py:641} INFO - Processing file /home/osboxes/.local/lib/python3.8/site-packages/airflow/example_dags/example_time_delta_sensor_async.py for tasks to queue
[2022-08-09 21:29:47,634] {logging_mixin.py:115} INFO - [2022-08-09 21:29:47,634] {dagbag.py:507} INFO - Filling up the DagBag from /home/osboxes/.local/lib/python3.8/site-packages/airflow/example_dags/example_time_delta_sensor_async.py
[2022-08-09 21:29:47,639] {processor.py:651} INFO - DAG(s) dict_keys(['example_time_delta_sensor_async']) retrieved from /home/osboxes/.local/lib/python3.8/site-packages/airflow/example_dags/example_time_delta_sensor_async.py
[2022-08-09 21:29:47,693] {logging_mixin.py:115} INFO - [2022-08-09 21:29:47,693] {dag.py:2371} INFO - Sync 1 DAGs
[2022-08-09 21:29:47,705] {logging_mixin.py:115} INFO - [2022-08-09 21:29:47,705] {dag.py:2915} INFO - Setting next_dagrun for example_time_delta_sensor_async to None, run_after=None
[2022-08-09 21:29:47,746] {processor.py:161} INFO - Processing /home/osboxes/.local/lib/python3.8/site-packages/airflow/example_dags/example_time_delta_sensor_async.py took 0.116 seconds
[2022-08-09 21:30:29,318] {processor.py:153} INFO - Started process (PID=343974) to work on /home/osboxes/.local/lib/python3.8/site-packages/airflow/example_dags/example_time_delta_sensor_async.py
[2022-08-09 21:30:29,319] {processor.py:641} INFO - Processing file /home/osboxes/.local/lib/python3.8/site-packages/airflow/example_dags/example_time_delta_sensor_async.py for tasks to queue
[2022-08-09 21:30:29,319] {logging_mixin.py:115} INFO - [2022-08-09 21:30:29,319] {dagbag.py:507} INFO - Filling up the DagBag from /home/osboxes/.local/lib/python3.8/site-packages/airflow/example_dags/example_time_delta_sensor_async.py
[2022-08-09 21:30:29,323] {processor.py:651} INFO - DAG(s) dict_keys(['example_time_delta_sensor_async']) retrieved from /home/osboxes/.local/lib/python3.8/site-packages/airflow/example_dags/example_time_delta_sensor_async.py
[2022-08-09 21:30:29,362] {logging_mixin.py:115} INFO - [2022-08-09 21:30:29,362] {dag.py:2371} INFO - Sync 1 DAGs
[2022-08-09 21:30:29,373] {logging_mixin.py:115} INFO - [2022-08-09 21:30:29,373] {dag.py:2915} INFO - Setting next_dagrun for example_time_delta_sensor_async to None, run_after=None
[2022-08-09 21:30:29,403] {processor.py:161} INFO - Processing /home/osboxes/.local/lib/python3.8/site-packages/airflow/example_dags/example_time_delta_sensor_async.py took 0.087 seconds
[2022-08-09 21:31:13,997] {processor.py:153} INFO - Started process (PID=344401) to work on /home/osboxes/.local/lib/python3.8/site-packages/airflow/example_dags/example_time_delta_sensor_async.py
[2022-08-09 21:31:13,999] {processor.py:641} INFO - Processing file /home/osboxes/.local/lib/python3.8/site-packages/airflow/example_dags/example_time_delta_sensor_async.py for tasks to queue
[2022-08-09 21:31:13,999] {logging_mixin.py:115} INFO - [2022-08-09 21:31:13,999] {dagbag.py:507} INFO - Filling up the DagBag from /home/osboxes/.local/lib/python3.8/site-packages/airflow/example_dags/example_time_delta_sensor_async.py
[2022-08-09 21:31:14,003] {processor.py:651} INFO - DAG(s) dict_keys(['example_time_delta_sensor_async']) retrieved from /home/osboxes/.local/lib/python3.8/site-packages/airflow/example_dags/example_time_delta_sensor_async.py
[2022-08-09 21:31:14,032] {logging_mixin.py:115} INFO - [2022-08-09 21:31:14,032] {dag.py:2371} INFO - Sync 1 DAGs
[2022-08-09 21:31:14,044] {logging_mixin.py:115} INFO - [2022-08-09 21:31:14,044] {dag.py:2915} INFO - Setting next_dagrun for example_time_delta_sensor_async to None, run_after=None
[2022-08-09 21:31:14,081] {processor.py:161} INFO - Processing /home/osboxes/.local/lib/python3.8/site-packages/airflow/example_dags/example_time_delta_sensor_async.py took 0.089 seconds
[2022-08-09 21:32:00,223] {processor.py:153} INFO - Started process (PID=344833) to work on /home/osboxes/.local/lib/python3.8/site-packages/airflow/example_dags/example_time_delta_sensor_async.py
[2022-08-09 21:32:00,227] {processor.py:641} INFO - Processing file /home/osboxes/.local/lib/python3.8/site-packages/airflow/example_dags/example_time_delta_sensor_async.py for tasks to queue
[2022-08-09 21:32:00,228] {logging_mixin.py:115} INFO - [2022-08-09 21:32:00,228] {dagbag.py:507} INFO - Filling up the DagBag from /home/osboxes/.local/lib/python3.8/site-packages/airflow/example_dags/example_time_delta_sensor_async.py
[2022-08-09 21:32:00,232] {processor.py:651} INFO - DAG(s) dict_keys(['example_time_delta_sensor_async']) retrieved from /home/osboxes/.local/lib/python3.8/site-packages/airflow/example_dags/example_time_delta_sensor_async.py
[2022-08-09 21:32:00,258] {logging_mixin.py:115} INFO - [2022-08-09 21:32:00,258] {dag.py:2371} INFO - Sync 1 DAGs
[2022-08-09 21:32:00,270] {logging_mixin.py:115} INFO - [2022-08-09 21:32:00,270] {dag.py:2915} INFO - Setting next_dagrun for example_time_delta_sensor_async to None, run_after=None
[2022-08-09 21:32:00,300] {processor.py:161} INFO - Processing /home/osboxes/.local/lib/python3.8/site-packages/airflow/example_dags/example_time_delta_sensor_async.py took 0.079 seconds
[2022-08-09 21:32:41,893] {processor.py:153} INFO - Started process (PID=345203) to work on /home/osboxes/.local/lib/python3.8/site-packages/airflow/example_dags/example_time_delta_sensor_async.py
[2022-08-09 21:32:41,895] {processor.py:641} INFO - Processing file /home/osboxes/.local/lib/python3.8/site-packages/airflow/example_dags/example_time_delta_sensor_async.py for tasks to queue
[2022-08-09 21:32:41,895] {logging_mixin.py:115} INFO - [2022-08-09 21:32:41,895] {dagbag.py:507} INFO - Filling up the DagBag from /home/osboxes/.local/lib/python3.8/site-packages/airflow/example_dags/example_time_delta_sensor_async.py
[2022-08-09 21:32:41,899] {processor.py:651} INFO - DAG(s) dict_keys(['example_time_delta_sensor_async']) retrieved from /home/osboxes/.local/lib/python3.8/site-packages/airflow/example_dags/example_time_delta_sensor_async.py
[2022-08-09 21:32:41,928] {logging_mixin.py:115} INFO - [2022-08-09 21:32:41,928] {dag.py:2371} INFO - Sync 1 DAGs
[2022-08-09 21:32:41,939] {logging_mixin.py:115} INFO - [2022-08-09 21:32:41,939] {dag.py:2915} INFO - Setting next_dagrun for example_time_delta_sensor_async to None, run_after=None
[2022-08-09 21:32:41,970] {processor.py:161} INFO - Processing /home/osboxes/.local/lib/python3.8/site-packages/airflow/example_dags/example_time_delta_sensor_async.py took 0.080 seconds
[2022-08-09 21:33:29,322] {processor.py:153} INFO - Started process (PID=345633) to work on /home/osboxes/.local/lib/python3.8/site-packages/airflow/example_dags/example_time_delta_sensor_async.py
[2022-08-09 21:33:29,324] {processor.py:641} INFO - Processing file /home/osboxes/.local/lib/python3.8/site-packages/airflow/example_dags/example_time_delta_sensor_async.py for tasks to queue
[2022-08-09 21:33:29,324] {logging_mixin.py:115} INFO - [2022-08-09 21:33:29,324] {dagbag.py:507} INFO - Filling up the DagBag from /home/osboxes/.local/lib/python3.8/site-packages/airflow/example_dags/example_time_delta_sensor_async.py
[2022-08-09 21:33:29,329] {processor.py:651} INFO - DAG(s) dict_keys(['example_time_delta_sensor_async']) retrieved from /home/osboxes/.local/lib/python3.8/site-packages/airflow/example_dags/example_time_delta_sensor_async.py
[2022-08-09 21:33:29,357] {logging_mixin.py:115} INFO - [2022-08-09 21:33:29,357] {dag.py:2371} INFO - Sync 1 DAGs
[2022-08-09 21:33:29,368] {logging_mixin.py:115} INFO - [2022-08-09 21:33:29,368] {dag.py:2915} INFO - Setting next_dagrun for example_time_delta_sensor_async to None, run_after=None
[2022-08-09 21:33:29,409] {processor.py:161} INFO - Processing /home/osboxes/.local/lib/python3.8/site-packages/airflow/example_dags/example_time_delta_sensor_async.py took 0.089 seconds
[2022-08-09 21:34:07,680] {processor.py:153} INFO - Started process (PID=346045) to work on /home/osboxes/.local/lib/python3.8/site-packages/airflow/example_dags/example_time_delta_sensor_async.py
[2022-08-09 21:34:07,687] {processor.py:641} INFO - Processing file /home/osboxes/.local/lib/python3.8/site-packages/airflow/example_dags/example_time_delta_sensor_async.py for tasks to queue
[2022-08-09 21:34:07,687] {logging_mixin.py:115} INFO - [2022-08-09 21:34:07,687] {dagbag.py:507} INFO - Filling up the DagBag from /home/osboxes/.local/lib/python3.8/site-packages/airflow/example_dags/example_time_delta_sensor_async.py
[2022-08-09 21:34:07,700] {processor.py:651} INFO - DAG(s) dict_keys(['example_time_delta_sensor_async']) retrieved from /home/osboxes/.local/lib/python3.8/site-packages/airflow/example_dags/example_time_delta_sensor_async.py
[2022-08-09 21:34:07,763] {logging_mixin.py:115} INFO - [2022-08-09 21:34:07,763] {dag.py:2371} INFO - Sync 1 DAGs
[2022-08-09 21:34:07,812] {logging_mixin.py:115} INFO - [2022-08-09 21:34:07,812] {dag.py:2915} INFO - Setting next_dagrun for example_time_delta_sensor_async to None, run_after=None
[2022-08-09 21:34:07,840] {processor.py:161} INFO - Processing /home/osboxes/.local/lib/python3.8/site-packages/airflow/example_dags/example_time_delta_sensor_async.py took 0.163 seconds
[2022-08-09 21:34:51,871] {processor.py:153} INFO - Started process (PID=346449) to work on /home/osboxes/.local/lib/python3.8/site-packages/airflow/example_dags/example_time_delta_sensor_async.py
[2022-08-09 21:34:51,881] {processor.py:641} INFO - Processing file /home/osboxes/.local/lib/python3.8/site-packages/airflow/example_dags/example_time_delta_sensor_async.py for tasks to queue
[2022-08-09 21:34:51,881] {logging_mixin.py:115} INFO - [2022-08-09 21:34:51,881] {dagbag.py:507} INFO - Filling up the DagBag from /home/osboxes/.local/lib/python3.8/site-packages/airflow/example_dags/example_time_delta_sensor_async.py
[2022-08-09 21:34:51,885] {processor.py:651} INFO - DAG(s) dict_keys(['example_time_delta_sensor_async']) retrieved from /home/osboxes/.local/lib/python3.8/site-packages/airflow/example_dags/example_time_delta_sensor_async.py
[2022-08-09 21:34:51,911] {logging_mixin.py:115} INFO - [2022-08-09 21:34:51,911] {dag.py:2371} INFO - Sync 1 DAGs
[2022-08-09 21:34:51,928] {logging_mixin.py:115} INFO - [2022-08-09 21:34:51,928] {dag.py:2915} INFO - Setting next_dagrun for example_time_delta_sensor_async to None, run_after=None
[2022-08-09 21:34:51,962] {processor.py:161} INFO - Processing /home/osboxes/.local/lib/python3.8/site-packages/airflow/example_dags/example_time_delta_sensor_async.py took 0.094 seconds
[2022-08-09 21:35:29,095] {processor.py:153} INFO - Started process (PID=346776) to work on /home/osboxes/.local/lib/python3.8/site-packages/airflow/example_dags/example_time_delta_sensor_async.py
[2022-08-09 21:35:29,097] {processor.py:641} INFO - Processing file /home/osboxes/.local/lib/python3.8/site-packages/airflow/example_dags/example_time_delta_sensor_async.py for tasks to queue
[2022-08-09 21:35:29,097] {logging_mixin.py:115} INFO - [2022-08-09 21:35:29,097] {dagbag.py:507} INFO - Filling up the DagBag from /home/osboxes/.local/lib/python3.8/site-packages/airflow/example_dags/example_time_delta_sensor_async.py
[2022-08-09 21:35:29,101] {processor.py:651} INFO - DAG(s) dict_keys(['example_time_delta_sensor_async']) retrieved from /home/osboxes/.local/lib/python3.8/site-packages/airflow/example_dags/example_time_delta_sensor_async.py
[2022-08-09 21:35:29,126] {logging_mixin.py:115} INFO - [2022-08-09 21:35:29,126] {dag.py:2371} INFO - Sync 1 DAGs
[2022-08-09 21:35:29,139] {logging_mixin.py:115} INFO - [2022-08-09 21:35:29,139] {dag.py:2915} INFO - Setting next_dagrun for example_time_delta_sensor_async to None, run_after=None
[2022-08-09 21:35:29,174] {processor.py:161} INFO - Processing /home/osboxes/.local/lib/python3.8/site-packages/airflow/example_dags/example_time_delta_sensor_async.py took 0.082 seconds
[2022-08-09 21:36:13,701] {processor.py:153} INFO - Started process (PID=347203) to work on /home/osboxes/.local/lib/python3.8/site-packages/airflow/example_dags/example_time_delta_sensor_async.py
[2022-08-09 21:36:13,703] {processor.py:641} INFO - Processing file /home/osboxes/.local/lib/python3.8/site-packages/airflow/example_dags/example_time_delta_sensor_async.py for tasks to queue
[2022-08-09 21:36:13,703] {logging_mixin.py:115} INFO - [2022-08-09 21:36:13,703] {dagbag.py:507} INFO - Filling up the DagBag from /home/osboxes/.local/lib/python3.8/site-packages/airflow/example_dags/example_time_delta_sensor_async.py
[2022-08-09 21:36:13,707] {processor.py:651} INFO - DAG(s) dict_keys(['example_time_delta_sensor_async']) retrieved from /home/osboxes/.local/lib/python3.8/site-packages/airflow/example_dags/example_time_delta_sensor_async.py
[2022-08-09 21:36:13,736] {logging_mixin.py:115} INFO - [2022-08-09 21:36:13,736] {dag.py:2371} INFO - Sync 1 DAGs
[2022-08-09 21:36:13,748] {logging_mixin.py:115} INFO - [2022-08-09 21:36:13,748] {dag.py:2915} INFO - Setting next_dagrun for example_time_delta_sensor_async to None, run_after=None
[2022-08-09 21:36:13,776] {processor.py:161} INFO - Processing /home/osboxes/.local/lib/python3.8/site-packages/airflow/example_dags/example_time_delta_sensor_async.py took 0.078 seconds
[2022-08-09 21:36:56,836] {processor.py:153} INFO - Started process (PID=347600) to work on /home/osboxes/.local/lib/python3.8/site-packages/airflow/example_dags/example_time_delta_sensor_async.py
[2022-08-09 21:36:56,842] {processor.py:641} INFO - Processing file /home/osboxes/.local/lib/python3.8/site-packages/airflow/example_dags/example_time_delta_sensor_async.py for tasks to queue
[2022-08-09 21:36:56,843] {logging_mixin.py:115} INFO - [2022-08-09 21:36:56,843] {dagbag.py:507} INFO - Filling up the DagBag from /home/osboxes/.local/lib/python3.8/site-packages/airflow/example_dags/example_time_delta_sensor_async.py
[2022-08-09 21:36:56,846] {processor.py:651} INFO - DAG(s) dict_keys(['example_time_delta_sensor_async']) retrieved from /home/osboxes/.local/lib/python3.8/site-packages/airflow/example_dags/example_time_delta_sensor_async.py
[2022-08-09 21:36:56,901] {logging_mixin.py:115} INFO - [2022-08-09 21:36:56,901] {dag.py:2371} INFO - Sync 1 DAGs
[2022-08-09 21:36:56,922] {logging_mixin.py:115} INFO - [2022-08-09 21:36:56,922] {dag.py:2915} INFO - Setting next_dagrun for example_time_delta_sensor_async to None, run_after=None
[2022-08-09 21:36:56,955] {processor.py:161} INFO - Processing /home/osboxes/.local/lib/python3.8/site-packages/airflow/example_dags/example_time_delta_sensor_async.py took 0.121 seconds
[2022-08-09 21:37:44,507] {processor.py:153} INFO - Started process (PID=348022) to work on /home/osboxes/.local/lib/python3.8/site-packages/airflow/example_dags/example_time_delta_sensor_async.py
[2022-08-09 21:37:44,508] {processor.py:641} INFO - Processing file /home/osboxes/.local/lib/python3.8/site-packages/airflow/example_dags/example_time_delta_sensor_async.py for tasks to queue
[2022-08-09 21:37:44,509] {logging_mixin.py:115} INFO - [2022-08-09 21:37:44,509] {dagbag.py:507} INFO - Filling up the DagBag from /home/osboxes/.local/lib/python3.8/site-packages/airflow/example_dags/example_time_delta_sensor_async.py
[2022-08-09 21:37:44,513] {processor.py:651} INFO - DAG(s) dict_keys(['example_time_delta_sensor_async']) retrieved from /home/osboxes/.local/lib/python3.8/site-packages/airflow/example_dags/example_time_delta_sensor_async.py
[2022-08-09 21:37:44,543] {logging_mixin.py:115} INFO - [2022-08-09 21:37:44,543] {dag.py:2371} INFO - Sync 1 DAGs
[2022-08-09 21:37:44,556] {logging_mixin.py:115} INFO - [2022-08-09 21:37:44,556] {dag.py:2915} INFO - Setting next_dagrun for example_time_delta_sensor_async to None, run_after=None
[2022-08-09 21:37:44,585] {processor.py:161} INFO - Processing /home/osboxes/.local/lib/python3.8/site-packages/airflow/example_dags/example_time_delta_sensor_async.py took 0.081 seconds
[2022-08-09 21:38:23,027] {processor.py:153} INFO - Started process (PID=348397) to work on /home/osboxes/.local/lib/python3.8/site-packages/airflow/example_dags/example_time_delta_sensor_async.py
[2022-08-09 21:38:23,030] {processor.py:641} INFO - Processing file /home/osboxes/.local/lib/python3.8/site-packages/airflow/example_dags/example_time_delta_sensor_async.py for tasks to queue
[2022-08-09 21:38:23,030] {logging_mixin.py:115} INFO - [2022-08-09 21:38:23,030] {dagbag.py:507} INFO - Filling up the DagBag from /home/osboxes/.local/lib/python3.8/site-packages/airflow/example_dags/example_time_delta_sensor_async.py
[2022-08-09 21:38:23,034] {processor.py:651} INFO - DAG(s) dict_keys(['example_time_delta_sensor_async']) retrieved from /home/osboxes/.local/lib/python3.8/site-packages/airflow/example_dags/example_time_delta_sensor_async.py
[2022-08-09 21:38:23,060] {logging_mixin.py:115} INFO - [2022-08-09 21:38:23,060] {dag.py:2371} INFO - Sync 1 DAGs
[2022-08-09 21:38:23,073] {logging_mixin.py:115} INFO - [2022-08-09 21:38:23,073] {dag.py:2915} INFO - Setting next_dagrun for example_time_delta_sensor_async to None, run_after=None
[2022-08-09 21:38:23,100] {processor.py:161} INFO - Processing /home/osboxes/.local/lib/python3.8/site-packages/airflow/example_dags/example_time_delta_sensor_async.py took 0.075 seconds
[2022-08-09 21:39:08,402] {processor.py:153} INFO - Started process (PID=348875) to work on /home/osboxes/.local/lib/python3.8/site-packages/airflow/example_dags/example_time_delta_sensor_async.py
[2022-08-09 21:39:08,405] {processor.py:641} INFO - Processing file /home/osboxes/.local/lib/python3.8/site-packages/airflow/example_dags/example_time_delta_sensor_async.py for tasks to queue
[2022-08-09 21:39:08,405] {logging_mixin.py:115} INFO - [2022-08-09 21:39:08,405] {dagbag.py:507} INFO - Filling up the DagBag from /home/osboxes/.local/lib/python3.8/site-packages/airflow/example_dags/example_time_delta_sensor_async.py
[2022-08-09 21:39:08,409] {processor.py:651} INFO - DAG(s) dict_keys(['example_time_delta_sensor_async']) retrieved from /home/osboxes/.local/lib/python3.8/site-packages/airflow/example_dags/example_time_delta_sensor_async.py
[2022-08-09 21:39:08,436] {logging_mixin.py:115} INFO - [2022-08-09 21:39:08,436] {dag.py:2371} INFO - Sync 1 DAGs
[2022-08-09 21:39:08,450] {logging_mixin.py:115} INFO - [2022-08-09 21:39:08,450] {dag.py:2915} INFO - Setting next_dagrun for example_time_delta_sensor_async to None, run_after=None
[2022-08-09 21:39:08,485] {processor.py:161} INFO - Processing /home/osboxes/.local/lib/python3.8/site-packages/airflow/example_dags/example_time_delta_sensor_async.py took 0.086 seconds
[2022-08-09 21:39:56,059] {processor.py:153} INFO - Started process (PID=349296) to work on /home/osboxes/.local/lib/python3.8/site-packages/airflow/example_dags/example_time_delta_sensor_async.py
[2022-08-09 21:39:56,060] {processor.py:641} INFO - Processing file /home/osboxes/.local/lib/python3.8/site-packages/airflow/example_dags/example_time_delta_sensor_async.py for tasks to queue
[2022-08-09 21:39:56,060] {logging_mixin.py:115} INFO - [2022-08-09 21:39:56,060] {dagbag.py:507} INFO - Filling up the DagBag from /home/osboxes/.local/lib/python3.8/site-packages/airflow/example_dags/example_time_delta_sensor_async.py
[2022-08-09 21:39:56,064] {processor.py:651} INFO - DAG(s) dict_keys(['example_time_delta_sensor_async']) retrieved from /home/osboxes/.local/lib/python3.8/site-packages/airflow/example_dags/example_time_delta_sensor_async.py
[2022-08-09 21:39:56,093] {logging_mixin.py:115} INFO - [2022-08-09 21:39:56,093] {dag.py:2371} INFO - Sync 1 DAGs
[2022-08-09 21:39:56,103] {logging_mixin.py:115} INFO - [2022-08-09 21:39:56,103] {dag.py:2915} INFO - Setting next_dagrun for example_time_delta_sensor_async to None, run_after=None
[2022-08-09 21:39:56,150] {processor.py:161} INFO - Processing /home/osboxes/.local/lib/python3.8/site-packages/airflow/example_dags/example_time_delta_sensor_async.py took 0.094 seconds
[2022-08-09 21:40:34,190] {processor.py:153} INFO - Started process (PID=349640) to work on /home/osboxes/.local/lib/python3.8/site-packages/airflow/example_dags/example_time_delta_sensor_async.py
[2022-08-09 21:40:34,193] {processor.py:641} INFO - Processing file /home/osboxes/.local/lib/python3.8/site-packages/airflow/example_dags/example_time_delta_sensor_async.py for tasks to queue
[2022-08-09 21:40:34,193] {logging_mixin.py:115} INFO - [2022-08-09 21:40:34,193] {dagbag.py:507} INFO - Filling up the DagBag from /home/osboxes/.local/lib/python3.8/site-packages/airflow/example_dags/example_time_delta_sensor_async.py
[2022-08-09 21:40:34,197] {processor.py:651} INFO - DAG(s) dict_keys(['example_time_delta_sensor_async']) retrieved from /home/osboxes/.local/lib/python3.8/site-packages/airflow/example_dags/example_time_delta_sensor_async.py
[2022-08-09 21:40:34,223] {logging_mixin.py:115} INFO - [2022-08-09 21:40:34,223] {dag.py:2371} INFO - Sync 1 DAGs
[2022-08-09 21:40:34,236] {logging_mixin.py:115} INFO - [2022-08-09 21:40:34,236] {dag.py:2915} INFO - Setting next_dagrun for example_time_delta_sensor_async to None, run_after=None
[2022-08-09 21:40:34,279] {processor.py:161} INFO - Processing /home/osboxes/.local/lib/python3.8/site-packages/airflow/example_dags/example_time_delta_sensor_async.py took 0.091 seconds
[2022-08-09 21:41:13,562] {processor.py:153} INFO - Started process (PID=350007) to work on /home/osboxes/.local/lib/python3.8/site-packages/airflow/example_dags/example_time_delta_sensor_async.py
[2022-08-09 21:41:13,565] {processor.py:641} INFO - Processing file /home/osboxes/.local/lib/python3.8/site-packages/airflow/example_dags/example_time_delta_sensor_async.py for tasks to queue
[2022-08-09 21:41:13,565] {logging_mixin.py:115} INFO - [2022-08-09 21:41:13,565] {dagbag.py:507} INFO - Filling up the DagBag from /home/osboxes/.local/lib/python3.8/site-packages/airflow/example_dags/example_time_delta_sensor_async.py
[2022-08-09 21:41:13,569] {processor.py:651} INFO - DAG(s) dict_keys(['example_time_delta_sensor_async']) retrieved from /home/osboxes/.local/lib/python3.8/site-packages/airflow/example_dags/example_time_delta_sensor_async.py
[2022-08-09 21:41:13,597] {logging_mixin.py:115} INFO - [2022-08-09 21:41:13,597] {dag.py:2371} INFO - Sync 1 DAGs
[2022-08-09 21:41:13,608] {logging_mixin.py:115} INFO - [2022-08-09 21:41:13,608] {dag.py:2915} INFO - Setting next_dagrun for example_time_delta_sensor_async to None, run_after=None
[2022-08-09 21:41:13,653] {processor.py:161} INFO - Processing /home/osboxes/.local/lib/python3.8/site-packages/airflow/example_dags/example_time_delta_sensor_async.py took 0.093 seconds
[2022-08-09 21:41:59,977] {processor.py:153} INFO - Started process (PID=350444) to work on /home/osboxes/.local/lib/python3.8/site-packages/airflow/example_dags/example_time_delta_sensor_async.py
[2022-08-09 21:41:59,989] {processor.py:641} INFO - Processing file /home/osboxes/.local/lib/python3.8/site-packages/airflow/example_dags/example_time_delta_sensor_async.py for tasks to queue
[2022-08-09 21:41:59,989] {logging_mixin.py:115} INFO - [2022-08-09 21:41:59,989] {dagbag.py:507} INFO - Filling up the DagBag from /home/osboxes/.local/lib/python3.8/site-packages/airflow/example_dags/example_time_delta_sensor_async.py
[2022-08-09 21:41:59,993] {processor.py:651} INFO - DAG(s) dict_keys(['example_time_delta_sensor_async']) retrieved from /home/osboxes/.local/lib/python3.8/site-packages/airflow/example_dags/example_time_delta_sensor_async.py
[2022-08-09 21:42:00,070] {logging_mixin.py:115} INFO - [2022-08-09 21:42:00,070] {dag.py:2371} INFO - Sync 1 DAGs
[2022-08-09 21:42:00,081] {logging_mixin.py:115} INFO - [2022-08-09 21:42:00,081] {dag.py:2915} INFO - Setting next_dagrun for example_time_delta_sensor_async to None, run_after=None
[2022-08-09 21:42:00,111] {processor.py:161} INFO - Processing /home/osboxes/.local/lib/python3.8/site-packages/airflow/example_dags/example_time_delta_sensor_async.py took 0.136 seconds
[2022-08-09 21:42:44,758] {processor.py:153} INFO - Started process (PID=350850) to work on /home/osboxes/.local/lib/python3.8/site-packages/airflow/example_dags/example_time_delta_sensor_async.py
[2022-08-09 21:42:44,765] {processor.py:641} INFO - Processing file /home/osboxes/.local/lib/python3.8/site-packages/airflow/example_dags/example_time_delta_sensor_async.py for tasks to queue
[2022-08-09 21:42:44,766] {logging_mixin.py:115} INFO - [2022-08-09 21:42:44,766] {dagbag.py:507} INFO - Filling up the DagBag from /home/osboxes/.local/lib/python3.8/site-packages/airflow/example_dags/example_time_delta_sensor_async.py
[2022-08-09 21:42:44,769] {processor.py:651} INFO - DAG(s) dict_keys(['example_time_delta_sensor_async']) retrieved from /home/osboxes/.local/lib/python3.8/site-packages/airflow/example_dags/example_time_delta_sensor_async.py
[2022-08-09 21:42:44,798] {logging_mixin.py:115} INFO - [2022-08-09 21:42:44,798] {dag.py:2371} INFO - Sync 1 DAGs
[2022-08-09 21:42:44,808] {logging_mixin.py:115} INFO - [2022-08-09 21:42:44,808] {dag.py:2915} INFO - Setting next_dagrun for example_time_delta_sensor_async to None, run_after=None
[2022-08-09 21:42:44,837] {processor.py:161} INFO - Processing /home/osboxes/.local/lib/python3.8/site-packages/airflow/example_dags/example_time_delta_sensor_async.py took 0.081 seconds
[2022-08-09 21:43:22,128] {processor.py:153} INFO - Started process (PID=351201) to work on /home/osboxes/.local/lib/python3.8/site-packages/airflow/example_dags/example_time_delta_sensor_async.py
[2022-08-09 21:43:22,131] {processor.py:641} INFO - Processing file /home/osboxes/.local/lib/python3.8/site-packages/airflow/example_dags/example_time_delta_sensor_async.py for tasks to queue
[2022-08-09 21:43:22,131] {logging_mixin.py:115} INFO - [2022-08-09 21:43:22,131] {dagbag.py:507} INFO - Filling up the DagBag from /home/osboxes/.local/lib/python3.8/site-packages/airflow/example_dags/example_time_delta_sensor_async.py
[2022-08-09 21:43:22,135] {processor.py:651} INFO - DAG(s) dict_keys(['example_time_delta_sensor_async']) retrieved from /home/osboxes/.local/lib/python3.8/site-packages/airflow/example_dags/example_time_delta_sensor_async.py
[2022-08-09 21:43:22,189] {logging_mixin.py:115} INFO - [2022-08-09 21:43:22,189] {dag.py:2371} INFO - Sync 1 DAGs
[2022-08-09 21:43:22,204] {logging_mixin.py:115} INFO - [2022-08-09 21:43:22,202] {dag.py:2915} INFO - Setting next_dagrun for example_time_delta_sensor_async to None, run_after=None
[2022-08-09 21:43:22,252] {processor.py:161} INFO - Processing /home/osboxes/.local/lib/python3.8/site-packages/airflow/example_dags/example_time_delta_sensor_async.py took 0.126 seconds
[2022-08-09 21:43:58,739] {processor.py:153} INFO - Started process (PID=351585) to work on /home/osboxes/.local/lib/python3.8/site-packages/airflow/example_dags/example_time_delta_sensor_async.py
[2022-08-09 21:43:58,740] {processor.py:641} INFO - Processing file /home/osboxes/.local/lib/python3.8/site-packages/airflow/example_dags/example_time_delta_sensor_async.py for tasks to queue
[2022-08-09 21:43:58,741] {logging_mixin.py:115} INFO - [2022-08-09 21:43:58,741] {dagbag.py:507} INFO - Filling up the DagBag from /home/osboxes/.local/lib/python3.8/site-packages/airflow/example_dags/example_time_delta_sensor_async.py
[2022-08-09 21:43:58,744] {processor.py:651} INFO - DAG(s) dict_keys(['example_time_delta_sensor_async']) retrieved from /home/osboxes/.local/lib/python3.8/site-packages/airflow/example_dags/example_time_delta_sensor_async.py
[2022-08-09 21:43:58,771] {logging_mixin.py:115} INFO - [2022-08-09 21:43:58,771] {dag.py:2371} INFO - Sync 1 DAGs
[2022-08-09 21:43:58,785] {logging_mixin.py:115} INFO - [2022-08-09 21:43:58,785] {dag.py:2915} INFO - Setting next_dagrun for example_time_delta_sensor_async to None, run_after=None
[2022-08-09 21:43:58,822] {processor.py:161} INFO - Processing /home/osboxes/.local/lib/python3.8/site-packages/airflow/example_dags/example_time_delta_sensor_async.py took 0.086 seconds
[2022-08-09 21:44:42,520] {processor.py:153} INFO - Started process (PID=351980) to work on /home/osboxes/.local/lib/python3.8/site-packages/airflow/example_dags/example_time_delta_sensor_async.py
[2022-08-09 21:44:42,530] {processor.py:641} INFO - Processing file /home/osboxes/.local/lib/python3.8/site-packages/airflow/example_dags/example_time_delta_sensor_async.py for tasks to queue
[2022-08-09 21:44:42,531] {logging_mixin.py:115} INFO - [2022-08-09 21:44:42,531] {dagbag.py:507} INFO - Filling up the DagBag from /home/osboxes/.local/lib/python3.8/site-packages/airflow/example_dags/example_time_delta_sensor_async.py
[2022-08-09 21:44:42,534] {processor.py:651} INFO - DAG(s) dict_keys(['example_time_delta_sensor_async']) retrieved from /home/osboxes/.local/lib/python3.8/site-packages/airflow/example_dags/example_time_delta_sensor_async.py
[2022-08-09 21:44:42,563] {logging_mixin.py:115} INFO - [2022-08-09 21:44:42,563] {dag.py:2371} INFO - Sync 1 DAGs
[2022-08-09 21:44:42,575] {logging_mixin.py:115} INFO - [2022-08-09 21:44:42,575] {dag.py:2915} INFO - Setting next_dagrun for example_time_delta_sensor_async to None, run_after=None
[2022-08-09 21:44:42,608] {processor.py:161} INFO - Processing /home/osboxes/.local/lib/python3.8/site-packages/airflow/example_dags/example_time_delta_sensor_async.py took 0.090 seconds
[2022-08-09 21:45:20,985] {processor.py:153} INFO - Started process (PID=352352) to work on /home/osboxes/.local/lib/python3.8/site-packages/airflow/example_dags/example_time_delta_sensor_async.py
[2022-08-09 21:45:20,987] {processor.py:641} INFO - Processing file /home/osboxes/.local/lib/python3.8/site-packages/airflow/example_dags/example_time_delta_sensor_async.py for tasks to queue
[2022-08-09 21:45:20,987] {logging_mixin.py:115} INFO - [2022-08-09 21:45:20,987] {dagbag.py:507} INFO - Filling up the DagBag from /home/osboxes/.local/lib/python3.8/site-packages/airflow/example_dags/example_time_delta_sensor_async.py
[2022-08-09 21:45:20,991] {processor.py:651} INFO - DAG(s) dict_keys(['example_time_delta_sensor_async']) retrieved from /home/osboxes/.local/lib/python3.8/site-packages/airflow/example_dags/example_time_delta_sensor_async.py
[2022-08-09 21:45:21,020] {logging_mixin.py:115} INFO - [2022-08-09 21:45:21,020] {dag.py:2371} INFO - Sync 1 DAGs
[2022-08-09 21:45:21,032] {logging_mixin.py:115} INFO - [2022-08-09 21:45:21,032] {dag.py:2915} INFO - Setting next_dagrun for example_time_delta_sensor_async to None, run_after=None
[2022-08-09 21:45:21,062] {processor.py:161} INFO - Processing /home/osboxes/.local/lib/python3.8/site-packages/airflow/example_dags/example_time_delta_sensor_async.py took 0.079 seconds
[2022-08-09 21:45:58,494] {processor.py:153} INFO - Started process (PID=352687) to work on /home/osboxes/.local/lib/python3.8/site-packages/airflow/example_dags/example_time_delta_sensor_async.py
[2022-08-09 21:45:58,495] {processor.py:641} INFO - Processing file /home/osboxes/.local/lib/python3.8/site-packages/airflow/example_dags/example_time_delta_sensor_async.py for tasks to queue
[2022-08-09 21:45:58,496] {logging_mixin.py:115} INFO - [2022-08-09 21:45:58,496] {dagbag.py:507} INFO - Filling up the DagBag from /home/osboxes/.local/lib/python3.8/site-packages/airflow/example_dags/example_time_delta_sensor_async.py
[2022-08-09 21:45:58,499] {processor.py:651} INFO - DAG(s) dict_keys(['example_time_delta_sensor_async']) retrieved from /home/osboxes/.local/lib/python3.8/site-packages/airflow/example_dags/example_time_delta_sensor_async.py
[2022-08-09 21:45:58,526] {logging_mixin.py:115} INFO - [2022-08-09 21:45:58,526] {dag.py:2371} INFO - Sync 1 DAGs
[2022-08-09 21:45:58,538] {logging_mixin.py:115} INFO - [2022-08-09 21:45:58,538] {dag.py:2915} INFO - Setting next_dagrun for example_time_delta_sensor_async to None, run_after=None
[2022-08-09 21:45:58,574] {processor.py:161} INFO - Processing /home/osboxes/.local/lib/python3.8/site-packages/airflow/example_dags/example_time_delta_sensor_async.py took 0.083 seconds
[2022-08-09 21:46:40,319] {processor.py:153} INFO - Started process (PID=353071) to work on /home/osboxes/.local/lib/python3.8/site-packages/airflow/example_dags/example_time_delta_sensor_async.py
[2022-08-09 21:46:40,320] {processor.py:641} INFO - Processing file /home/osboxes/.local/lib/python3.8/site-packages/airflow/example_dags/example_time_delta_sensor_async.py for tasks to queue
[2022-08-09 21:46:40,321] {logging_mixin.py:115} INFO - [2022-08-09 21:46:40,320] {dagbag.py:507} INFO - Filling up the DagBag from /home/osboxes/.local/lib/python3.8/site-packages/airflow/example_dags/example_time_delta_sensor_async.py
[2022-08-09 21:46:40,324] {processor.py:651} INFO - DAG(s) dict_keys(['example_time_delta_sensor_async']) retrieved from /home/osboxes/.local/lib/python3.8/site-packages/airflow/example_dags/example_time_delta_sensor_async.py
[2022-08-09 21:46:40,362] {logging_mixin.py:115} INFO - [2022-08-09 21:46:40,362] {dag.py:2371} INFO - Sync 1 DAGs
[2022-08-09 21:46:40,374] {logging_mixin.py:115} INFO - [2022-08-09 21:46:40,374] {dag.py:2915} INFO - Setting next_dagrun for example_time_delta_sensor_async to None, run_after=None
[2022-08-09 21:46:40,401] {processor.py:161} INFO - Processing /home/osboxes/.local/lib/python3.8/site-packages/airflow/example_dags/example_time_delta_sensor_async.py took 0.084 seconds
[2022-08-09 21:47:17,875] {processor.py:153} INFO - Started process (PID=353423) to work on /home/osboxes/.local/lib/python3.8/site-packages/airflow/example_dags/example_time_delta_sensor_async.py
[2022-08-09 21:47:17,876] {processor.py:641} INFO - Processing file /home/osboxes/.local/lib/python3.8/site-packages/airflow/example_dags/example_time_delta_sensor_async.py for tasks to queue
[2022-08-09 21:47:17,877] {logging_mixin.py:115} INFO - [2022-08-09 21:47:17,877] {dagbag.py:507} INFO - Filling up the DagBag from /home/osboxes/.local/lib/python3.8/site-packages/airflow/example_dags/example_time_delta_sensor_async.py
[2022-08-09 21:47:17,881] {processor.py:651} INFO - DAG(s) dict_keys(['example_time_delta_sensor_async']) retrieved from /home/osboxes/.local/lib/python3.8/site-packages/airflow/example_dags/example_time_delta_sensor_async.py
[2022-08-09 21:47:17,918] {logging_mixin.py:115} INFO - [2022-08-09 21:47:17,918] {dag.py:2371} INFO - Sync 1 DAGs
[2022-08-09 21:47:17,930] {logging_mixin.py:115} INFO - [2022-08-09 21:47:17,929] {dag.py:2915} INFO - Setting next_dagrun for example_time_delta_sensor_async to None, run_after=None
[2022-08-09 21:47:17,958] {processor.py:161} INFO - Processing /home/osboxes/.local/lib/python3.8/site-packages/airflow/example_dags/example_time_delta_sensor_async.py took 0.085 seconds
[2022-08-09 21:47:58,602] {processor.py:153} INFO - Started process (PID=353803) to work on /home/osboxes/.local/lib/python3.8/site-packages/airflow/example_dags/example_time_delta_sensor_async.py
[2022-08-09 21:47:58,604] {processor.py:641} INFO - Processing file /home/osboxes/.local/lib/python3.8/site-packages/airflow/example_dags/example_time_delta_sensor_async.py for tasks to queue
[2022-08-09 21:47:58,604] {logging_mixin.py:115} INFO - [2022-08-09 21:47:58,604] {dagbag.py:507} INFO - Filling up the DagBag from /home/osboxes/.local/lib/python3.8/site-packages/airflow/example_dags/example_time_delta_sensor_async.py
[2022-08-09 21:47:58,609] {processor.py:651} INFO - DAG(s) dict_keys(['example_time_delta_sensor_async']) retrieved from /home/osboxes/.local/lib/python3.8/site-packages/airflow/example_dags/example_time_delta_sensor_async.py
[2022-08-09 21:47:58,637] {logging_mixin.py:115} INFO - [2022-08-09 21:47:58,637] {dag.py:2371} INFO - Sync 1 DAGs
[2022-08-09 21:47:58,667] {logging_mixin.py:115} INFO - [2022-08-09 21:47:58,649] {dag.py:2915} INFO - Setting next_dagrun for example_time_delta_sensor_async to None, run_after=None
[2022-08-09 21:47:58,693] {processor.py:161} INFO - Processing /home/osboxes/.local/lib/python3.8/site-packages/airflow/example_dags/example_time_delta_sensor_async.py took 0.093 seconds
[2022-08-09 21:48:37,768] {processor.py:153} INFO - Started process (PID=354181) to work on /home/osboxes/.local/lib/python3.8/site-packages/airflow/example_dags/example_time_delta_sensor_async.py
[2022-08-09 21:48:37,771] {processor.py:641} INFO - Processing file /home/osboxes/.local/lib/python3.8/site-packages/airflow/example_dags/example_time_delta_sensor_async.py for tasks to queue
[2022-08-09 21:48:37,772] {logging_mixin.py:115} INFO - [2022-08-09 21:48:37,772] {dagbag.py:507} INFO - Filling up the DagBag from /home/osboxes/.local/lib/python3.8/site-packages/airflow/example_dags/example_time_delta_sensor_async.py
[2022-08-09 21:48:37,776] {processor.py:651} INFO - DAG(s) dict_keys(['example_time_delta_sensor_async']) retrieved from /home/osboxes/.local/lib/python3.8/site-packages/airflow/example_dags/example_time_delta_sensor_async.py
[2022-08-09 21:48:37,804] {logging_mixin.py:115} INFO - [2022-08-09 21:48:37,804] {dag.py:2371} INFO - Sync 1 DAGs
[2022-08-09 21:48:37,815] {logging_mixin.py:115} INFO - [2022-08-09 21:48:37,815] {dag.py:2915} INFO - Setting next_dagrun for example_time_delta_sensor_async to None, run_after=None
[2022-08-09 21:48:37,850] {processor.py:161} INFO - Processing /home/osboxes/.local/lib/python3.8/site-packages/airflow/example_dags/example_time_delta_sensor_async.py took 0.085 seconds
[2022-08-09 21:49:26,148] {processor.py:153} INFO - Started process (PID=354634) to work on /home/osboxes/.local/lib/python3.8/site-packages/airflow/example_dags/example_time_delta_sensor_async.py
[2022-08-09 21:49:26,150] {processor.py:641} INFO - Processing file /home/osboxes/.local/lib/python3.8/site-packages/airflow/example_dags/example_time_delta_sensor_async.py for tasks to queue
[2022-08-09 21:49:26,151] {logging_mixin.py:115} INFO - [2022-08-09 21:49:26,151] {dagbag.py:507} INFO - Filling up the DagBag from /home/osboxes/.local/lib/python3.8/site-packages/airflow/example_dags/example_time_delta_sensor_async.py
[2022-08-09 21:49:26,154] {processor.py:651} INFO - DAG(s) dict_keys(['example_time_delta_sensor_async']) retrieved from /home/osboxes/.local/lib/python3.8/site-packages/airflow/example_dags/example_time_delta_sensor_async.py
[2022-08-09 21:49:26,180] {logging_mixin.py:115} INFO - [2022-08-09 21:49:26,180] {dag.py:2371} INFO - Sync 1 DAGs
[2022-08-09 21:49:26,195] {logging_mixin.py:115} INFO - [2022-08-09 21:49:26,192] {dag.py:2915} INFO - Setting next_dagrun for example_time_delta_sensor_async to None, run_after=None
[2022-08-09 21:49:26,232] {processor.py:161} INFO - Processing /home/osboxes/.local/lib/python3.8/site-packages/airflow/example_dags/example_time_delta_sensor_async.py took 0.086 seconds
[2022-08-09 21:50:06,772] {processor.py:153} INFO - Started process (PID=355003) to work on /home/osboxes/.local/lib/python3.8/site-packages/airflow/example_dags/example_time_delta_sensor_async.py
[2022-08-09 21:50:06,773] {processor.py:641} INFO - Processing file /home/osboxes/.local/lib/python3.8/site-packages/airflow/example_dags/example_time_delta_sensor_async.py for tasks to queue
[2022-08-09 21:50:06,774] {logging_mixin.py:115} INFO - [2022-08-09 21:50:06,774] {dagbag.py:507} INFO - Filling up the DagBag from /home/osboxes/.local/lib/python3.8/site-packages/airflow/example_dags/example_time_delta_sensor_async.py
[2022-08-09 21:50:06,778] {processor.py:651} INFO - DAG(s) dict_keys(['example_time_delta_sensor_async']) retrieved from /home/osboxes/.local/lib/python3.8/site-packages/airflow/example_dags/example_time_delta_sensor_async.py
[2022-08-09 21:50:06,805] {logging_mixin.py:115} INFO - [2022-08-09 21:50:06,805] {dag.py:2371} INFO - Sync 1 DAGs
[2022-08-09 21:50:06,816] {logging_mixin.py:115} INFO - [2022-08-09 21:50:06,816] {dag.py:2915} INFO - Setting next_dagrun for example_time_delta_sensor_async to None, run_after=None
[2022-08-09 21:50:06,854] {processor.py:161} INFO - Processing /home/osboxes/.local/lib/python3.8/site-packages/airflow/example_dags/example_time_delta_sensor_async.py took 0.084 seconds
[2022-08-09 21:50:50,905] {processor.py:153} INFO - Started process (PID=355427) to work on /home/osboxes/.local/lib/python3.8/site-packages/airflow/example_dags/example_time_delta_sensor_async.py
[2022-08-09 21:50:50,916] {processor.py:641} INFO - Processing file /home/osboxes/.local/lib/python3.8/site-packages/airflow/example_dags/example_time_delta_sensor_async.py for tasks to queue
[2022-08-09 21:50:50,916] {logging_mixin.py:115} INFO - [2022-08-09 21:50:50,916] {dagbag.py:507} INFO - Filling up the DagBag from /home/osboxes/.local/lib/python3.8/site-packages/airflow/example_dags/example_time_delta_sensor_async.py
[2022-08-09 21:50:50,920] {processor.py:651} INFO - DAG(s) dict_keys(['example_time_delta_sensor_async']) retrieved from /home/osboxes/.local/lib/python3.8/site-packages/airflow/example_dags/example_time_delta_sensor_async.py
[2022-08-09 21:50:50,946] {logging_mixin.py:115} INFO - [2022-08-09 21:50:50,946] {dag.py:2371} INFO - Sync 1 DAGs
[2022-08-09 21:50:50,959] {logging_mixin.py:115} INFO - [2022-08-09 21:50:50,959] {dag.py:2915} INFO - Setting next_dagrun for example_time_delta_sensor_async to None, run_after=None
[2022-08-09 21:50:50,986] {processor.py:161} INFO - Processing /home/osboxes/.local/lib/python3.8/site-packages/airflow/example_dags/example_time_delta_sensor_async.py took 0.083 seconds
[2022-08-09 22:09:57,462] {processor.py:153} INFO - Started process (PID=356163) to work on /home/osboxes/.local/lib/python3.8/site-packages/airflow/example_dags/example_time_delta_sensor_async.py
[2022-08-09 22:09:57,466] {processor.py:641} INFO - Processing file /home/osboxes/.local/lib/python3.8/site-packages/airflow/example_dags/example_time_delta_sensor_async.py for tasks to queue
[2022-08-09 22:09:57,466] {logging_mixin.py:115} INFO - [2022-08-09 22:09:57,466] {dagbag.py:507} INFO - Filling up the DagBag from /home/osboxes/.local/lib/python3.8/site-packages/airflow/example_dags/example_time_delta_sensor_async.py
[2022-08-09 22:09:57,470] {processor.py:651} INFO - DAG(s) dict_keys(['example_time_delta_sensor_async']) retrieved from /home/osboxes/.local/lib/python3.8/site-packages/airflow/example_dags/example_time_delta_sensor_async.py
[2022-08-09 22:09:57,519] {logging_mixin.py:115} INFO - [2022-08-09 22:09:57,519] {dag.py:2371} INFO - Sync 1 DAGs
[2022-08-09 22:09:57,540] {logging_mixin.py:115} INFO - [2022-08-09 22:09:57,540] {dag.py:2915} INFO - Setting next_dagrun for example_time_delta_sensor_async to None, run_after=None
[2022-08-09 22:09:57,579] {processor.py:161} INFO - Processing /home/osboxes/.local/lib/python3.8/site-packages/airflow/example_dags/example_time_delta_sensor_async.py took 0.119 seconds
[2022-08-09 22:10:38,005] {processor.py:153} INFO - Started process (PID=356548) to work on /home/osboxes/.local/lib/python3.8/site-packages/airflow/example_dags/example_time_delta_sensor_async.py
[2022-08-09 22:10:38,007] {processor.py:641} INFO - Processing file /home/osboxes/.local/lib/python3.8/site-packages/airflow/example_dags/example_time_delta_sensor_async.py for tasks to queue
[2022-08-09 22:10:38,007] {logging_mixin.py:115} INFO - [2022-08-09 22:10:38,007] {dagbag.py:507} INFO - Filling up the DagBag from /home/osboxes/.local/lib/python3.8/site-packages/airflow/example_dags/example_time_delta_sensor_async.py
[2022-08-09 22:10:38,011] {processor.py:651} INFO - DAG(s) dict_keys(['example_time_delta_sensor_async']) retrieved from /home/osboxes/.local/lib/python3.8/site-packages/airflow/example_dags/example_time_delta_sensor_async.py
[2022-08-09 22:10:38,040] {logging_mixin.py:115} INFO - [2022-08-09 22:10:38,040] {dag.py:2371} INFO - Sync 1 DAGs
[2022-08-09 22:10:38,052] {logging_mixin.py:115} INFO - [2022-08-09 22:10:38,052] {dag.py:2915} INFO - Setting next_dagrun for example_time_delta_sensor_async to None, run_after=None
[2022-08-09 22:10:38,084] {processor.py:161} INFO - Processing /home/osboxes/.local/lib/python3.8/site-packages/airflow/example_dags/example_time_delta_sensor_async.py took 0.080 seconds
[2022-08-09 22:11:17,924] {processor.py:153} INFO - Started process (PID=356921) to work on /home/osboxes/.local/lib/python3.8/site-packages/airflow/example_dags/example_time_delta_sensor_async.py
[2022-08-09 22:11:17,925] {processor.py:641} INFO - Processing file /home/osboxes/.local/lib/python3.8/site-packages/airflow/example_dags/example_time_delta_sensor_async.py for tasks to queue
[2022-08-09 22:11:17,926] {logging_mixin.py:115} INFO - [2022-08-09 22:11:17,926] {dagbag.py:507} INFO - Filling up the DagBag from /home/osboxes/.local/lib/python3.8/site-packages/airflow/example_dags/example_time_delta_sensor_async.py
[2022-08-09 22:11:17,929] {processor.py:651} INFO - DAG(s) dict_keys(['example_time_delta_sensor_async']) retrieved from /home/osboxes/.local/lib/python3.8/site-packages/airflow/example_dags/example_time_delta_sensor_async.py
[2022-08-09 22:11:17,964] {logging_mixin.py:115} INFO - [2022-08-09 22:11:17,964] {dag.py:2371} INFO - Sync 1 DAGs
[2022-08-09 22:11:17,980] {logging_mixin.py:115} INFO - [2022-08-09 22:11:17,980] {dag.py:2915} INFO - Setting next_dagrun for example_time_delta_sensor_async to None, run_after=None
[2022-08-09 22:11:18,007] {processor.py:161} INFO - Processing /home/osboxes/.local/lib/python3.8/site-packages/airflow/example_dags/example_time_delta_sensor_async.py took 0.086 seconds
[2022-08-09 22:12:04,551] {processor.py:153} INFO - Started process (PID=357386) to work on /home/osboxes/.local/lib/python3.8/site-packages/airflow/example_dags/example_time_delta_sensor_async.py
[2022-08-09 22:12:04,553] {processor.py:641} INFO - Processing file /home/osboxes/.local/lib/python3.8/site-packages/airflow/example_dags/example_time_delta_sensor_async.py for tasks to queue
[2022-08-09 22:12:04,553] {logging_mixin.py:115} INFO - [2022-08-09 22:12:04,553] {dagbag.py:507} INFO - Filling up the DagBag from /home/osboxes/.local/lib/python3.8/site-packages/airflow/example_dags/example_time_delta_sensor_async.py
[2022-08-09 22:12:04,557] {processor.py:651} INFO - DAG(s) dict_keys(['example_time_delta_sensor_async']) retrieved from /home/osboxes/.local/lib/python3.8/site-packages/airflow/example_dags/example_time_delta_sensor_async.py
[2022-08-09 22:12:04,584] {logging_mixin.py:115} INFO - [2022-08-09 22:12:04,584] {dag.py:2371} INFO - Sync 1 DAGs
[2022-08-09 22:12:04,597] {logging_mixin.py:115} INFO - [2022-08-09 22:12:04,597] {dag.py:2915} INFO - Setting next_dagrun for example_time_delta_sensor_async to None, run_after=None
[2022-08-09 22:12:04,631] {processor.py:161} INFO - Processing /home/osboxes/.local/lib/python3.8/site-packages/airflow/example_dags/example_time_delta_sensor_async.py took 0.082 seconds
[2022-08-09 22:12:50,362] {processor.py:153} INFO - Started process (PID=357798) to work on /home/osboxes/.local/lib/python3.8/site-packages/airflow/example_dags/example_time_delta_sensor_async.py
[2022-08-09 22:12:50,364] {processor.py:641} INFO - Processing file /home/osboxes/.local/lib/python3.8/site-packages/airflow/example_dags/example_time_delta_sensor_async.py for tasks to queue
[2022-08-09 22:12:50,365] {logging_mixin.py:115} INFO - [2022-08-09 22:12:50,364] {dagbag.py:507} INFO - Filling up the DagBag from /home/osboxes/.local/lib/python3.8/site-packages/airflow/example_dags/example_time_delta_sensor_async.py
[2022-08-09 22:12:50,387] {processor.py:651} INFO - DAG(s) dict_keys(['example_time_delta_sensor_async']) retrieved from /home/osboxes/.local/lib/python3.8/site-packages/airflow/example_dags/example_time_delta_sensor_async.py
[2022-08-09 22:12:50,416] {logging_mixin.py:115} INFO - [2022-08-09 22:12:50,416] {dag.py:2371} INFO - Sync 1 DAGs
[2022-08-09 22:12:50,427] {logging_mixin.py:115} INFO - [2022-08-09 22:12:50,427] {dag.py:2915} INFO - Setting next_dagrun for example_time_delta_sensor_async to None, run_after=None
[2022-08-09 22:12:50,464] {processor.py:161} INFO - Processing /home/osboxes/.local/lib/python3.8/site-packages/airflow/example_dags/example_time_delta_sensor_async.py took 0.104 seconds
[2022-08-09 22:13:30,324] {processor.py:153} INFO - Started process (PID=358169) to work on /home/osboxes/.local/lib/python3.8/site-packages/airflow/example_dags/example_time_delta_sensor_async.py
[2022-08-09 22:13:30,327] {processor.py:641} INFO - Processing file /home/osboxes/.local/lib/python3.8/site-packages/airflow/example_dags/example_time_delta_sensor_async.py for tasks to queue
[2022-08-09 22:13:30,327] {logging_mixin.py:115} INFO - [2022-08-09 22:13:30,327] {dagbag.py:507} INFO - Filling up the DagBag from /home/osboxes/.local/lib/python3.8/site-packages/airflow/example_dags/example_time_delta_sensor_async.py
[2022-08-09 22:13:30,331] {processor.py:651} INFO - DAG(s) dict_keys(['example_time_delta_sensor_async']) retrieved from /home/osboxes/.local/lib/python3.8/site-packages/airflow/example_dags/example_time_delta_sensor_async.py
[2022-08-09 22:13:30,359] {logging_mixin.py:115} INFO - [2022-08-09 22:13:30,359] {dag.py:2371} INFO - Sync 1 DAGs
[2022-08-09 22:13:30,370] {logging_mixin.py:115} INFO - [2022-08-09 22:13:30,370] {dag.py:2915} INFO - Setting next_dagrun for example_time_delta_sensor_async to None, run_after=None
[2022-08-09 22:13:30,400] {processor.py:161} INFO - Processing /home/osboxes/.local/lib/python3.8/site-packages/airflow/example_dags/example_time_delta_sensor_async.py took 0.078 seconds
                                                                                                                                                                                                                                                                                                                                                                                                                                                                                                                                                                                                                                                                                                                                                                                                                                                                                                                                                                                                                                                                                                                                                                                                                                                                                                                                                                                         