[2022-08-09 21:18:24,796] {processor.py:153} INFO - Started process (PID=337069) to work on /home/osboxes/.local/lib/python3.8/site-packages/airflow/example_dags/example_xcomargs.py
[2022-08-09 21:18:24,797] {processor.py:641} INFO - Processing file /home/osboxes/.local/lib/python3.8/site-packages/airflow/example_dags/example_xcomargs.py for tasks to queue
[2022-08-09 21:18:24,797] {logging_mixin.py:115} INFO - [2022-08-09 21:18:24,797] {dagbag.py:507} INFO - Filling up the DagBag from /home/osboxes/.local/lib/python3.8/site-packages/airflow/example_dags/example_xcomargs.py
[2022-08-09 21:18:24,814] {processor.py:651} INFO - DAG(s) dict_keys(['example_xcom_args', 'example_xcom_args_with_operators']) retrieved from /home/osboxes/.local/lib/python3.8/site-packages/airflow/example_dags/example_xcomargs.py
[2022-08-09 21:18:24,858] {logging_mixin.py:115} INFO - [2022-08-09 21:18:24,858] {dag.py:2371} INFO - Sync 2 DAGs
[2022-08-09 21:18:24,868] {logging_mixin.py:115} INFO - [2022-08-09 21:18:24,868] {dag.py:2915} INFO - Setting next_dagrun for example_xcom_args to None, run_after=None
[2022-08-09 21:18:24,868] {logging_mixin.py:115} INFO - [2022-08-09 21:18:24,868] {dag.py:2915} INFO - Setting next_dagrun for example_xcom_args_with_operators to None, run_after=None
[2022-08-09 21:18:24,900] {processor.py:161} INFO - Processing /home/osboxes/.local/lib/python3.8/site-packages/airflow/example_dags/example_xcomargs.py took 0.106 seconds
[2022-08-09 21:19:06,598] {processor.py:153} INFO - Started process (PID=337524) to work on /home/osboxes/.local/lib/python3.8/site-packages/airflow/example_dags/example_xcomargs.py
[2022-08-09 21:19:06,599] {processor.py:641} INFO - Processing file /home/osboxes/.local/lib/python3.8/site-packages/airflow/example_dags/example_xcomargs.py for tasks to queue
[2022-08-09 21:19:06,599] {logging_mixin.py:115} INFO - [2022-08-09 21:19:06,599] {dagbag.py:507} INFO - Filling up the DagBag from /home/osboxes/.local/lib/python3.8/site-packages/airflow/example_dags/example_xcomargs.py
[2022-08-09 21:19:06,616] {processor.py:651} INFO - DAG(s) dict_keys(['example_xcom_args', 'example_xcom_args_with_operators']) retrieved from /home/osboxes/.local/lib/python3.8/site-packages/airflow/example_dags/example_xcomargs.py
[2022-08-09 21:19:06,654] {logging_mixin.py:115} INFO - [2022-08-09 21:19:06,654] {dag.py:2371} INFO - Sync 2 DAGs
[2022-08-09 21:19:06,666] {logging_mixin.py:115} INFO - [2022-08-09 21:19:06,666] {dag.py:2915} INFO - Setting next_dagrun for example_xcom_args to None, run_after=None
[2022-08-09 21:19:06,667] {logging_mixin.py:115} INFO - [2022-08-09 21:19:06,667] {dag.py:2915} INFO - Setting next_dagrun for example_xcom_args_with_operators to None, run_after=None
[2022-08-09 21:19:06,695] {processor.py:161} INFO - Processing /home/osboxes/.local/lib/python3.8/site-packages/airflow/example_dags/example_xcomargs.py took 0.099 seconds
[2022-08-09 21:19:48,090] {processor.py:153} INFO - Started process (PID=337915) to work on /home/osboxes/.local/lib/python3.8/site-packages/airflow/example_dags/example_xcomargs.py
[2022-08-09 21:19:48,092] {processor.py:641} INFO - Processing file /home/osboxes/.local/lib/python3.8/site-packages/airflow/example_dags/example_xcomargs.py for tasks to queue
[2022-08-09 21:19:48,092] {logging_mixin.py:115} INFO - [2022-08-09 21:19:48,092] {dagbag.py:507} INFO - Filling up the DagBag from /home/osboxes/.local/lib/python3.8/site-packages/airflow/example_dags/example_xcomargs.py
[2022-08-09 21:19:48,128] {processor.py:651} INFO - DAG(s) dict_keys(['example_xcom_args', 'example_xcom_args_with_operators']) retrieved from /home/osboxes/.local/lib/python3.8/site-packages/airflow/example_dags/example_xcomargs.py
[2022-08-09 21:19:48,155] {logging_mixin.py:115} INFO - [2022-08-09 21:19:48,155] {dag.py:2371} INFO - Sync 2 DAGs
[2022-08-09 21:19:48,181] {logging_mixin.py:115} INFO - [2022-08-09 21:19:48,181] {dag.py:2915} INFO - Setting next_dagrun for example_xcom_args to None, run_after=None
[2022-08-09 21:19:48,185] {logging_mixin.py:115} INFO - [2022-08-09 21:19:48,185] {dag.py:2915} INFO - Setting next_dagrun for example_xcom_args_with_operators to None, run_after=None
[2022-08-09 21:19:48,217] {processor.py:161} INFO - Processing /home/osboxes/.local/lib/python3.8/site-packages/airflow/example_dags/example_xcomargs.py took 0.129 seconds
[2022-08-09 21:20:29,000] {processor.py:153} INFO - Started process (PID=338268) to work on /home/osboxes/.local/lib/python3.8/site-packages/airflow/example_dags/example_xcomargs.py
[2022-08-09 21:20:29,011] {processor.py:641} INFO - Processing file /home/osboxes/.local/lib/python3.8/site-packages/airflow/example_dags/example_xcomargs.py for tasks to queue
[2022-08-09 21:20:29,011] {logging_mixin.py:115} INFO - [2022-08-09 21:20:29,011] {dagbag.py:507} INFO - Filling up the DagBag from /home/osboxes/.local/lib/python3.8/site-packages/airflow/example_dags/example_xcomargs.py
[2022-08-09 21:20:29,028] {processor.py:651} INFO - DAG(s) dict_keys(['example_xcom_args', 'example_xcom_args_with_operators']) retrieved from /home/osboxes/.local/lib/python3.8/site-packages/airflow/example_dags/example_xcomargs.py
[2022-08-09 21:20:29,054] {logging_mixin.py:115} INFO - [2022-08-09 21:20:29,054] {dag.py:2371} INFO - Sync 2 DAGs
[2022-08-09 21:20:29,066] {logging_mixin.py:115} INFO - [2022-08-09 21:20:29,066] {dag.py:2915} INFO - Setting next_dagrun for example_xcom_args to None, run_after=None
[2022-08-09 21:20:29,066] {logging_mixin.py:115} INFO - [2022-08-09 21:20:29,066] {dag.py:2915} INFO - Setting next_dagrun for example_xcom_args_with_operators to None, run_after=None
[2022-08-09 21:20:29,101] {processor.py:161} INFO - Processing /home/osboxes/.local/lib/python3.8/site-packages/airflow/example_dags/example_xcomargs.py took 0.103 seconds
[2022-08-09 21:21:07,954] {processor.py:153} INFO - Started process (PID=338628) to work on /home/osboxes/.local/lib/python3.8/site-packages/airflow/example_dags/example_xcomargs.py
[2022-08-09 21:21:07,956] {processor.py:641} INFO - Processing file /home/osboxes/.local/lib/python3.8/site-packages/airflow/example_dags/example_xcomargs.py for tasks to queue
[2022-08-09 21:21:07,956] {logging_mixin.py:115} INFO - [2022-08-09 21:21:07,956] {dagbag.py:507} INFO - Filling up the DagBag from /home/osboxes/.local/lib/python3.8/site-packages/airflow/example_dags/example_xcomargs.py
[2022-08-09 21:21:07,971] {processor.py:651} INFO - DAG(s) dict_keys(['example_xcom_args', 'example_xcom_args_with_operators']) retrieved from /home/osboxes/.local/lib/python3.8/site-packages/airflow/example_dags/example_xcomargs.py
[2022-08-09 21:21:07,990] {logging_mixin.py:115} INFO - [2022-08-09 21:21:07,990] {dag.py:2371} INFO - Sync 2 DAGs
[2022-08-09 21:21:08,003] {logging_mixin.py:115} INFO - [2022-08-09 21:21:08,003] {dag.py:2915} INFO - Setting next_dagrun for example_xcom_args to None, run_after=None
[2022-08-09 21:21:08,004] {logging_mixin.py:115} INFO - [2022-08-09 21:21:08,003] {dag.py:2915} INFO - Setting next_dagrun for example_xcom_args_with_operators to None, run_after=None
[2022-08-09 21:21:08,029] {processor.py:161} INFO - Processing /home/osboxes/.local/lib/python3.8/site-packages/airflow/example_dags/example_xcomargs.py took 0.077 seconds
[2022-08-09 21:21:45,831] {processor.py:153} INFO - Started process (PID=338983) to work on /home/osboxes/.local/lib/python3.8/site-packages/airflow/example_dags/example_xcomargs.py
[2022-08-09 21:21:45,833] {processor.py:641} INFO - Processing file /home/osboxes/.local/lib/python3.8/site-packages/airflow/example_dags/example_xcomargs.py for tasks to queue
[2022-08-09 21:21:45,833] {logging_mixin.py:115} INFO - [2022-08-09 21:21:45,833] {dagbag.py:507} INFO - Filling up the DagBag from /home/osboxes/.local/lib/python3.8/site-packages/airflow/example_dags/example_xcomargs.py
[2022-08-09 21:21:45,847] {processor.py:651} INFO - DAG(s) dict_keys(['example_xcom_args', 'example_xcom_args_with_operators']) retrieved from /home/osboxes/.local/lib/python3.8/site-packages/airflow/example_dags/example_xcomargs.py
[2022-08-09 21:21:45,866] {logging_mixin.py:115} INFO - [2022-08-09 21:21:45,866] {dag.py:2371} INFO - Sync 2 DAGs
[2022-08-09 21:21:45,877] {logging_mixin.py:115} INFO - [2022-08-09 21:21:45,877] {dag.py:2915} INFO - Setting next_dagrun for example_xcom_args to None, run_after=None
[2022-08-09 21:21:45,877] {logging_mixin.py:115} INFO - [2022-08-09 21:21:45,877] {dag.py:2915} INFO - Setting next_dagrun for example_xcom_args_with_operators to None, run_after=None
[2022-08-09 21:21:45,916] {processor.py:161} INFO - Processing /home/osboxes/.local/lib/python3.8/site-packages/airflow/example_dags/example_xcomargs.py took 0.087 seconds
[2022-08-09 21:22:29,808] {processor.py:153} INFO - Started process (PID=339388) to work on /home/osboxes/.local/lib/python3.8/site-packages/airflow/example_dags/example_xcomargs.py
[2022-08-09 21:22:29,809] {processor.py:641} INFO - Processing file /home/osboxes/.local/lib/python3.8/site-packages/airflow/example_dags/example_xcomargs.py for tasks to queue
[2022-08-09 21:22:29,810] {logging_mixin.py:115} INFO - [2022-08-09 21:22:29,810] {dagbag.py:507} INFO - Filling up the DagBag from /home/osboxes/.local/lib/python3.8/site-packages/airflow/example_dags/example_xcomargs.py
[2022-08-09 21:22:29,825] {processor.py:651} INFO - DAG(s) dict_keys(['example_xcom_args', 'example_xcom_args_with_operators']) retrieved from /home/osboxes/.local/lib/python3.8/site-packages/airflow/example_dags/example_xcomargs.py
[2022-08-09 21:22:29,861] {logging_mixin.py:115} INFO - [2022-08-09 21:22:29,861] {dag.py:2371} INFO - Sync 2 DAGs
[2022-08-09 21:22:29,874] {logging_mixin.py:115} INFO - [2022-08-09 21:22:29,874] {dag.py:2915} INFO - Setting next_dagrun for example_xcom_args to None, run_after=None
[2022-08-09 21:22:29,875] {logging_mixin.py:115} INFO - [2022-08-09 21:22:29,875] {dag.py:2915} INFO - Setting next_dagrun for example_xcom_args_with_operators to None, run_after=None
[2022-08-09 21:22:29,904] {processor.py:161} INFO - Processing /home/osboxes/.local/lib/python3.8/site-packages/airflow/example_dags/example_xcomargs.py took 0.098 seconds
[2022-08-09 21:23:07,248] {processor.py:153} INFO - Started process (PID=339744) to work on /home/osboxes/.local/lib/python3.8/site-packages/airflow/example_dags/example_xcomargs.py
[2022-08-09 21:23:07,271] {processor.py:641} INFO - Processing file /home/osboxes/.local/lib/python3.8/site-packages/airflow/example_dags/example_xcomargs.py for tasks to queue
[2022-08-09 21:23:07,272] {logging_mixin.py:115} INFO - [2022-08-09 21:23:07,271] {dagbag.py:507} INFO - Filling up the DagBag from /home/osboxes/.local/lib/python3.8/site-packages/airflow/example_dags/example_xcomargs.py
[2022-08-09 21:23:07,295] {processor.py:651} INFO - DAG(s) dict_keys(['example_xcom_args', 'example_xcom_args_with_operators']) retrieved from /home/osboxes/.local/lib/python3.8/site-packages/airflow/example_dags/example_xcomargs.py
[2022-08-09 21:23:07,360] {logging_mixin.py:115} INFO - [2022-08-09 21:23:07,360] {dag.py:2371} INFO - Sync 2 DAGs
[2022-08-09 21:23:07,375] {logging_mixin.py:115} INFO - [2022-08-09 21:23:07,375] {dag.py:2915} INFO - Setting next_dagrun for example_xcom_args to None, run_after=None
[2022-08-09 21:23:07,375] {logging_mixin.py:115} INFO - [2022-08-09 21:23:07,375] {dag.py:2915} INFO - Setting next_dagrun for example_xcom_args_with_operators to None, run_after=None
[2022-08-09 21:23:07,408] {processor.py:161} INFO - Processing /home/osboxes/.local/lib/python3.8/site-packages/airflow/example_dags/example_xcomargs.py took 0.162 seconds
[2022-08-09 21:23:45,613] {processor.py:153} INFO - Started process (PID=340145) to work on /home/osboxes/.local/lib/python3.8/site-packages/airflow/example_dags/example_xcomargs.py
[2022-08-09 21:23:45,615] {processor.py:641} INFO - Processing file /home/osboxes/.local/lib/python3.8/site-packages/airflow/example_dags/example_xcomargs.py for tasks to queue
[2022-08-09 21:23:45,616] {logging_mixin.py:115} INFO - [2022-08-09 21:23:45,616] {dagbag.py:507} INFO - Filling up the DagBag from /home/osboxes/.local/lib/python3.8/site-packages/airflow/example_dags/example_xcomargs.py
[2022-08-09 21:23:45,629] {processor.py:651} INFO - DAG(s) dict_keys(['example_xcom_args', 'example_xcom_args_with_operators']) retrieved from /home/osboxes/.local/lib/python3.8/site-packages/airflow/example_dags/example_xcomargs.py
[2022-08-09 21:23:45,670] {logging_mixin.py:115} INFO - [2022-08-09 21:23:45,670] {dag.py:2371} INFO - Sync 2 DAGs
[2022-08-09 21:23:45,681] {logging_mixin.py:115} INFO - [2022-08-09 21:23:45,680] {dag.py:2915} INFO - Setting next_dagrun for example_xcom_args to None, run_after=None
[2022-08-09 21:23:45,681] {logging_mixin.py:115} INFO - [2022-08-09 21:23:45,681] {dag.py:2915} INFO - Setting next_dagrun for example_xcom_args_with_operators to None, run_after=None
[2022-08-09 21:23:45,725] {processor.py:161} INFO - Processing /home/osboxes/.local/lib/python3.8/site-packages/airflow/example_dags/example_xcomargs.py took 0.114 seconds
[2022-08-09 21:24:23,951] {processor.py:153} INFO - Started process (PID=340502) to work on /home/osboxes/.local/lib/python3.8/site-packages/airflow/example_dags/example_xcomargs.py
[2022-08-09 21:24:23,952] {processor.py:641} INFO - Processing file /home/osboxes/.local/lib/python3.8/site-packages/airflow/example_dags/example_xcomargs.py for tasks to queue
[2022-08-09 21:24:23,953] {logging_mixin.py:115} INFO - [2022-08-09 21:24:23,953] {dagbag.py:507} INFO - Filling up the DagBag from /home/osboxes/.local/lib/python3.8/site-packages/airflow/example_dags/example_xcomargs.py
[2022-08-09 21:24:23,968] {processor.py:651} INFO - DAG(s) dict_keys(['example_xcom_args', 'example_xcom_args_with_operators']) retrieved from /home/osboxes/.local/lib/python3.8/site-packages/airflow/example_dags/example_xcomargs.py
[2022-08-09 21:24:23,987] {logging_mixin.py:115} INFO - [2022-08-09 21:24:23,987] {dag.py:2371} INFO - Sync 2 DAGs
[2022-08-09 21:24:24,000] {logging_mixin.py:115} INFO - [2022-08-09 21:24:23,999] {dag.py:2915} INFO - Setting next_dagrun for example_xcom_args to None, run_after=None
[2022-08-09 21:24:24,000] {logging_mixin.py:115} INFO - [2022-08-09 21:24:24,000] {dag.py:2915} INFO - Setting next_dagrun for example_xcom_args_with_operators to None, run_after=None
[2022-08-09 21:24:24,051] {processor.py:161} INFO - Processing /home/osboxes/.local/lib/python3.8/site-packages/airflow/example_dags/example_xcomargs.py took 0.104 seconds
[2022-08-09 21:25:05,173] {processor.py:153} INFO - Started process (PID=340888) to work on /home/osboxes/.local/lib/python3.8/site-packages/airflow/example_dags/example_xcomargs.py
[2022-08-09 21:25:05,175] {processor.py:641} INFO - Processing file /home/osboxes/.local/lib/python3.8/site-packages/airflow/example_dags/example_xcomargs.py for tasks to queue
[2022-08-09 21:25:05,175] {logging_mixin.py:115} INFO - [2022-08-09 21:25:05,175] {dagbag.py:507} INFO - Filling up the DagBag from /home/osboxes/.local/lib/python3.8/site-packages/airflow/example_dags/example_xcomargs.py
[2022-08-09 21:25:05,194] {processor.py:651} INFO - DAG(s) dict_keys(['example_xcom_args', 'example_xcom_args_with_operators']) retrieved from /home/osboxes/.local/lib/python3.8/site-packages/airflow/example_dags/example_xcomargs.py
[2022-08-09 21:25:05,227] {logging_mixin.py:115} INFO - [2022-08-09 21:25:05,227] {dag.py:2371} INFO - Sync 2 DAGs
[2022-08-09 21:25:05,284] {logging_mixin.py:115} INFO - [2022-08-09 21:25:05,284] {dag.py:2915} INFO - Setting next_dagrun for example_xcom_args to None, run_after=None
[2022-08-09 21:25:05,337] {logging_mixin.py:115} INFO - [2022-08-09 21:25:05,337] {dag.py:2915} INFO - Setting next_dagrun for example_xcom_args_with_operators to None, run_after=None
[2022-08-09 21:25:05,396] {processor.py:161} INFO - Processing /home/osboxes/.local/lib/python3.8/site-packages/airflow/example_dags/example_xcomargs.py took 0.225 seconds
[2022-08-09 21:25:39,984] {processor.py:153} INFO - Started process (PID=341207) to work on /home/osboxes/.local/lib/python3.8/site-packages/airflow/example_dags/example_xcomargs.py
[2022-08-09 21:25:39,985] {processor.py:641} INFO - Processing file /home/osboxes/.local/lib/python3.8/site-packages/airflow/example_dags/example_xcomargs.py for tasks to queue
[2022-08-09 21:25:39,986] {logging_mixin.py:115} INFO - [2022-08-09 21:25:39,986] {dagbag.py:507} INFO - Filling up the DagBag from /home/osboxes/.local/lib/python3.8/site-packages/airflow/example_dags/example_xcomargs.py
[2022-08-09 21:25:40,001] {processor.py:651} INFO - DAG(s) dict_keys(['example_xcom_args', 'example_xcom_args_with_operators']) retrieved from /home/osboxes/.local/lib/python3.8/site-packages/airflow/example_dags/example_xcomargs.py
[2022-08-09 21:25:40,019] {logging_mixin.py:115} INFO - [2022-08-09 21:25:40,019] {dag.py:2371} INFO - Sync 2 DAGs
[2022-08-09 21:25:40,032] {logging_mixin.py:115} INFO - [2022-08-09 21:25:40,032] {dag.py:2915} INFO - Setting next_dagrun for example_xcom_args to None, run_after=None
[2022-08-09 21:25:40,032] {logging_mixin.py:115} INFO - [2022-08-09 21:25:40,032] {dag.py:2915} INFO - Setting next_dagrun for example_xcom_args_with_operators to None, run_after=None
[2022-08-09 21:25:40,070] {processor.py:161} INFO - Processing /home/osboxes/.local/lib/python3.8/site-packages/airflow/example_dags/example_xcomargs.py took 0.091 seconds
[2022-08-09 21:26:15,584] {processor.py:153} INFO - Started process (PID=341540) to work on /home/osboxes/.local/lib/python3.8/site-packages/airflow/example_dags/example_xcomargs.py
[2022-08-09 21:26:15,588] {processor.py:641} INFO - Processing file /home/osboxes/.local/lib/python3.8/site-packages/airflow/example_dags/example_xcomargs.py for tasks to queue
[2022-08-09 21:26:15,589] {logging_mixin.py:115} INFO - [2022-08-09 21:26:15,588] {dagbag.py:507} INFO - Filling up the DagBag from /home/osboxes/.local/lib/python3.8/site-packages/airflow/example_dags/example_xcomargs.py
[2022-08-09 21:26:15,615] {processor.py:651} INFO - DAG(s) dict_keys(['example_xcom_args', 'example_xcom_args_with_operators']) retrieved from /home/osboxes/.local/lib/python3.8/site-packages/airflow/example_dags/example_xcomargs.py
[2022-08-09 21:26:15,656] {logging_mixin.py:115} INFO - [2022-08-09 21:26:15,656] {dag.py:2371} INFO - Sync 2 DAGs
[2022-08-09 21:26:15,669] {logging_mixin.py:115} INFO - [2022-08-09 21:26:15,669] {dag.py:2915} INFO - Setting next_dagrun for example_xcom_args to None, run_after=None
[2022-08-09 21:26:15,669] {logging_mixin.py:115} INFO - [2022-08-09 21:26:15,669] {dag.py:2915} INFO - Setting next_dagrun for example_xcom_args_with_operators to None, run_after=None
[2022-08-09 21:26:15,700] {processor.py:161} INFO - Processing /home/osboxes/.local/lib/python3.8/site-packages/airflow/example_dags/example_xcomargs.py took 0.118 seconds
[2022-08-09 21:26:52,762] {processor.py:153} INFO - Started process (PID=341881) to work on /home/osboxes/.local/lib/python3.8/site-packages/airflow/example_dags/example_xcomargs.py
[2022-08-09 21:26:52,763] {processor.py:641} INFO - Processing file /home/osboxes/.local/lib/python3.8/site-packages/airflow/example_dags/example_xcomargs.py for tasks to queue
[2022-08-09 21:26:52,764] {logging_mixin.py:115} INFO - [2022-08-09 21:26:52,764] {dagbag.py:507} INFO - Filling up the DagBag from /home/osboxes/.local/lib/python3.8/site-packages/airflow/example_dags/example_xcomargs.py
[2022-08-09 21:26:52,778] {processor.py:651} INFO - DAG(s) dict_keys(['example_xcom_args', 'example_xcom_args_with_operators']) retrieved from /home/osboxes/.local/lib/python3.8/site-packages/airflow/example_dags/example_xcomargs.py
[2022-08-09 21:26:52,795] {logging_mixin.py:115} INFO - [2022-08-09 21:26:52,795] {dag.py:2371} INFO - Sync 2 DAGs
[2022-08-09 21:26:52,809] {logging_mixin.py:115} INFO - [2022-08-09 21:26:52,809] {dag.py:2915} INFO - Setting next_dagrun for example_xcom_args to None, run_after=None
[2022-08-09 21:26:52,809] {logging_mixin.py:115} INFO - [2022-08-09 21:26:52,809] {dag.py:2915} INFO - Setting next_dagrun for example_xcom_args_with_operators to None, run_after=None
[2022-08-09 21:26:52,840] {processor.py:161} INFO - Processing /home/osboxes/.local/lib/python3.8/site-packages/airflow/example_dags/example_xcomargs.py took 0.081 seconds
[2022-08-09 21:27:38,619] {processor.py:153} INFO - Started process (PID=342343) to work on /home/osboxes/.local/lib/python3.8/site-packages/airflow/example_dags/example_xcomargs.py
[2022-08-09 21:27:38,621] {processor.py:641} INFO - Processing file /home/osboxes/.local/lib/python3.8/site-packages/airflow/example_dags/example_xcomargs.py for tasks to queue
[2022-08-09 21:27:38,621] {logging_mixin.py:115} INFO - [2022-08-09 21:27:38,621] {dagbag.py:507} INFO - Filling up the DagBag from /home/osboxes/.local/lib/python3.8/site-packages/airflow/example_dags/example_xcomargs.py
[2022-08-09 21:27:38,635] {processor.py:651} INFO - DAG(s) dict_keys(['example_xcom_args', 'example_xcom_args_with_operators']) retrieved from /home/osboxes/.local/lib/python3.8/site-packages/airflow/example_dags/example_xcomargs.py
[2022-08-09 21:27:38,673] {logging_mixin.py:115} INFO - [2022-08-09 21:27:38,673] {dag.py:2371} INFO - Sync 2 DAGs
[2022-08-09 21:27:38,683] {logging_mixin.py:115} INFO - [2022-08-09 21:27:38,683] {dag.py:2915} INFO - Setting next_dagrun for example_xcom_args to None, run_after=None
[2022-08-09 21:27:38,684] {logging_mixin.py:115} INFO - [2022-08-09 21:27:38,684] {dag.py:2915} INFO - Setting next_dagrun for example_xcom_args_with_operators to None, run_after=None
[2022-08-09 21:27:38,725] {processor.py:161} INFO - Processing /home/osboxes/.local/lib/python3.8/site-packages/airflow/example_dags/example_xcomargs.py took 0.109 seconds
[2022-08-09 21:28:16,677] {processor.py:153} INFO - Started process (PID=342731) to work on /home/osboxes/.local/lib/python3.8/site-packages/airflow/example_dags/example_xcomargs.py
[2022-08-09 21:28:16,679] {processor.py:641} INFO - Processing file /home/osboxes/.local/lib/python3.8/site-packages/airflow/example_dags/example_xcomargs.py for tasks to queue
[2022-08-09 21:28:16,680] {logging_mixin.py:115} INFO - [2022-08-09 21:28:16,679] {dagbag.py:507} INFO - Filling up the DagBag from /home/osboxes/.local/lib/python3.8/site-packages/airflow/example_dags/example_xcomargs.py
[2022-08-09 21:28:16,693] {processor.py:651} INFO - DAG(s) dict_keys(['example_xcom_args', 'example_xcom_args_with_operators']) retrieved from /home/osboxes/.local/lib/python3.8/site-packages/airflow/example_dags/example_xcomargs.py
[2022-08-09 21:28:16,734] {logging_mixin.py:115} INFO - [2022-08-09 21:28:16,734] {dag.py:2371} INFO - Sync 2 DAGs
[2022-08-09 21:28:16,745] {logging_mixin.py:115} INFO - [2022-08-09 21:28:16,745] {dag.py:2915} INFO - Setting next_dagrun for example_xcom_args to None, run_after=None
[2022-08-09 21:28:16,745] {logging_mixin.py:115} INFO - [2022-08-09 21:28:16,745] {dag.py:2915} INFO - Setting next_dagrun for example_xcom_args_with_operators to None, run_after=None
[2022-08-09 21:28:16,797] {processor.py:161} INFO - Processing /home/osboxes/.local/lib/python3.8/site-packages/airflow/example_dags/example_xcomargs.py took 0.123 seconds
[2022-08-09 21:28:54,790] {processor.py:153} INFO - Started process (PID=343115) to work on /home/osboxes/.local/lib/python3.8/site-packages/airflow/example_dags/example_xcomargs.py
[2022-08-09 21:28:54,792] {processor.py:641} INFO - Processing file /home/osboxes/.local/lib/python3.8/site-packages/airflow/example_dags/example_xcomargs.py for tasks to queue
[2022-08-09 21:28:54,792] {logging_mixin.py:115} INFO - [2022-08-09 21:28:54,792] {dagbag.py:507} INFO - Filling up the DagBag from /home/osboxes/.local/lib/python3.8/site-packages/airflow/example_dags/example_xcomargs.py
[2022-08-09 21:28:54,809] {processor.py:651} INFO - DAG(s) dict_keys(['example_xcom_args', 'example_xcom_args_with_operators']) retrieved from /home/osboxes/.local/lib/python3.8/site-packages/airflow/example_dags/example_xcomargs.py
[2022-08-09 21:28:54,826] {logging_mixin.py:115} INFO - [2022-08-09 21:28:54,826] {dag.py:2371} INFO - Sync 2 DAGs
[2022-08-09 21:28:54,839] {logging_mixin.py:115} INFO - [2022-08-09 21:28:54,839] {dag.py:2915} INFO - Setting next_dagrun for example_xcom_args to None, run_after=None
[2022-08-09 21:28:54,840] {logging_mixin.py:115} INFO - [2022-08-09 21:28:54,839] {dag.py:2915} INFO - Setting next_dagrun for example_xcom_args_with_operators to None, run_after=None
[2022-08-09 21:28:54,890] {processor.py:161} INFO - Processing /home/osboxes/.local/lib/python3.8/site-packages/airflow/example_dags/example_xcomargs.py took 0.102 seconds
[2022-08-09 21:29:31,204] {processor.py:153} INFO - Started process (PID=343438) to work on /home/osboxes/.local/lib/python3.8/site-packages/airflow/example_dags/example_xcomargs.py
[2022-08-09 21:29:31,207] {processor.py:641} INFO - Processing file /home/osboxes/.local/lib/python3.8/site-packages/airflow/example_dags/example_xcomargs.py for tasks to queue
[2022-08-09 21:29:31,207] {logging_mixin.py:115} INFO - [2022-08-09 21:29:31,207] {dagbag.py:507} INFO - Filling up the DagBag from /home/osboxes/.local/lib/python3.8/site-packages/airflow/example_dags/example_xcomargs.py
[2022-08-09 21:29:31,222] {processor.py:651} INFO - DAG(s) dict_keys(['example_xcom_args', 'example_xcom_args_with_operators']) retrieved from /home/osboxes/.local/lib/python3.8/site-packages/airflow/example_dags/example_xcomargs.py
[2022-08-09 21:29:31,242] {logging_mixin.py:115} INFO - [2022-08-09 21:29:31,242] {dag.py:2371} INFO - Sync 2 DAGs
[2022-08-09 21:29:31,256] {logging_mixin.py:115} INFO - [2022-08-09 21:29:31,255] {dag.py:2915} INFO - Setting next_dagrun for example_xcom_args to None, run_after=None
[2022-08-09 21:29:31,256] {logging_mixin.py:115} INFO - [2022-08-09 21:29:31,256] {dag.py:2915} INFO - Setting next_dagrun for example_xcom_args_with_operators to None, run_after=None
[2022-08-09 21:29:31,294] {processor.py:161} INFO - Processing /home/osboxes/.local/lib/python3.8/site-packages/airflow/example_dags/example_xcomargs.py took 0.092 seconds
[2022-08-09 21:30:12,657] {processor.py:153} INFO - Started process (PID=343816) to work on /home/osboxes/.local/lib/python3.8/site-packages/airflow/example_dags/example_xcomargs.py
[2022-08-09 21:30:12,659] {processor.py:641} INFO - Processing file /home/osboxes/.local/lib/python3.8/site-packages/airflow/example_dags/example_xcomargs.py for tasks to queue
[2022-08-09 21:30:12,660] {logging_mixin.py:115} INFO - [2022-08-09 21:30:12,660] {dagbag.py:507} INFO - Filling up the DagBag from /home/osboxes/.local/lib/python3.8/site-packages/airflow/example_dags/example_xcomargs.py
[2022-08-09 21:30:12,675] {processor.py:651} INFO - DAG(s) dict_keys(['example_xcom_args', 'example_xcom_args_with_operators']) retrieved from /home/osboxes/.local/lib/python3.8/site-packages/airflow/example_dags/example_xcomargs.py
[2022-08-09 21:30:12,694] {logging_mixin.py:115} INFO - [2022-08-09 21:30:12,693] {dag.py:2371} INFO - Sync 2 DAGs
[2022-08-09 21:30:12,705] {logging_mixin.py:115} INFO - [2022-08-09 21:30:12,705] {dag.py:2915} INFO - Setting next_dagrun for example_xcom_args to None, run_after=None
[2022-08-09 21:30:12,705] {logging_mixin.py:115} INFO - [2022-08-09 21:30:12,705] {dag.py:2915} INFO - Setting next_dagrun for example_xcom_args_with_operators to None, run_after=None
[2022-08-09 21:30:12,750] {processor.py:161} INFO - Processing /home/osboxes/.local/lib/python3.8/site-packages/airflow/example_dags/example_xcomargs.py took 0.095 seconds
[2022-08-09 21:30:49,963] {processor.py:153} INFO - Started process (PID=344170) to work on /home/osboxes/.local/lib/python3.8/site-packages/airflow/example_dags/example_xcomargs.py
[2022-08-09 21:30:49,965] {processor.py:641} INFO - Processing file /home/osboxes/.local/lib/python3.8/site-packages/airflow/example_dags/example_xcomargs.py for tasks to queue
[2022-08-09 21:30:49,965] {logging_mixin.py:115} INFO - [2022-08-09 21:30:49,965] {dagbag.py:507} INFO - Filling up the DagBag from /home/osboxes/.local/lib/python3.8/site-packages/airflow/example_dags/example_xcomargs.py
[2022-08-09 21:30:49,981] {processor.py:651} INFO - DAG(s) dict_keys(['example_xcom_args', 'example_xcom_args_with_operators']) retrieved from /home/osboxes/.local/lib/python3.8/site-packages/airflow/example_dags/example_xcomargs.py
[2022-08-09 21:30:49,999] {logging_mixin.py:115} INFO - [2022-08-09 21:30:49,998] {dag.py:2371} INFO - Sync 2 DAGs
[2022-08-09 21:30:50,011] {logging_mixin.py:115} INFO - [2022-08-09 21:30:50,010] {dag.py:2915} INFO - Setting next_dagrun for example_xcom_args to None, run_after=None
[2022-08-09 21:30:50,011] {logging_mixin.py:115} INFO - [2022-08-09 21:30:50,011] {dag.py:2915} INFO - Setting next_dagrun for example_xcom_args_with_operators to None, run_after=None
[2022-08-09 21:30:50,041] {processor.py:161} INFO - Processing /home/osboxes/.local/lib/python3.8/site-packages/airflow/example_dags/example_xcomargs.py took 0.080 seconds
[2022-08-09 21:31:35,875] {processor.py:153} INFO - Started process (PID=344594) to work on /home/osboxes/.local/lib/python3.8/site-packages/airflow/example_dags/example_xcomargs.py
[2022-08-09 21:31:35,888] {processor.py:641} INFO - Processing file /home/osboxes/.local/lib/python3.8/site-packages/airflow/example_dags/example_xcomargs.py for tasks to queue
[2022-08-09 21:31:35,888] {logging_mixin.py:115} INFO - [2022-08-09 21:31:35,888] {dagbag.py:507} INFO - Filling up the DagBag from /home/osboxes/.local/lib/python3.8/site-packages/airflow/example_dags/example_xcomargs.py
[2022-08-09 21:31:35,912] {processor.py:651} INFO - DAG(s) dict_keys(['example_xcom_args', 'example_xcom_args_with_operators']) retrieved from /home/osboxes/.local/lib/python3.8/site-packages/airflow/example_dags/example_xcomargs.py
[2022-08-09 21:31:35,929] {logging_mixin.py:115} INFO - [2022-08-09 21:31:35,929] {dag.py:2371} INFO - Sync 2 DAGs
[2022-08-09 21:31:35,942] {logging_mixin.py:115} INFO - [2022-08-09 21:31:35,942] {dag.py:2915} INFO - Setting next_dagrun for example_xcom_args to None, run_after=None
[2022-08-09 21:31:35,942] {logging_mixin.py:115} INFO - [2022-08-09 21:31:35,942] {dag.py:2915} INFO - Setting next_dagrun for example_xcom_args_with_operators to None, run_after=None
[2022-08-09 21:31:35,974] {processor.py:161} INFO - Processing /home/osboxes/.local/lib/python3.8/site-packages/airflow/example_dags/example_xcomargs.py took 0.102 seconds
[2022-08-09 21:32:17,399] {processor.py:153} INFO - Started process (PID=344986) to work on /home/osboxes/.local/lib/python3.8/site-packages/airflow/example_dags/example_xcomargs.py
[2022-08-09 21:32:17,425] {processor.py:641} INFO - Processing file /home/osboxes/.local/lib/python3.8/site-packages/airflow/example_dags/example_xcomargs.py for tasks to queue
[2022-08-09 21:32:17,425] {logging_mixin.py:115} INFO - [2022-08-09 21:32:17,425] {dagbag.py:507} INFO - Filling up the DagBag from /home/osboxes/.local/lib/python3.8/site-packages/airflow/example_dags/example_xcomargs.py
[2022-08-09 21:32:17,461] {processor.py:651} INFO - DAG(s) dict_keys(['example_xcom_args', 'example_xcom_args_with_operators']) retrieved from /home/osboxes/.local/lib/python3.8/site-packages/airflow/example_dags/example_xcomargs.py
[2022-08-09 21:32:17,501] {logging_mixin.py:115} INFO - [2022-08-09 21:32:17,501] {dag.py:2371} INFO - Sync 2 DAGs
[2022-08-09 21:32:17,516] {logging_mixin.py:115} INFO - [2022-08-09 21:32:17,516] {dag.py:2915} INFO - Setting next_dagrun for example_xcom_args to None, run_after=None
[2022-08-09 21:32:17,519] {logging_mixin.py:115} INFO - [2022-08-09 21:32:17,518] {dag.py:2915} INFO - Setting next_dagrun for example_xcom_args_with_operators to None, run_after=None
[2022-08-09 21:32:17,590] {processor.py:161} INFO - Processing /home/osboxes/.local/lib/python3.8/site-packages/airflow/example_dags/example_xcomargs.py took 0.193 seconds
[2022-08-09 21:33:02,489] {processor.py:153} INFO - Started process (PID=345403) to work on /home/osboxes/.local/lib/python3.8/site-packages/airflow/example_dags/example_xcomargs.py
[2022-08-09 21:33:02,492] {processor.py:641} INFO - Processing file /home/osboxes/.local/lib/python3.8/site-packages/airflow/example_dags/example_xcomargs.py for tasks to queue
[2022-08-09 21:33:02,493] {logging_mixin.py:115} INFO - [2022-08-09 21:33:02,493] {dagbag.py:507} INFO - Filling up the DagBag from /home/osboxes/.local/lib/python3.8/site-packages/airflow/example_dags/example_xcomargs.py
[2022-08-09 21:33:02,507] {processor.py:651} INFO - DAG(s) dict_keys(['example_xcom_args', 'example_xcom_args_with_operators']) retrieved from /home/osboxes/.local/lib/python3.8/site-packages/airflow/example_dags/example_xcomargs.py
[2022-08-09 21:33:02,548] {logging_mixin.py:115} INFO - [2022-08-09 21:33:02,548] {dag.py:2371} INFO - Sync 2 DAGs
[2022-08-09 21:33:02,558] {logging_mixin.py:115} INFO - [2022-08-09 21:33:02,558] {dag.py:2915} INFO - Setting next_dagrun for example_xcom_args to None, run_after=None
[2022-08-09 21:33:02,558] {logging_mixin.py:115} INFO - [2022-08-09 21:33:02,558] {dag.py:2915} INFO - Setting next_dagrun for example_xcom_args_with_operators to None, run_after=None
[2022-08-09 21:33:02,603] {processor.py:161} INFO - Processing /home/osboxes/.local/lib/python3.8/site-packages/airflow/example_dags/example_xcomargs.py took 0.116 seconds
[2022-08-09 21:33:39,736] {processor.py:153} INFO - Started process (PID=345778) to work on /home/osboxes/.local/lib/python3.8/site-packages/airflow/example_dags/example_xcomargs.py
[2022-08-09 21:33:39,738] {processor.py:641} INFO - Processing file /home/osboxes/.local/lib/python3.8/site-packages/airflow/example_dags/example_xcomargs.py for tasks to queue
[2022-08-09 21:33:39,738] {logging_mixin.py:115} INFO - [2022-08-09 21:33:39,738] {dagbag.py:507} INFO - Filling up the DagBag from /home/osboxes/.local/lib/python3.8/site-packages/airflow/example_dags/example_xcomargs.py
[2022-08-09 21:33:39,754] {processor.py:651} INFO - DAG(s) dict_keys(['example_xcom_args', 'example_xcom_args_with_operators']) retrieved from /home/osboxes/.local/lib/python3.8/site-packages/airflow/example_dags/example_xcomargs.py
[2022-08-09 21:33:39,793] {logging_mixin.py:115} INFO - [2022-08-09 21:33:39,793] {dag.py:2371} INFO - Sync 2 DAGs
[2022-08-09 21:33:39,804] {logging_mixin.py:115} INFO - [2022-08-09 21:33:39,804] {dag.py:2915} INFO - Setting next_dagrun for example_xcom_args to None, run_after=None
[2022-08-09 21:33:39,804] {logging_mixin.py:115} INFO - [2022-08-09 21:33:39,804] {dag.py:2915} INFO - Setting next_dagrun for example_xcom_args_with_operators to None, run_after=None
[2022-08-09 21:33:39,853] {processor.py:161} INFO - Processing /home/osboxes/.local/lib/python3.8/site-packages/airflow/example_dags/example_xcomargs.py took 0.119 seconds
[2022-08-09 21:34:17,204] {processor.py:153} INFO - Started process (PID=346117) to work on /home/osboxes/.local/lib/python3.8/site-packages/airflow/example_dags/example_xcomargs.py
[2022-08-09 21:34:17,205] {processor.py:641} INFO - Processing file /home/osboxes/.local/lib/python3.8/site-packages/airflow/example_dags/example_xcomargs.py for tasks to queue
[2022-08-09 21:34:17,206] {logging_mixin.py:115} INFO - [2022-08-09 21:34:17,206] {dagbag.py:507} INFO - Filling up the DagBag from /home/osboxes/.local/lib/python3.8/site-packages/airflow/example_dags/example_xcomargs.py
[2022-08-09 21:34:17,220] {processor.py:651} INFO - DAG(s) dict_keys(['example_xcom_args', 'example_xcom_args_with_operators']) retrieved from /home/osboxes/.local/lib/python3.8/site-packages/airflow/example_dags/example_xcomargs.py
[2022-08-09 21:34:17,239] {logging_mixin.py:115} INFO - [2022-08-09 21:34:17,239] {dag.py:2371} INFO - Sync 2 DAGs
[2022-08-09 21:34:17,251] {logging_mixin.py:115} INFO - [2022-08-09 21:34:17,251] {dag.py:2915} INFO - Setting next_dagrun for example_xcom_args to None, run_after=None
[2022-08-09 21:34:17,252] {logging_mixin.py:115} INFO - [2022-08-09 21:34:17,252] {dag.py:2915} INFO - Setting next_dagrun for example_xcom_args_with_operators to None, run_after=None
[2022-08-09 21:34:17,289] {processor.py:161} INFO - Processing /home/osboxes/.local/lib/python3.8/site-packages/airflow/example_dags/example_xcomargs.py took 0.087 seconds
[2022-08-09 21:35:02,829] {processor.py:153} INFO - Started process (PID=346543) to work on /home/osboxes/.local/lib/python3.8/site-packages/airflow/example_dags/example_xcomargs.py
[2022-08-09 21:35:02,832] {processor.py:641} INFO - Processing file /home/osboxes/.local/lib/python3.8/site-packages/airflow/example_dags/example_xcomargs.py for tasks to queue
[2022-08-09 21:35:02,832] {logging_mixin.py:115} INFO - [2022-08-09 21:35:02,832] {dagbag.py:507} INFO - Filling up the DagBag from /home/osboxes/.local/lib/python3.8/site-packages/airflow/example_dags/example_xcomargs.py
[2022-08-09 21:35:02,847] {processor.py:651} INFO - DAG(s) dict_keys(['example_xcom_args', 'example_xcom_args_with_operators']) retrieved from /home/osboxes/.local/lib/python3.8/site-packages/airflow/example_dags/example_xcomargs.py
[2022-08-09 21:35:02,865] {logging_mixin.py:115} INFO - [2022-08-09 21:35:02,865] {dag.py:2371} INFO - Sync 2 DAGs
[2022-08-09 21:35:02,878] {logging_mixin.py:115} INFO - [2022-08-09 21:35:02,878] {dag.py:2915} INFO - Setting next_dagrun for example_xcom_args to None, run_after=None
[2022-08-09 21:35:02,878] {logging_mixin.py:115} INFO - [2022-08-09 21:35:02,878] {dag.py:2915} INFO - Setting next_dagrun for example_xcom_args_with_operators to None, run_after=None
[2022-08-09 21:35:02,914] {processor.py:161} INFO - Processing /home/osboxes/.local/lib/python3.8/site-packages/airflow/example_dags/example_xcomargs.py took 0.087 seconds
[2022-08-09 21:35:39,229] {processor.py:153} INFO - Started process (PID=346869) to work on /home/osboxes/.local/lib/python3.8/site-packages/airflow/example_dags/example_xcomargs.py
[2022-08-09 21:35:39,231] {processor.py:641} INFO - Processing file /home/osboxes/.local/lib/python3.8/site-packages/airflow/example_dags/example_xcomargs.py for tasks to queue
[2022-08-09 21:35:39,232] {logging_mixin.py:115} INFO - [2022-08-09 21:35:39,232] {dagbag.py:507} INFO - Filling up the DagBag from /home/osboxes/.local/lib/python3.8/site-packages/airflow/example_dags/example_xcomargs.py
[2022-08-09 21:35:39,246] {processor.py:651} INFO - DAG(s) dict_keys(['example_xcom_args', 'example_xcom_args_with_operators']) retrieved from /home/osboxes/.local/lib/python3.8/site-packages/airflow/example_dags/example_xcomargs.py
[2022-08-09 21:35:39,264] {logging_mixin.py:115} INFO - [2022-08-09 21:35:39,264] {dag.py:2371} INFO - Sync 2 DAGs
[2022-08-09 21:35:39,275] {logging_mixin.py:115} INFO - [2022-08-09 21:35:39,275] {dag.py:2915} INFO - Setting next_dagrun for example_xcom_args to None, run_after=None
[2022-08-09 21:35:39,275] {logging_mixin.py:115} INFO - [2022-08-09 21:35:39,275] {dag.py:2915} INFO - Setting next_dagrun for example_xcom_args_with_operators to None, run_after=None
[2022-08-09 21:35:39,316] {processor.py:161} INFO - Processing /home/osboxes/.local/lib/python3.8/site-packages/airflow/example_dags/example_xcomargs.py took 0.090 seconds
[2022-08-09 21:36:12,571] {processor.py:153} INFO - Started process (PID=347201) to work on /home/osboxes/.local/lib/python3.8/site-packages/airflow/example_dags/example_xcomargs.py
[2022-08-09 21:36:12,573] {processor.py:641} INFO - Processing file /home/osboxes/.local/lib/python3.8/site-packages/airflow/example_dags/example_xcomargs.py for tasks to queue
[2022-08-09 21:36:12,574] {logging_mixin.py:115} INFO - [2022-08-09 21:36:12,574] {dagbag.py:507} INFO - Filling up the DagBag from /home/osboxes/.local/lib/python3.8/site-packages/airflow/example_dags/example_xcomargs.py
[2022-08-09 21:36:12,589] {processor.py:651} INFO - DAG(s) dict_keys(['example_xcom_args', 'example_xcom_args_with_operators']) retrieved from /home/osboxes/.local/lib/python3.8/site-packages/airflow/example_dags/example_xcomargs.py
[2022-08-09 21:36:12,606] {logging_mixin.py:115} INFO - [2022-08-09 21:36:12,606] {dag.py:2371} INFO - Sync 2 DAGs
[2022-08-09 21:36:12,620] {logging_mixin.py:115} INFO - [2022-08-09 21:36:12,619] {dag.py:2915} INFO - Setting next_dagrun for example_xcom_args to None, run_after=None
[2022-08-09 21:36:12,620] {logging_mixin.py:115} INFO - [2022-08-09 21:36:12,620] {dag.py:2915} INFO - Setting next_dagrun for example_xcom_args_with_operators to None, run_after=None
[2022-08-09 21:36:12,649] {processor.py:161} INFO - Processing /home/osboxes/.local/lib/python3.8/site-packages/airflow/example_dags/example_xcomargs.py took 0.079 seconds
[2022-08-09 21:36:55,698] {processor.py:153} INFO - Started process (PID=347581) to work on /home/osboxes/.local/lib/python3.8/site-packages/airflow/example_dags/example_xcomargs.py
[2022-08-09 21:36:55,699] {processor.py:641} INFO - Processing file /home/osboxes/.local/lib/python3.8/site-packages/airflow/example_dags/example_xcomargs.py for tasks to queue
[2022-08-09 21:36:55,700] {logging_mixin.py:115} INFO - [2022-08-09 21:36:55,700] {dagbag.py:507} INFO - Filling up the DagBag from /home/osboxes/.local/lib/python3.8/site-packages/airflow/example_dags/example_xcomargs.py
[2022-08-09 21:36:55,715] {processor.py:651} INFO - DAG(s) dict_keys(['example_xcom_args', 'example_xcom_args_with_operators']) retrieved from /home/osboxes/.local/lib/python3.8/site-packages/airflow/example_dags/example_xcomargs.py
[2022-08-09 21:36:55,741] {logging_mixin.py:115} INFO - [2022-08-09 21:36:55,741] {dag.py:2371} INFO - Sync 2 DAGs
[2022-08-09 21:36:55,756] {logging_mixin.py:115} INFO - [2022-08-09 21:36:55,756] {dag.py:2915} INFO - Setting next_dagrun for example_xcom_args to None, run_after=None
[2022-08-09 21:36:55,757] {logging_mixin.py:115} INFO - [2022-08-09 21:36:55,756] {dag.py:2915} INFO - Setting next_dagrun for example_xcom_args_with_operators to None, run_after=None
[2022-08-09 21:36:55,785] {processor.py:161} INFO - Processing /home/osboxes/.local/lib/python3.8/site-packages/airflow/example_dags/example_xcomargs.py took 0.089 seconds
[2022-08-09 21:37:32,962] {processor.py:153} INFO - Started process (PID=347928) to work on /home/osboxes/.local/lib/python3.8/site-packages/airflow/example_dags/example_xcomargs.py
[2022-08-09 21:37:32,963] {processor.py:641} INFO - Processing file /home/osboxes/.local/lib/python3.8/site-packages/airflow/example_dags/example_xcomargs.py for tasks to queue
[2022-08-09 21:37:32,963] {logging_mixin.py:115} INFO - [2022-08-09 21:37:32,963] {dagbag.py:507} INFO - Filling up the DagBag from /home/osboxes/.local/lib/python3.8/site-packages/airflow/example_dags/example_xcomargs.py
[2022-08-09 21:37:32,977] {processor.py:651} INFO - DAG(s) dict_keys(['example_xcom_args', 'example_xcom_args_with_operators']) retrieved from /home/osboxes/.local/lib/python3.8/site-packages/airflow/example_dags/example_xcomargs.py
[2022-08-09 21:37:32,996] {logging_mixin.py:115} INFO - [2022-08-09 21:37:32,995] {dag.py:2371} INFO - Sync 2 DAGs
[2022-08-09 21:37:33,008] {logging_mixin.py:115} INFO - [2022-08-09 21:37:33,008] {dag.py:2915} INFO - Setting next_dagrun for example_xcom_args to None, run_after=None
[2022-08-09 21:37:33,008] {logging_mixin.py:115} INFO - [2022-08-09 21:37:33,008] {dag.py:2915} INFO - Setting next_dagrun for example_xcom_args_with_operators to None, run_after=None
[2022-08-09 21:37:33,056] {processor.py:161} INFO - Processing /home/osboxes/.local/lib/python3.8/site-packages/airflow/example_dags/example_xcomargs.py took 0.097 seconds
[2022-08-09 21:38:09,804] {processor.py:153} INFO - Started process (PID=348286) to work on /home/osboxes/.local/lib/python3.8/site-packages/airflow/example_dags/example_xcomargs.py
[2022-08-09 21:38:09,807] {processor.py:641} INFO - Processing file /home/osboxes/.local/lib/python3.8/site-packages/airflow/example_dags/example_xcomargs.py for tasks to queue
[2022-08-09 21:38:09,808] {logging_mixin.py:115} INFO - [2022-08-09 21:38:09,807] {dagbag.py:507} INFO - Filling up the DagBag from /home/osboxes/.local/lib/python3.8/site-packages/airflow/example_dags/example_xcomargs.py
[2022-08-09 21:38:09,830] {processor.py:651} INFO - DAG(s) dict_keys(['example_xcom_args', 'example_xcom_args_with_operators']) retrieved from /home/osboxes/.local/lib/python3.8/site-packages/airflow/example_dags/example_xcomargs.py
[2022-08-09 21:38:09,868] {logging_mixin.py:115} INFO - [2022-08-09 21:38:09,868] {dag.py:2371} INFO - Sync 2 DAGs
[2022-08-09 21:38:09,879] {logging_mixin.py:115} INFO - [2022-08-09 21:38:09,879] {dag.py:2915} INFO - Setting next_dagrun for example_xcom_args to None, run_after=None
[2022-08-09 21:38:09,879] {logging_mixin.py:115} INFO - [2022-08-09 21:38:09,879] {dag.py:2915} INFO - Setting next_dagrun for example_xcom_args_with_operators to None, run_after=None
[2022-08-09 21:38:09,908] {processor.py:161} INFO - Processing /home/osboxes/.local/lib/python3.8/site-packages/airflow/example_dags/example_xcomargs.py took 0.108 seconds
[2022-08-09 21:38:47,431] {processor.py:153} INFO - Started process (PID=348681) to work on /home/osboxes/.local/lib/python3.8/site-packages/airflow/example_dags/example_xcomargs.py
[2022-08-09 21:38:47,433] {processor.py:641} INFO - Processing file /home/osboxes/.local/lib/python3.8/site-packages/airflow/example_dags/example_xcomargs.py for tasks to queue
[2022-08-09 21:38:47,433] {logging_mixin.py:115} INFO - [2022-08-09 21:38:47,433] {dagbag.py:507} INFO - Filling up the DagBag from /home/osboxes/.local/lib/python3.8/site-packages/airflow/example_dags/example_xcomargs.py
[2022-08-09 21:38:47,447] {processor.py:651} INFO - DAG(s) dict_keys(['example_xcom_args', 'example_xcom_args_with_operators']) retrieved from /home/osboxes/.local/lib/python3.8/site-packages/airflow/example_dags/example_xcomargs.py
[2022-08-09 21:38:47,486] {logging_mixin.py:115} INFO - [2022-08-09 21:38:47,486] {dag.py:2371} INFO - Sync 2 DAGs
[2022-08-09 21:38:47,499] {logging_mixin.py:115} INFO - [2022-08-09 21:38:47,499] {dag.py:2915} INFO - Setting next_dagrun for example_xcom_args to None, run_after=None
[2022-08-09 21:38:47,499] {logging_mixin.py:115} INFO - [2022-08-09 21:38:47,499] {dag.py:2915} INFO - Setting next_dagrun for example_xcom_args_with_operators to None, run_after=None
[2022-08-09 21:38:47,528] {processor.py:161} INFO - Processing /home/osboxes/.local/lib/python3.8/site-packages/airflow/example_dags/example_xcomargs.py took 0.099 seconds
[2022-08-09 21:39:31,101] {processor.py:153} INFO - Started process (PID=349075) to work on /home/osboxes/.local/lib/python3.8/site-packages/airflow/example_dags/example_xcomargs.py
[2022-08-09 21:39:31,102] {processor.py:641} INFO - Processing file /home/osboxes/.local/lib/python3.8/site-packages/airflow/example_dags/example_xcomargs.py for tasks to queue
[2022-08-09 21:39:31,103] {logging_mixin.py:115} INFO - [2022-08-09 21:39:31,103] {dagbag.py:507} INFO - Filling up the DagBag from /home/osboxes/.local/lib/python3.8/site-packages/airflow/example_dags/example_xcomargs.py
[2022-08-09 21:39:31,119] {processor.py:651} INFO - DAG(s) dict_keys(['example_xcom_args', 'example_xcom_args_with_operators']) retrieved from /home/osboxes/.local/lib/python3.8/site-packages/airflow/example_dags/example_xcomargs.py
[2022-08-09 21:39:31,141] {logging_mixin.py:115} INFO - [2022-08-09 21:39:31,141] {dag.py:2371} INFO - Sync 2 DAGs
[2022-08-09 21:39:31,154] {logging_mixin.py:115} INFO - [2022-08-09 21:39:31,154] {dag.py:2915} INFO - Setting next_dagrun for example_xcom_args to None, run_after=None
[2022-08-09 21:39:31,154] {logging_mixin.py:115} INFO - [2022-08-09 21:39:31,154] {dag.py:2915} INFO - Setting next_dagrun for example_xcom_args_with_operators to None, run_after=None
[2022-08-09 21:39:31,193] {processor.py:161} INFO - Processing /home/osboxes/.local/lib/python3.8/site-packages/airflow/example_dags/example_xcomargs.py took 0.095 seconds
[2022-08-09 21:40:08,313] {processor.py:153} INFO - Started process (PID=349409) to work on /home/osboxes/.local/lib/python3.8/site-packages/airflow/example_dags/example_xcomargs.py
[2022-08-09 21:40:08,315] {processor.py:641} INFO - Processing file /home/osboxes/.local/lib/python3.8/site-packages/airflow/example_dags/example_xcomargs.py for tasks to queue
[2022-08-09 21:40:08,316] {logging_mixin.py:115} INFO - [2022-08-09 21:40:08,316] {dagbag.py:507} INFO - Filling up the DagBag from /home/osboxes/.local/lib/python3.8/site-packages/airflow/example_dags/example_xcomargs.py
[2022-08-09 21:40:08,330] {processor.py:651} INFO - DAG(s) dict_keys(['example_xcom_args', 'example_xcom_args_with_operators']) retrieved from /home/osboxes/.local/lib/python3.8/site-packages/airflow/example_dags/example_xcomargs.py
[2022-08-09 21:40:08,348] {logging_mixin.py:115} INFO - [2022-08-09 21:40:08,347] {dag.py:2371} INFO - Sync 2 DAGs
[2022-08-09 21:40:08,359] {logging_mixin.py:115} INFO - [2022-08-09 21:40:08,359] {dag.py:2915} INFO - Setting next_dagrun for example_xcom_args to None, run_after=None
[2022-08-09 21:40:08,359] {logging_mixin.py:115} INFO - [2022-08-09 21:40:08,359] {dag.py:2915} INFO - Setting next_dagrun for example_xcom_args_with_operators to None, run_after=None
[2022-08-09 21:40:08,403] {processor.py:161} INFO - Processing /home/osboxes/.local/lib/python3.8/site-packages/airflow/example_dags/example_xcomargs.py took 0.093 seconds
[2022-08-09 21:40:46,680] {processor.py:153} INFO - Started process (PID=349756) to work on /home/osboxes/.local/lib/python3.8/site-packages/airflow/example_dags/example_xcomargs.py
[2022-08-09 21:40:46,682] {processor.py:641} INFO - Processing file /home/osboxes/.local/lib/python3.8/site-packages/airflow/example_dags/example_xcomargs.py for tasks to queue
[2022-08-09 21:40:46,682] {logging_mixin.py:115} INFO - [2022-08-09 21:40:46,682] {dagbag.py:507} INFO - Filling up the DagBag from /home/osboxes/.local/lib/python3.8/site-packages/airflow/example_dags/example_xcomargs.py
[2022-08-09 21:40:46,698] {processor.py:651} INFO - DAG(s) dict_keys(['example_xcom_args', 'example_xcom_args_with_operators']) retrieved from /home/osboxes/.local/lib/python3.8/site-packages/airflow/example_dags/example_xcomargs.py
[2022-08-09 21:40:46,713] {logging_mixin.py:115} INFO - [2022-08-09 21:40:46,713] {dag.py:2371} INFO - Sync 2 DAGs
[2022-08-09 21:40:46,724] {logging_mixin.py:115} INFO - [2022-08-09 21:40:46,724] {dag.py:2915} INFO - Setting next_dagrun for example_xcom_args to None, run_after=None
[2022-08-09 21:40:46,725] {logging_mixin.py:115} INFO - [2022-08-09 21:40:46,725] {dag.py:2915} INFO - Setting next_dagrun for example_xcom_args_with_operators to None, run_after=None
[2022-08-09 21:40:46,771] {processor.py:161} INFO - Processing /home/osboxes/.local/lib/python3.8/site-packages/airflow/example_dags/example_xcomargs.py took 0.093 seconds
[2022-08-09 21:41:25,370] {processor.py:153} INFO - Started process (PID=350118) to work on /home/osboxes/.local/lib/python3.8/site-packages/airflow/example_dags/example_xcomargs.py
[2022-08-09 21:41:25,372] {processor.py:641} INFO - Processing file /home/osboxes/.local/lib/python3.8/site-packages/airflow/example_dags/example_xcomargs.py for tasks to queue
[2022-08-09 21:41:25,372] {logging_mixin.py:115} INFO - [2022-08-09 21:41:25,372] {dagbag.py:507} INFO - Filling up the DagBag from /home/osboxes/.local/lib/python3.8/site-packages/airflow/example_dags/example_xcomargs.py
[2022-08-09 21:41:25,387] {processor.py:651} INFO - DAG(s) dict_keys(['example_xcom_args', 'example_xcom_args_with_operators']) retrieved from /home/osboxes/.local/lib/python3.8/site-packages/airflow/example_dags/example_xcomargs.py
[2022-08-09 21:41:25,404] {logging_mixin.py:115} INFO - [2022-08-09 21:41:25,404] {dag.py:2371} INFO - Sync 2 DAGs
[2022-08-09 21:41:25,415] {logging_mixin.py:115} INFO - [2022-08-09 21:41:25,415] {dag.py:2915} INFO - Setting next_dagrun for example_xcom_args to None, run_after=None
[2022-08-09 21:41:25,416] {logging_mixin.py:115} INFO - [2022-08-09 21:41:25,416] {dag.py:2915} INFO - Setting next_dagrun for example_xcom_args_with_operators to None, run_after=None
[2022-08-09 21:41:25,443] {processor.py:161} INFO - Processing /home/osboxes/.local/lib/python3.8/site-packages/airflow/example_dags/example_xcomargs.py took 0.075 seconds
[2022-08-09 21:42:10,619] {processor.py:153} INFO - Started process (PID=350543) to work on /home/osboxes/.local/lib/python3.8/site-packages/airflow/example_dags/example_xcomargs.py
[2022-08-09 21:42:10,630] {processor.py:641} INFO - Processing file /home/osboxes/.local/lib/python3.8/site-packages/airflow/example_dags/example_xcomargs.py for tasks to queue
[2022-08-09 21:42:10,630] {logging_mixin.py:115} INFO - [2022-08-09 21:42:10,630] {dagbag.py:507} INFO - Filling up the DagBag from /home/osboxes/.local/lib/python3.8/site-packages/airflow/example_dags/example_xcomargs.py
[2022-08-09 21:42:10,645] {processor.py:651} INFO - DAG(s) dict_keys(['example_xcom_args', 'example_xcom_args_with_operators']) retrieved from /home/osboxes/.local/lib/python3.8/site-packages/airflow/example_dags/example_xcomargs.py
[2022-08-09 21:42:10,661] {logging_mixin.py:115} INFO - [2022-08-09 21:42:10,661] {dag.py:2371} INFO - Sync 2 DAGs
[2022-08-09 21:42:10,673] {logging_mixin.py:115} INFO - [2022-08-09 21:42:10,673] {dag.py:2915} INFO - Setting next_dagrun for example_xcom_args to None, run_after=None
[2022-08-09 21:42:10,673] {logging_mixin.py:115} INFO - [2022-08-09 21:42:10,673] {dag.py:2915} INFO - Setting next_dagrun for example_xcom_args_with_operators to None, run_after=None
[2022-08-09 21:42:10,701] {processor.py:161} INFO - Processing /home/osboxes/.local/lib/python3.8/site-packages/airflow/example_dags/example_xcomargs.py took 0.085 seconds
[2022-08-09 21:42:56,074] {processor.py:153} INFO - Started process (PID=350943) to work on /home/osboxes/.local/lib/python3.8/site-packages/airflow/example_dags/example_xcomargs.py
[2022-08-09 21:42:56,079] {processor.py:641} INFO - Processing file /home/osboxes/.local/lib/python3.8/site-packages/airflow/example_dags/example_xcomargs.py for tasks to queue
[2022-08-09 21:42:56,080] {logging_mixin.py:115} INFO - [2022-08-09 21:42:56,080] {dagbag.py:507} INFO - Filling up the DagBag from /home/osboxes/.local/lib/python3.8/site-packages/airflow/example_dags/example_xcomargs.py
[2022-08-09 21:42:56,095] {processor.py:651} INFO - DAG(s) dict_keys(['example_xcom_args', 'example_xcom_args_with_operators']) retrieved from /home/osboxes/.local/lib/python3.8/site-packages/airflow/example_dags/example_xcomargs.py
[2022-08-09 21:42:56,155] {logging_mixin.py:115} INFO - [2022-08-09 21:42:56,155] {dag.py:2371} INFO - Sync 2 DAGs
[2022-08-09 21:42:56,170] {logging_mixin.py:115} INFO - [2022-08-09 21:42:56,170] {dag.py:2915} INFO - Setting next_dagrun for example_xcom_args to None, run_after=None
[2022-08-09 21:42:56,170] {logging_mixin.py:115} INFO - [2022-08-09 21:42:56,170] {dag.py:2915} INFO - Setting next_dagrun for example_xcom_args_with_operators to None, run_after=None
[2022-08-09 21:42:56,199] {processor.py:161} INFO - Processing /home/osboxes/.local/lib/python3.8/site-packages/airflow/example_dags/example_xcomargs.py took 0.128 seconds
[2022-08-09 21:43:35,036] {processor.py:153} INFO - Started process (PID=351328) to work on /home/osboxes/.local/lib/python3.8/site-packages/airflow/example_dags/example_xcomargs.py
[2022-08-09 21:43:35,037] {processor.py:641} INFO - Processing file /home/osboxes/.local/lib/python3.8/site-packages/airflow/example_dags/example_xcomargs.py for tasks to queue
[2022-08-09 21:43:35,038] {logging_mixin.py:115} INFO - [2022-08-09 21:43:35,038] {dagbag.py:507} INFO - Filling up the DagBag from /home/osboxes/.local/lib/python3.8/site-packages/airflow/example_dags/example_xcomargs.py
[2022-08-09 21:43:35,055] {processor.py:651} INFO - DAG(s) dict_keys(['example_xcom_args', 'example_xcom_args_with_operators']) retrieved from /home/osboxes/.local/lib/python3.8/site-packages/airflow/example_dags/example_xcomargs.py
[2022-08-09 21:43:35,097] {logging_mixin.py:115} INFO - [2022-08-09 21:43:35,097] {dag.py:2371} INFO - Sync 2 DAGs
[2022-08-09 21:43:35,111] {logging_mixin.py:115} INFO - [2022-08-09 21:43:35,108] {dag.py:2915} INFO - Setting next_dagrun for example_xcom_args to None, run_after=None
[2022-08-09 21:43:35,111] {logging_mixin.py:115} INFO - [2022-08-09 21:43:35,111] {dag.py:2915} INFO - Setting next_dagrun for example_xcom_args_with_operators to None, run_after=None
[2022-08-09 21:43:35,160] {processor.py:161} INFO - Processing /home/osboxes/.local/lib/python3.8/site-packages/airflow/example_dags/example_xcomargs.py took 0.126 seconds
[2022-08-09 21:44:09,436] {processor.py:153} INFO - Started process (PID=351683) to work on /home/osboxes/.local/lib/python3.8/site-packages/airflow/example_dags/example_xcomargs.py
[2022-08-09 21:44:09,438] {processor.py:641} INFO - Processing file /home/osboxes/.local/lib/python3.8/site-packages/airflow/example_dags/example_xcomargs.py for tasks to queue
[2022-08-09 21:44:09,439] {logging_mixin.py:115} INFO - [2022-08-09 21:44:09,439] {dagbag.py:507} INFO - Filling up the DagBag from /home/osboxes/.local/lib/python3.8/site-packages/airflow/example_dags/example_xcomargs.py
[2022-08-09 21:44:09,452] {processor.py:651} INFO - DAG(s) dict_keys(['example_xcom_args', 'example_xcom_args_with_operators']) retrieved from /home/osboxes/.local/lib/python3.8/site-packages/airflow/example_dags/example_xcomargs.py
[2022-08-09 21:44:09,470] {logging_mixin.py:115} INFO - [2022-08-09 21:44:09,470] {dag.py:2371} INFO - Sync 2 DAGs
[2022-08-09 21:44:09,482] {logging_mixin.py:115} INFO - [2022-08-09 21:44:09,482] {dag.py:2915} INFO - Setting next_dagrun for example_xcom_args to None, run_after=None
[2022-08-09 21:44:09,482] {logging_mixin.py:115} INFO - [2022-08-09 21:44:09,482] {dag.py:2915} INFO - Setting next_dagrun for example_xcom_args_with_operators to None, run_after=None
[2022-08-09 21:44:09,531] {processor.py:161} INFO - Processing /home/osboxes/.local/lib/python3.8/site-packages/airflow/example_dags/example_xcomargs.py took 0.098 seconds
[2022-08-09 21:44:55,590] {processor.py:153} INFO - Started process (PID=352117) to work on /home/osboxes/.local/lib/python3.8/site-packages/airflow/example_dags/example_xcomargs.py
[2022-08-09 21:44:55,601] {processor.py:641} INFO - Processing file /home/osboxes/.local/lib/python3.8/site-packages/airflow/example_dags/example_xcomargs.py for tasks to queue
[2022-08-09 21:44:55,602] {logging_mixin.py:115} INFO - [2022-08-09 21:44:55,602] {dagbag.py:507} INFO - Filling up the DagBag from /home/osboxes/.local/lib/python3.8/site-packages/airflow/example_dags/example_xcomargs.py
[2022-08-09 21:44:55,616] {processor.py:651} INFO - DAG(s) dict_keys(['example_xcom_args', 'example_xcom_args_with_operators']) retrieved from /home/osboxes/.local/lib/python3.8/site-packages/airflow/example_dags/example_xcomargs.py
[2022-08-09 21:44:55,633] {logging_mixin.py:115} INFO - [2022-08-09 21:44:55,633] {dag.py:2371} INFO - Sync 2 DAGs
[2022-08-09 21:44:55,647] {logging_mixin.py:115} INFO - [2022-08-09 21:44:55,647] {dag.py:2915} INFO - Setting next_dagrun for example_xcom_args to None, run_after=None
[2022-08-09 21:44:55,647] {logging_mixin.py:115} INFO - [2022-08-09 21:44:55,647] {dag.py:2915} INFO - Setting next_dagrun for example_xcom_args_with_operators to None, run_after=None
[2022-08-09 21:44:55,685] {processor.py:161} INFO - Processing /home/osboxes/.local/lib/python3.8/site-packages/airflow/example_dags/example_xcomargs.py took 0.098 seconds
[2022-08-09 21:45:33,453] {processor.py:153} INFO - Started process (PID=352454) to work on /home/osboxes/.local/lib/python3.8/site-packages/airflow/example_dags/example_xcomargs.py
[2022-08-09 21:45:33,454] {processor.py:641} INFO - Processing file /home/osboxes/.local/lib/python3.8/site-packages/airflow/example_dags/example_xcomargs.py for tasks to queue
[2022-08-09 21:45:33,455] {logging_mixin.py:115} INFO - [2022-08-09 21:45:33,455] {dagbag.py:507} INFO - Filling up the DagBag from /home/osboxes/.local/lib/python3.8/site-packages/airflow/example_dags/example_xcomargs.py
[2022-08-09 21:45:33,470] {processor.py:651} INFO - DAG(s) dict_keys(['example_xcom_args', 'example_xcom_args_with_operators']) retrieved from /home/osboxes/.local/lib/python3.8/site-packages/airflow/example_dags/example_xcomargs.py
[2022-08-09 21:45:33,489] {logging_mixin.py:115} INFO - [2022-08-09 21:45:33,488] {dag.py:2371} INFO - Sync 2 DAGs
[2022-08-09 21:45:33,500] {logging_mixin.py:115} INFO - [2022-08-09 21:45:33,500] {dag.py:2915} INFO - Setting next_dagrun for example_xcom_args to None, run_after=None
[2022-08-09 21:45:33,500] {logging_mixin.py:115} INFO - [2022-08-09 21:45:33,500] {dag.py:2915} INFO - Setting next_dagrun for example_xcom_args_with_operators to None, run_after=None
[2022-08-09 21:45:33,535] {processor.py:161} INFO - Processing /home/osboxes/.local/lib/python3.8/site-packages/airflow/example_dags/example_xcomargs.py took 0.085 seconds
[2022-08-09 21:46:09,244] {processor.py:153} INFO - Started process (PID=352784) to work on /home/osboxes/.local/lib/python3.8/site-packages/airflow/example_dags/example_xcomargs.py
[2022-08-09 21:46:09,246] {processor.py:641} INFO - Processing file /home/osboxes/.local/lib/python3.8/site-packages/airflow/example_dags/example_xcomargs.py for tasks to queue
[2022-08-09 21:46:09,246] {logging_mixin.py:115} INFO - [2022-08-09 21:46:09,246] {dagbag.py:507} INFO - Filling up the DagBag from /home/osboxes/.local/lib/python3.8/site-packages/airflow/example_dags/example_xcomargs.py
[2022-08-09 21:46:09,260] {processor.py:651} INFO - DAG(s) dict_keys(['example_xcom_args', 'example_xcom_args_with_operators']) retrieved from /home/osboxes/.local/lib/python3.8/site-packages/airflow/example_dags/example_xcomargs.py
[2022-08-09 21:46:09,279] {logging_mixin.py:115} INFO - [2022-08-09 21:46:09,279] {dag.py:2371} INFO - Sync 2 DAGs
[2022-08-09 21:46:09,290] {logging_mixin.py:115} INFO - [2022-08-09 21:46:09,290] {dag.py:2915} INFO - Setting next_dagrun for example_xcom_args to None, run_after=None
[2022-08-09 21:46:09,291] {logging_mixin.py:115} INFO - [2022-08-09 21:46:09,291] {dag.py:2915} INFO - Setting next_dagrun for example_xcom_args_with_operators to None, run_after=None
[2022-08-09 21:46:09,329] {processor.py:161} INFO - Processing /home/osboxes/.local/lib/python3.8/site-packages/airflow/example_dags/example_xcomargs.py took 0.087 seconds
[2022-08-09 21:46:51,693] {processor.py:153} INFO - Started process (PID=353189) to work on /home/osboxes/.local/lib/python3.8/site-packages/airflow/example_dags/example_xcomargs.py
[2022-08-09 21:46:51,694] {processor.py:641} INFO - Processing file /home/osboxes/.local/lib/python3.8/site-packages/airflow/example_dags/example_xcomargs.py for tasks to queue
[2022-08-09 21:46:51,695] {logging_mixin.py:115} INFO - [2022-08-09 21:46:51,695] {dagbag.py:507} INFO - Filling up the DagBag from /home/osboxes/.local/lib/python3.8/site-packages/airflow/example_dags/example_xcomargs.py
[2022-08-09 21:46:51,710] {processor.py:651} INFO - DAG(s) dict_keys(['example_xcom_args', 'example_xcom_args_with_operators']) retrieved from /home/osboxes/.local/lib/python3.8/site-packages/airflow/example_dags/example_xcomargs.py
[2022-08-09 21:46:51,727] {logging_mixin.py:115} INFO - [2022-08-09 21:46:51,727] {dag.py:2371} INFO - Sync 2 DAGs
[2022-08-09 21:46:51,741] {logging_mixin.py:115} INFO - [2022-08-09 21:46:51,741] {dag.py:2915} INFO - Setting next_dagrun for example_xcom_args to None, run_after=None
[2022-08-09 21:46:51,742] {logging_mixin.py:115} INFO - [2022-08-09 21:46:51,742] {dag.py:2915} INFO - Setting next_dagrun for example_xcom_args_with_operators to None, run_after=None
[2022-08-09 21:46:51,770] {processor.py:161} INFO - Processing /home/osboxes/.local/lib/python3.8/site-packages/airflow/example_dags/example_xcomargs.py took 0.080 seconds
[2022-08-09 21:47:29,293] {processor.py:153} INFO - Started process (PID=353541) to work on /home/osboxes/.local/lib/python3.8/site-packages/airflow/example_dags/example_xcomargs.py
[2022-08-09 21:47:29,295] {processor.py:641} INFO - Processing file /home/osboxes/.local/lib/python3.8/site-packages/airflow/example_dags/example_xcomargs.py for tasks to queue
[2022-08-09 21:47:29,296] {logging_mixin.py:115} INFO - [2022-08-09 21:47:29,296] {dagbag.py:507} INFO - Filling up the DagBag from /home/osboxes/.local/lib/python3.8/site-packages/airflow/example_dags/example_xcomargs.py
[2022-08-09 21:47:29,310] {processor.py:651} INFO - DAG(s) dict_keys(['example_xcom_args', 'example_xcom_args_with_operators']) retrieved from /home/osboxes/.local/lib/python3.8/site-packages/airflow/example_dags/example_xcomargs.py
[2022-08-09 21:47:29,329] {logging_mixin.py:115} INFO - [2022-08-09 21:47:29,329] {dag.py:2371} INFO - Sync 2 DAGs
[2022-08-09 21:47:29,340] {logging_mixin.py:115} INFO - [2022-08-09 21:47:29,340] {dag.py:2915} INFO - Setting next_dagrun for example_xcom_args to None, run_after=None
[2022-08-09 21:47:29,341] {logging_mixin.py:115} INFO - [2022-08-09 21:47:29,341] {dag.py:2915} INFO - Setting next_dagrun for example_xcom_args_with_operators to None, run_after=None
[2022-08-09 21:47:29,378] {processor.py:161} INFO - Processing /home/osboxes/.local/lib/python3.8/site-packages/airflow/example_dags/example_xcomargs.py took 0.087 seconds
[2022-08-09 21:48:11,203] {processor.py:153} INFO - Started process (PID=353919) to work on /home/osboxes/.local/lib/python3.8/site-packages/airflow/example_dags/example_xcomargs.py
[2022-08-09 21:48:11,204] {processor.py:641} INFO - Processing file /home/osboxes/.local/lib/python3.8/site-packages/airflow/example_dags/example_xcomargs.py for tasks to queue
[2022-08-09 21:48:11,205] {logging_mixin.py:115} INFO - [2022-08-09 21:48:11,205] {dagbag.py:507} INFO - Filling up the DagBag from /home/osboxes/.local/lib/python3.8/site-packages/airflow/example_dags/example_xcomargs.py
[2022-08-09 21:48:11,219] {processor.py:651} INFO - DAG(s) dict_keys(['example_xcom_args', 'example_xcom_args_with_operators']) retrieved from /home/osboxes/.local/lib/python3.8/site-packages/airflow/example_dags/example_xcomargs.py
[2022-08-09 21:48:11,260] {logging_mixin.py:115} INFO - [2022-08-09 21:48:11,260] {dag.py:2371} INFO - Sync 2 DAGs
[2022-08-09 21:48:11,270] {logging_mixin.py:115} INFO - [2022-08-09 21:48:11,269] {dag.py:2915} INFO - Setting next_dagrun for example_xcom_args to None, run_after=None
[2022-08-09 21:48:11,270] {logging_mixin.py:115} INFO - [2022-08-09 21:48:11,270] {dag.py:2915} INFO - Setting next_dagrun for example_xcom_args_with_operators to None, run_after=None
[2022-08-09 21:48:11,319] {processor.py:161} INFO - Processing /home/osboxes/.local/lib/python3.8/site-packages/airflow/example_dags/example_xcomargs.py took 0.118 seconds
[2022-08-09 21:48:46,137] {processor.py:153} INFO - Started process (PID=354302) to work on /home/osboxes/.local/lib/python3.8/site-packages/airflow/example_dags/example_xcomargs.py
[2022-08-09 21:48:46,139] {processor.py:641} INFO - Processing file /home/osboxes/.local/lib/python3.8/site-packages/airflow/example_dags/example_xcomargs.py for tasks to queue
[2022-08-09 21:48:46,140] {logging_mixin.py:115} INFO - [2022-08-09 21:48:46,140] {dagbag.py:507} INFO - Filling up the DagBag from /home/osboxes/.local/lib/python3.8/site-packages/airflow/example_dags/example_xcomargs.py
[2022-08-09 21:48:46,155] {processor.py:651} INFO - DAG(s) dict_keys(['example_xcom_args', 'example_xcom_args_with_operators']) retrieved from /home/osboxes/.local/lib/python3.8/site-packages/airflow/example_dags/example_xcomargs.py
[2022-08-09 21:48:46,196] {logging_mixin.py:115} INFO - [2022-08-09 21:48:46,196] {dag.py:2371} INFO - Sync 2 DAGs
[2022-08-09 21:48:46,206] {logging_mixin.py:115} INFO - [2022-08-09 21:48:46,206] {dag.py:2915} INFO - Setting next_dagrun for example_xcom_args to None, run_after=None
[2022-08-09 21:48:46,206] {logging_mixin.py:115} INFO - [2022-08-09 21:48:46,206] {dag.py:2915} INFO - Setting next_dagrun for example_xcom_args_with_operators to None, run_after=None
[2022-08-09 21:48:46,253] {processor.py:161} INFO - Processing /home/osboxes/.local/lib/python3.8/site-packages/airflow/example_dags/example_xcomargs.py took 0.119 seconds
[2022-08-09 21:49:22,052] {processor.py:153} INFO - Started process (PID=354589) to work on /home/osboxes/.local/lib/python3.8/site-packages/airflow/example_dags/example_xcomargs.py
[2022-08-09 21:49:22,054] {processor.py:641} INFO - Processing file /home/osboxes/.local/lib/python3.8/site-packages/airflow/example_dags/example_xcomargs.py for tasks to queue
[2022-08-09 21:49:22,054] {logging_mixin.py:115} INFO - [2022-08-09 21:49:22,054] {dagbag.py:507} INFO - Filling up the DagBag from /home/osboxes/.local/lib/python3.8/site-packages/airflow/example_dags/example_xcomargs.py
[2022-08-09 21:49:22,084] {processor.py:651} INFO - DAG(s) dict_keys(['example_xcom_args', 'example_xcom_args_with_operators']) retrieved from /home/osboxes/.local/lib/python3.8/site-packages/airflow/example_dags/example_xcomargs.py
[2022-08-09 21:49:22,235] {logging_mixin.py:115} INFO - [2022-08-09 21:49:22,235] {dag.py:2371} INFO - Sync 2 DAGs
[2022-08-09 21:49:22,373] {logging_mixin.py:115} INFO - [2022-08-09 21:49:22,373] {dag.py:2915} INFO - Setting next_dagrun for example_xcom_args to None, run_after=None
[2022-08-09 21:49:22,373] {logging_mixin.py:115} INFO - [2022-08-09 21:49:22,373] {dag.py:2915} INFO - Setting next_dagrun for example_xcom_args_with_operators to None, run_after=None
[2022-08-09 21:49:22,437] {processor.py:161} INFO - Processing /home/osboxes/.local/lib/python3.8/site-packages/airflow/example_dags/example_xcomargs.py took 0.387 seconds
[2022-08-09 21:50:02,716] {processor.py:153} INFO - Started process (PID=354958) to work on /home/osboxes/.local/lib/python3.8/site-packages/airflow/example_dags/example_xcomargs.py
[2022-08-09 21:50:02,717] {processor.py:641} INFO - Processing file /home/osboxes/.local/lib/python3.8/site-packages/airflow/example_dags/example_xcomargs.py for tasks to queue
[2022-08-09 21:50:02,718] {logging_mixin.py:115} INFO - [2022-08-09 21:50:02,718] {dagbag.py:507} INFO - Filling up the DagBag from /home/osboxes/.local/lib/python3.8/site-packages/airflow/example_dags/example_xcomargs.py
[2022-08-09 21:50:02,733] {processor.py:651} INFO - DAG(s) dict_keys(['example_xcom_args', 'example_xcom_args_with_operators']) retrieved from /home/osboxes/.local/lib/python3.8/site-packages/airflow/example_dags/example_xcomargs.py
[2022-08-09 21:50:02,750] {logging_mixin.py:115} INFO - [2022-08-09 21:50:02,750] {dag.py:2371} INFO - Sync 2 DAGs
[2022-08-09 21:50:02,764] {logging_mixin.py:115} INFO - [2022-08-09 21:50:02,763] {dag.py:2915} INFO - Setting next_dagrun for example_xcom_args to None, run_after=None
[2022-08-09 21:50:02,764] {logging_mixin.py:115} INFO - [2022-08-09 21:50:02,764] {dag.py:2915} INFO - Setting next_dagrun for example_xcom_args_with_operators to None, run_after=None
[2022-08-09 21:50:02,802] {processor.py:161} INFO - Processing /home/osboxes/.local/lib/python3.8/site-packages/airflow/example_dags/example_xcomargs.py took 0.089 seconds
[2022-08-09 21:50:41,658] {processor.py:153} INFO - Started process (PID=355331) to work on /home/osboxes/.local/lib/python3.8/site-packages/airflow/example_dags/example_xcomargs.py
[2022-08-09 21:50:41,659] {processor.py:641} INFO - Processing file /home/osboxes/.local/lib/python3.8/site-packages/airflow/example_dags/example_xcomargs.py for tasks to queue
[2022-08-09 21:50:41,660] {logging_mixin.py:115} INFO - [2022-08-09 21:50:41,660] {dagbag.py:507} INFO - Filling up the DagBag from /home/osboxes/.local/lib/python3.8/site-packages/airflow/example_dags/example_xcomargs.py
[2022-08-09 21:50:41,674] {processor.py:651} INFO - DAG(s) dict_keys(['example_xcom_args', 'example_xcom_args_with_operators']) retrieved from /home/osboxes/.local/lib/python3.8/site-packages/airflow/example_dags/example_xcomargs.py
[2022-08-09 21:50:41,693] {logging_mixin.py:115} INFO - [2022-08-09 21:50:41,693] {dag.py:2371} INFO - Sync 2 DAGs
[2022-08-09 21:50:41,706] {logging_mixin.py:115} INFO - [2022-08-09 21:50:41,706] {dag.py:2915} INFO - Setting next_dagrun for example_xcom_args to None, run_after=None
[2022-08-09 21:50:41,707] {logging_mixin.py:115} INFO - [2022-08-09 21:50:41,707] {dag.py:2915} INFO - Setting next_dagrun for example_xcom_args_with_operators to None, run_after=None
[2022-08-09 21:50:41,750] {processor.py:161} INFO - Processing /home/osboxes/.local/lib/python3.8/site-packages/airflow/example_dags/example_xcomargs.py took 0.094 seconds
[2022-08-09 22:09:52,779] {processor.py:153} INFO - Started process (PID=356107) to work on /home/osboxes/.local/lib/python3.8/site-packages/airflow/example_dags/example_xcomargs.py
[2022-08-09 22:09:52,788] {processor.py:641} INFO - Processing file /home/osboxes/.local/lib/python3.8/site-packages/airflow/example_dags/example_xcomargs.py for tasks to queue
[2022-08-09 22:09:52,789] {logging_mixin.py:115} INFO - [2022-08-09 22:09:52,789] {dagbag.py:507} INFO - Filling up the DagBag from /home/osboxes/.local/lib/python3.8/site-packages/airflow/example_dags/example_xcomargs.py
[2022-08-09 22:09:52,803] {processor.py:651} INFO - DAG(s) dict_keys(['example_xcom_args', 'example_xcom_args_with_operators']) retrieved from /home/osboxes/.local/lib/python3.8/site-packages/airflow/example_dags/example_xcomargs.py
[2022-08-09 22:09:52,843] {logging_mixin.py:115} INFO - [2022-08-09 22:09:52,843] {dag.py:2371} INFO - Sync 2 DAGs
[2022-08-09 22:09:52,854] {logging_mixin.py:115} INFO - [2022-08-09 22:09:52,854] {dag.py:2915} INFO - Setting next_dagrun for example_xcom_args to None, run_after=None
[2022-08-09 22:09:52,854] {logging_mixin.py:115} INFO - [2022-08-09 22:09:52,854] {dag.py:2915} INFO - Setting next_dagrun for example_xcom_args_with_operators to None, run_after=None
[2022-08-09 22:09:52,884] {processor.py:161} INFO - Processing /home/osboxes/.local/lib/python3.8/site-packages/airflow/example_dags/example_xcomargs.py took 0.107 seconds
[2022-08-09 22:10:33,426] {processor.py:153} INFO - Started process (PID=356505) to work on /home/osboxes/.local/lib/python3.8/site-packages/airflow/example_dags/example_xcomargs.py
[2022-08-09 22:10:33,428] {processor.py:641} INFO - Processing file /home/osboxes/.local/lib/python3.8/site-packages/airflow/example_dags/example_xcomargs.py for tasks to queue
[2022-08-09 22:10:33,429] {logging_mixin.py:115} INFO - [2022-08-09 22:10:33,428] {dagbag.py:507} INFO - Filling up the DagBag from /home/osboxes/.local/lib/python3.8/site-packages/airflow/example_dags/example_xcomargs.py
[2022-08-09 22:10:33,445] {processor.py:651} INFO - DAG(s) dict_keys(['example_xcom_args', 'example_xcom_args_with_operators']) retrieved from /home/osboxes/.local/lib/python3.8/site-packages/airflow/example_dags/example_xcomargs.py
[2022-08-09 22:10:33,489] {logging_mixin.py:115} INFO - [2022-08-09 22:10:33,489] {dag.py:2371} INFO - Sync 2 DAGs
[2022-08-09 22:10:33,513] {logging_mixin.py:115} INFO - [2022-08-09 22:10:33,513] {dag.py:2915} INFO - Setting next_dagrun for example_xcom_args to None, run_after=None
[2022-08-09 22:10:33,513] {logging_mixin.py:115} INFO - [2022-08-09 22:10:33,513] {dag.py:2915} INFO - Setting next_dagrun for example_xcom_args_with_operators to None, run_after=None
[2022-08-09 22:10:33,555] {processor.py:161} INFO - Processing /home/osboxes/.local/lib/python3.8/site-packages/airflow/example_dags/example_xcomargs.py took 0.132 seconds
[2022-08-09 22:11:13,895] {processor.py:153} INFO - Started process (PID=356887) to work on /home/osboxes/.local/lib/python3.8/site-packages/airflow/example_dags/example_xcomargs.py
[2022-08-09 22:11:13,906] {processor.py:641} INFO - Processing file /home/osboxes/.local/lib/python3.8/site-packages/airflow/example_dags/example_xcomargs.py for tasks to queue
[2022-08-09 22:11:13,907] {logging_mixin.py:115} INFO - [2022-08-09 22:11:13,907] {dagbag.py:507} INFO - Filling up the DagBag from /home/osboxes/.local/lib/python3.8/site-packages/airflow/example_dags/example_xcomargs.py
[2022-08-09 22:11:13,941] {processor.py:651} INFO - DAG(s) dict_keys(['example_xcom_args', 'example_xcom_args_with_operators']) retrieved from /home/osboxes/.local/lib/python3.8/site-packages/airflow/example_dags/example_xcomargs.py
[2022-08-09 22:11:13,962] {logging_mixin.py:115} INFO - [2022-08-09 22:11:13,962] {dag.py:2371} INFO - Sync 2 DAGs
[2022-08-09 22:11:13,975] {logging_mixin.py:115} INFO - [2022-08-09 22:11:13,975] {dag.py:2915} INFO - Setting next_dagrun for example_xcom_args to None, run_after=None
[2022-08-09 22:11:13,976] {logging_mixin.py:115} INFO - [2022-08-09 22:11:13,976] {dag.py:2915} INFO - Setting next_dagrun for example_xcom_args_with_operators to None, run_after=None
[2022-08-09 22:11:14,005] {processor.py:161} INFO - Processing /home/osboxes/.local/lib/python3.8/site-packages/airflow/example_dags/example_xcomargs.py took 0.112 seconds
[2022-08-09 22:12:00,642] {processor.py:153} INFO - Started process (PID=357342) to work on /home/osboxes/.local/lib/python3.8/site-packages/airflow/example_dags/example_xcomargs.py
[2022-08-09 22:12:00,644] {processor.py:641} INFO - Processing file /home/osboxes/.local/lib/python3.8/site-packages/airflow/example_dags/example_xcomargs.py for tasks to queue
[2022-08-09 22:12:00,645] {logging_mixin.py:115} INFO - [2022-08-09 22:12:00,645] {dagbag.py:507} INFO - Filling up the DagBag from /home/osboxes/.local/lib/python3.8/site-packages/airflow/example_dags/example_xcomargs.py
[2022-08-09 22:12:00,684] {processor.py:651} INFO - DAG(s) dict_keys(['example_xcom_args', 'example_xcom_args_with_operators']) retrieved from /home/osboxes/.local/lib/python3.8/site-packages/airflow/example_dags/example_xcomargs.py
[2022-08-09 22:12:00,712] {logging_mixin.py:115} INFO - [2022-08-09 22:12:00,711] {dag.py:2371} INFO - Sync 2 DAGs
[2022-08-09 22:12:00,733] {logging_mixin.py:115} INFO - [2022-08-09 22:12:00,733] {dag.py:2915} INFO - Setting next_dagrun for example_xcom_args to None, run_after=None
[2022-08-09 22:12:00,733] {logging_mixin.py:115} INFO - [2022-08-09 22:12:00,733] {dag.py:2915} INFO - Setting next_dagrun for example_xcom_args_with_operators to None, run_after=None
[2022-08-09 22:12:00,770] {processor.py:161} INFO - Processing /home/osboxes/.local/lib/python3.8/site-packages/airflow/example_dags/example_xcomargs.py took 0.131 seconds
[2022-08-09 22:12:39,081] {processor.py:153} INFO - Started process (PID=357697) to work on /home/osboxes/.local/lib/python3.8/site-packages/airflow/example_dags/example_xcomargs.py
[2022-08-09 22:12:39,082] {processor.py:641} INFO - Processing file /home/osboxes/.local/lib/python3.8/site-packages/airflow/example_dags/example_xcomargs.py for tasks to queue
[2022-08-09 22:12:39,083] {logging_mixin.py:115} INFO - [2022-08-09 22:12:39,083] {dagbag.py:507} INFO - Filling up the DagBag from /home/osboxes/.local/lib/python3.8/site-packages/airflow/example_dags/example_xcomargs.py
[2022-08-09 22:12:39,100] {processor.py:651} INFO - DAG(s) dict_keys(['example_xcom_args', 'example_xcom_args_with_operators']) retrieved from /home/osboxes/.local/lib/python3.8/site-packages/airflow/example_dags/example_xcomargs.py
[2022-08-09 22:12:39,118] {logging_mixin.py:115} INFO - [2022-08-09 22:12:39,118] {dag.py:2371} INFO - Sync 2 DAGs
[2022-08-09 22:12:39,132] {logging_mixin.py:115} INFO - [2022-08-09 22:12:39,132] {dag.py:2915} INFO - Setting next_dagrun for example_xcom_args to None, run_after=None
[2022-08-09 22:12:39,132] {logging_mixin.py:115} INFO - [2022-08-09 22:12:39,132] {dag.py:2915} INFO - Setting next_dagrun for example_xcom_args_with_operators to None, run_after=None
[2022-08-09 22:12:39,165] {processor.py:161} INFO - Processing /home/osboxes/.local/lib/python3.8/site-packages/airflow/example_dags/example_xcomargs.py took 0.086 seconds
[2022-08-09 22:13:15,628] {processor.py:153} INFO - Started process (PID=358029) to work on /home/osboxes/.local/lib/python3.8/site-packages/airflow/example_dags/example_xcomargs.py
[2022-08-09 22:13:15,631] {processor.py:641} INFO - Processing file /home/osboxes/.local/lib/python3.8/site-packages/airflow/example_dags/example_xcomargs.py for tasks to queue
[2022-08-09 22:13:15,631] {logging_mixin.py:115} INFO - [2022-08-09 22:13:15,631] {dagbag.py:507} INFO - Filling up the DagBag from /home/osboxes/.local/lib/python3.8/site-packages/airflow/example_dags/example_xcomargs.py
[2022-08-09 22:13:15,649] {processor.py:651} INFO - DAG(s) dict_keys(['example_xcom_args', 'example_xcom_args_with_operators']) retrieved from /home/osboxes/.local/lib/python3.8/site-packages/airflow/example_dags/example_xcomargs.py
[2022-08-09 22:13:15,672] {logging_mixin.py:115} INFO - [2022-08-09 22:13:15,672] {dag.py:2371} INFO - Sync 2 DAGs
[2022-08-09 22:13:15,684] {logging_mixin.py:115} INFO - [2022-08-09 22:13:15,684] {dag.py:2915} INFO - Setting next_dagrun for example_xcom_args to None, run_after=None
[2022-08-09 22:13:15,686] {logging_mixin.py:115} INFO - [2022-08-09 22:13:15,686] {dag.py:2915} INFO - Setting next_dagrun for example_xcom_args_with_operators to None, run_after=None
[2022-08-09 22:13:15,715] {processor.py:161} INFO - Processing /home/osboxes/.local/lib/python3.8/site-packages/airflow/example_dags/example_xcomargs.py took 0.090 seconds
                                                                                                                                                                                                                                                                                                                                                                                                                                                                                                                