[2022-08-09 21:18:49,393] {processor.py:153} INFO - Started process (PID=337360) to work on /home/osboxes/.local/lib/python3.8/site-packages/airflow/example_dags/example_complex.py
[2022-08-09 21:18:49,393] {processor.py:641} INFO - Processing file /home/osboxes/.local/lib/python3.8/site-packages/airflow/example_dags/example_complex.py for tasks to queue
[2022-08-09 21:18:49,394] {logging_mixin.py:115} INFO - [2022-08-09 21:18:49,394] {dagbag.py:507} INFO - Filling up the DagBag from /home/osboxes/.local/lib/python3.8/site-packages/airflow/example_dags/example_complex.py
[2022-08-09 21:18:49,403] {processor.py:651} INFO - DAG(s) dict_keys(['example_complex']) retrieved from /home/osboxes/.local/lib/python3.8/site-packages/airflow/example_dags/example_complex.py
[2022-08-09 21:18:49,423] {logging_mixin.py:115} INFO - [2022-08-09 21:18:49,423] {dag.py:2371} INFO - Sync 1 DAGs
[2022-08-09 21:18:49,434] {logging_mixin.py:115} INFO - [2022-08-09 21:18:49,434] {dag.py:2915} INFO - Setting next_dagrun for example_complex to None, run_after=None
[2022-08-09 21:18:49,487] {processor.py:161} INFO - Processing /home/osboxes/.local/lib/python3.8/site-packages/airflow/example_dags/example_complex.py took 0.096 seconds
[2022-08-09 21:19:36,873] {processor.py:153} INFO - Started process (PID=337786) to work on /home/osboxes/.local/lib/python3.8/site-packages/airflow/example_dags/example_complex.py
[2022-08-09 21:19:36,884] {processor.py:641} INFO - Processing file /home/osboxes/.local/lib/python3.8/site-packages/airflow/example_dags/example_complex.py for tasks to queue
[2022-08-09 21:19:36,885] {logging_mixin.py:115} INFO - [2022-08-09 21:19:36,885] {dagbag.py:507} INFO - Filling up the DagBag from /home/osboxes/.local/lib/python3.8/site-packages/airflow/example_dags/example_complex.py
[2022-08-09 21:19:36,893] {processor.py:651} INFO - DAG(s) dict_keys(['example_complex']) retrieved from /home/osboxes/.local/lib/python3.8/site-packages/airflow/example_dags/example_complex.py
[2022-08-09 21:19:36,914] {logging_mixin.py:115} INFO - [2022-08-09 21:19:36,913] {dag.py:2371} INFO - Sync 1 DAGs
[2022-08-09 21:19:36,927] {logging_mixin.py:115} INFO - [2022-08-09 21:19:36,927] {dag.py:2915} INFO - Setting next_dagrun for example_complex to None, run_after=None
[2022-08-09 21:19:37,026] {processor.py:161} INFO - Processing /home/osboxes/.local/lib/python3.8/site-packages/airflow/example_dags/example_complex.py took 0.155 seconds
[2022-08-09 21:20:23,116] {processor.py:153} INFO - Started process (PID=338212) to work on /home/osboxes/.local/lib/python3.8/site-packages/airflow/example_dags/example_complex.py
[2022-08-09 21:20:23,145] {processor.py:641} INFO - Processing file /home/osboxes/.local/lib/python3.8/site-packages/airflow/example_dags/example_complex.py for tasks to queue
[2022-08-09 21:20:23,148] {logging_mixin.py:115} INFO - [2022-08-09 21:20:23,148] {dagbag.py:507} INFO - Filling up the DagBag from /home/osboxes/.local/lib/python3.8/site-packages/airflow/example_dags/example_complex.py
[2022-08-09 21:20:23,170] {processor.py:651} INFO - DAG(s) dict_keys(['example_complex']) retrieved from /home/osboxes/.local/lib/python3.8/site-packages/airflow/example_dags/example_complex.py
[2022-08-09 21:20:23,216] {logging_mixin.py:115} INFO - [2022-08-09 21:20:23,216] {dag.py:2371} INFO - Sync 1 DAGs
[2022-08-09 21:20:23,228] {logging_mixin.py:115} INFO - [2022-08-09 21:20:23,228] {dag.py:2915} INFO - Setting next_dagrun for example_complex to None, run_after=None
[2022-08-09 21:20:23,258] {processor.py:161} INFO - Processing /home/osboxes/.local/lib/python3.8/site-packages/airflow/example_dags/example_complex.py took 0.144 seconds
[2022-08-09 21:21:13,032] {processor.py:153} INFO - Started process (PID=338675) to work on /home/osboxes/.local/lib/python3.8/site-packages/airflow/example_dags/example_complex.py
[2022-08-09 21:21:13,033] {processor.py:641} INFO - Processing file /home/osboxes/.local/lib/python3.8/site-packages/airflow/example_dags/example_complex.py for tasks to queue
[2022-08-09 21:21:13,034] {logging_mixin.py:115} INFO - [2022-08-09 21:21:13,034] {dagbag.py:507} INFO - Filling up the DagBag from /home/osboxes/.local/lib/python3.8/site-packages/airflow/example_dags/example_complex.py
[2022-08-09 21:21:13,044] {processor.py:651} INFO - DAG(s) dict_keys(['example_complex']) retrieved from /home/osboxes/.local/lib/python3.8/site-packages/airflow/example_dags/example_complex.py
[2022-08-09 21:21:13,064] {logging_mixin.py:115} INFO - [2022-08-09 21:21:13,064] {dag.py:2371} INFO - Sync 1 DAGs
[2022-08-09 21:21:13,077] {logging_mixin.py:115} INFO - [2022-08-09 21:21:13,077] {dag.py:2915} INFO - Setting next_dagrun for example_complex to None, run_after=None
[2022-08-09 21:21:13,127] {processor.py:161} INFO - Processing /home/osboxes/.local/lib/python3.8/site-packages/airflow/example_dags/example_complex.py took 0.099 seconds
[2022-08-09 21:21:58,515] {processor.py:153} INFO - Started process (PID=339106) to work on /home/osboxes/.local/lib/python3.8/site-packages/airflow/example_dags/example_complex.py
[2022-08-09 21:21:58,521] {processor.py:641} INFO - Processing file /home/osboxes/.local/lib/python3.8/site-packages/airflow/example_dags/example_complex.py for tasks to queue
[2022-08-09 21:21:58,521] {logging_mixin.py:115} INFO - [2022-08-09 21:21:58,521] {dagbag.py:507} INFO - Filling up the DagBag from /home/osboxes/.local/lib/python3.8/site-packages/airflow/example_dags/example_complex.py
[2022-08-09 21:21:58,529] {processor.py:651} INFO - DAG(s) dict_keys(['example_complex']) retrieved from /home/osboxes/.local/lib/python3.8/site-packages/airflow/example_dags/example_complex.py
[2022-08-09 21:21:58,594] {logging_mixin.py:115} INFO - [2022-08-09 21:21:58,594] {dag.py:2371} INFO - Sync 1 DAGs
[2022-08-09 21:21:58,607] {logging_mixin.py:115} INFO - [2022-08-09 21:21:58,607] {dag.py:2915} INFO - Setting next_dagrun for example_complex to None, run_after=None
[2022-08-09 21:21:58,644] {processor.py:161} INFO - Processing /home/osboxes/.local/lib/python3.8/site-packages/airflow/example_dags/example_complex.py took 0.131 seconds
[2022-08-09 21:22:45,351] {processor.py:153} INFO - Started process (PID=339534) to work on /home/osboxes/.local/lib/python3.8/site-packages/airflow/example_dags/example_complex.py
[2022-08-09 21:22:45,352] {processor.py:641} INFO - Processing file /home/osboxes/.local/lib/python3.8/site-packages/airflow/example_dags/example_complex.py for tasks to queue
[2022-08-09 21:22:45,352] {logging_mixin.py:115} INFO - [2022-08-09 21:22:45,352] {dagbag.py:507} INFO - Filling up the DagBag from /home/osboxes/.local/lib/python3.8/site-packages/airflow/example_dags/example_complex.py
[2022-08-09 21:22:45,362] {processor.py:651} INFO - DAG(s) dict_keys(['example_complex']) retrieved from /home/osboxes/.local/lib/python3.8/site-packages/airflow/example_dags/example_complex.py
[2022-08-09 21:22:45,382] {logging_mixin.py:115} INFO - [2022-08-09 21:22:45,382] {dag.py:2371} INFO - Sync 1 DAGs
[2022-08-09 21:22:45,395] {logging_mixin.py:115} INFO - [2022-08-09 21:22:45,395] {dag.py:2915} INFO - Setting next_dagrun for example_complex to None, run_after=None
[2022-08-09 21:22:45,440] {processor.py:161} INFO - Processing /home/osboxes/.local/lib/python3.8/site-packages/airflow/example_dags/example_complex.py took 0.092 seconds
[2022-08-09 21:23:36,003] {processor.py:153} INFO - Started process (PID=340038) to work on /home/osboxes/.local/lib/python3.8/site-packages/airflow/example_dags/example_complex.py
[2022-08-09 21:23:36,015] {processor.py:641} INFO - Processing file /home/osboxes/.local/lib/python3.8/site-packages/airflow/example_dags/example_complex.py for tasks to queue
[2022-08-09 21:23:36,015] {logging_mixin.py:115} INFO - [2022-08-09 21:23:36,015] {dagbag.py:507} INFO - Filling up the DagBag from /home/osboxes/.local/lib/python3.8/site-packages/airflow/example_dags/example_complex.py
[2022-08-09 21:23:36,024] {processor.py:651} INFO - DAG(s) dict_keys(['example_complex']) retrieved from /home/osboxes/.local/lib/python3.8/site-packages/airflow/example_dags/example_complex.py
[2022-08-09 21:23:36,045] {logging_mixin.py:115} INFO - [2022-08-09 21:23:36,045] {dag.py:2371} INFO - Sync 1 DAGs
[2022-08-09 21:23:36,058] {logging_mixin.py:115} INFO - [2022-08-09 21:23:36,058] {dag.py:2915} INFO - Setting next_dagrun for example_complex to None, run_after=None
[2022-08-09 21:23:36,088] {processor.py:161} INFO - Processing /home/osboxes/.local/lib/python3.8/site-packages/airflow/example_dags/example_complex.py took 0.087 seconds
[2022-08-09 21:24:17,639] {processor.py:153} INFO - Started process (PID=340446) to work on /home/osboxes/.local/lib/python3.8/site-packages/airflow/example_dags/example_complex.py
[2022-08-09 21:24:17,640] {processor.py:641} INFO - Processing file /home/osboxes/.local/lib/python3.8/site-packages/airflow/example_dags/example_complex.py for tasks to queue
[2022-08-09 21:24:17,640] {logging_mixin.py:115} INFO - [2022-08-09 21:24:17,640] {dagbag.py:507} INFO - Filling up the DagBag from /home/osboxes/.local/lib/python3.8/site-packages/airflow/example_dags/example_complex.py
[2022-08-09 21:24:17,649] {processor.py:651} INFO - DAG(s) dict_keys(['example_complex']) retrieved from /home/osboxes/.local/lib/python3.8/site-packages/airflow/example_dags/example_complex.py
[2022-08-09 21:24:17,668] {logging_mixin.py:115} INFO - [2022-08-09 21:24:17,667] {dag.py:2371} INFO - Sync 1 DAGs
[2022-08-09 21:24:17,679] {logging_mixin.py:115} INFO - [2022-08-09 21:24:17,679] {dag.py:2915} INFO - Setting next_dagrun for example_complex to None, run_after=None
[2022-08-09 21:24:17,717] {processor.py:161} INFO - Processing /home/osboxes/.local/lib/python3.8/site-packages/airflow/example_dags/example_complex.py took 0.082 seconds
[2022-08-09 21:25:00,637] {processor.py:153} INFO - Started process (PID=340855) to work on /home/osboxes/.local/lib/python3.8/site-packages/airflow/example_dags/example_complex.py
[2022-08-09 21:25:00,638] {processor.py:641} INFO - Processing file /home/osboxes/.local/lib/python3.8/site-packages/airflow/example_dags/example_complex.py for tasks to queue
[2022-08-09 21:25:00,639] {logging_mixin.py:115} INFO - [2022-08-09 21:25:00,639] {dagbag.py:507} INFO - Filling up the DagBag from /home/osboxes/.local/lib/python3.8/site-packages/airflow/example_dags/example_complex.py
[2022-08-09 21:25:00,648] {processor.py:651} INFO - DAG(s) dict_keys(['example_complex']) retrieved from /home/osboxes/.local/lib/python3.8/site-packages/airflow/example_dags/example_complex.py
[2022-08-09 21:25:00,665] {logging_mixin.py:115} INFO - [2022-08-09 21:25:00,665] {dag.py:2371} INFO - Sync 1 DAGs
[2022-08-09 21:25:00,678] {logging_mixin.py:115} INFO - [2022-08-09 21:25:00,678] {dag.py:2915} INFO - Setting next_dagrun for example_complex to None, run_after=None
[2022-08-09 21:25:00,717] {processor.py:161} INFO - Processing /home/osboxes/.local/lib/python3.8/site-packages/airflow/example_dags/example_complex.py took 0.082 seconds
[2022-08-09 21:25:46,712] {processor.py:153} INFO - Started process (PID=341278) to work on /home/osboxes/.local/lib/python3.8/site-packages/airflow/example_dags/example_complex.py
[2022-08-09 21:25:46,716] {processor.py:641} INFO - Processing file /home/osboxes/.local/lib/python3.8/site-packages/airflow/example_dags/example_complex.py for tasks to queue
[2022-08-09 21:25:46,716] {logging_mixin.py:115} INFO - [2022-08-09 21:25:46,716] {dagbag.py:507} INFO - Filling up the DagBag from /home/osboxes/.local/lib/python3.8/site-packages/airflow/example_dags/example_complex.py
[2022-08-09 21:25:46,724] {processor.py:651} INFO - DAG(s) dict_keys(['example_complex']) retrieved from /home/osboxes/.local/lib/python3.8/site-packages/airflow/example_dags/example_complex.py
[2022-08-09 21:25:46,744] {logging_mixin.py:115} INFO - [2022-08-09 21:25:46,744] {dag.py:2371} INFO - Sync 1 DAGs
[2022-08-09 21:25:46,756] {logging_mixin.py:115} INFO - [2022-08-09 21:25:46,756] {dag.py:2915} INFO - Setting next_dagrun for example_complex to None, run_after=None
[2022-08-09 21:25:46,794] {processor.py:161} INFO - Processing /home/osboxes/.local/lib/python3.8/site-packages/airflow/example_dags/example_complex.py took 0.084 seconds
[2022-08-09 21:26:34,734] {processor.py:153} INFO - Started process (PID=341702) to work on /home/osboxes/.local/lib/python3.8/site-packages/airflow/example_dags/example_complex.py
[2022-08-09 21:26:34,736] {processor.py:641} INFO - Processing file /home/osboxes/.local/lib/python3.8/site-packages/airflow/example_dags/example_complex.py for tasks to queue
[2022-08-09 21:26:34,737] {logging_mixin.py:115} INFO - [2022-08-09 21:26:34,736] {dagbag.py:507} INFO - Filling up the DagBag from /home/osboxes/.local/lib/python3.8/site-packages/airflow/example_dags/example_complex.py
[2022-08-09 21:26:34,748] {processor.py:651} INFO - DAG(s) dict_keys(['example_complex']) retrieved from /home/osboxes/.local/lib/python3.8/site-packages/airflow/example_dags/example_complex.py
[2022-08-09 21:26:34,773] {logging_mixin.py:115} INFO - [2022-08-09 21:26:34,773] {dag.py:2371} INFO - Sync 1 DAGs
[2022-08-09 21:26:34,790] {logging_mixin.py:115} INFO - [2022-08-09 21:26:34,790] {dag.py:2915} INFO - Setting next_dagrun for example_complex to None, run_after=None
[2022-08-09 21:26:34,827] {processor.py:161} INFO - Processing /home/osboxes/.local/lib/python3.8/site-packages/airflow/example_dags/example_complex.py took 0.097 seconds
[2022-08-09 21:27:28,876] {processor.py:153} INFO - Started process (PID=342267) to work on /home/osboxes/.local/lib/python3.8/site-packages/airflow/example_dags/example_complex.py
[2022-08-09 21:27:28,887] {processor.py:641} INFO - Processing file /home/osboxes/.local/lib/python3.8/site-packages/airflow/example_dags/example_complex.py for tasks to queue
[2022-08-09 21:27:28,887] {logging_mixin.py:115} INFO - [2022-08-09 21:27:28,887] {dagbag.py:507} INFO - Filling up the DagBag from /home/osboxes/.local/lib/python3.8/site-packages/airflow/example_dags/example_complex.py
[2022-08-09 21:27:28,895] {processor.py:651} INFO - DAG(s) dict_keys(['example_complex']) retrieved from /home/osboxes/.local/lib/python3.8/site-packages/airflow/example_dags/example_complex.py
[2022-08-09 21:27:28,915] {logging_mixin.py:115} INFO - [2022-08-09 21:27:28,915] {dag.py:2371} INFO - Sync 1 DAGs
[2022-08-09 21:27:28,931] {logging_mixin.py:115} INFO - [2022-08-09 21:27:28,931] {dag.py:2915} INFO - Setting next_dagrun for example_complex to None, run_after=None
[2022-08-09 21:27:28,969] {processor.py:161} INFO - Processing /home/osboxes/.local/lib/python3.8/site-packages/airflow/example_dags/example_complex.py took 0.096 seconds
[2022-08-09 21:28:10,558] {processor.py:153} INFO - Started process (PID=342664) to work on /home/osboxes/.local/lib/python3.8/site-packages/airflow/example_dags/example_complex.py
[2022-08-09 21:28:10,559] {processor.py:641} INFO - Processing file /home/osboxes/.local/lib/python3.8/site-packages/airflow/example_dags/example_complex.py for tasks to queue
[2022-08-09 21:28:10,560] {logging_mixin.py:115} INFO - [2022-08-09 21:28:10,559] {dagbag.py:507} INFO - Filling up the DagBag from /home/osboxes/.local/lib/python3.8/site-packages/airflow/example_dags/example_complex.py
[2022-08-09 21:28:10,569] {processor.py:651} INFO - DAG(s) dict_keys(['example_complex']) retrieved from /home/osboxes/.local/lib/python3.8/site-packages/airflow/example_dags/example_complex.py
[2022-08-09 21:28:10,589] {logging_mixin.py:115} INFO - [2022-08-09 21:28:10,589] {dag.py:2371} INFO - Sync 1 DAGs
[2022-08-09 21:28:10,601] {logging_mixin.py:115} INFO - [2022-08-09 21:28:10,601] {dag.py:2915} INFO - Setting next_dagrun for example_complex to None, run_after=None
[2022-08-09 21:28:10,629] {processor.py:161} INFO - Processing /home/osboxes/.local/lib/python3.8/site-packages/airflow/example_dags/example_complex.py took 0.073 seconds
[2022-08-09 21:28:58,809] {processor.py:153} INFO - Started process (PID=343156) to work on /home/osboxes/.local/lib/python3.8/site-packages/airflow/example_dags/example_complex.py
[2022-08-09 21:28:58,812] {processor.py:641} INFO - Processing file /home/osboxes/.local/lib/python3.8/site-packages/airflow/example_dags/example_complex.py for tasks to queue
[2022-08-09 21:28:58,813] {logging_mixin.py:115} INFO - [2022-08-09 21:28:58,813] {dagbag.py:507} INFO - Filling up the DagBag from /home/osboxes/.local/lib/python3.8/site-packages/airflow/example_dags/example_complex.py
[2022-08-09 21:28:58,822] {processor.py:651} INFO - DAG(s) dict_keys(['example_complex']) retrieved from /home/osboxes/.local/lib/python3.8/site-packages/airflow/example_dags/example_complex.py
[2022-08-09 21:28:58,840] {logging_mixin.py:115} INFO - [2022-08-09 21:28:58,840] {dag.py:2371} INFO - Sync 1 DAGs
[2022-08-09 21:28:58,852] {logging_mixin.py:115} INFO - [2022-08-09 21:28:58,852] {dag.py:2915} INFO - Setting next_dagrun for example_complex to None, run_after=None
[2022-08-09 21:28:58,895] {processor.py:161} INFO - Processing /home/osboxes/.local/lib/python3.8/site-packages/airflow/example_dags/example_complex.py took 0.089 seconds
[2022-08-09 21:29:50,531] {processor.py:153} INFO - Started process (PID=343622) to work on /home/osboxes/.local/lib/python3.8/site-packages/airflow/example_dags/example_complex.py
[2022-08-09 21:29:50,541] {processor.py:641} INFO - Processing file /home/osboxes/.local/lib/python3.8/site-packages/airflow/example_dags/example_complex.py for tasks to queue
[2022-08-09 21:29:50,542] {logging_mixin.py:115} INFO - [2022-08-09 21:29:50,542] {dagbag.py:507} INFO - Filling up the DagBag from /home/osboxes/.local/lib/python3.8/site-packages/airflow/example_dags/example_complex.py
[2022-08-09 21:29:50,551] {processor.py:651} INFO - DAG(s) dict_keys(['example_complex']) retrieved from /home/osboxes/.local/lib/python3.8/site-packages/airflow/example_dags/example_complex.py
[2022-08-09 21:29:50,570] {logging_mixin.py:115} INFO - [2022-08-09 21:29:50,570] {dag.py:2371} INFO - Sync 1 DAGs
[2022-08-09 21:29:50,581] {logging_mixin.py:115} INFO - [2022-08-09 21:29:50,581] {dag.py:2915} INFO - Setting next_dagrun for example_complex to None, run_after=None
[2022-08-09 21:29:50,618] {processor.py:161} INFO - Processing /home/osboxes/.local/lib/python3.8/site-packages/airflow/example_dags/example_complex.py took 0.089 seconds
[2022-08-09 21:30:42,468] {processor.py:153} INFO - Started process (PID=344095) to work on /home/osboxes/.local/lib/python3.8/site-packages/airflow/example_dags/example_complex.py
[2022-08-09 21:30:42,469] {processor.py:641} INFO - Processing file /home/osboxes/.local/lib/python3.8/site-packages/airflow/example_dags/example_complex.py for tasks to queue
[2022-08-09 21:30:42,470] {logging_mixin.py:115} INFO - [2022-08-09 21:30:42,470] {dagbag.py:507} INFO - Filling up the DagBag from /home/osboxes/.local/lib/python3.8/site-packages/airflow/example_dags/example_complex.py
[2022-08-09 21:30:42,478] {processor.py:651} INFO - DAG(s) dict_keys(['example_complex']) retrieved from /home/osboxes/.local/lib/python3.8/site-packages/airflow/example_dags/example_complex.py
[2022-08-09 21:30:42,497] {logging_mixin.py:115} INFO - [2022-08-09 21:30:42,497] {dag.py:2371} INFO - Sync 1 DAGs
[2022-08-09 21:30:42,509] {logging_mixin.py:115} INFO - [2022-08-09 21:30:42,509] {dag.py:2915} INFO - Setting next_dagrun for example_complex to None, run_after=None
[2022-08-09 21:30:42,561] {processor.py:161} INFO - Processing /home/osboxes/.local/lib/python3.8/site-packages/airflow/example_dags/example_complex.py took 0.096 seconds
[2022-08-09 21:31:29,471] {processor.py:153} INFO - Started process (PID=344543) to work on /home/osboxes/.local/lib/python3.8/site-packages/airflow/example_dags/example_complex.py
[2022-08-09 21:31:29,475] {processor.py:641} INFO - Processing file /home/osboxes/.local/lib/python3.8/site-packages/airflow/example_dags/example_complex.py for tasks to queue
[2022-08-09 21:31:29,475] {logging_mixin.py:115} INFO - [2022-08-09 21:31:29,475] {dagbag.py:507} INFO - Filling up the DagBag from /home/osboxes/.local/lib/python3.8/site-packages/airflow/example_dags/example_complex.py
[2022-08-09 21:31:29,484] {processor.py:651} INFO - DAG(s) dict_keys(['example_complex']) retrieved from /home/osboxes/.local/lib/python3.8/site-packages/airflow/example_dags/example_complex.py
[2022-08-09 21:31:29,502] {logging_mixin.py:115} INFO - [2022-08-09 21:31:29,502] {dag.py:2371} INFO - Sync 1 DAGs
[2022-08-09 21:31:29,515] {logging_mixin.py:115} INFO - [2022-08-09 21:31:29,515] {dag.py:2915} INFO - Setting next_dagrun for example_complex to None, run_after=None
[2022-08-09 21:31:29,552] {processor.py:161} INFO - Processing /home/osboxes/.local/lib/python3.8/site-packages/airflow/example_dags/example_complex.py took 0.083 seconds
[2022-08-09 21:32:13,653] {processor.py:153} INFO - Started process (PID=344966) to work on /home/osboxes/.local/lib/python3.8/site-packages/airflow/example_dags/example_complex.py
[2022-08-09 21:32:13,656] {processor.py:641} INFO - Processing file /home/osboxes/.local/lib/python3.8/site-packages/airflow/example_dags/example_complex.py for tasks to queue
[2022-08-09 21:32:13,656] {logging_mixin.py:115} INFO - [2022-08-09 21:32:13,656] {dagbag.py:507} INFO - Filling up the DagBag from /home/osboxes/.local/lib/python3.8/site-packages/airflow/example_dags/example_complex.py
[2022-08-09 21:32:13,665] {processor.py:651} INFO - DAG(s) dict_keys(['example_complex']) retrieved from /home/osboxes/.local/lib/python3.8/site-packages/airflow/example_dags/example_complex.py
[2022-08-09 21:32:13,688] {logging_mixin.py:115} INFO - [2022-08-09 21:32:13,688] {dag.py:2371} INFO - Sync 1 DAGs
[2022-08-09 21:32:13,702] {logging_mixin.py:115} INFO - [2022-08-09 21:32:13,702] {dag.py:2915} INFO - Setting next_dagrun for example_complex to None, run_after=None
[2022-08-09 21:32:13,732] {processor.py:161} INFO - Processing /home/osboxes/.local/lib/python3.8/site-packages/airflow/example_dags/example_complex.py took 0.080 seconds
[2022-08-09 21:32:56,422] {processor.py:153} INFO - Started process (PID=345348) to work on /home/osboxes/.local/lib/python3.8/site-packages/airflow/example_dags/example_complex.py
[2022-08-09 21:32:56,423] {processor.py:641} INFO - Processing file /home/osboxes/.local/lib/python3.8/site-packages/airflow/example_dags/example_complex.py for tasks to queue
[2022-08-09 21:32:56,424] {logging_mixin.py:115} INFO - [2022-08-09 21:32:56,424] {dagbag.py:507} INFO - Filling up the DagBag from /home/osboxes/.local/lib/python3.8/site-packages/airflow/example_dags/example_complex.py
[2022-08-09 21:32:56,433] {processor.py:651} INFO - DAG(s) dict_keys(['example_complex']) retrieved from /home/osboxes/.local/lib/python3.8/site-packages/airflow/example_dags/example_complex.py
[2022-08-09 21:32:56,452] {logging_mixin.py:115} INFO - [2022-08-09 21:32:56,452] {dag.py:2371} INFO - Sync 1 DAGs
[2022-08-09 21:32:56,465] {logging_mixin.py:115} INFO - [2022-08-09 21:32:56,465] {dag.py:2915} INFO - Setting next_dagrun for example_complex to None, run_after=None
[2022-08-09 21:32:56,524] {processor.py:161} INFO - Processing /home/osboxes/.local/lib/python3.8/site-packages/airflow/example_dags/example_complex.py took 0.104 seconds
[2022-08-09 21:33:47,153] {processor.py:153} INFO - Started process (PID=345862) to work on /home/osboxes/.local/lib/python3.8/site-packages/airflow/example_dags/example_complex.py
[2022-08-09 21:33:47,155] {processor.py:641} INFO - Processing file /home/osboxes/.local/lib/python3.8/site-packages/airflow/example_dags/example_complex.py for tasks to queue
[2022-08-09 21:33:47,156] {logging_mixin.py:115} INFO - [2022-08-09 21:33:47,156] {dagbag.py:507} INFO - Filling up the DagBag from /home/osboxes/.local/lib/python3.8/site-packages/airflow/example_dags/example_complex.py
[2022-08-09 21:33:47,165] {processor.py:651} INFO - DAG(s) dict_keys(['example_complex']) retrieved from /home/osboxes/.local/lib/python3.8/site-packages/airflow/example_dags/example_complex.py
[2022-08-09 21:33:47,183] {logging_mixin.py:115} INFO - [2022-08-09 21:33:47,183] {dag.py:2371} INFO - Sync 1 DAGs
[2022-08-09 21:33:47,196] {logging_mixin.py:115} INFO - [2022-08-09 21:33:47,196] {dag.py:2915} INFO - Setting next_dagrun for example_complex to None, run_after=None
[2022-08-09 21:33:47,235] {processor.py:161} INFO - Processing /home/osboxes/.local/lib/python3.8/site-packages/airflow/example_dags/example_complex.py took 0.084 seconds
[2022-08-09 21:34:33,830] {processor.py:153} INFO - Started process (PID=346296) to work on /home/osboxes/.local/lib/python3.8/site-packages/airflow/example_dags/example_complex.py
[2022-08-09 21:34:33,832] {processor.py:641} INFO - Processing file /home/osboxes/.local/lib/python3.8/site-packages/airflow/example_dags/example_complex.py for tasks to queue
[2022-08-09 21:34:33,832] {logging_mixin.py:115} INFO - [2022-08-09 21:34:33,832] {dagbag.py:507} INFO - Filling up the DagBag from /home/osboxes/.local/lib/python3.8/site-packages/airflow/example_dags/example_complex.py
[2022-08-09 21:34:33,841] {processor.py:651} INFO - DAG(s) dict_keys(['example_complex']) retrieved from /home/osboxes/.local/lib/python3.8/site-packages/airflow/example_dags/example_complex.py
[2022-08-09 21:34:33,860] {logging_mixin.py:115} INFO - [2022-08-09 21:34:33,860] {dag.py:2371} INFO - Sync 1 DAGs
[2022-08-09 21:34:33,873] {logging_mixin.py:115} INFO - [2022-08-09 21:34:33,873] {dag.py:2915} INFO - Setting next_dagrun for example_complex to None, run_after=None
[2022-08-09 21:34:33,909] {processor.py:161} INFO - Processing /home/osboxes/.local/lib/python3.8/site-packages/airflow/example_dags/example_complex.py took 0.082 seconds
[2022-08-09 21:35:21,821] {processor.py:153} INFO - Started process (PID=346720) to work on /home/osboxes/.local/lib/python3.8/site-packages/airflow/example_dags/example_complex.py
[2022-08-09 21:35:21,822] {processor.py:641} INFO - Processing file /home/osboxes/.local/lib/python3.8/site-packages/airflow/example_dags/example_complex.py for tasks to queue
[2022-08-09 21:35:21,823] {logging_mixin.py:115} INFO - [2022-08-09 21:35:21,822] {dagbag.py:507} INFO - Filling up the DagBag from /home/osboxes/.local/lib/python3.8/site-packages/airflow/example_dags/example_complex.py
[2022-08-09 21:35:21,833] {processor.py:651} INFO - DAG(s) dict_keys(['example_complex']) retrieved from /home/osboxes/.local/lib/python3.8/site-packages/airflow/example_dags/example_complex.py
[2022-08-09 21:35:21,851] {logging_mixin.py:115} INFO - [2022-08-09 21:35:21,851] {dag.py:2371} INFO - Sync 1 DAGs
[2022-08-09 21:35:21,864] {logging_mixin.py:115} INFO - [2022-08-09 21:35:21,864] {dag.py:2915} INFO - Setting next_dagrun for example_complex to None, run_after=None
[2022-08-09 21:35:21,904] {processor.py:161} INFO - Processing /home/osboxes/.local/lib/python3.8/site-packages/airflow/example_dags/example_complex.py took 0.086 seconds
[2022-08-09 21:36:07,363] {processor.py:153} INFO - Started process (PID=347147) to work on /home/osboxes/.local/lib/python3.8/site-packages/airflow/example_dags/example_complex.py
[2022-08-09 21:36:07,365] {processor.py:641} INFO - Processing file /home/osboxes/.local/lib/python3.8/site-packages/airflow/example_dags/example_complex.py for tasks to queue
[2022-08-09 21:36:07,366] {logging_mixin.py:115} INFO - [2022-08-09 21:36:07,365] {dagbag.py:507} INFO - Filling up the DagBag from /home/osboxes/.local/lib/python3.8/site-packages/airflow/example_dags/example_complex.py
[2022-08-09 21:36:07,374] {processor.py:651} INFO - DAG(s) dict_keys(['example_complex']) retrieved from /home/osboxes/.local/lib/python3.8/site-packages/airflow/example_dags/example_complex.py
[2022-08-09 21:36:07,392] {logging_mixin.py:115} INFO - [2022-08-09 21:36:07,392] {dag.py:2371} INFO - Sync 1 DAGs
[2022-08-09 21:36:07,422] {logging_mixin.py:115} INFO - [2022-08-09 21:36:07,422] {dag.py:2915} INFO - Setting next_dagrun for example_complex to None, run_after=None
[2022-08-09 21:36:07,461] {processor.py:161} INFO - Processing /home/osboxes/.local/lib/python3.8/site-packages/airflow/example_dags/example_complex.py took 0.101 seconds
[2022-08-09 21:36:51,244] {processor.py:153} INFO - Started process (PID=347536) to work on /home/osboxes/.local/lib/python3.8/site-packages/airflow/example_dags/example_complex.py
[2022-08-09 21:36:51,245] {processor.py:641} INFO - Processing file /home/osboxes/.local/lib/python3.8/site-packages/airflow/example_dags/example_complex.py for tasks to queue
[2022-08-09 21:36:51,245] {logging_mixin.py:115} INFO - [2022-08-09 21:36:51,245] {dagbag.py:507} INFO - Filling up the DagBag from /home/osboxes/.local/lib/python3.8/site-packages/airflow/example_dags/example_complex.py
[2022-08-09 21:36:51,254] {processor.py:651} INFO - DAG(s) dict_keys(['example_complex']) retrieved from /home/osboxes/.local/lib/python3.8/site-packages/airflow/example_dags/example_complex.py
[2022-08-09 21:36:51,274] {logging_mixin.py:115} INFO - [2022-08-09 21:36:51,274] {dag.py:2371} INFO - Sync 1 DAGs
[2022-08-09 21:36:51,285] {logging_mixin.py:115} INFO - [2022-08-09 21:36:51,285] {dag.py:2915} INFO - Setting next_dagrun for example_complex to None, run_after=None
[2022-08-09 21:36:51,324] {processor.py:161} INFO - Processing /home/osboxes/.local/lib/python3.8/site-packages/airflow/example_dags/example_complex.py took 0.082 seconds
[2022-08-09 21:37:36,687] {processor.py:153} INFO - Started process (PID=347954) to work on /home/osboxes/.local/lib/python3.8/site-packages/airflow/example_dags/example_complex.py
[2022-08-09 21:37:36,689] {processor.py:641} INFO - Processing file /home/osboxes/.local/lib/python3.8/site-packages/airflow/example_dags/example_complex.py for tasks to queue
[2022-08-09 21:37:36,690] {logging_mixin.py:115} INFO - [2022-08-09 21:37:36,690] {dagbag.py:507} INFO - Filling up the DagBag from /home/osboxes/.local/lib/python3.8/site-packages/airflow/example_dags/example_complex.py
[2022-08-09 21:37:36,698] {processor.py:651} INFO - DAG(s) dict_keys(['example_complex']) retrieved from /home/osboxes/.local/lib/python3.8/site-packages/airflow/example_dags/example_complex.py
[2022-08-09 21:37:36,717] {logging_mixin.py:115} INFO - [2022-08-09 21:37:36,717] {dag.py:2371} INFO - Sync 1 DAGs
[2022-08-09 21:37:36,728] {logging_mixin.py:115} INFO - [2022-08-09 21:37:36,728] {dag.py:2915} INFO - Setting next_dagrun for example_complex to None, run_after=None
[2022-08-09 21:37:36,765] {processor.py:161} INFO - Processing /home/osboxes/.local/lib/python3.8/site-packages/airflow/example_dags/example_complex.py took 0.080 seconds
[2022-08-09 21:38:28,183] {processor.py:153} INFO - Started process (PID=348444) to work on /home/osboxes/.local/lib/python3.8/site-packages/airflow/example_dags/example_complex.py
[2022-08-09 21:38:28,194] {processor.py:641} INFO - Processing file /home/osboxes/.local/lib/python3.8/site-packages/airflow/example_dags/example_complex.py for tasks to queue
[2022-08-09 21:38:28,195] {logging_mixin.py:115} INFO - [2022-08-09 21:38:28,195] {dagbag.py:507} INFO - Filling up the DagBag from /home/osboxes/.local/lib/python3.8/site-packages/airflow/example_dags/example_complex.py
[2022-08-09 21:38:28,203] {processor.py:651} INFO - DAG(s) dict_keys(['example_complex']) retrieved from /home/osboxes/.local/lib/python3.8/site-packages/airflow/example_dags/example_complex.py
[2022-08-09 21:38:28,225] {logging_mixin.py:115} INFO - [2022-08-09 21:38:28,224] {dag.py:2371} INFO - Sync 1 DAGs
[2022-08-09 21:38:28,237] {logging_mixin.py:115} INFO - [2022-08-09 21:38:28,237] {dag.py:2915} INFO - Setting next_dagrun for example_complex to None, run_after=None
[2022-08-09 21:38:28,266] {processor.py:161} INFO - Processing /home/osboxes/.local/lib/python3.8/site-packages/airflow/example_dags/example_complex.py took 0.085 seconds
[2022-08-09 21:39:12,570] {processor.py:153} INFO - Started process (PID=348919) to work on /home/osboxes/.local/lib/python3.8/site-packages/airflow/example_dags/example_complex.py
[2022-08-09 21:39:12,571] {processor.py:641} INFO - Processing file /home/osboxes/.local/lib/python3.8/site-packages/airflow/example_dags/example_complex.py for tasks to queue
[2022-08-09 21:39:12,572] {logging_mixin.py:115} INFO - [2022-08-09 21:39:12,572] {dagbag.py:507} INFO - Filling up the DagBag from /home/osboxes/.local/lib/python3.8/site-packages/airflow/example_dags/example_complex.py
[2022-08-09 21:39:12,582] {processor.py:651} INFO - DAG(s) dict_keys(['example_complex']) retrieved from /home/osboxes/.local/lib/python3.8/site-packages/airflow/example_dags/example_complex.py
[2022-08-09 21:39:12,604] {logging_mixin.py:115} INFO - [2022-08-09 21:39:12,604] {dag.py:2371} INFO - Sync 1 DAGs
[2022-08-09 21:39:12,616] {logging_mixin.py:115} INFO - [2022-08-09 21:39:12,616] {dag.py:2915} INFO - Setting next_dagrun for example_complex to None, run_after=None
[2022-08-09 21:39:12,644] {processor.py:161} INFO - Processing /home/osboxes/.local/lib/python3.8/site-packages/airflow/example_dags/example_complex.py took 0.077 seconds
[2022-08-09 21:40:01,268] {processor.py:153} INFO - Started process (PID=349343) to work on /home/osboxes/.local/lib/python3.8/site-packages/airflow/example_dags/example_complex.py
[2022-08-09 21:40:01,280] {processor.py:641} INFO - Processing file /home/osboxes/.local/lib/python3.8/site-packages/airflow/example_dags/example_complex.py for tasks to queue
[2022-08-09 21:40:01,280] {logging_mixin.py:115} INFO - [2022-08-09 21:40:01,280] {dagbag.py:507} INFO - Filling up the DagBag from /home/osboxes/.local/lib/python3.8/site-packages/airflow/example_dags/example_complex.py
[2022-08-09 21:40:01,289] {processor.py:651} INFO - DAG(s) dict_keys(['example_complex']) retrieved from /home/osboxes/.local/lib/python3.8/site-packages/airflow/example_dags/example_complex.py
[2022-08-09 21:40:01,308] {logging_mixin.py:115} INFO - [2022-08-09 21:40:01,308] {dag.py:2371} INFO - Sync 1 DAGs
[2022-08-09 21:40:01,319] {logging_mixin.py:115} INFO - [2022-08-09 21:40:01,319] {dag.py:2915} INFO - Setting next_dagrun for example_complex to None, run_after=None
[2022-08-09 21:40:01,348] {processor.py:161} INFO - Processing /home/osboxes/.local/lib/python3.8/site-packages/airflow/example_dags/example_complex.py took 0.083 seconds
[2022-08-09 21:40:52,975] {processor.py:153} INFO - Started process (PID=349804) to work on /home/osboxes/.local/lib/python3.8/site-packages/airflow/example_dags/example_complex.py
[2022-08-09 21:40:52,976] {processor.py:641} INFO - Processing file /home/osboxes/.local/lib/python3.8/site-packages/airflow/example_dags/example_complex.py for tasks to queue
[2022-08-09 21:40:52,977] {logging_mixin.py:115} INFO - [2022-08-09 21:40:52,977] {dagbag.py:507} INFO - Filling up the DagBag from /home/osboxes/.local/lib/python3.8/site-packages/airflow/example_dags/example_complex.py
[2022-08-09 21:40:52,987] {processor.py:651} INFO - DAG(s) dict_keys(['example_complex']) retrieved from /home/osboxes/.local/lib/python3.8/site-packages/airflow/example_dags/example_complex.py
[2022-08-09 21:40:53,003] {logging_mixin.py:115} INFO - [2022-08-09 21:40:53,002] {dag.py:2371} INFO - Sync 1 DAGs
[2022-08-09 21:40:53,015] {logging_mixin.py:115} INFO - [2022-08-09 21:40:53,015] {dag.py:2915} INFO - Setting next_dagrun for example_complex to None, run_after=None
[2022-08-09 21:40:53,063] {processor.py:161} INFO - Processing /home/osboxes/.local/lib/python3.8/site-packages/airflow/example_dags/example_complex.py took 0.090 seconds
[2022-08-09 21:41:41,995] {processor.py:153} INFO - Started process (PID=350258) to work on /home/osboxes/.local/lib/python3.8/site-packages/airflow/example_dags/example_complex.py
[2022-08-09 21:41:41,997] {processor.py:641} INFO - Processing file /home/osboxes/.local/lib/python3.8/site-packages/airflow/example_dags/example_complex.py for tasks to queue
[2022-08-09 21:41:41,997] {logging_mixin.py:115} INFO - [2022-08-09 21:41:41,997] {dagbag.py:507} INFO - Filling up the DagBag from /home/osboxes/.local/lib/python3.8/site-packages/airflow/example_dags/example_complex.py
[2022-08-09 21:41:42,006] {processor.py:651} INFO - DAG(s) dict_keys(['example_complex']) retrieved from /home/osboxes/.local/lib/python3.8/site-packages/airflow/example_dags/example_complex.py
[2022-08-09 21:41:42,025] {logging_mixin.py:115} INFO - [2022-08-09 21:41:42,024] {dag.py:2371} INFO - Sync 1 DAGs
[2022-08-09 21:41:42,036] {logging_mixin.py:115} INFO - [2022-08-09 21:41:42,036] {dag.py:2915} INFO - Setting next_dagrun for example_complex to None, run_after=None
[2022-08-09 21:41:42,132] {processor.py:161} INFO - Processing /home/osboxes/.local/lib/python3.8/site-packages/airflow/example_dags/example_complex.py took 0.139 seconds
[2022-08-09 21:42:27,472] {processor.py:153} INFO - Started process (PID=350688) to work on /home/osboxes/.local/lib/python3.8/site-packages/airflow/example_dags/example_complex.py
[2022-08-09 21:42:27,473] {processor.py:641} INFO - Processing file /home/osboxes/.local/lib/python3.8/site-packages/airflow/example_dags/example_complex.py for tasks to queue
[2022-08-09 21:42:27,473] {logging_mixin.py:115} INFO - [2022-08-09 21:42:27,473] {dagbag.py:507} INFO - Filling up the DagBag from /home/osboxes/.local/lib/python3.8/site-packages/airflow/example_dags/example_complex.py
[2022-08-09 21:42:27,483] {processor.py:651} INFO - DAG(s) dict_keys(['example_complex']) retrieved from /home/osboxes/.local/lib/python3.8/site-packages/airflow/example_dags/example_complex.py
[2022-08-09 21:42:27,501] {logging_mixin.py:115} INFO - [2022-08-09 21:42:27,501] {dag.py:2371} INFO - Sync 1 DAGs
[2022-08-09 21:42:27,514] {logging_mixin.py:115} INFO - [2022-08-09 21:42:27,514] {dag.py:2915} INFO - Setting next_dagrun for example_complex to None, run_after=None
[2022-08-09 21:42:27,554] {processor.py:161} INFO - Processing /home/osboxes/.local/lib/python3.8/site-packages/airflow/example_dags/example_complex.py took 0.085 seconds
[2022-08-09 21:43:16,463] {processor.py:153} INFO - Started process (PID=351133) to work on /home/osboxes/.local/lib/python3.8/site-packages/airflow/example_dags/example_complex.py
[2022-08-09 21:43:16,474] {processor.py:641} INFO - Processing file /home/osboxes/.local/lib/python3.8/site-packages/airflow/example_dags/example_complex.py for tasks to queue
[2022-08-09 21:43:16,474] {logging_mixin.py:115} INFO - [2022-08-09 21:43:16,474] {dagbag.py:507} INFO - Filling up the DagBag from /home/osboxes/.local/lib/python3.8/site-packages/airflow/example_dags/example_complex.py
[2022-08-09 21:43:16,494] {processor.py:651} INFO - DAG(s) dict_keys(['example_complex']) retrieved from /home/osboxes/.local/lib/python3.8/site-packages/airflow/example_dags/example_complex.py
[2022-08-09 21:43:16,514] {logging_mixin.py:115} INFO - [2022-08-09 21:43:16,514] {dag.py:2371} INFO - Sync 1 DAGs
[2022-08-09 21:43:16,526] {logging_mixin.py:115} INFO - [2022-08-09 21:43:16,526] {dag.py:2915} INFO - Setting next_dagrun for example_complex to None, run_after=None
[2022-08-09 21:43:16,567] {processor.py:161} INFO - Processing /home/osboxes/.local/lib/python3.8/site-packages/airflow/example_dags/example_complex.py took 0.106 seconds
[2022-08-09 21:44:03,829] {processor.py:153} INFO - Started process (PID=351631) to work on /home/osboxes/.local/lib/python3.8/site-packages/airflow/example_dags/example_complex.py
[2022-08-09 21:44:03,831] {processor.py:641} INFO - Processing file /home/osboxes/.local/lib/python3.8/site-packages/airflow/example_dags/example_complex.py for tasks to queue
[2022-08-09 21:44:03,831] {logging_mixin.py:115} INFO - [2022-08-09 21:44:03,831] {dagbag.py:507} INFO - Filling up the DagBag from /home/osboxes/.local/lib/python3.8/site-packages/airflow/example_dags/example_complex.py
[2022-08-09 21:44:03,840] {processor.py:651} INFO - DAG(s) dict_keys(['example_complex']) retrieved from /home/osboxes/.local/lib/python3.8/site-packages/airflow/example_dags/example_complex.py
[2022-08-09 21:44:03,858] {logging_mixin.py:115} INFO - [2022-08-09 21:44:03,858] {dag.py:2371} INFO - Sync 1 DAGs
[2022-08-09 21:44:03,870] {logging_mixin.py:115} INFO - [2022-08-09 21:44:03,870] {dag.py:2915} INFO - Setting next_dagrun for example_complex to None, run_after=None
[2022-08-09 21:44:03,915] {processor.py:161} INFO - Processing /home/osboxes/.local/lib/python3.8/site-packages/airflow/example_dags/example_complex.py took 0.088 seconds
[2022-08-09 21:44:47,682] {processor.py:153} INFO - Started process (PID=352027) to work on /home/osboxes/.local/lib/python3.8/site-packages/airflow/example_dags/example_complex.py
[2022-08-09 21:44:47,683] {processor.py:641} INFO - Processing file /home/osboxes/.local/lib/python3.8/site-packages/airflow/example_dags/example_complex.py for tasks to queue
[2022-08-09 21:44:47,683] {logging_mixin.py:115} INFO - [2022-08-09 21:44:47,683] {dagbag.py:507} INFO - Filling up the DagBag from /home/osboxes/.local/lib/python3.8/site-packages/airflow/example_dags/example_complex.py
[2022-08-09 21:44:47,692] {processor.py:651} INFO - DAG(s) dict_keys(['example_complex']) retrieved from /home/osboxes/.local/lib/python3.8/site-packages/airflow/example_dags/example_complex.py
[2022-08-09 21:44:47,710] {logging_mixin.py:115} INFO - [2022-08-09 21:44:47,710] {dag.py:2371} INFO - Sync 1 DAGs
[2022-08-09 21:44:47,723] {logging_mixin.py:115} INFO - [2022-08-09 21:44:47,723] {dag.py:2915} INFO - Setting next_dagrun for example_complex to None, run_after=None
[2022-08-09 21:44:47,761] {processor.py:161} INFO - Processing /home/osboxes/.local/lib/python3.8/site-packages/airflow/example_dags/example_complex.py took 0.082 seconds
[2022-08-09 21:45:37,451] {processor.py:153} INFO - Started process (PID=352498) to work on /home/osboxes/.local/lib/python3.8/site-packages/airflow/example_dags/example_complex.py
[2022-08-09 21:45:37,453] {processor.py:641} INFO - Processing file /home/osboxes/.local/lib/python3.8/site-packages/airflow/example_dags/example_complex.py for tasks to queue
[2022-08-09 21:45:37,453] {logging_mixin.py:115} INFO - [2022-08-09 21:45:37,453] {dagbag.py:507} INFO - Filling up the DagBag from /home/osboxes/.local/lib/python3.8/site-packages/airflow/example_dags/example_complex.py
[2022-08-09 21:45:37,463] {processor.py:651} INFO - DAG(s) dict_keys(['example_complex']) retrieved from /home/osboxes/.local/lib/python3.8/site-packages/airflow/example_dags/example_complex.py
[2022-08-09 21:45:37,482] {logging_mixin.py:115} INFO - [2022-08-09 21:45:37,482] {dag.py:2371} INFO - Sync 1 DAGs
[2022-08-09 21:45:37,494] {logging_mixin.py:115} INFO - [2022-08-09 21:45:37,494] {dag.py:2915} INFO - Setting next_dagrun for example_complex to None, run_after=None
[2022-08-09 21:45:37,527] {processor.py:161} INFO - Processing /home/osboxes/.local/lib/python3.8/site-packages/airflow/example_dags/example_complex.py took 0.078 seconds
[2022-08-09 21:46:24,595] {processor.py:153} INFO - Started process (PID=352927) to work on /home/osboxes/.local/lib/python3.8/site-packages/airflow/example_dags/example_complex.py
[2022-08-09 21:46:24,597] {processor.py:641} INFO - Processing file /home/osboxes/.local/lib/python3.8/site-packages/airflow/example_dags/example_complex.py for tasks to queue
[2022-08-09 21:46:24,598] {logging_mixin.py:115} INFO - [2022-08-09 21:46:24,598] {dagbag.py:507} INFO - Filling up the DagBag from /home/osboxes/.local/lib/python3.8/site-packages/airflow/example_dags/example_complex.py
[2022-08-09 21:46:24,606] {processor.py:651} INFO - DAG(s) dict_keys(['example_complex']) retrieved from /home/osboxes/.local/lib/python3.8/site-packages/airflow/example_dags/example_complex.py
[2022-08-09 21:46:24,625] {logging_mixin.py:115} INFO - [2022-08-09 21:46:24,625] {dag.py:2371} INFO - Sync 1 DAGs
[2022-08-09 21:46:24,637] {logging_mixin.py:115} INFO - [2022-08-09 21:46:24,637] {dag.py:2915} INFO - Setting next_dagrun for example_complex to None, run_after=None
[2022-08-09 21:46:24,677] {processor.py:161} INFO - Processing /home/osboxes/.local/lib/python3.8/site-packages/airflow/example_dags/example_complex.py took 0.085 seconds
[2022-08-09 21:47:09,376] {processor.py:153} INFO - Started process (PID=353349) to work on /home/osboxes/.local/lib/python3.8/site-packages/airflow/example_dags/example_complex.py
[2022-08-09 21:47:09,377] {processor.py:641} INFO - Processing file /home/osboxes/.local/lib/python3.8/site-packages/airflow/example_dags/example_complex.py for tasks to queue
[2022-08-09 21:47:09,378] {logging_mixin.py:115} INFO - [2022-08-09 21:47:09,378] {dagbag.py:507} INFO - Filling up the DagBag from /home/osboxes/.local/lib/python3.8/site-packages/airflow/example_dags/example_complex.py
[2022-08-09 21:47:09,386] {processor.py:651} INFO - DAG(s) dict_keys(['example_complex']) retrieved from /home/osboxes/.local/lib/python3.8/site-packages/airflow/example_dags/example_complex.py
[2022-08-09 21:47:09,404] {logging_mixin.py:115} INFO - [2022-08-09 21:47:09,404] {dag.py:2371} INFO - Sync 1 DAGs
[2022-08-09 21:47:09,416] {logging_mixin.py:115} INFO - [2022-08-09 21:47:09,416] {dag.py:2915} INFO - Setting next_dagrun for example_complex to None, run_after=None
[2022-08-09 21:47:09,444] {processor.py:161} INFO - Processing /home/osboxes/.local/lib/python3.8/site-packages/airflow/example_dags/example_complex.py took 0.071 seconds
[2022-08-09 21:48:03,609] {processor.py:153} INFO - Started process (PID=353854) to work on /home/osboxes/.local/lib/python3.8/site-packages/airflow/example_dags/example_complex.py
[2022-08-09 21:48:03,615] {processor.py:641} INFO - Processing file /home/osboxes/.local/lib/python3.8/site-packages/airflow/example_dags/example_complex.py for tasks to queue
[2022-08-09 21:48:03,616] {logging_mixin.py:115} INFO - [2022-08-09 21:48:03,616] {dagbag.py:507} INFO - Filling up the DagBag from /home/osboxes/.local/lib/python3.8/site-packages/airflow/example_dags/example_complex.py
[2022-08-09 21:48:03,647] {processor.py:651} INFO - DAG(s) dict_keys(['example_complex']) retrieved from /home/osboxes/.local/lib/python3.8/site-packages/airflow/example_dags/example_complex.py
[2022-08-09 21:48:03,710] {logging_mixin.py:115} INFO - [2022-08-09 21:48:03,709] {dag.py:2371} INFO - Sync 1 DAGs
[2022-08-09 21:48:03,723] {logging_mixin.py:115} INFO - [2022-08-09 21:48:03,723] {dag.py:2915} INFO - Setting next_dagrun for example_complex to None, run_after=None
[2022-08-09 21:48:03,752] {processor.py:161} INFO - Processing /home/osboxes/.local/lib/python3.8/site-packages/airflow/example_dags/example_complex.py took 0.145 seconds
[2022-08-09 21:48:50,849] {processor.py:153} INFO - Started process (PID=354345) to work on /home/osboxes/.local/lib/python3.8/site-packages/airflow/example_dags/example_complex.py
[2022-08-09 21:48:50,851] {processor.py:641} INFO - Processing file /home/osboxes/.local/lib/python3.8/site-packages/airflow/example_dags/example_complex.py for tasks to queue
[2022-08-09 21:48:50,851] {logging_mixin.py:115} INFO - [2022-08-09 21:48:50,851] {dagbag.py:507} INFO - Filling up the DagBag from /home/osboxes/.local/lib/python3.8/site-packages/airflow/example_dags/example_complex.py
[2022-08-09 21:48:50,860] {processor.py:651} INFO - DAG(s) dict_keys(['example_complex']) retrieved from /home/osboxes/.local/lib/python3.8/site-packages/airflow/example_dags/example_complex.py
[2022-08-09 21:48:50,879] {logging_mixin.py:115} INFO - [2022-08-09 21:48:50,879] {dag.py:2371} INFO - Sync 1 DAGs
[2022-08-09 21:48:50,892] {logging_mixin.py:115} INFO - [2022-08-09 21:48:50,892] {dag.py:2915} INFO - Setting next_dagrun for example_complex to None, run_after=None
[2022-08-09 21:48:50,931] {processor.py:161} INFO - Processing /home/osboxes/.local/lib/python3.8/site-packages/airflow/example_dags/example_complex.py took 0.085 seconds
[2022-08-09 21:49:42,063] {processor.py:153} INFO - Started process (PID=354778) to work on /home/osboxes/.local/lib/python3.8/site-packages/airflow/example_dags/example_complex.py
[2022-08-09 21:49:42,064] {processor.py:641} INFO - Processing file /home/osboxes/.local/lib/python3.8/site-packages/airflow/example_dags/example_complex.py for tasks to queue
[2022-08-09 21:49:42,065] {logging_mixin.py:115} INFO - [2022-08-09 21:49:42,065] {dagbag.py:507} INFO - Filling up the DagBag from /home/osboxes/.local/lib/python3.8/site-packages/airflow/example_dags/example_complex.py
[2022-08-09 21:49:42,073] {processor.py:651} INFO - DAG(s) dict_keys(['example_complex']) retrieved from /home/osboxes/.local/lib/python3.8/site-packages/airflow/example_dags/example_complex.py
[2022-08-09 21:49:42,091] {logging_mixin.py:115} INFO - [2022-08-09 21:49:42,091] {dag.py:2371} INFO - Sync 1 DAGs
[2022-08-09 21:49:42,104] {logging_mixin.py:115} INFO - [2022-08-09 21:49:42,104] {dag.py:2915} INFO - Setting next_dagrun for example_complex to None, run_after=None
[2022-08-09 21:49:42,149] {processor.py:161} INFO - Processing /home/osboxes/.local/lib/python3.8/site-packages/airflow/example_dags/example_complex.py took 0.088 seconds
[2022-08-09 21:50:35,346] {processor.py:153} INFO - Started process (PID=355278) to work on /home/osboxes/.local/lib/python3.8/site-packages/airflow/example_dags/example_complex.py
[2022-08-09 21:50:35,348] {processor.py:641} INFO - Processing file /home/osboxes/.local/lib/python3.8/site-packages/airflow/example_dags/example_complex.py for tasks to queue
[2022-08-09 21:50:35,348] {logging_mixin.py:115} INFO - [2022-08-09 21:50:35,348] {dagbag.py:507} INFO - Filling up the DagBag from /home/osboxes/.local/lib/python3.8/site-packages/airflow/example_dags/example_complex.py
[2022-08-09 21:50:35,356] {processor.py:651} INFO - DAG(s) dict_keys(['example_complex']) retrieved from /home/osboxes/.local/lib/python3.8/site-packages/airflow/example_dags/example_complex.py
[2022-08-09 21:50:35,377] {logging_mixin.py:115} INFO - [2022-08-09 21:50:35,377] {dag.py:2371} INFO - Sync 1 DAGs
[2022-08-09 21:50:35,388] {logging_mixin.py:115} INFO - [2022-08-09 21:50:35,388] {dag.py:2915} INFO - Setting next_dagrun for example_complex to None, run_after=None
[2022-08-09 21:50:35,413] {processor.py:161} INFO - Processing /home/osboxes/.local/lib/python3.8/site-packages/airflow/example_dags/example_complex.py took 0.070 seconds
[2022-08-09 22:09:37,468] {processor.py:153} INFO - Started process (PID=355935) to work on /home/osboxes/.local/lib/python3.8/site-packages/airflow/example_dags/example_complex.py
[2022-08-09 22:09:37,506] {processor.py:641} INFO - Processing file /home/osboxes/.local/lib/python3.8/site-packages/airflow/example_dags/example_complex.py for tasks to queue
[2022-08-09 22:09:37,506] {logging_mixin.py:115} INFO - [2022-08-09 22:09:37,506] {dagbag.py:507} INFO - Filling up the DagBag from /home/osboxes/.local/lib/python3.8/site-packages/airflow/example_dags/example_complex.py
[2022-08-09 22:09:37,515] {processor.py:651} INFO - DAG(s) dict_keys(['example_complex']) retrieved from /home/osboxes/.local/lib/python3.8/site-packages/airflow/example_dags/example_complex.py
[2022-08-09 22:09:37,622] {logging_mixin.py:115} INFO - [2022-08-09 22:09:37,622] {dag.py:2371} INFO - Sync 1 DAGs
[2022-08-09 22:09:37,736] {logging_mixin.py:115} INFO - [2022-08-09 22:09:37,736] {dag.py:2915} INFO - Setting next_dagrun for example_complex to None, run_after=None
[2022-08-09 22:09:37,802] {processor.py:161} INFO - Processing /home/osboxes/.local/lib/python3.8/site-packages/airflow/example_dags/example_complex.py took 0.337 seconds
[2022-08-09 22:10:20,834] {processor.py:153} INFO - Started process (PID=356368) to work on /home/osboxes/.local/lib/python3.8/site-packages/airflow/example_dags/example_complex.py
[2022-08-09 22:10:20,836] {processor.py:641} INFO - Processing file /home/osboxes/.local/lib/python3.8/site-packages/airflow/example_dags/example_complex.py for tasks to queue
[2022-08-09 22:10:20,836] {logging_mixin.py:115} INFO - [2022-08-09 22:10:20,836] {dagbag.py:507} INFO - Filling up the DagBag from /home/osboxes/.local/lib/python3.8/site-packages/airflow/example_dags/example_complex.py
[2022-08-09 22:10:20,845] {processor.py:651} INFO - DAG(s) dict_keys(['example_complex']) retrieved from /home/osboxes/.local/lib/python3.8/site-packages/airflow/example_dags/example_complex.py
[2022-08-09 22:10:20,864] {logging_mixin.py:115} INFO - [2022-08-09 22:10:20,864] {dag.py:2371} INFO - Sync 1 DAGs
[2022-08-09 22:10:20,875] {logging_mixin.py:115} INFO - [2022-08-09 22:10:20,875] {dag.py:2915} INFO - Setting next_dagrun for example_complex to None, run_after=None
[2022-08-09 22:10:20,911] {processor.py:161} INFO - Processing /home/osboxes/.local/lib/python3.8/site-packages/airflow/example_dags/example_complex.py took 0.079 seconds
[2022-08-09 22:11:06,453] {processor.py:153} INFO - Started process (PID=356801) to work on /home/osboxes/.local/lib/python3.8/site-packages/airflow/example_dags/example_complex.py
[2022-08-09 22:11:06,454] {processor.py:641} INFO - Processing file /home/osboxes/.local/lib/python3.8/site-packages/airflow/example_dags/example_complex.py for tasks to queue
[2022-08-09 22:11:06,455] {logging_mixin.py:115} INFO - [2022-08-09 22:11:06,455] {dagbag.py:507} INFO - Filling up the DagBag from /home/osboxes/.local/lib/python3.8/site-packages/airflow/example_dags/example_complex.py
[2022-08-09 22:11:06,463] {processor.py:651} INFO - DAG(s) dict_keys(['example_complex']) retrieved from /home/osboxes/.local/lib/python3.8/site-packages/airflow/example_dags/example_complex.py
[2022-08-09 22:11:06,483] {logging_mixin.py:115} INFO - [2022-08-09 22:11:06,483] {dag.py:2371} INFO - Sync 1 DAGs
[2022-08-09 22:11:06,495] {logging_mixin.py:115} INFO - [2022-08-09 22:11:06,495] {dag.py:2915} INFO - Setting next_dagrun for example_complex to None, run_after=None
[2022-08-09 22:11:06,532] {processor.py:161} INFO - Processing /home/osboxes/.local/lib/python3.8/site-packages/airflow/example_dags/example_complex.py took 0.081 seconds
[2022-08-09 22:11:52,295] {processor.py:153} INFO - Started process (PID=357258) to work on /home/osboxes/.local/lib/python3.8/site-packages/airflow/example_dags/example_complex.py
[2022-08-09 22:11:52,297] {processor.py:641} INFO - Processing file /home/osboxes/.local/lib/python3.8/site-packages/airflow/example_dags/example_complex.py for tasks to queue
[2022-08-09 22:11:52,297] {logging_mixin.py:115} INFO - [2022-08-09 22:11:52,297] {dagbag.py:507} INFO - Filling up the DagBag from /home/osboxes/.local/lib/python3.8/site-packages/airflow/example_dags/example_complex.py
[2022-08-09 22:11:52,308] {processor.py:651} INFO - DAG(s) dict_keys(['example_complex']) retrieved from /home/osboxes/.local/lib/python3.8/site-packages/airflow/example_dags/example_complex.py
[2022-08-09 22:11:52,336] {logging_mixin.py:115} INFO - [2022-08-09 22:11:52,336] {dag.py:2371} INFO - Sync 1 DAGs
[2022-08-09 22:11:52,351] {logging_mixin.py:115} INFO - [2022-08-09 22:11:52,351] {dag.py:2915} INFO - Setting next_dagrun for example_complex to None, run_after=None
[2022-08-09 22:11:52,380] {processor.py:161} INFO - Processing /home/osboxes/.local/lib/python3.8/site-packages/airflow/example_dags/example_complex.py took 0.087 seconds
[2022-08-09 22:12:44,251] {processor.py:153} INFO - Started process (PID=357744) to work on /home/osboxes/.local/lib/python3.8/site-packages/airflow/example_dags/example_complex.py
[2022-08-09 22:12:44,253] {processor.py:641} INFO - Processing file /home/osboxes/.local/lib/python3.8/site-packages/airflow/example_dags/example_complex.py for tasks to queue
[2022-08-09 22:12:44,254] {logging_mixin.py:115} INFO - [2022-08-09 22:12:44,254] {dagbag.py:507} INFO - Filling up the DagBag from /home/osboxes/.local/lib/python3.8/site-packages/airflow/example_dags/example_complex.py
[2022-08-09 22:12:44,265] {processor.py:651} INFO - DAG(s) dict_keys(['example_complex']) retrieved from /home/osboxes/.local/lib/python3.8/site-packages/airflow/example_dags/example_complex.py
[2022-08-09 22:12:44,284] {logging_mixin.py:115} INFO - [2022-08-09 22:12:44,284] {dag.py:2371} INFO - Sync 1 DAGs
[2022-08-09 22:12:44,297] {logging_mixin.py:115} INFO - [2022-08-09 22:12:44,296] {dag.py:2915} INFO - Setting next_dagrun for example_complex to None, run_after=None
[2022-08-09 22:12:44,335] {processor.py:161} INFO - Processing /home/osboxes/.local/lib/python3.8/site-packages/airflow/example_dags/example_complex.py took 0.086 seconds
[2022-08-09 22:13:33,185] {processor.py:153} INFO - Started process (PID=358193) to work on /home/osboxes/.local/lib/python3.8/site-packages/airflow/example_dags/example_complex.py
[2022-08-09 22:13:33,186] {processor.py:641} INFO - Processing file /home/osboxes/.local/lib/python3.8/site-packages/airflow/example_dags/example_complex.py for tasks to queue
[2022-08-09 22:13:33,187] {logging_mixin.py:115} INFO - [2022-08-09 22:13:33,187] {dagbag.py:507} INFO - Filling up the DagBag from /home/osboxes/.local/lib/python3.8/site-packages/airflow/example_dags/example_complex.py
[2022-08-09 22:13:33,199] {processor.py:651} INFO - DAG(s) dict_keys(['example_complex']) retrieved from /home/osboxes/.local/lib/python3.8/site-packages/airflow/example_dags/example_complex.py
[2022-08-09 22:13:33,232] {logging_mixin.py:115} INFO - [2022-08-09 22:13:33,232] {dag.py:2371} INFO - Sync 1 DAGs
[2022-08-09 22:13:33,251] {logging_mixin.py:115} INFO - [2022-08-09 22:13:33,251] {dag.py:2915} INFO - Setting next_dagrun for example_complex to None, run_after=None
[2022-08-09 22:13:33,285] {processor.py:161} INFO - Processing /home/osboxes/.local/lib/python3.8/site-packages/airflow/example_dags/example_complex.py took 0.104 seconds
