[2022-08-09 21:18:23,663] {processor.py:153} INFO - Started process (PID=337067) to work on /home/osboxes/.local/lib/python3.8/site-packages/airflow/example_dags/example_local_kubernetes_executor.py
[2022-08-09 21:18:23,664] {processor.py:641} INFO - Processing file /home/osboxes/.local/lib/python3.8/site-packages/airflow/example_dags/example_local_kubernetes_executor.py for tasks to queue
[2022-08-09 21:18:23,664] {logging_mixin.py:115} INFO - [2022-08-09 21:18:23,664] {dagbag.py:507} INFO - Filling up the DagBag from /home/osboxes/.local/lib/python3.8/site-packages/airflow/example_dags/example_local_kubernetes_executor.py
[2022-08-09 21:18:23,677] {processor.py:651} INFO - DAG(s) dict_keys(['example_local_kubernetes_executor']) retrieved from /home/osboxes/.local/lib/python3.8/site-packages/airflow/example_dags/example_local_kubernetes_executor.py
[2022-08-09 21:18:23,691] {logging_mixin.py:115} INFO - [2022-08-09 21:18:23,691] {dag.py:2371} INFO - Sync 1 DAGs
[2022-08-09 21:18:23,703] {logging_mixin.py:115} INFO - [2022-08-09 21:18:23,702] {dag.py:2915} INFO - Setting next_dagrun for example_local_kubernetes_executor to None, run_after=None
[2022-08-09 21:18:23,732] {processor.py:161} INFO - Processing /home/osboxes/.local/lib/python3.8/site-packages/airflow/example_dags/example_local_kubernetes_executor.py took 0.071 seconds
[2022-08-09 21:19:06,438] {processor.py:153} INFO - Started process (PID=337523) to work on /home/osboxes/.local/lib/python3.8/site-packages/airflow/example_dags/example_local_kubernetes_executor.py
[2022-08-09 21:19:06,439] {processor.py:641} INFO - Processing file /home/osboxes/.local/lib/python3.8/site-packages/airflow/example_dags/example_local_kubernetes_executor.py for tasks to queue
[2022-08-09 21:19:06,440] {logging_mixin.py:115} INFO - [2022-08-09 21:19:06,440] {dagbag.py:507} INFO - Filling up the DagBag from /home/osboxes/.local/lib/python3.8/site-packages/airflow/example_dags/example_local_kubernetes_executor.py
[2022-08-09 21:19:06,454] {processor.py:651} INFO - DAG(s) dict_keys(['example_local_kubernetes_executor']) retrieved from /home/osboxes/.local/lib/python3.8/site-packages/airflow/example_dags/example_local_kubernetes_executor.py
[2022-08-09 21:19:06,468] {logging_mixin.py:115} INFO - [2022-08-09 21:19:06,468] {dag.py:2371} INFO - Sync 1 DAGs
[2022-08-09 21:19:06,481] {logging_mixin.py:115} INFO - [2022-08-09 21:19:06,481] {dag.py:2915} INFO - Setting next_dagrun for example_local_kubernetes_executor to None, run_after=None
[2022-08-09 21:19:06,527] {processor.py:161} INFO - Processing /home/osboxes/.local/lib/python3.8/site-packages/airflow/example_dags/example_local_kubernetes_executor.py took 0.093 seconds
[2022-08-09 21:19:47,774] {processor.py:153} INFO - Started process (PID=337897) to work on /home/osboxes/.local/lib/python3.8/site-packages/airflow/example_dags/example_local_kubernetes_executor.py
[2022-08-09 21:19:47,776] {processor.py:641} INFO - Processing file /home/osboxes/.local/lib/python3.8/site-packages/airflow/example_dags/example_local_kubernetes_executor.py for tasks to queue
[2022-08-09 21:19:47,777] {logging_mixin.py:115} INFO - [2022-08-09 21:19:47,777] {dagbag.py:507} INFO - Filling up the DagBag from /home/osboxes/.local/lib/python3.8/site-packages/airflow/example_dags/example_local_kubernetes_executor.py
[2022-08-09 21:19:47,790] {processor.py:651} INFO - DAG(s) dict_keys(['example_local_kubernetes_executor']) retrieved from /home/osboxes/.local/lib/python3.8/site-packages/airflow/example_dags/example_local_kubernetes_executor.py
[2022-08-09 21:19:47,806] {logging_mixin.py:115} INFO - [2022-08-09 21:19:47,806] {dag.py:2371} INFO - Sync 1 DAGs
[2022-08-09 21:19:47,818] {logging_mixin.py:115} INFO - [2022-08-09 21:19:47,817] {dag.py:2915} INFO - Setting next_dagrun for example_local_kubernetes_executor to None, run_after=None
[2022-08-09 21:19:47,856] {processor.py:161} INFO - Processing /home/osboxes/.local/lib/python3.8/site-packages/airflow/example_dags/example_local_kubernetes_executor.py took 0.084 seconds
[2022-08-09 21:20:28,361] {processor.py:153} INFO - Started process (PID=338264) to work on /home/osboxes/.local/lib/python3.8/site-packages/airflow/example_dags/example_local_kubernetes_executor.py
[2022-08-09 21:20:28,363] {processor.py:641} INFO - Processing file /home/osboxes/.local/lib/python3.8/site-packages/airflow/example_dags/example_local_kubernetes_executor.py for tasks to queue
[2022-08-09 21:20:28,363] {logging_mixin.py:115} INFO - [2022-08-09 21:20:28,363] {dagbag.py:507} INFO - Filling up the DagBag from /home/osboxes/.local/lib/python3.8/site-packages/airflow/example_dags/example_local_kubernetes_executor.py
[2022-08-09 21:20:28,376] {processor.py:651} INFO - DAG(s) dict_keys(['example_local_kubernetes_executor']) retrieved from /home/osboxes/.local/lib/python3.8/site-packages/airflow/example_dags/example_local_kubernetes_executor.py
[2022-08-09 21:20:28,394] {logging_mixin.py:115} INFO - [2022-08-09 21:20:28,393] {dag.py:2371} INFO - Sync 1 DAGs
[2022-08-09 21:20:28,407] {logging_mixin.py:115} INFO - [2022-08-09 21:20:28,406] {dag.py:2915} INFO - Setting next_dagrun for example_local_kubernetes_executor to None, run_after=None
[2022-08-09 21:20:28,439] {processor.py:161} INFO - Processing /home/osboxes/.local/lib/python3.8/site-packages/airflow/example_dags/example_local_kubernetes_executor.py took 0.081 seconds
[2022-08-09 21:21:06,823] {processor.py:153} INFO - Started process (PID=338626) to work on /home/osboxes/.local/lib/python3.8/site-packages/airflow/example_dags/example_local_kubernetes_executor.py
[2022-08-09 21:21:06,824] {processor.py:641} INFO - Processing file /home/osboxes/.local/lib/python3.8/site-packages/airflow/example_dags/example_local_kubernetes_executor.py for tasks to queue
[2022-08-09 21:21:06,825] {logging_mixin.py:115} INFO - [2022-08-09 21:21:06,825] {dagbag.py:507} INFO - Filling up the DagBag from /home/osboxes/.local/lib/python3.8/site-packages/airflow/example_dags/example_local_kubernetes_executor.py
[2022-08-09 21:21:06,838] {processor.py:651} INFO - DAG(s) dict_keys(['example_local_kubernetes_executor']) retrieved from /home/osboxes/.local/lib/python3.8/site-packages/airflow/example_dags/example_local_kubernetes_executor.py
[2022-08-09 21:21:06,854] {logging_mixin.py:115} INFO - [2022-08-09 21:21:06,854] {dag.py:2371} INFO - Sync 1 DAGs
[2022-08-09 21:21:06,866] {logging_mixin.py:115} INFO - [2022-08-09 21:21:06,866] {dag.py:2915} INFO - Setting next_dagrun for example_local_kubernetes_executor to None, run_after=None
[2022-08-09 21:21:06,903] {processor.py:161} INFO - Processing /home/osboxes/.local/lib/python3.8/site-packages/airflow/example_dags/example_local_kubernetes_executor.py took 0.082 seconds
[2022-08-09 21:21:44,688] {processor.py:153} INFO - Started process (PID=338963) to work on /home/osboxes/.local/lib/python3.8/site-packages/airflow/example_dags/example_local_kubernetes_executor.py
[2022-08-09 21:21:44,690] {processor.py:641} INFO - Processing file /home/osboxes/.local/lib/python3.8/site-packages/airflow/example_dags/example_local_kubernetes_executor.py for tasks to queue
[2022-08-09 21:21:44,690] {logging_mixin.py:115} INFO - [2022-08-09 21:21:44,690] {dagbag.py:507} INFO - Filling up the DagBag from /home/osboxes/.local/lib/python3.8/site-packages/airflow/example_dags/example_local_kubernetes_executor.py
[2022-08-09 21:21:44,704] {processor.py:651} INFO - DAG(s) dict_keys(['example_local_kubernetes_executor']) retrieved from /home/osboxes/.local/lib/python3.8/site-packages/airflow/example_dags/example_local_kubernetes_executor.py
[2022-08-09 21:21:44,718] {logging_mixin.py:115} INFO - [2022-08-09 21:21:44,718] {dag.py:2371} INFO - Sync 1 DAGs
[2022-08-09 21:21:44,732] {logging_mixin.py:115} INFO - [2022-08-09 21:21:44,732] {dag.py:2915} INFO - Setting next_dagrun for example_local_kubernetes_executor to None, run_after=None
[2022-08-09 21:21:44,775] {processor.py:161} INFO - Processing /home/osboxes/.local/lib/python3.8/site-packages/airflow/example_dags/example_local_kubernetes_executor.py took 0.089 seconds
[2022-08-09 21:22:28,457] {processor.py:153} INFO - Started process (PID=339368) to work on /home/osboxes/.local/lib/python3.8/site-packages/airflow/example_dags/example_local_kubernetes_executor.py
[2022-08-09 21:22:28,463] {processor.py:641} INFO - Processing file /home/osboxes/.local/lib/python3.8/site-packages/airflow/example_dags/example_local_kubernetes_executor.py for tasks to queue
[2022-08-09 21:22:28,464] {logging_mixin.py:115} INFO - [2022-08-09 21:22:28,464] {dagbag.py:507} INFO - Filling up the DagBag from /home/osboxes/.local/lib/python3.8/site-packages/airflow/example_dags/example_local_kubernetes_executor.py
[2022-08-09 21:22:28,530] {processor.py:651} INFO - DAG(s) dict_keys(['example_local_kubernetes_executor']) retrieved from /home/osboxes/.local/lib/python3.8/site-packages/airflow/example_dags/example_local_kubernetes_executor.py
[2022-08-09 21:22:28,586] {logging_mixin.py:115} INFO - [2022-08-09 21:22:28,586] {dag.py:2371} INFO - Sync 1 DAGs
[2022-08-09 21:22:28,618] {logging_mixin.py:115} INFO - [2022-08-09 21:22:28,618] {dag.py:2915} INFO - Setting next_dagrun for example_local_kubernetes_executor to None, run_after=None
[2022-08-09 21:22:28,671] {processor.py:161} INFO - Processing /home/osboxes/.local/lib/python3.8/site-packages/airflow/example_dags/example_local_kubernetes_executor.py took 0.216 seconds
[2022-08-09 21:23:06,091] {processor.py:153} INFO - Started process (PID=339734) to work on /home/osboxes/.local/lib/python3.8/site-packages/airflow/example_dags/example_local_kubernetes_executor.py
[2022-08-09 21:23:06,093] {processor.py:641} INFO - Processing file /home/osboxes/.local/lib/python3.8/site-packages/airflow/example_dags/example_local_kubernetes_executor.py for tasks to queue
[2022-08-09 21:23:06,093] {logging_mixin.py:115} INFO - [2022-08-09 21:23:06,093] {dagbag.py:507} INFO - Filling up the DagBag from /home/osboxes/.local/lib/python3.8/site-packages/airflow/example_dags/example_local_kubernetes_executor.py
[2022-08-09 21:23:06,107] {processor.py:651} INFO - DAG(s) dict_keys(['example_local_kubernetes_executor']) retrieved from /home/osboxes/.local/lib/python3.8/site-packages/airflow/example_dags/example_local_kubernetes_executor.py
[2022-08-09 21:23:06,122] {logging_mixin.py:115} INFO - [2022-08-09 21:23:06,122] {dag.py:2371} INFO - Sync 1 DAGs
[2022-08-09 21:23:06,135] {logging_mixin.py:115} INFO - [2022-08-09 21:23:06,135] {dag.py:2915} INFO - Setting next_dagrun for example_local_kubernetes_executor to None, run_after=None
[2022-08-09 21:23:06,168] {processor.py:161} INFO - Processing /home/osboxes/.local/lib/python3.8/site-packages/airflow/example_dags/example_local_kubernetes_executor.py took 0.079 seconds
[2022-08-09 21:23:44,478] {processor.py:153} INFO - Started process (PID=340143) to work on /home/osboxes/.local/lib/python3.8/site-packages/airflow/example_dags/example_local_kubernetes_executor.py
[2022-08-09 21:23:44,480] {processor.py:641} INFO - Processing file /home/osboxes/.local/lib/python3.8/site-packages/airflow/example_dags/example_local_kubernetes_executor.py for tasks to queue
[2022-08-09 21:23:44,480] {logging_mixin.py:115} INFO - [2022-08-09 21:23:44,480] {dagbag.py:507} INFO - Filling up the DagBag from /home/osboxes/.local/lib/python3.8/site-packages/airflow/example_dags/example_local_kubernetes_executor.py
[2022-08-09 21:23:44,494] {processor.py:651} INFO - DAG(s) dict_keys(['example_local_kubernetes_executor']) retrieved from /home/osboxes/.local/lib/python3.8/site-packages/airflow/example_dags/example_local_kubernetes_executor.py
[2022-08-09 21:23:44,511] {logging_mixin.py:115} INFO - [2022-08-09 21:23:44,510] {dag.py:2371} INFO - Sync 1 DAGs
[2022-08-09 21:23:44,522] {logging_mixin.py:115} INFO - [2022-08-09 21:23:44,522] {dag.py:2915} INFO - Setting next_dagrun for example_local_kubernetes_executor to None, run_after=None
[2022-08-09 21:23:44,568] {processor.py:161} INFO - Processing /home/osboxes/.local/lib/python3.8/site-packages/airflow/example_dags/example_local_kubernetes_executor.py took 0.093 seconds
[2022-08-09 21:24:22,797] {processor.py:153} INFO - Started process (PID=340498) to work on /home/osboxes/.local/lib/python3.8/site-packages/airflow/example_dags/example_local_kubernetes_executor.py
[2022-08-09 21:24:22,798] {processor.py:641} INFO - Processing file /home/osboxes/.local/lib/python3.8/site-packages/airflow/example_dags/example_local_kubernetes_executor.py for tasks to queue
[2022-08-09 21:24:22,798] {logging_mixin.py:115} INFO - [2022-08-09 21:24:22,798] {dagbag.py:507} INFO - Filling up the DagBag from /home/osboxes/.local/lib/python3.8/site-packages/airflow/example_dags/example_local_kubernetes_executor.py
[2022-08-09 21:24:22,812] {processor.py:651} INFO - DAG(s) dict_keys(['example_local_kubernetes_executor']) retrieved from /home/osboxes/.local/lib/python3.8/site-packages/airflow/example_dags/example_local_kubernetes_executor.py
[2022-08-09 21:24:22,827] {logging_mixin.py:115} INFO - [2022-08-09 21:24:22,826] {dag.py:2371} INFO - Sync 1 DAGs
[2022-08-09 21:24:22,840] {logging_mixin.py:115} INFO - [2022-08-09 21:24:22,840] {dag.py:2915} INFO - Setting next_dagrun for example_local_kubernetes_executor to None, run_after=None
[2022-08-09 21:24:22,881] {processor.py:161} INFO - Processing /home/osboxes/.local/lib/python3.8/site-packages/airflow/example_dags/example_local_kubernetes_executor.py took 0.088 seconds
[2022-08-09 21:25:04,560] {processor.py:153} INFO - Started process (PID=340883) to work on /home/osboxes/.local/lib/python3.8/site-packages/airflow/example_dags/example_local_kubernetes_executor.py
[2022-08-09 21:25:04,562] {processor.py:641} INFO - Processing file /home/osboxes/.local/lib/python3.8/site-packages/airflow/example_dags/example_local_kubernetes_executor.py for tasks to queue
[2022-08-09 21:25:04,562] {logging_mixin.py:115} INFO - [2022-08-09 21:25:04,562] {dagbag.py:507} INFO - Filling up the DagBag from /home/osboxes/.local/lib/python3.8/site-packages/airflow/example_dags/example_local_kubernetes_executor.py
[2022-08-09 21:25:04,576] {processor.py:651} INFO - DAG(s) dict_keys(['example_local_kubernetes_executor']) retrieved from /home/osboxes/.local/lib/python3.8/site-packages/airflow/example_dags/example_local_kubernetes_executor.py
[2022-08-09 21:25:04,590] {logging_mixin.py:115} INFO - [2022-08-09 21:25:04,590] {dag.py:2371} INFO - Sync 1 DAGs
[2022-08-09 21:25:04,603] {logging_mixin.py:115} INFO - [2022-08-09 21:25:04,602] {dag.py:2915} INFO - Setting next_dagrun for example_local_kubernetes_executor to None, run_after=None
[2022-08-09 21:25:04,640] {processor.py:161} INFO - Processing /home/osboxes/.local/lib/python3.8/site-packages/airflow/example_dags/example_local_kubernetes_executor.py took 0.083 seconds
[2022-08-09 21:25:38,852] {processor.py:153} INFO - Started process (PID=341189) to work on /home/osboxes/.local/lib/python3.8/site-packages/airflow/example_dags/example_local_kubernetes_executor.py
[2022-08-09 21:25:38,854] {processor.py:641} INFO - Processing file /home/osboxes/.local/lib/python3.8/site-packages/airflow/example_dags/example_local_kubernetes_executor.py for tasks to queue
[2022-08-09 21:25:38,854] {logging_mixin.py:115} INFO - [2022-08-09 21:25:38,854] {dagbag.py:507} INFO - Filling up the DagBag from /home/osboxes/.local/lib/python3.8/site-packages/airflow/example_dags/example_local_kubernetes_executor.py
[2022-08-09 21:25:38,867] {processor.py:651} INFO - DAG(s) dict_keys(['example_local_kubernetes_executor']) retrieved from /home/osboxes/.local/lib/python3.8/site-packages/airflow/example_dags/example_local_kubernetes_executor.py
[2022-08-09 21:25:38,881] {logging_mixin.py:115} INFO - [2022-08-09 21:25:38,881] {dag.py:2371} INFO - Sync 1 DAGs
[2022-08-09 21:25:38,895] {logging_mixin.py:115} INFO - [2022-08-09 21:25:38,892] {dag.py:2915} INFO - Setting next_dagrun for example_local_kubernetes_executor to None, run_after=None
[2022-08-09 21:25:38,924] {processor.py:161} INFO - Processing /home/osboxes/.local/lib/python3.8/site-packages/airflow/example_dags/example_local_kubernetes_executor.py took 0.075 seconds
[2022-08-09 21:26:14,407] {processor.py:153} INFO - Started process (PID=341521) to work on /home/osboxes/.local/lib/python3.8/site-packages/airflow/example_dags/example_local_kubernetes_executor.py
[2022-08-09 21:26:14,408] {processor.py:641} INFO - Processing file /home/osboxes/.local/lib/python3.8/site-packages/airflow/example_dags/example_local_kubernetes_executor.py for tasks to queue
[2022-08-09 21:26:14,408] {logging_mixin.py:115} INFO - [2022-08-09 21:26:14,408] {dagbag.py:507} INFO - Filling up the DagBag from /home/osboxes/.local/lib/python3.8/site-packages/airflow/example_dags/example_local_kubernetes_executor.py
[2022-08-09 21:26:14,423] {processor.py:651} INFO - DAG(s) dict_keys(['example_local_kubernetes_executor']) retrieved from /home/osboxes/.local/lib/python3.8/site-packages/airflow/example_dags/example_local_kubernetes_executor.py
[2022-08-09 21:26:14,438] {logging_mixin.py:115} INFO - [2022-08-09 21:26:14,438] {dag.py:2371} INFO - Sync 1 DAGs
[2022-08-09 21:26:14,450] {logging_mixin.py:115} INFO - [2022-08-09 21:26:14,450] {dag.py:2915} INFO - Setting next_dagrun for example_local_kubernetes_executor to None, run_after=None
[2022-08-09 21:26:14,489] {processor.py:161} INFO - Processing /home/osboxes/.local/lib/python3.8/site-packages/airflow/example_dags/example_local_kubernetes_executor.py took 0.086 seconds
[2022-08-09 21:26:51,620] {processor.py:153} INFO - Started process (PID=341862) to work on /home/osboxes/.local/lib/python3.8/site-packages/airflow/example_dags/example_local_kubernetes_executor.py
[2022-08-09 21:26:51,621] {processor.py:641} INFO - Processing file /home/osboxes/.local/lib/python3.8/site-packages/airflow/example_dags/example_local_kubernetes_executor.py for tasks to queue
[2022-08-09 21:26:51,622] {logging_mixin.py:115} INFO - [2022-08-09 21:26:51,622] {dagbag.py:507} INFO - Filling up the DagBag from /home/osboxes/.local/lib/python3.8/site-packages/airflow/example_dags/example_local_kubernetes_executor.py
[2022-08-09 21:26:51,648] {processor.py:651} INFO - DAG(s) dict_keys(['example_local_kubernetes_executor']) retrieved from /home/osboxes/.local/lib/python3.8/site-packages/airflow/example_dags/example_local_kubernetes_executor.py
[2022-08-09 21:26:51,674] {logging_mixin.py:115} INFO - [2022-08-09 21:26:51,674] {dag.py:2371} INFO - Sync 1 DAGs
[2022-08-09 21:26:51,687] {logging_mixin.py:115} INFO - [2022-08-09 21:26:51,687] {dag.py:2915} INFO - Setting next_dagrun for example_local_kubernetes_executor to None, run_after=None
[2022-08-09 21:26:51,718] {processor.py:161} INFO - Processing /home/osboxes/.local/lib/python3.8/site-packages/airflow/example_dags/example_local_kubernetes_executor.py took 0.101 seconds
[2022-08-09 21:27:37,459] {processor.py:153} INFO - Started process (PID=342337) to work on /home/osboxes/.local/lib/python3.8/site-packages/airflow/example_dags/example_local_kubernetes_executor.py
[2022-08-09 21:27:37,460] {processor.py:641} INFO - Processing file /home/osboxes/.local/lib/python3.8/site-packages/airflow/example_dags/example_local_kubernetes_executor.py for tasks to queue
[2022-08-09 21:27:37,461] {logging_mixin.py:115} INFO - [2022-08-09 21:27:37,461] {dagbag.py:507} INFO - Filling up the DagBag from /home/osboxes/.local/lib/python3.8/site-packages/airflow/example_dags/example_local_kubernetes_executor.py
[2022-08-09 21:27:37,475] {processor.py:651} INFO - DAG(s) dict_keys(['example_local_kubernetes_executor']) retrieved from /home/osboxes/.local/lib/python3.8/site-packages/airflow/example_dags/example_local_kubernetes_executor.py
[2022-08-09 21:27:37,491] {logging_mixin.py:115} INFO - [2022-08-09 21:27:37,491] {dag.py:2371} INFO - Sync 1 DAGs
[2022-08-09 21:27:37,503] {logging_mixin.py:115} INFO - [2022-08-09 21:27:37,503] {dag.py:2915} INFO - Setting next_dagrun for example_local_kubernetes_executor to None, run_after=None
[2022-08-09 21:27:37,541] {processor.py:161} INFO - Processing /home/osboxes/.local/lib/python3.8/site-packages/airflow/example_dags/example_local_kubernetes_executor.py took 0.085 seconds
[2022-08-09 21:28:15,544] {processor.py:153} INFO - Started process (PID=342712) to work on /home/osboxes/.local/lib/python3.8/site-packages/airflow/example_dags/example_local_kubernetes_executor.py
[2022-08-09 21:28:15,547] {processor.py:641} INFO - Processing file /home/osboxes/.local/lib/python3.8/site-packages/airflow/example_dags/example_local_kubernetes_executor.py for tasks to queue
[2022-08-09 21:28:15,547] {logging_mixin.py:115} INFO - [2022-08-09 21:28:15,547] {dagbag.py:507} INFO - Filling up the DagBag from /home/osboxes/.local/lib/python3.8/site-packages/airflow/example_dags/example_local_kubernetes_executor.py
[2022-08-09 21:28:15,561] {processor.py:651} INFO - DAG(s) dict_keys(['example_local_kubernetes_executor']) retrieved from /home/osboxes/.local/lib/python3.8/site-packages/airflow/example_dags/example_local_kubernetes_executor.py
[2022-08-09 21:28:15,576] {logging_mixin.py:115} INFO - [2022-08-09 21:28:15,576] {dag.py:2371} INFO - Sync 1 DAGs
[2022-08-09 21:28:15,595] {logging_mixin.py:115} INFO - [2022-08-09 21:28:15,595] {dag.py:2915} INFO - Setting next_dagrun for example_local_kubernetes_executor to None, run_after=None
[2022-08-09 21:28:15,636] {processor.py:161} INFO - Processing /home/osboxes/.local/lib/python3.8/site-packages/airflow/example_dags/example_local_kubernetes_executor.py took 0.095 seconds
[2022-08-09 21:28:53,658] {processor.py:153} INFO - Started process (PID=343113) to work on /home/osboxes/.local/lib/python3.8/site-packages/airflow/example_dags/example_local_kubernetes_executor.py
[2022-08-09 21:28:53,661] {processor.py:641} INFO - Processing file /home/osboxes/.local/lib/python3.8/site-packages/airflow/example_dags/example_local_kubernetes_executor.py for tasks to queue
[2022-08-09 21:28:53,662] {logging_mixin.py:115} INFO - [2022-08-09 21:28:53,662] {dagbag.py:507} INFO - Filling up the DagBag from /home/osboxes/.local/lib/python3.8/site-packages/airflow/example_dags/example_local_kubernetes_executor.py
[2022-08-09 21:28:53,674] {processor.py:651} INFO - DAG(s) dict_keys(['example_local_kubernetes_executor']) retrieved from /home/osboxes/.local/lib/python3.8/site-packages/airflow/example_dags/example_local_kubernetes_executor.py
[2022-08-09 21:28:53,689] {logging_mixin.py:115} INFO - [2022-08-09 21:28:53,689] {dag.py:2371} INFO - Sync 1 DAGs
[2022-08-09 21:28:53,702] {logging_mixin.py:115} INFO - [2022-08-09 21:28:53,702] {dag.py:2915} INFO - Setting next_dagrun for example_local_kubernetes_executor to None, run_after=None
[2022-08-09 21:28:53,746] {processor.py:161} INFO - Processing /home/osboxes/.local/lib/python3.8/site-packages/airflow/example_dags/example_local_kubernetes_executor.py took 0.090 seconds
[2022-08-09 21:29:30,303] {processor.py:153} INFO - Started process (PID=343436) to work on /home/osboxes/.local/lib/python3.8/site-packages/airflow/example_dags/example_local_kubernetes_executor.py
[2022-08-09 21:29:30,306] {processor.py:641} INFO - Processing file /home/osboxes/.local/lib/python3.8/site-packages/airflow/example_dags/example_local_kubernetes_executor.py for tasks to queue
[2022-08-09 21:29:30,307] {logging_mixin.py:115} INFO - [2022-08-09 21:29:30,307] {dagbag.py:507} INFO - Filling up the DagBag from /home/osboxes/.local/lib/python3.8/site-packages/airflow/example_dags/example_local_kubernetes_executor.py
[2022-08-09 21:29:30,321] {processor.py:651} INFO - DAG(s) dict_keys(['example_local_kubernetes_executor']) retrieved from /home/osboxes/.local/lib/python3.8/site-packages/airflow/example_dags/example_local_kubernetes_executor.py
[2022-08-09 21:29:30,334] {logging_mixin.py:115} INFO - [2022-08-09 21:29:30,334] {dag.py:2371} INFO - Sync 1 DAGs
[2022-08-09 21:29:30,346] {logging_mixin.py:115} INFO - [2022-08-09 21:29:30,346] {dag.py:2915} INFO - Setting next_dagrun for example_local_kubernetes_executor to None, run_after=None
[2022-08-09 21:29:30,386] {processor.py:161} INFO - Processing /home/osboxes/.local/lib/python3.8/site-packages/airflow/example_dags/example_local_kubernetes_executor.py took 0.085 seconds
[2022-08-09 21:30:11,525] {processor.py:153} INFO - Started process (PID=343814) to work on /home/osboxes/.local/lib/python3.8/site-packages/airflow/example_dags/example_local_kubernetes_executor.py
[2022-08-09 21:30:11,527] {processor.py:641} INFO - Processing file /home/osboxes/.local/lib/python3.8/site-packages/airflow/example_dags/example_local_kubernetes_executor.py for tasks to queue
[2022-08-09 21:30:11,527] {logging_mixin.py:115} INFO - [2022-08-09 21:30:11,527] {dagbag.py:507} INFO - Filling up the DagBag from /home/osboxes/.local/lib/python3.8/site-packages/airflow/example_dags/example_local_kubernetes_executor.py
[2022-08-09 21:30:11,541] {processor.py:651} INFO - DAG(s) dict_keys(['example_local_kubernetes_executor']) retrieved from /home/osboxes/.local/lib/python3.8/site-packages/airflow/example_dags/example_local_kubernetes_executor.py
[2022-08-09 21:30:11,559] {logging_mixin.py:115} INFO - [2022-08-09 21:30:11,555] {dag.py:2371} INFO - Sync 1 DAGs
[2022-08-09 21:30:11,570] {logging_mixin.py:115} INFO - [2022-08-09 21:30:11,570] {dag.py:2915} INFO - Setting next_dagrun for example_local_kubernetes_executor to None, run_after=None
[2022-08-09 21:30:11,605] {processor.py:161} INFO - Processing /home/osboxes/.local/lib/python3.8/site-packages/airflow/example_dags/example_local_kubernetes_executor.py took 0.083 seconds
[2022-08-09 21:30:48,834] {processor.py:153} INFO - Started process (PID=344150) to work on /home/osboxes/.local/lib/python3.8/site-packages/airflow/example_dags/example_local_kubernetes_executor.py
[2022-08-09 21:30:48,835] {processor.py:641} INFO - Processing file /home/osboxes/.local/lib/python3.8/site-packages/airflow/example_dags/example_local_kubernetes_executor.py for tasks to queue
[2022-08-09 21:30:48,835] {logging_mixin.py:115} INFO - [2022-08-09 21:30:48,835] {dagbag.py:507} INFO - Filling up the DagBag from /home/osboxes/.local/lib/python3.8/site-packages/airflow/example_dags/example_local_kubernetes_executor.py
[2022-08-09 21:30:48,849] {processor.py:651} INFO - DAG(s) dict_keys(['example_local_kubernetes_executor']) retrieved from /home/osboxes/.local/lib/python3.8/site-packages/airflow/example_dags/example_local_kubernetes_executor.py
[2022-08-09 21:30:48,865] {logging_mixin.py:115} INFO - [2022-08-09 21:30:48,865] {dag.py:2371} INFO - Sync 1 DAGs
[2022-08-09 21:30:48,876] {logging_mixin.py:115} INFO - [2022-08-09 21:30:48,876] {dag.py:2915} INFO - Setting next_dagrun for example_local_kubernetes_executor to None, run_after=None
[2022-08-09 21:30:48,904] {processor.py:161} INFO - Processing /home/osboxes/.local/lib/python3.8/site-packages/airflow/example_dags/example_local_kubernetes_executor.py took 0.072 seconds
[2022-08-09 21:31:23,160] {processor.py:153} INFO - Started process (PID=344494) to work on /home/osboxes/.local/lib/python3.8/site-packages/airflow/example_dags/example_local_kubernetes_executor.py
[2022-08-09 21:31:23,163] {processor.py:641} INFO - Processing file /home/osboxes/.local/lib/python3.8/site-packages/airflow/example_dags/example_local_kubernetes_executor.py for tasks to queue
[2022-08-09 21:31:23,164] {logging_mixin.py:115} INFO - [2022-08-09 21:31:23,164] {dagbag.py:507} INFO - Filling up the DagBag from /home/osboxes/.local/lib/python3.8/site-packages/airflow/example_dags/example_local_kubernetes_executor.py
[2022-08-09 21:31:23,178] {processor.py:651} INFO - DAG(s) dict_keys(['example_local_kubernetes_executor']) retrieved from /home/osboxes/.local/lib/python3.8/site-packages/airflow/example_dags/example_local_kubernetes_executor.py
[2022-08-09 21:31:23,196] {logging_mixin.py:115} INFO - [2022-08-09 21:31:23,196] {dag.py:2371} INFO - Sync 1 DAGs
[2022-08-09 21:31:23,211] {logging_mixin.py:115} INFO - [2022-08-09 21:31:23,211] {dag.py:2915} INFO - Setting next_dagrun for example_local_kubernetes_executor to None, run_after=None
[2022-08-09 21:31:23,237] {processor.py:161} INFO - Processing /home/osboxes/.local/lib/python3.8/site-packages/airflow/example_dags/example_local_kubernetes_executor.py took 0.080 seconds
[2022-08-09 21:31:59,610] {processor.py:153} INFO - Started process (PID=344831) to work on /home/osboxes/.local/lib/python3.8/site-packages/airflow/example_dags/example_local_kubernetes_executor.py
[2022-08-09 21:31:59,612] {processor.py:641} INFO - Processing file /home/osboxes/.local/lib/python3.8/site-packages/airflow/example_dags/example_local_kubernetes_executor.py for tasks to queue
[2022-08-09 21:31:59,612] {logging_mixin.py:115} INFO - [2022-08-09 21:31:59,612] {dagbag.py:507} INFO - Filling up the DagBag from /home/osboxes/.local/lib/python3.8/site-packages/airflow/example_dags/example_local_kubernetes_executor.py
[2022-08-09 21:31:59,637] {processor.py:651} INFO - DAG(s) dict_keys(['example_local_kubernetes_executor']) retrieved from /home/osboxes/.local/lib/python3.8/site-packages/airflow/example_dags/example_local_kubernetes_executor.py
[2022-08-09 21:31:59,677] {logging_mixin.py:115} INFO - [2022-08-09 21:31:59,677] {dag.py:2371} INFO - Sync 1 DAGs
[2022-08-09 21:31:59,690] {logging_mixin.py:115} INFO - [2022-08-09 21:31:59,690] {dag.py:2915} INFO - Setting next_dagrun for example_local_kubernetes_executor to None, run_after=None
[2022-08-09 21:31:59,734] {processor.py:161} INFO - Processing /home/osboxes/.local/lib/python3.8/site-packages/airflow/example_dags/example_local_kubernetes_executor.py took 0.127 seconds
[2022-08-09 21:32:40,763] {processor.py:153} INFO - Started process (PID=345201) to work on /home/osboxes/.local/lib/python3.8/site-packages/airflow/example_dags/example_local_kubernetes_executor.py
[2022-08-09 21:32:40,764] {processor.py:641} INFO - Processing file /home/osboxes/.local/lib/python3.8/site-packages/airflow/example_dags/example_local_kubernetes_executor.py for tasks to queue
[2022-08-09 21:32:40,765] {logging_mixin.py:115} INFO - [2022-08-09 21:32:40,765] {dagbag.py:507} INFO - Filling up the DagBag from /home/osboxes/.local/lib/python3.8/site-packages/airflow/example_dags/example_local_kubernetes_executor.py
[2022-08-09 21:32:40,780] {processor.py:651} INFO - DAG(s) dict_keys(['example_local_kubernetes_executor']) retrieved from /home/osboxes/.local/lib/python3.8/site-packages/airflow/example_dags/example_local_kubernetes_executor.py
[2022-08-09 21:32:40,795] {logging_mixin.py:115} INFO - [2022-08-09 21:32:40,795] {dag.py:2371} INFO - Sync 1 DAGs
[2022-08-09 21:32:40,806] {logging_mixin.py:115} INFO - [2022-08-09 21:32:40,806] {dag.py:2915} INFO - Setting next_dagrun for example_local_kubernetes_executor to None, run_after=None
[2022-08-09 21:32:40,843] {processor.py:161} INFO - Processing /home/osboxes/.local/lib/python3.8/site-packages/airflow/example_dags/example_local_kubernetes_executor.py took 0.083 seconds
[2022-08-09 21:33:28,192] {processor.py:153} INFO - Started process (PID=345631) to work on /home/osboxes/.local/lib/python3.8/site-packages/airflow/example_dags/example_local_kubernetes_executor.py
[2022-08-09 21:33:28,193] {processor.py:641} INFO - Processing file /home/osboxes/.local/lib/python3.8/site-packages/airflow/example_dags/example_local_kubernetes_executor.py for tasks to queue
[2022-08-09 21:33:28,194] {logging_mixin.py:115} INFO - [2022-08-09 21:33:28,194] {dagbag.py:507} INFO - Filling up the DagBag from /home/osboxes/.local/lib/python3.8/site-packages/airflow/example_dags/example_local_kubernetes_executor.py
[2022-08-09 21:33:28,209] {processor.py:651} INFO - DAG(s) dict_keys(['example_local_kubernetes_executor']) retrieved from /home/osboxes/.local/lib/python3.8/site-packages/airflow/example_dags/example_local_kubernetes_executor.py
[2022-08-09 21:33:28,223] {logging_mixin.py:115} INFO - [2022-08-09 21:33:28,223] {dag.py:2371} INFO - Sync 1 DAGs
[2022-08-09 21:33:28,235] {logging_mixin.py:115} INFO - [2022-08-09 21:33:28,235] {dag.py:2915} INFO - Setting next_dagrun for example_local_kubernetes_executor to None, run_after=None
[2022-08-09 21:33:28,264] {processor.py:161} INFO - Processing /home/osboxes/.local/lib/python3.8/site-packages/airflow/example_dags/example_local_kubernetes_executor.py took 0.075 seconds
[2022-08-09 21:34:06,543] {processor.py:153} INFO - Started process (PID=346016) to work on /home/osboxes/.local/lib/python3.8/site-packages/airflow/example_dags/example_local_kubernetes_executor.py
[2022-08-09 21:34:06,545] {processor.py:641} INFO - Processing file /home/osboxes/.local/lib/python3.8/site-packages/airflow/example_dags/example_local_kubernetes_executor.py for tasks to queue
[2022-08-09 21:34:06,546] {logging_mixin.py:115} INFO - [2022-08-09 21:34:06,546] {dagbag.py:507} INFO - Filling up the DagBag from /home/osboxes/.local/lib/python3.8/site-packages/airflow/example_dags/example_local_kubernetes_executor.py
[2022-08-09 21:34:06,559] {processor.py:651} INFO - DAG(s) dict_keys(['example_local_kubernetes_executor']) retrieved from /home/osboxes/.local/lib/python3.8/site-packages/airflow/example_dags/example_local_kubernetes_executor.py
[2022-08-09 21:34:06,576] {logging_mixin.py:115} INFO - [2022-08-09 21:34:06,576] {dag.py:2371} INFO - Sync 1 DAGs
[2022-08-09 21:34:06,587] {logging_mixin.py:115} INFO - [2022-08-09 21:34:06,587] {dag.py:2915} INFO - Setting next_dagrun for example_local_kubernetes_executor to None, run_after=None
[2022-08-09 21:34:06,614] {processor.py:161} INFO - Processing /home/osboxes/.local/lib/python3.8/site-packages/airflow/example_dags/example_local_kubernetes_executor.py took 0.073 seconds
[2022-08-09 21:34:50,738] {processor.py:153} INFO - Started process (PID=346447) to work on /home/osboxes/.local/lib/python3.8/site-packages/airflow/example_dags/example_local_kubernetes_executor.py
[2022-08-09 21:34:50,748] {processor.py:641} INFO - Processing file /home/osboxes/.local/lib/python3.8/site-packages/airflow/example_dags/example_local_kubernetes_executor.py for tasks to queue
[2022-08-09 21:34:50,748] {logging_mixin.py:115} INFO - [2022-08-09 21:34:50,748] {dagbag.py:507} INFO - Filling up the DagBag from /home/osboxes/.local/lib/python3.8/site-packages/airflow/example_dags/example_local_kubernetes_executor.py
[2022-08-09 21:34:50,761] {processor.py:651} INFO - DAG(s) dict_keys(['example_local_kubernetes_executor']) retrieved from /home/osboxes/.local/lib/python3.8/site-packages/airflow/example_dags/example_local_kubernetes_executor.py
[2022-08-09 21:34:50,774] {logging_mixin.py:115} INFO - [2022-08-09 21:34:50,774] {dag.py:2371} INFO - Sync 1 DAGs
[2022-08-09 21:34:50,785] {logging_mixin.py:115} INFO - [2022-08-09 21:34:50,785] {dag.py:2915} INFO - Setting next_dagrun for example_local_kubernetes_executor to None, run_after=None
[2022-08-09 21:34:50,816] {processor.py:161} INFO - Processing /home/osboxes/.local/lib/python3.8/site-packages/airflow/example_dags/example_local_kubernetes_executor.py took 0.080 seconds
[2022-08-09 21:35:27,961] {processor.py:153} INFO - Started process (PID=346774) to work on /home/osboxes/.local/lib/python3.8/site-packages/airflow/example_dags/example_local_kubernetes_executor.py
[2022-08-09 21:35:27,963] {processor.py:641} INFO - Processing file /home/osboxes/.local/lib/python3.8/site-packages/airflow/example_dags/example_local_kubernetes_executor.py for tasks to queue
[2022-08-09 21:35:27,963] {logging_mixin.py:115} INFO - [2022-08-09 21:35:27,963] {dagbag.py:507} INFO - Filling up the DagBag from /home/osboxes/.local/lib/python3.8/site-packages/airflow/example_dags/example_local_kubernetes_executor.py
[2022-08-09 21:35:27,976] {processor.py:651} INFO - DAG(s) dict_keys(['example_local_kubernetes_executor']) retrieved from /home/osboxes/.local/lib/python3.8/site-packages/airflow/example_dags/example_local_kubernetes_executor.py
[2022-08-09 21:35:27,989] {logging_mixin.py:115} INFO - [2022-08-09 21:35:27,989] {dag.py:2371} INFO - Sync 1 DAGs
[2022-08-09 21:35:28,000] {logging_mixin.py:115} INFO - [2022-08-09 21:35:28,000] {dag.py:2915} INFO - Setting next_dagrun for example_local_kubernetes_executor to None, run_after=None
[2022-08-09 21:35:28,039] {processor.py:161} INFO - Processing /home/osboxes/.local/lib/python3.8/site-packages/airflow/example_dags/example_local_kubernetes_executor.py took 0.080 seconds
[2022-08-09 21:36:03,485] {processor.py:153} INFO - Started process (PID=347102) to work on /home/osboxes/.local/lib/python3.8/site-packages/airflow/example_dags/example_local_kubernetes_executor.py
[2022-08-09 21:36:03,487] {processor.py:641} INFO - Processing file /home/osboxes/.local/lib/python3.8/site-packages/airflow/example_dags/example_local_kubernetes_executor.py for tasks to queue
[2022-08-09 21:36:03,487] {logging_mixin.py:115} INFO - [2022-08-09 21:36:03,487] {dagbag.py:507} INFO - Filling up the DagBag from /home/osboxes/.local/lib/python3.8/site-packages/airflow/example_dags/example_local_kubernetes_executor.py
[2022-08-09 21:36:03,499] {processor.py:651} INFO - DAG(s) dict_keys(['example_local_kubernetes_executor']) retrieved from /home/osboxes/.local/lib/python3.8/site-packages/airflow/example_dags/example_local_kubernetes_executor.py
[2022-08-09 21:36:03,514] {logging_mixin.py:115} INFO - [2022-08-09 21:36:03,514] {dag.py:2371} INFO - Sync 1 DAGs
[2022-08-09 21:36:03,526] {logging_mixin.py:115} INFO - [2022-08-09 21:36:03,526] {dag.py:2915} INFO - Setting next_dagrun for example_local_kubernetes_executor to None, run_after=None
[2022-08-09 21:36:03,571] {processor.py:161} INFO - Processing /home/osboxes/.local/lib/python3.8/site-packages/airflow/example_dags/example_local_kubernetes_executor.py took 0.089 seconds
[2022-08-09 21:36:47,403] {processor.py:153} INFO - Started process (PID=347508) to work on /home/osboxes/.local/lib/python3.8/site-packages/airflow/example_dags/example_local_kubernetes_executor.py
[2022-08-09 21:36:47,404] {processor.py:641} INFO - Processing file /home/osboxes/.local/lib/python3.8/site-packages/airflow/example_dags/example_local_kubernetes_executor.py for tasks to queue
[2022-08-09 21:36:47,405] {logging_mixin.py:115} INFO - [2022-08-09 21:36:47,405] {dagbag.py:507} INFO - Filling up the DagBag from /home/osboxes/.local/lib/python3.8/site-packages/airflow/example_dags/example_local_kubernetes_executor.py
[2022-08-09 21:36:47,421] {processor.py:651} INFO - DAG(s) dict_keys(['example_local_kubernetes_executor']) retrieved from /home/osboxes/.local/lib/python3.8/site-packages/airflow/example_dags/example_local_kubernetes_executor.py
[2022-08-09 21:36:47,435] {logging_mixin.py:115} INFO - [2022-08-09 21:36:47,435] {dag.py:2371} INFO - Sync 1 DAGs
[2022-08-09 21:36:47,447] {logging_mixin.py:115} INFO - [2022-08-09 21:36:47,447] {dag.py:2915} INFO - Setting next_dagrun for example_local_kubernetes_executor to None, run_after=None
[2022-08-09 21:36:47,493] {processor.py:161} INFO - Processing /home/osboxes/.local/lib/python3.8/site-packages/airflow/example_dags/example_local_kubernetes_executor.py took 0.093 seconds
[2022-08-09 21:37:31,829] {processor.py:153} INFO - Started process (PID=347910) to work on /home/osboxes/.local/lib/python3.8/site-packages/airflow/example_dags/example_local_kubernetes_executor.py
[2022-08-09 21:37:31,831] {processor.py:641} INFO - Processing file /home/osboxes/.local/lib/python3.8/site-packages/airflow/example_dags/example_local_kubernetes_executor.py for tasks to queue
[2022-08-09 21:37:31,832] {logging_mixin.py:115} INFO - [2022-08-09 21:37:31,831] {dagbag.py:507} INFO - Filling up the DagBag from /home/osboxes/.local/lib/python3.8/site-packages/airflow/example_dags/example_local_kubernetes_executor.py
[2022-08-09 21:37:31,844] {processor.py:651} INFO - DAG(s) dict_keys(['example_local_kubernetes_executor']) retrieved from /home/osboxes/.local/lib/python3.8/site-packages/airflow/example_dags/example_local_kubernetes_executor.py
[2022-08-09 21:37:31,860] {logging_mixin.py:115} INFO - [2022-08-09 21:37:31,860] {dag.py:2371} INFO - Sync 1 DAGs
[2022-08-09 21:37:31,872] {logging_mixin.py:115} INFO - [2022-08-09 21:37:31,872] {dag.py:2915} INFO - Setting next_dagrun for example_local_kubernetes_executor to None, run_after=None
[2022-08-09 21:37:31,900] {processor.py:161} INFO - Processing /home/osboxes/.local/lib/python3.8/site-packages/airflow/example_dags/example_local_kubernetes_executor.py took 0.073 seconds
[2022-08-09 21:38:08,556] {processor.py:153} INFO - Started process (PID=348265) to work on /home/osboxes/.local/lib/python3.8/site-packages/airflow/example_dags/example_local_kubernetes_executor.py
[2022-08-09 21:38:08,557] {processor.py:641} INFO - Processing file /home/osboxes/.local/lib/python3.8/site-packages/airflow/example_dags/example_local_kubernetes_executor.py for tasks to queue
[2022-08-09 21:38:08,557] {logging_mixin.py:115} INFO - [2022-08-09 21:38:08,557] {dagbag.py:507} INFO - Filling up the DagBag from /home/osboxes/.local/lib/python3.8/site-packages/airflow/example_dags/example_local_kubernetes_executor.py
[2022-08-09 21:38:08,571] {processor.py:651} INFO - DAG(s) dict_keys(['example_local_kubernetes_executor']) retrieved from /home/osboxes/.local/lib/python3.8/site-packages/airflow/example_dags/example_local_kubernetes_executor.py
[2022-08-09 21:38:08,689] {logging_mixin.py:115} INFO - [2022-08-09 21:38:08,689] {dag.py:2371} INFO - Sync 1 DAGs
[2022-08-09 21:38:08,729] {logging_mixin.py:115} INFO - [2022-08-09 21:38:08,729] {dag.py:2915} INFO - Setting next_dagrun for example_local_kubernetes_executor to None, run_after=None
[2022-08-09 21:38:08,759] {processor.py:161} INFO - Processing /home/osboxes/.local/lib/python3.8/site-packages/airflow/example_dags/example_local_kubernetes_executor.py took 0.205 seconds
[2022-08-09 21:38:46,297] {processor.py:153} INFO - Started process (PID=348660) to work on /home/osboxes/.local/lib/python3.8/site-packages/airflow/example_dags/example_local_kubernetes_executor.py
[2022-08-09 21:38:46,299] {processor.py:641} INFO - Processing file /home/osboxes/.local/lib/python3.8/site-packages/airflow/example_dags/example_local_kubernetes_executor.py for tasks to queue
[2022-08-09 21:38:46,300] {logging_mixin.py:115} INFO - [2022-08-09 21:38:46,300] {dagbag.py:507} INFO - Filling up the DagBag from /home/osboxes/.local/lib/python3.8/site-packages/airflow/example_dags/example_local_kubernetes_executor.py
[2022-08-09 21:38:46,314] {processor.py:651} INFO - DAG(s) dict_keys(['example_local_kubernetes_executor']) retrieved from /home/osboxes/.local/lib/python3.8/site-packages/airflow/example_dags/example_local_kubernetes_executor.py
[2022-08-09 21:38:46,329] {logging_mixin.py:115} INFO - [2022-08-09 21:38:46,329] {dag.py:2371} INFO - Sync 1 DAGs
[2022-08-09 21:38:46,339] {logging_mixin.py:115} INFO - [2022-08-09 21:38:46,339] {dag.py:2915} INFO - Setting next_dagrun for example_local_kubernetes_executor to None, run_after=None
[2022-08-09 21:38:46,383] {processor.py:161} INFO - Processing /home/osboxes/.local/lib/python3.8/site-packages/airflow/example_dags/example_local_kubernetes_executor.py took 0.088 seconds
[2022-08-09 21:39:29,964] {processor.py:153} INFO - Started process (PID=349056) to work on /home/osboxes/.local/lib/python3.8/site-packages/airflow/example_dags/example_local_kubernetes_executor.py
[2022-08-09 21:39:29,966] {processor.py:641} INFO - Processing file /home/osboxes/.local/lib/python3.8/site-packages/airflow/example_dags/example_local_kubernetes_executor.py for tasks to queue
[2022-08-09 21:39:29,967] {logging_mixin.py:115} INFO - [2022-08-09 21:39:29,967] {dagbag.py:507} INFO - Filling up the DagBag from /home/osboxes/.local/lib/python3.8/site-packages/airflow/example_dags/example_local_kubernetes_executor.py
[2022-08-09 21:39:29,992] {processor.py:651} INFO - DAG(s) dict_keys(['example_local_kubernetes_executor']) retrieved from /home/osboxes/.local/lib/python3.8/site-packages/airflow/example_dags/example_local_kubernetes_executor.py
[2022-08-09 21:39:30,006] {logging_mixin.py:115} INFO - [2022-08-09 21:39:30,006] {dag.py:2371} INFO - Sync 1 DAGs
[2022-08-09 21:39:30,019] {logging_mixin.py:115} INFO - [2022-08-09 21:39:30,018] {dag.py:2915} INFO - Setting next_dagrun for example_local_kubernetes_executor to None, run_after=None
[2022-08-09 21:39:30,048] {processor.py:161} INFO - Processing /home/osboxes/.local/lib/python3.8/site-packages/airflow/example_dags/example_local_kubernetes_executor.py took 0.086 seconds
[2022-08-09 21:40:07,182] {processor.py:153} INFO - Started process (PID=349407) to work on /home/osboxes/.local/lib/python3.8/site-packages/airflow/example_dags/example_local_kubernetes_executor.py
[2022-08-09 21:40:07,184] {processor.py:641} INFO - Processing file /home/osboxes/.local/lib/python3.8/site-packages/airflow/example_dags/example_local_kubernetes_executor.py for tasks to queue
[2022-08-09 21:40:07,185] {logging_mixin.py:115} INFO - [2022-08-09 21:40:07,185] {dagbag.py:507} INFO - Filling up the DagBag from /home/osboxes/.local/lib/python3.8/site-packages/airflow/example_dags/example_local_kubernetes_executor.py
[2022-08-09 21:40:07,199] {processor.py:651} INFO - DAG(s) dict_keys(['example_local_kubernetes_executor']) retrieved from /home/osboxes/.local/lib/python3.8/site-packages/airflow/example_dags/example_local_kubernetes_executor.py
[2022-08-09 21:40:07,212] {logging_mixin.py:115} INFO - [2022-08-09 21:40:07,212] {dag.py:2371} INFO - Sync 1 DAGs
[2022-08-09 21:40:07,225] {logging_mixin.py:115} INFO - [2022-08-09 21:40:07,225] {dag.py:2915} INFO - Setting next_dagrun for example_local_kubernetes_executor to None, run_after=None
[2022-08-09 21:40:07,262] {processor.py:161} INFO - Processing /home/osboxes/.local/lib/python3.8/site-packages/airflow/example_dags/example_local_kubernetes_executor.py took 0.082 seconds
[2022-08-09 21:40:45,437] {processor.py:153} INFO - Started process (PID=349753) to work on /home/osboxes/.local/lib/python3.8/site-packages/airflow/example_dags/example_local_kubernetes_executor.py
[2022-08-09 21:40:45,438] {processor.py:641} INFO - Processing file /home/osboxes/.local/lib/python3.8/site-packages/airflow/example_dags/example_local_kubernetes_executor.py for tasks to queue
[2022-08-09 21:40:45,438] {logging_mixin.py:115} INFO - [2022-08-09 21:40:45,438] {dagbag.py:507} INFO - Filling up the DagBag from /home/osboxes/.local/lib/python3.8/site-packages/airflow/example_dags/example_local_kubernetes_executor.py
[2022-08-09 21:40:45,464] {processor.py:651} INFO - DAG(s) dict_keys(['example_local_kubernetes_executor']) retrieved from /home/osboxes/.local/lib/python3.8/site-packages/airflow/example_dags/example_local_kubernetes_executor.py
[2022-08-09 21:40:45,498] {logging_mixin.py:115} INFO - [2022-08-09 21:40:45,497] {dag.py:2371} INFO - Sync 1 DAGs
[2022-08-09 21:40:45,509] {logging_mixin.py:115} INFO - [2022-08-09 21:40:45,509] {dag.py:2915} INFO - Setting next_dagrun for example_local_kubernetes_executor to None, run_after=None
[2022-08-09 21:40:45,540] {processor.py:161} INFO - Processing /home/osboxes/.local/lib/python3.8/site-packages/airflow/example_dags/example_local_kubernetes_executor.py took 0.117 seconds
[2022-08-09 21:41:24,576] {processor.py:153} INFO - Started process (PID=350117) to work on /home/osboxes/.local/lib/python3.8/site-packages/airflow/example_dags/example_local_kubernetes_executor.py
[2022-08-09 21:41:24,578] {processor.py:641} INFO - Processing file /home/osboxes/.local/lib/python3.8/site-packages/airflow/example_dags/example_local_kubernetes_executor.py for tasks to queue
[2022-08-09 21:41:24,579] {logging_mixin.py:115} INFO - [2022-08-09 21:41:24,579] {dagbag.py:507} INFO - Filling up the DagBag from /home/osboxes/.local/lib/python3.8/site-packages/airflow/example_dags/example_local_kubernetes_executor.py
[2022-08-09 21:41:24,593] {processor.py:651} INFO - DAG(s) dict_keys(['example_local_kubernetes_executor']) retrieved from /home/osboxes/.local/lib/python3.8/site-packages/airflow/example_dags/example_local_kubernetes_executor.py
[2022-08-09 21:41:24,613] {logging_mixin.py:115} INFO - [2022-08-09 21:41:24,613] {dag.py:2371} INFO - Sync 1 DAGs
[2022-08-09 21:41:24,627] {logging_mixin.py:115} INFO - [2022-08-09 21:41:24,624] {dag.py:2915} INFO - Setting next_dagrun for example_local_kubernetes_executor to None, run_after=None
[2022-08-09 21:41:24,676] {processor.py:161} INFO - Processing /home/osboxes/.local/lib/python3.8/site-packages/airflow/example_dags/example_local_kubernetes_executor.py took 0.102 seconds
[2022-08-09 21:41:58,835] {processor.py:153} INFO - Started process (PID=350422) to work on /home/osboxes/.local/lib/python3.8/site-packages/airflow/example_dags/example_local_kubernetes_executor.py
[2022-08-09 21:41:58,836] {processor.py:641} INFO - Processing file /home/osboxes/.local/lib/python3.8/site-packages/airflow/example_dags/example_local_kubernetes_executor.py for tasks to queue
[2022-08-09 21:41:58,836] {logging_mixin.py:115} INFO - [2022-08-09 21:41:58,836] {dagbag.py:507} INFO - Filling up the DagBag from /home/osboxes/.local/lib/python3.8/site-packages/airflow/example_dags/example_local_kubernetes_executor.py
[2022-08-09 21:41:58,849] {processor.py:651} INFO - DAG(s) dict_keys(['example_local_kubernetes_executor']) retrieved from /home/osboxes/.local/lib/python3.8/site-packages/airflow/example_dags/example_local_kubernetes_executor.py
[2022-08-09 21:41:58,865] {logging_mixin.py:115} INFO - [2022-08-09 21:41:58,865] {dag.py:2371} INFO - Sync 1 DAGs
[2022-08-09 21:41:58,877] {logging_mixin.py:115} INFO - [2022-08-09 21:41:58,876] {dag.py:2915} INFO - Setting next_dagrun for example_local_kubernetes_executor to None, run_after=None
[2022-08-09 21:41:58,914] {processor.py:161} INFO - Processing /home/osboxes/.local/lib/python3.8/site-packages/airflow/example_dags/example_local_kubernetes_executor.py took 0.082 seconds
[2022-08-09 21:42:33,364] {processor.py:153} INFO - Started process (PID=350734) to work on /home/osboxes/.local/lib/python3.8/site-packages/airflow/example_dags/example_local_kubernetes_executor.py
[2022-08-09 21:42:33,375] {processor.py:641} INFO - Processing file /home/osboxes/.local/lib/python3.8/site-packages/airflow/example_dags/example_local_kubernetes_executor.py for tasks to queue
[2022-08-09 21:42:33,375] {logging_mixin.py:115} INFO - [2022-08-09 21:42:33,375] {dagbag.py:507} INFO - Filling up the DagBag from /home/osboxes/.local/lib/python3.8/site-packages/airflow/example_dags/example_local_kubernetes_executor.py
[2022-08-09 21:42:33,390] {processor.py:651} INFO - DAG(s) dict_keys(['example_local_kubernetes_executor']) retrieved from /home/osboxes/.local/lib/python3.8/site-packages/airflow/example_dags/example_local_kubernetes_executor.py
[2022-08-09 21:42:33,405] {logging_mixin.py:115} INFO - [2022-08-09 21:42:33,405] {dag.py:2371} INFO - Sync 1 DAGs
[2022-08-09 21:42:33,421] {logging_mixin.py:115} INFO - [2022-08-09 21:42:33,420] {dag.py:2915} INFO - Setting next_dagrun for example_local_kubernetes_executor to None, run_after=None
[2022-08-09 21:42:33,460] {processor.py:161} INFO - Processing /home/osboxes/.local/lib/python3.8/site-packages/airflow/example_dags/example_local_kubernetes_executor.py took 0.098 seconds
[2022-08-09 21:43:10,415] {processor.py:153} INFO - Started process (PID=351085) to work on /home/osboxes/.local/lib/python3.8/site-packages/airflow/example_dags/example_local_kubernetes_executor.py
[2022-08-09 21:43:10,417] {processor.py:641} INFO - Processing file /home/osboxes/.local/lib/python3.8/site-packages/airflow/example_dags/example_local_kubernetes_executor.py for tasks to queue
[2022-08-09 21:43:10,418] {logging_mixin.py:115} INFO - [2022-08-09 21:43:10,418] {dagbag.py:507} INFO - Filling up the DagBag from /home/osboxes/.local/lib/python3.8/site-packages/airflow/example_dags/example_local_kubernetes_executor.py
[2022-08-09 21:43:10,431] {processor.py:651} INFO - DAG(s) dict_keys(['example_local_kubernetes_executor']) retrieved from /home/osboxes/.local/lib/python3.8/site-packages/airflow/example_dags/example_local_kubernetes_executor.py
[2022-08-09 21:43:10,447] {logging_mixin.py:115} INFO - [2022-08-09 21:43:10,447] {dag.py:2371} INFO - Sync 1 DAGs
[2022-08-09 21:43:10,458] {logging_mixin.py:115} INFO - [2022-08-09 21:43:10,458] {dag.py:2915} INFO - Setting next_dagrun for example_local_kubernetes_executor to None, run_after=None
[2022-08-09 21:43:10,496] {processor.py:161} INFO - Processing /home/osboxes/.local/lib/python3.8/site-packages/airflow/example_dags/example_local_kubernetes_executor.py took 0.083 seconds
[2022-08-09 21:43:48,408] {processor.py:153} INFO - Started process (PID=351490) to work on /home/osboxes/.local/lib/python3.8/site-packages/airflow/example_dags/example_local_kubernetes_executor.py
[2022-08-09 21:43:48,409] {processor.py:641} INFO - Processing file /home/osboxes/.local/lib/python3.8/site-packages/airflow/example_dags/example_local_kubernetes_executor.py for tasks to queue
[2022-08-09 21:43:48,409] {logging_mixin.py:115} INFO - [2022-08-09 21:43:48,409] {dagbag.py:507} INFO - Filling up the DagBag from /home/osboxes/.local/lib/python3.8/site-packages/airflow/example_dags/example_local_kubernetes_executor.py
[2022-08-09 21:43:48,424] {processor.py:651} INFO - DAG(s) dict_keys(['example_local_kubernetes_executor']) retrieved from /home/osboxes/.local/lib/python3.8/site-packages/airflow/example_dags/example_local_kubernetes_executor.py
[2022-08-09 21:43:48,439] {logging_mixin.py:115} INFO - [2022-08-09 21:43:48,439] {dag.py:2371} INFO - Sync 1 DAGs
[2022-08-09 21:43:48,450] {logging_mixin.py:115} INFO - [2022-08-09 21:43:48,450] {dag.py:2915} INFO - Setting next_dagrun for example_local_kubernetes_executor to None, run_after=None
[2022-08-09 21:43:48,497] {processor.py:161} INFO - Processing /home/osboxes/.local/lib/python3.8/site-packages/airflow/example_dags/example_local_kubernetes_executor.py took 0.092 seconds
[2022-08-09 21:44:31,935] {processor.py:153} INFO - Started process (PID=351881) to work on /home/osboxes/.local/lib/python3.8/site-packages/airflow/example_dags/example_local_kubernetes_executor.py
[2022-08-09 21:44:31,944] {processor.py:641} INFO - Processing file /home/osboxes/.local/lib/python3.8/site-packages/airflow/example_dags/example_local_kubernetes_executor.py for tasks to queue
[2022-08-09 21:44:31,944] {logging_mixin.py:115} INFO - [2022-08-09 21:44:31,944] {dagbag.py:507} INFO - Filling up the DagBag from /home/osboxes/.local/lib/python3.8/site-packages/airflow/example_dags/example_local_kubernetes_executor.py
[2022-08-09 21:44:31,957] {processor.py:651} INFO - DAG(s) dict_keys(['example_local_kubernetes_executor']) retrieved from /home/osboxes/.local/lib/python3.8/site-packages/airflow/example_dags/example_local_kubernetes_executor.py
[2022-08-09 21:44:31,973] {logging_mixin.py:115} INFO - [2022-08-09 21:44:31,973] {dag.py:2371} INFO - Sync 1 DAGs
[2022-08-09 21:44:31,984] {logging_mixin.py:115} INFO - [2022-08-09 21:44:31,984] {dag.py:2915} INFO - Setting next_dagrun for example_local_kubernetes_executor to None, run_after=None
[2022-08-09 21:44:32,013] {processor.py:161} INFO - Processing /home/osboxes/.local/lib/python3.8/site-packages/airflow/example_dags/example_local_kubernetes_executor.py took 0.081 seconds
[2022-08-09 21:45:09,276] {processor.py:153} INFO - Started process (PID=352236) to work on /home/osboxes/.local/lib/python3.8/site-packages/airflow/example_dags/example_local_kubernetes_executor.py
[2022-08-09 21:45:09,277] {processor.py:641} INFO - Processing file /home/osboxes/.local/lib/python3.8/site-packages/airflow/example_dags/example_local_kubernetes_executor.py for tasks to queue
[2022-08-09 21:45:09,278] {logging_mixin.py:115} INFO - [2022-08-09 21:45:09,278] {dagbag.py:507} INFO - Filling up the DagBag from /home/osboxes/.local/lib/python3.8/site-packages/airflow/example_dags/example_local_kubernetes_executor.py
[2022-08-09 21:45:09,291] {processor.py:651} INFO - DAG(s) dict_keys(['example_local_kubernetes_executor']) retrieved from /home/osboxes/.local/lib/python3.8/site-packages/airflow/example_dags/example_local_kubernetes_executor.py
[2022-08-09 21:45:09,307] {logging_mixin.py:115} INFO - [2022-08-09 21:45:09,306] {dag.py:2371} INFO - Sync 1 DAGs
[2022-08-09 21:45:09,318] {logging_mixin.py:115} INFO - [2022-08-09 21:45:09,318] {dag.py:2915} INFO - Setting next_dagrun for example_local_kubernetes_executor to None, run_after=None
[2022-08-09 21:45:09,368] {processor.py:161} INFO - Processing /home/osboxes/.local/lib/python3.8/site-packages/airflow/example_dags/example_local_kubernetes_executor.py took 0.095 seconds
[2022-08-09 21:45:44,823] {processor.py:153} INFO - Started process (PID=352572) to work on /home/osboxes/.local/lib/python3.8/site-packages/airflow/example_dags/example_local_kubernetes_executor.py
[2022-08-09 21:45:44,824] {processor.py:641} INFO - Processing file /home/osboxes/.local/lib/python3.8/site-packages/airflow/example_dags/example_local_kubernetes_executor.py for tasks to queue
[2022-08-09 21:45:44,825] {logging_mixin.py:115} INFO - [2022-08-09 21:45:44,825] {dagbag.py:507} INFO - Filling up the DagBag from /home/osboxes/.local/lib/python3.8/site-packages/airflow/example_dags/example_local_kubernetes_executor.py
[2022-08-09 21:45:44,838] {processor.py:651} INFO - DAG(s) dict_keys(['example_local_kubernetes_executor']) retrieved from /home/osboxes/.local/lib/python3.8/site-packages/airflow/example_dags/example_local_kubernetes_executor.py
[2022-08-09 21:45:44,856] {logging_mixin.py:115} INFO - [2022-08-09 21:45:44,855] {dag.py:2371} INFO - Sync 1 DAGs
[2022-08-09 21:45:44,866] {logging_mixin.py:115} INFO - [2022-08-09 21:45:44,866] {dag.py:2915} INFO - Setting next_dagrun for example_local_kubernetes_executor to None, run_after=None
[2022-08-09 21:45:44,900] {processor.py:161} INFO - Processing /home/osboxes/.local/lib/python3.8/site-packages/airflow/example_dags/example_local_kubernetes_executor.py took 0.081 seconds
[2022-08-09 21:46:20,830] {processor.py:153} INFO - Started process (PID=352903) to work on /home/osboxes/.local/lib/python3.8/site-packages/airflow/example_dags/example_local_kubernetes_executor.py
[2022-08-09 21:46:20,832] {processor.py:641} INFO - Processing file /home/osboxes/.local/lib/python3.8/site-packages/airflow/example_dags/example_local_kubernetes_executor.py for tasks to queue
[2022-08-09 21:46:20,833] {logging_mixin.py:115} INFO - [2022-08-09 21:46:20,832] {dagbag.py:507} INFO - Filling up the DagBag from /home/osboxes/.local/lib/python3.8/site-packages/airflow/example_dags/example_local_kubernetes_executor.py
[2022-08-09 21:46:20,848] {processor.py:651} INFO - DAG(s) dict_keys(['example_local_kubernetes_executor']) retrieved from /home/osboxes/.local/lib/python3.8/site-packages/airflow/example_dags/example_local_kubernetes_executor.py
[2022-08-09 21:46:20,862] {logging_mixin.py:115} INFO - [2022-08-09 21:46:20,862] {dag.py:2371} INFO - Sync 1 DAGs
[2022-08-09 21:46:20,876] {logging_mixin.py:115} INFO - [2022-08-09 21:46:20,876] {dag.py:2915} INFO - Setting next_dagrun for example_local_kubernetes_executor to None, run_after=None
[2022-08-09 21:46:20,917] {processor.py:161} INFO - Processing /home/osboxes/.local/lib/python3.8/site-packages/airflow/example_dags/example_local_kubernetes_executor.py took 0.089 seconds
[2022-08-09 21:47:05,057] {processor.py:153} INFO - Started process (PID=353303) to work on /home/osboxes/.local/lib/python3.8/site-packages/airflow/example_dags/example_local_kubernetes_executor.py
[2022-08-09 21:47:05,060] {processor.py:641} INFO - Processing file /home/osboxes/.local/lib/python3.8/site-packages/airflow/example_dags/example_local_kubernetes_executor.py for tasks to queue
[2022-08-09 21:47:05,060] {logging_mixin.py:115} INFO - [2022-08-09 21:47:05,060] {dagbag.py:507} INFO - Filling up the DagBag from /home/osboxes/.local/lib/python3.8/site-packages/airflow/example_dags/example_local_kubernetes_executor.py
[2022-08-09 21:47:05,073] {processor.py:651} INFO - DAG(s) dict_keys(['example_local_kubernetes_executor']) retrieved from /home/osboxes/.local/lib/python3.8/site-packages/airflow/example_dags/example_local_kubernetes_executor.py
[2022-08-09 21:47:05,087] {logging_mixin.py:115} INFO - [2022-08-09 21:47:05,087] {dag.py:2371} INFO - Sync 1 DAGs
[2022-08-09 21:47:05,100] {logging_mixin.py:115} INFO - [2022-08-09 21:47:05,100] {dag.py:2915} INFO - Setting next_dagrun for example_local_kubernetes_executor to None, run_after=None
[2022-08-09 21:47:05,137] {processor.py:161} INFO - Processing /home/osboxes/.local/lib/python3.8/site-packages/airflow/example_dags/example_local_kubernetes_executor.py took 0.082 seconds
[2022-08-09 21:47:44,330] {processor.py:153} INFO - Started process (PID=353684) to work on /home/osboxes/.local/lib/python3.8/site-packages/airflow/example_dags/example_local_kubernetes_executor.py
[2022-08-09 21:47:44,332] {processor.py:641} INFO - Processing file /home/osboxes/.local/lib/python3.8/site-packages/airflow/example_dags/example_local_kubernetes_executor.py for tasks to queue
[2022-08-09 21:47:44,333] {logging_mixin.py:115} INFO - [2022-08-09 21:47:44,333] {dagbag.py:507} INFO - Filling up the DagBag from /home/osboxes/.local/lib/python3.8/site-packages/airflow/example_dags/example_local_kubernetes_executor.py
[2022-08-09 21:47:44,348] {processor.py:651} INFO - DAG(s) dict_keys(['example_local_kubernetes_executor']) retrieved from /home/osboxes/.local/lib/python3.8/site-packages/airflow/example_dags/example_local_kubernetes_executor.py
[2022-08-09 21:47:44,363] {logging_mixin.py:115} INFO - [2022-08-09 21:47:44,363] {dag.py:2371} INFO - Sync 1 DAGs
[2022-08-09 21:47:44,377] {logging_mixin.py:115} INFO - [2022-08-09 21:47:44,377] {dag.py:2915} INFO - Setting next_dagrun for example_local_kubernetes_executor to None, run_after=None
[2022-08-09 21:47:44,423] {processor.py:161} INFO - Processing /home/osboxes/.local/lib/python3.8/site-packages/airflow/example_dags/example_local_kubernetes_executor.py took 0.095 seconds
[2022-08-09 21:48:24,965] {processor.py:153} INFO - Started process (PID=354050) to work on /home/osboxes/.local/lib/python3.8/site-packages/airflow/example_dags/example_local_kubernetes_executor.py
[2022-08-09 21:48:24,967] {processor.py:641} INFO - Processing file /home/osboxes/.local/lib/python3.8/site-packages/airflow/example_dags/example_local_kubernetes_executor.py for tasks to queue
[2022-08-09 21:48:24,967] {logging_mixin.py:115} INFO - [2022-08-09 21:48:24,967] {dagbag.py:507} INFO - Filling up the DagBag from /home/osboxes/.local/lib/python3.8/site-packages/airflow/example_dags/example_local_kubernetes_executor.py
[2022-08-09 21:48:24,981] {processor.py:651} INFO - DAG(s) dict_keys(['example_local_kubernetes_executor']) retrieved from /home/osboxes/.local/lib/python3.8/site-packages/airflow/example_dags/example_local_kubernetes_executor.py
[2022-08-09 21:48:24,997] {logging_mixin.py:115} INFO - [2022-08-09 21:48:24,996] {dag.py:2371} INFO - Sync 1 DAGs
[2022-08-09 21:48:25,018] {logging_mixin.py:115} INFO - [2022-08-09 21:48:25,017] {dag.py:2915} INFO - Setting next_dagrun for example_local_kubernetes_executor to None, run_after=None
[2022-08-09 21:48:25,047] {processor.py:161} INFO - Processing /home/osboxes/.local/lib/python3.8/site-packages/airflow/example_dags/example_local_kubernetes_executor.py took 0.086 seconds
[2022-08-09 21:49:07,523] {processor.py:153} INFO - Started process (PID=354494) to work on /home/osboxes/.local/lib/python3.8/site-packages/airflow/example_dags/example_local_kubernetes_executor.py
[2022-08-09 21:49:07,524] {processor.py:641} INFO - Processing file /home/osboxes/.local/lib/python3.8/site-packages/airflow/example_dags/example_local_kubernetes_executor.py for tasks to queue
[2022-08-09 21:49:07,525] {logging_mixin.py:115} INFO - [2022-08-09 21:49:07,525] {dagbag.py:507} INFO - Filling up the DagBag from /home/osboxes/.local/lib/python3.8/site-packages/airflow/example_dags/example_local_kubernetes_executor.py
[2022-08-09 21:49:07,540] {processor.py:651} INFO - DAG(s) dict_keys(['example_local_kubernetes_executor']) retrieved from /home/osboxes/.local/lib/python3.8/site-packages/airflow/example_dags/example_local_kubernetes_executor.py
[2022-08-09 21:49:07,562] {logging_mixin.py:115} INFO - [2022-08-09 21:49:07,562] {dag.py:2371} INFO - Sync 1 DAGs
[2022-08-09 21:49:07,575] {logging_mixin.py:115} INFO - [2022-08-09 21:49:07,575] {dag.py:2915} INFO - Setting next_dagrun for example_local_kubernetes_executor to None, run_after=None
[2022-08-09 21:49:07,603] {processor.py:161} INFO - Processing /home/osboxes/.local/lib/python3.8/site-packages/airflow/example_dags/example_local_kubernetes_executor.py took 0.083 seconds
[2022-08-09 21:49:48,737] {processor.py:153} INFO - Started process (PID=354857) to work on /home/osboxes/.local/lib/python3.8/site-packages/airflow/example_dags/example_local_kubernetes_executor.py
[2022-08-09 21:49:48,743] {processor.py:641} INFO - Processing file /home/osboxes/.local/lib/python3.8/site-packages/airflow/example_dags/example_local_kubernetes_executor.py for tasks to queue
[2022-08-09 21:49:48,744] {logging_mixin.py:115} INFO - [2022-08-09 21:49:48,744] {dagbag.py:507} INFO - Filling up the DagBag from /home/osboxes/.local/lib/python3.8/site-packages/airflow/example_dags/example_local_kubernetes_executor.py
[2022-08-09 21:49:48,761] {processor.py:651} INFO - DAG(s) dict_keys(['example_local_kubernetes_executor']) retrieved from /home/osboxes/.local/lib/python3.8/site-packages/airflow/example_dags/example_local_kubernetes_executor.py
[2022-08-09 21:49:48,775] {logging_mixin.py:115} INFO - [2022-08-09 21:49:48,775] {dag.py:2371} INFO - Sync 1 DAGs
[2022-08-09 21:49:48,789] {logging_mixin.py:115} INFO - [2022-08-09 21:49:48,789] {dag.py:2915} INFO - Setting next_dagrun for example_local_kubernetes_executor to None, run_after=None
[2022-08-09 21:49:48,819] {processor.py:161} INFO - Processing /home/osboxes/.local/lib/python3.8/site-packages/airflow/example_dags/example_local_kubernetes_executor.py took 0.105 seconds
[2022-08-09 21:50:28,584] {processor.py:153} INFO - Started process (PID=355193) to work on /home/osboxes/.local/lib/python3.8/site-packages/airflow/example_dags/example_local_kubernetes_executor.py
[2022-08-09 21:50:28,586] {processor.py:641} INFO - Processing file /home/osboxes/.local/lib/python3.8/site-packages/airflow/example_dags/example_local_kubernetes_executor.py for tasks to queue
[2022-08-09 21:50:28,586] {logging_mixin.py:115} INFO - [2022-08-09 21:50:28,586] {dagbag.py:507} INFO - Filling up the DagBag from /home/osboxes/.local/lib/python3.8/site-packages/airflow/example_dags/example_local_kubernetes_executor.py
[2022-08-09 21:50:28,599] {processor.py:651} INFO - DAG(s) dict_keys(['example_local_kubernetes_executor']) retrieved from /home/osboxes/.local/lib/python3.8/site-packages/airflow/example_dags/example_local_kubernetes_executor.py
[2022-08-09 21:50:28,615] {logging_mixin.py:115} INFO - [2022-08-09 21:50:28,615] {dag.py:2371} INFO - Sync 1 DAGs
[2022-08-09 21:50:28,629] {logging_mixin.py:115} INFO - [2022-08-09 21:50:28,629] {dag.py:2915} INFO - Setting next_dagrun for example_local_kubernetes_executor to None, run_after=None
[2022-08-09 21:50:28,673] {processor.py:161} INFO - Processing /home/osboxes/.local/lib/python3.8/site-packages/airflow/example_dags/example_local_kubernetes_executor.py took 0.091 seconds
[2022-08-09 22:09:26,527] {processor.py:153} INFO - Started process (PID=355681) to work on /home/osboxes/.local/lib/python3.8/site-packages/airflow/example_dags/example_local_kubernetes_executor.py
[2022-08-09 22:09:26,617] {processor.py:641} INFO - Processing file /home/osboxes/.local/lib/python3.8/site-packages/airflow/example_dags/example_local_kubernetes_executor.py for tasks to queue
[2022-08-09 22:09:26,639] {logging_mixin.py:115} INFO - [2022-08-09 22:09:26,639] {dagbag.py:507} INFO - Filling up the DagBag from /home/osboxes/.local/lib/python3.8/site-packages/airflow/example_dags/example_local_kubernetes_executor.py
[2022-08-09 22:09:26,848] {processor.py:651} INFO - DAG(s) dict_keys(['example_local_kubernetes_executor']) retrieved from /home/osboxes/.local/lib/python3.8/site-packages/airflow/example_dags/example_local_kubernetes_executor.py
[2022-08-09 22:09:27,168] {logging_mixin.py:115} INFO - [2022-08-09 22:09:27,167] {dag.py:2371} INFO - Sync 1 DAGs
[2022-08-09 22:09:27,358] {logging_mixin.py:115} INFO - [2022-08-09 22:09:27,357] {dag.py:2915} INFO - Setting next_dagrun for example_local_kubernetes_executor to None, run_after=None
[2022-08-09 22:09:27,542] {processor.py:161} INFO - Processing /home/osboxes/.local/lib/python3.8/site-packages/airflow/example_dags/example_local_kubernetes_executor.py took 1.018 seconds
[2022-08-09 22:10:14,571] {processor.py:153} INFO - Started process (PID=356317) to work on /home/osboxes/.local/lib/python3.8/site-packages/airflow/example_dags/example_local_kubernetes_executor.py
[2022-08-09 22:10:14,572] {processor.py:641} INFO - Processing file /home/osboxes/.local/lib/python3.8/site-packages/airflow/example_dags/example_local_kubernetes_executor.py for tasks to queue
[2022-08-09 22:10:14,572] {logging_mixin.py:115} INFO - [2022-08-09 22:10:14,572] {dagbag.py:507} INFO - Filling up the DagBag from /home/osboxes/.local/lib/python3.8/site-packages/airflow/example_dags/example_local_kubernetes_executor.py
[2022-08-09 22:10:14,586] {processor.py:651} INFO - DAG(s) dict_keys(['example_local_kubernetes_executor']) retrieved from /home/osboxes/.local/lib/python3.8/site-packages/airflow/example_dags/example_local_kubernetes_executor.py
[2022-08-09 22:10:14,601] {logging_mixin.py:115} INFO - [2022-08-09 22:10:14,601] {dag.py:2371} INFO - Sync 1 DAGs
[2022-08-09 22:10:14,612] {logging_mixin.py:115} INFO - [2022-08-09 22:10:14,612] {dag.py:2915} INFO - Setting next_dagrun for example_local_kubernetes_executor to None, run_after=None
[2022-08-09 22:10:14,636] {processor.py:161} INFO - Processing /home/osboxes/.local/lib/python3.8/site-packages/airflow/example_dags/example_local_kubernetes_executor.py took 0.068 seconds
[2022-08-09 22:10:48,632] {processor.py:153} INFO - Started process (PID=356644) to work on /home/osboxes/.local/lib/python3.8/site-packages/airflow/example_dags/example_local_kubernetes_executor.py
[2022-08-09 22:10:48,634] {processor.py:641} INFO - Processing file /home/osboxes/.local/lib/python3.8/site-packages/airflow/example_dags/example_local_kubernetes_executor.py for tasks to queue
[2022-08-09 22:10:48,634] {logging_mixin.py:115} INFO - [2022-08-09 22:10:48,634] {dagbag.py:507} INFO - Filling up the DagBag from /home/osboxes/.local/lib/python3.8/site-packages/airflow/example_dags/example_local_kubernetes_executor.py
[2022-08-09 22:10:48,646] {processor.py:651} INFO - DAG(s) dict_keys(['example_local_kubernetes_executor']) retrieved from /home/osboxes/.local/lib/python3.8/site-packages/airflow/example_dags/example_local_kubernetes_executor.py
[2022-08-09 22:10:48,661] {logging_mixin.py:115} INFO - [2022-08-09 22:10:48,661] {dag.py:2371} INFO - Sync 1 DAGs
[2022-08-09 22:10:48,672] {logging_mixin.py:115} INFO - [2022-08-09 22:10:48,672] {dag.py:2915} INFO - Setting next_dagrun for example_local_kubernetes_executor to None, run_after=None
[2022-08-09 22:10:48,709] {processor.py:161} INFO - Processing /home/osboxes/.local/lib/python3.8/site-packages/airflow/example_dags/example_local_kubernetes_executor.py took 0.079 seconds
[2022-08-09 22:11:20,788] {processor.py:153} INFO - Started process (PID=356948) to work on /home/osboxes/.local/lib/python3.8/site-packages/airflow/example_dags/example_local_kubernetes_executor.py
[2022-08-09 22:11:20,790] {processor.py:641} INFO - Processing file /home/osboxes/.local/lib/python3.8/site-packages/airflow/example_dags/example_local_kubernetes_executor.py for tasks to queue
[2022-08-09 22:11:20,791] {logging_mixin.py:115} INFO - [2022-08-09 22:11:20,790] {dagbag.py:507} INFO - Filling up the DagBag from /home/osboxes/.local/lib/python3.8/site-packages/airflow/example_dags/example_local_kubernetes_executor.py
[2022-08-09 22:11:20,804] {processor.py:651} INFO - DAG(s) dict_keys(['example_local_kubernetes_executor']) retrieved from /home/osboxes/.local/lib/python3.8/site-packages/airflow/example_dags/example_local_kubernetes_executor.py
[2022-08-09 22:11:20,821] {logging_mixin.py:115} INFO - [2022-08-09 22:11:20,821] {dag.py:2371} INFO - Sync 1 DAGs
[2022-08-09 22:11:20,832] {logging_mixin.py:115} INFO - [2022-08-09 22:11:20,832] {dag.py:2915} INFO - Setting next_dagrun for example_local_kubernetes_executor to None, run_after=None
[2022-08-09 22:11:20,858] {processor.py:161} INFO - Processing /home/osboxes/.local/lib/python3.8/site-packages/airflow/example_dags/example_local_kubernetes_executor.py took 0.073 seconds
[2022-08-09 22:11:59,386] {processor.py:153} INFO - Started process (PID=357340) to work on /home/osboxes/.local/lib/python3.8/site-packages/airflow/example_dags/example_local_kubernetes_executor.py
[2022-08-09 22:11:59,388] {processor.py:641} INFO - Processing file /home/osboxes/.local/lib/python3.8/site-packages/airflow/example_dags/example_local_kubernetes_executor.py for tasks to queue
[2022-08-09 22:11:59,389] {logging_mixin.py:115} INFO - [2022-08-09 22:11:59,389] {dagbag.py:507} INFO - Filling up the DagBag from /home/osboxes/.local/lib/python3.8/site-packages/airflow/example_dags/example_local_kubernetes_executor.py
[2022-08-09 22:11:59,406] {processor.py:651} INFO - DAG(s) dict_keys(['example_local_kubernetes_executor']) retrieved from /home/osboxes/.local/lib/python3.8/site-packages/airflow/example_dags/example_local_kubernetes_executor.py
[2022-08-09 22:11:59,427] {logging_mixin.py:115} INFO - [2022-08-09 22:11:59,427] {dag.py:2371} INFO - Sync 1 DAGs
[2022-08-09 22:11:59,451] {logging_mixin.py:115} INFO - [2022-08-09 22:11:59,451] {dag.py:2915} INFO - Setting next_dagrun for example_local_kubernetes_executor to None, run_after=None
[2022-08-09 22:11:59,494] {processor.py:161} INFO - Processing /home/osboxes/.local/lib/python3.8/site-packages/airflow/example_dags/example_local_kubernetes_executor.py took 0.110 seconds
[2022-08-09 22:12:37,950] {processor.py:153} INFO - Started process (PID=357695) to work on /home/osboxes/.local/lib/python3.8/site-packages/airflow/example_dags/example_local_kubernetes_executor.py
[2022-08-09 22:12:37,952] {processor.py:641} INFO - Processing file /home/osboxes/.local/lib/python3.8/site-packages/airflow/example_dags/example_local_kubernetes_executor.py for tasks to queue
[2022-08-09 22:12:37,952] {logging_mixin.py:115} INFO - [2022-08-09 22:12:37,952] {dagbag.py:507} INFO - Filling up the DagBag from /home/osboxes/.local/lib/python3.8/site-packages/airflow/example_dags/example_local_kubernetes_executor.py
[2022-08-09 22:12:37,967] {processor.py:651} INFO - DAG(s) dict_keys(['example_local_kubernetes_executor']) retrieved from /home/osboxes/.local/lib/python3.8/site-packages/airflow/example_dags/example_local_kubernetes_executor.py
[2022-08-09 22:12:37,981] {logging_mixin.py:115} INFO - [2022-08-09 22:12:37,981] {dag.py:2371} INFO - Sync 1 DAGs
[2022-08-09 22:12:37,994] {logging_mixin.py:115} INFO - [2022-08-09 22:12:37,994] {dag.py:2915} INFO - Setting next_dagrun for example_local_kubernetes_executor to None, run_after=None
[2022-08-09 22:12:38,033] {processor.py:161} INFO - Processing /home/osboxes/.local/lib/python3.8/site-packages/airflow/example_dags/example_local_kubernetes_executor.py took 0.085 seconds
[2022-08-09 22:13:14,391] {processor.py:153} INFO - Started process (PID=358026) to work on /home/osboxes/.local/lib/python3.8/site-packages/airflow/example_dags/example_local_kubernetes_executor.py
[2022-08-09 22:13:14,397] {processor.py:641} INFO - Processing file /home/osboxes/.local/lib/python3.8/site-packages/airflow/example_dags/example_local_kubernetes_executor.py for tasks to queue
[2022-08-09 22:13:14,397] {logging_mixin.py:115} INFO - [2022-08-09 22:13:14,397] {dagbag.py:507} INFO - Filling up the DagBag from /home/osboxes/.local/lib/python3.8/site-packages/airflow/example_dags/example_local_kubernetes_executor.py
[2022-08-09 22:13:14,423] {processor.py:651} INFO - DAG(s) dict_keys(['example_local_kubernetes_executor']) retrieved from /home/osboxes/.local/lib/python3.8/site-packages/airflow/example_dags/example_local_kubernetes_executor.py
[2022-08-09 22:13:14,480] {logging_mixin.py:115} INFO - [2022-08-09 22:13:14,480] {dag.py:2371} INFO - Sync 1 DAGs
[2022-08-09 22:13:14,514] {logging_mixin.py:115} INFO - [2022-08-09 22:13:14,514] {dag.py:2915} INFO - Setting next_dagrun for example_local_kubernetes_executor to None, run_after=None
[2022-08-09 22:13:14,543] {processor.py:161} INFO - Processing /home/osboxes/.local/lib/python3.8/site-packages/airflow/example_dags/example_local_kubernetes_executor.py took 0.154 seconds
                                                                                                                                                                                                                                                                                                                                                                                                                                                                                                                                                                                                                                                                                                                                                                                                                                                 