[2022-08-09 21:18:45,499] {processor.py:153} INFO - Started process (PID=337314) to work on /home/osboxes/.local/lib/python3.8/site-packages/airflow/example_dags/example_bash_operator.py
[2022-08-09 21:18:45,500] {processor.py:641} INFO - Processing file /home/osboxes/.local/lib/python3.8/site-packages/airflow/example_dags/example_bash_operator.py for tasks to queue
[2022-08-09 21:18:45,500] {logging_mixin.py:115} INFO - [2022-08-09 21:18:45,500] {dagbag.py:507} INFO - Filling up the DagBag from /home/osboxes/.local/lib/python3.8/site-packages/airflow/example_dags/example_bash_operator.py
[2022-08-09 21:18:45,513] {processor.py:651} INFO - DAG(s) dict_keys(['example_bash_operator']) retrieved from /home/osboxes/.local/lib/python3.8/site-packages/airflow/example_dags/example_bash_operator.py
[2022-08-09 21:18:45,540] {logging_mixin.py:115} INFO - [2022-08-09 21:18:45,540] {dag.py:2371} INFO - Sync 1 DAGs
[2022-08-09 21:18:45,559] {logging_mixin.py:115} INFO - [2022-08-09 21:18:45,559] {dag.py:2915} INFO - Setting next_dagrun for example_bash_operator to 2022-08-09T00:00:00+00:00, run_after=2022-08-10T00:00:00+00:00
[2022-08-09 21:18:45,606] {processor.py:161} INFO - Processing /home/osboxes/.local/lib/python3.8/site-packages/airflow/example_dags/example_bash_operator.py took 0.109 seconds
[2022-08-09 21:19:26,163] {processor.py:153} INFO - Started process (PID=337686) to work on /home/osboxes/.local/lib/python3.8/site-packages/airflow/example_dags/example_bash_operator.py
[2022-08-09 21:19:26,165] {processor.py:641} INFO - Processing file /home/osboxes/.local/lib/python3.8/site-packages/airflow/example_dags/example_bash_operator.py for tasks to queue
[2022-08-09 21:19:26,165] {logging_mixin.py:115} INFO - [2022-08-09 21:19:26,165] {dagbag.py:507} INFO - Filling up the DagBag from /home/osboxes/.local/lib/python3.8/site-packages/airflow/example_dags/example_bash_operator.py
[2022-08-09 21:19:26,174] {processor.py:651} INFO - DAG(s) dict_keys(['example_bash_operator']) retrieved from /home/osboxes/.local/lib/python3.8/site-packages/airflow/example_dags/example_bash_operator.py
[2022-08-09 21:19:26,193] {logging_mixin.py:115} INFO - [2022-08-09 21:19:26,192] {dag.py:2371} INFO - Sync 1 DAGs
[2022-08-09 21:19:26,206] {logging_mixin.py:115} INFO - [2022-08-09 21:19:26,206] {dag.py:2915} INFO - Setting next_dagrun for example_bash_operator to 2022-08-09T00:00:00+00:00, run_after=2022-08-10T00:00:00+00:00
[2022-08-09 21:19:26,239] {processor.py:161} INFO - Processing /home/osboxes/.local/lib/python3.8/site-packages/airflow/example_dags/example_bash_operator.py took 0.078 seconds
[2022-08-09 21:20:12,139] {processor.py:153} INFO - Started process (PID=338110) to work on /home/osboxes/.local/lib/python3.8/site-packages/airflow/example_dags/example_bash_operator.py
[2022-08-09 21:20:12,140] {processor.py:641} INFO - Processing file /home/osboxes/.local/lib/python3.8/site-packages/airflow/example_dags/example_bash_operator.py for tasks to queue
[2022-08-09 21:20:12,141] {logging_mixin.py:115} INFO - [2022-08-09 21:20:12,141] {dagbag.py:507} INFO - Filling up the DagBag from /home/osboxes/.local/lib/python3.8/site-packages/airflow/example_dags/example_bash_operator.py
[2022-08-09 21:20:12,150] {processor.py:651} INFO - DAG(s) dict_keys(['example_bash_operator']) retrieved from /home/osboxes/.local/lib/python3.8/site-packages/airflow/example_dags/example_bash_operator.py
[2022-08-09 21:20:12,167] {logging_mixin.py:115} INFO - [2022-08-09 21:20:12,167] {dag.py:2371} INFO - Sync 1 DAGs
[2022-08-09 21:20:12,183] {logging_mixin.py:115} INFO - [2022-08-09 21:20:12,183] {dag.py:2915} INFO - Setting next_dagrun for example_bash_operator to 2022-08-09T00:00:00+00:00, run_after=2022-08-10T00:00:00+00:00
[2022-08-09 21:20:12,216] {processor.py:161} INFO - Processing /home/osboxes/.local/lib/python3.8/site-packages/airflow/example_dags/example_bash_operator.py took 0.080 seconds
[2022-08-09 21:20:59,217] {processor.py:153} INFO - Started process (PID=338557) to work on /home/osboxes/.local/lib/python3.8/site-packages/airflow/example_dags/example_bash_operator.py
[2022-08-09 21:20:59,219] {processor.py:641} INFO - Processing file /home/osboxes/.local/lib/python3.8/site-packages/airflow/example_dags/example_bash_operator.py for tasks to queue
[2022-08-09 21:20:59,219] {logging_mixin.py:115} INFO - [2022-08-09 21:20:59,219] {dagbag.py:507} INFO - Filling up the DagBag from /home/osboxes/.local/lib/python3.8/site-packages/airflow/example_dags/example_bash_operator.py
[2022-08-09 21:20:59,228] {processor.py:651} INFO - DAG(s) dict_keys(['example_bash_operator']) retrieved from /home/osboxes/.local/lib/python3.8/site-packages/airflow/example_dags/example_bash_operator.py
[2022-08-09 21:20:59,245] {logging_mixin.py:115} INFO - [2022-08-09 21:20:59,245] {dag.py:2371} INFO - Sync 1 DAGs
[2022-08-09 21:20:59,261] {logging_mixin.py:115} INFO - [2022-08-09 21:20:59,261] {dag.py:2915} INFO - Setting next_dagrun for example_bash_operator to 2022-08-09T00:00:00+00:00, run_after=2022-08-10T00:00:00+00:00
[2022-08-09 21:20:59,288] {processor.py:161} INFO - Processing /home/osboxes/.local/lib/python3.8/site-packages/airflow/example_dags/example_bash_operator.py took 0.074 seconds
[2022-08-09 21:21:41,095] {processor.py:153} INFO - Started process (PID=338936) to work on /home/osboxes/.local/lib/python3.8/site-packages/airflow/example_dags/example_bash_operator.py
[2022-08-09 21:21:41,097] {processor.py:641} INFO - Processing file /home/osboxes/.local/lib/python3.8/site-packages/airflow/example_dags/example_bash_operator.py for tasks to queue
[2022-08-09 21:21:41,097] {logging_mixin.py:115} INFO - [2022-08-09 21:21:41,097] {dagbag.py:507} INFO - Filling up the DagBag from /home/osboxes/.local/lib/python3.8/site-packages/airflow/example_dags/example_bash_operator.py
[2022-08-09 21:21:41,108] {processor.py:651} INFO - DAG(s) dict_keys(['example_bash_operator']) retrieved from /home/osboxes/.local/lib/python3.8/site-packages/airflow/example_dags/example_bash_operator.py
[2022-08-09 21:21:41,132] {logging_mixin.py:115} INFO - [2022-08-09 21:21:41,132] {dag.py:2371} INFO - Sync 1 DAGs
[2022-08-09 21:21:41,147] {logging_mixin.py:115} INFO - [2022-08-09 21:21:41,147] {dag.py:2915} INFO - Setting next_dagrun for example_bash_operator to 2022-08-09T00:00:00+00:00, run_after=2022-08-10T00:00:00+00:00
[2022-08-09 21:21:41,185] {processor.py:161} INFO - Processing /home/osboxes/.local/lib/python3.8/site-packages/airflow/example_dags/example_bash_operator.py took 0.093 seconds
[2022-08-09 21:22:23,426] {processor.py:153} INFO - Started process (PID=339337) to work on /home/osboxes/.local/lib/python3.8/site-packages/airflow/example_dags/example_bash_operator.py
[2022-08-09 21:22:23,443] {processor.py:641} INFO - Processing file /home/osboxes/.local/lib/python3.8/site-packages/airflow/example_dags/example_bash_operator.py for tasks to queue
[2022-08-09 21:22:23,444] {logging_mixin.py:115} INFO - [2022-08-09 21:22:23,444] {dagbag.py:507} INFO - Filling up the DagBag from /home/osboxes/.local/lib/python3.8/site-packages/airflow/example_dags/example_bash_operator.py
[2022-08-09 21:22:23,459] {processor.py:651} INFO - DAG(s) dict_keys(['example_bash_operator']) retrieved from /home/osboxes/.local/lib/python3.8/site-packages/airflow/example_dags/example_bash_operator.py
[2022-08-09 21:22:23,478] {logging_mixin.py:115} INFO - [2022-08-09 21:22:23,477] {dag.py:2371} INFO - Sync 1 DAGs
[2022-08-09 21:22:23,497] {logging_mixin.py:115} INFO - [2022-08-09 21:22:23,497] {dag.py:2915} INFO - Setting next_dagrun for example_bash_operator to 2022-08-09T00:00:00+00:00, run_after=2022-08-10T00:00:00+00:00
[2022-08-09 21:22:23,527] {processor.py:161} INFO - Processing /home/osboxes/.local/lib/python3.8/site-packages/airflow/example_dags/example_bash_operator.py took 0.103 seconds
[2022-08-09 21:23:12,630] {processor.py:153} INFO - Started process (PID=339800) to work on /home/osboxes/.local/lib/python3.8/site-packages/airflow/example_dags/example_bash_operator.py
[2022-08-09 21:23:12,632] {processor.py:641} INFO - Processing file /home/osboxes/.local/lib/python3.8/site-packages/airflow/example_dags/example_bash_operator.py for tasks to queue
[2022-08-09 21:23:12,632] {logging_mixin.py:115} INFO - [2022-08-09 21:23:12,632] {dagbag.py:507} INFO - Filling up the DagBag from /home/osboxes/.local/lib/python3.8/site-packages/airflow/example_dags/example_bash_operator.py
[2022-08-09 21:23:12,641] {processor.py:651} INFO - DAG(s) dict_keys(['example_bash_operator']) retrieved from /home/osboxes/.local/lib/python3.8/site-packages/airflow/example_dags/example_bash_operator.py
[2022-08-09 21:23:12,658] {logging_mixin.py:115} INFO - [2022-08-09 21:23:12,658] {dag.py:2371} INFO - Sync 1 DAGs
[2022-08-09 21:23:12,672] {logging_mixin.py:115} INFO - [2022-08-09 21:23:12,672] {dag.py:2915} INFO - Setting next_dagrun for example_bash_operator to 2022-08-09T00:00:00+00:00, run_after=2022-08-10T00:00:00+00:00
[2022-08-09 21:23:12,697] {processor.py:161} INFO - Processing /home/osboxes/.local/lib/python3.8/site-packages/airflow/example_dags/example_bash_operator.py took 0.070 seconds
[2022-08-09 21:24:05,406] {processor.py:153} INFO - Started process (PID=340329) to work on /home/osboxes/.local/lib/python3.8/site-packages/airflow/example_dags/example_bash_operator.py
[2022-08-09 21:24:05,407] {processor.py:641} INFO - Processing file /home/osboxes/.local/lib/python3.8/site-packages/airflow/example_dags/example_bash_operator.py for tasks to queue
[2022-08-09 21:24:05,408] {logging_mixin.py:115} INFO - [2022-08-09 21:24:05,408] {dagbag.py:507} INFO - Filling up the DagBag from /home/osboxes/.local/lib/python3.8/site-packages/airflow/example_dags/example_bash_operator.py
[2022-08-09 21:24:05,416] {processor.py:651} INFO - DAG(s) dict_keys(['example_bash_operator']) retrieved from /home/osboxes/.local/lib/python3.8/site-packages/airflow/example_dags/example_bash_operator.py
[2022-08-09 21:24:05,435] {logging_mixin.py:115} INFO - [2022-08-09 21:24:05,435] {dag.py:2371} INFO - Sync 1 DAGs
[2022-08-09 21:24:05,450] {logging_mixin.py:115} INFO - [2022-08-09 21:24:05,450] {dag.py:2915} INFO - Setting next_dagrun for example_bash_operator to 2022-08-09T00:00:00+00:00, run_after=2022-08-10T00:00:00+00:00
[2022-08-09 21:24:05,489] {processor.py:161} INFO - Processing /home/osboxes/.local/lib/python3.8/site-packages/airflow/example_dags/example_bash_operator.py took 0.086 seconds
[2022-08-09 21:24:50,317] {processor.py:153} INFO - Started process (PID=340755) to work on /home/osboxes/.local/lib/python3.8/site-packages/airflow/example_dags/example_bash_operator.py
[2022-08-09 21:24:50,320] {processor.py:641} INFO - Processing file /home/osboxes/.local/lib/python3.8/site-packages/airflow/example_dags/example_bash_operator.py for tasks to queue
[2022-08-09 21:24:50,320] {logging_mixin.py:115} INFO - [2022-08-09 21:24:50,320] {dagbag.py:507} INFO - Filling up the DagBag from /home/osboxes/.local/lib/python3.8/site-packages/airflow/example_dags/example_bash_operator.py
[2022-08-09 21:24:50,329] {processor.py:651} INFO - DAG(s) dict_keys(['example_bash_operator']) retrieved from /home/osboxes/.local/lib/python3.8/site-packages/airflow/example_dags/example_bash_operator.py
[2022-08-09 21:24:50,346] {logging_mixin.py:115} INFO - [2022-08-09 21:24:50,346] {dag.py:2371} INFO - Sync 1 DAGs
[2022-08-09 21:24:50,359] {logging_mixin.py:115} INFO - [2022-08-09 21:24:50,359] {dag.py:2915} INFO - Setting next_dagrun for example_bash_operator to 2022-08-09T00:00:00+00:00, run_after=2022-08-10T00:00:00+00:00
[2022-08-09 21:24:50,388] {processor.py:161} INFO - Processing /home/osboxes/.local/lib/python3.8/site-packages/airflow/example_dags/example_bash_operator.py took 0.074 seconds
[2022-08-09 21:25:35,790] {processor.py:153} INFO - Started process (PID=341161) to work on /home/osboxes/.local/lib/python3.8/site-packages/airflow/example_dags/example_bash_operator.py
[2022-08-09 21:25:35,792] {processor.py:641} INFO - Processing file /home/osboxes/.local/lib/python3.8/site-packages/airflow/example_dags/example_bash_operator.py for tasks to queue
[2022-08-09 21:25:35,792] {logging_mixin.py:115} INFO - [2022-08-09 21:25:35,792] {dagbag.py:507} INFO - Filling up the DagBag from /home/osboxes/.local/lib/python3.8/site-packages/airflow/example_dags/example_bash_operator.py
[2022-08-09 21:25:35,801] {processor.py:651} INFO - DAG(s) dict_keys(['example_bash_operator']) retrieved from /home/osboxes/.local/lib/python3.8/site-packages/airflow/example_dags/example_bash_operator.py
[2022-08-09 21:25:35,818] {logging_mixin.py:115} INFO - [2022-08-09 21:25:35,818] {dag.py:2371} INFO - Sync 1 DAGs
[2022-08-09 21:25:35,831] {logging_mixin.py:115} INFO - [2022-08-09 21:25:35,831] {dag.py:2915} INFO - Setting next_dagrun for example_bash_operator to 2022-08-09T00:00:00+00:00, run_after=2022-08-10T00:00:00+00:00
[2022-08-09 21:25:35,878] {processor.py:161} INFO - Processing /home/osboxes/.local/lib/python3.8/site-packages/airflow/example_dags/example_bash_operator.py took 0.091 seconds
[2022-08-09 21:26:23,038] {processor.py:153} INFO - Started process (PID=341608) to work on /home/osboxes/.local/lib/python3.8/site-packages/airflow/example_dags/example_bash_operator.py
[2022-08-09 21:26:23,039] {processor.py:641} INFO - Processing file /home/osboxes/.local/lib/python3.8/site-packages/airflow/example_dags/example_bash_operator.py for tasks to queue
[2022-08-09 21:26:23,040] {logging_mixin.py:115} INFO - [2022-08-09 21:26:23,040] {dagbag.py:507} INFO - Filling up the DagBag from /home/osboxes/.local/lib/python3.8/site-packages/airflow/example_dags/example_bash_operator.py
[2022-08-09 21:26:23,048] {processor.py:651} INFO - DAG(s) dict_keys(['example_bash_operator']) retrieved from /home/osboxes/.local/lib/python3.8/site-packages/airflow/example_dags/example_bash_operator.py
[2022-08-09 21:26:23,064] {logging_mixin.py:115} INFO - [2022-08-09 21:26:23,064] {dag.py:2371} INFO - Sync 1 DAGs
[2022-08-09 21:26:23,080] {logging_mixin.py:115} INFO - [2022-08-09 21:26:23,079] {dag.py:2915} INFO - Setting next_dagrun for example_bash_operator to 2022-08-09T00:00:00+00:00, run_after=2022-08-10T00:00:00+00:00
[2022-08-09 21:26:23,122] {processor.py:161} INFO - Processing /home/osboxes/.local/lib/python3.8/site-packages/airflow/example_dags/example_bash_operator.py took 0.087 seconds
[2022-08-09 21:27:16,314] {processor.py:153} INFO - Started process (PID=342145) to work on /home/osboxes/.local/lib/python3.8/site-packages/airflow/example_dags/example_bash_operator.py
[2022-08-09 21:27:16,316] {processor.py:641} INFO - Processing file /home/osboxes/.local/lib/python3.8/site-packages/airflow/example_dags/example_bash_operator.py for tasks to queue
[2022-08-09 21:27:16,317] {logging_mixin.py:115} INFO - [2022-08-09 21:27:16,317] {dagbag.py:507} INFO - Filling up the DagBag from /home/osboxes/.local/lib/python3.8/site-packages/airflow/example_dags/example_bash_operator.py
[2022-08-09 21:27:16,324] {processor.py:651} INFO - DAG(s) dict_keys(['example_bash_operator']) retrieved from /home/osboxes/.local/lib/python3.8/site-packages/airflow/example_dags/example_bash_operator.py
[2022-08-09 21:27:16,341] {logging_mixin.py:115} INFO - [2022-08-09 21:27:16,341] {dag.py:2371} INFO - Sync 1 DAGs
[2022-08-09 21:27:16,356] {logging_mixin.py:115} INFO - [2022-08-09 21:27:16,356] {dag.py:2915} INFO - Setting next_dagrun for example_bash_operator to 2022-08-09T00:00:00+00:00, run_after=2022-08-10T00:00:00+00:00
[2022-08-09 21:27:16,408] {processor.py:161} INFO - Processing /home/osboxes/.local/lib/python3.8/site-packages/airflow/example_dags/example_bash_operator.py took 0.096 seconds
[2022-08-09 21:27:58,647] {processor.py:153} INFO - Started process (PID=342544) to work on /home/osboxes/.local/lib/python3.8/site-packages/airflow/example_dags/example_bash_operator.py
[2022-08-09 21:27:58,648] {processor.py:641} INFO - Processing file /home/osboxes/.local/lib/python3.8/site-packages/airflow/example_dags/example_bash_operator.py for tasks to queue
[2022-08-09 21:27:58,649] {logging_mixin.py:115} INFO - [2022-08-09 21:27:58,649] {dagbag.py:507} INFO - Filling up the DagBag from /home/osboxes/.local/lib/python3.8/site-packages/airflow/example_dags/example_bash_operator.py
[2022-08-09 21:27:58,658] {processor.py:651} INFO - DAG(s) dict_keys(['example_bash_operator']) retrieved from /home/osboxes/.local/lib/python3.8/site-packages/airflow/example_dags/example_bash_operator.py
[2022-08-09 21:27:58,674] {logging_mixin.py:115} INFO - [2022-08-09 21:27:58,673] {dag.py:2371} INFO - Sync 1 DAGs
[2022-08-09 21:27:58,688] {logging_mixin.py:115} INFO - [2022-08-09 21:27:58,688] {dag.py:2915} INFO - Setting next_dagrun for example_bash_operator to 2022-08-09T00:00:00+00:00, run_after=2022-08-10T00:00:00+00:00
[2022-08-09 21:27:58,716] {processor.py:161} INFO - Processing /home/osboxes/.local/lib/python3.8/site-packages/airflow/example_dags/example_bash_operator.py took 0.072 seconds
[2022-08-09 21:28:39,618] {processor.py:153} INFO - Started process (PID=342977) to work on /home/osboxes/.local/lib/python3.8/site-packages/airflow/example_dags/example_bash_operator.py
[2022-08-09 21:28:39,621] {processor.py:641} INFO - Processing file /home/osboxes/.local/lib/python3.8/site-packages/airflow/example_dags/example_bash_operator.py for tasks to queue
[2022-08-09 21:28:39,622] {logging_mixin.py:115} INFO - [2022-08-09 21:28:39,622] {dagbag.py:507} INFO - Filling up the DagBag from /home/osboxes/.local/lib/python3.8/site-packages/airflow/example_dags/example_bash_operator.py
[2022-08-09 21:28:39,630] {processor.py:651} INFO - DAG(s) dict_keys(['example_bash_operator']) retrieved from /home/osboxes/.local/lib/python3.8/site-packages/airflow/example_dags/example_bash_operator.py
[2022-08-09 21:28:39,647] {logging_mixin.py:115} INFO - [2022-08-09 21:28:39,647] {dag.py:2371} INFO - Sync 1 DAGs
[2022-08-09 21:28:39,659] {logging_mixin.py:115} INFO - [2022-08-09 21:28:39,659] {dag.py:2915} INFO - Setting next_dagrun for example_bash_operator to 2022-08-09T00:00:00+00:00, run_after=2022-08-10T00:00:00+00:00
[2022-08-09 21:28:39,689] {processor.py:161} INFO - Processing /home/osboxes/.local/lib/python3.8/site-packages/airflow/example_dags/example_bash_operator.py took 0.073 seconds
[2022-08-09 21:29:22,932] {processor.py:153} INFO - Started process (PID=343370) to work on /home/osboxes/.local/lib/python3.8/site-packages/airflow/example_dags/example_bash_operator.py
[2022-08-09 21:29:22,934] {processor.py:641} INFO - Processing file /home/osboxes/.local/lib/python3.8/site-packages/airflow/example_dags/example_bash_operator.py for tasks to queue
[2022-08-09 21:29:22,934] {logging_mixin.py:115} INFO - [2022-08-09 21:29:22,934] {dagbag.py:507} INFO - Filling up the DagBag from /home/osboxes/.local/lib/python3.8/site-packages/airflow/example_dags/example_bash_operator.py
[2022-08-09 21:29:22,943] {processor.py:651} INFO - DAG(s) dict_keys(['example_bash_operator']) retrieved from /home/osboxes/.local/lib/python3.8/site-packages/airflow/example_dags/example_bash_operator.py
[2022-08-09 21:29:22,958] {logging_mixin.py:115} INFO - [2022-08-09 21:29:22,958] {dag.py:2371} INFO - Sync 1 DAGs
[2022-08-09 21:29:22,975] {logging_mixin.py:115} INFO - [2022-08-09 21:29:22,972] {dag.py:2915} INFO - Setting next_dagrun for example_bash_operator to 2022-08-09T00:00:00+00:00, run_after=2022-08-10T00:00:00+00:00
[2022-08-09 21:29:23,027] {processor.py:161} INFO - Processing /home/osboxes/.local/lib/python3.8/site-packages/airflow/example_dags/example_bash_operator.py took 0.097 seconds
[2022-08-09 21:30:16,682] {processor.py:153} INFO - Started process (PID=343860) to work on /home/osboxes/.local/lib/python3.8/site-packages/airflow/example_dags/example_bash_operator.py
[2022-08-09 21:30:16,684] {processor.py:641} INFO - Processing file /home/osboxes/.local/lib/python3.8/site-packages/airflow/example_dags/example_bash_operator.py for tasks to queue
[2022-08-09 21:30:16,684] {logging_mixin.py:115} INFO - [2022-08-09 21:30:16,684] {dagbag.py:507} INFO - Filling up the DagBag from /home/osboxes/.local/lib/python3.8/site-packages/airflow/example_dags/example_bash_operator.py
[2022-08-09 21:30:16,695] {processor.py:651} INFO - DAG(s) dict_keys(['example_bash_operator']) retrieved from /home/osboxes/.local/lib/python3.8/site-packages/airflow/example_dags/example_bash_operator.py
[2022-08-09 21:30:16,712] {logging_mixin.py:115} INFO - [2022-08-09 21:30:16,712] {dag.py:2371} INFO - Sync 1 DAGs
[2022-08-09 21:30:16,726] {logging_mixin.py:115} INFO - [2022-08-09 21:30:16,726] {dag.py:2915} INFO - Setting next_dagrun for example_bash_operator to 2022-08-09T00:00:00+00:00, run_after=2022-08-10T00:00:00+00:00
[2022-08-09 21:30:16,771] {processor.py:161} INFO - Processing /home/osboxes/.local/lib/python3.8/site-packages/airflow/example_dags/example_bash_operator.py took 0.092 seconds
[2022-08-09 21:31:03,875] {processor.py:153} INFO - Started process (PID=344309) to work on /home/osboxes/.local/lib/python3.8/site-packages/airflow/example_dags/example_bash_operator.py
[2022-08-09 21:31:03,878] {processor.py:641} INFO - Processing file /home/osboxes/.local/lib/python3.8/site-packages/airflow/example_dags/example_bash_operator.py for tasks to queue
[2022-08-09 21:31:03,878] {logging_mixin.py:115} INFO - [2022-08-09 21:31:03,878] {dagbag.py:507} INFO - Filling up the DagBag from /home/osboxes/.local/lib/python3.8/site-packages/airflow/example_dags/example_bash_operator.py
[2022-08-09 21:31:03,887] {processor.py:651} INFO - DAG(s) dict_keys(['example_bash_operator']) retrieved from /home/osboxes/.local/lib/python3.8/site-packages/airflow/example_dags/example_bash_operator.py
[2022-08-09 21:31:03,903] {logging_mixin.py:115} INFO - [2022-08-09 21:31:03,903] {dag.py:2371} INFO - Sync 1 DAGs
[2022-08-09 21:31:03,917] {logging_mixin.py:115} INFO - [2022-08-09 21:31:03,917] {dag.py:2915} INFO - Setting next_dagrun for example_bash_operator to 2022-08-09T00:00:00+00:00, run_after=2022-08-10T00:00:00+00:00
[2022-08-09 21:31:03,945] {processor.py:161} INFO - Processing /home/osboxes/.local/lib/python3.8/site-packages/airflow/example_dags/example_bash_operator.py took 0.072 seconds
[2022-08-09 21:31:51,954] {processor.py:153} INFO - Started process (PID=344768) to work on /home/osboxes/.local/lib/python3.8/site-packages/airflow/example_dags/example_bash_operator.py
[2022-08-09 21:31:51,964] {processor.py:641} INFO - Processing file /home/osboxes/.local/lib/python3.8/site-packages/airflow/example_dags/example_bash_operator.py for tasks to queue
[2022-08-09 21:31:51,965] {logging_mixin.py:115} INFO - [2022-08-09 21:31:51,965] {dagbag.py:507} INFO - Filling up the DagBag from /home/osboxes/.local/lib/python3.8/site-packages/airflow/example_dags/example_bash_operator.py
[2022-08-09 21:31:51,980] {processor.py:651} INFO - DAG(s) dict_keys(['example_bash_operator']) retrieved from /home/osboxes/.local/lib/python3.8/site-packages/airflow/example_dags/example_bash_operator.py
[2022-08-09 21:31:51,995] {logging_mixin.py:115} INFO - [2022-08-09 21:31:51,995] {dag.py:2371} INFO - Sync 1 DAGs
[2022-08-09 21:31:52,018] {logging_mixin.py:115} INFO - [2022-08-09 21:31:52,018] {dag.py:2915} INFO - Setting next_dagrun for example_bash_operator to 2022-08-09T00:00:00+00:00, run_after=2022-08-10T00:00:00+00:00
[2022-08-09 21:31:52,049] {processor.py:161} INFO - Processing /home/osboxes/.local/lib/python3.8/site-packages/airflow/example_dags/example_bash_operator.py took 0.096 seconds
[2022-08-09 21:32:32,858] {processor.py:153} INFO - Started process (PID=345118) to work on /home/osboxes/.local/lib/python3.8/site-packages/airflow/example_dags/example_bash_operator.py
[2022-08-09 21:32:32,859] {processor.py:641} INFO - Processing file /home/osboxes/.local/lib/python3.8/site-packages/airflow/example_dags/example_bash_operator.py for tasks to queue
[2022-08-09 21:32:32,860] {logging_mixin.py:115} INFO - [2022-08-09 21:32:32,859] {dagbag.py:507} INFO - Filling up the DagBag from /home/osboxes/.local/lib/python3.8/site-packages/airflow/example_dags/example_bash_operator.py
[2022-08-09 21:32:32,868] {processor.py:651} INFO - DAG(s) dict_keys(['example_bash_operator']) retrieved from /home/osboxes/.local/lib/python3.8/site-packages/airflow/example_dags/example_bash_operator.py
[2022-08-09 21:32:32,904] {logging_mixin.py:115} INFO - [2022-08-09 21:32:32,904] {dag.py:2371} INFO - Sync 1 DAGs
[2022-08-09 21:32:33,009] {logging_mixin.py:115} INFO - [2022-08-09 21:32:33,009] {dag.py:2915} INFO - Setting next_dagrun for example_bash_operator to 2022-08-09T00:00:00+00:00, run_after=2022-08-10T00:00:00+00:00
[2022-08-09 21:32:33,157] {processor.py:161} INFO - Processing /home/osboxes/.local/lib/python3.8/site-packages/airflow/example_dags/example_bash_operator.py took 0.301 seconds
[2022-08-09 21:33:19,500] {processor.py:153} INFO - Started process (PID=345543) to work on /home/osboxes/.local/lib/python3.8/site-packages/airflow/example_dags/example_bash_operator.py
[2022-08-09 21:33:19,501] {processor.py:641} INFO - Processing file /home/osboxes/.local/lib/python3.8/site-packages/airflow/example_dags/example_bash_operator.py for tasks to queue
[2022-08-09 21:33:19,502] {logging_mixin.py:115} INFO - [2022-08-09 21:33:19,502] {dagbag.py:507} INFO - Filling up the DagBag from /home/osboxes/.local/lib/python3.8/site-packages/airflow/example_dags/example_bash_operator.py
[2022-08-09 21:33:19,510] {processor.py:651} INFO - DAG(s) dict_keys(['example_bash_operator']) retrieved from /home/osboxes/.local/lib/python3.8/site-packages/airflow/example_dags/example_bash_operator.py
[2022-08-09 21:33:19,527] {logging_mixin.py:115} INFO - [2022-08-09 21:33:19,527] {dag.py:2371} INFO - Sync 1 DAGs
[2022-08-09 21:33:19,540] {logging_mixin.py:115} INFO - [2022-08-09 21:33:19,540] {dag.py:2915} INFO - Setting next_dagrun for example_bash_operator to 2022-08-09T00:00:00+00:00, run_after=2022-08-10T00:00:00+00:00
[2022-08-09 21:33:19,590] {processor.py:161} INFO - Processing /home/osboxes/.local/lib/python3.8/site-packages/airflow/example_dags/example_bash_operator.py took 0.093 seconds
[2022-08-09 21:34:11,899] {processor.py:153} INFO - Started process (PID=346067) to work on /home/osboxes/.local/lib/python3.8/site-packages/airflow/example_dags/example_bash_operator.py
[2022-08-09 21:34:11,901] {processor.py:641} INFO - Processing file /home/osboxes/.local/lib/python3.8/site-packages/airflow/example_dags/example_bash_operator.py for tasks to queue
[2022-08-09 21:34:11,901] {logging_mixin.py:115} INFO - [2022-08-09 21:34:11,901] {dagbag.py:507} INFO - Filling up the DagBag from /home/osboxes/.local/lib/python3.8/site-packages/airflow/example_dags/example_bash_operator.py
[2022-08-09 21:34:11,910] {processor.py:651} INFO - DAG(s) dict_keys(['example_bash_operator']) retrieved from /home/osboxes/.local/lib/python3.8/site-packages/airflow/example_dags/example_bash_operator.py
[2022-08-09 21:34:11,927] {logging_mixin.py:115} INFO - [2022-08-09 21:34:11,926] {dag.py:2371} INFO - Sync 1 DAGs
[2022-08-09 21:34:11,940] {logging_mixin.py:115} INFO - [2022-08-09 21:34:11,940] {dag.py:2915} INFO - Setting next_dagrun for example_bash_operator to 2022-08-09T00:00:00+00:00, run_after=2022-08-10T00:00:00+00:00
[2022-08-09 21:34:11,967] {processor.py:161} INFO - Processing /home/osboxes/.local/lib/python3.8/site-packages/airflow/example_dags/example_bash_operator.py took 0.070 seconds
[2022-08-09 21:34:55,897] {processor.py:153} INFO - Started process (PID=346492) to work on /home/osboxes/.local/lib/python3.8/site-packages/airflow/example_dags/example_bash_operator.py
[2022-08-09 21:34:55,899] {processor.py:641} INFO - Processing file /home/osboxes/.local/lib/python3.8/site-packages/airflow/example_dags/example_bash_operator.py for tasks to queue
[2022-08-09 21:34:55,899] {logging_mixin.py:115} INFO - [2022-08-09 21:34:55,899] {dagbag.py:507} INFO - Filling up the DagBag from /home/osboxes/.local/lib/python3.8/site-packages/airflow/example_dags/example_bash_operator.py
[2022-08-09 21:34:55,907] {processor.py:651} INFO - DAG(s) dict_keys(['example_bash_operator']) retrieved from /home/osboxes/.local/lib/python3.8/site-packages/airflow/example_dags/example_bash_operator.py
[2022-08-09 21:34:55,924] {logging_mixin.py:115} INFO - [2022-08-09 21:34:55,924] {dag.py:2371} INFO - Sync 1 DAGs
[2022-08-09 21:34:55,938] {logging_mixin.py:115} INFO - [2022-08-09 21:34:55,938] {dag.py:2915} INFO - Setting next_dagrun for example_bash_operator to 2022-08-09T00:00:00+00:00, run_after=2022-08-10T00:00:00+00:00
[2022-08-09 21:34:55,974] {processor.py:161} INFO - Processing /home/osboxes/.local/lib/python3.8/site-packages/airflow/example_dags/example_bash_operator.py took 0.079 seconds
[2022-08-09 21:35:45,206] {processor.py:153} INFO - Started process (PID=346935) to work on /home/osboxes/.local/lib/python3.8/site-packages/airflow/example_dags/example_bash_operator.py
[2022-08-09 21:35:45,208] {processor.py:641} INFO - Processing file /home/osboxes/.local/lib/python3.8/site-packages/airflow/example_dags/example_bash_operator.py for tasks to queue
[2022-08-09 21:35:45,208] {logging_mixin.py:115} INFO - [2022-08-09 21:35:45,208] {dagbag.py:507} INFO - Filling up the DagBag from /home/osboxes/.local/lib/python3.8/site-packages/airflow/example_dags/example_bash_operator.py
[2022-08-09 21:35:45,216] {processor.py:651} INFO - DAG(s) dict_keys(['example_bash_operator']) retrieved from /home/osboxes/.local/lib/python3.8/site-packages/airflow/example_dags/example_bash_operator.py
[2022-08-09 21:35:45,234] {logging_mixin.py:115} INFO - [2022-08-09 21:35:45,234] {dag.py:2371} INFO - Sync 1 DAGs
[2022-08-09 21:35:45,247] {logging_mixin.py:115} INFO - [2022-08-09 21:35:45,246] {dag.py:2915} INFO - Setting next_dagrun for example_bash_operator to 2022-08-09T00:00:00+00:00, run_after=2022-08-10T00:00:00+00:00
[2022-08-09 21:35:45,275] {processor.py:161} INFO - Processing /home/osboxes/.local/lib/python3.8/site-packages/airflow/example_dags/example_bash_operator.py took 0.072 seconds
[2022-08-09 21:36:29,575] {processor.py:153} INFO - Started process (PID=347345) to work on /home/osboxes/.local/lib/python3.8/site-packages/airflow/example_dags/example_bash_operator.py
[2022-08-09 21:36:29,586] {processor.py:641} INFO - Processing file /home/osboxes/.local/lib/python3.8/site-packages/airflow/example_dags/example_bash_operator.py for tasks to queue
[2022-08-09 21:36:29,586] {logging_mixin.py:115} INFO - [2022-08-09 21:36:29,586] {dagbag.py:507} INFO - Filling up the DagBag from /home/osboxes/.local/lib/python3.8/site-packages/airflow/example_dags/example_bash_operator.py
[2022-08-09 21:36:29,595] {processor.py:651} INFO - DAG(s) dict_keys(['example_bash_operator']) retrieved from /home/osboxes/.local/lib/python3.8/site-packages/airflow/example_dags/example_bash_operator.py
[2022-08-09 21:36:29,610] {logging_mixin.py:115} INFO - [2022-08-09 21:36:29,610] {dag.py:2371} INFO - Sync 1 DAGs
[2022-08-09 21:36:29,623] {logging_mixin.py:115} INFO - [2022-08-09 21:36:29,623] {dag.py:2915} INFO - Setting next_dagrun for example_bash_operator to 2022-08-09T00:00:00+00:00, run_after=2022-08-10T00:00:00+00:00
[2022-08-09 21:36:29,653] {processor.py:161} INFO - Processing /home/osboxes/.local/lib/python3.8/site-packages/airflow/example_dags/example_bash_operator.py took 0.080 seconds
[2022-08-09 21:37:11,512] {processor.py:153} INFO - Started process (PID=347722) to work on /home/osboxes/.local/lib/python3.8/site-packages/airflow/example_dags/example_bash_operator.py
[2022-08-09 21:37:11,513] {processor.py:641} INFO - Processing file /home/osboxes/.local/lib/python3.8/site-packages/airflow/example_dags/example_bash_operator.py for tasks to queue
[2022-08-09 21:37:11,513] {logging_mixin.py:115} INFO - [2022-08-09 21:37:11,513] {dagbag.py:507} INFO - Filling up the DagBag from /home/osboxes/.local/lib/python3.8/site-packages/airflow/example_dags/example_bash_operator.py
[2022-08-09 21:37:11,524] {processor.py:651} INFO - DAG(s) dict_keys(['example_bash_operator']) retrieved from /home/osboxes/.local/lib/python3.8/site-packages/airflow/example_dags/example_bash_operator.py
[2022-08-09 21:37:11,567] {logging_mixin.py:115} INFO - [2022-08-09 21:37:11,567] {dag.py:2371} INFO - Sync 1 DAGs
[2022-08-09 21:37:11,581] {logging_mixin.py:115} INFO - [2022-08-09 21:37:11,581] {dag.py:2915} INFO - Setting next_dagrun for example_bash_operator to 2022-08-09T00:00:00+00:00, run_after=2022-08-10T00:00:00+00:00
[2022-08-09 21:37:11,608] {processor.py:161} INFO - Processing /home/osboxes/.local/lib/python3.8/site-packages/airflow/example_dags/example_bash_operator.py took 0.099 seconds
[2022-08-09 21:38:01,100] {processor.py:153} INFO - Started process (PID=348195) to work on /home/osboxes/.local/lib/python3.8/site-packages/airflow/example_dags/example_bash_operator.py
[2022-08-09 21:38:01,102] {processor.py:641} INFO - Processing file /home/osboxes/.local/lib/python3.8/site-packages/airflow/example_dags/example_bash_operator.py for tasks to queue
[2022-08-09 21:38:01,102] {logging_mixin.py:115} INFO - [2022-08-09 21:38:01,102] {dagbag.py:507} INFO - Filling up the DagBag from /home/osboxes/.local/lib/python3.8/site-packages/airflow/example_dags/example_bash_operator.py
[2022-08-09 21:38:01,118] {processor.py:651} INFO - DAG(s) dict_keys(['example_bash_operator']) retrieved from /home/osboxes/.local/lib/python3.8/site-packages/airflow/example_dags/example_bash_operator.py
[2022-08-09 21:38:01,136] {logging_mixin.py:115} INFO - [2022-08-09 21:38:01,136] {dag.py:2371} INFO - Sync 1 DAGs
[2022-08-09 21:38:01,149] {logging_mixin.py:115} INFO - [2022-08-09 21:38:01,149] {dag.py:2915} INFO - Setting next_dagrun for example_bash_operator to 2022-08-09T00:00:00+00:00, run_after=2022-08-10T00:00:00+00:00
[2022-08-09 21:38:01,179] {processor.py:161} INFO - Processing /home/osboxes/.local/lib/python3.8/site-packages/airflow/example_dags/example_bash_operator.py took 0.081 seconds
[2022-08-09 21:38:50,327] {processor.py:153} INFO - Started process (PID=348706) to work on /home/osboxes/.local/lib/python3.8/site-packages/airflow/example_dags/example_bash_operator.py
[2022-08-09 21:38:50,338] {processor.py:641} INFO - Processing file /home/osboxes/.local/lib/python3.8/site-packages/airflow/example_dags/example_bash_operator.py for tasks to queue
[2022-08-09 21:38:50,338] {logging_mixin.py:115} INFO - [2022-08-09 21:38:50,338] {dagbag.py:507} INFO - Filling up the DagBag from /home/osboxes/.local/lib/python3.8/site-packages/airflow/example_dags/example_bash_operator.py
[2022-08-09 21:38:50,346] {processor.py:651} INFO - DAG(s) dict_keys(['example_bash_operator']) retrieved from /home/osboxes/.local/lib/python3.8/site-packages/airflow/example_dags/example_bash_operator.py
[2022-08-09 21:38:50,362] {logging_mixin.py:115} INFO - [2022-08-09 21:38:50,362] {dag.py:2371} INFO - Sync 1 DAGs
[2022-08-09 21:38:50,378] {logging_mixin.py:115} INFO - [2022-08-09 21:38:50,378] {dag.py:2915} INFO - Setting next_dagrun for example_bash_operator to 2022-08-09T00:00:00+00:00, run_after=2022-08-10T00:00:00+00:00
[2022-08-09 21:38:50,408] {processor.py:161} INFO - Processing /home/osboxes/.local/lib/python3.8/site-packages/airflow/example_dags/example_bash_operator.py took 0.084 seconds
[2022-08-09 21:39:35,118] {processor.py:153} INFO - Started process (PID=349103) to work on /home/osboxes/.local/lib/python3.8/site-packages/airflow/example_dags/example_bash_operator.py
[2022-08-09 21:39:35,120] {processor.py:641} INFO - Processing file /home/osboxes/.local/lib/python3.8/site-packages/airflow/example_dags/example_bash_operator.py for tasks to queue
[2022-08-09 21:39:35,120] {logging_mixin.py:115} INFO - [2022-08-09 21:39:35,120] {dagbag.py:507} INFO - Filling up the DagBag from /home/osboxes/.local/lib/python3.8/site-packages/airflow/example_dags/example_bash_operator.py
[2022-08-09 21:39:35,130] {processor.py:651} INFO - DAG(s) dict_keys(['example_bash_operator']) retrieved from /home/osboxes/.local/lib/python3.8/site-packages/airflow/example_dags/example_bash_operator.py
[2022-08-09 21:39:35,148] {logging_mixin.py:115} INFO - [2022-08-09 21:39:35,147] {dag.py:2371} INFO - Sync 1 DAGs
[2022-08-09 21:39:35,162] {logging_mixin.py:115} INFO - [2022-08-09 21:39:35,162] {dag.py:2915} INFO - Setting next_dagrun for example_bash_operator to 2022-08-09T00:00:00+00:00, run_after=2022-08-10T00:00:00+00:00
[2022-08-09 21:39:35,193] {processor.py:161} INFO - Processing /home/osboxes/.local/lib/python3.8/site-packages/airflow/example_dags/example_bash_operator.py took 0.077 seconds
[2022-08-09 21:40:24,675] {processor.py:153} INFO - Started process (PID=349560) to work on /home/osboxes/.local/lib/python3.8/site-packages/airflow/example_dags/example_bash_operator.py
[2022-08-09 21:40:24,693] {processor.py:641} INFO - Processing file /home/osboxes/.local/lib/python3.8/site-packages/airflow/example_dags/example_bash_operator.py for tasks to queue
[2022-08-09 21:40:24,694] {logging_mixin.py:115} INFO - [2022-08-09 21:40:24,694] {dagbag.py:507} INFO - Filling up the DagBag from /home/osboxes/.local/lib/python3.8/site-packages/airflow/example_dags/example_bash_operator.py
[2022-08-09 21:40:24,702] {processor.py:651} INFO - DAG(s) dict_keys(['example_bash_operator']) retrieved from /home/osboxes/.local/lib/python3.8/site-packages/airflow/example_dags/example_bash_operator.py
[2022-08-09 21:40:24,753] {logging_mixin.py:115} INFO - [2022-08-09 21:40:24,753] {dag.py:2371} INFO - Sync 1 DAGs
[2022-08-09 21:40:24,807] {logging_mixin.py:115} INFO - [2022-08-09 21:40:24,807] {dag.py:2915} INFO - Setting next_dagrun for example_bash_operator to 2022-08-09T00:00:00+00:00, run_after=2022-08-10T00:00:00+00:00
[2022-08-09 21:40:24,841] {processor.py:161} INFO - Processing /home/osboxes/.local/lib/python3.8/site-packages/airflow/example_dags/example_bash_operator.py took 0.167 seconds
[2022-08-09 21:41:17,531] {processor.py:153} INFO - Started process (PID=350051) to work on /home/osboxes/.local/lib/python3.8/site-packages/airflow/example_dags/example_bash_operator.py
[2022-08-09 21:41:17,534] {processor.py:641} INFO - Processing file /home/osboxes/.local/lib/python3.8/site-packages/airflow/example_dags/example_bash_operator.py for tasks to queue
[2022-08-09 21:41:17,534] {logging_mixin.py:115} INFO - [2022-08-09 21:41:17,534] {dagbag.py:507} INFO - Filling up the DagBag from /home/osboxes/.local/lib/python3.8/site-packages/airflow/example_dags/example_bash_operator.py
[2022-08-09 21:41:17,542] {processor.py:651} INFO - DAG(s) dict_keys(['example_bash_operator']) retrieved from /home/osboxes/.local/lib/python3.8/site-packages/airflow/example_dags/example_bash_operator.py
[2022-08-09 21:41:17,560] {logging_mixin.py:115} INFO - [2022-08-09 21:41:17,560] {dag.py:2371} INFO - Sync 1 DAGs
[2022-08-09 21:41:17,573] {logging_mixin.py:115} INFO - [2022-08-09 21:41:17,573] {dag.py:2915} INFO - Setting next_dagrun for example_bash_operator to 2022-08-09T00:00:00+00:00, run_after=2022-08-10T00:00:00+00:00
[2022-08-09 21:41:17,601] {processor.py:161} INFO - Processing /home/osboxes/.local/lib/python3.8/site-packages/airflow/example_dags/example_bash_operator.py took 0.072 seconds
[2022-08-09 21:42:04,102] {processor.py:153} INFO - Started process (PID=350470) to work on /home/osboxes/.local/lib/python3.8/site-packages/airflow/example_dags/example_bash_operator.py
[2022-08-09 21:42:04,104] {processor.py:641} INFO - Processing file /home/osboxes/.local/lib/python3.8/site-packages/airflow/example_dags/example_bash_operator.py for tasks to queue
[2022-08-09 21:42:04,104] {logging_mixin.py:115} INFO - [2022-08-09 21:42:04,104] {dagbag.py:507} INFO - Filling up the DagBag from /home/osboxes/.local/lib/python3.8/site-packages/airflow/example_dags/example_bash_operator.py
[2022-08-09 21:42:04,114] {processor.py:651} INFO - DAG(s) dict_keys(['example_bash_operator']) retrieved from /home/osboxes/.local/lib/python3.8/site-packages/airflow/example_dags/example_bash_operator.py
[2022-08-09 21:42:04,130] {logging_mixin.py:115} INFO - [2022-08-09 21:42:04,130] {dag.py:2371} INFO - Sync 1 DAGs
[2022-08-09 21:42:04,145] {logging_mixin.py:115} INFO - [2022-08-09 21:42:04,144] {dag.py:2915} INFO - Setting next_dagrun for example_bash_operator to 2022-08-09T00:00:00+00:00, run_after=2022-08-10T00:00:00+00:00
[2022-08-09 21:42:04,188] {processor.py:161} INFO - Processing /home/osboxes/.local/lib/python3.8/site-packages/airflow/example_dags/example_bash_operator.py took 0.088 seconds
[2022-08-09 21:42:48,814] {processor.py:153} INFO - Started process (PID=350874) to work on /home/osboxes/.local/lib/python3.8/site-packages/airflow/example_dags/example_bash_operator.py
[2022-08-09 21:42:48,815] {processor.py:641} INFO - Processing file /home/osboxes/.local/lib/python3.8/site-packages/airflow/example_dags/example_bash_operator.py for tasks to queue
[2022-08-09 21:42:48,816] {logging_mixin.py:115} INFO - [2022-08-09 21:42:48,816] {dagbag.py:507} INFO - Filling up the DagBag from /home/osboxes/.local/lib/python3.8/site-packages/airflow/example_dags/example_bash_operator.py
[2022-08-09 21:42:48,826] {processor.py:651} INFO - DAG(s) dict_keys(['example_bash_operator']) retrieved from /home/osboxes/.local/lib/python3.8/site-packages/airflow/example_dags/example_bash_operator.py
[2022-08-09 21:42:48,841] {logging_mixin.py:115} INFO - [2022-08-09 21:42:48,841] {dag.py:2371} INFO - Sync 1 DAGs
[2022-08-09 21:42:48,855] {logging_mixin.py:115} INFO - [2022-08-09 21:42:48,855] {dag.py:2915} INFO - Setting next_dagrun for example_bash_operator to 2022-08-09T00:00:00+00:00, run_after=2022-08-10T00:00:00+00:00
[2022-08-09 21:42:48,891] {processor.py:161} INFO - Processing /home/osboxes/.local/lib/python3.8/site-packages/airflow/example_dags/example_bash_operator.py took 0.079 seconds
[2022-08-09 21:43:40,069] {processor.py:153} INFO - Started process (PID=351400) to work on /home/osboxes/.local/lib/python3.8/site-packages/airflow/example_dags/example_bash_operator.py
[2022-08-09 21:43:40,080] {processor.py:641} INFO - Processing file /home/osboxes/.local/lib/python3.8/site-packages/airflow/example_dags/example_bash_operator.py for tasks to queue
[2022-08-09 21:43:40,080] {logging_mixin.py:115} INFO - [2022-08-09 21:43:40,080] {dagbag.py:507} INFO - Filling up the DagBag from /home/osboxes/.local/lib/python3.8/site-packages/airflow/example_dags/example_bash_operator.py
[2022-08-09 21:43:40,092] {processor.py:651} INFO - DAG(s) dict_keys(['example_bash_operator']) retrieved from /home/osboxes/.local/lib/python3.8/site-packages/airflow/example_dags/example_bash_operator.py
[2022-08-09 21:43:40,107] {logging_mixin.py:115} INFO - [2022-08-09 21:43:40,107] {dag.py:2371} INFO - Sync 1 DAGs
[2022-08-09 21:43:40,119] {logging_mixin.py:115} INFO - [2022-08-09 21:43:40,119] {dag.py:2915} INFO - Setting next_dagrun for example_bash_operator to 2022-08-09T00:00:00+00:00, run_after=2022-08-10T00:00:00+00:00
[2022-08-09 21:43:40,160] {processor.py:161} INFO - Processing /home/osboxes/.local/lib/python3.8/site-packages/airflow/example_dags/example_bash_operator.py took 0.094 seconds
[2022-08-09 21:44:24,327] {processor.py:153} INFO - Started process (PID=351826) to work on /home/osboxes/.local/lib/python3.8/site-packages/airflow/example_dags/example_bash_operator.py
[2022-08-09 21:44:24,328] {processor.py:641} INFO - Processing file /home/osboxes/.local/lib/python3.8/site-packages/airflow/example_dags/example_bash_operator.py for tasks to queue
[2022-08-09 21:44:24,329] {logging_mixin.py:115} INFO - [2022-08-09 21:44:24,329] {dagbag.py:507} INFO - Filling up the DagBag from /home/osboxes/.local/lib/python3.8/site-packages/airflow/example_dags/example_bash_operator.py
[2022-08-09 21:44:24,337] {processor.py:651} INFO - DAG(s) dict_keys(['example_bash_operator']) retrieved from /home/osboxes/.local/lib/python3.8/site-packages/airflow/example_dags/example_bash_operator.py
[2022-08-09 21:44:24,353] {logging_mixin.py:115} INFO - [2022-08-09 21:44:24,353] {dag.py:2371} INFO - Sync 1 DAGs
[2022-08-09 21:44:24,368] {logging_mixin.py:115} INFO - [2022-08-09 21:44:24,368] {dag.py:2915} INFO - Setting next_dagrun for example_bash_operator to 2022-08-09T00:00:00+00:00, run_after=2022-08-10T00:00:00+00:00
[2022-08-09 21:44:24,408] {processor.py:161} INFO - Processing /home/osboxes/.local/lib/python3.8/site-packages/airflow/example_dags/example_bash_operator.py took 0.083 seconds
[2022-08-09 21:45:12,899] {processor.py:153} INFO - Started process (PID=352265) to work on /home/osboxes/.local/lib/python3.8/site-packages/airflow/example_dags/example_bash_operator.py
[2022-08-09 21:45:12,901] {processor.py:641} INFO - Processing file /home/osboxes/.local/lib/python3.8/site-packages/airflow/example_dags/example_bash_operator.py for tasks to queue
[2022-08-09 21:45:12,901] {logging_mixin.py:115} INFO - [2022-08-09 21:45:12,901] {dagbag.py:507} INFO - Filling up the DagBag from /home/osboxes/.local/lib/python3.8/site-packages/airflow/example_dags/example_bash_operator.py
[2022-08-09 21:45:12,911] {processor.py:651} INFO - DAG(s) dict_keys(['example_bash_operator']) retrieved from /home/osboxes/.local/lib/python3.8/site-packages/airflow/example_dags/example_bash_operator.py
[2022-08-09 21:45:12,926] {logging_mixin.py:115} INFO - [2022-08-09 21:45:12,926] {dag.py:2371} INFO - Sync 1 DAGs
[2022-08-09 21:45:12,942] {logging_mixin.py:115} INFO - [2022-08-09 21:45:12,941] {dag.py:2915} INFO - Setting next_dagrun for example_bash_operator to 2022-08-09T00:00:00+00:00, run_after=2022-08-10T00:00:00+00:00
[2022-08-09 21:45:12,967] {processor.py:161} INFO - Processing /home/osboxes/.local/lib/python3.8/site-packages/airflow/example_dags/example_bash_operator.py took 0.071 seconds
[2022-08-09 21:46:01,198] {processor.py:153} INFO - Started process (PID=352728) to work on /home/osboxes/.local/lib/python3.8/site-packages/airflow/example_dags/example_bash_operator.py
[2022-08-09 21:46:01,200] {processor.py:641} INFO - Processing file /home/osboxes/.local/lib/python3.8/site-packages/airflow/example_dags/example_bash_operator.py for tasks to queue
[2022-08-09 21:46:01,200] {logging_mixin.py:115} INFO - [2022-08-09 21:46:01,200] {dagbag.py:507} INFO - Filling up the DagBag from /home/osboxes/.local/lib/python3.8/site-packages/airflow/example_dags/example_bash_operator.py
[2022-08-09 21:46:01,209] {processor.py:651} INFO - DAG(s) dict_keys(['example_bash_operator']) retrieved from /home/osboxes/.local/lib/python3.8/site-packages/airflow/example_dags/example_bash_operator.py
[2022-08-09 21:46:01,225] {logging_mixin.py:115} INFO - [2022-08-09 21:46:01,224] {dag.py:2371} INFO - Sync 1 DAGs
[2022-08-09 21:46:01,240] {logging_mixin.py:115} INFO - [2022-08-09 21:46:01,239] {dag.py:2915} INFO - Setting next_dagrun for example_bash_operator to 2022-08-09T00:00:00+00:00, run_after=2022-08-10T00:00:00+00:00
[2022-08-09 21:46:01,288] {processor.py:161} INFO - Processing /home/osboxes/.local/lib/python3.8/site-packages/airflow/example_dags/example_bash_operator.py took 0.093 seconds
[2022-08-09 21:46:43,555] {processor.py:153} INFO - Started process (PID=353114) to work on /home/osboxes/.local/lib/python3.8/site-packages/airflow/example_dags/example_bash_operator.py
[2022-08-09 21:46:43,557] {processor.py:641} INFO - Processing file /home/osboxes/.local/lib/python3.8/site-packages/airflow/example_dags/example_bash_operator.py for tasks to queue
[2022-08-09 21:46:43,557] {logging_mixin.py:115} INFO - [2022-08-09 21:46:43,557] {dagbag.py:507} INFO - Filling up the DagBag from /home/osboxes/.local/lib/python3.8/site-packages/airflow/example_dags/example_bash_operator.py
[2022-08-09 21:46:43,565] {processor.py:651} INFO - DAG(s) dict_keys(['example_bash_operator']) retrieved from /home/osboxes/.local/lib/python3.8/site-packages/airflow/example_dags/example_bash_operator.py
[2022-08-09 21:46:43,582] {logging_mixin.py:115} INFO - [2022-08-09 21:46:43,582] {dag.py:2371} INFO - Sync 1 DAGs
[2022-08-09 21:46:43,595] {logging_mixin.py:115} INFO - [2022-08-09 21:46:43,595] {dag.py:2915} INFO - Setting next_dagrun for example_bash_operator to 2022-08-09T00:00:00+00:00, run_after=2022-08-10T00:00:00+00:00
[2022-08-09 21:46:43,642] {processor.py:161} INFO - Processing /home/osboxes/.local/lib/python3.8/site-packages/airflow/example_dags/example_bash_operator.py took 0.089 seconds
[2022-08-09 21:47:34,216] {processor.py:153} INFO - Started process (PID=353591) to work on /home/osboxes/.local/lib/python3.8/site-packages/airflow/example_dags/example_bash_operator.py
[2022-08-09 21:47:34,219] {processor.py:641} INFO - Processing file /home/osboxes/.local/lib/python3.8/site-packages/airflow/example_dags/example_bash_operator.py for tasks to queue
[2022-08-09 21:47:34,220] {logging_mixin.py:115} INFO - [2022-08-09 21:47:34,220] {dagbag.py:507} INFO - Filling up the DagBag from /home/osboxes/.local/lib/python3.8/site-packages/airflow/example_dags/example_bash_operator.py
[2022-08-09 21:47:34,228] {processor.py:651} INFO - DAG(s) dict_keys(['example_bash_operator']) retrieved from /home/osboxes/.local/lib/python3.8/site-packages/airflow/example_dags/example_bash_operator.py
[2022-08-09 21:47:34,244] {logging_mixin.py:115} INFO - [2022-08-09 21:47:34,244] {dag.py:2371} INFO - Sync 1 DAGs
[2022-08-09 21:47:34,258] {logging_mixin.py:115} INFO - [2022-08-09 21:47:34,258] {dag.py:2915} INFO - Setting next_dagrun for example_bash_operator to 2022-08-09T00:00:00+00:00, run_after=2022-08-10T00:00:00+00:00
[2022-08-09 21:47:34,295] {processor.py:161} INFO - Processing /home/osboxes/.local/lib/python3.8/site-packages/airflow/example_dags/example_bash_operator.py took 0.081 seconds
[2022-08-09 21:48:15,335] {processor.py:153} INFO - Started process (PID=353962) to work on /home/osboxes/.local/lib/python3.8/site-packages/airflow/example_dags/example_bash_operator.py
[2022-08-09 21:48:15,344] {processor.py:641} INFO - Processing file /home/osboxes/.local/lib/python3.8/site-packages/airflow/example_dags/example_bash_operator.py for tasks to queue
[2022-08-09 21:48:15,344] {logging_mixin.py:115} INFO - [2022-08-09 21:48:15,344] {dagbag.py:507} INFO - Filling up the DagBag from /home/osboxes/.local/lib/python3.8/site-packages/airflow/example_dags/example_bash_operator.py
[2022-08-09 21:48:15,354] {processor.py:651} INFO - DAG(s) dict_keys(['example_bash_operator']) retrieved from /home/osboxes/.local/lib/python3.8/site-packages/airflow/example_dags/example_bash_operator.py
[2022-08-09 21:48:15,372] {logging_mixin.py:115} INFO - [2022-08-09 21:48:15,371] {dag.py:2371} INFO - Sync 1 DAGs
[2022-08-09 21:48:15,386] {logging_mixin.py:115} INFO - [2022-08-09 21:48:15,386] {dag.py:2915} INFO - Setting next_dagrun for example_bash_operator to 2022-08-09T00:00:00+00:00, run_after=2022-08-10T00:00:00+00:00
[2022-08-09 21:48:15,414] {processor.py:161} INFO - Processing /home/osboxes/.local/lib/python3.8/site-packages/airflow/example_dags/example_bash_operator.py took 0.081 seconds
[2022-08-09 21:49:00,650] {processor.py:153} INFO - Started process (PID=354435) to work on /home/osboxes/.local/lib/python3.8/site-packages/airflow/example_dags/example_bash_operator.py
[2022-08-09 21:49:00,660] {processor.py:641} INFO - Processing file /home/osboxes/.local/lib/python3.8/site-packages/airflow/example_dags/example_bash_operator.py for tasks to queue
[2022-08-09 21:49:00,660] {logging_mixin.py:115} INFO - [2022-08-09 21:49:00,660] {dagbag.py:507} INFO - Filling up the DagBag from /home/osboxes/.local/lib/python3.8/site-packages/airflow/example_dags/example_bash_operator.py
[2022-08-09 21:49:00,679] {processor.py:651} INFO - DAG(s) dict_keys(['example_bash_operator']) retrieved from /home/osboxes/.local/lib/python3.8/site-packages/airflow/example_dags/example_bash_operator.py
[2022-08-09 21:49:00,705] {logging_mixin.py:115} INFO - [2022-08-09 21:49:00,705] {dag.py:2371} INFO - Sync 1 DAGs
[2022-08-09 21:49:00,724] {logging_mixin.py:115} INFO - [2022-08-09 21:49:00,724] {dag.py:2915} INFO - Setting next_dagrun for example_bash_operator to 2022-08-09T00:00:00+00:00, run_after=2022-08-10T00:00:00+00:00
[2022-08-09 21:49:00,756] {processor.py:161} INFO - Processing /home/osboxes/.local/lib/python3.8/site-packages/airflow/example_dags/example_bash_operator.py took 0.108 seconds
[2022-08-09 21:49:40,934] {processor.py:153} INFO - Started process (PID=354776) to work on /home/osboxes/.local/lib/python3.8/site-packages/airflow/example_dags/example_bash_operator.py
[2022-08-09 21:49:40,937] {processor.py:641} INFO - Processing file /home/osboxes/.local/lib/python3.8/site-packages/airflow/example_dags/example_bash_operator.py for tasks to queue
[2022-08-09 21:49:40,938] {logging_mixin.py:115} INFO - [2022-08-09 21:49:40,937] {dagbag.py:507} INFO - Filling up the DagBag from /home/osboxes/.local/lib/python3.8/site-packages/airflow/example_dags/example_bash_operator.py
[2022-08-09 21:49:40,946] {processor.py:651} INFO - DAG(s) dict_keys(['example_bash_operator']) retrieved from /home/osboxes/.local/lib/python3.8/site-packages/airflow/example_dags/example_bash_operator.py
[2022-08-09 21:49:40,963] {logging_mixin.py:115} INFO - [2022-08-09 21:49:40,963] {dag.py:2371} INFO - Sync 1 DAGs
[2022-08-09 21:49:40,976] {logging_mixin.py:115} INFO - [2022-08-09 21:49:40,976] {dag.py:2915} INFO - Setting next_dagrun for example_bash_operator to 2022-08-09T00:00:00+00:00, run_after=2022-08-10T00:00:00+00:00
[2022-08-09 21:49:41,001] {processor.py:161} INFO - Processing /home/osboxes/.local/lib/python3.8/site-packages/airflow/example_dags/example_bash_operator.py took 0.069 seconds
[2022-08-09 21:50:32,992] {processor.py:153} INFO - Started process (PID=355240) to work on /home/osboxes/.local/lib/python3.8/site-packages/airflow/example_dags/example_bash_operator.py
[2022-08-09 21:50:33,004] {processor.py:641} INFO - Processing file /home/osboxes/.local/lib/python3.8/site-packages/airflow/example_dags/example_bash_operator.py for tasks to queue
[2022-08-09 21:50:33,005] {logging_mixin.py:115} INFO - [2022-08-09 21:50:33,005] {dagbag.py:507} INFO - Filling up the DagBag from /home/osboxes/.local/lib/python3.8/site-packages/airflow/example_dags/example_bash_operator.py
[2022-08-09 21:50:33,012] {processor.py:651} INFO - DAG(s) dict_keys(['example_bash_operator']) retrieved from /home/osboxes/.local/lib/python3.8/site-packages/airflow/example_dags/example_bash_operator.py
[2022-08-09 21:50:33,038] {logging_mixin.py:115} INFO - [2022-08-09 21:50:33,038] {dag.py:2371} INFO - Sync 1 DAGs
[2022-08-09 21:50:33,052] {logging_mixin.py:115} INFO - [2022-08-09 21:50:33,052] {dag.py:2915} INFO - Setting next_dagrun for example_bash_operator to 2022-08-09T00:00:00+00:00, run_after=2022-08-10T00:00:00+00:00
[2022-08-09 21:50:33,091] {processor.py:161} INFO - Processing /home/osboxes/.local/lib/python3.8/site-packages/airflow/example_dags/example_bash_operator.py took 0.101 seconds
[2022-08-09 22:09:34,530] {processor.py:153} INFO - Started process (PID=355861) to work on /home/osboxes/.local/lib/python3.8/site-packages/airflow/example_dags/example_bash_operator.py
[2022-08-09 22:09:34,548] {processor.py:641} INFO - Processing file /home/osboxes/.local/lib/python3.8/site-packages/airflow/example_dags/example_bash_operator.py for tasks to queue
[2022-08-09 22:09:34,548] {logging_mixin.py:115} INFO - [2022-08-09 22:09:34,548] {dagbag.py:507} INFO - Filling up the DagBag from /home/osboxes/.local/lib/python3.8/site-packages/airflow/example_dags/example_bash_operator.py
[2022-08-09 22:09:34,555] {processor.py:651} INFO - DAG(s) dict_keys(['example_bash_operator']) retrieved from /home/osboxes/.local/lib/python3.8/site-packages/airflow/example_dags/example_bash_operator.py
[2022-08-09 22:09:34,659] {logging_mixin.py:115} INFO - [2022-08-09 22:09:34,659] {dag.py:2371} INFO - Sync 1 DAGs
[2022-08-09 22:09:34,734] {logging_mixin.py:115} INFO - [2022-08-09 22:09:34,734] {dag.py:2915} INFO - Setting next_dagrun for example_bash_operator to 2022-08-09T00:00:00+00:00, run_after=2022-08-10T00:00:00+00:00
[2022-08-09 22:09:34,795] {processor.py:161} INFO - Processing /home/osboxes/.local/lib/python3.8/site-packages/airflow/example_dags/example_bash_operator.py took 0.267 seconds
[2022-08-09 22:10:18,569] {processor.py:153} INFO - Started process (PID=356365) to work on /home/osboxes/.local/lib/python3.8/site-packages/airflow/example_dags/example_bash_operator.py
[2022-08-09 22:10:18,570] {processor.py:641} INFO - Processing file /home/osboxes/.local/lib/python3.8/site-packages/airflow/example_dags/example_bash_operator.py for tasks to queue
[2022-08-09 22:10:18,570] {logging_mixin.py:115} INFO - [2022-08-09 22:10:18,570] {dagbag.py:507} INFO - Filling up the DagBag from /home/osboxes/.local/lib/python3.8/site-packages/airflow/example_dags/example_bash_operator.py
[2022-08-09 22:10:18,578] {processor.py:651} INFO - DAG(s) dict_keys(['example_bash_operator']) retrieved from /home/osboxes/.local/lib/python3.8/site-packages/airflow/example_dags/example_bash_operator.py
[2022-08-09 22:10:18,593] {logging_mixin.py:115} INFO - [2022-08-09 22:10:18,593] {dag.py:2371} INFO - Sync 1 DAGs
[2022-08-09 22:10:18,605] {logging_mixin.py:115} INFO - [2022-08-09 22:10:18,605] {dag.py:2915} INFO - Setting next_dagrun for example_bash_operator to 2022-08-09T00:00:00+00:00, run_after=2022-08-10T00:00:00+00:00
[2022-08-09 22:10:18,644] {processor.py:161} INFO - Processing /home/osboxes/.local/lib/python3.8/site-packages/airflow/example_dags/example_bash_operator.py took 0.077 seconds
[2022-08-09 22:11:05,105] {processor.py:153} INFO - Started process (PID=356795) to work on /home/osboxes/.local/lib/python3.8/site-packages/airflow/example_dags/example_bash_operator.py
[2022-08-09 22:11:05,107] {processor.py:641} INFO - Processing file /home/osboxes/.local/lib/python3.8/site-packages/airflow/example_dags/example_bash_operator.py for tasks to queue
[2022-08-09 22:11:05,107] {logging_mixin.py:115} INFO - [2022-08-09 22:11:05,107] {dagbag.py:507} INFO - Filling up the DagBag from /home/osboxes/.local/lib/python3.8/site-packages/airflow/example_dags/example_bash_operator.py
[2022-08-09 22:11:05,117] {processor.py:651} INFO - DAG(s) dict_keys(['example_bash_operator']) retrieved from /home/osboxes/.local/lib/python3.8/site-packages/airflow/example_dags/example_bash_operator.py
[2022-08-09 22:11:05,134] {logging_mixin.py:115} INFO - [2022-08-09 22:11:05,134] {dag.py:2371} INFO - Sync 1 DAGs
[2022-08-09 22:11:05,147] {logging_mixin.py:115} INFO - [2022-08-09 22:11:05,146] {dag.py:2915} INFO - Setting next_dagrun for example_bash_operator to 2022-08-09T00:00:00+00:00, run_after=2022-08-10T00:00:00+00:00
[2022-08-09 22:11:05,178] {processor.py:161} INFO - Processing /home/osboxes/.local/lib/python3.8/site-packages/airflow/example_dags/example_bash_operator.py took 0.075 seconds
[2022-08-09 22:11:49,862] {processor.py:153} INFO - Started process (PID=357223) to work on /home/osboxes/.local/lib/python3.8/site-packages/airflow/example_dags/example_bash_operator.py
[2022-08-09 22:11:49,864] {processor.py:641} INFO - Processing file /home/osboxes/.local/lib/python3.8/site-packages/airflow/example_dags/example_bash_operator.py for tasks to queue
[2022-08-09 22:11:49,865] {logging_mixin.py:115} INFO - [2022-08-09 22:11:49,865] {dagbag.py:507} INFO - Filling up the DagBag from /home/osboxes/.local/lib/python3.8/site-packages/airflow/example_dags/example_bash_operator.py
[2022-08-09 22:11:49,880] {processor.py:651} INFO - DAG(s) dict_keys(['example_bash_operator']) retrieved from /home/osboxes/.local/lib/python3.8/site-packages/airflow/example_dags/example_bash_operator.py
[2022-08-09 22:11:49,902] {logging_mixin.py:115} INFO - [2022-08-09 22:11:49,902] {dag.py:2371} INFO - Sync 1 DAGs
[2022-08-09 22:11:49,919] {logging_mixin.py:115} INFO - [2022-08-09 22:11:49,919] {dag.py:2915} INFO - Setting next_dagrun for example_bash_operator to 2022-08-09T00:00:00+00:00, run_after=2022-08-10T00:00:00+00:00
[2022-08-09 22:11:49,954] {processor.py:161} INFO - Processing /home/osboxes/.local/lib/python3.8/site-packages/airflow/example_dags/example_bash_operator.py took 0.094 seconds
[2022-08-09 22:12:29,176] {processor.py:153} INFO - Started process (PID=357599) to work on /home/osboxes/.local/lib/python3.8/site-packages/airflow/example_dags/example_bash_operator.py
[2022-08-09 22:12:29,179] {processor.py:641} INFO - Processing file /home/osboxes/.local/lib/python3.8/site-packages/airflow/example_dags/example_bash_operator.py for tasks to queue
[2022-08-09 22:12:29,179] {logging_mixin.py:115} INFO - [2022-08-09 22:12:29,179] {dagbag.py:507} INFO - Filling up the DagBag from /home/osboxes/.local/lib/python3.8/site-packages/airflow/example_dags/example_bash_operator.py
[2022-08-09 22:12:29,188] {processor.py:651} INFO - DAG(s) dict_keys(['example_bash_operator']) retrieved from /home/osboxes/.local/lib/python3.8/site-packages/airflow/example_dags/example_bash_operator.py
[2022-08-09 22:12:29,203] {logging_mixin.py:115} INFO - [2022-08-09 22:12:29,203] {dag.py:2371} INFO - Sync 1 DAGs
[2022-08-09 22:12:29,220] {logging_mixin.py:115} INFO - [2022-08-09 22:12:29,219] {dag.py:2915} INFO - Setting next_dagrun for example_bash_operator to 2022-08-09T00:00:00+00:00, run_after=2022-08-10T00:00:00+00:00
[2022-08-09 22:12:29,255] {processor.py:161} INFO - Processing /home/osboxes/.local/lib/python3.8/site-packages/airflow/example_dags/example_bash_operator.py took 0.082 seconds
[2022-08-09 22:13:17,234] {processor.py:153} INFO - Started process (PID=358050) to work on /home/osboxes/.local/lib/python3.8/site-packages/airflow/example_dags/example_bash_operator.py
[2022-08-09 22:13:17,235] {processor.py:641} INFO - Processing file /home/osboxes/.local/lib/python3.8/site-packages/airflow/example_dags/example_bash_operator.py for tasks to queue
[2022-08-09 22:13:17,236] {logging_mixin.py:115} INFO - [2022-08-09 22:13:17,236] {dagbag.py:507} INFO - Filling up the DagBag from /home/osboxes/.local/lib/python3.8/site-packages/airflow/example_dags/example_bash_operator.py
[2022-08-09 22:13:17,244] {processor.py:651} INFO - DAG(s) dict_keys(['example_bash_operator']) retrieved from /home/osboxes/.local/lib/python3.8/site-packages/airflow/example_dags/example_bash_operator.py
[2022-08-09 22:13:17,270] {logging_mixin.py:115} INFO - [2022-08-09 22:13:17,270] {dag.py:2371} INFO - Sync 1 DAGs
[2022-08-09 22:13:17,284] {logging_mixin.py:115} INFO - [2022-08-09 22:13:17,283] {dag.py:2915} INFO - Setting next_dagrun for example_bash_operator to 2022-08-09T00:00:00+00:00, run_after=2022-08-10T00:00:00+00:00
[2022-08-09 22:13:17,326] {processor.py:161} INFO - Processing /home/osboxes/.local/lib/python3.8/site-packages/airflow/example_dags/example_bash_operator.py took 0.095 seconds
                                                                                                                                                                                                                                                                                                                                                                                                                                                                                                                                                                                                                                                                                                                                                                                                                                                                                                                                                                                                                                                                                                                                                                                                                                                                                                                                                             