[2022-08-09 21:18:26,030] {processor.py:153} INFO - Started process (PID=337106) to work on /home/osboxes/.local/lib/python3.8/site-packages/airflow/example_dags/tutorial.py
[2022-08-09 21:18:26,031] {processor.py:641} INFO - Processing file /home/osboxes/.local/lib/python3.8/site-packages/airflow/example_dags/tutorial.py for tasks to queue
[2022-08-09 21:18:26,031] {logging_mixin.py:115} INFO - [2022-08-09 21:18:26,031] {dagbag.py:507} INFO - Filling up the DagBag from /home/osboxes/.local/lib/python3.8/site-packages/airflow/example_dags/tutorial.py
[2022-08-09 21:18:26,036] {processor.py:651} INFO - DAG(s) dict_keys(['tutorial']) retrieved from /home/osboxes/.local/lib/python3.8/site-packages/airflow/example_dags/tutorial.py
[2022-08-09 21:18:26,053] {logging_mixin.py:115} INFO - [2022-08-09 21:18:26,052] {dag.py:2371} INFO - Sync 1 DAGs
[2022-08-09 21:18:26,064] {logging_mixin.py:115} INFO - [2022-08-09 21:18:26,064] {dag.py:2915} INFO - Setting next_dagrun for tutorial to 2022-08-09T01:18:26.064247+00:00, run_after=2022-08-10T01:18:26.064247+00:00
[2022-08-09 21:18:26,096] {processor.py:161} INFO - Processing /home/osboxes/.local/lib/python3.8/site-packages/airflow/example_dags/tutorial.py took 0.068 seconds
[2022-08-09 21:19:07,544] {processor.py:153} INFO - Started process (PID=337544) to work on /home/osboxes/.local/lib/python3.8/site-packages/airflow/example_dags/tutorial.py
[2022-08-09 21:19:07,546] {processor.py:641} INFO - Processing file /home/osboxes/.local/lib/python3.8/site-packages/airflow/example_dags/tutorial.py for tasks to queue
[2022-08-09 21:19:07,546] {logging_mixin.py:115} INFO - [2022-08-09 21:19:07,546] {dagbag.py:507} INFO - Filling up the DagBag from /home/osboxes/.local/lib/python3.8/site-packages/airflow/example_dags/tutorial.py
[2022-08-09 21:19:07,550] {processor.py:651} INFO - DAG(s) dict_keys(['tutorial']) retrieved from /home/osboxes/.local/lib/python3.8/site-packages/airflow/example_dags/tutorial.py
[2022-08-09 21:19:07,568] {logging_mixin.py:115} INFO - [2022-08-09 21:19:07,568] {dag.py:2371} INFO - Sync 1 DAGs
[2022-08-09 21:19:07,580] {logging_mixin.py:115} INFO - [2022-08-09 21:19:07,580] {dag.py:2915} INFO - Setting next_dagrun for tutorial to 2022-08-09T01:19:07.580117+00:00, run_after=2022-08-10T01:19:07.580117+00:00
[2022-08-09 21:19:07,624] {processor.py:161} INFO - Processing /home/osboxes/.local/lib/python3.8/site-packages/airflow/example_dags/tutorial.py took 0.081 seconds
[2022-08-09 21:19:49,323] {processor.py:153} INFO - Started process (PID=337917) to work on /home/osboxes/.local/lib/python3.8/site-packages/airflow/example_dags/tutorial.py
[2022-08-09 21:19:49,325] {processor.py:641} INFO - Processing file /home/osboxes/.local/lib/python3.8/site-packages/airflow/example_dags/tutorial.py for tasks to queue
[2022-08-09 21:19:49,325] {logging_mixin.py:115} INFO - [2022-08-09 21:19:49,325] {dagbag.py:507} INFO - Filling up the DagBag from /home/osboxes/.local/lib/python3.8/site-packages/airflow/example_dags/tutorial.py
[2022-08-09 21:19:49,330] {processor.py:651} INFO - DAG(s) dict_keys(['tutorial']) retrieved from /home/osboxes/.local/lib/python3.8/site-packages/airflow/example_dags/tutorial.py
[2022-08-09 21:19:49,347] {logging_mixin.py:115} INFO - [2022-08-09 21:19:49,347] {dag.py:2371} INFO - Sync 1 DAGs
[2022-08-09 21:19:49,360] {logging_mixin.py:115} INFO - [2022-08-09 21:19:49,359] {dag.py:2915} INFO - Setting next_dagrun for tutorial to 2022-08-09T01:19:49.359719+00:00, run_after=2022-08-10T01:19:49.359719+00:00
[2022-08-09 21:19:49,399] {processor.py:161} INFO - Processing /home/osboxes/.local/lib/python3.8/site-packages/airflow/example_dags/tutorial.py took 0.079 seconds
[2022-08-09 21:20:30,237] {processor.py:153} INFO - Started process (PID=338288) to work on /home/osboxes/.local/lib/python3.8/site-packages/airflow/example_dags/tutorial.py
[2022-08-09 21:20:30,239] {processor.py:641} INFO - Processing file /home/osboxes/.local/lib/python3.8/site-packages/airflow/example_dags/tutorial.py for tasks to queue
[2022-08-09 21:20:30,239] {logging_mixin.py:115} INFO - [2022-08-09 21:20:30,239] {dagbag.py:507} INFO - Filling up the DagBag from /home/osboxes/.local/lib/python3.8/site-packages/airflow/example_dags/tutorial.py
[2022-08-09 21:20:30,244] {processor.py:651} INFO - DAG(s) dict_keys(['tutorial']) retrieved from /home/osboxes/.local/lib/python3.8/site-packages/airflow/example_dags/tutorial.py
[2022-08-09 21:20:30,260] {logging_mixin.py:115} INFO - [2022-08-09 21:20:30,260] {dag.py:2371} INFO - Sync 1 DAGs
[2022-08-09 21:20:30,272] {logging_mixin.py:115} INFO - [2022-08-09 21:20:30,272] {dag.py:2915} INFO - Setting next_dagrun for tutorial to 2022-08-09T01:20:30.272697+00:00, run_after=2022-08-10T01:20:30.272697+00:00
[2022-08-09 21:20:30,313] {processor.py:161} INFO - Processing /home/osboxes/.local/lib/python3.8/site-packages/airflow/example_dags/tutorial.py took 0.079 seconds
[2022-08-09 21:21:09,099] {processor.py:153} INFO - Started process (PID=338630) to work on /home/osboxes/.local/lib/python3.8/site-packages/airflow/example_dags/tutorial.py
[2022-08-09 21:21:09,100] {processor.py:641} INFO - Processing file /home/osboxes/.local/lib/python3.8/site-packages/airflow/example_dags/tutorial.py for tasks to queue
[2022-08-09 21:21:09,101] {logging_mixin.py:115} INFO - [2022-08-09 21:21:09,101] {dagbag.py:507} INFO - Filling up the DagBag from /home/osboxes/.local/lib/python3.8/site-packages/airflow/example_dags/tutorial.py
[2022-08-09 21:21:09,105] {processor.py:651} INFO - DAG(s) dict_keys(['tutorial']) retrieved from /home/osboxes/.local/lib/python3.8/site-packages/airflow/example_dags/tutorial.py
[2022-08-09 21:21:09,121] {logging_mixin.py:115} INFO - [2022-08-09 21:21:09,121] {dag.py:2371} INFO - Sync 1 DAGs
[2022-08-09 21:21:09,133] {logging_mixin.py:115} INFO - [2022-08-09 21:21:09,133] {dag.py:2915} INFO - Setting next_dagrun for tutorial to 2022-08-09T01:21:09.133013+00:00, run_after=2022-08-10T01:21:09.133013+00:00
[2022-08-09 21:21:09,171] {processor.py:161} INFO - Processing /home/osboxes/.local/lib/python3.8/site-packages/airflow/example_dags/tutorial.py took 0.074 seconds
[2022-08-09 21:21:46,423] {processor.py:153} INFO - Started process (PID=338985) to work on /home/osboxes/.local/lib/python3.8/site-packages/airflow/example_dags/tutorial.py
[2022-08-09 21:21:46,424] {processor.py:641} INFO - Processing file /home/osboxes/.local/lib/python3.8/site-packages/airflow/example_dags/tutorial.py for tasks to queue
[2022-08-09 21:21:46,425] {logging_mixin.py:115} INFO - [2022-08-09 21:21:46,425] {dagbag.py:507} INFO - Filling up the DagBag from /home/osboxes/.local/lib/python3.8/site-packages/airflow/example_dags/tutorial.py
[2022-08-09 21:21:46,429] {processor.py:651} INFO - DAG(s) dict_keys(['tutorial']) retrieved from /home/osboxes/.local/lib/python3.8/site-packages/airflow/example_dags/tutorial.py
[2022-08-09 21:21:46,446] {logging_mixin.py:115} INFO - [2022-08-09 21:21:46,446] {dag.py:2371} INFO - Sync 1 DAGs
[2022-08-09 21:21:46,460] {logging_mixin.py:115} INFO - [2022-08-09 21:21:46,460] {dag.py:2915} INFO - Setting next_dagrun for tutorial to 2022-08-09T01:21:46.460409+00:00, run_after=2022-08-10T01:21:46.460409+00:00
[2022-08-09 21:21:46,500] {processor.py:161} INFO - Processing /home/osboxes/.local/lib/python3.8/site-packages/airflow/example_dags/tutorial.py took 0.079 seconds
[2022-08-09 21:22:30,945] {processor.py:153} INFO - Started process (PID=339390) to work on /home/osboxes/.local/lib/python3.8/site-packages/airflow/example_dags/tutorial.py
[2022-08-09 21:22:30,946] {processor.py:641} INFO - Processing file /home/osboxes/.local/lib/python3.8/site-packages/airflow/example_dags/tutorial.py for tasks to queue
[2022-08-09 21:22:30,947] {logging_mixin.py:115} INFO - [2022-08-09 21:22:30,947] {dagbag.py:507} INFO - Filling up the DagBag from /home/osboxes/.local/lib/python3.8/site-packages/airflow/example_dags/tutorial.py
[2022-08-09 21:22:30,953] {processor.py:651} INFO - DAG(s) dict_keys(['tutorial']) retrieved from /home/osboxes/.local/lib/python3.8/site-packages/airflow/example_dags/tutorial.py
[2022-08-09 21:22:30,969] {logging_mixin.py:115} INFO - [2022-08-09 21:22:30,969] {dag.py:2371} INFO - Sync 1 DAGs
[2022-08-09 21:22:30,984] {logging_mixin.py:115} INFO - [2022-08-09 21:22:30,984] {dag.py:2915} INFO - Setting next_dagrun for tutorial to 2022-08-09T01:22:30.983838+00:00, run_after=2022-08-10T01:22:30.983838+00:00
[2022-08-09 21:22:31,012] {processor.py:161} INFO - Processing /home/osboxes/.local/lib/python3.8/site-packages/airflow/example_dags/tutorial.py took 0.070 seconds
[2022-08-09 21:23:08,466] {processor.py:153} INFO - Started process (PID=339754) to work on /home/osboxes/.local/lib/python3.8/site-packages/airflow/example_dags/tutorial.py
[2022-08-09 21:23:08,468] {processor.py:641} INFO - Processing file /home/osboxes/.local/lib/python3.8/site-packages/airflow/example_dags/tutorial.py for tasks to queue
[2022-08-09 21:23:08,469] {logging_mixin.py:115} INFO - [2022-08-09 21:23:08,469] {dagbag.py:507} INFO - Filling up the DagBag from /home/osboxes/.local/lib/python3.8/site-packages/airflow/example_dags/tutorial.py
[2022-08-09 21:23:08,473] {processor.py:651} INFO - DAG(s) dict_keys(['tutorial']) retrieved from /home/osboxes/.local/lib/python3.8/site-packages/airflow/example_dags/tutorial.py
[2022-08-09 21:23:08,489] {logging_mixin.py:115} INFO - [2022-08-09 21:23:08,489] {dag.py:2371} INFO - Sync 1 DAGs
[2022-08-09 21:23:08,500] {logging_mixin.py:115} INFO - [2022-08-09 21:23:08,500] {dag.py:2915} INFO - Setting next_dagrun for tutorial to 2022-08-09T01:23:08.500589+00:00, run_after=2022-08-10T01:23:08.500589+00:00
[2022-08-09 21:23:08,541] {processor.py:161} INFO - Processing /home/osboxes/.local/lib/python3.8/site-packages/airflow/example_dags/tutorial.py took 0.077 seconds
[2022-08-09 21:23:46,255] {processor.py:153} INFO - Started process (PID=340166) to work on /home/osboxes/.local/lib/python3.8/site-packages/airflow/example_dags/tutorial.py
[2022-08-09 21:23:46,256] {processor.py:641} INFO - Processing file /home/osboxes/.local/lib/python3.8/site-packages/airflow/example_dags/tutorial.py for tasks to queue
[2022-08-09 21:23:46,257] {logging_mixin.py:115} INFO - [2022-08-09 21:23:46,256] {dagbag.py:507} INFO - Filling up the DagBag from /home/osboxes/.local/lib/python3.8/site-packages/airflow/example_dags/tutorial.py
[2022-08-09 21:23:46,261] {processor.py:651} INFO - DAG(s) dict_keys(['tutorial']) retrieved from /home/osboxes/.local/lib/python3.8/site-packages/airflow/example_dags/tutorial.py
[2022-08-09 21:23:46,278] {logging_mixin.py:115} INFO - [2022-08-09 21:23:46,278] {dag.py:2371} INFO - Sync 1 DAGs
[2022-08-09 21:23:46,291] {logging_mixin.py:115} INFO - [2022-08-09 21:23:46,291] {dag.py:2915} INFO - Setting next_dagrun for tutorial to 2022-08-09T01:23:46.290776+00:00, run_after=2022-08-10T01:23:46.290776+00:00
[2022-08-09 21:23:46,340] {processor.py:161} INFO - Processing /home/osboxes/.local/lib/python3.8/site-packages/airflow/example_dags/tutorial.py took 0.088 seconds
[2022-08-09 21:24:24,540] {processor.py:153} INFO - Started process (PID=340521) to work on /home/osboxes/.local/lib/python3.8/site-packages/airflow/example_dags/tutorial.py
[2022-08-09 21:24:24,542] {processor.py:641} INFO - Processing file /home/osboxes/.local/lib/python3.8/site-packages/airflow/example_dags/tutorial.py for tasks to queue
[2022-08-09 21:24:24,543] {logging_mixin.py:115} INFO - [2022-08-09 21:24:24,543] {dagbag.py:507} INFO - Filling up the DagBag from /home/osboxes/.local/lib/python3.8/site-packages/airflow/example_dags/tutorial.py
[2022-08-09 21:24:24,548] {processor.py:651} INFO - DAG(s) dict_keys(['tutorial']) retrieved from /home/osboxes/.local/lib/python3.8/site-packages/airflow/example_dags/tutorial.py
[2022-08-09 21:24:24,563] {logging_mixin.py:115} INFO - [2022-08-09 21:24:24,563] {dag.py:2371} INFO - Sync 1 DAGs
[2022-08-09 21:24:24,576] {logging_mixin.py:115} INFO - [2022-08-09 21:24:24,576] {dag.py:2915} INFO - Setting next_dagrun for tutorial to 2022-08-09T01:24:24.576460+00:00, run_after=2022-08-10T01:24:24.576460+00:00
[2022-08-09 21:24:24,615] {processor.py:161} INFO - Processing /home/osboxes/.local/lib/python3.8/site-packages/airflow/example_dags/tutorial.py took 0.077 seconds
[2022-08-09 21:25:06,518] {processor.py:153} INFO - Started process (PID=340907) to work on /home/osboxes/.local/lib/python3.8/site-packages/airflow/example_dags/tutorial.py
[2022-08-09 21:25:06,520] {processor.py:641} INFO - Processing file /home/osboxes/.local/lib/python3.8/site-packages/airflow/example_dags/tutorial.py for tasks to queue
[2022-08-09 21:25:06,520] {logging_mixin.py:115} INFO - [2022-08-09 21:25:06,520] {dagbag.py:507} INFO - Filling up the DagBag from /home/osboxes/.local/lib/python3.8/site-packages/airflow/example_dags/tutorial.py
[2022-08-09 21:25:06,525] {processor.py:651} INFO - DAG(s) dict_keys(['tutorial']) retrieved from /home/osboxes/.local/lib/python3.8/site-packages/airflow/example_dags/tutorial.py
[2022-08-09 21:25:06,543] {logging_mixin.py:115} INFO - [2022-08-09 21:25:06,542] {dag.py:2371} INFO - Sync 1 DAGs
[2022-08-09 21:25:06,557] {logging_mixin.py:115} INFO - [2022-08-09 21:25:06,557] {dag.py:2915} INFO - Setting next_dagrun for tutorial to 2022-08-09T01:25:06.557014+00:00, run_after=2022-08-10T01:25:06.557014+00:00
[2022-08-09 21:25:06,585] {processor.py:161} INFO - Processing /home/osboxes/.local/lib/python3.8/site-packages/airflow/example_dags/tutorial.py took 0.069 seconds
[2022-08-09 21:25:53,304] {processor.py:153} INFO - Started process (PID=341326) to work on /home/osboxes/.local/lib/python3.8/site-packages/airflow/example_dags/tutorial.py
[2022-08-09 21:25:53,305] {processor.py:641} INFO - Processing file /home/osboxes/.local/lib/python3.8/site-packages/airflow/example_dags/tutorial.py for tasks to queue
[2022-08-09 21:25:53,306] {logging_mixin.py:115} INFO - [2022-08-09 21:25:53,306] {dagbag.py:507} INFO - Filling up the DagBag from /home/osboxes/.local/lib/python3.8/site-packages/airflow/example_dags/tutorial.py
[2022-08-09 21:25:53,310] {processor.py:651} INFO - DAG(s) dict_keys(['tutorial']) retrieved from /home/osboxes/.local/lib/python3.8/site-packages/airflow/example_dags/tutorial.py
[2022-08-09 21:25:53,327] {logging_mixin.py:115} INFO - [2022-08-09 21:25:53,327] {dag.py:2371} INFO - Sync 1 DAGs
[2022-08-09 21:25:53,342] {logging_mixin.py:115} INFO - [2022-08-09 21:25:53,342] {dag.py:2915} INFO - Setting next_dagrun for tutorial to 2022-08-09T01:25:53.342385+00:00, run_after=2022-08-10T01:25:53.342385+00:00
[2022-08-09 21:25:53,380] {processor.py:161} INFO - Processing /home/osboxes/.local/lib/python3.8/site-packages/airflow/example_dags/tutorial.py took 0.079 seconds
[2022-08-09 21:26:29,454] {processor.py:153} INFO - Started process (PID=341657) to work on /home/osboxes/.local/lib/python3.8/site-packages/airflow/example_dags/tutorial.py
[2022-08-09 21:26:29,456] {processor.py:641} INFO - Processing file /home/osboxes/.local/lib/python3.8/site-packages/airflow/example_dags/tutorial.py for tasks to queue
[2022-08-09 21:26:29,456] {logging_mixin.py:115} INFO - [2022-08-09 21:26:29,456] {dagbag.py:507} INFO - Filling up the DagBag from /home/osboxes/.local/lib/python3.8/site-packages/airflow/example_dags/tutorial.py
[2022-08-09 21:26:29,461] {processor.py:651} INFO - DAG(s) dict_keys(['tutorial']) retrieved from /home/osboxes/.local/lib/python3.8/site-packages/airflow/example_dags/tutorial.py
[2022-08-09 21:26:29,480] {logging_mixin.py:115} INFO - [2022-08-09 21:26:29,480] {dag.py:2371} INFO - Sync 1 DAGs
[2022-08-09 21:26:29,492] {logging_mixin.py:115} INFO - [2022-08-09 21:26:29,491] {dag.py:2915} INFO - Setting next_dagrun for tutorial to 2022-08-09T01:26:29.491744+00:00, run_after=2022-08-10T01:26:29.491744+00:00
[2022-08-09 21:26:29,545] {processor.py:161} INFO - Processing /home/osboxes/.local/lib/python3.8/site-packages/airflow/example_dags/tutorial.py took 0.094 seconds
[2022-08-09 21:27:09,398] {processor.py:153} INFO - Started process (PID=342081) to work on /home/osboxes/.local/lib/python3.8/site-packages/airflow/example_dags/tutorial.py
[2022-08-09 21:27:09,399] {processor.py:641} INFO - Processing file /home/osboxes/.local/lib/python3.8/site-packages/airflow/example_dags/tutorial.py for tasks to queue
[2022-08-09 21:27:09,399] {logging_mixin.py:115} INFO - [2022-08-09 21:27:09,399] {dagbag.py:507} INFO - Filling up the DagBag from /home/osboxes/.local/lib/python3.8/site-packages/airflow/example_dags/tutorial.py
[2022-08-09 21:27:09,404] {processor.py:651} INFO - DAG(s) dict_keys(['tutorial']) retrieved from /home/osboxes/.local/lib/python3.8/site-packages/airflow/example_dags/tutorial.py
[2022-08-09 21:27:09,467] {logging_mixin.py:115} INFO - [2022-08-09 21:27:09,467] {dag.py:2371} INFO - Sync 1 DAGs
[2022-08-09 21:27:09,480] {logging_mixin.py:115} INFO - [2022-08-09 21:27:09,480] {dag.py:2915} INFO - Setting next_dagrun for tutorial to 2022-08-09T01:27:09.480339+00:00, run_after=2022-08-10T01:27:09.480339+00:00
[2022-08-09 21:27:09,516] {processor.py:161} INFO - Processing /home/osboxes/.local/lib/python3.8/site-packages/airflow/example_dags/tutorial.py took 0.121 seconds
[2022-08-09 21:27:52,531] {processor.py:153} INFO - Started process (PID=342483) to work on /home/osboxes/.local/lib/python3.8/site-packages/airflow/example_dags/tutorial.py
[2022-08-09 21:27:52,535] {processor.py:641} INFO - Processing file /home/osboxes/.local/lib/python3.8/site-packages/airflow/example_dags/tutorial.py for tasks to queue
[2022-08-09 21:27:52,535] {logging_mixin.py:115} INFO - [2022-08-09 21:27:52,535] {dagbag.py:507} INFO - Filling up the DagBag from /home/osboxes/.local/lib/python3.8/site-packages/airflow/example_dags/tutorial.py
[2022-08-09 21:27:52,540] {processor.py:651} INFO - DAG(s) dict_keys(['tutorial']) retrieved from /home/osboxes/.local/lib/python3.8/site-packages/airflow/example_dags/tutorial.py
[2022-08-09 21:27:52,556] {logging_mixin.py:115} INFO - [2022-08-09 21:27:52,556] {dag.py:2371} INFO - Sync 1 DAGs
[2022-08-09 21:27:52,569] {logging_mixin.py:115} INFO - [2022-08-09 21:27:52,569] {dag.py:2915} INFO - Setting next_dagrun for tutorial to 2022-08-09T01:27:52.569492+00:00, run_after=2022-08-10T01:27:52.569492+00:00
[2022-08-09 21:27:52,609] {processor.py:161} INFO - Processing /home/osboxes/.local/lib/python3.8/site-packages/airflow/example_dags/tutorial.py took 0.080 seconds
[2022-08-09 21:28:28,080] {processor.py:153} INFO - Started process (PID=342823) to work on /home/osboxes/.local/lib/python3.8/site-packages/airflow/example_dags/tutorial.py
[2022-08-09 21:28:28,081] {processor.py:641} INFO - Processing file /home/osboxes/.local/lib/python3.8/site-packages/airflow/example_dags/tutorial.py for tasks to queue
[2022-08-09 21:28:28,082] {logging_mixin.py:115} INFO - [2022-08-09 21:28:28,082] {dagbag.py:507} INFO - Filling up the DagBag from /home/osboxes/.local/lib/python3.8/site-packages/airflow/example_dags/tutorial.py
[2022-08-09 21:28:28,086] {processor.py:651} INFO - DAG(s) dict_keys(['tutorial']) retrieved from /home/osboxes/.local/lib/python3.8/site-packages/airflow/example_dags/tutorial.py
[2022-08-09 21:28:28,104] {logging_mixin.py:115} INFO - [2022-08-09 21:28:28,104] {dag.py:2371} INFO - Sync 1 DAGs
[2022-08-09 21:28:28,117] {logging_mixin.py:115} INFO - [2022-08-09 21:28:28,117] {dag.py:2915} INFO - Setting next_dagrun for tutorial to 2022-08-09T01:28:28.116815+00:00, run_after=2022-08-10T01:28:28.116815+00:00
[2022-08-09 21:28:28,165] {processor.py:161} INFO - Processing /home/osboxes/.local/lib/python3.8/site-packages/airflow/example_dags/tutorial.py took 0.087 seconds
[2022-08-09 21:29:05,307] {processor.py:153} INFO - Started process (PID=343207) to work on /home/osboxes/.local/lib/python3.8/site-packages/airflow/example_dags/tutorial.py
[2022-08-09 21:29:05,308] {processor.py:641} INFO - Processing file /home/osboxes/.local/lib/python3.8/site-packages/airflow/example_dags/tutorial.py for tasks to queue
[2022-08-09 21:29:05,309] {logging_mixin.py:115} INFO - [2022-08-09 21:29:05,308] {dagbag.py:507} INFO - Filling up the DagBag from /home/osboxes/.local/lib/python3.8/site-packages/airflow/example_dags/tutorial.py
[2022-08-09 21:29:05,314] {processor.py:651} INFO - DAG(s) dict_keys(['tutorial']) retrieved from /home/osboxes/.local/lib/python3.8/site-packages/airflow/example_dags/tutorial.py
[2022-08-09 21:29:05,330] {logging_mixin.py:115} INFO - [2022-08-09 21:29:05,330] {dag.py:2371} INFO - Sync 1 DAGs
[2022-08-09 21:29:05,343] {logging_mixin.py:115} INFO - [2022-08-09 21:29:05,343] {dag.py:2915} INFO - Setting next_dagrun for tutorial to 2022-08-09T01:29:05.343254+00:00, run_after=2022-08-10T01:29:05.343254+00:00
[2022-08-09 21:29:05,370] {processor.py:161} INFO - Processing /home/osboxes/.local/lib/python3.8/site-packages/airflow/example_dags/tutorial.py took 0.065 seconds
[2022-08-09 21:29:43,613] {processor.py:153} INFO - Started process (PID=343553) to work on /home/osboxes/.local/lib/python3.8/site-packages/airflow/example_dags/tutorial.py
[2022-08-09 21:29:43,623] {processor.py:641} INFO - Processing file /home/osboxes/.local/lib/python3.8/site-packages/airflow/example_dags/tutorial.py for tasks to queue
[2022-08-09 21:29:43,623] {logging_mixin.py:115} INFO - [2022-08-09 21:29:43,623] {dagbag.py:507} INFO - Filling up the DagBag from /home/osboxes/.local/lib/python3.8/site-packages/airflow/example_dags/tutorial.py
[2022-08-09 21:29:43,629] {processor.py:651} INFO - DAG(s) dict_keys(['tutorial']) retrieved from /home/osboxes/.local/lib/python3.8/site-packages/airflow/example_dags/tutorial.py
[2022-08-09 21:29:43,643] {logging_mixin.py:115} INFO - [2022-08-09 21:29:43,643] {dag.py:2371} INFO - Sync 1 DAGs
[2022-08-09 21:29:43,654] {logging_mixin.py:115} INFO - [2022-08-09 21:29:43,654] {dag.py:2915} INFO - Setting next_dagrun for tutorial to 2022-08-09T01:29:43.654522+00:00, run_after=2022-08-10T01:29:43.654522+00:00
[2022-08-09 21:29:43,780] {processor.py:161} INFO - Processing /home/osboxes/.local/lib/python3.8/site-packages/airflow/example_dags/tutorial.py took 0.168 seconds
[2022-08-09 21:30:25,176] {processor.py:153} INFO - Started process (PID=343947) to work on /home/osboxes/.local/lib/python3.8/site-packages/airflow/example_dags/tutorial.py
[2022-08-09 21:30:25,187] {processor.py:641} INFO - Processing file /home/osboxes/.local/lib/python3.8/site-packages/airflow/example_dags/tutorial.py for tasks to queue
[2022-08-09 21:30:25,188] {logging_mixin.py:115} INFO - [2022-08-09 21:30:25,188] {dagbag.py:507} INFO - Filling up the DagBag from /home/osboxes/.local/lib/python3.8/site-packages/airflow/example_dags/tutorial.py
[2022-08-09 21:30:25,192] {processor.py:651} INFO - DAG(s) dict_keys(['tutorial']) retrieved from /home/osboxes/.local/lib/python3.8/site-packages/airflow/example_dags/tutorial.py
[2022-08-09 21:30:25,207] {logging_mixin.py:115} INFO - [2022-08-09 21:30:25,207] {dag.py:2371} INFO - Sync 1 DAGs
[2022-08-09 21:30:25,220] {logging_mixin.py:115} INFO - [2022-08-09 21:30:25,220] {dag.py:2915} INFO - Setting next_dagrun for tutorial to 2022-08-09T01:30:25.220307+00:00, run_after=2022-08-10T01:30:25.220307+00:00
[2022-08-09 21:30:25,260] {processor.py:161} INFO - Processing /home/osboxes/.local/lib/python3.8/site-packages/airflow/example_dags/tutorial.py took 0.087 seconds
[2022-08-09 21:31:00,391] {processor.py:153} INFO - Started process (PID=344281) to work on /home/osboxes/.local/lib/python3.8/site-packages/airflow/example_dags/tutorial.py
[2022-08-09 21:31:00,394] {processor.py:641} INFO - Processing file /home/osboxes/.local/lib/python3.8/site-packages/airflow/example_dags/tutorial.py for tasks to queue
[2022-08-09 21:31:00,394] {logging_mixin.py:115} INFO - [2022-08-09 21:31:00,394] {dagbag.py:507} INFO - Filling up the DagBag from /home/osboxes/.local/lib/python3.8/site-packages/airflow/example_dags/tutorial.py
[2022-08-09 21:31:00,399] {processor.py:651} INFO - DAG(s) dict_keys(['tutorial']) retrieved from /home/osboxes/.local/lib/python3.8/site-packages/airflow/example_dags/tutorial.py
[2022-08-09 21:31:00,415] {logging_mixin.py:115} INFO - [2022-08-09 21:31:00,415] {dag.py:2371} INFO - Sync 1 DAGs
[2022-08-09 21:31:00,437] {logging_mixin.py:115} INFO - [2022-08-09 21:31:00,436] {dag.py:2915} INFO - Setting next_dagrun for tutorial to 2022-08-09T01:31:00.436691+00:00, run_after=2022-08-10T01:31:00.436691+00:00
[2022-08-09 21:31:00,477] {processor.py:161} INFO - Processing /home/osboxes/.local/lib/python3.8/site-packages/airflow/example_dags/tutorial.py took 0.088 seconds
[2022-08-09 21:31:37,014] {processor.py:153} INFO - Started process (PID=344631) to work on /home/osboxes/.local/lib/python3.8/site-packages/airflow/example_dags/tutorial.py
[2022-08-09 21:31:37,016] {processor.py:641} INFO - Processing file /home/osboxes/.local/lib/python3.8/site-packages/airflow/example_dags/tutorial.py for tasks to queue
[2022-08-09 21:31:37,016] {logging_mixin.py:115} INFO - [2022-08-09 21:31:37,016] {dagbag.py:507} INFO - Filling up the DagBag from /home/osboxes/.local/lib/python3.8/site-packages/airflow/example_dags/tutorial.py
[2022-08-09 21:31:37,021] {processor.py:651} INFO - DAG(s) dict_keys(['tutorial']) retrieved from /home/osboxes/.local/lib/python3.8/site-packages/airflow/example_dags/tutorial.py
[2022-08-09 21:31:37,039] {logging_mixin.py:115} INFO - [2022-08-09 21:31:37,039] {dag.py:2371} INFO - Sync 1 DAGs
[2022-08-09 21:31:37,054] {logging_mixin.py:115} INFO - [2022-08-09 21:31:37,053] {dag.py:2915} INFO - Setting next_dagrun for tutorial to 2022-08-09T01:31:37.053642+00:00, run_after=2022-08-10T01:31:37.053642+00:00
[2022-08-09 21:31:37,089] {processor.py:161} INFO - Processing /home/osboxes/.local/lib/python3.8/site-packages/airflow/example_dags/tutorial.py took 0.077 seconds
[2022-08-09 21:32:18,698] {processor.py:153} INFO - Started process (PID=345011) to work on /home/osboxes/.local/lib/python3.8/site-packages/airflow/example_dags/tutorial.py
[2022-08-09 21:32:18,699] {processor.py:641} INFO - Processing file /home/osboxes/.local/lib/python3.8/site-packages/airflow/example_dags/tutorial.py for tasks to queue
[2022-08-09 21:32:18,700] {logging_mixin.py:115} INFO - [2022-08-09 21:32:18,700] {dagbag.py:507} INFO - Filling up the DagBag from /home/osboxes/.local/lib/python3.8/site-packages/airflow/example_dags/tutorial.py
[2022-08-09 21:32:18,704] {processor.py:651} INFO - DAG(s) dict_keys(['tutorial']) retrieved from /home/osboxes/.local/lib/python3.8/site-packages/airflow/example_dags/tutorial.py
[2022-08-09 21:32:18,722] {logging_mixin.py:115} INFO - [2022-08-09 21:32:18,722] {dag.py:2371} INFO - Sync 1 DAGs
[2022-08-09 21:32:18,735] {logging_mixin.py:115} INFO - [2022-08-09 21:32:18,735] {dag.py:2915} INFO - Setting next_dagrun for tutorial to 2022-08-09T01:32:18.735429+00:00, run_after=2022-08-10T01:32:18.735429+00:00
[2022-08-09 21:32:18,763] {processor.py:161} INFO - Processing /home/osboxes/.local/lib/python3.8/site-packages/airflow/example_dags/tutorial.py took 0.068 seconds
[2022-08-09 21:33:03,233] {processor.py:153} INFO - Started process (PID=345405) to work on /home/osboxes/.local/lib/python3.8/site-packages/airflow/example_dags/tutorial.py
[2022-08-09 21:33:03,243] {processor.py:641} INFO - Processing file /home/osboxes/.local/lib/python3.8/site-packages/airflow/example_dags/tutorial.py for tasks to queue
[2022-08-09 21:33:03,244] {logging_mixin.py:115} INFO - [2022-08-09 21:33:03,244] {dagbag.py:507} INFO - Filling up the DagBag from /home/osboxes/.local/lib/python3.8/site-packages/airflow/example_dags/tutorial.py
[2022-08-09 21:33:03,248] {processor.py:651} INFO - DAG(s) dict_keys(['tutorial']) retrieved from /home/osboxes/.local/lib/python3.8/site-packages/airflow/example_dags/tutorial.py
[2022-08-09 21:33:03,265] {logging_mixin.py:115} INFO - [2022-08-09 21:33:03,265] {dag.py:2371} INFO - Sync 1 DAGs
[2022-08-09 21:33:03,279] {logging_mixin.py:115} INFO - [2022-08-09 21:33:03,279] {dag.py:2915} INFO - Setting next_dagrun for tutorial to 2022-08-09T01:33:03.279059+00:00, run_after=2022-08-10T01:33:03.279059+00:00
[2022-08-09 21:33:03,307] {processor.py:161} INFO - Processing /home/osboxes/.local/lib/python3.8/site-packages/airflow/example_dags/tutorial.py took 0.078 seconds
[2022-08-09 21:33:40,971] {processor.py:153} INFO - Started process (PID=345780) to work on /home/osboxes/.local/lib/python3.8/site-packages/airflow/example_dags/tutorial.py
[2022-08-09 21:33:40,973] {processor.py:641} INFO - Processing file /home/osboxes/.local/lib/python3.8/site-packages/airflow/example_dags/tutorial.py for tasks to queue
[2022-08-09 21:33:40,974] {logging_mixin.py:115} INFO - [2022-08-09 21:33:40,974] {dagbag.py:507} INFO - Filling up the DagBag from /home/osboxes/.local/lib/python3.8/site-packages/airflow/example_dags/tutorial.py
[2022-08-09 21:33:40,980] {processor.py:651} INFO - DAG(s) dict_keys(['tutorial']) retrieved from /home/osboxes/.local/lib/python3.8/site-packages/airflow/example_dags/tutorial.py
[2022-08-09 21:33:40,997] {logging_mixin.py:115} INFO - [2022-08-09 21:33:40,997] {dag.py:2371} INFO - Sync 1 DAGs
[2022-08-09 21:33:41,010] {logging_mixin.py:115} INFO - [2022-08-09 21:33:41,010] {dag.py:2915} INFO - Setting next_dagrun for tutorial to 2022-08-09T01:33:41.010065+00:00, run_after=2022-08-10T01:33:41.010065+00:00
[2022-08-09 21:33:41,059] {processor.py:161} INFO - Processing /home/osboxes/.local/lib/python3.8/site-packages/airflow/example_dags/tutorial.py took 0.089 seconds
[2022-08-09 21:34:18,335] {processor.py:153} INFO - Started process (PID=346154) to work on /home/osboxes/.local/lib/python3.8/site-packages/airflow/example_dags/tutorial.py
[2022-08-09 21:34:18,337] {processor.py:641} INFO - Processing file /home/osboxes/.local/lib/python3.8/site-packages/airflow/example_dags/tutorial.py for tasks to queue
[2022-08-09 21:34:18,337] {logging_mixin.py:115} INFO - [2022-08-09 21:34:18,337] {dagbag.py:507} INFO - Filling up the DagBag from /home/osboxes/.local/lib/python3.8/site-packages/airflow/example_dags/tutorial.py
[2022-08-09 21:34:18,342] {processor.py:651} INFO - DAG(s) dict_keys(['tutorial']) retrieved from /home/osboxes/.local/lib/python3.8/site-packages/airflow/example_dags/tutorial.py
[2022-08-09 21:34:18,358] {logging_mixin.py:115} INFO - [2022-08-09 21:34:18,358] {dag.py:2371} INFO - Sync 1 DAGs
[2022-08-09 21:34:18,371] {logging_mixin.py:115} INFO - [2022-08-09 21:34:18,371] {dag.py:2915} INFO - Setting next_dagrun for tutorial to 2022-08-09T01:34:18.371157+00:00, run_after=2022-08-10T01:34:18.371157+00:00
[2022-08-09 21:34:18,413] {processor.py:161} INFO - Processing /home/osboxes/.local/lib/python3.8/site-packages/airflow/example_dags/tutorial.py took 0.080 seconds
[2022-08-09 21:35:04,004] {processor.py:153} INFO - Started process (PID=346553) to work on /home/osboxes/.local/lib/python3.8/site-packages/airflow/example_dags/tutorial.py
[2022-08-09 21:35:04,023] {processor.py:641} INFO - Processing file /home/osboxes/.local/lib/python3.8/site-packages/airflow/example_dags/tutorial.py for tasks to queue
[2022-08-09 21:35:04,023] {logging_mixin.py:115} INFO - [2022-08-09 21:35:04,023] {dagbag.py:507} INFO - Filling up the DagBag from /home/osboxes/.local/lib/python3.8/site-packages/airflow/example_dags/tutorial.py
[2022-08-09 21:35:04,044] {processor.py:651} INFO - DAG(s) dict_keys(['tutorial']) retrieved from /home/osboxes/.local/lib/python3.8/site-packages/airflow/example_dags/tutorial.py
[2022-08-09 21:35:04,087] {logging_mixin.py:115} INFO - [2022-08-09 21:35:04,087] {dag.py:2371} INFO - Sync 1 DAGs
[2022-08-09 21:35:04,098] {logging_mixin.py:115} INFO - [2022-08-09 21:35:04,098] {dag.py:2915} INFO - Setting next_dagrun for tutorial to 2022-08-09T01:35:04.098136+00:00, run_after=2022-08-10T01:35:04.098136+00:00
[2022-08-09 21:35:04,129] {processor.py:161} INFO - Processing /home/osboxes/.local/lib/python3.8/site-packages/airflow/example_dags/tutorial.py took 0.127 seconds
[2022-08-09 21:35:40,376] {processor.py:153} INFO - Started process (PID=346888) to work on /home/osboxes/.local/lib/python3.8/site-packages/airflow/example_dags/tutorial.py
[2022-08-09 21:35:40,378] {processor.py:641} INFO - Processing file /home/osboxes/.local/lib/python3.8/site-packages/airflow/example_dags/tutorial.py for tasks to queue
[2022-08-09 21:35:40,379] {logging_mixin.py:115} INFO - [2022-08-09 21:35:40,379] {dagbag.py:507} INFO - Filling up the DagBag from /home/osboxes/.local/lib/python3.8/site-packages/airflow/example_dags/tutorial.py
[2022-08-09 21:35:40,383] {processor.py:651} INFO - DAG(s) dict_keys(['tutorial']) retrieved from /home/osboxes/.local/lib/python3.8/site-packages/airflow/example_dags/tutorial.py
[2022-08-09 21:35:40,399] {logging_mixin.py:115} INFO - [2022-08-09 21:35:40,399] {dag.py:2371} INFO - Sync 1 DAGs
[2022-08-09 21:35:40,414] {logging_mixin.py:115} INFO - [2022-08-09 21:35:40,414] {dag.py:2915} INFO - Setting next_dagrun for tutorial to 2022-08-09T01:35:40.414346+00:00, run_after=2022-08-10T01:35:40.414346+00:00
[2022-08-09 21:35:40,460] {processor.py:161} INFO - Processing /home/osboxes/.local/lib/python3.8/site-packages/airflow/example_dags/tutorial.py took 0.086 seconds
[2022-08-09 21:36:24,678] {processor.py:153} INFO - Started process (PID=347298) to work on /home/osboxes/.local/lib/python3.8/site-packages/airflow/example_dags/tutorial.py
[2022-08-09 21:36:24,688] {processor.py:641} INFO - Processing file /home/osboxes/.local/lib/python3.8/site-packages/airflow/example_dags/tutorial.py for tasks to queue
[2022-08-09 21:36:24,688] {logging_mixin.py:115} INFO - [2022-08-09 21:36:24,688] {dagbag.py:507} INFO - Filling up the DagBag from /home/osboxes/.local/lib/python3.8/site-packages/airflow/example_dags/tutorial.py
[2022-08-09 21:36:24,693] {processor.py:651} INFO - DAG(s) dict_keys(['tutorial']) retrieved from /home/osboxes/.local/lib/python3.8/site-packages/airflow/example_dags/tutorial.py
[2022-08-09 21:36:24,712] {logging_mixin.py:115} INFO - [2022-08-09 21:36:24,712] {dag.py:2371} INFO - Sync 1 DAGs
[2022-08-09 21:36:24,724] {logging_mixin.py:115} INFO - [2022-08-09 21:36:24,724] {dag.py:2915} INFO - Setting next_dagrun for tutorial to 2022-08-09T01:36:24.724371+00:00, run_after=2022-08-10T01:36:24.724371+00:00
[2022-08-09 21:36:24,760] {processor.py:161} INFO - Processing /home/osboxes/.local/lib/python3.8/site-packages/airflow/example_dags/tutorial.py took 0.085 seconds
[2022-08-09 21:37:06,376] {processor.py:153} INFO - Started process (PID=347674) to work on /home/osboxes/.local/lib/python3.8/site-packages/airflow/example_dags/tutorial.py
[2022-08-09 21:37:06,377] {processor.py:641} INFO - Processing file /home/osboxes/.local/lib/python3.8/site-packages/airflow/example_dags/tutorial.py for tasks to queue
[2022-08-09 21:37:06,378] {logging_mixin.py:115} INFO - [2022-08-09 21:37:06,378] {dagbag.py:507} INFO - Filling up the DagBag from /home/osboxes/.local/lib/python3.8/site-packages/airflow/example_dags/tutorial.py
[2022-08-09 21:37:06,383] {processor.py:651} INFO - DAG(s) dict_keys(['tutorial']) retrieved from /home/osboxes/.local/lib/python3.8/site-packages/airflow/example_dags/tutorial.py
[2022-08-09 21:37:06,399] {logging_mixin.py:115} INFO - [2022-08-09 21:37:06,399] {dag.py:2371} INFO - Sync 1 DAGs
[2022-08-09 21:37:06,412] {logging_mixin.py:115} INFO - [2022-08-09 21:37:06,412] {dag.py:2915} INFO - Setting next_dagrun for tutorial to 2022-08-09T01:37:06.412609+00:00, run_after=2022-08-10T01:37:06.412609+00:00
[2022-08-09 21:37:06,448] {processor.py:161} INFO - Processing /home/osboxes/.local/lib/python3.8/site-packages/airflow/example_dags/tutorial.py took 0.075 seconds
[2022-08-09 21:37:41,084] {processor.py:153} INFO - Started process (PID=347998) to work on /home/osboxes/.local/lib/python3.8/site-packages/airflow/example_dags/tutorial.py
[2022-08-09 21:37:41,085] {processor.py:641} INFO - Processing file /home/osboxes/.local/lib/python3.8/site-packages/airflow/example_dags/tutorial.py for tasks to queue
[2022-08-09 21:37:41,086] {logging_mixin.py:115} INFO - [2022-08-09 21:37:41,086] {dagbag.py:507} INFO - Filling up the DagBag from /home/osboxes/.local/lib/python3.8/site-packages/airflow/example_dags/tutorial.py
[2022-08-09 21:37:41,090] {processor.py:651} INFO - DAG(s) dict_keys(['tutorial']) retrieved from /home/osboxes/.local/lib/python3.8/site-packages/airflow/example_dags/tutorial.py
[2022-08-09 21:37:41,106] {logging_mixin.py:115} INFO - [2022-08-09 21:37:41,106] {dag.py:2371} INFO - Sync 1 DAGs
[2022-08-09 21:37:41,119] {logging_mixin.py:115} INFO - [2022-08-09 21:37:41,119] {dag.py:2915} INFO - Setting next_dagrun for tutorial to 2022-08-09T01:37:41.119572+00:00, run_after=2022-08-10T01:37:41.119572+00:00
[2022-08-09 21:37:41,170] {processor.py:161} INFO - Processing /home/osboxes/.local/lib/python3.8/site-packages/airflow/example_dags/tutorial.py took 0.088 seconds
[2022-08-09 21:38:20,159] {processor.py:153} INFO - Started process (PID=348374) to work on /home/osboxes/.local/lib/python3.8/site-packages/airflow/example_dags/tutorial.py
[2022-08-09 21:38:20,161] {processor.py:641} INFO - Processing file /home/osboxes/.local/lib/python3.8/site-packages/airflow/example_dags/tutorial.py for tasks to queue
[2022-08-09 21:38:20,161] {logging_mixin.py:115} INFO - [2022-08-09 21:38:20,161] {dagbag.py:507} INFO - Filling up the DagBag from /home/osboxes/.local/lib/python3.8/site-packages/airflow/example_dags/tutorial.py
[2022-08-09 21:38:20,166] {processor.py:651} INFO - DAG(s) dict_keys(['tutorial']) retrieved from /home/osboxes/.local/lib/python3.8/site-packages/airflow/example_dags/tutorial.py
[2022-08-09 21:38:20,183] {logging_mixin.py:115} INFO - [2022-08-09 21:38:20,183] {dag.py:2371} INFO - Sync 1 DAGs
[2022-08-09 21:38:20,196] {logging_mixin.py:115} INFO - [2022-08-09 21:38:20,196] {dag.py:2915} INFO - Setting next_dagrun for tutorial to 2022-08-09T01:38:20.196473+00:00, run_after=2022-08-10T01:38:20.196473+00:00
[2022-08-09 21:38:20,237] {processor.py:161} INFO - Processing /home/osboxes/.local/lib/python3.8/site-packages/airflow/example_dags/tutorial.py took 0.080 seconds
[2022-08-09 21:38:55,490] {processor.py:153} INFO - Started process (PID=348757) to work on /home/osboxes/.local/lib/python3.8/site-packages/airflow/example_dags/tutorial.py
[2022-08-09 21:38:55,491] {processor.py:641} INFO - Processing file /home/osboxes/.local/lib/python3.8/site-packages/airflow/example_dags/tutorial.py for tasks to queue
[2022-08-09 21:38:55,492] {logging_mixin.py:115} INFO - [2022-08-09 21:38:55,492] {dagbag.py:507} INFO - Filling up the DagBag from /home/osboxes/.local/lib/python3.8/site-packages/airflow/example_dags/tutorial.py
[2022-08-09 21:38:55,496] {processor.py:651} INFO - DAG(s) dict_keys(['tutorial']) retrieved from /home/osboxes/.local/lib/python3.8/site-packages/airflow/example_dags/tutorial.py
[2022-08-09 21:38:55,513] {logging_mixin.py:115} INFO - [2022-08-09 21:38:55,513] {dag.py:2371} INFO - Sync 1 DAGs
[2022-08-09 21:38:55,526] {logging_mixin.py:115} INFO - [2022-08-09 21:38:55,526] {dag.py:2915} INFO - Setting next_dagrun for tutorial to 2022-08-09T01:38:55.526005+00:00, run_after=2022-08-10T01:38:55.526005+00:00
[2022-08-09 21:38:55,564] {processor.py:161} INFO - Processing /home/osboxes/.local/lib/python3.8/site-packages/airflow/example_dags/tutorial.py took 0.076 seconds
[2022-08-09 21:39:31,597] {processor.py:153} INFO - Started process (PID=349077) to work on /home/osboxes/.local/lib/python3.8/site-packages/airflow/example_dags/tutorial.py
[2022-08-09 21:39:31,599] {processor.py:641} INFO - Processing file /home/osboxes/.local/lib/python3.8/site-packages/airflow/example_dags/tutorial.py for tasks to queue
[2022-08-09 21:39:31,599] {logging_mixin.py:115} INFO - [2022-08-09 21:39:31,599] {dagbag.py:507} INFO - Filling up the DagBag from /home/osboxes/.local/lib/python3.8/site-packages/airflow/example_dags/tutorial.py
[2022-08-09 21:39:31,604] {processor.py:651} INFO - DAG(s) dict_keys(['tutorial']) retrieved from /home/osboxes/.local/lib/python3.8/site-packages/airflow/example_dags/tutorial.py
[2022-08-09 21:39:31,620] {logging_mixin.py:115} INFO - [2022-08-09 21:39:31,620] {dag.py:2371} INFO - Sync 1 DAGs
[2022-08-09 21:39:31,631] {logging_mixin.py:115} INFO - [2022-08-09 21:39:31,631] {dag.py:2915} INFO - Setting next_dagrun for tutorial to 2022-08-09T01:39:31.631345+00:00, run_after=2022-08-10T01:39:31.631345+00:00
[2022-08-09 21:39:31,672] {processor.py:161} INFO - Processing /home/osboxes/.local/lib/python3.8/site-packages/airflow/example_dags/tutorial.py took 0.078 seconds
[2022-08-09 21:40:08,919] {processor.py:153} INFO - Started process (PID=349411) to work on /home/osboxes/.local/lib/python3.8/site-packages/airflow/example_dags/tutorial.py
[2022-08-09 21:40:08,920] {processor.py:641} INFO - Processing file /home/osboxes/.local/lib/python3.8/site-packages/airflow/example_dags/tutorial.py for tasks to queue
[2022-08-09 21:40:08,921] {logging_mixin.py:115} INFO - [2022-08-09 21:40:08,921] {dagbag.py:507} INFO - Filling up the DagBag from /home/osboxes/.local/lib/python3.8/site-packages/airflow/example_dags/tutorial.py
[2022-08-09 21:40:08,925] {processor.py:651} INFO - DAG(s) dict_keys(['tutorial']) retrieved from /home/osboxes/.local/lib/python3.8/site-packages/airflow/example_dags/tutorial.py
[2022-08-09 21:40:08,940] {logging_mixin.py:115} INFO - [2022-08-09 21:40:08,940] {dag.py:2371} INFO - Sync 1 DAGs
[2022-08-09 21:40:08,954] {logging_mixin.py:115} INFO - [2022-08-09 21:40:08,954] {dag.py:2915} INFO - Setting next_dagrun for tutorial to 2022-08-09T01:40:08.954352+00:00, run_after=2022-08-10T01:40:08.954352+00:00
[2022-08-09 21:40:08,990] {processor.py:161} INFO - Processing /home/osboxes/.local/lib/python3.8/site-packages/airflow/example_dags/tutorial.py took 0.073 seconds
[2022-08-09 21:40:47,810] {processor.py:153} INFO - Started process (PID=349759) to work on /home/osboxes/.local/lib/python3.8/site-packages/airflow/example_dags/tutorial.py
[2022-08-09 21:40:47,812] {processor.py:641} INFO - Processing file /home/osboxes/.local/lib/python3.8/site-packages/airflow/example_dags/tutorial.py for tasks to queue
[2022-08-09 21:40:47,812] {logging_mixin.py:115} INFO - [2022-08-09 21:40:47,812] {dagbag.py:507} INFO - Filling up the DagBag from /home/osboxes/.local/lib/python3.8/site-packages/airflow/example_dags/tutorial.py
[2022-08-09 21:40:47,817] {processor.py:651} INFO - DAG(s) dict_keys(['tutorial']) retrieved from /home/osboxes/.local/lib/python3.8/site-packages/airflow/example_dags/tutorial.py
[2022-08-09 21:40:47,832] {logging_mixin.py:115} INFO - [2022-08-09 21:40:47,832] {dag.py:2371} INFO - Sync 1 DAGs
[2022-08-09 21:40:47,844] {logging_mixin.py:115} INFO - [2022-08-09 21:40:47,844] {dag.py:2915} INFO - Setting next_dagrun for tutorial to 2022-08-09T01:40:47.843855+00:00, run_after=2022-08-10T01:40:47.843855+00:00
[2022-08-09 21:40:47,883] {processor.py:161} INFO - Processing /home/osboxes/.local/lib/python3.8/site-packages/airflow/example_dags/tutorial.py took 0.076 seconds
[2022-08-09 21:41:26,503] {processor.py:153} INFO - Started process (PID=350120) to work on /home/osboxes/.local/lib/python3.8/site-packages/airflow/example_dags/tutorial.py
[2022-08-09 21:41:26,504] {processor.py:641} INFO - Processing file /home/osboxes/.local/lib/python3.8/site-packages/airflow/example_dags/tutorial.py for tasks to queue
[2022-08-09 21:41:26,505] {logging_mixin.py:115} INFO - [2022-08-09 21:41:26,505] {dagbag.py:507} INFO - Filling up the DagBag from /home/osboxes/.local/lib/python3.8/site-packages/airflow/example_dags/tutorial.py
[2022-08-09 21:41:26,510] {processor.py:651} INFO - DAG(s) dict_keys(['tutorial']) retrieved from /home/osboxes/.local/lib/python3.8/site-packages/airflow/example_dags/tutorial.py
[2022-08-09 21:41:26,526] {logging_mixin.py:115} INFO - [2022-08-09 21:41:26,525] {dag.py:2371} INFO - Sync 1 DAGs
[2022-08-09 21:41:26,540] {logging_mixin.py:115} INFO - [2022-08-09 21:41:26,540] {dag.py:2915} INFO - Setting next_dagrun for tutorial to 2022-08-09T01:41:26.539838+00:00, run_after=2022-08-10T01:41:26.539838+00:00
[2022-08-09 21:41:26,644] {processor.py:161} INFO - Processing /home/osboxes/.local/lib/python3.8/site-packages/airflow/example_dags/tutorial.py took 0.143 seconds
[2022-08-09 21:42:11,753] {processor.py:153} INFO - Started process (PID=350545) to work on /home/osboxes/.local/lib/python3.8/site-packages/airflow/example_dags/tutorial.py
[2022-08-09 21:42:11,764] {processor.py:641} INFO - Processing file /home/osboxes/.local/lib/python3.8/site-packages/airflow/example_dags/tutorial.py for tasks to queue
[2022-08-09 21:42:11,765] {logging_mixin.py:115} INFO - [2022-08-09 21:42:11,765] {dagbag.py:507} INFO - Filling up the DagBag from /home/osboxes/.local/lib/python3.8/site-packages/airflow/example_dags/tutorial.py
[2022-08-09 21:42:11,769] {processor.py:651} INFO - DAG(s) dict_keys(['tutorial']) retrieved from /home/osboxes/.local/lib/python3.8/site-packages/airflow/example_dags/tutorial.py
[2022-08-09 21:42:11,784] {logging_mixin.py:115} INFO - [2022-08-09 21:42:11,784] {dag.py:2371} INFO - Sync 1 DAGs
[2022-08-09 21:42:11,797] {logging_mixin.py:115} INFO - [2022-08-09 21:42:11,797] {dag.py:2915} INFO - Setting next_dagrun for tutorial to 2022-08-09T01:42:11.797239+00:00, run_after=2022-08-10T01:42:11.797239+00:00
[2022-08-09 21:42:11,826] {processor.py:161} INFO - Processing /home/osboxes/.local/lib/python3.8/site-packages/airflow/example_dags/tutorial.py took 0.076 seconds
[2022-08-09 21:42:57,421] {processor.py:153} INFO - Started process (PID=350965) to work on /home/osboxes/.local/lib/python3.8/site-packages/airflow/example_dags/tutorial.py
[2022-08-09 21:42:57,431] {processor.py:641} INFO - Processing file /home/osboxes/.local/lib/python3.8/site-packages/airflow/example_dags/tutorial.py for tasks to queue
[2022-08-09 21:42:57,432] {logging_mixin.py:115} INFO - [2022-08-09 21:42:57,432] {dagbag.py:507} INFO - Filling up the DagBag from /home/osboxes/.local/lib/python3.8/site-packages/airflow/example_dags/tutorial.py
[2022-08-09 21:42:57,440] {processor.py:651} INFO - DAG(s) dict_keys(['tutorial']) retrieved from /home/osboxes/.local/lib/python3.8/site-packages/airflow/example_dags/tutorial.py
[2022-08-09 21:42:57,457] {logging_mixin.py:115} INFO - [2022-08-09 21:42:57,457] {dag.py:2371} INFO - Sync 1 DAGs
[2022-08-09 21:42:57,469] {logging_mixin.py:115} INFO - [2022-08-09 21:42:57,469] {dag.py:2915} INFO - Setting next_dagrun for tutorial to 2022-08-09T01:42:57.469650+00:00, run_after=2022-08-10T01:42:57.469650+00:00
[2022-08-09 21:42:57,514] {processor.py:161} INFO - Processing /home/osboxes/.local/lib/python3.8/site-packages/airflow/example_dags/tutorial.py took 0.095 seconds
[2022-08-09 21:43:36,268] {processor.py:153} INFO - Started process (PID=351347) to work on /home/osboxes/.local/lib/python3.8/site-packages/airflow/example_dags/tutorial.py
[2022-08-09 21:43:36,269] {processor.py:641} INFO - Processing file /home/osboxes/.local/lib/python3.8/site-packages/airflow/example_dags/tutorial.py for tasks to queue
[2022-08-09 21:43:36,270] {logging_mixin.py:115} INFO - [2022-08-09 21:43:36,270] {dagbag.py:507} INFO - Filling up the DagBag from /home/osboxes/.local/lib/python3.8/site-packages/airflow/example_dags/tutorial.py
[2022-08-09 21:43:36,274] {processor.py:651} INFO - DAG(s) dict_keys(['tutorial']) retrieved from /home/osboxes/.local/lib/python3.8/site-packages/airflow/example_dags/tutorial.py
[2022-08-09 21:43:36,292] {logging_mixin.py:115} INFO - [2022-08-09 21:43:36,292] {dag.py:2371} INFO - Sync 1 DAGs
[2022-08-09 21:43:36,306] {logging_mixin.py:115} INFO - [2022-08-09 21:43:36,306] {dag.py:2915} INFO - Setting next_dagrun for tutorial to 2022-08-09T01:43:36.305917+00:00, run_after=2022-08-10T01:43:36.305917+00:00
[2022-08-09 21:43:36,361] {processor.py:161} INFO - Processing /home/osboxes/.local/lib/python3.8/site-packages/airflow/example_dags/tutorial.py took 0.095 seconds
[2022-08-09 21:44:19,572] {processor.py:153} INFO - Started process (PID=351784) to work on /home/osboxes/.local/lib/python3.8/site-packages/airflow/example_dags/tutorial.py
[2022-08-09 21:44:19,575] {processor.py:641} INFO - Processing file /home/osboxes/.local/lib/python3.8/site-packages/airflow/example_dags/tutorial.py for tasks to queue
[2022-08-09 21:44:19,575] {logging_mixin.py:115} INFO - [2022-08-09 21:44:19,575] {dagbag.py:507} INFO - Filling up the DagBag from /home/osboxes/.local/lib/python3.8/site-packages/airflow/example_dags/tutorial.py
[2022-08-09 21:44:19,579] {processor.py:651} INFO - DAG(s) dict_keys(['tutorial']) retrieved from /home/osboxes/.local/lib/python3.8/site-packages/airflow/example_dags/tutorial.py
[2022-08-09 21:44:19,603] {logging_mixin.py:115} INFO - [2022-08-09 21:44:19,603] {dag.py:2371} INFO - Sync 1 DAGs
[2022-08-09 21:44:19,615] {logging_mixin.py:115} INFO - [2022-08-09 21:44:19,615] {dag.py:2915} INFO - Setting next_dagrun for tutorial to 2022-08-09T01:44:19.614992+00:00, run_after=2022-08-10T01:44:19.614992+00:00
[2022-08-09 21:44:19,641] {processor.py:161} INFO - Processing /home/osboxes/.local/lib/python3.8/site-packages/airflow/example_dags/tutorial.py took 0.071 seconds
[2022-08-09 21:44:56,753] {processor.py:153} INFO - Started process (PID=352121) to work on /home/osboxes/.local/lib/python3.8/site-packages/airflow/example_dags/tutorial.py
[2022-08-09 21:44:56,756] {processor.py:641} INFO - Processing file /home/osboxes/.local/lib/python3.8/site-packages/airflow/example_dags/tutorial.py for tasks to queue
[2022-08-09 21:44:56,757] {logging_mixin.py:115} INFO - [2022-08-09 21:44:56,757] {dagbag.py:507} INFO - Filling up the DagBag from /home/osboxes/.local/lib/python3.8/site-packages/airflow/example_dags/tutorial.py
[2022-08-09 21:44:56,761] {processor.py:651} INFO - DAG(s) dict_keys(['tutorial']) retrieved from /home/osboxes/.local/lib/python3.8/site-packages/airflow/example_dags/tutorial.py
[2022-08-09 21:44:56,776] {logging_mixin.py:115} INFO - [2022-08-09 21:44:56,776] {dag.py:2371} INFO - Sync 1 DAGs
[2022-08-09 21:44:56,792] {logging_mixin.py:115} INFO - [2022-08-09 21:44:56,792] {dag.py:2915} INFO - Setting next_dagrun for tutorial to 2022-08-09T01:44:56.792284+00:00, run_after=2022-08-10T01:44:56.792284+00:00
[2022-08-09 21:44:56,841] {processor.py:161} INFO - Processing /home/osboxes/.local/lib/python3.8/site-packages/airflow/example_dags/tutorial.py took 0.090 seconds
[2022-08-09 21:45:34,583] {processor.py:153} INFO - Started process (PID=352475) to work on /home/osboxes/.local/lib/python3.8/site-packages/airflow/example_dags/tutorial.py
[2022-08-09 21:45:34,586] {processor.py:641} INFO - Processing file /home/osboxes/.local/lib/python3.8/site-packages/airflow/example_dags/tutorial.py for tasks to queue
[2022-08-09 21:45:34,586] {logging_mixin.py:115} INFO - [2022-08-09 21:45:34,586] {dagbag.py:507} INFO - Filling up the DagBag from /home/osboxes/.local/lib/python3.8/site-packages/airflow/example_dags/tutorial.py
[2022-08-09 21:45:34,590] {processor.py:651} INFO - DAG(s) dict_keys(['tutorial']) retrieved from /home/osboxes/.local/lib/python3.8/site-packages/airflow/example_dags/tutorial.py
[2022-08-09 21:45:34,612] {logging_mixin.py:115} INFO - [2022-08-09 21:45:34,612] {dag.py:2371} INFO - Sync 1 DAGs
[2022-08-09 21:45:34,626] {logging_mixin.py:115} INFO - [2022-08-09 21:45:34,626] {dag.py:2915} INFO - Setting next_dagrun for tutorial to 2022-08-09T01:45:34.626137+00:00, run_after=2022-08-10T01:45:34.626137+00:00
[2022-08-09 21:45:34,666] {processor.py:161} INFO - Processing /home/osboxes/.local/lib/python3.8/site-packages/airflow/example_dags/tutorial.py took 0.085 seconds
[2022-08-09 21:46:21,964] {processor.py:153} INFO - Started process (PID=352922) to work on /home/osboxes/.local/lib/python3.8/site-packages/airflow/example_dags/tutorial.py
[2022-08-09 21:46:21,965] {processor.py:641} INFO - Processing file /home/osboxes/.local/lib/python3.8/site-packages/airflow/example_dags/tutorial.py for tasks to queue
[2022-08-09 21:46:21,966] {logging_mixin.py:115} INFO - [2022-08-09 21:46:21,966] {dagbag.py:507} INFO - Filling up the DagBag from /home/osboxes/.local/lib/python3.8/site-packages/airflow/example_dags/tutorial.py
[2022-08-09 21:46:21,970] {processor.py:651} INFO - DAG(s) dict_keys(['tutorial']) retrieved from /home/osboxes/.local/lib/python3.8/site-packages/airflow/example_dags/tutorial.py
[2022-08-09 21:46:21,987] {logging_mixin.py:115} INFO - [2022-08-09 21:46:21,987] {dag.py:2371} INFO - Sync 1 DAGs
[2022-08-09 21:46:22,000] {logging_mixin.py:115} INFO - [2022-08-09 21:46:22,000] {dag.py:2915} INFO - Setting next_dagrun for tutorial to 2022-08-09T01:46:22.000291+00:00, run_after=2022-08-10T01:46:22.000291+00:00
[2022-08-09 21:46:22,048] {processor.py:161} INFO - Processing /home/osboxes/.local/lib/python3.8/site-packages/airflow/example_dags/tutorial.py took 0.087 seconds
[2022-08-09 21:47:05,960] {processor.py:153} INFO - Started process (PID=353305) to work on /home/osboxes/.local/lib/python3.8/site-packages/airflow/example_dags/tutorial.py
[2022-08-09 21:47:05,961] {processor.py:641} INFO - Processing file /home/osboxes/.local/lib/python3.8/site-packages/airflow/example_dags/tutorial.py for tasks to queue
[2022-08-09 21:47:05,961] {logging_mixin.py:115} INFO - [2022-08-09 21:47:05,961] {dagbag.py:507} INFO - Filling up the DagBag from /home/osboxes/.local/lib/python3.8/site-packages/airflow/example_dags/tutorial.py
[2022-08-09 21:47:05,966] {processor.py:651} INFO - DAG(s) dict_keys(['tutorial']) retrieved from /home/osboxes/.local/lib/python3.8/site-packages/airflow/example_dags/tutorial.py
[2022-08-09 21:47:05,981] {logging_mixin.py:115} INFO - [2022-08-09 21:47:05,981] {dag.py:2371} INFO - Sync 1 DAGs
[2022-08-09 21:47:05,995] {logging_mixin.py:115} INFO - [2022-08-09 21:47:05,995] {dag.py:2915} INFO - Setting next_dagrun for tutorial to 2022-08-09T01:47:05.995398+00:00, run_after=2022-08-10T01:47:05.995398+00:00
[2022-08-09 21:47:06,023] {processor.py:161} INFO - Processing /home/osboxes/.local/lib/python3.8/site-packages/airflow/example_dags/tutorial.py took 0.066 seconds
[2022-08-09 21:47:45,066] {processor.py:153} INFO - Started process (PID=353686) to work on /home/osboxes/.local/lib/python3.8/site-packages/airflow/example_dags/tutorial.py
[2022-08-09 21:47:45,067] {processor.py:641} INFO - Processing file /home/osboxes/.local/lib/python3.8/site-packages/airflow/example_dags/tutorial.py for tasks to queue
[2022-08-09 21:47:45,067] {logging_mixin.py:115} INFO - [2022-08-09 21:47:45,067] {dagbag.py:507} INFO - Filling up the DagBag from /home/osboxes/.local/lib/python3.8/site-packages/airflow/example_dags/tutorial.py
[2022-08-09 21:47:45,072] {processor.py:651} INFO - DAG(s) dict_keys(['tutorial']) retrieved from /home/osboxes/.local/lib/python3.8/site-packages/airflow/example_dags/tutorial.py
[2022-08-09 21:47:45,089] {logging_mixin.py:115} INFO - [2022-08-09 21:47:45,089] {dag.py:2371} INFO - Sync 1 DAGs
[2022-08-09 21:47:45,103] {logging_mixin.py:115} INFO - [2022-08-09 21:47:45,103] {dag.py:2915} INFO - Setting next_dagrun for tutorial to 2022-08-09T01:47:45.102657+00:00, run_after=2022-08-10T01:47:45.102657+00:00
[2022-08-09 21:47:45,154] {processor.py:161} INFO - Processing /home/osboxes/.local/lib/python3.8/site-packages/airflow/example_dags/tutorial.py took 0.090 seconds
[2022-08-09 21:48:26,137] {processor.py:153} INFO - Started process (PID=354055) to work on /home/osboxes/.local/lib/python3.8/site-packages/airflow/example_dags/tutorial.py
[2022-08-09 21:48:26,139] {processor.py:641} INFO - Processing file /home/osboxes/.local/lib/python3.8/site-packages/airflow/example_dags/tutorial.py for tasks to queue
[2022-08-09 21:48:26,139] {logging_mixin.py:115} INFO - [2022-08-09 21:48:26,139] {dagbag.py:507} INFO - Filling up the DagBag from /home/osboxes/.local/lib/python3.8/site-packages/airflow/example_dags/tutorial.py
[2022-08-09 21:48:26,144] {processor.py:651} INFO - DAG(s) dict_keys(['tutorial']) retrieved from /home/osboxes/.local/lib/python3.8/site-packages/airflow/example_dags/tutorial.py
[2022-08-09 21:48:26,161] {logging_mixin.py:115} INFO - [2022-08-09 21:48:26,161] {dag.py:2371} INFO - Sync 1 DAGs
[2022-08-09 21:48:26,174] {logging_mixin.py:115} INFO - [2022-08-09 21:48:26,174] {dag.py:2915} INFO - Setting next_dagrun for tutorial to 2022-08-09T01:48:26.174222+00:00, run_after=2022-08-10T01:48:26.174222+00:00
[2022-08-09 21:48:26,215] {processor.py:161} INFO - Processing /home/osboxes/.local/lib/python3.8/site-packages/airflow/example_dags/tutorial.py took 0.080 seconds
[2022-08-09 21:49:08,662] {processor.py:153} INFO - Started process (PID=354496) to work on /home/osboxes/.local/lib/python3.8/site-packages/airflow/example_dags/tutorial.py
[2022-08-09 21:49:08,664] {processor.py:641} INFO - Processing file /home/osboxes/.local/lib/python3.8/site-packages/airflow/example_dags/tutorial.py for tasks to queue
[2022-08-09 21:49:08,664] {logging_mixin.py:115} INFO - [2022-08-09 21:49:08,664] {dagbag.py:507} INFO - Filling up the DagBag from /home/osboxes/.local/lib/python3.8/site-packages/airflow/example_dags/tutorial.py
[2022-08-09 21:49:08,669] {processor.py:651} INFO - DAG(s) dict_keys(['tutorial']) retrieved from /home/osboxes/.local/lib/python3.8/site-packages/airflow/example_dags/tutorial.py
[2022-08-09 21:49:08,691] {logging_mixin.py:115} INFO - [2022-08-09 21:49:08,691] {dag.py:2371} INFO - Sync 1 DAGs
[2022-08-09 21:49:08,705] {logging_mixin.py:115} INFO - [2022-08-09 21:49:08,705] {dag.py:2915} INFO - Setting next_dagrun for tutorial to 2022-08-09T01:49:08.705389+00:00, run_after=2022-08-10T01:49:08.705389+00:00
[2022-08-09 21:49:08,736] {processor.py:161} INFO - Processing /home/osboxes/.local/lib/python3.8/site-packages/airflow/example_dags/tutorial.py took 0.076 seconds
[2022-08-09 21:49:49,577] {processor.py:153} INFO - Started process (PID=354860) to work on /home/osboxes/.local/lib/python3.8/site-packages/airflow/example_dags/tutorial.py
[2022-08-09 21:49:49,578] {processor.py:641} INFO - Processing file /home/osboxes/.local/lib/python3.8/site-packages/airflow/example_dags/tutorial.py for tasks to queue
[2022-08-09 21:49:49,579] {logging_mixin.py:115} INFO - [2022-08-09 21:49:49,579] {dagbag.py:507} INFO - Filling up the DagBag from /home/osboxes/.local/lib/python3.8/site-packages/airflow/example_dags/tutorial.py
[2022-08-09 21:49:49,583] {processor.py:651} INFO - DAG(s) dict_keys(['tutorial']) retrieved from /home/osboxes/.local/lib/python3.8/site-packages/airflow/example_dags/tutorial.py
[2022-08-09 21:49:49,599] {logging_mixin.py:115} INFO - [2022-08-09 21:49:49,598] {dag.py:2371} INFO - Sync 1 DAGs
[2022-08-09 21:49:49,611] {logging_mixin.py:115} INFO - [2022-08-09 21:49:49,611] {dag.py:2915} INFO - Setting next_dagrun for tutorial to 2022-08-09T01:49:49.611544+00:00, run_after=2022-08-10T01:49:49.611544+00:00
[2022-08-09 21:49:49,655] {processor.py:161} INFO - Processing /home/osboxes/.local/lib/python3.8/site-packages/airflow/example_dags/tutorial.py took 0.081 seconds
[2022-08-09 21:50:29,714] {processor.py:153} INFO - Started process (PID=355212) to work on /home/osboxes/.local/lib/python3.8/site-packages/airflow/example_dags/tutorial.py
[2022-08-09 21:50:29,715] {processor.py:641} INFO - Processing file /home/osboxes/.local/lib/python3.8/site-packages/airflow/example_dags/tutorial.py for tasks to queue
[2022-08-09 21:50:29,716] {logging_mixin.py:115} INFO - [2022-08-09 21:50:29,716] {dagbag.py:507} INFO - Filling up the DagBag from /home/osboxes/.local/lib/python3.8/site-packages/airflow/example_dags/tutorial.py
[2022-08-09 21:50:29,720] {processor.py:651} INFO - DAG(s) dict_keys(['tutorial']) retrieved from /home/osboxes/.local/lib/python3.8/site-packages/airflow/example_dags/tutorial.py
[2022-08-09 21:50:29,736] {logging_mixin.py:115} INFO - [2022-08-09 21:50:29,736] {dag.py:2371} INFO - Sync 1 DAGs
[2022-08-09 21:50:29,749] {logging_mixin.py:115} INFO - [2022-08-09 21:50:29,749] {dag.py:2915} INFO - Setting next_dagrun for tutorial to 2022-08-09T01:50:29.749653+00:00, run_after=2022-08-10T01:50:29.749653+00:00
[2022-08-09 21:50:29,776] {processor.py:161} INFO - Processing /home/osboxes/.local/lib/python3.8/site-packages/airflow/example_dags/tutorial.py took 0.064 seconds
[2022-08-09 22:09:28,403] {processor.py:153} INFO - Started process (PID=355706) to work on /home/osboxes/.local/lib/python3.8/site-packages/airflow/example_dags/tutorial.py
[2022-08-09 22:09:28,410] {processor.py:641} INFO - Processing file /home/osboxes/.local/lib/python3.8/site-packages/airflow/example_dags/tutorial.py for tasks to queue
[2022-08-09 22:09:28,435] {logging_mixin.py:115} INFO - [2022-08-09 22:09:28,435] {dagbag.py:507} INFO - Filling up the DagBag from /home/osboxes/.local/lib/python3.8/site-packages/airflow/example_dags/tutorial.py
[2022-08-09 22:09:28,475] {processor.py:651} INFO - DAG(s) dict_keys(['tutorial']) retrieved from /home/osboxes/.local/lib/python3.8/site-packages/airflow/example_dags/tutorial.py
[2022-08-09 22:09:28,757] {logging_mixin.py:115} INFO - [2022-08-09 22:09:28,757] {dag.py:2371} INFO - Sync 1 DAGs
[2022-08-09 22:09:28,898] {logging_mixin.py:115} INFO - [2022-08-09 22:09:28,898] {dag.py:2915} INFO - Setting next_dagrun for tutorial to 2022-08-09T02:09:28.897764+00:00, run_after=2022-08-10T02:09:28.897764+00:00
[2022-08-09 22:09:29,162] {processor.py:161} INFO - Processing /home/osboxes/.local/lib/python3.8/site-packages/airflow/example_dags/tutorial.py took 0.820 seconds
[2022-08-09 22:10:15,703] {processor.py:153} INFO - Started process (PID=356322) to work on /home/osboxes/.local/lib/python3.8/site-packages/airflow/example_dags/tutorial.py
[2022-08-09 22:10:15,704] {processor.py:641} INFO - Processing file /home/osboxes/.local/lib/python3.8/site-packages/airflow/example_dags/tutorial.py for tasks to queue
[2022-08-09 22:10:15,704] {logging_mixin.py:115} INFO - [2022-08-09 22:10:15,704] {dagbag.py:507} INFO - Filling up the DagBag from /home/osboxes/.local/lib/python3.8/site-packages/airflow/example_dags/tutorial.py
[2022-08-09 22:10:15,709] {processor.py:651} INFO - DAG(s) dict_keys(['tutorial']) retrieved from /home/osboxes/.local/lib/python3.8/site-packages/airflow/example_dags/tutorial.py
[2022-08-09 22:10:15,726] {logging_mixin.py:115} INFO - [2022-08-09 22:10:15,726] {dag.py:2371} INFO - Sync 1 DAGs
[2022-08-09 22:10:15,737] {logging_mixin.py:115} INFO - [2022-08-09 22:10:15,737] {dag.py:2915} INFO - Setting next_dagrun for tutorial to 2022-08-09T02:10:15.737292+00:00, run_after=2022-08-10T02:10:15.737292+00:00
[2022-08-09 22:10:15,775] {processor.py:161} INFO - Processing /home/osboxes/.local/lib/python3.8/site-packages/airflow/example_dags/tutorial.py took 0.075 seconds
[2022-08-09 22:10:49,764] {processor.py:153} INFO - Started process (PID=356646) to work on /home/osboxes/.local/lib/python3.8/site-packages/airflow/example_dags/tutorial.py
[2022-08-09 22:10:49,766] {processor.py:641} INFO - Processing file /home/osboxes/.local/lib/python3.8/site-packages/airflow/example_dags/tutorial.py for tasks to queue
[2022-08-09 22:10:49,766] {logging_mixin.py:115} INFO - [2022-08-09 22:10:49,766] {dagbag.py:507} INFO - Filling up the DagBag from /home/osboxes/.local/lib/python3.8/site-packages/airflow/example_dags/tutorial.py
[2022-08-09 22:10:49,771] {processor.py:651} INFO - DAG(s) dict_keys(['tutorial']) retrieved from /home/osboxes/.local/lib/python3.8/site-packages/airflow/example_dags/tutorial.py
[2022-08-09 22:10:49,787] {logging_mixin.py:115} INFO - [2022-08-09 22:10:49,787] {dag.py:2371} INFO - Sync 1 DAGs
[2022-08-09 22:10:49,799] {logging_mixin.py:115} INFO - [2022-08-09 22:10:49,799] {dag.py:2915} INFO - Setting next_dagrun for tutorial to 2022-08-09T02:10:49.798963+00:00, run_after=2022-08-10T02:10:49.798963+00:00
[2022-08-09 22:10:49,840] {processor.py:161} INFO - Processing /home/osboxes/.local/lib/python3.8/site-packages/airflow/example_dags/tutorial.py took 0.079 seconds
[2022-08-09 22:11:32,851] {processor.py:153} INFO - Started process (PID=357040) to work on /home/osboxes/.local/lib/python3.8/site-packages/airflow/example_dags/tutorial.py
[2022-08-09 22:11:32,853] {processor.py:641} INFO - Processing file /home/osboxes/.local/lib/python3.8/site-packages/airflow/example_dags/tutorial.py for tasks to queue
[2022-08-09 22:11:32,853] {logging_mixin.py:115} INFO - [2022-08-09 22:11:32,853] {dagbag.py:507} INFO - Filling up the DagBag from /home/osboxes/.local/lib/python3.8/site-packages/airflow/example_dags/tutorial.py
[2022-08-09 22:11:32,859] {processor.py:651} INFO - DAG(s) dict_keys(['tutorial']) retrieved from /home/osboxes/.local/lib/python3.8/site-packages/airflow/example_dags/tutorial.py
[2022-08-09 22:11:32,884] {logging_mixin.py:115} INFO - [2022-08-09 22:11:32,884] {dag.py:2371} INFO - Sync 1 DAGs
[2022-08-09 22:11:32,898] {logging_mixin.py:115} INFO - [2022-08-09 22:11:32,898] {dag.py:2915} INFO - Setting next_dagrun for tutorial to 2022-08-09T02:11:32.898494+00:00, run_after=2022-08-10T02:11:32.898494+00:00
[2022-08-09 22:11:32,931] {processor.py:161} INFO - Processing /home/osboxes/.local/lib/python3.8/site-packages/airflow/example_dags/tutorial.py took 0.082 seconds
[2022-08-09 22:12:11,005] {processor.py:153} INFO - Started process (PID=357439) to work on /home/osboxes/.local/lib/python3.8/site-packages/airflow/example_dags/tutorial.py
[2022-08-09 22:12:11,006] {processor.py:641} INFO - Processing file /home/osboxes/.local/lib/python3.8/site-packages/airflow/example_dags/tutorial.py for tasks to queue
[2022-08-09 22:12:11,007] {logging_mixin.py:115} INFO - [2022-08-09 22:12:11,007] {dagbag.py:507} INFO - Filling up the DagBag from /home/osboxes/.local/lib/python3.8/site-packages/airflow/example_dags/tutorial.py
[2022-08-09 22:12:11,015] {processor.py:651} INFO - DAG(s) dict_keys(['tutorial']) retrieved from /home/osboxes/.local/lib/python3.8/site-packages/airflow/example_dags/tutorial.py
[2022-08-09 22:12:11,042] {logging_mixin.py:115} INFO - [2022-08-09 22:12:11,039] {dag.py:2371} INFO - Sync 1 DAGs
[2022-08-09 22:12:11,068] {logging_mixin.py:115} INFO - [2022-08-09 22:12:11,068] {dag.py:2915} INFO - Setting next_dagrun for tutorial to 2022-08-09T02:12:11.067522+00:00, run_after=2022-08-10T02:12:11.067522+00:00
[2022-08-09 22:12:11,117] {processor.py:161} INFO - Processing /home/osboxes/.local/lib/python3.8/site-packages/airflow/example_dags/tutorial.py took 0.115 seconds
[2022-08-09 22:12:49,230] {processor.py:153} INFO - Started process (PID=357796) to work on /home/osboxes/.local/lib/python3.8/site-packages/airflow/example_dags/tutorial.py
[2022-08-09 22:12:49,232] {processor.py:641} INFO - Processing file /home/osboxes/.local/lib/python3.8/site-packages/airflow/example_dags/tutorial.py for tasks to queue
[2022-08-09 22:12:49,233] {logging_mixin.py:115} INFO - [2022-08-09 22:12:49,233] {dagbag.py:507} INFO - Filling up the DagBag from /home/osboxes/.local/lib/python3.8/site-packages/airflow/example_dags/tutorial.py
[2022-08-09 22:12:49,237] {processor.py:651} INFO - DAG(s) dict_keys(['tutorial']) retrieved from /home/osboxes/.local/lib/python3.8/site-packages/airflow/example_dags/tutorial.py
[2022-08-09 22:12:49,255] {logging_mixin.py:115} INFO - [2022-08-09 22:12:49,255] {dag.py:2371} INFO - Sync 1 DAGs
[2022-08-09 22:12:49,268] {logging_mixin.py:115} INFO - [2022-08-09 22:12:49,268] {dag.py:2915} INFO - Setting next_dagrun for tutorial to 2022-08-09T02:12:49.267792+00:00, run_after=2022-08-10T02:12:49.267792+00:00
[2022-08-09 22:12:49,296] {processor.py:161} INFO - Processing /home/osboxes/.local/lib/python3.8/site-packages/airflow/example_dags/tutorial.py took 0.069 seconds
[2022-08-09 22:13:25,922] {processor.py:153} INFO - Started process (PID=358125) to work on /home/osboxes/.local/lib/python3.8/site-packages/airflow/example_dags/tutorial.py
[2022-08-09 22:13:25,925] {processor.py:641} INFO - Processing file /home/osboxes/.local/lib/python3.8/site-packages/airflow/example_dags/tutorial.py for tasks to queue
[2022-08-09 22:13:25,925] {logging_mixin.py:115} INFO - [2022-08-09 22:13:25,925] {dagbag.py:507} INFO - Filling up the DagBag from /home/osboxes/.local/lib/python3.8/site-packages/airflow/example_dags/tutorial.py
[2022-08-09 22:13:25,932] {processor.py:651} INFO - DAG(s) dict_keys(['tutorial']) retrieved from /home/osboxes/.local/lib/python3.8/site-packages/airflow/example_dags/tutorial.py
[2022-08-09 22:13:25,957] {logging_mixin.py:115} INFO - [2022-08-09 22:13:25,957] {dag.py:2371} INFO - Sync 1 DAGs
[2022-08-09 22:13:25,977] {logging_mixin.py:115} INFO - [2022-08-09 22:13:25,977] {dag.py:2915} INFO - Setting next_dagrun for tutorial to 2022-08-09T02:13:25.976898+00:00, run_after=2022-08-10T02:13:25.976898+00:00
[2022-08-09 22:13:26,027] {processor.py:161} INFO - Processing /home/osboxes/.local/lib/python3.8/site-packages/airflow/example_dags/tutorial.py took 0.107 seconds
                                                                                                                                                                                                                                                                                                                                                                                                                                                                                                                                                                                                                                                                