[2022-08-24 00:08:19,048] {processor.py:153} INFO - Started process (PID=18363) to work on /home/osboxes/.local/lib/python3.8/site-packages/airflow/example_dags/plugins/workday.py
[2022-08-24 00:08:19,049] {processor.py:641} INFO - Processing file /home/osboxes/.local/lib/python3.8/site-packages/airflow/example_dags/plugins/workday.py for tasks to queue
[2022-08-24 00:08:19,050] {logging_mixin.py:115} INFO - [2022-08-24 00:08:19,050] {dagbag.py:507} INFO - Filling up the DagBag from /home/osboxes/.local/lib/python3.8/site-packages/airflow/example_dags/plugins/workday.py
[2022-08-24 00:08:19,056] {processor.py:653} WARNING - No viable dags retrieved from /home/osboxes/.local/lib/python3.8/site-packages/airflow/example_dags/plugins/workday.py
[2022-08-24 00:08:19,075] {processor.py:161} INFO - Processing /home/osboxes/.local/lib/python3.8/site-packages/airflow/example_dags/plugins/workday.py took 0.029 seconds
[2022-08-24 00:09:07,398] {processor.py:153} INFO - Started process (PID=18762) to work on /home/osboxes/.local/lib/python3.8/site-packages/airflow/example_dags/plugins/workday.py
[2022-08-24 00:09:07,407] {processor.py:641} INFO - Processing file /home/osboxes/.local/lib/python3.8/site-packages/airflow/example_dags/plugins/workday.py for tasks to queue
[2022-08-24 00:09:07,407] {logging_mixin.py:115} INFO - [2022-08-24 00:09:07,407] {dagbag.py:507} INFO - Filling up the DagBag from /home/osboxes/.local/lib/python3.8/site-packages/airflow/example_dags/plugins/workday.py
[2022-08-24 00:09:07,409] {processor.py:653} WARNING - No viable dags retrieved from /home/osboxes/.local/lib/python3.8/site-packages/airflow/example_dags/plugins/workday.py
[2022-08-24 00:09:07,420] {processor.py:161} INFO - Processing /home/osboxes/.local/lib/python3.8/site-packages/airflow/example_dags/plugins/workday.py took 0.024 seconds
[2022-08-24 00:10:02,324] {processor.py:153} INFO - Started process (PID=19231) to work on /home/osboxes/.local/lib/python3.8/site-packages/airflow/example_dags/plugins/workday.py
[2022-08-24 00:10:02,326] {processor.py:641} INFO - Processing file /home/osboxes/.local/lib/python3.8/site-packages/airflow/example_dags/plugins/workday.py for tasks to queue
[2022-08-24 00:10:02,327] {logging_mixin.py:115} INFO - [2022-08-24 00:10:02,326] {dagbag.py:507} INFO - Filling up the DagBag from /home/osboxes/.local/lib/python3.8/site-packages/airflow/example_dags/plugins/workday.py
[2022-08-24 00:10:02,328] {processor.py:653} WARNING - No viable dags retrieved from /home/osboxes/.local/lib/python3.8/site-packages/airflow/example_dags/plugins/workday.py
[2022-08-24 00:10:02,337] {processor.py:161} INFO - Processing /home/osboxes/.local/lib/python3.8/site-packages/airflow/example_dags/plugins/workday.py took 0.016 seconds
[2022-08-24 00:10:51,675] {processor.py:153} INFO - Started process (PID=19620) to work on /home/osboxes/.local/lib/python3.8/site-packages/airflow/example_dags/plugins/workday.py
[2022-08-24 00:10:51,677] {processor.py:641} INFO - Processing file /home/osboxes/.local/lib/python3.8/site-packages/airflow/example_dags/plugins/workday.py for tasks to queue
[2022-08-24 00:10:51,678] {logging_mixin.py:115} INFO - [2022-08-24 00:10:51,677] {dagbag.py:507} INFO - Filling up the DagBag from /home/osboxes/.local/lib/python3.8/site-packages/airflow/example_dags/plugins/workday.py
[2022-08-24 00:10:51,680] {processor.py:653} WARNING - No viable dags retrieved from /home/osboxes/.local/lib/python3.8/site-packages/airflow/example_dags/plugins/workday.py
[2022-08-24 00:10:51,692] {processor.py:161} INFO - Processing /home/osboxes/.local/lib/python3.8/site-packages/airflow/example_dags/plugins/workday.py took 0.019 seconds
[2022-08-24 00:11:44,659] {processor.py:153} INFO - Started process (PID=20031) to work on /home/osboxes/.local/lib/python3.8/site-packages/airflow/example_dags/plugins/workday.py
[2022-08-24 00:11:44,661] {processor.py:641} INFO - Processing file /home/osboxes/.local/lib/python3.8/site-packages/airflow/example_dags/plugins/workday.py for tasks to queue
[2022-08-24 00:11:44,662] {logging_mixin.py:115} INFO - [2022-08-24 00:11:44,662] {dagbag.py:507} INFO - Filling up the DagBag from /home/osboxes/.local/lib/python3.8/site-packages/airflow/example_dags/plugins/workday.py
[2022-08-24 00:11:44,665] {processor.py:653} WARNING - No viable dags retrieved from /home/osboxes/.local/lib/python3.8/site-packages/airflow/example_dags/plugins/workday.py
[2022-08-24 00:11:44,688] {processor.py:161} INFO - Processing /home/osboxes/.local/lib/python3.8/site-packages/airflow/example_dags/plugins/workday.py took 0.032 seconds
[2022-08-24 00:13:02,122] {processor.py:153} INFO - Started process (PID=20659) to work on /home/osboxes/.local/lib/python3.8/site-packages/airflow/example_dags/plugins/workday.py
[2022-08-24 00:13:02,125] {processor.py:641} INFO - Processing file /home/osboxes/.local/lib/python3.8/site-packages/airflow/example_dags/plugins/workday.py for tasks to queue
[2022-08-24 00:13:02,125] {logging_mixin.py:115} INFO - [2022-08-24 00:13:02,125] {dagbag.py:507} INFO - Filling up the DagBag from /home/osboxes/.local/lib/python3.8/site-packages/airflow/example_dags/plugins/workday.py
[2022-08-24 00:13:02,127] {processor.py:653} WARNING - No viable dags retrieved from /home/osboxes/.local/lib/python3.8/site-packages/airflow/example_dags/plugins/workday.py
[2022-08-24 00:13:02,137] {processor.py:161} INFO - Processing /home/osboxes/.local/lib/python3.8/site-packages/airflow/example_dags/plugins/workday.py took 0.019 seconds
[2022-08-24 00:13:49,576] {processor.py:153} INFO - Started process (PID=21024) to work on /home/osboxes/.local/lib/python3.8/site-packages/airflow/example_dags/plugins/workday.py
[2022-08-24 00:13:49,578] {processor.py:641} INFO - Processing file /home/osboxes/.local/lib/python3.8/site-packages/airflow/example_dags/plugins/workday.py for tasks to queue
[2022-08-24 00:13:49,578] {logging_mixin.py:115} INFO - [2022-08-24 00:13:49,578] {dagbag.py:507} INFO - Filling up the DagBag from /home/osboxes/.local/lib/python3.8/site-packages/airflow/example_dags/plugins/workday.py
[2022-08-24 00:13:49,581] {processor.py:653} WARNING - No viable dags retrieved from /home/osboxes/.local/lib/python3.8/site-packages/airflow/example_dags/plugins/workday.py
[2022-08-24 00:13:49,593] {processor.py:161} INFO - Processing /home/osboxes/.local/lib/python3.8/site-packages/airflow/example_dags/plugins/workday.py took 0.020 seconds
[2022-08-24 00:14:37,120] {processor.py:153} INFO - Started process (PID=21411) to work on /home/osboxes/.local/lib/python3.8/site-packages/airflow/example_dags/plugins/workday.py
[2022-08-24 00:14:37,122] {processor.py:641} INFO - Processing file /home/osboxes/.local/lib/python3.8/site-packages/airflow/example_dags/plugins/workday.py for tasks to queue
[2022-08-24 00:14:37,122] {logging_mixin.py:115} INFO - [2022-08-24 00:14:37,122] {dagbag.py:507} INFO - Filling up the DagBag from /home/osboxes/.local/lib/python3.8/site-packages/airflow/example_dags/plugins/workday.py
[2022-08-24 00:14:37,124] {processor.py:653} WARNING - No viable dags retrieved from /home/osboxes/.local/lib/python3.8/site-packages/airflow/example_dags/plugins/workday.py
[2022-08-24 00:14:37,136] {processor.py:161} INFO - Processing /home/osboxes/.local/lib/python3.8/site-packages/airflow/example_dags/plugins/workday.py took 0.018 seconds
[2022-08-24 00:15:27,525] {processor.py:153} INFO - Started process (PID=21773) to work on /home/osboxes/.local/lib/python3.8/site-packages/airflow/example_dags/plugins/workday.py
[2022-08-24 00:15:27,527] {processor.py:641} INFO - Processing file /home/osboxes/.local/lib/python3.8/site-packages/airflow/example_dags/plugins/workday.py for tasks to queue
[2022-08-24 00:15:27,528] {logging_mixin.py:115} INFO - [2022-08-24 00:15:27,527] {dagbag.py:507} INFO - Filling up the DagBag from /home/osboxes/.local/lib/python3.8/site-packages/airflow/example_dags/plugins/workday.py
[2022-08-24 00:15:27,529] {processor.py:653} WARNING - No viable dags retrieved from /home/osboxes/.local/lib/python3.8/site-packages/airflow/example_dags/plugins/workday.py
[2022-08-24 00:15:27,539] {processor.py:161} INFO - Processing /home/osboxes/.local/lib/python3.8/site-packages/airflow/example_dags/plugins/workday.py took 0.016 seconds
[2022-08-24 00:16:13,468] {processor.py:153} INFO - Started process (PID=22142) to work on /home/osboxes/.local/lib/python3.8/site-packages/airflow/example_dags/plugins/workday.py
[2022-08-24 00:16:13,470] {processor.py:641} INFO - Processing file /home/osboxes/.local/lib/python3.8/site-packages/airflow/example_dags/plugins/workday.py for tasks to queue
[2022-08-24 00:16:13,471] {logging_mixin.py:115} INFO - [2022-08-24 00:16:13,471] {dagbag.py:507} INFO - Filling up the DagBag from /home/osboxes/.local/lib/python3.8/site-packages/airflow/example_dags/plugins/workday.py
[2022-08-24 00:16:13,473] {processor.py:653} WARNING - No viable dags retrieved from /home/osboxes/.local/lib/python3.8/site-packages/airflow/example_dags/plugins/workday.py
[2022-08-24 00:16:13,484] {processor.py:161} INFO - Processing /home/osboxes/.local/lib/python3.8/site-packages/airflow/example_dags/plugins/workday.py took 0.021 seconds
[2022-08-24 00:17:15,474] {processor.py:153} INFO - Started process (PID=22612) to work on /home/osboxes/.local/lib/python3.8/site-packages/airflow/example_dags/plugins/workday.py
[2022-08-24 00:17:15,476] {processor.py:641} INFO - Processing file /home/osboxes/.local/lib/python3.8/site-packages/airflow/example_dags/plugins/workday.py for tasks to queue
[2022-08-24 00:17:15,477] {logging_mixin.py:115} INFO - [2022-08-24 00:17:15,477] {dagbag.py:507} INFO - Filling up the DagBag from /home/osboxes/.local/lib/python3.8/site-packages/airflow/example_dags/plugins/workday.py
[2022-08-24 00:17:15,479] {processor.py:653} WARNING - No viable dags retrieved from /home/osboxes/.local/lib/python3.8/site-packages/airflow/example_dags/plugins/workday.py
[2022-08-24 00:17:15,494] {processor.py:161} INFO - Processing /home/osboxes/.local/lib/python3.8/site-packages/airflow/example_dags/plugins/workday.py took 0.023 seconds
[2022-08-24 00:18:13,697] {processor.py:153} INFO - Started process (PID=23103) to work on /home/osboxes/.local/lib/python3.8/site-packages/airflow/example_dags/plugins/workday.py
[2022-08-24 00:18:13,846] {processor.py:641} INFO - Processing file /home/osboxes/.local/lib/python3.8/site-packages/airflow/example_dags/plugins/workday.py for tasks to queue
[2022-08-24 00:18:13,848] {logging_mixin.py:115} INFO - [2022-08-24 00:18:13,848] {dagbag.py:507} INFO - Filling up the DagBag from /home/osboxes/.local/lib/python3.8/site-packages/airflow/example_dags/plugins/workday.py
[2022-08-24 00:18:13,918] {processor.py:653} WARNING - No viable dags retrieved from /home/osboxes/.local/lib/python3.8/site-packages/airflow/example_dags/plugins/workday.py
[2022-08-24 00:18:14,064] {processor.py:161} INFO - Processing /home/osboxes/.local/lib/python3.8/site-packages/airflow/example_dags/plugins/workday.py took 0.373 seconds
[2022-08-24 00:19:17,108] {processor.py:153} INFO - Started process (PID=23583) to work on /home/osboxes/.local/lib/python3.8/site-packages/airflow/example_dags/plugins/workday.py
[2022-08-24 00:19:17,115] {processor.py:641} INFO - Processing file /home/osboxes/.local/lib/python3.8/site-packages/airflow/example_dags/plugins/workday.py for tasks to queue
[2022-08-24 00:19:17,116] {logging_mixin.py:115} INFO - [2022-08-24 00:19:17,116] {dagbag.py:507} INFO - Filling up the DagBag from /home/osboxes/.local/lib/python3.8/site-packages/airflow/example_dags/plugins/workday.py
[2022-08-24 00:19:17,121] {processor.py:653} WARNING - No viable dags retrieved from /home/osboxes/.local/lib/python3.8/site-packages/airflow/example_dags/plugins/workday.py
[2022-08-24 00:19:17,137] {processor.py:161} INFO - Processing /home/osboxes/.local/lib/python3.8/site-packages/airflow/example_dags/plugins/workday.py took 0.045 seconds
[2022-08-24 00:20:15,579] {processor.py:153} INFO - Started process (PID=24009) to work on /home/osboxes/.local/lib/python3.8/site-packages/airflow/example_dags/plugins/workday.py
[2022-08-24 00:20:15,581] {processor.py:641} INFO - Processing file /home/osboxes/.local/lib/python3.8/site-packages/airflow/example_dags/plugins/workday.py for tasks to queue
[2022-08-24 00:20:15,582] {logging_mixin.py:115} INFO - [2022-08-24 00:20:15,582] {dagbag.py:507} INFO - Filling up the DagBag from /home/osboxes/.local/lib/python3.8/site-packages/airflow/example_dags/plugins/workday.py
[2022-08-24 00:20:15,584] {processor.py:653} WARNING - No viable dags retrieved from /home/osboxes/.local/lib/python3.8/site-packages/airflow/example_dags/plugins/workday.py
[2022-08-24 00:20:15,593] {processor.py:161} INFO - Processing /home/osboxes/.local/lib/python3.8/site-packages/airflow/example_dags/plugins/workday.py took 0.016 seconds
[2022-08-24 00:21:06,458] {processor.py:153} INFO - Started process (PID=24404) to work on /home/osboxes/.local/lib/python3.8/site-packages/airflow/example_dags/plugins/workday.py
[2022-08-24 00:21:06,466] {processor.py:641} INFO - Processing file /home/osboxes/.local/lib/python3.8/site-packages/airflow/example_dags/plugins/workday.py for tasks to queue
[2022-08-24 00:21:06,698] {logging_mixin.py:115} INFO - [2022-08-24 00:21:06,697] {dagbag.py:507} INFO - Filling up the DagBag from /home/osboxes/.local/lib/python3.8/site-packages/airflow/example_dags/plugins/workday.py
[2022-08-24 00:21:06,976] {processor.py:653} WARNING - No viable dags retrieved from /home/osboxes/.local/lib/python3.8/site-packages/airflow/example_dags/plugins/workday.py
[2022-08-24 00:21:08,521] {processor.py:161} INFO - Processing /home/osboxes/.local/lib/python3.8/site-packages/airflow/example_dags/plugins/workday.py took 2.835 seconds
[2022-08-24 00:22:34,898] {processor.py:153} INFO - Started process (PID=25019) to work on /home/osboxes/.local/lib/python3.8/site-packages/airflow/example_dags/plugins/workday.py
[2022-08-24 00:22:34,902] {processor.py:641} INFO - Processing file /home/osboxes/.local/lib/python3.8/site-packages/airflow/example_dags/plugins/workday.py for tasks to queue
[2022-08-24 00:22:34,904] {logging_mixin.py:115} INFO - [2022-08-24 00:22:34,903] {dagbag.py:507} INFO - Filling up the DagBag from /home/osboxes/.local/lib/python3.8/site-packages/airflow/example_dags/plugins/workday.py
[2022-08-24 00:22:34,908] {processor.py:653} WARNING - No viable dags retrieved from /home/osboxes/.local/lib/python3.8/site-packages/airflow/example_dags/plugins/workday.py
[2022-08-24 00:22:34,956] {processor.py:161} INFO - Processing /home/osboxes/.local/lib/python3.8/site-packages/airflow/example_dags/plugins/workday.py took 0.096 seconds
