[2022-07-31 13:39:10,849] {taskinstance.py:1159} INFO - Dependencies all met for <TaskInstance: nse_daily_data_load.nse_download_files scheduled__2022-07-30T13:22:00+00:00 [queued]>
[2022-07-31 13:39:10,855] {taskinstance.py:1159} INFO - Dependencies all met for <TaskInstance: nse_daily_data_load.nse_download_files scheduled__2022-07-30T13:22:00+00:00 [queued]>
[2022-07-31 13:39:10,856] {taskinstance.py:1356} INFO - 
--------------------------------------------------------------------------------
[2022-07-31 13:39:10,856] {taskinstance.py:1357} INFO - Starting attempt 1 of 1
[2022-07-31 13:39:10,856] {taskinstance.py:1358} INFO - 
--------------------------------------------------------------------------------
[2022-07-31 13:39:10,897] {taskinstance.py:1377} INFO - Executing <Task(PythonOperator): nse_download_files> on 2022-07-30 13:22:00+00:00
[2022-07-31 13:39:10,901] {standard_task_runner.py:52} INFO - Started process 788052 to run task
[2022-07-31 13:39:10,906] {standard_task_runner.py:79} INFO - Running: ['airflow', 'tasks', 'run', 'nse_daily_data_load', 'nse_download_files', 'scheduled__2022-07-30T13:22:00+00:00', '--job-id', '91', '--raw', '--subdir', 'DAGS_FOLDER/nse_daily_load_stg.py', '--cfg-path', '/tmp/tmpibksjs0b', '--error-file', '/tmp/tmppk5c2mph']
[2022-07-31 13:39:10,912] {standard_task_runner.py:80} INFO - Job 91: Subtask nse_download_files
[2022-07-31 13:39:10,979] {task_command.py:369} INFO - Running <TaskInstance: nse_daily_data_load.nse_download_files scheduled__2022-07-30T13:22:00+00:00 [running]> on host osboxes
[2022-07-31 13:39:11,071] {taskinstance.py:1569} INFO - Exporting the following env vars:
AIRFLOW_CTX_DAG_OWNER=Airflow
AIRFLOW_CTX_DAG_ID=nse_daily_data_load
AIRFLOW_CTX_TASK_ID=nse_download_files
AIRFLOW_CTX_EXECUTION_DATE=2022-07-30T13:22:00+00:00
AIRFLOW_CTX_TRY_NUMBER=1
AIRFLOW_CTX_DAG_RUN_ID=scheduled__2022-07-30T13:22:00+00:00
[2022-07-31 13:39:11,072] {logging_mixin.py:115} INFO - 
cm25JUL2022bhav
[2022-07-31 13:39:11,072] {logging_mixin.py:115} INFO - enter try in loop
[2022-07-31 13:39:11,073] {logging_mixin.py:115} INFO - https://www1.nseindia.com/content/historical/EQUITIES/2022/JUL/cm25JUL2022bhav.csv.zip
[2022-07-31 13:39:12,041] {logging_mixin.py:115} INFO - https://www1.nseindia.com/content/historical/EQUITIES/2022/JUL/cm25JUL2022bhav.csv.zip
[2022-07-31 13:39:12,041] {logging_mixin.py:115} INFO - 
cm26JUL2022bhav
[2022-07-31 13:39:12,041] {logging_mixin.py:115} INFO - enter try in loop
[2022-07-31 13:39:12,041] {logging_mixin.py:115} INFO - https://www1.nseindia.com/content/historical/EQUITIES/2022/JUL/cm26JUL2022bhav.csv.zip
[2022-07-31 13:39:13,535] {logging_mixin.py:115} INFO - https://www1.nseindia.com/content/historical/EQUITIES/2022/JUL/cm26JUL2022bhav.csv.zip
[2022-07-31 13:39:13,535] {logging_mixin.py:115} INFO - 
cm27JUL2022bhav
[2022-07-31 13:39:13,535] {logging_mixin.py:115} INFO - enter try in loop
[2022-07-31 13:39:13,535] {logging_mixin.py:115} INFO - https://www1.nseindia.com/content/historical/EQUITIES/2022/JUL/cm27JUL2022bhav.csv.zip
[2022-07-31 13:39:14,223] {logging_mixin.py:115} INFO - https://www1.nseindia.com/content/historical/EQUITIES/2022/JUL/cm27JUL2022bhav.csv.zip
[2022-07-31 13:39:14,223] {logging_mixin.py:115} INFO - 
cm28JUL2022bhav
[2022-07-31 13:39:14,223] {logging_mixin.py:115} INFO - enter try in loop
[2022-07-31 13:39:14,223] {logging_mixin.py:115} INFO - https://www1.nseindia.com/content/historical/EQUITIES/2022/JUL/cm28JUL2022bhav.csv.zip
[2022-07-31 13:39:14,872] {logging_mixin.py:115} INFO - https://www1.nseindia.com/content/historical/EQUITIES/2022/JUL/cm28JUL2022bhav.csv.zip
[2022-07-31 13:39:14,872] {logging_mixin.py:115} INFO - 
cm29JUL2022bhav
[2022-07-31 13:39:14,872] {logging_mixin.py:115} INFO - enter try in loop
[2022-07-31 13:39:14,872] {logging_mixin.py:115} INFO - https://www1.nseindia.com/content/historical/EQUITIES/2022/JUL/cm29JUL2022bhav.csv.zip
[2022-07-31 13:39:15,599] {logging_mixin.py:115} INFO - https://www1.nseindia.com/content/historical/EQUITIES/2022/JUL/cm29JUL2022bhav.csv.zip
[2022-07-31 13:39:15,632] {logging_mixin.py:115} INFO - 
cm30JUL2022bhav
[2022-07-31 13:39:15,632] {logging_mixin.py:115} INFO - enter try in loop
[2022-07-31 13:39:15,632] {logging_mixin.py:115} INFO - https://www1.nseindia.com/content/historical/EQUITIES/2022/JUL/cm30JUL2022bhav.csv.zip
[2022-07-31 13:39:16,422] {logging_mixin.py:115} INFO - issue occured
[2022-07-31 13:39:16,447] {logging_mixin.py:115} INFO - ['cm25JUL2022bhav.csv.zip', 'cm26JUL2022bhav.csv.zip', 'cm27JUL2022bhav.csv.zip', 'cm28JUL2022bhav.csv.zip', 'cm29JUL2022bhav.csv.zip']
[2022-07-31 13:39:16,447] {logging_mixin.py:115} INFO - cm25JUL2022bhav.csv.zip
[2022-07-31 13:39:16,487] {logging_mixin.py:115} INFO - cm26JUL2022bhav.csv.zip
[2022-07-31 13:39:16,503] {logging_mixin.py:115} INFO - cm27JUL2022bhav.csv.zip
[2022-07-31 13:39:16,545] {logging_mixin.py:115} INFO - cm28JUL2022bhav.csv.zip
[2022-07-31 13:39:16,567] {logging_mixin.py:115} INFO - cm29JUL2022bhav.csv.zip
[2022-07-31 13:39:16,583] {python.py:173} INFO - Done. Returned value was: None
[2022-07-31 13:39:16,603] {taskinstance.py:1395} INFO - Marking task as SUCCESS. dag_id=nse_daily_data_load, task_id=nse_download_files, execution_date=20220730T132200, start_date=20220731T173910, end_date=20220731T173916
[2022-07-31 13:39:16,834] {local_task_job.py:156} INFO - Task exited with return code 0
[2022-07-31 13:39:17,025] {local_task_job.py:273} INFO - 1 downstream tasks scheduled from follow-on schedule check
