[2022-08-30 06:48:24,408] {taskinstance.py:1159} INFO - Dependencies all met for <TaskInstance: nse_daily_data_load.nse_files_move scheduled__2022-08-28T13:37:00+00:00 [queued]>
[2022-08-30 06:48:24,543] {taskinstance.py:1159} INFO - Dependencies all met for <TaskInstance: nse_daily_data_load.nse_files_move scheduled__2022-08-28T13:37:00+00:00 [queued]>
[2022-08-30 06:48:24,548] {taskinstance.py:1356} INFO - 
--------------------------------------------------------------------------------
[2022-08-30 06:48:24,549] {taskinstance.py:1357} INFO - Starting attempt 1 of 1
[2022-08-30 06:48:24,575] {taskinstance.py:1358} INFO - 
--------------------------------------------------------------------------------
[2022-08-30 06:48:24,910] {taskinstance.py:1377} INFO - Executing <Task(PythonOperator): nse_files_move> on 2022-08-28 13:37:00+00:00
[2022-08-30 06:48:25,122] {standard_task_runner.py:79} INFO - Running: ['airflow', 'tasks', 'run', 'nse_daily_data_load', 'nse_files_move', 'scheduled__2022-08-28T13:37:00+00:00', '--job-id', '423', '--raw', '--subdir', 'DAGS_FOLDER/nse_daily_load_stg.py', '--cfg-path', '/tmp/tmpvhh2a7n8', '--error-file', '/tmp/tmpdvmuw_6g']
[2022-08-30 06:48:25,166] {standard_task_runner.py:80} INFO - Job 423: Subtask nse_files_move
[2022-08-30 06:48:25,030] {standard_task_runner.py:52} INFO - Started process 7960 to run task
[2022-08-30 06:48:27,212] {task_command.py:369} INFO - Running <TaskInstance: nse_daily_data_load.nse_files_move scheduled__2022-08-28T13:37:00+00:00 [running]> on host osboxes
[2022-08-30 06:48:28,388] {taskinstance.py:1569} INFO - Exporting the following env vars:
AIRFLOW_CTX_DAG_OWNER=Airflow
AIRFLOW_CTX_DAG_ID=nse_daily_data_load
AIRFLOW_CTX_TASK_ID=nse_files_move
AIRFLOW_CTX_EXECUTION_DATE=2022-08-28T13:37:00+00:00
AIRFLOW_CTX_TRY_NUMBER=1
AIRFLOW_CTX_DAG_RUN_ID=scheduled__2022-08-28T13:37:00+00:00
[2022-08-30 06:48:28,476] {logging_mixin.py:115} INFO - 2022-08-30
[2022-08-30 06:48:28,491] {logging_mixin.py:115} INFO - /home/osboxes/Desktop/archives_files/2022-08-30 target file location
[2022-08-30 06:48:28,497] {python.py:173} INFO - Done. Returned value was: None
[2022-08-30 06:48:28,664] {taskinstance.py:1395} INFO - Marking task as SUCCESS. dag_id=nse_daily_data_load, task_id=nse_files_move, execution_date=20220828T133700, start_date=20220830T104824, end_date=20220830T104828
[2022-08-30 06:48:28,881] {local_task_job.py:156} INFO - Task exited with return code 0
[2022-08-30 06:48:29,165] {local_task_job.py:273} INFO - 1 downstream tasks scheduled from follow-on schedule check
