[2022-08-01 11:44:33,491] {taskinstance.py:1159} INFO - Dependencies all met for <TaskInstance: nse_daily_data_load.nse_files_move scheduled__2022-07-31T13:37:00+00:00 [queued]>
[2022-08-01 11:44:33,507] {taskinstance.py:1159} INFO - Dependencies all met for <TaskInstance: nse_daily_data_load.nse_files_move scheduled__2022-07-31T13:37:00+00:00 [queued]>
[2022-08-01 11:44:33,513] {taskinstance.py:1356} INFO - 
--------------------------------------------------------------------------------
[2022-08-01 11:44:33,513] {taskinstance.py:1357} INFO - Starting attempt 1 of 1
[2022-08-01 11:44:33,514] {taskinstance.py:1358} INFO - 
--------------------------------------------------------------------------------
[2022-08-01 11:44:33,794] {taskinstance.py:1377} INFO - Executing <Task(PythonOperator): nse_files_move> on 2022-07-31 13:37:00+00:00
[2022-08-01 11:44:33,798] {standard_task_runner.py:52} INFO - Started process 997296 to run task
[2022-08-01 11:44:33,804] {standard_task_runner.py:79} INFO - Running: ['airflow', 'tasks', 'run', 'nse_daily_data_load', 'nse_files_move', 'scheduled__2022-07-31T13:37:00+00:00', '--job-id', '148', '--raw', '--subdir', 'DAGS_FOLDER/nse_daily_load_stg.py', '--cfg-path', '/tmp/tmpdhld90op', '--error-file', '/tmp/tmpq2qf4mgm']
[2022-08-01 11:44:33,804] {standard_task_runner.py:80} INFO - Job 148: Subtask nse_files_move
[2022-08-01 11:44:33,872] {task_command.py:369} INFO - Running <TaskInstance: nse_daily_data_load.nse_files_move scheduled__2022-07-31T13:37:00+00:00 [running]> on host osboxes
[2022-08-01 11:44:34,152] {taskinstance.py:1569} INFO - Exporting the following env vars:
AIRFLOW_CTX_DAG_OWNER=Airflow
AIRFLOW_CTX_DAG_ID=nse_daily_data_load
AIRFLOW_CTX_TASK_ID=nse_files_move
AIRFLOW_CTX_EXECUTION_DATE=2022-07-31T13:37:00+00:00
AIRFLOW_CTX_TRY_NUMBER=1
AIRFLOW_CTX_DAG_RUN_ID=scheduled__2022-07-31T13:37:00+00:00
[2022-08-01 11:44:34,156] {logging_mixin.py:115} INFO - 2022-08-01
[2022-08-01 11:44:34,168] {logging_mixin.py:115} INFO - /home/osboxes/Desktop/archives_files/2022-08-01 target file location
[2022-08-01 11:44:34,171] {python.py:173} INFO - Done. Returned value was: None
[2022-08-01 11:44:34,179] {taskinstance.py:1395} INFO - Marking task as SUCCESS. dag_id=nse_daily_data_load, task_id=nse_files_move, execution_date=20220731T133700, start_date=20220801T154433, end_date=20220801T154434
[2022-08-01 11:44:34,206] {local_task_job.py:156} INFO - Task exited with return code 0
[2022-08-01 11:44:34,243] {local_task_job.py:273} INFO - 1 downstream tasks scheduled from follow-on schedule check
