[2022-07-24 19:09:27,347] {processor.py:153} INFO - Started process (PID=1341063) to work on /home/osboxes/.local/lib/python3.8/site-packages/airflow/example_dags/plugins/workday.py
[2022-07-24 19:09:27,398] {processor.py:641} INFO - Processing file /home/osboxes/.local/lib/python3.8/site-packages/airflow/example_dags/plugins/workday.py for tasks to queue
[2022-07-24 19:09:27,410] {logging_mixin.py:115} INFO - [2022-07-24 19:09:27,410] {dagbag.py:507} INFO - Filling up the DagBag from /home/osboxes/.local/lib/python3.8/site-packages/airflow/example_dags/plugins/workday.py
[2022-07-24 19:09:27,426] {processor.py:653} WARNING - No viable dags retrieved from /home/osboxes/.local/lib/python3.8/site-packages/airflow/example_dags/plugins/workday.py
[2022-07-24 19:09:27,597] {processor.py:161} INFO - Processing /home/osboxes/.local/lib/python3.8/site-packages/airflow/example_dags/plugins/workday.py took 0.252 seconds
[2022-07-24 19:11:03,244] {processor.py:153} INFO - Started process (PID=1342024) to work on /home/osboxes/.local/lib/python3.8/site-packages/airflow/example_dags/plugins/workday.py
[2022-07-24 19:11:03,246] {processor.py:641} INFO - Processing file /home/osboxes/.local/lib/python3.8/site-packages/airflow/example_dags/plugins/workday.py for tasks to queue
[2022-07-24 19:11:03,246] {logging_mixin.py:115} INFO - [2022-07-24 19:11:03,246] {dagbag.py:507} INFO - Filling up the DagBag from /home/osboxes/.local/lib/python3.8/site-packages/airflow/example_dags/plugins/workday.py
[2022-07-24 19:11:03,248] {processor.py:653} WARNING - No viable dags retrieved from /home/osboxes/.local/lib/python3.8/site-packages/airflow/example_dags/plugins/workday.py
[2022-07-24 19:11:03,257] {processor.py:161} INFO - Processing /home/osboxes/.local/lib/python3.8/site-packages/airflow/example_dags/plugins/workday.py took 0.016 seconds
[2022-07-24 19:11:45,587] {processor.py:153} INFO - Started process (PID=1342350) to work on /home/osboxes/.local/lib/python3.8/site-packages/airflow/example_dags/plugins/workday.py
[2022-07-24 19:11:45,589] {processor.py:641} INFO - Processing file /home/osboxes/.local/lib/python3.8/site-packages/airflow/example_dags/plugins/workday.py for tasks to queue
[2022-07-24 19:11:45,589] {logging_mixin.py:115} INFO - [2022-07-24 19:11:45,589] {dagbag.py:507} INFO - Filling up the DagBag from /home/osboxes/.local/lib/python3.8/site-packages/airflow/example_dags/plugins/workday.py
[2022-07-24 19:11:45,591] {processor.py:653} WARNING - No viable dags retrieved from /home/osboxes/.local/lib/python3.8/site-packages/airflow/example_dags/plugins/workday.py
[2022-07-24 19:11:45,601] {processor.py:161} INFO - Processing /home/osboxes/.local/lib/python3.8/site-packages/airflow/example_dags/plugins/workday.py took 0.016 seconds
[2022-07-24 19:12:26,143] {processor.py:153} INFO - Started process (PID=1342666) to work on /home/osboxes/.local/lib/python3.8/site-packages/airflow/example_dags/plugins/workday.py
[2022-07-24 19:12:26,146] {processor.py:641} INFO - Processing file /home/osboxes/.local/lib/python3.8/site-packages/airflow/example_dags/plugins/workday.py for tasks to queue
[2022-07-24 19:12:26,147] {logging_mixin.py:115} INFO - [2022-07-24 19:12:26,147] {dagbag.py:507} INFO - Filling up the DagBag from /home/osboxes/.local/lib/python3.8/site-packages/airflow/example_dags/plugins/workday.py
[2022-07-24 19:12:26,148] {processor.py:653} WARNING - No viable dags retrieved from /home/osboxes/.local/lib/python3.8/site-packages/airflow/example_dags/plugins/workday.py
[2022-07-24 19:12:26,162] {processor.py:161} INFO - Processing /home/osboxes/.local/lib/python3.8/site-packages/airflow/example_dags/plugins/workday.py took 0.021 seconds
[2022-07-24 19:13:11,909] {processor.py:153} INFO - Started process (PID=1343009) to work on /home/osboxes/.local/lib/python3.8/site-packages/airflow/example_dags/plugins/workday.py
[2022-07-24 19:13:11,911] {processor.py:641} INFO - Processing file /home/osboxes/.local/lib/python3.8/site-packages/airflow/example_dags/plugins/workday.py for tasks to queue
[2022-07-24 19:13:11,911] {logging_mixin.py:115} INFO - [2022-07-24 19:13:11,911] {dagbag.py:507} INFO - Filling up the DagBag from /home/osboxes/.local/lib/python3.8/site-packages/airflow/example_dags/plugins/workday.py
[2022-07-24 19:13:11,913] {processor.py:653} WARNING - No viable dags retrieved from /home/osboxes/.local/lib/python3.8/site-packages/airflow/example_dags/plugins/workday.py
[2022-07-24 19:13:11,924] {processor.py:161} INFO - Processing /home/osboxes/.local/lib/python3.8/site-packages/airflow/example_dags/plugins/workday.py took 0.018 seconds
[2022-07-24 19:13:50,996] {processor.py:153} INFO - Started process (PID=1343319) to work on /home/osboxes/.local/lib/python3.8/site-packages/airflow/example_dags/plugins/workday.py
[2022-07-24 19:13:51,015] {processor.py:641} INFO - Processing file /home/osboxes/.local/lib/python3.8/site-packages/airflow/example_dags/plugins/workday.py for tasks to queue
[2022-07-24 19:13:51,016] {logging_mixin.py:115} INFO - [2022-07-24 19:13:51,016] {dagbag.py:507} INFO - Filling up the DagBag from /home/osboxes/.local/lib/python3.8/site-packages/airflow/example_dags/plugins/workday.py
[2022-07-24 19:13:51,018] {processor.py:653} WARNING - No viable dags retrieved from /home/osboxes/.local/lib/python3.8/site-packages/airflow/example_dags/plugins/workday.py
[2022-07-24 19:13:51,029] {processor.py:161} INFO - Processing /home/osboxes/.local/lib/python3.8/site-packages/airflow/example_dags/plugins/workday.py took 0.035 seconds
[2022-07-24 19:14:35,090] {processor.py:153} INFO - Started process (PID=1343719) to work on /home/osboxes/.local/lib/python3.8/site-packages/airflow/example_dags/plugins/workday.py
[2022-07-24 19:14:35,105] {processor.py:641} INFO - Processing file /home/osboxes/.local/lib/python3.8/site-packages/airflow/example_dags/plugins/workday.py for tasks to queue
[2022-07-24 19:14:35,106] {logging_mixin.py:115} INFO - [2022-07-24 19:14:35,106] {dagbag.py:507} INFO - Filling up the DagBag from /home/osboxes/.local/lib/python3.8/site-packages/airflow/example_dags/plugins/workday.py
[2022-07-24 19:14:35,108] {processor.py:653} WARNING - No viable dags retrieved from /home/osboxes/.local/lib/python3.8/site-packages/airflow/example_dags/plugins/workday.py
[2022-07-24 19:14:35,116] {processor.py:161} INFO - Processing /home/osboxes/.local/lib/python3.8/site-packages/airflow/example_dags/plugins/workday.py took 0.029 seconds
[2022-07-24 19:15:13,050] {processor.py:153} INFO - Started process (PID=1344012) to work on /home/osboxes/.local/lib/python3.8/site-packages/airflow/example_dags/plugins/workday.py
[2022-07-24 19:15:13,053] {processor.py:641} INFO - Processing file /home/osboxes/.local/lib/python3.8/site-packages/airflow/example_dags/plugins/workday.py for tasks to queue
[2022-07-24 19:15:13,054] {logging_mixin.py:115} INFO - [2022-07-24 19:15:13,053] {dagbag.py:507} INFO - Filling up the DagBag from /home/osboxes/.local/lib/python3.8/site-packages/airflow/example_dags/plugins/workday.py
[2022-07-24 19:15:13,055] {processor.py:653} WARNING - No viable dags retrieved from /home/osboxes/.local/lib/python3.8/site-packages/airflow/example_dags/plugins/workday.py
[2022-07-24 19:15:13,064] {processor.py:161} INFO - Processing /home/osboxes/.local/lib/python3.8/site-packages/airflow/example_dags/plugins/workday.py took 0.016 seconds
[2022-07-24 19:15:51,268] {processor.py:153} INFO - Started process (PID=1344332) to work on /home/osboxes/.local/lib/python3.8/site-packages/airflow/example_dags/plugins/workday.py
[2022-07-24 19:15:51,270] {processor.py:641} INFO - Processing file /home/osboxes/.local/lib/python3.8/site-packages/airflow/example_dags/plugins/workday.py for tasks to queue
[2022-07-24 19:15:51,270] {logging_mixin.py:115} INFO - [2022-07-24 19:15:51,270] {dagbag.py:507} INFO - Filling up the DagBag from /home/osboxes/.local/lib/python3.8/site-packages/airflow/example_dags/plugins/workday.py
[2022-07-24 19:15:51,272] {processor.py:653} WARNING - No viable dags retrieved from /home/osboxes/.local/lib/python3.8/site-packages/airflow/example_dags/plugins/workday.py
[2022-07-24 19:15:51,281] {processor.py:161} INFO - Processing /home/osboxes/.local/lib/python3.8/site-packages/airflow/example_dags/plugins/workday.py took 0.016 seconds
[2022-07-24 19:16:34,870] {processor.py:153} INFO - Started process (PID=1344664) to work on /home/osboxes/.local/lib/python3.8/site-packages/airflow/example_dags/plugins/workday.py
[2022-07-24 19:16:34,871] {processor.py:641} INFO - Processing file /home/osboxes/.local/lib/python3.8/site-packages/airflow/example_dags/plugins/workday.py for tasks to queue
[2022-07-24 19:16:34,872] {logging_mixin.py:115} INFO - [2022-07-24 19:16:34,872] {dagbag.py:507} INFO - Filling up the DagBag from /home/osboxes/.local/lib/python3.8/site-packages/airflow/example_dags/plugins/workday.py
[2022-07-24 19:16:34,873] {processor.py:653} WARNING - No viable dags retrieved from /home/osboxes/.local/lib/python3.8/site-packages/airflow/example_dags/plugins/workday.py
[2022-07-24 19:16:34,883] {processor.py:161} INFO - Processing /home/osboxes/.local/lib/python3.8/site-packages/airflow/example_dags/plugins/workday.py took 0.015 seconds
[2022-07-24 19:17:18,514] {processor.py:153} INFO - Started process (PID=1345011) to work on /home/osboxes/.local/lib/python3.8/site-packages/airflow/example_dags/plugins/workday.py
[2022-07-24 19:17:18,536] {processor.py:641} INFO - Processing file /home/osboxes/.local/lib/python3.8/site-packages/airflow/example_dags/plugins/workday.py for tasks to queue
[2022-07-24 19:17:18,537] {logging_mixin.py:115} INFO - [2022-07-24 19:17:18,537] {dagbag.py:507} INFO - Filling up the DagBag from /home/osboxes/.local/lib/python3.8/site-packages/airflow/example_dags/plugins/workday.py
[2022-07-24 19:17:18,539] {processor.py:653} WARNING - No viable dags retrieved from /home/osboxes/.local/lib/python3.8/site-packages/airflow/example_dags/plugins/workday.py
[2022-07-24 19:17:18,548] {processor.py:161} INFO - Processing /home/osboxes/.local/lib/python3.8/site-packages/airflow/example_dags/plugins/workday.py took 0.037 seconds
[2022-07-24 19:18:01,138] {processor.py:153} INFO - Started process (PID=1345356) to work on /home/osboxes/.local/lib/python3.8/site-packages/airflow/example_dags/plugins/workday.py
[2022-07-24 19:18:01,142] {processor.py:641} INFO - Processing file /home/osboxes/.local/lib/python3.8/site-packages/airflow/example_dags/plugins/workday.py for tasks to queue
[2022-07-24 19:18:01,142] {logging_mixin.py:115} INFO - [2022-07-24 19:18:01,142] {dagbag.py:507} INFO - Filling up the DagBag from /home/osboxes/.local/lib/python3.8/site-packages/airflow/example_dags/plugins/workday.py
[2022-07-24 19:18:01,144] {processor.py:653} WARNING - No viable dags retrieved from /home/osboxes/.local/lib/python3.8/site-packages/airflow/example_dags/plugins/workday.py
[2022-07-24 19:18:01,153] {processor.py:161} INFO - Processing /home/osboxes/.local/lib/python3.8/site-packages/airflow/example_dags/plugins/workday.py took 0.018 seconds
[2022-07-24 19:18:41,768] {processor.py:153} INFO - Started process (PID=1345643) to work on /home/osboxes/.local/lib/python3.8/site-packages/airflow/example_dags/plugins/workday.py
[2022-07-24 19:18:41,769] {processor.py:641} INFO - Processing file /home/osboxes/.local/lib/python3.8/site-packages/airflow/example_dags/plugins/workday.py for tasks to queue
[2022-07-24 19:18:41,770] {logging_mixin.py:115} INFO - [2022-07-24 19:18:41,770] {dagbag.py:507} INFO - Filling up the DagBag from /home/osboxes/.local/lib/python3.8/site-packages/airflow/example_dags/plugins/workday.py
[2022-07-24 19:18:41,771] {processor.py:653} WARNING - No viable dags retrieved from /home/osboxes/.local/lib/python3.8/site-packages/airflow/example_dags/plugins/workday.py
[2022-07-24 19:18:41,781] {processor.py:161} INFO - Processing /home/osboxes/.local/lib/python3.8/site-packages/airflow/example_dags/plugins/workday.py took 0.015 seconds
[2022-07-24 19:19:22,058] {processor.py:153} INFO - Started process (PID=1346014) to work on /home/osboxes/.local/lib/python3.8/site-packages/airflow/example_dags/plugins/workday.py
[2022-07-24 19:19:22,060] {processor.py:641} INFO - Processing file /home/osboxes/.local/lib/python3.8/site-packages/airflow/example_dags/plugins/workday.py for tasks to queue
[2022-07-24 19:19:22,060] {logging_mixin.py:115} INFO - [2022-07-24 19:19:22,060] {dagbag.py:507} INFO - Filling up the DagBag from /home/osboxes/.local/lib/python3.8/site-packages/airflow/example_dags/plugins/workday.py
[2022-07-24 19:19:22,062] {processor.py:653} WARNING - No viable dags retrieved from /home/osboxes/.local/lib/python3.8/site-packages/airflow/example_dags/plugins/workday.py
[2022-07-24 19:19:22,073] {processor.py:161} INFO - Processing /home/osboxes/.local/lib/python3.8/site-packages/airflow/example_dags/plugins/workday.py took 0.017 seconds
[2022-07-24 19:20:01,797] {processor.py:153} INFO - Started process (PID=1346343) to work on /home/osboxes/.local/lib/python3.8/site-packages/airflow/example_dags/plugins/workday.py
[2022-07-24 19:20:01,816] {processor.py:641} INFO - Processing file /home/osboxes/.local/lib/python3.8/site-packages/airflow/example_dags/plugins/workday.py for tasks to queue
[2022-07-24 19:20:01,821] {logging_mixin.py:115} INFO - [2022-07-24 19:20:01,821] {dagbag.py:507} INFO - Filling up the DagBag from /home/osboxes/.local/lib/python3.8/site-packages/airflow/example_dags/plugins/workday.py
[2022-07-24 19:20:01,824] {processor.py:653} WARNING - No viable dags retrieved from /home/osboxes/.local/lib/python3.8/site-packages/airflow/example_dags/plugins/workday.py
[2022-07-24 19:20:01,837] {processor.py:161} INFO - Processing /home/osboxes/.local/lib/python3.8/site-packages/airflow/example_dags/plugins/workday.py took 0.043 seconds
[2022-07-24 19:20:42,241] {processor.py:153} INFO - Started process (PID=1346650) to work on /home/osboxes/.local/lib/python3.8/site-packages/airflow/example_dags/plugins/workday.py
[2022-07-24 19:20:42,243] {processor.py:641} INFO - Processing file /home/osboxes/.local/lib/python3.8/site-packages/airflow/example_dags/plugins/workday.py for tasks to queue
[2022-07-24 19:20:42,243] {logging_mixin.py:115} INFO - [2022-07-24 19:20:42,243] {dagbag.py:507} INFO - Filling up the DagBag from /home/osboxes/.local/lib/python3.8/site-packages/airflow/example_dags/plugins/workday.py
[2022-07-24 19:20:42,245] {processor.py:653} WARNING - No viable dags retrieved from /home/osboxes/.local/lib/python3.8/site-packages/airflow/example_dags/plugins/workday.py
[2022-07-24 19:20:42,259] {processor.py:161} INFO - Processing /home/osboxes/.local/lib/python3.8/site-packages/airflow/example_dags/plugins/workday.py took 0.021 seconds
[2022-07-24 19:21:23,247] {processor.py:153} INFO - Started process (PID=1346974) to work on /home/osboxes/.local/lib/python3.8/site-packages/airflow/example_dags/plugins/workday.py
[2022-07-24 19:21:23,251] {processor.py:641} INFO - Processing file /home/osboxes/.local/lib/python3.8/site-packages/airflow/example_dags/plugins/workday.py for tasks to queue
[2022-07-24 19:21:23,252] {logging_mixin.py:115} INFO - [2022-07-24 19:21:23,252] {dagbag.py:507} INFO - Filling up the DagBag from /home/osboxes/.local/lib/python3.8/site-packages/airflow/example_dags/plugins/workday.py
[2022-07-24 19:21:23,254] {processor.py:653} WARNING - No viable dags retrieved from /home/osboxes/.local/lib/python3.8/site-packages/airflow/example_dags/plugins/workday.py
[2022-07-24 19:21:23,263] {processor.py:161} INFO - Processing /home/osboxes/.local/lib/python3.8/site-packages/airflow/example_dags/plugins/workday.py took 0.018 seconds
[2022-07-24 19:22:00,667] {processor.py:153} INFO - Started process (PID=1347261) to work on /home/osboxes/.local/lib/python3.8/site-packages/airflow/example_dags/plugins/workday.py
[2022-07-24 19:22:00,668] {processor.py:641} INFO - Processing file /home/osboxes/.local/lib/python3.8/site-packages/airflow/example_dags/plugins/workday.py for tasks to queue
[2022-07-24 19:22:00,669] {logging_mixin.py:115} INFO - [2022-07-24 19:22:00,669] {dagbag.py:507} INFO - Filling up the DagBag from /home/osboxes/.local/lib/python3.8/site-packages/airflow/example_dags/plugins/workday.py
[2022-07-24 19:22:00,670] {processor.py:653} WARNING - No viable dags retrieved from /home/osboxes/.local/lib/python3.8/site-packages/airflow/example_dags/plugins/workday.py
[2022-07-24 19:22:00,679] {processor.py:161} INFO - Processing /home/osboxes/.local/lib/python3.8/site-packages/airflow/example_dags/plugins/workday.py took 0.016 seconds
[2022-07-24 19:22:36,760] {processor.py:153} INFO - Started process (PID=1347544) to work on /home/osboxes/.local/lib/python3.8/site-packages/airflow/example_dags/plugins/workday.py
[2022-07-24 19:22:36,762] {processor.py:641} INFO - Processing file /home/osboxes/.local/lib/python3.8/site-packages/airflow/example_dags/plugins/workday.py for tasks to queue
[2022-07-24 19:22:36,763] {logging_mixin.py:115} INFO - [2022-07-24 19:22:36,763] {dagbag.py:507} INFO - Filling up the DagBag from /home/osboxes/.local/lib/python3.8/site-packages/airflow/example_dags/plugins/workday.py
[2022-07-24 19:22:36,765] {processor.py:653} WARNING - No viable dags retrieved from /home/osboxes/.local/lib/python3.8/site-packages/airflow/example_dags/plugins/workday.py
[2022-07-24 19:22:36,774] {processor.py:161} INFO - Processing /home/osboxes/.local/lib/python3.8/site-packages/airflow/example_dags/plugins/workday.py took 0.016 seconds
[2022-07-24 19:23:14,703] {processor.py:153} INFO - Started process (PID=1347845) to work on /home/osboxes/.local/lib/python3.8/site-packages/airflow/example_dags/plugins/workday.py
[2022-07-24 19:23:14,705] {processor.py:641} INFO - Processing file /home/osboxes/.local/lib/python3.8/site-packages/airflow/example_dags/plugins/workday.py for tasks to queue
[2022-07-24 19:23:14,706] {logging_mixin.py:115} INFO - [2022-07-24 19:23:14,706] {dagbag.py:507} INFO - Filling up the DagBag from /home/osboxes/.local/lib/python3.8/site-packages/airflow/example_dags/plugins/workday.py
[2022-07-24 19:23:14,708] {processor.py:653} WARNING - No viable dags retrieved from /home/osboxes/.local/lib/python3.8/site-packages/airflow/example_dags/plugins/workday.py
[2022-07-24 19:23:14,724] {processor.py:161} INFO - Processing /home/osboxes/.local/lib/python3.8/site-packages/airflow/example_dags/plugins/workday.py took 0.023 seconds
[2022-07-24 19:23:56,467] {processor.py:153} INFO - Started process (PID=1348170) to work on /home/osboxes/.local/lib/python3.8/site-packages/airflow/example_dags/plugins/workday.py
[2022-07-24 19:23:56,472] {processor.py:641} INFO - Processing file /home/osboxes/.local/lib/python3.8/site-packages/airflow/example_dags/plugins/workday.py for tasks to queue
[2022-07-24 19:23:56,473] {logging_mixin.py:115} INFO - [2022-07-24 19:23:56,473] {dagbag.py:507} INFO - Filling up the DagBag from /home/osboxes/.local/lib/python3.8/site-packages/airflow/example_dags/plugins/workday.py
[2022-07-24 19:23:56,475] {processor.py:653} WARNING - No viable dags retrieved from /home/osboxes/.local/lib/python3.8/site-packages/airflow/example_dags/plugins/workday.py
[2022-07-24 19:23:56,484] {processor.py:161} INFO - Processing /home/osboxes/.local/lib/python3.8/site-packages/airflow/example_dags/plugins/workday.py took 0.020 seconds
[2022-07-24 19:24:33,389] {processor.py:153} INFO - Started process (PID=1348512) to work on /home/osboxes/.local/lib/python3.8/site-packages/airflow/example_dags/plugins/workday.py
[2022-07-24 19:24:33,391] {processor.py:641} INFO - Processing file /home/osboxes/.local/lib/python3.8/site-packages/airflow/example_dags/plugins/workday.py for tasks to queue
[2022-07-24 19:24:33,391] {logging_mixin.py:115} INFO - [2022-07-24 19:24:33,391] {dagbag.py:507} INFO - Filling up the DagBag from /home/osboxes/.local/lib/python3.8/site-packages/airflow/example_dags/plugins/workday.py
[2022-07-24 19:24:33,393] {processor.py:653} WARNING - No viable dags retrieved from /home/osboxes/.local/lib/python3.8/site-packages/airflow/example_dags/plugins/workday.py
[2022-07-24 19:24:33,403] {processor.py:161} INFO - Processing /home/osboxes/.local/lib/python3.8/site-packages/airflow/example_dags/plugins/workday.py took 0.016 seconds
[2022-07-24 19:25:16,643] {processor.py:153} INFO - Started process (PID=1348866) to work on /home/osboxes/.local/lib/python3.8/site-packages/airflow/example_dags/plugins/workday.py
[2022-07-24 19:25:16,644] {processor.py:641} INFO - Processing file /home/osboxes/.local/lib/python3.8/site-packages/airflow/example_dags/plugins/workday.py for tasks to queue
[2022-07-24 19:25:16,644] {logging_mixin.py:115} INFO - [2022-07-24 19:25:16,644] {dagbag.py:507} INFO - Filling up the DagBag from /home/osboxes/.local/lib/python3.8/site-packages/airflow/example_dags/plugins/workday.py
[2022-07-24 19:25:16,646] {processor.py:653} WARNING - No viable dags retrieved from /home/osboxes/.local/lib/python3.8/site-packages/airflow/example_dags/plugins/workday.py
[2022-07-24 19:25:16,657] {processor.py:161} INFO - Processing /home/osboxes/.local/lib/python3.8/site-packages/airflow/example_dags/plugins/workday.py took 0.017 seconds
[2022-07-24 19:25:56,796] {processor.py:153} INFO - Started process (PID=1349185) to work on /home/osboxes/.local/lib/python3.8/site-packages/airflow/example_dags/plugins/workday.py
[2022-07-24 19:25:56,865] {processor.py:641} INFO - Processing file /home/osboxes/.local/lib/python3.8/site-packages/airflow/example_dags/plugins/workday.py for tasks to queue
[2022-07-24 19:25:56,865] {logging_mixin.py:115} INFO - [2022-07-24 19:25:56,865] {dagbag.py:507} INFO - Filling up the DagBag from /home/osboxes/.local/lib/python3.8/site-packages/airflow/example_dags/plugins/workday.py
[2022-07-24 19:25:56,867] {processor.py:653} WARNING - No viable dags retrieved from /home/osboxes/.local/lib/python3.8/site-packages/airflow/example_dags/plugins/workday.py
[2022-07-24 19:25:56,877] {processor.py:161} INFO - Processing /home/osboxes/.local/lib/python3.8/site-packages/airflow/example_dags/plugins/workday.py took 0.083 seconds
[2022-07-24 19:26:37,941] {processor.py:153} INFO - Started process (PID=1349498) to work on /home/osboxes/.local/lib/python3.8/site-packages/airflow/example_dags/plugins/workday.py
[2022-07-24 19:26:37,943] {processor.py:641} INFO - Processing file /home/osboxes/.local/lib/python3.8/site-packages/airflow/example_dags/plugins/workday.py for tasks to queue
[2022-07-24 19:26:37,944] {logging_mixin.py:115} INFO - [2022-07-24 19:26:37,944] {dagbag.py:507} INFO - Filling up the DagBag from /home/osboxes/.local/lib/python3.8/site-packages/airflow/example_dags/plugins/workday.py
[2022-07-24 19:26:37,945] {processor.py:653} WARNING - No viable dags retrieved from /home/osboxes/.local/lib/python3.8/site-packages/airflow/example_dags/plugins/workday.py
[2022-07-24 19:26:37,955] {processor.py:161} INFO - Processing /home/osboxes/.local/lib/python3.8/site-packages/airflow/example_dags/plugins/workday.py took 0.018 seconds
[2022-07-24 19:27:15,472] {processor.py:153} INFO - Started process (PID=1349797) to work on /home/osboxes/.local/lib/python3.8/site-packages/airflow/example_dags/plugins/workday.py
[2022-07-24 19:27:15,473] {processor.py:641} INFO - Processing file /home/osboxes/.local/lib/python3.8/site-packages/airflow/example_dags/plugins/workday.py for tasks to queue
[2022-07-24 19:27:15,474] {logging_mixin.py:115} INFO - [2022-07-24 19:27:15,474] {dagbag.py:507} INFO - Filling up the DagBag from /home/osboxes/.local/lib/python3.8/site-packages/airflow/example_dags/plugins/workday.py
[2022-07-24 19:27:15,475] {processor.py:653} WARNING - No viable dags retrieved from /home/osboxes/.local/lib/python3.8/site-packages/airflow/example_dags/plugins/workday.py
[2022-07-24 19:27:15,485] {processor.py:161} INFO - Processing /home/osboxes/.local/lib/python3.8/site-packages/airflow/example_dags/plugins/workday.py took 0.017 seconds
[2022-07-24 19:27:51,359] {processor.py:153} INFO - Started process (PID=1350078) to work on /home/osboxes/.local/lib/python3.8/site-packages/airflow/example_dags/plugins/workday.py
[2022-07-24 19:27:51,361] {processor.py:641} INFO - Processing file /home/osboxes/.local/lib/python3.8/site-packages/airflow/example_dags/plugins/workday.py for tasks to queue
[2022-07-24 19:27:51,361] {logging_mixin.py:115} INFO - [2022-07-24 19:27:51,361] {dagbag.py:507} INFO - Filling up the DagBag from /home/osboxes/.local/lib/python3.8/site-packages/airflow/example_dags/plugins/workday.py
[2022-07-24 19:27:51,363] {processor.py:653} WARNING - No viable dags retrieved from /home/osboxes/.local/lib/python3.8/site-packages/airflow/example_dags/plugins/workday.py
[2022-07-24 19:27:51,373] {processor.py:161} INFO - Processing /home/osboxes/.local/lib/python3.8/site-packages/airflow/example_dags/plugins/workday.py took 0.016 seconds
[2022-07-24 19:28:27,082] {processor.py:153} INFO - Started process (PID=1350368) to work on /home/osboxes/.local/lib/python3.8/site-packages/airflow/example_dags/plugins/workday.py
[2022-07-24 19:28:27,085] {processor.py:641} INFO - Processing file /home/osboxes/.local/lib/python3.8/site-packages/airflow/example_dags/plugins/workday.py for tasks to queue
[2022-07-24 19:28:27,085] {logging_mixin.py:115} INFO - [2022-07-24 19:28:27,085] {dagbag.py:507} INFO - Filling up the DagBag from /home/osboxes/.local/lib/python3.8/site-packages/airflow/example_dags/plugins/workday.py
[2022-07-24 19:28:27,087] {processor.py:653} WARNING - No viable dags retrieved from /home/osboxes/.local/lib/python3.8/site-packages/airflow/example_dags/plugins/workday.py
[2022-07-24 19:28:27,098] {processor.py:161} INFO - Processing /home/osboxes/.local/lib/python3.8/site-packages/airflow/example_dags/plugins/workday.py took 0.018 seconds
[2022-07-24 19:29:09,952] {processor.py:153} INFO - Started process (PID=1350695) to work on /home/osboxes/.local/lib/python3.8/site-packages/airflow/example_dags/plugins/workday.py
[2022-07-24 19:29:09,953] {processor.py:641} INFO - Processing file /home/osboxes/.local/lib/python3.8/site-packages/airflow/example_dags/plugins/workday.py for tasks to queue
[2022-07-24 19:29:09,954] {logging_mixin.py:115} INFO - [2022-07-24 19:29:09,954] {dagbag.py:507} INFO - Filling up the DagBag from /home/osboxes/.local/lib/python3.8/site-packages/airflow/example_dags/plugins/workday.py
[2022-07-24 19:29:09,955] {processor.py:653} WARNING - No viable dags retrieved from /home/osboxes/.local/lib/python3.8/site-packages/airflow/example_dags/plugins/workday.py
[2022-07-24 19:29:09,966] {processor.py:161} INFO - Processing /home/osboxes/.local/lib/python3.8/site-packages/airflow/example_dags/plugins/workday.py took 0.017 seconds
[2022-07-24 19:29:54,670] {processor.py:153} INFO - Started process (PID=1351079) to work on /home/osboxes/.local/lib/python3.8/site-packages/airflow/example_dags/plugins/workday.py
[2022-07-24 19:29:54,671] {processor.py:641} INFO - Processing file /home/osboxes/.local/lib/python3.8/site-packages/airflow/example_dags/plugins/workday.py for tasks to queue
[2022-07-24 19:29:54,672] {logging_mixin.py:115} INFO - [2022-07-24 19:29:54,672] {dagbag.py:507} INFO - Filling up the DagBag from /home/osboxes/.local/lib/python3.8/site-packages/airflow/example_dags/plugins/workday.py
[2022-07-24 19:29:54,673] {processor.py:653} WARNING - No viable dags retrieved from /home/osboxes/.local/lib/python3.8/site-packages/airflow/example_dags/plugins/workday.py
[2022-07-24 19:29:54,683] {processor.py:161} INFO - Processing /home/osboxes/.local/lib/python3.8/site-packages/airflow/example_dags/plugins/workday.py took 0.017 seconds
[2022-07-24 19:30:36,911] {processor.py:153} INFO - Started process (PID=1351409) to work on /home/osboxes/.local/lib/python3.8/site-packages/airflow/example_dags/plugins/workday.py
[2022-07-24 19:30:36,913] {processor.py:641} INFO - Processing file /home/osboxes/.local/lib/python3.8/site-packages/airflow/example_dags/plugins/workday.py for tasks to queue
[2022-07-24 19:30:36,914] {logging_mixin.py:115} INFO - [2022-07-24 19:30:36,914] {dagbag.py:507} INFO - Filling up the DagBag from /home/osboxes/.local/lib/python3.8/site-packages/airflow/example_dags/plugins/workday.py
[2022-07-24 19:30:36,915] {processor.py:653} WARNING - No viable dags retrieved from /home/osboxes/.local/lib/python3.8/site-packages/airflow/example_dags/plugins/workday.py
[2022-07-24 19:30:36,926] {processor.py:161} INFO - Processing /home/osboxes/.local/lib/python3.8/site-packages/airflow/example_dags/plugins/workday.py took 0.017 seconds
[2022-07-24 19:31:21,986] {processor.py:153} INFO - Started process (PID=1351775) to work on /home/osboxes/.local/lib/python3.8/site-packages/airflow/example_dags/plugins/workday.py
[2022-07-24 19:31:21,988] {processor.py:641} INFO - Processing file /home/osboxes/.local/lib/python3.8/site-packages/airflow/example_dags/plugins/workday.py for tasks to queue
[2022-07-24 19:31:21,988] {logging_mixin.py:115} INFO - [2022-07-24 19:31:21,988] {dagbag.py:507} INFO - Filling up the DagBag from /home/osboxes/.local/lib/python3.8/site-packages/airflow/example_dags/plugins/workday.py
[2022-07-24 19:31:21,990] {processor.py:653} WARNING - No viable dags retrieved from /home/osboxes/.local/lib/python3.8/site-packages/airflow/example_dags/plugins/workday.py
[2022-07-24 19:31:21,999] {processor.py:161} INFO - Processing /home/osboxes/.local/lib/python3.8/site-packages/airflow/example_dags/plugins/workday.py took 0.015 seconds
[2022-07-24 19:32:02,774] {processor.py:153} INFO - Started process (PID=1352104) to work on /home/osboxes/.local/lib/python3.8/site-packages/airflow/example_dags/plugins/workday.py
[2022-07-24 19:32:02,786] {processor.py:641} INFO - Processing file /home/osboxes/.local/lib/python3.8/site-packages/airflow/example_dags/plugins/workday.py for tasks to queue
[2022-07-24 19:32:02,787] {logging_mixin.py:115} INFO - [2022-07-24 19:32:02,787] {dagbag.py:507} INFO - Filling up the DagBag from /home/osboxes/.local/lib/python3.8/site-packages/airflow/example_dags/plugins/workday.py
[2022-07-24 19:32:02,788] {processor.py:653} WARNING - No viable dags retrieved from /home/osboxes/.local/lib/python3.8/site-packages/airflow/example_dags/plugins/workday.py
[2022-07-24 19:32:02,809] {processor.py:161} INFO - Processing /home/osboxes/.local/lib/python3.8/site-packages/airflow/example_dags/plugins/workday.py took 0.037 seconds
[2022-07-24 19:32:46,118] {processor.py:153} INFO - Started process (PID=1352427) to work on /home/osboxes/.local/lib/python3.8/site-packages/airflow/example_dags/plugins/workday.py
[2022-07-24 19:32:46,120] {processor.py:641} INFO - Processing file /home/osboxes/.local/lib/python3.8/site-packages/airflow/example_dags/plugins/workday.py for tasks to queue
[2022-07-24 19:32:46,120] {logging_mixin.py:115} INFO - [2022-07-24 19:32:46,120] {dagbag.py:507} INFO - Filling up the DagBag from /home/osboxes/.local/lib/python3.8/site-packages/airflow/example_dags/plugins/workday.py
[2022-07-24 19:32:46,122] {processor.py:653} WARNING - No viable dags retrieved from /home/osboxes/.local/lib/python3.8/site-packages/airflow/example_dags/plugins/workday.py
[2022-07-24 19:32:46,131] {processor.py:161} INFO - Processing /home/osboxes/.local/lib/python3.8/site-packages/airflow/example_dags/plugins/workday.py took 0.015 seconds
[2022-07-24 19:33:24,778] {processor.py:153} INFO - Started process (PID=1352726) to work on /home/osboxes/.local/lib/python3.8/site-packages/airflow/example_dags/plugins/workday.py
[2022-07-24 19:33:24,781] {processor.py:641} INFO - Processing file /home/osboxes/.local/lib/python3.8/site-packages/airflow/example_dags/plugins/workday.py for tasks to queue
[2022-07-24 19:33:24,782] {logging_mixin.py:115} INFO - [2022-07-24 19:33:24,781] {dagbag.py:507} INFO - Filling up the DagBag from /home/osboxes/.local/lib/python3.8/site-packages/airflow/example_dags/plugins/workday.py
[2022-07-24 19:33:24,783] {processor.py:653} WARNING - No viable dags retrieved from /home/osboxes/.local/lib/python3.8/site-packages/airflow/example_dags/plugins/workday.py
[2022-07-24 19:33:24,793] {processor.py:161} INFO - Processing /home/osboxes/.local/lib/python3.8/site-packages/airflow/example_dags/plugins/workday.py took 0.017 seconds
[2022-07-24 19:34:02,497] {processor.py:153} INFO - Started process (PID=1353013) to work on /home/osboxes/.local/lib/python3.8/site-packages/airflow/example_dags/plugins/workday.py
[2022-07-24 19:34:02,498] {processor.py:641} INFO - Processing file /home/osboxes/.local/lib/python3.8/site-packages/airflow/example_dags/plugins/workday.py for tasks to queue
[2022-07-24 19:34:02,499] {logging_mixin.py:115} INFO - [2022-07-24 19:34:02,499] {dagbag.py:507} INFO - Filling up the DagBag from /home/osboxes/.local/lib/python3.8/site-packages/airflow/example_dags/plugins/workday.py
[2022-07-24 19:34:02,502] {processor.py:653} WARNING - No viable dags retrieved from /home/osboxes/.local/lib/python3.8/site-packages/airflow/example_dags/plugins/workday.py
[2022-07-24 19:34:02,514] {processor.py:161} INFO - Processing /home/osboxes/.local/lib/python3.8/site-packages/airflow/example_dags/plugins/workday.py took 0.020 seconds
[2022-07-24 19:34:43,725] {processor.py:153} INFO - Started process (PID=1353389) to work on /home/osboxes/.local/lib/python3.8/site-packages/airflow/example_dags/plugins/workday.py
[2022-07-24 19:34:43,726] {processor.py:641} INFO - Processing file /home/osboxes/.local/lib/python3.8/site-packages/airflow/example_dags/plugins/workday.py for tasks to queue
[2022-07-24 19:34:43,727] {logging_mixin.py:115} INFO - [2022-07-24 19:34:43,727] {dagbag.py:507} INFO - Filling up the DagBag from /home/osboxes/.local/lib/python3.8/site-packages/airflow/example_dags/plugins/workday.py
[2022-07-24 19:34:43,728] {processor.py:653} WARNING - No viable dags retrieved from /home/osboxes/.local/lib/python3.8/site-packages/airflow/example_dags/plugins/workday.py
[2022-07-24 19:34:43,739] {processor.py:161} INFO - Processing /home/osboxes/.local/lib/python3.8/site-packages/airflow/example_dags/plugins/workday.py took 0.017 seconds
[2022-07-24 19:35:29,170] {processor.py:153} INFO - Started process (PID=1353755) to work on /home/osboxes/.local/lib/python3.8/site-packages/airflow/example_dags/plugins/workday.py
[2022-07-24 19:35:29,172] {processor.py:641} INFO - Processing file /home/osboxes/.local/lib/python3.8/site-packages/airflow/example_dags/plugins/workday.py for tasks to queue
[2022-07-24 19:35:29,172] {logging_mixin.py:115} INFO - [2022-07-24 19:35:29,172] {dagbag.py:507} INFO - Filling up the DagBag from /home/osboxes/.local/lib/python3.8/site-packages/airflow/example_dags/plugins/workday.py
[2022-07-24 19:35:29,174] {processor.py:653} WARNING - No viable dags retrieved from /home/osboxes/.local/lib/python3.8/site-packages/airflow/example_dags/plugins/workday.py
[2022-07-24 19:35:29,183] {processor.py:161} INFO - Processing /home/osboxes/.local/lib/python3.8/site-packages/airflow/example_dags/plugins/workday.py took 0.015 seconds
[2022-07-24 19:36:11,187] {processor.py:153} INFO - Started process (PID=1354081) to work on /home/osboxes/.local/lib/python3.8/site-packages/airflow/example_dags/plugins/workday.py
[2022-07-24 19:36:11,190] {processor.py:641} INFO - Processing file /home/osboxes/.local/lib/python3.8/site-packages/airflow/example_dags/plugins/workday.py for tasks to queue
[2022-07-24 19:36:11,190] {logging_mixin.py:115} INFO - [2022-07-24 19:36:11,190] {dagbag.py:507} INFO - Filling up the DagBag from /home/osboxes/.local/lib/python3.8/site-packages/airflow/example_dags/plugins/workday.py
[2022-07-24 19:36:11,192] {processor.py:653} WARNING - No viable dags retrieved from /home/osboxes/.local/lib/python3.8/site-packages/airflow/example_dags/plugins/workday.py
[2022-07-24 19:36:11,201] {processor.py:161} INFO - Processing /home/osboxes/.local/lib/python3.8/site-packages/airflow/example_dags/plugins/workday.py took 0.017 seconds
[2022-07-24 19:36:52,250] {processor.py:153} INFO - Started process (PID=1354402) to work on /home/osboxes/.local/lib/python3.8/site-packages/airflow/example_dags/plugins/workday.py
[2022-07-24 19:36:52,253] {processor.py:641} INFO - Processing file /home/osboxes/.local/lib/python3.8/site-packages/airflow/example_dags/plugins/workday.py for tasks to queue
[2022-07-24 19:36:52,253] {logging_mixin.py:115} INFO - [2022-07-24 19:36:52,253] {dagbag.py:507} INFO - Filling up the DagBag from /home/osboxes/.local/lib/python3.8/site-packages/airflow/example_dags/plugins/workday.py
[2022-07-24 19:36:52,255] {processor.py:653} WARNING - No viable dags retrieved from /home/osboxes/.local/lib/python3.8/site-packages/airflow/example_dags/plugins/workday.py
[2022-07-24 19:36:52,266] {processor.py:161} INFO - Processing /home/osboxes/.local/lib/python3.8/site-packages/airflow/example_dags/plugins/workday.py took 0.019 seconds
[2022-07-24 19:37:29,073] {processor.py:153} INFO - Started process (PID=1354684) to work on /home/osboxes/.local/lib/python3.8/site-packages/airflow/example_dags/plugins/workday.py
[2022-07-24 19:37:29,075] {processor.py:641} INFO - Processing file /home/osboxes/.local/lib/python3.8/site-packages/airflow/example_dags/plugins/workday.py for tasks to queue
[2022-07-24 19:37:29,076] {logging_mixin.py:115} INFO - [2022-07-24 19:37:29,076] {dagbag.py:507} INFO - Filling up the DagBag from /home/osboxes/.local/lib/python3.8/site-packages/airflow/example_dags/plugins/workday.py
[2022-07-24 19:37:29,079] {processor.py:653} WARNING - No viable dags retrieved from /home/osboxes/.local/lib/python3.8/site-packages/airflow/example_dags/plugins/workday.py
[2022-07-24 19:37:29,088] {processor.py:161} INFO - Processing /home/osboxes/.local/lib/python3.8/site-packages/airflow/example_dags/plugins/workday.py took 0.018 seconds
[2022-07-24 19:38:10,702] {processor.py:153} INFO - Started process (PID=1355011) to work on /home/osboxes/.local/lib/python3.8/site-packages/airflow/example_dags/plugins/workday.py
[2022-07-24 19:38:10,704] {processor.py:641} INFO - Processing file /home/osboxes/.local/lib/python3.8/site-packages/airflow/example_dags/plugins/workday.py for tasks to queue
[2022-07-24 19:38:10,704] {logging_mixin.py:115} INFO - [2022-07-24 19:38:10,704] {dagbag.py:507} INFO - Filling up the DagBag from /home/osboxes/.local/lib/python3.8/site-packages/airflow/example_dags/plugins/workday.py
[2022-07-24 19:38:10,706] {processor.py:653} WARNING - No viable dags retrieved from /home/osboxes/.local/lib/python3.8/site-packages/airflow/example_dags/plugins/workday.py
[2022-07-24 19:38:10,715] {processor.py:161} INFO - Processing /home/osboxes/.local/lib/python3.8/site-packages/airflow/example_dags/plugins/workday.py took 0.016 seconds
[2022-07-24 19:38:54,041] {processor.py:153} INFO - Started process (PID=1355335) to work on /home/osboxes/.local/lib/python3.8/site-packages/airflow/example_dags/plugins/workday.py
[2022-07-24 19:38:54,043] {processor.py:641} INFO - Processing file /home/osboxes/.local/lib/python3.8/site-packages/airflow/example_dags/plugins/workday.py for tasks to queue
[2022-07-24 19:38:54,044] {logging_mixin.py:115} INFO - [2022-07-24 19:38:54,044] {dagbag.py:507} INFO - Filling up the DagBag from /home/osboxes/.local/lib/python3.8/site-packages/airflow/example_dags/plugins/workday.py
[2022-07-24 19:38:54,046] {processor.py:653} WARNING - No viable dags retrieved from /home/osboxes/.local/lib/python3.8/site-packages/airflow/example_dags/plugins/workday.py
[2022-07-24 19:38:54,054] {processor.py:161} INFO - Processing /home/osboxes/.local/lib/python3.8/site-packages/airflow/example_dags/plugins/workday.py took 0.015 seconds
[2022-07-24 19:39:35,269] {processor.py:153} INFO - Started process (PID=1355715) to work on /home/osboxes/.local/lib/python3.8/site-packages/airflow/example_dags/plugins/workday.py
[2022-07-24 19:39:35,271] {processor.py:641} INFO - Processing file /home/osboxes/.local/lib/python3.8/site-packages/airflow/example_dags/plugins/workday.py for tasks to queue
[2022-07-24 19:39:35,272] {logging_mixin.py:115} INFO - [2022-07-24 19:39:35,272] {dagbag.py:507} INFO - Filling up the DagBag from /home/osboxes/.local/lib/python3.8/site-packages/airflow/example_dags/plugins/workday.py
[2022-07-24 19:39:35,273] {processor.py:653} WARNING - No viable dags retrieved from /home/osboxes/.local/lib/python3.8/site-packages/airflow/example_dags/plugins/workday.py
[2022-07-24 19:39:35,283] {processor.py:161} INFO - Processing /home/osboxes/.local/lib/python3.8/site-packages/airflow/example_dags/plugins/workday.py took 0.016 seconds
[2022-07-24 19:40:35,939] {processor.py:153} INFO - Started process (PID=1356141) to work on /home/osboxes/.local/lib/python3.8/site-packages/airflow/example_dags/plugins/workday.py
[2022-07-24 19:40:35,941] {processor.py:641} INFO - Processing file /home/osboxes/.local/lib/python3.8/site-packages/airflow/example_dags/plugins/workday.py for tasks to queue
[2022-07-24 19:40:35,942] {logging_mixin.py:115} INFO - [2022-07-24 19:40:35,942] {dagbag.py:507} INFO - Filling up the DagBag from /home/osboxes/.local/lib/python3.8/site-packages/airflow/example_dags/plugins/workday.py
[2022-07-24 19:40:35,944] {processor.py:653} WARNING - No viable dags retrieved from /home/osboxes/.local/lib/python3.8/site-packages/airflow/example_dags/plugins/workday.py
[2022-07-24 19:40:35,954] {processor.py:161} INFO - Processing /home/osboxes/.local/lib/python3.8/site-packages/airflow/example_dags/plugins/workday.py took 0.017 seconds
[2022-07-24 19:41:12,276] {processor.py:153} INFO - Started process (PID=1356434) to work on /home/osboxes/.local/lib/python3.8/site-packages/airflow/example_dags/plugins/workday.py
[2022-07-24 19:41:12,278] {processor.py:641} INFO - Processing file /home/osboxes/.local/lib/python3.8/site-packages/airflow/example_dags/plugins/workday.py for tasks to queue
[2022-07-24 19:41:12,278] {logging_mixin.py:115} INFO - [2022-07-24 19:41:12,278] {dagbag.py:507} INFO - Filling up the DagBag from /home/osboxes/.local/lib/python3.8/site-packages/airflow/example_dags/plugins/workday.py
[2022-07-24 19:41:12,280] {processor.py:653} WARNING - No viable dags retrieved from /home/osboxes/.local/lib/python3.8/site-packages/airflow/example_dags/plugins/workday.py
[2022-07-24 19:41:12,288] {processor.py:161} INFO - Processing /home/osboxes/.local/lib/python3.8/site-packages/airflow/example_dags/plugins/workday.py took 0.014 seconds
[2022-07-24 19:41:52,320] {processor.py:153} INFO - Started process (PID=1356759) to work on /home/osboxes/.local/lib/python3.8/site-packages/airflow/example_dags/plugins/workday.py
[2022-07-24 19:41:52,322] {processor.py:641} INFO - Processing file /home/osboxes/.local/lib/python3.8/site-packages/airflow/example_dags/plugins/workday.py for tasks to queue
[2022-07-24 19:41:52,322] {logging_mixin.py:115} INFO - [2022-07-24 19:41:52,322] {dagbag.py:507} INFO - Filling up the DagBag from /home/osboxes/.local/lib/python3.8/site-packages/airflow/example_dags/plugins/workday.py
[2022-07-24 19:41:52,324] {processor.py:653} WARNING - No viable dags retrieved from /home/osboxes/.local/lib/python3.8/site-packages/airflow/example_dags/plugins/workday.py
[2022-07-24 19:41:52,332] {processor.py:161} INFO - Processing /home/osboxes/.local/lib/python3.8/site-packages/airflow/example_dags/plugins/workday.py took 0.015 seconds
[2022-07-24 19:42:30,359] {processor.py:153} INFO - Started process (PID=1357038) to work on /home/osboxes/.local/lib/python3.8/site-packages/airflow/example_dags/plugins/workday.py
[2022-07-24 19:42:30,362] {processor.py:641} INFO - Processing file /home/osboxes/.local/lib/python3.8/site-packages/airflow/example_dags/plugins/workday.py for tasks to queue
[2022-07-24 19:42:30,363] {logging_mixin.py:115} INFO - [2022-07-24 19:42:30,362] {dagbag.py:507} INFO - Filling up the DagBag from /home/osboxes/.local/lib/python3.8/site-packages/airflow/example_dags/plugins/workday.py
[2022-07-24 19:42:30,364] {processor.py:653} WARNING - No viable dags retrieved from /home/osboxes/.local/lib/python3.8/site-packages/airflow/example_dags/plugins/workday.py
[2022-07-24 19:42:30,372] {processor.py:161} INFO - Processing /home/osboxes/.local/lib/python3.8/site-packages/airflow/example_dags/plugins/workday.py took 0.015 seconds
[2022-07-24 19:43:07,509] {processor.py:153} INFO - Started process (PID=1357327) to work on /home/osboxes/.local/lib/python3.8/site-packages/airflow/example_dags/plugins/workday.py
[2022-07-24 19:43:07,513] {processor.py:641} INFO - Processing file /home/osboxes/.local/lib/python3.8/site-packages/airflow/example_dags/plugins/workday.py for tasks to queue
[2022-07-24 19:43:07,513] {logging_mixin.py:115} INFO - [2022-07-24 19:43:07,513] {dagbag.py:507} INFO - Filling up the DagBag from /home/osboxes/.local/lib/python3.8/site-packages/airflow/example_dags/plugins/workday.py
[2022-07-24 19:43:07,515] {processor.py:653} WARNING - No viable dags retrieved from /home/osboxes/.local/lib/python3.8/site-packages/airflow/example_dags/plugins/workday.py
[2022-07-24 19:43:07,526] {processor.py:161} INFO - Processing /home/osboxes/.local/lib/python3.8/site-packages/airflow/example_dags/plugins/workday.py took 0.020 seconds
[2022-07-24 19:43:50,351] {processor.py:153} INFO - Started process (PID=1357674) to work on /home/osboxes/.local/lib/python3.8/site-packages/airflow/example_dags/plugins/workday.py
[2022-07-24 19:43:50,354] {processor.py:641} INFO - Processing file /home/osboxes/.local/lib/python3.8/site-packages/airflow/example_dags/plugins/workday.py for tasks to queue
[2022-07-24 19:43:50,355] {logging_mixin.py:115} INFO - [2022-07-24 19:43:50,355] {dagbag.py:507} INFO - Filling up the DagBag from /home/osboxes/.local/lib/python3.8/site-packages/airflow/example_dags/plugins/workday.py
[2022-07-24 19:43:50,357] {processor.py:653} WARNING - No viable dags retrieved from /home/osboxes/.local/lib/python3.8/site-packages/airflow/example_dags/plugins/workday.py
[2022-07-24 19:43:50,413] {processor.py:161} INFO - Processing /home/osboxes/.local/lib/python3.8/site-packages/airflow/example_dags/plugins/workday.py took 0.069 seconds
[2022-07-24 19:44:29,937] {processor.py:153} INFO - Started process (PID=1358035) to work on /home/osboxes/.local/lib/python3.8/site-packages/airflow/example_dags/plugins/workday.py
[2022-07-24 19:44:29,939] {processor.py:641} INFO - Processing file /home/osboxes/.local/lib/python3.8/site-packages/airflow/example_dags/plugins/workday.py for tasks to queue
[2022-07-24 19:44:29,939] {logging_mixin.py:115} INFO - [2022-07-24 19:44:29,939] {dagbag.py:507} INFO - Filling up the DagBag from /home/osboxes/.local/lib/python3.8/site-packages/airflow/example_dags/plugins/workday.py
[2022-07-24 19:44:29,941] {processor.py:653} WARNING - No viable dags retrieved from /home/osboxes/.local/lib/python3.8/site-packages/airflow/example_dags/plugins/workday.py
[2022-07-24 19:44:29,949] {processor.py:161} INFO - Processing /home/osboxes/.local/lib/python3.8/site-packages/airflow/example_dags/plugins/workday.py took 0.014 seconds
[2022-07-24 19:45:07,871] {processor.py:153} INFO - Started process (PID=1358323) to work on /home/osboxes/.local/lib/python3.8/site-packages/airflow/example_dags/plugins/workday.py
[2022-07-24 19:45:07,873] {processor.py:641} INFO - Processing file /home/osboxes/.local/lib/python3.8/site-packages/airflow/example_dags/plugins/workday.py for tasks to queue
[2022-07-24 19:45:07,873] {logging_mixin.py:115} INFO - [2022-07-24 19:45:07,873] {dagbag.py:507} INFO - Filling up the DagBag from /home/osboxes/.local/lib/python3.8/site-packages/airflow/example_dags/plugins/workday.py
[2022-07-24 19:45:07,875] {processor.py:653} WARNING - No viable dags retrieved from /home/osboxes/.local/lib/python3.8/site-packages/airflow/example_dags/plugins/workday.py
[2022-07-24 19:45:07,885] {processor.py:161} INFO - Processing /home/osboxes/.local/lib/python3.8/site-packages/airflow/example_dags/plugins/workday.py took 0.017 seconds
[2022-07-24 19:45:41,867] {processor.py:153} INFO - Started process (PID=1358612) to work on /home/osboxes/.local/lib/python3.8/site-packages/airflow/example_dags/plugins/workday.py
[2022-07-24 19:45:41,869] {processor.py:641} INFO - Processing file /home/osboxes/.local/lib/python3.8/site-packages/airflow/example_dags/plugins/workday.py for tasks to queue
[2022-07-24 19:45:41,869] {logging_mixin.py:115} INFO - [2022-07-24 19:45:41,869] {dagbag.py:507} INFO - Filling up the DagBag from /home/osboxes/.local/lib/python3.8/site-packages/airflow/example_dags/plugins/workday.py
[2022-07-24 19:45:41,871] {processor.py:653} WARNING - No viable dags retrieved from /home/osboxes/.local/lib/python3.8/site-packages/airflow/example_dags/plugins/workday.py
[2022-07-24 19:45:41,879] {processor.py:161} INFO - Processing /home/osboxes/.local/lib/python3.8/site-packages/airflow/example_dags/plugins/workday.py took 0.014 seconds
[2022-07-24 19:46:16,379] {processor.py:153} INFO - Started process (PID=1358882) to work on /home/osboxes/.local/lib/python3.8/site-packages/airflow/example_dags/plugins/workday.py
[2022-07-24 19:46:16,381] {processor.py:641} INFO - Processing file /home/osboxes/.local/lib/python3.8/site-packages/airflow/example_dags/plugins/workday.py for tasks to queue
[2022-07-24 19:46:16,381] {logging_mixin.py:115} INFO - [2022-07-24 19:46:16,381] {dagbag.py:507} INFO - Filling up the DagBag from /home/osboxes/.local/lib/python3.8/site-packages/airflow/example_dags/plugins/workday.py
[2022-07-24 19:46:16,383] {processor.py:653} WARNING - No viable dags retrieved from /home/osboxes/.local/lib/python3.8/site-packages/airflow/example_dags/plugins/workday.py
[2022-07-24 19:46:16,391] {processor.py:161} INFO - Processing /home/osboxes/.local/lib/python3.8/site-packages/airflow/example_dags/plugins/workday.py took 0.014 seconds
[2022-07-24 19:46:49,486] {processor.py:153} INFO - Started process (PID=1359154) to work on /home/osboxes/.local/lib/python3.8/site-packages/airflow/example_dags/plugins/workday.py
[2022-07-24 19:46:49,488] {processor.py:641} INFO - Processing file /home/osboxes/.local/lib/python3.8/site-packages/airflow/example_dags/plugins/workday.py for tasks to queue
[2022-07-24 19:46:49,489] {logging_mixin.py:115} INFO - [2022-07-24 19:46:49,489] {dagbag.py:507} INFO - Filling up the DagBag from /home/osboxes/.local/lib/python3.8/site-packages/airflow/example_dags/plugins/workday.py
[2022-07-24 19:46:49,491] {processor.py:653} WARNING - No viable dags retrieved from /home/osboxes/.local/lib/python3.8/site-packages/airflow/example_dags/plugins/workday.py
[2022-07-24 19:46:49,500] {processor.py:161} INFO - Processing /home/osboxes/.local/lib/python3.8/site-packages/airflow/example_dags/plugins/workday.py took 0.016 seconds
[2022-07-24 19:47:28,042] {processor.py:153} INFO - Started process (PID=1359454) to work on /home/osboxes/.local/lib/python3.8/site-packages/airflow/example_dags/plugins/workday.py
[2022-07-24 19:47:28,043] {processor.py:641} INFO - Processing file /home/osboxes/.local/lib/python3.8/site-packages/airflow/example_dags/plugins/workday.py for tasks to queue
[2022-07-24 19:47:28,044] {logging_mixin.py:115} INFO - [2022-07-24 19:47:28,044] {dagbag.py:507} INFO - Filling up the DagBag from /home/osboxes/.local/lib/python3.8/site-packages/airflow/example_dags/plugins/workday.py
[2022-07-24 19:47:28,045] {processor.py:653} WARNING - No viable dags retrieved from /home/osboxes/.local/lib/python3.8/site-packages/airflow/example_dags/plugins/workday.py
[2022-07-24 19:47:28,055] {processor.py:161} INFO - Processing /home/osboxes/.local/lib/python3.8/site-packages/airflow/example_dags/plugins/workday.py took 0.015 seconds
[2022-07-24 19:48:08,605] {processor.py:153} INFO - Started process (PID=1359762) to work on /home/osboxes/.local/lib/python3.8/site-packages/airflow/example_dags/plugins/workday.py
[2022-07-24 19:48:08,607] {processor.py:641} INFO - Processing file /home/osboxes/.local/lib/python3.8/site-packages/airflow/example_dags/plugins/workday.py for tasks to queue
[2022-07-24 19:48:08,608] {logging_mixin.py:115} INFO - [2022-07-24 19:48:08,608] {dagbag.py:507} INFO - Filling up the DagBag from /home/osboxes/.local/lib/python3.8/site-packages/airflow/example_dags/plugins/workday.py
[2022-07-24 19:48:08,609] {processor.py:653} WARNING - No viable dags retrieved from /home/osboxes/.local/lib/python3.8/site-packages/airflow/example_dags/plugins/workday.py
[2022-07-24 19:48:08,618] {processor.py:161} INFO - Processing /home/osboxes/.local/lib/python3.8/site-packages/airflow/example_dags/plugins/workday.py took 0.016 seconds
[2022-07-24 19:48:48,745] {processor.py:153} INFO - Started process (PID=1360083) to work on /home/osboxes/.local/lib/python3.8/site-packages/airflow/example_dags/plugins/workday.py
[2022-07-24 19:48:48,747] {processor.py:641} INFO - Processing file /home/osboxes/.local/lib/python3.8/site-packages/airflow/example_dags/plugins/workday.py for tasks to queue
[2022-07-24 19:48:48,747] {logging_mixin.py:115} INFO - [2022-07-24 19:48:48,747] {dagbag.py:507} INFO - Filling up the DagBag from /home/osboxes/.local/lib/python3.8/site-packages/airflow/example_dags/plugins/workday.py
[2022-07-24 19:48:48,748] {processor.py:653} WARNING - No viable dags retrieved from /home/osboxes/.local/lib/python3.8/site-packages/airflow/example_dags/plugins/workday.py
[2022-07-24 19:48:48,756] {processor.py:161} INFO - Processing /home/osboxes/.local/lib/python3.8/site-packages/airflow/example_dags/plugins/workday.py took 0.013 seconds
[2022-07-24 19:49:26,694] {processor.py:153} INFO - Started process (PID=1360447) to work on /home/osboxes/.local/lib/python3.8/site-packages/airflow/example_dags/plugins/workday.py
[2022-07-24 19:49:26,697] {processor.py:641} INFO - Processing file /home/osboxes/.local/lib/python3.8/site-packages/airflow/example_dags/plugins/workday.py for tasks to queue
[2022-07-24 19:49:26,698] {logging_mixin.py:115} INFO - [2022-07-24 19:49:26,698] {dagbag.py:507} INFO - Filling up the DagBag from /home/osboxes/.local/lib/python3.8/site-packages/airflow/example_dags/plugins/workday.py
[2022-07-24 19:49:26,699] {processor.py:653} WARNING - No viable dags retrieved from /home/osboxes/.local/lib/python3.8/site-packages/airflow/example_dags/plugins/workday.py
[2022-07-24 19:49:26,708] {processor.py:161} INFO - Processing /home/osboxes/.local/lib/python3.8/site-packages/airflow/example_dags/plugins/workday.py took 0.016 seconds
[2022-07-24 19:50:07,752] {processor.py:153} INFO - Started process (PID=1360769) to work on /home/osboxes/.local/lib/python3.8/site-packages/airflow/example_dags/plugins/workday.py
[2022-07-24 19:50:07,754] {processor.py:641} INFO - Processing file /home/osboxes/.local/lib/python3.8/site-packages/airflow/example_dags/plugins/workday.py for tasks to queue
[2022-07-24 19:50:07,754] {logging_mixin.py:115} INFO - [2022-07-24 19:50:07,754] {dagbag.py:507} INFO - Filling up the DagBag from /home/osboxes/.local/lib/python3.8/site-packages/airflow/example_dags/plugins/workday.py
[2022-07-24 19:50:07,758] {processor.py:653} WARNING - No viable dags retrieved from /home/osboxes/.local/lib/python3.8/site-packages/airflow/example_dags/plugins/workday.py
[2022-07-24 19:50:07,766] {processor.py:161} INFO - Processing /home/osboxes/.local/lib/python3.8/site-packages/airflow/example_dags/plugins/workday.py took 0.016 seconds
[2022-07-24 19:50:43,143] {processor.py:153} INFO - Started process (PID=1361047) to work on /home/osboxes/.local/lib/python3.8/site-packages/airflow/example_dags/plugins/workday.py
[2022-07-24 19:50:43,162] {processor.py:641} INFO - Processing file /home/osboxes/.local/lib/python3.8/site-packages/airflow/example_dags/plugins/workday.py for tasks to queue
[2022-07-24 19:50:43,162] {logging_mixin.py:115} INFO - [2022-07-24 19:50:43,162] {dagbag.py:507} INFO - Filling up the DagBag from /home/osboxes/.local/lib/python3.8/site-packages/airflow/example_dags/plugins/workday.py
[2022-07-24 19:50:43,164] {processor.py:653} WARNING - No viable dags retrieved from /home/osboxes/.local/lib/python3.8/site-packages/airflow/example_dags/plugins/workday.py
[2022-07-24 19:50:43,172] {processor.py:161} INFO - Processing /home/osboxes/.local/lib/python3.8/site-packages/airflow/example_dags/plugins/workday.py took 0.031 seconds
[2022-07-24 19:51:23,523] {processor.py:153} INFO - Started process (PID=1361373) to work on /home/osboxes/.local/lib/python3.8/site-packages/airflow/example_dags/plugins/workday.py
[2022-07-24 19:51:23,525] {processor.py:641} INFO - Processing file /home/osboxes/.local/lib/python3.8/site-packages/airflow/example_dags/plugins/workday.py for tasks to queue
[2022-07-24 19:51:23,525] {logging_mixin.py:115} INFO - [2022-07-24 19:51:23,525] {dagbag.py:507} INFO - Filling up the DagBag from /home/osboxes/.local/lib/python3.8/site-packages/airflow/example_dags/plugins/workday.py
[2022-07-24 19:51:23,527] {processor.py:653} WARNING - No viable dags retrieved from /home/osboxes/.local/lib/python3.8/site-packages/airflow/example_dags/plugins/workday.py
[2022-07-24 19:51:23,535] {processor.py:161} INFO - Processing /home/osboxes/.local/lib/python3.8/site-packages/airflow/example_dags/plugins/workday.py took 0.014 seconds
[2022-07-24 19:52:00,384] {processor.py:153} INFO - Started process (PID=1361655) to work on /home/osboxes/.local/lib/python3.8/site-packages/airflow/example_dags/plugins/workday.py
[2022-07-24 19:52:00,386] {processor.py:641} INFO - Processing file /home/osboxes/.local/lib/python3.8/site-packages/airflow/example_dags/plugins/workday.py for tasks to queue
[2022-07-24 19:52:00,387] {logging_mixin.py:115} INFO - [2022-07-24 19:52:00,387] {dagbag.py:507} INFO - Filling up the DagBag from /home/osboxes/.local/lib/python3.8/site-packages/airflow/example_dags/plugins/workday.py
[2022-07-24 19:52:00,388] {processor.py:653} WARNING - No viable dags retrieved from /home/osboxes/.local/lib/python3.8/site-packages/airflow/example_dags/plugins/workday.py
[2022-07-24 19:52:00,396] {processor.py:161} INFO - Processing /home/osboxes/.local/lib/python3.8/site-packages/airflow/example_dags/plugins/workday.py took 0.014 seconds
