[2022-08-13 11:10:14,654] {taskinstance.py:1159} INFO - Dependencies all met for <TaskInstance: nse_daily_data_load.nse_download_files scheduled__2022-08-12T13:37:00+00:00 [queued]>
[2022-08-13 11:10:14,663] {taskinstance.py:1159} INFO - Dependencies all met for <TaskInstance: nse_daily_data_load.nse_download_files scheduled__2022-08-12T13:37:00+00:00 [queued]>
[2022-08-13 11:10:14,664] {taskinstance.py:1356} INFO - 
--------------------------------------------------------------------------------
[2022-08-13 11:10:14,664] {taskinstance.py:1357} INFO - Starting attempt 1 of 1
[2022-08-13 11:10:14,664] {taskinstance.py:1358} INFO - 
--------------------------------------------------------------------------------
[2022-08-13 11:10:14,705] {taskinstance.py:1377} INFO - Executing <Task(PythonOperator): nse_download_files> on 2022-08-12 13:37:00+00:00
[2022-08-13 11:10:14,711] {standard_task_runner.py:52} INFO - Started process 239586 to run task
[2022-08-13 11:10:14,718] {standard_task_runner.py:79} INFO - Running: ['airflow', 'tasks', 'run', 'nse_daily_data_load', 'nse_download_files', 'scheduled__2022-08-12T13:37:00+00:00', '--job-id', '290', '--raw', '--subdir', 'DAGS_FOLDER/nse_daily_load_stg.py', '--cfg-path', '/tmp/tmpr4eagtgw', '--error-file', '/tmp/tmpqe_5n_km']
[2022-08-13 11:10:14,719] {standard_task_runner.py:80} INFO - Job 290: Subtask nse_download_files
[2022-08-13 11:10:14,781] {task_command.py:369} INFO - Running <TaskInstance: nse_daily_data_load.nse_download_files scheduled__2022-08-12T13:37:00+00:00 [running]> on host osboxes
[2022-08-13 11:10:14,858] {taskinstance.py:1569} INFO - Exporting the following env vars:
AIRFLOW_CTX_DAG_OWNER=Airflow
AIRFLOW_CTX_DAG_ID=nse_daily_data_load
AIRFLOW_CTX_TASK_ID=nse_download_files
AIRFLOW_CTX_EXECUTION_DATE=2022-08-12T13:37:00+00:00
AIRFLOW_CTX_TRY_NUMBER=1
AIRFLOW_CTX_DAG_RUN_ID=scheduled__2022-08-12T13:37:00+00:00
[2022-08-13 11:10:14,859] {logging_mixin.py:115} INFO - 
cm25JUL2022bhav
[2022-08-13 11:10:14,859] {logging_mixin.py:115} INFO - enter try in loop
[2022-08-13 11:10:14,859] {logging_mixin.py:115} INFO - https://www1.nseindia.com/content/historical/EQUITIES/2022/JUL/cm25JUL2022bhav.csv.zip
[2022-08-13 11:10:15,746] {logging_mixin.py:115} INFO - https://www1.nseindia.com/content/historical/EQUITIES/2022/JUL/cm25JUL2022bhav.csv.zip
[2022-08-13 11:10:15,747] {logging_mixin.py:115} INFO - 
cm26JUL2022bhav
[2022-08-13 11:10:15,747] {logging_mixin.py:115} INFO - enter try in loop
[2022-08-13 11:10:15,747] {logging_mixin.py:115} INFO - https://www1.nseindia.com/content/historical/EQUITIES/2022/JUL/cm26JUL2022bhav.csv.zip
[2022-08-13 11:10:16,521] {logging_mixin.py:115} INFO - https://www1.nseindia.com/content/historical/EQUITIES/2022/JUL/cm26JUL2022bhav.csv.zip
[2022-08-13 11:10:16,521] {logging_mixin.py:115} INFO - 
cm27JUL2022bhav
[2022-08-13 11:10:16,521] {logging_mixin.py:115} INFO - enter try in loop
[2022-08-13 11:10:16,521] {logging_mixin.py:115} INFO - https://www1.nseindia.com/content/historical/EQUITIES/2022/JUL/cm27JUL2022bhav.csv.zip
[2022-08-13 11:10:17,240] {logging_mixin.py:115} INFO - https://www1.nseindia.com/content/historical/EQUITIES/2022/JUL/cm27JUL2022bhav.csv.zip
[2022-08-13 11:10:17,240] {logging_mixin.py:115} INFO - 
cm28JUL2022bhav
[2022-08-13 11:10:17,240] {logging_mixin.py:115} INFO - enter try in loop
[2022-08-13 11:10:17,241] {logging_mixin.py:115} INFO - https://www1.nseindia.com/content/historical/EQUITIES/2022/JUL/cm28JUL2022bhav.csv.zip
[2022-08-13 11:10:18,244] {logging_mixin.py:115} INFO - https://www1.nseindia.com/content/historical/EQUITIES/2022/JUL/cm28JUL2022bhav.csv.zip
[2022-08-13 11:10:18,244] {logging_mixin.py:115} INFO - 
cm29JUL2022bhav
[2022-08-13 11:10:18,244] {logging_mixin.py:115} INFO - enter try in loop
[2022-08-13 11:10:18,244] {logging_mixin.py:115} INFO - https://www1.nseindia.com/content/historical/EQUITIES/2022/JUL/cm29JUL2022bhav.csv.zip
[2022-08-13 11:10:19,017] {logging_mixin.py:115} INFO - https://www1.nseindia.com/content/historical/EQUITIES/2022/JUL/cm29JUL2022bhav.csv.zip
[2022-08-13 11:10:19,017] {logging_mixin.py:115} INFO - 
cm30JUL2022bhav
[2022-08-13 11:10:19,017] {logging_mixin.py:115} INFO - enter try in loop
[2022-08-13 11:10:19,017] {logging_mixin.py:115} INFO - https://www1.nseindia.com/content/historical/EQUITIES/2022/JUL/cm30JUL2022bhav.csv.zip
[2022-08-13 11:10:19,721] {logging_mixin.py:115} INFO - issue occured
[2022-08-13 11:10:19,723] {logging_mixin.py:115} INFO - 
cm01AUG2022bhav
[2022-08-13 11:10:19,723] {logging_mixin.py:115} INFO - enter try in loop
[2022-08-13 11:10:19,723] {logging_mixin.py:115} INFO - https://www1.nseindia.com/content/historical/EQUITIES/2022/AUG/cm01AUG2022bhav.csv.zip
[2022-08-13 11:10:20,447] {logging_mixin.py:115} INFO - https://www1.nseindia.com/content/historical/EQUITIES/2022/AUG/cm01AUG2022bhav.csv.zip
[2022-08-13 11:10:20,447] {logging_mixin.py:115} INFO - 
cm02AUG2022bhav
[2022-08-13 11:10:20,447] {logging_mixin.py:115} INFO - enter try in loop
[2022-08-13 11:10:20,448] {logging_mixin.py:115} INFO - https://www1.nseindia.com/content/historical/EQUITIES/2022/AUG/cm02AUG2022bhav.csv.zip
[2022-08-13 11:10:21,121] {logging_mixin.py:115} INFO - https://www1.nseindia.com/content/historical/EQUITIES/2022/AUG/cm02AUG2022bhav.csv.zip
[2022-08-13 11:10:21,121] {logging_mixin.py:115} INFO - 
cm03AUG2022bhav
[2022-08-13 11:10:21,121] {logging_mixin.py:115} INFO - enter try in loop
[2022-08-13 11:10:21,121] {logging_mixin.py:115} INFO - https://www1.nseindia.com/content/historical/EQUITIES/2022/AUG/cm03AUG2022bhav.csv.zip
[2022-08-13 11:10:21,834] {logging_mixin.py:115} INFO - https://www1.nseindia.com/content/historical/EQUITIES/2022/AUG/cm03AUG2022bhav.csv.zip
[2022-08-13 11:10:21,834] {logging_mixin.py:115} INFO - 
cm04AUG2022bhav
[2022-08-13 11:10:21,834] {logging_mixin.py:115} INFO - enter try in loop
[2022-08-13 11:10:21,834] {logging_mixin.py:115} INFO - https://www1.nseindia.com/content/historical/EQUITIES/2022/AUG/cm04AUG2022bhav.csv.zip
[2022-08-13 11:10:22,617] {logging_mixin.py:115} INFO - https://www1.nseindia.com/content/historical/EQUITIES/2022/AUG/cm04AUG2022bhav.csv.zip
[2022-08-13 11:10:22,618] {logging_mixin.py:115} INFO - 
cm05AUG2022bhav
[2022-08-13 11:10:22,619] {logging_mixin.py:115} INFO - enter try in loop
[2022-08-13 11:10:22,619] {logging_mixin.py:115} INFO - https://www1.nseindia.com/content/historical/EQUITIES/2022/AUG/cm05AUG2022bhav.csv.zip
[2022-08-13 11:10:23,350] {logging_mixin.py:115} INFO - https://www1.nseindia.com/content/historical/EQUITIES/2022/AUG/cm05AUG2022bhav.csv.zip
[2022-08-13 11:10:23,350] {logging_mixin.py:115} INFO - 
cm06AUG2022bhav
[2022-08-13 11:10:23,350] {logging_mixin.py:115} INFO - enter try in loop
[2022-08-13 11:10:23,350] {logging_mixin.py:115} INFO - https://www1.nseindia.com/content/historical/EQUITIES/2022/AUG/cm06AUG2022bhav.csv.zip
[2022-08-13 11:10:23,950] {logging_mixin.py:115} INFO - issue occured
[2022-08-13 11:10:23,951] {logging_mixin.py:115} INFO - 
cm07AUG2022bhav
[2022-08-13 11:10:23,951] {logging_mixin.py:115} INFO - enter try in loop
[2022-08-13 11:10:23,951] {logging_mixin.py:115} INFO - https://www1.nseindia.com/content/historical/EQUITIES/2022/AUG/cm07AUG2022bhav.csv.zip
[2022-08-13 11:10:24,524] {logging_mixin.py:115} INFO - issue occured
[2022-08-13 11:10:24,525] {logging_mixin.py:115} INFO - 
cm08AUG2022bhav
[2022-08-13 11:10:24,525] {logging_mixin.py:115} INFO - enter try in loop
[2022-08-13 11:10:24,525] {logging_mixin.py:115} INFO - https://www1.nseindia.com/content/historical/EQUITIES/2022/AUG/cm08AUG2022bhav.csv.zip
[2022-08-13 11:10:25,142] {logging_mixin.py:115} INFO - https://www1.nseindia.com/content/historical/EQUITIES/2022/AUG/cm08AUG2022bhav.csv.zip
[2022-08-13 11:10:25,142] {logging_mixin.py:115} INFO - 
cm09AUG2022bhav
[2022-08-13 11:10:25,142] {logging_mixin.py:115} INFO - enter try in loop
[2022-08-13 11:10:25,142] {logging_mixin.py:115} INFO - https://www1.nseindia.com/content/historical/EQUITIES/2022/AUG/cm09AUG2022bhav.csv.zip
[2022-08-13 11:10:25,745] {logging_mixin.py:115} INFO - issue occured
[2022-08-13 11:10:25,746] {logging_mixin.py:115} INFO - 
cm10AUG2022bhav
[2022-08-13 11:10:25,746] {logging_mixin.py:115} INFO - enter try in loop
[2022-08-13 11:10:25,746] {logging_mixin.py:115} INFO - https://www1.nseindia.com/content/historical/EQUITIES/2022/AUG/cm10AUG2022bhav.csv.zip
[2022-08-13 11:10:26,420] {logging_mixin.py:115} INFO - https://www1.nseindia.com/content/historical/EQUITIES/2022/AUG/cm10AUG2022bhav.csv.zip
[2022-08-13 11:10:26,421] {logging_mixin.py:115} INFO - 
cm11AUG2022bhav
[2022-08-13 11:10:26,421] {logging_mixin.py:115} INFO - enter try in loop
[2022-08-13 11:10:26,421] {logging_mixin.py:115} INFO - https://www1.nseindia.com/content/historical/EQUITIES/2022/AUG/cm11AUG2022bhav.csv.zip
[2022-08-13 11:10:26,981] {logging_mixin.py:115} INFO - https://www1.nseindia.com/content/historical/EQUITIES/2022/AUG/cm11AUG2022bhav.csv.zip
[2022-08-13 11:10:26,982] {logging_mixin.py:115} INFO - 
cm12AUG2022bhav
[2022-08-13 11:10:26,982] {logging_mixin.py:115} INFO - enter try in loop
[2022-08-13 11:10:26,982] {logging_mixin.py:115} INFO - https://www1.nseindia.com/content/historical/EQUITIES/2022/AUG/cm12AUG2022bhav.csv.zip
[2022-08-13 11:10:27,548] {logging_mixin.py:115} INFO - https://www1.nseindia.com/content/historical/EQUITIES/2022/AUG/cm12AUG2022bhav.csv.zip
[2022-08-13 11:10:27,548] {logging_mixin.py:115} INFO - 
cm13AUG2022bhav
[2022-08-13 11:10:27,548] {logging_mixin.py:115} INFO - enter try in loop
[2022-08-13 11:10:27,548] {logging_mixin.py:115} INFO - https://www1.nseindia.com/content/historical/EQUITIES/2022/AUG/cm13AUG2022bhav.csv.zip
[2022-08-13 11:10:28,079] {logging_mixin.py:115} INFO - issue occured
[2022-08-13 11:10:28,080] {logging_mixin.py:115} INFO - ['cm25JUL2022bhav.csv.zip', 'cm26JUL2022bhav.csv.zip', 'cm27JUL2022bhav.csv.zip', 'cm28JUL2022bhav.csv.zip', 'cm29JUL2022bhav.csv.zip', 'cm01AUG2022bhav.csv.zip', 'cm02AUG2022bhav.csv.zip', 'cm03AUG2022bhav.csv.zip', 'cm04AUG2022bhav.csv.zip', 'cm05AUG2022bhav.csv.zip', 'cm08AUG2022bhav.csv.zip', 'cm10AUG2022bhav.csv.zip', 'cm11AUG2022bhav.csv.zip', 'cm12AUG2022bhav.csv.zip']
[2022-08-13 11:10:28,080] {logging_mixin.py:115} INFO - cm25JUL2022bhav.csv.zip
[2022-08-13 11:10:28,084] {logging_mixin.py:115} INFO - cm26JUL2022bhav.csv.zip
[2022-08-13 11:10:28,086] {logging_mixin.py:115} INFO - cm27JUL2022bhav.csv.zip
[2022-08-13 11:10:28,088] {logging_mixin.py:115} INFO - cm28JUL2022bhav.csv.zip
[2022-08-13 11:10:28,091] {logging_mixin.py:115} INFO - cm29JUL2022bhav.csv.zip
[2022-08-13 11:10:28,093] {logging_mixin.py:115} INFO - cm01AUG2022bhav.csv.zip
[2022-08-13 11:10:28,097] {logging_mixin.py:115} INFO - cm02AUG2022bhav.csv.zip
[2022-08-13 11:10:28,101] {logging_mixin.py:115} INFO - cm03AUG2022bhav.csv.zip
[2022-08-13 11:10:28,103] {logging_mixin.py:115} INFO - cm04AUG2022bhav.csv.zip
[2022-08-13 11:10:28,105] {logging_mixin.py:115} INFO - cm05AUG2022bhav.csv.zip
[2022-08-13 11:10:28,110] {logging_mixin.py:115} INFO - cm08AUG2022bhav.csv.zip
[2022-08-13 11:10:28,114] {logging_mixin.py:115} INFO - cm10AUG2022bhav.csv.zip
[2022-08-13 11:10:28,121] {logging_mixin.py:115} INFO - cm11AUG2022bhav.csv.zip
[2022-08-13 11:10:28,125] {logging_mixin.py:115} INFO - cm12AUG2022bhav.csv.zip
[2022-08-13 11:10:28,129] {python.py:173} INFO - Done. Returned value was: None
[2022-08-13 11:10:28,136] {taskinstance.py:1395} INFO - Marking task as SUCCESS. dag_id=nse_daily_data_load, task_id=nse_download_files, execution_date=20220812T133700, start_date=20220813T151014, end_date=20220813T151028
[2022-08-13 11:10:28,189] {local_task_job.py:156} INFO - Task exited with return code 0
[2022-08-13 11:10:28,235] {local_task_job.py:273} INFO - 1 downstream tasks scheduled from follow-on schedule check
