[2022-09-02 09:31:43,575] {taskinstance.py:1159} INFO - Dependencies all met for <TaskInstance: nse_daily_data_load.nse_download_files scheduled__2022-08-31T13:37:00+00:00 [queued]>
[2022-09-02 09:31:43,583] {taskinstance.py:1159} INFO - Dependencies all met for <TaskInstance: nse_daily_data_load.nse_download_files scheduled__2022-08-31T13:37:00+00:00 [queued]>
[2022-09-02 09:31:43,583] {taskinstance.py:1356} INFO - 
--------------------------------------------------------------------------------
[2022-09-02 09:31:43,583] {taskinstance.py:1357} INFO - Starting attempt 1 of 1
[2022-09-02 09:31:43,583] {taskinstance.py:1358} INFO - 
--------------------------------------------------------------------------------
[2022-09-02 09:31:43,621] {taskinstance.py:1377} INFO - Executing <Task(PythonOperator): nse_download_files> on 2022-08-31 13:37:00+00:00
[2022-09-02 09:31:43,627] {standard_task_runner.py:52} INFO - Started process 99001 to run task
[2022-09-02 09:31:43,635] {standard_task_runner.py:79} INFO - Running: ['airflow', 'tasks', 'run', 'nse_daily_data_load', 'nse_download_files', 'scheduled__2022-08-31T13:37:00+00:00', '--job-id', '449', '--raw', '--subdir', 'DAGS_FOLDER/nse_daily_load_stg.py', '--cfg-path', '/tmp/tmpe8dqjtrq', '--error-file', '/tmp/tmp1qshg3ew']
[2022-09-02 09:31:43,636] {standard_task_runner.py:80} INFO - Job 449: Subtask nse_download_files
[2022-09-02 09:31:44,292] {task_command.py:369} INFO - Running <TaskInstance: nse_daily_data_load.nse_download_files scheduled__2022-08-31T13:37:00+00:00 [running]> on host osboxes
[2022-09-02 09:31:46,308] {taskinstance.py:1569} INFO - Exporting the following env vars:
AIRFLOW_CTX_DAG_OWNER=Airflow
AIRFLOW_CTX_DAG_ID=nse_daily_data_load
AIRFLOW_CTX_TASK_ID=nse_download_files
AIRFLOW_CTX_EXECUTION_DATE=2022-08-31T13:37:00+00:00
AIRFLOW_CTX_TRY_NUMBER=1
AIRFLOW_CTX_DAG_RUN_ID=scheduled__2022-08-31T13:37:00+00:00
[2022-09-02 09:31:46,382] {logging_mixin.py:115} INFO - 
cm25AUG2022bhav
[2022-09-02 09:31:46,545] {logging_mixin.py:115} INFO - enter try in loop
[2022-09-02 09:31:46,545] {logging_mixin.py:115} INFO - https://www1.nseindia.com/content/historical/EQUITIES/2022/AUG/cm25AUG2022bhav.csv.zip
[2022-09-02 09:31:46,928] {logging_mixin.py:115} INFO - https://www1.nseindia.com/content/historical/EQUITIES/2022/AUG/cm25AUG2022bhav.csv.zip
[2022-09-02 09:31:46,928] {logging_mixin.py:115} INFO - 
cm26AUG2022bhav
[2022-09-02 09:31:46,928] {logging_mixin.py:115} INFO - enter try in loop
[2022-09-02 09:31:46,928] {logging_mixin.py:115} INFO - https://www1.nseindia.com/content/historical/EQUITIES/2022/AUG/cm26AUG2022bhav.csv.zip
[2022-09-02 09:31:47,084] {logging_mixin.py:115} INFO - https://www1.nseindia.com/content/historical/EQUITIES/2022/AUG/cm26AUG2022bhav.csv.zip
[2022-09-02 09:31:47,084] {logging_mixin.py:115} INFO - 
cm27AUG2022bhav
[2022-09-02 09:31:47,084] {logging_mixin.py:115} INFO - enter try in loop
[2022-09-02 09:31:47,084] {logging_mixin.py:115} INFO - https://www1.nseindia.com/content/historical/EQUITIES/2022/AUG/cm27AUG2022bhav.csv.zip
[2022-09-02 09:31:47,227] {logging_mixin.py:115} INFO - issue occured
[2022-09-02 09:31:47,229] {logging_mixin.py:115} INFO - 
cm28AUG2022bhav
[2022-09-02 09:31:47,229] {logging_mixin.py:115} INFO - enter try in loop
[2022-09-02 09:31:47,230] {logging_mixin.py:115} INFO - https://www1.nseindia.com/content/historical/EQUITIES/2022/AUG/cm28AUG2022bhav.csv.zip
[2022-09-02 09:31:47,325] {logging_mixin.py:115} INFO - issue occured
[2022-09-02 09:31:47,326] {logging_mixin.py:115} INFO - 
cm29AUG2022bhav
[2022-09-02 09:31:47,333] {logging_mixin.py:115} INFO - enter try in loop
[2022-09-02 09:31:47,333] {logging_mixin.py:115} INFO - https://www1.nseindia.com/content/historical/EQUITIES/2022/AUG/cm29AUG2022bhav.csv.zip
[2022-09-02 09:31:47,584] {logging_mixin.py:115} INFO - https://www1.nseindia.com/content/historical/EQUITIES/2022/AUG/cm29AUG2022bhav.csv.zip
[2022-09-02 09:31:47,584] {logging_mixin.py:115} INFO - 
cm30AUG2022bhav
[2022-09-02 09:31:47,584] {logging_mixin.py:115} INFO - enter try in loop
[2022-09-02 09:31:47,584] {logging_mixin.py:115} INFO - https://www1.nseindia.com/content/historical/EQUITIES/2022/AUG/cm30AUG2022bhav.csv.zip
[2022-09-02 09:31:47,863] {logging_mixin.py:115} INFO - https://www1.nseindia.com/content/historical/EQUITIES/2022/AUG/cm30AUG2022bhav.csv.zip
[2022-09-02 09:31:47,864] {logging_mixin.py:115} INFO - 
cm01SEP2022bhav
[2022-09-02 09:31:47,864] {logging_mixin.py:115} INFO - enter try in loop
[2022-09-02 09:31:47,864] {logging_mixin.py:115} INFO - https://www1.nseindia.com/content/historical/EQUITIES/2022/SEP/cm01SEP2022bhav.csv.zip
[2022-09-02 09:31:48,081] {logging_mixin.py:115} INFO - https://www1.nseindia.com/content/historical/EQUITIES/2022/SEP/cm01SEP2022bhav.csv.zip
[2022-09-02 09:31:48,082] {logging_mixin.py:115} INFO - 
cm02SEP2022bhav
[2022-09-02 09:31:48,082] {logging_mixin.py:115} INFO - enter try in loop
[2022-09-02 09:31:48,082] {logging_mixin.py:115} INFO - https://www1.nseindia.com/content/historical/EQUITIES/2022/SEP/cm02SEP2022bhav.csv.zip
[2022-09-02 09:31:48,289] {logging_mixin.py:115} INFO - https://www1.nseindia.com/content/historical/EQUITIES/2022/SEP/cm02SEP2022bhav.csv.zip
[2022-09-02 09:31:48,289] {logging_mixin.py:115} INFO - ['cm25AUG2022bhav.csv.zip', 'cm26AUG2022bhav.csv.zip', 'cm29AUG2022bhav.csv.zip', 'cm30AUG2022bhav.csv.zip', 'cm01SEP2022bhav.csv.zip', 'cm02SEP2022bhav.csv.zip']
[2022-09-02 09:31:48,289] {logging_mixin.py:115} INFO - cm25AUG2022bhav.csv.zip
[2022-09-02 09:31:48,337] {logging_mixin.py:115} INFO - cm26AUG2022bhav.csv.zip
[2022-09-02 09:31:48,359] {logging_mixin.py:115} INFO - cm29AUG2022bhav.csv.zip
[2022-09-02 09:31:48,362] {logging_mixin.py:115} INFO - cm30AUG2022bhav.csv.zip
[2022-09-02 09:31:48,406] {logging_mixin.py:115} INFO - cm01SEP2022bhav.csv.zip
[2022-09-02 09:31:48,417] {logging_mixin.py:115} INFO - cm02SEP2022bhav.csv.zip
[2022-09-02 09:31:48,429] {python.py:173} INFO - Done. Returned value was: None
[2022-09-02 09:31:48,459] {taskinstance.py:1395} INFO - Marking task as SUCCESS. dag_id=nse_daily_data_load, task_id=nse_download_files, execution_date=20220831T133700, start_date=20220902T133143, end_date=20220902T133148
[2022-09-02 09:31:48,550] {local_task_job.py:156} INFO - Task exited with return code 0
[2022-09-02 09:31:48,644] {local_task_job.py:273} INFO - 1 downstream tasks scheduled from follow-on schedule check
