[2022-08-07 14:55:18,153] {taskinstance.py:1159} INFO - Dependencies all met for <TaskInstance: nse_daily_data_load.nse_download_files scheduled__2022-08-06T13:37:00+00:00 [queued]>
[2022-08-07 14:55:18,159] {taskinstance.py:1159} INFO - Dependencies all met for <TaskInstance: nse_daily_data_load.nse_download_files scheduled__2022-08-06T13:37:00+00:00 [queued]>
[2022-08-07 14:55:18,159] {taskinstance.py:1356} INFO - 
--------------------------------------------------------------------------------
[2022-08-07 14:55:18,159] {taskinstance.py:1357} INFO - Starting attempt 1 of 1
[2022-08-07 14:55:18,159] {taskinstance.py:1358} INFO - 
--------------------------------------------------------------------------------
[2022-08-07 14:55:18,216] {taskinstance.py:1377} INFO - Executing <Task(PythonOperator): nse_download_files> on 2022-08-06 13:37:00+00:00
[2022-08-07 14:55:18,219] {standard_task_runner.py:52} INFO - Started process 344404 to run task
[2022-08-07 14:55:18,228] {standard_task_runner.py:79} INFO - Running: ['airflow', 'tasks', 'run', 'nse_daily_data_load', 'nse_download_files', 'scheduled__2022-08-06T13:37:00+00:00', '--job-id', '192', '--raw', '--subdir', 'DAGS_FOLDER/nse_daily_load_stg.py', '--cfg-path', '/tmp/tmpxm1b4e3n', '--error-file', '/tmp/tmp8uz2frlg']
[2022-08-07 14:55:18,229] {standard_task_runner.py:80} INFO - Job 192: Subtask nse_download_files
[2022-08-07 14:55:18,418] {task_command.py:369} INFO - Running <TaskInstance: nse_daily_data_load.nse_download_files scheduled__2022-08-06T13:37:00+00:00 [running]> on host osboxes
[2022-08-07 14:55:18,747] {taskinstance.py:1569} INFO - Exporting the following env vars:
AIRFLOW_CTX_DAG_OWNER=Airflow
AIRFLOW_CTX_DAG_ID=nse_daily_data_load
AIRFLOW_CTX_TASK_ID=nse_download_files
AIRFLOW_CTX_EXECUTION_DATE=2022-08-06T13:37:00+00:00
AIRFLOW_CTX_TRY_NUMBER=1
AIRFLOW_CTX_DAG_RUN_ID=scheduled__2022-08-06T13:37:00+00:00
[2022-08-07 14:55:18,748] {logging_mixin.py:115} INFO - 
cm25JUL2022bhav
[2022-08-07 14:55:18,748] {logging_mixin.py:115} INFO - enter try in loop
[2022-08-07 14:55:18,748] {logging_mixin.py:115} INFO - https://www1.nseindia.com/content/historical/EQUITIES/2022/JUL/cm25JUL2022bhav.csv.zip
[2022-08-07 14:55:21,340] {logging_mixin.py:115} INFO - https://www1.nseindia.com/content/historical/EQUITIES/2022/JUL/cm25JUL2022bhav.csv.zip
[2022-08-07 14:55:21,340] {logging_mixin.py:115} INFO - 
cm26JUL2022bhav
[2022-08-07 14:55:21,340] {logging_mixin.py:115} INFO - enter try in loop
[2022-08-07 14:55:21,340] {logging_mixin.py:115} INFO - https://www1.nseindia.com/content/historical/EQUITIES/2022/JUL/cm26JUL2022bhav.csv.zip
[2022-08-07 14:55:22,076] {logging_mixin.py:115} INFO - https://www1.nseindia.com/content/historical/EQUITIES/2022/JUL/cm26JUL2022bhav.csv.zip
[2022-08-07 14:55:22,077] {logging_mixin.py:115} INFO - 
cm27JUL2022bhav
[2022-08-07 14:55:22,077] {logging_mixin.py:115} INFO - enter try in loop
[2022-08-07 14:55:22,077] {logging_mixin.py:115} INFO - https://www1.nseindia.com/content/historical/EQUITIES/2022/JUL/cm27JUL2022bhav.csv.zip
[2022-08-07 14:55:22,924] {logging_mixin.py:115} INFO - https://www1.nseindia.com/content/historical/EQUITIES/2022/JUL/cm27JUL2022bhav.csv.zip
[2022-08-07 14:55:22,924] {logging_mixin.py:115} INFO - 
cm28JUL2022bhav
[2022-08-07 14:55:22,924] {logging_mixin.py:115} INFO - enter try in loop
[2022-08-07 14:55:22,924] {logging_mixin.py:115} INFO - https://www1.nseindia.com/content/historical/EQUITIES/2022/JUL/cm28JUL2022bhav.csv.zip
[2022-08-07 14:55:23,930] {logging_mixin.py:115} INFO - https://www1.nseindia.com/content/historical/EQUITIES/2022/JUL/cm28JUL2022bhav.csv.zip
[2022-08-07 14:55:23,933] {logging_mixin.py:115} INFO - 
cm29JUL2022bhav
[2022-08-07 14:55:23,933] {logging_mixin.py:115} INFO - enter try in loop
[2022-08-07 14:55:23,933] {logging_mixin.py:115} INFO - https://www1.nseindia.com/content/historical/EQUITIES/2022/JUL/cm29JUL2022bhav.csv.zip
[2022-08-07 14:55:24,842] {logging_mixin.py:115} INFO - https://www1.nseindia.com/content/historical/EQUITIES/2022/JUL/cm29JUL2022bhav.csv.zip
[2022-08-07 14:55:24,883] {logging_mixin.py:115} INFO - 
cm30JUL2022bhav
[2022-08-07 14:55:24,883] {logging_mixin.py:115} INFO - enter try in loop
[2022-08-07 14:55:24,883] {logging_mixin.py:115} INFO - https://www1.nseindia.com/content/historical/EQUITIES/2022/JUL/cm30JUL2022bhav.csv.zip
[2022-08-07 14:55:25,661] {logging_mixin.py:115} INFO - issue occured
[2022-08-07 14:55:25,661] {logging_mixin.py:115} INFO - 
cm01AUG2022bhav
[2022-08-07 14:55:25,662] {logging_mixin.py:115} INFO - enter try in loop
[2022-08-07 14:55:25,662] {logging_mixin.py:115} INFO - https://www1.nseindia.com/content/historical/EQUITIES/2022/AUG/cm01AUG2022bhav.csv.zip
[2022-08-07 14:55:27,228] {logging_mixin.py:115} INFO - https://www1.nseindia.com/content/historical/EQUITIES/2022/AUG/cm01AUG2022bhav.csv.zip
[2022-08-07 14:55:27,228] {logging_mixin.py:115} INFO - 
cm02AUG2022bhav
[2022-08-07 14:55:27,228] {logging_mixin.py:115} INFO - enter try in loop
[2022-08-07 14:55:27,228] {logging_mixin.py:115} INFO - https://www1.nseindia.com/content/historical/EQUITIES/2022/AUG/cm02AUG2022bhav.csv.zip
[2022-08-07 14:55:27,938] {logging_mixin.py:115} INFO - https://www1.nseindia.com/content/historical/EQUITIES/2022/AUG/cm02AUG2022bhav.csv.zip
[2022-08-07 14:55:27,938] {logging_mixin.py:115} INFO - 
cm03AUG2022bhav
[2022-08-07 14:55:27,938] {logging_mixin.py:115} INFO - enter try in loop
[2022-08-07 14:55:27,938] {logging_mixin.py:115} INFO - https://www1.nseindia.com/content/historical/EQUITIES/2022/AUG/cm03AUG2022bhav.csv.zip
[2022-08-07 14:55:28,649] {logging_mixin.py:115} INFO - https://www1.nseindia.com/content/historical/EQUITIES/2022/AUG/cm03AUG2022bhav.csv.zip
[2022-08-07 14:55:28,649] {logging_mixin.py:115} INFO - 
cm04AUG2022bhav
[2022-08-07 14:55:28,650] {logging_mixin.py:115} INFO - enter try in loop
[2022-08-07 14:55:28,650] {logging_mixin.py:115} INFO - https://www1.nseindia.com/content/historical/EQUITIES/2022/AUG/cm04AUG2022bhav.csv.zip
[2022-08-07 14:55:29,241] {logging_mixin.py:115} INFO - https://www1.nseindia.com/content/historical/EQUITIES/2022/AUG/cm04AUG2022bhav.csv.zip
[2022-08-07 14:55:29,242] {logging_mixin.py:115} INFO - 
cm05AUG2022bhav
[2022-08-07 14:55:29,242] {logging_mixin.py:115} INFO - enter try in loop
[2022-08-07 14:55:29,242] {logging_mixin.py:115} INFO - https://www1.nseindia.com/content/historical/EQUITIES/2022/AUG/cm05AUG2022bhav.csv.zip
[2022-08-07 14:55:29,946] {logging_mixin.py:115} INFO - https://www1.nseindia.com/content/historical/EQUITIES/2022/AUG/cm05AUG2022bhav.csv.zip
[2022-08-07 14:55:29,946] {logging_mixin.py:115} INFO - 
cm06AUG2022bhav
[2022-08-07 14:55:29,947] {logging_mixin.py:115} INFO - enter try in loop
[2022-08-07 14:55:29,947] {logging_mixin.py:115} INFO - https://www1.nseindia.com/content/historical/EQUITIES/2022/AUG/cm06AUG2022bhav.csv.zip
[2022-08-07 14:55:30,511] {logging_mixin.py:115} INFO - issue occured
[2022-08-07 14:55:30,512] {logging_mixin.py:115} INFO - 
cm07AUG2022bhav
[2022-08-07 14:55:30,512] {logging_mixin.py:115} INFO - enter try in loop
[2022-08-07 14:55:30,512] {logging_mixin.py:115} INFO - https://www1.nseindia.com/content/historical/EQUITIES/2022/AUG/cm07AUG2022bhav.csv.zip
[2022-08-07 14:55:31,491] {logging_mixin.py:115} INFO - issue occured
[2022-08-07 14:55:31,508] {logging_mixin.py:115} INFO - ['cm25JUL2022bhav.csv.zip', 'cm26JUL2022bhav.csv.zip', 'cm27JUL2022bhav.csv.zip', 'cm28JUL2022bhav.csv.zip', 'cm29JUL2022bhav.csv.zip', 'cm01AUG2022bhav.csv.zip', 'cm02AUG2022bhav.csv.zip', 'cm03AUG2022bhav.csv.zip', 'cm04AUG2022bhav.csv.zip', 'cm05AUG2022bhav.csv.zip']
[2022-08-07 14:55:31,509] {logging_mixin.py:115} INFO - cm25JUL2022bhav.csv.zip
[2022-08-07 14:55:31,575] {logging_mixin.py:115} INFO - cm26JUL2022bhav.csv.zip
[2022-08-07 14:55:31,692] {logging_mixin.py:115} INFO - cm27JUL2022bhav.csv.zip
[2022-08-07 14:55:31,765] {logging_mixin.py:115} INFO - cm28JUL2022bhav.csv.zip
[2022-08-07 14:55:31,818] {logging_mixin.py:115} INFO - cm29JUL2022bhav.csv.zip
[2022-08-07 14:55:31,890] {logging_mixin.py:115} INFO - cm01AUG2022bhav.csv.zip
[2022-08-07 14:55:31,950] {logging_mixin.py:115} INFO - cm02AUG2022bhav.csv.zip
[2022-08-07 14:55:31,990] {logging_mixin.py:115} INFO - cm03AUG2022bhav.csv.zip
[2022-08-07 14:55:32,131] {logging_mixin.py:115} INFO - cm04AUG2022bhav.csv.zip
[2022-08-07 14:55:32,190] {logging_mixin.py:115} INFO - cm05AUG2022bhav.csv.zip
[2022-08-07 14:55:32,221] {python.py:173} INFO - Done. Returned value was: None
[2022-08-07 14:55:32,226] {taskinstance.py:1395} INFO - Marking task as SUCCESS. dag_id=nse_daily_data_load, task_id=nse_download_files, execution_date=20220806T133700, start_date=20220807T185518, end_date=20220807T185532
[2022-08-07 14:55:32,516] {local_task_job.py:156} INFO - Task exited with return code 0
[2022-08-07 14:55:32,881] {local_task_job.py:273} INFO - 1 downstream tasks scheduled from follow-on schedule check
