[2022-08-17 00:31:08,328] {taskinstance.py:1159} INFO - Dependencies all met for <TaskInstance: nse_daily_data_load.nse_download_files scheduled__2022-08-13T13:37:00+00:00 [queued]>
[2022-08-17 00:31:08,345] {taskinstance.py:1159} INFO - Dependencies all met for <TaskInstance: nse_daily_data_load.nse_download_files scheduled__2022-08-13T13:37:00+00:00 [queued]>
[2022-08-17 00:31:08,345] {taskinstance.py:1356} INFO - 
--------------------------------------------------------------------------------
[2022-08-17 00:31:08,345] {taskinstance.py:1357} INFO - Starting attempt 1 of 1
[2022-08-17 00:31:08,345] {taskinstance.py:1358} INFO - 
--------------------------------------------------------------------------------
[2022-08-17 00:31:08,389] {taskinstance.py:1377} INFO - Executing <Task(PythonOperator): nse_download_files> on 2022-08-13 13:37:00+00:00
[2022-08-17 00:31:08,395] {standard_task_runner.py:52} INFO - Started process 8730 to run task
[2022-08-17 00:31:08,410] {standard_task_runner.py:79} INFO - Running: ['airflow', 'tasks', 'run', 'nse_daily_data_load', 'nse_download_files', 'scheduled__2022-08-13T13:37:00+00:00', '--job-id', '303', '--raw', '--subdir', 'DAGS_FOLDER/nse_daily_load_stg.py', '--cfg-path', '/tmp/tmpqixu882w', '--error-file', '/tmp/tmph44v3aua']
[2022-08-17 00:31:08,412] {standard_task_runner.py:80} INFO - Job 303: Subtask nse_download_files
[2022-08-17 00:31:08,637] {task_command.py:369} INFO - Running <TaskInstance: nse_daily_data_load.nse_download_files scheduled__2022-08-13T13:37:00+00:00 [running]> on host osboxes
[2022-08-17 00:31:08,810] {taskinstance.py:1569} INFO - Exporting the following env vars:
AIRFLOW_CTX_DAG_OWNER=Airflow
AIRFLOW_CTX_DAG_ID=nse_daily_data_load
AIRFLOW_CTX_TASK_ID=nse_download_files
AIRFLOW_CTX_EXECUTION_DATE=2022-08-13T13:37:00+00:00
AIRFLOW_CTX_TRY_NUMBER=1
AIRFLOW_CTX_DAG_RUN_ID=scheduled__2022-08-13T13:37:00+00:00
[2022-08-17 00:31:08,819] {logging_mixin.py:115} INFO - 
cm25JUL2022bhav
[2022-08-17 00:31:08,819] {logging_mixin.py:115} INFO - enter try in loop
[2022-08-17 00:31:08,823] {logging_mixin.py:115} INFO - https://www1.nseindia.com/content/historical/EQUITIES/2022/JUL/cm25JUL2022bhav.csv.zip
[2022-08-17 00:31:09,739] {logging_mixin.py:115} INFO - https://www1.nseindia.com/content/historical/EQUITIES/2022/JUL/cm25JUL2022bhav.csv.zip
[2022-08-17 00:31:09,739] {logging_mixin.py:115} INFO - 
cm26JUL2022bhav
[2022-08-17 00:31:09,739] {logging_mixin.py:115} INFO - enter try in loop
[2022-08-17 00:31:09,739] {logging_mixin.py:115} INFO - https://www1.nseindia.com/content/historical/EQUITIES/2022/JUL/cm26JUL2022bhav.csv.zip
[2022-08-17 00:31:10,557] {logging_mixin.py:115} INFO - https://www1.nseindia.com/content/historical/EQUITIES/2022/JUL/cm26JUL2022bhav.csv.zip
[2022-08-17 00:31:10,564] {logging_mixin.py:115} INFO - 
cm27JUL2022bhav
[2022-08-17 00:31:10,564] {logging_mixin.py:115} INFO - enter try in loop
[2022-08-17 00:31:10,564] {logging_mixin.py:115} INFO - https://www1.nseindia.com/content/historical/EQUITIES/2022/JUL/cm27JUL2022bhav.csv.zip
[2022-08-17 00:31:11,217] {logging_mixin.py:115} INFO - https://www1.nseindia.com/content/historical/EQUITIES/2022/JUL/cm27JUL2022bhav.csv.zip
[2022-08-17 00:31:11,217] {logging_mixin.py:115} INFO - 
cm28JUL2022bhav
[2022-08-17 00:31:11,217] {logging_mixin.py:115} INFO - enter try in loop
[2022-08-17 00:31:11,217] {logging_mixin.py:115} INFO - https://www1.nseindia.com/content/historical/EQUITIES/2022/JUL/cm28JUL2022bhav.csv.zip
[2022-08-17 00:31:11,819] {logging_mixin.py:115} INFO - https://www1.nseindia.com/content/historical/EQUITIES/2022/JUL/cm28JUL2022bhav.csv.zip
[2022-08-17 00:31:11,819] {logging_mixin.py:115} INFO - 
cm29JUL2022bhav
[2022-08-17 00:31:11,820] {logging_mixin.py:115} INFO - enter try in loop
[2022-08-17 00:31:11,820] {logging_mixin.py:115} INFO - https://www1.nseindia.com/content/historical/EQUITIES/2022/JUL/cm29JUL2022bhav.csv.zip
[2022-08-17 00:31:12,479] {logging_mixin.py:115} INFO - https://www1.nseindia.com/content/historical/EQUITIES/2022/JUL/cm29JUL2022bhav.csv.zip
[2022-08-17 00:31:12,480] {logging_mixin.py:115} INFO - 
cm30JUL2022bhav
[2022-08-17 00:31:12,480] {logging_mixin.py:115} INFO - enter try in loop
[2022-08-17 00:31:12,480] {logging_mixin.py:115} INFO - https://www1.nseindia.com/content/historical/EQUITIES/2022/JUL/cm30JUL2022bhav.csv.zip
[2022-08-17 00:31:13,142] {logging_mixin.py:115} INFO - issue occured
[2022-08-17 00:31:13,176] {logging_mixin.py:115} INFO - 
cm01AUG2022bhav
[2022-08-17 00:31:13,176] {logging_mixin.py:115} INFO - enter try in loop
[2022-08-17 00:31:13,176] {logging_mixin.py:115} INFO - https://www1.nseindia.com/content/historical/EQUITIES/2022/AUG/cm01AUG2022bhav.csv.zip
[2022-08-17 00:31:14,085] {logging_mixin.py:115} INFO - https://www1.nseindia.com/content/historical/EQUITIES/2022/AUG/cm01AUG2022bhav.csv.zip
[2022-08-17 00:31:14,085] {logging_mixin.py:115} INFO - 
cm02AUG2022bhav
[2022-08-17 00:31:14,085] {logging_mixin.py:115} INFO - enter try in loop
[2022-08-17 00:31:14,086] {logging_mixin.py:115} INFO - https://www1.nseindia.com/content/historical/EQUITIES/2022/AUG/cm02AUG2022bhav.csv.zip
[2022-08-17 00:31:14,935] {logging_mixin.py:115} INFO - https://www1.nseindia.com/content/historical/EQUITIES/2022/AUG/cm02AUG2022bhav.csv.zip
[2022-08-17 00:31:14,935] {logging_mixin.py:115} INFO - 
cm03AUG2022bhav
[2022-08-17 00:31:14,935] {logging_mixin.py:115} INFO - enter try in loop
[2022-08-17 00:31:14,936] {logging_mixin.py:115} INFO - https://www1.nseindia.com/content/historical/EQUITIES/2022/AUG/cm03AUG2022bhav.csv.zip
[2022-08-17 00:31:15,569] {logging_mixin.py:115} INFO - https://www1.nseindia.com/content/historical/EQUITIES/2022/AUG/cm03AUG2022bhav.csv.zip
[2022-08-17 00:31:15,570] {logging_mixin.py:115} INFO - 
cm04AUG2022bhav
[2022-08-17 00:31:15,570] {logging_mixin.py:115} INFO - enter try in loop
[2022-08-17 00:31:15,570] {logging_mixin.py:115} INFO - https://www1.nseindia.com/content/historical/EQUITIES/2022/AUG/cm04AUG2022bhav.csv.zip
[2022-08-17 00:31:16,322] {logging_mixin.py:115} INFO - https://www1.nseindia.com/content/historical/EQUITIES/2022/AUG/cm04AUG2022bhav.csv.zip
[2022-08-17 00:31:16,327] {logging_mixin.py:115} INFO - 
cm05AUG2022bhav
[2022-08-17 00:31:16,327] {logging_mixin.py:115} INFO - enter try in loop
[2022-08-17 00:31:16,345] {logging_mixin.py:115} INFO - https://www1.nseindia.com/content/historical/EQUITIES/2022/AUG/cm05AUG2022bhav.csv.zip
[2022-08-17 00:31:17,059] {logging_mixin.py:115} INFO - https://www1.nseindia.com/content/historical/EQUITIES/2022/AUG/cm05AUG2022bhav.csv.zip
[2022-08-17 00:31:17,061] {logging_mixin.py:115} INFO - 
cm06AUG2022bhav
[2022-08-17 00:31:17,061] {logging_mixin.py:115} INFO - enter try in loop
[2022-08-17 00:31:17,061] {logging_mixin.py:115} INFO - https://www1.nseindia.com/content/historical/EQUITIES/2022/AUG/cm06AUG2022bhav.csv.zip
[2022-08-17 00:31:17,620] {logging_mixin.py:115} INFO - issue occured
[2022-08-17 00:31:17,621] {logging_mixin.py:115} INFO - 
cm07AUG2022bhav
[2022-08-17 00:31:17,621] {logging_mixin.py:115} INFO - enter try in loop
[2022-08-17 00:31:17,621] {logging_mixin.py:115} INFO - https://www1.nseindia.com/content/historical/EQUITIES/2022/AUG/cm07AUG2022bhav.csv.zip
[2022-08-17 00:31:18,243] {logging_mixin.py:115} INFO - issue occured
[2022-08-17 00:31:18,247] {logging_mixin.py:115} INFO - 
cm08AUG2022bhav
[2022-08-17 00:31:18,247] {logging_mixin.py:115} INFO - enter try in loop
[2022-08-17 00:31:18,247] {logging_mixin.py:115} INFO - https://www1.nseindia.com/content/historical/EQUITIES/2022/AUG/cm08AUG2022bhav.csv.zip
[2022-08-17 00:31:19,061] {logging_mixin.py:115} INFO - https://www1.nseindia.com/content/historical/EQUITIES/2022/AUG/cm08AUG2022bhav.csv.zip
[2022-08-17 00:31:19,074] {logging_mixin.py:115} INFO - 
cm09AUG2022bhav
[2022-08-17 00:31:19,074] {logging_mixin.py:115} INFO - enter try in loop
[2022-08-17 00:31:19,079] {logging_mixin.py:115} INFO - https://www1.nseindia.com/content/historical/EQUITIES/2022/AUG/cm09AUG2022bhav.csv.zip
[2022-08-17 00:31:19,834] {logging_mixin.py:115} INFO - issue occured
[2022-08-17 00:31:19,837] {logging_mixin.py:115} INFO - 
cm10AUG2022bhav
[2022-08-17 00:31:19,842] {logging_mixin.py:115} INFO - enter try in loop
[2022-08-17 00:31:19,843] {logging_mixin.py:115} INFO - https://www1.nseindia.com/content/historical/EQUITIES/2022/AUG/cm10AUG2022bhav.csv.zip
[2022-08-17 00:31:20,483] {logging_mixin.py:115} INFO - https://www1.nseindia.com/content/historical/EQUITIES/2022/AUG/cm10AUG2022bhav.csv.zip
[2022-08-17 00:31:20,483] {logging_mixin.py:115} INFO - 
cm11AUG2022bhav
[2022-08-17 00:31:20,484] {logging_mixin.py:115} INFO - enter try in loop
[2022-08-17 00:31:20,484] {logging_mixin.py:115} INFO - https://www1.nseindia.com/content/historical/EQUITIES/2022/AUG/cm11AUG2022bhav.csv.zip
[2022-08-17 00:31:21,143] {logging_mixin.py:115} INFO - https://www1.nseindia.com/content/historical/EQUITIES/2022/AUG/cm11AUG2022bhav.csv.zip
[2022-08-17 00:31:21,144] {logging_mixin.py:115} INFO - 
cm12AUG2022bhav
[2022-08-17 00:31:21,144] {logging_mixin.py:115} INFO - enter try in loop
[2022-08-17 00:31:21,148] {logging_mixin.py:115} INFO - https://www1.nseindia.com/content/historical/EQUITIES/2022/AUG/cm12AUG2022bhav.csv.zip
[2022-08-17 00:31:21,857] {logging_mixin.py:115} INFO - https://www1.nseindia.com/content/historical/EQUITIES/2022/AUG/cm12AUG2022bhav.csv.zip
[2022-08-17 00:31:21,857] {logging_mixin.py:115} INFO - 
cm13AUG2022bhav
[2022-08-17 00:31:21,857] {logging_mixin.py:115} INFO - enter try in loop
[2022-08-17 00:31:21,857] {logging_mixin.py:115} INFO - https://www1.nseindia.com/content/historical/EQUITIES/2022/AUG/cm13AUG2022bhav.csv.zip
[2022-08-17 00:31:22,536] {logging_mixin.py:115} INFO - issue occured
[2022-08-17 00:31:22,539] {logging_mixin.py:115} INFO - 
cm14AUG2022bhav
[2022-08-17 00:31:22,539] {logging_mixin.py:115} INFO - enter try in loop
[2022-08-17 00:31:22,541] {logging_mixin.py:115} INFO - https://www1.nseindia.com/content/historical/EQUITIES/2022/AUG/cm14AUG2022bhav.csv.zip
[2022-08-17 00:31:23,235] {logging_mixin.py:115} INFO - issue occured
[2022-08-17 00:31:23,236] {logging_mixin.py:115} INFO - 
cm15AUG2022bhav
[2022-08-17 00:31:23,237] {logging_mixin.py:115} INFO - enter try in loop
[2022-08-17 00:31:23,237] {logging_mixin.py:115} INFO - https://www1.nseindia.com/content/historical/EQUITIES/2022/AUG/cm15AUG2022bhav.csv.zip
[2022-08-17 00:31:23,904] {logging_mixin.py:115} INFO - issue occured
[2022-08-17 00:31:23,905] {logging_mixin.py:115} INFO - 
cm16AUG2022bhav
[2022-08-17 00:31:23,905] {logging_mixin.py:115} INFO - enter try in loop
[2022-08-17 00:31:23,905] {logging_mixin.py:115} INFO - https://www1.nseindia.com/content/historical/EQUITIES/2022/AUG/cm16AUG2022bhav.csv.zip
[2022-08-17 00:31:24,898] {logging_mixin.py:115} INFO - https://www1.nseindia.com/content/historical/EQUITIES/2022/AUG/cm16AUG2022bhav.csv.zip
[2022-08-17 00:31:24,900] {logging_mixin.py:115} INFO - 
cm17AUG2022bhav
[2022-08-17 00:31:24,901] {logging_mixin.py:115} INFO - enter try in loop
[2022-08-17 00:31:24,932] {logging_mixin.py:115} INFO - https://www1.nseindia.com/content/historical/EQUITIES/2022/AUG/cm17AUG2022bhav.csv.zip
[2022-08-17 00:31:25,532] {logging_mixin.py:115} INFO - issue occured
[2022-08-17 00:31:25,535] {logging_mixin.py:115} INFO - ['cm25JUL2022bhav.csv.zip', 'cm26JUL2022bhav.csv.zip', 'cm27JUL2022bhav.csv.zip', 'cm28JUL2022bhav.csv.zip', 'cm29JUL2022bhav.csv.zip', 'cm01AUG2022bhav.csv.zip', 'cm02AUG2022bhav.csv.zip', 'cm03AUG2022bhav.csv.zip', 'cm04AUG2022bhav.csv.zip', 'cm05AUG2022bhav.csv.zip', 'cm08AUG2022bhav.csv.zip', 'cm10AUG2022bhav.csv.zip', 'cm11AUG2022bhav.csv.zip', 'cm12AUG2022bhav.csv.zip', 'cm16AUG2022bhav.csv.zip']
[2022-08-17 00:31:25,536] {logging_mixin.py:115} INFO - cm25JUL2022bhav.csv.zip
[2022-08-17 00:31:25,586] {logging_mixin.py:115} INFO - cm26JUL2022bhav.csv.zip
[2022-08-17 00:31:25,628] {logging_mixin.py:115} INFO - cm27JUL2022bhav.csv.zip
[2022-08-17 00:31:25,659] {logging_mixin.py:115} INFO - cm28JUL2022bhav.csv.zip
[2022-08-17 00:31:25,682] {logging_mixin.py:115} INFO - cm29JUL2022bhav.csv.zip
[2022-08-17 00:31:25,727] {logging_mixin.py:115} INFO - cm01AUG2022bhav.csv.zip
[2022-08-17 00:31:25,752] {logging_mixin.py:115} INFO - cm02AUG2022bhav.csv.zip
[2022-08-17 00:31:25,785] {logging_mixin.py:115} INFO - cm03AUG2022bhav.csv.zip
[2022-08-17 00:31:25,824] {logging_mixin.py:115} INFO - cm04AUG2022bhav.csv.zip
[2022-08-17 00:31:25,848] {logging_mixin.py:115} INFO - cm05AUG2022bhav.csv.zip
[2022-08-17 00:31:25,908] {logging_mixin.py:115} INFO - cm08AUG2022bhav.csv.zip
[2022-08-17 00:31:25,926] {logging_mixin.py:115} INFO - cm10AUG2022bhav.csv.zip
[2022-08-17 00:31:25,960] {logging_mixin.py:115} INFO - cm11AUG2022bhav.csv.zip
[2022-08-17 00:31:26,021] {logging_mixin.py:115} INFO - cm12AUG2022bhav.csv.zip
[2022-08-17 00:31:26,052] {logging_mixin.py:115} INFO - cm16AUG2022bhav.csv.zip
[2022-08-17 00:31:26,110] {python.py:173} INFO - Done. Returned value was: None
[2022-08-17 00:31:26,536] {taskinstance.py:1395} INFO - Marking task as SUCCESS. dag_id=nse_daily_data_load, task_id=nse_download_files, execution_date=20220813T133700, start_date=20220817T043108, end_date=20220817T043126
[2022-08-17 00:31:26,918] {local_task_job.py:156} INFO - Task exited with return code 0
[2022-08-17 00:31:27,461] {local_task_job.py:273} INFO - 1 downstream tasks scheduled from follow-on schedule check
