[2022-07-31 15:34:11,687] {taskinstance.py:1159} INFO - Dependencies all met for <TaskInstance: nse_daily_data_load.load_ftp_namedstage manual__2022-07-31T19:33:29.725948+00:00 [queued]>
[2022-07-31 15:34:11,698] {taskinstance.py:1159} INFO - Dependencies all met for <TaskInstance: nse_daily_data_load.load_ftp_namedstage manual__2022-07-31T19:33:29.725948+00:00 [queued]>
[2022-07-31 15:34:11,698] {taskinstance.py:1356} INFO - 
--------------------------------------------------------------------------------
[2022-07-31 15:34:11,698] {taskinstance.py:1357} INFO - Starting attempt 1 of 1
[2022-07-31 15:34:11,698] {taskinstance.py:1358} INFO - 
--------------------------------------------------------------------------------
[2022-07-31 15:34:11,731] {taskinstance.py:1377} INFO - Executing <Task(PythonOperator): load_ftp_namedstage> on 2022-07-31 19:33:29.725948+00:00
[2022-07-31 15:34:11,735] {standard_task_runner.py:52} INFO - Started process 858056 to run task
[2022-07-31 15:34:11,740] {standard_task_runner.py:79} INFO - Running: ['airflow', 'tasks', 'run', 'nse_daily_data_load', 'load_ftp_namedstage', 'manual__2022-07-31T19:33:29.725948+00:00', '--job-id', '137', '--raw', '--subdir', 'DAGS_FOLDER/nse_daily_load_stg.py', '--cfg-path', '/tmp/tmpjg3m_hod', '--error-file', '/tmp/tmp8fxz3cmh']
[2022-07-31 15:34:11,741] {standard_task_runner.py:80} INFO - Job 137: Subtask load_ftp_namedstage
[2022-07-31 15:34:11,807] {task_command.py:369} INFO - Running <TaskInstance: nse_daily_data_load.load_ftp_namedstage manual__2022-07-31T19:33:29.725948+00:00 [running]> on host osboxes
[2022-07-31 15:34:11,970] {taskinstance.py:1569} INFO - Exporting the following env vars:
AIRFLOW_CTX_DAG_OWNER=Airflow
AIRFLOW_CTX_DAG_ID=nse_daily_data_load
AIRFLOW_CTX_TASK_ID=load_ftp_namedstage
AIRFLOW_CTX_EXECUTION_DATE=2022-07-31T19:33:29.725948+00:00
AIRFLOW_CTX_TRY_NUMBER=1
AIRFLOW_CTX_DAG_RUN_ID=manual__2022-07-31T19:33:29.725948+00:00
[2022-07-31 15:34:11,986] {base.py:68} INFO - Using connection ID 'snowflake_conn_id' for task execution.
[2022-07-31 15:34:12,009] {connection.py:257} INFO - Snowflake Connector for Python Version: 2.7.8, Python Version: 3.8.10, Platform: Linux-5.4.0-74-generic-x86_64-with-glibc2.29
[2022-07-31 15:34:12,022] {connection.py:876} INFO - This connection is in OCSP Fail Open Mode. TLS Certificates would be checked for validity and revocation status. Any other Certificate Revocation related exceptions or OCSP Responder failures would be disregarded in favor of connectivity.
[2022-07-31 15:34:12,022] {connection.py:894} INFO - Setting use_openssl_only mode to False
[2022-07-31 15:34:14,919] {cursor.py:710} INFO - query: [ALTER SESSION SET autocommit=False]
[2022-07-31 15:34:15,018] {cursor.py:734} INFO - query execution done
[2022-07-31 15:34:15,019] {snowflake.py:328} INFO - Running statement: put file:///home/osboxes/Desktop/Files/cm*.csv @EDW_DEV.EDW.NSE_DAILY_STG;, parameters: None
[2022-07-31 15:34:15,019] {cursor.py:710} INFO - query: [put file:///home/osboxes/Desktop/Files/cm*.csv @EDW_DEV.EDW.NSE_DAILY_STG;]
[2022-07-31 15:34:15,134] {cursor.py:734} INFO - query execution done
[2022-07-31 15:34:25,797] {snowflake.py:338} INFO - Statement execution info - {'source': 'cm25JUL2022bhav.csv', 'target': 'cm25JUL2022bhav.csv.gz', 'source_size': 219706, 'target_size': 86512, 'source_compression': 'NONE', 'target_compression': 'GZIP', 'status': 'UPLOADED', 'message': ''}
[2022-07-31 15:34:25,797] {snowflake.py:338} INFO - Statement execution info - {'source': 'cm26JUL2022bhav.csv', 'target': 'cm26JUL2022bhav.csv.gz', 'source_size': 205178, 'target_size': 82128, 'source_compression': 'NONE', 'target_compression': 'GZIP', 'status': 'UPLOADED', 'message': ''}
[2022-07-31 15:34:25,797] {snowflake.py:338} INFO - Statement execution info - {'source': 'cm27JUL2022bhav.csv', 'target': 'cm27JUL2022bhav.csv.gz', 'source_size': 205409, 'target_size': 82384, 'source_compression': 'NONE', 'target_compression': 'GZIP', 'status': 'UPLOADED', 'message': ''}
[2022-07-31 15:34:25,797] {snowflake.py:338} INFO - Statement execution info - {'source': 'cm28JUL2022bhav.csv', 'target': 'cm28JUL2022bhav.csv.gz', 'source_size': 206419, 'target_size': 82864, 'source_compression': 'NONE', 'target_compression': 'GZIP', 'status': 'UPLOADED', 'message': ''}
[2022-07-31 15:34:25,797] {snowflake.py:338} INFO - Statement execution info - {'source': 'cm29JUL2022bhav.csv', 'target': 'cm29JUL2022bhav.csv.gz', 'source_size': 206605, 'target_size': 83328, 'source_compression': 'NONE', 'target_compression': 'GZIP', 'status': 'UPLOADED', 'message': ''}
[2022-07-31 15:34:25,797] {snowflake.py:342} INFO - Rows affected: 5
[2022-07-31 15:34:25,798] {snowflake.py:343} INFO - Snowflake query id: 01a5fb1e-0501-abf7-0000-006e0a8353a5
[2022-07-31 15:34:25,798] {cursor.py:710} INFO - query: [COMMIT]
[2022-07-31 15:34:25,876] {cursor.py:734} INFO - query execution done
[2022-07-31 15:34:25,877] {connection.py:507} INFO - closed
[2022-07-31 15:34:25,909] {connection.py:510} INFO - No async queries seem to be running, deleting session
[2022-07-31 15:34:26,001] {python.py:173} INFO - Done. Returned value was: None
[2022-07-31 15:34:26,024] {taskinstance.py:1395} INFO - Marking task as SUCCESS. dag_id=nse_daily_data_load, task_id=load_ftp_namedstage, execution_date=20220731T193329, start_date=20220731T193411, end_date=20220731T193426
[2022-07-31 15:34:26,088] {local_task_job.py:156} INFO - Task exited with return code 0
[2022-07-31 15:34:26,226] {local_task_job.py:273} INFO - 1 downstream tasks scheduled from follow-on schedule check
