[2022-09-02 09:31:27,690] {taskinstance.py:1159} INFO - Dependencies all met for <TaskInstance: nse_daily_data_load.nse_download_files scheduled__2022-08-30T13:37:00+00:00 [queued]>
[2022-09-02 09:31:27,697] {taskinstance.py:1159} INFO - Dependencies all met for <TaskInstance: nse_daily_data_load.nse_download_files scheduled__2022-08-30T13:37:00+00:00 [queued]>
[2022-09-02 09:31:27,698] {taskinstance.py:1356} INFO - 
--------------------------------------------------------------------------------
[2022-09-02 09:31:27,698] {taskinstance.py:1357} INFO - Starting attempt 1 of 1
[2022-09-02 09:31:27,698] {taskinstance.py:1358} INFO - 
--------------------------------------------------------------------------------
[2022-09-02 09:31:27,735] {taskinstance.py:1377} INFO - Executing <Task(PythonOperator): nse_download_files> on 2022-08-30 13:37:00+00:00
[2022-09-02 09:31:27,739] {standard_task_runner.py:52} INFO - Started process 98814 to run task
[2022-09-02 09:31:27,771] {standard_task_runner.py:79} INFO - Running: ['airflow', 'tasks', 'run', 'nse_daily_data_load', 'nse_download_files', 'scheduled__2022-08-30T13:37:00+00:00', '--job-id', '448', '--raw', '--subdir', 'DAGS_FOLDER/nse_daily_load_stg.py', '--cfg-path', '/tmp/tmpjx74ne_q', '--error-file', '/tmp/tmpwpcq1yu3']
[2022-09-02 09:31:27,773] {standard_task_runner.py:80} INFO - Job 448: Subtask nse_download_files
[2022-09-02 09:31:27,838] {task_command.py:369} INFO - Running <TaskInstance: nse_daily_data_load.nse_download_files scheduled__2022-08-30T13:37:00+00:00 [running]> on host osboxes
[2022-09-02 09:31:28,133] {taskinstance.py:1569} INFO - Exporting the following env vars:
AIRFLOW_CTX_DAG_OWNER=Airflow
AIRFLOW_CTX_DAG_ID=nse_daily_data_load
AIRFLOW_CTX_TASK_ID=nse_download_files
AIRFLOW_CTX_EXECUTION_DATE=2022-08-30T13:37:00+00:00
AIRFLOW_CTX_TRY_NUMBER=1
AIRFLOW_CTX_DAG_RUN_ID=scheduled__2022-08-30T13:37:00+00:00
[2022-09-02 09:31:28,220] {logging_mixin.py:115} INFO - 
cm25AUG2022bhav
[2022-09-02 09:31:28,220] {logging_mixin.py:115} INFO - enter try in loop
[2022-09-02 09:31:28,220] {logging_mixin.py:115} INFO - https://www1.nseindia.com/content/historical/EQUITIES/2022/AUG/cm25AUG2022bhav.csv.zip
[2022-09-02 09:31:30,111] {logging_mixin.py:115} INFO - https://www1.nseindia.com/content/historical/EQUITIES/2022/AUG/cm25AUG2022bhav.csv.zip
[2022-09-02 09:31:30,112] {logging_mixin.py:115} INFO - 
cm26AUG2022bhav
[2022-09-02 09:31:30,112] {logging_mixin.py:115} INFO - enter try in loop
[2022-09-02 09:31:30,112] {logging_mixin.py:115} INFO - https://www1.nseindia.com/content/historical/EQUITIES/2022/AUG/cm26AUG2022bhav.csv.zip
[2022-09-02 09:31:30,808] {logging_mixin.py:115} INFO - https://www1.nseindia.com/content/historical/EQUITIES/2022/AUG/cm26AUG2022bhav.csv.zip
[2022-09-02 09:31:30,808] {logging_mixin.py:115} INFO - 
cm27AUG2022bhav
[2022-09-02 09:31:30,808] {logging_mixin.py:115} INFO - enter try in loop
[2022-09-02 09:31:30,808] {logging_mixin.py:115} INFO - https://www1.nseindia.com/content/historical/EQUITIES/2022/AUG/cm27AUG2022bhav.csv.zip
[2022-09-02 09:31:31,425] {logging_mixin.py:115} INFO - issue occured
[2022-09-02 09:31:31,426] {logging_mixin.py:115} INFO - 
cm28AUG2022bhav
[2022-09-02 09:31:31,426] {logging_mixin.py:115} INFO - enter try in loop
[2022-09-02 09:31:31,426] {logging_mixin.py:115} INFO - https://www1.nseindia.com/content/historical/EQUITIES/2022/AUG/cm28AUG2022bhav.csv.zip
[2022-09-02 09:31:32,054] {logging_mixin.py:115} INFO - issue occured
[2022-09-02 09:31:32,055] {logging_mixin.py:115} INFO - 
cm29AUG2022bhav
[2022-09-02 09:31:32,055] {logging_mixin.py:115} INFO - enter try in loop
[2022-09-02 09:31:32,055] {logging_mixin.py:115} INFO - https://www1.nseindia.com/content/historical/EQUITIES/2022/AUG/cm29AUG2022bhav.csv.zip
[2022-09-02 09:31:32,690] {logging_mixin.py:115} INFO - https://www1.nseindia.com/content/historical/EQUITIES/2022/AUG/cm29AUG2022bhav.csv.zip
[2022-09-02 09:31:32,690] {logging_mixin.py:115} INFO - 
cm30AUG2022bhav
[2022-09-02 09:31:32,690] {logging_mixin.py:115} INFO - enter try in loop
[2022-09-02 09:31:32,690] {logging_mixin.py:115} INFO - https://www1.nseindia.com/content/historical/EQUITIES/2022/AUG/cm30AUG2022bhav.csv.zip
[2022-09-02 09:31:33,322] {logging_mixin.py:115} INFO - https://www1.nseindia.com/content/historical/EQUITIES/2022/AUG/cm30AUG2022bhav.csv.zip
[2022-09-02 09:31:33,322] {logging_mixin.py:115} INFO - 
cm01SEP2022bhav
[2022-09-02 09:31:33,322] {logging_mixin.py:115} INFO - enter try in loop
[2022-09-02 09:31:33,322] {logging_mixin.py:115} INFO - https://www1.nseindia.com/content/historical/EQUITIES/2022/SEP/cm01SEP2022bhav.csv.zip
[2022-09-02 09:31:34,275] {logging_mixin.py:115} INFO - https://www1.nseindia.com/content/historical/EQUITIES/2022/SEP/cm01SEP2022bhav.csv.zip
[2022-09-02 09:31:34,276] {logging_mixin.py:115} INFO - 
cm02SEP2022bhav
[2022-09-02 09:31:34,276] {logging_mixin.py:115} INFO - enter try in loop
[2022-09-02 09:31:34,276] {logging_mixin.py:115} INFO - https://www1.nseindia.com/content/historical/EQUITIES/2022/SEP/cm02SEP2022bhav.csv.zip
[2022-09-02 09:31:34,995] {logging_mixin.py:115} INFO - https://www1.nseindia.com/content/historical/EQUITIES/2022/SEP/cm02SEP2022bhav.csv.zip
[2022-09-02 09:31:34,996] {logging_mixin.py:115} INFO - ['cm25AUG2022bhav.csv.zip', 'cm26AUG2022bhav.csv.zip', 'cm29AUG2022bhav.csv.zip', 'cm30AUG2022bhav.csv.zip', 'cm01SEP2022bhav.csv.zip', 'cm02SEP2022bhav.csv.zip']
[2022-09-02 09:31:34,996] {logging_mixin.py:115} INFO - cm25AUG2022bhav.csv.zip
[2022-09-02 09:31:35,006] {logging_mixin.py:115} INFO - cm26AUG2022bhav.csv.zip
[2022-09-02 09:31:35,017] {logging_mixin.py:115} INFO - cm29AUG2022bhav.csv.zip
[2022-09-02 09:31:35,037] {logging_mixin.py:115} INFO - cm30AUG2022bhav.csv.zip
[2022-09-02 09:31:35,146] {logging_mixin.py:115} INFO - cm01SEP2022bhav.csv.zip
[2022-09-02 09:31:35,156] {logging_mixin.py:115} INFO - cm02SEP2022bhav.csv.zip
[2022-09-02 09:31:35,171] {python.py:173} INFO - Done. Returned value was: None
[2022-09-02 09:31:35,626] {taskinstance.py:1395} INFO - Marking task as SUCCESS. dag_id=nse_daily_data_load, task_id=nse_download_files, execution_date=20220830T133700, start_date=20220902T133127, end_date=20220902T133135
[2022-09-02 09:31:36,191] {local_task_job.py:156} INFO - Task exited with return code 0
[2022-09-02 09:31:36,363] {local_task_job.py:273} INFO - 1 downstream tasks scheduled from follow-on schedule check
