[2022-08-12 09:37:19,833] {taskinstance.py:1159} INFO - Dependencies all met for <TaskInstance: nse_daily_data_load.nse_download_files scheduled__2022-08-11T13:37:00+00:00 [queued]>
[2022-08-12 09:37:19,840] {taskinstance.py:1159} INFO - Dependencies all met for <TaskInstance: nse_daily_data_load.nse_download_files scheduled__2022-08-11T13:37:00+00:00 [queued]>
[2022-08-12 09:37:19,840] {taskinstance.py:1356} INFO - 
--------------------------------------------------------------------------------
[2022-08-12 09:37:19,840] {taskinstance.py:1357} INFO - Starting attempt 1 of 1
[2022-08-12 09:37:19,840] {taskinstance.py:1358} INFO - 
--------------------------------------------------------------------------------
[2022-08-12 09:37:19,885] {taskinstance.py:1377} INFO - Executing <Task(PythonOperator): nse_download_files> on 2022-08-11 13:37:00+00:00
[2022-08-12 09:37:19,891] {standard_task_runner.py:52} INFO - Started process 184416 to run task
[2022-08-12 09:37:19,913] {standard_task_runner.py:79} INFO - Running: ['airflow', 'tasks', 'run', 'nse_daily_data_load', 'nse_download_files', 'scheduled__2022-08-11T13:37:00+00:00', '--job-id', '282', '--raw', '--subdir', 'DAGS_FOLDER/nse_daily_load_stg.py', '--cfg-path', '/tmp/tmpjupk36e9', '--error-file', '/tmp/tmp_uovr4tt']
[2022-08-12 09:37:19,913] {standard_task_runner.py:80} INFO - Job 282: Subtask nse_download_files
[2022-08-12 09:37:20,213] {task_command.py:369} INFO - Running <TaskInstance: nse_daily_data_load.nse_download_files scheduled__2022-08-11T13:37:00+00:00 [running]> on host osboxes
[2022-08-12 09:37:20,321] {taskinstance.py:1569} INFO - Exporting the following env vars:
AIRFLOW_CTX_DAG_OWNER=Airflow
AIRFLOW_CTX_DAG_ID=nse_daily_data_load
AIRFLOW_CTX_TASK_ID=nse_download_files
AIRFLOW_CTX_EXECUTION_DATE=2022-08-11T13:37:00+00:00
AIRFLOW_CTX_TRY_NUMBER=1
AIRFLOW_CTX_DAG_RUN_ID=scheduled__2022-08-11T13:37:00+00:00
[2022-08-12 09:37:20,328] {logging_mixin.py:115} INFO - 
cm25JUL2022bhav
[2022-08-12 09:37:20,329] {logging_mixin.py:115} INFO - enter try in loop
[2022-08-12 09:37:20,329] {logging_mixin.py:115} INFO - https://www1.nseindia.com/content/historical/EQUITIES/2022/JUL/cm25JUL2022bhav.csv.zip
[2022-08-12 09:37:21,253] {logging_mixin.py:115} INFO - https://www1.nseindia.com/content/historical/EQUITIES/2022/JUL/cm25JUL2022bhav.csv.zip
[2022-08-12 09:37:21,253] {logging_mixin.py:115} INFO - 
cm26JUL2022bhav
[2022-08-12 09:37:21,253] {logging_mixin.py:115} INFO - enter try in loop
[2022-08-12 09:37:21,253] {logging_mixin.py:115} INFO - https://www1.nseindia.com/content/historical/EQUITIES/2022/JUL/cm26JUL2022bhav.csv.zip
[2022-08-12 09:37:22,029] {logging_mixin.py:115} INFO - https://www1.nseindia.com/content/historical/EQUITIES/2022/JUL/cm26JUL2022bhav.csv.zip
[2022-08-12 09:37:22,029] {logging_mixin.py:115} INFO - 
cm27JUL2022bhav
[2022-08-12 09:37:22,029] {logging_mixin.py:115} INFO - enter try in loop
[2022-08-12 09:37:22,029] {logging_mixin.py:115} INFO - https://www1.nseindia.com/content/historical/EQUITIES/2022/JUL/cm27JUL2022bhav.csv.zip
[2022-08-12 09:37:22,590] {logging_mixin.py:115} INFO - https://www1.nseindia.com/content/historical/EQUITIES/2022/JUL/cm27JUL2022bhav.csv.zip
[2022-08-12 09:37:22,590] {logging_mixin.py:115} INFO - 
cm28JUL2022bhav
[2022-08-12 09:37:22,590] {logging_mixin.py:115} INFO - enter try in loop
[2022-08-12 09:37:22,590] {logging_mixin.py:115} INFO - https://www1.nseindia.com/content/historical/EQUITIES/2022/JUL/cm28JUL2022bhav.csv.zip
[2022-08-12 09:37:23,198] {logging_mixin.py:115} INFO - https://www1.nseindia.com/content/historical/EQUITIES/2022/JUL/cm28JUL2022bhav.csv.zip
[2022-08-12 09:37:23,198] {logging_mixin.py:115} INFO - 
cm29JUL2022bhav
[2022-08-12 09:37:23,198] {logging_mixin.py:115} INFO - enter try in loop
[2022-08-12 09:37:23,198] {logging_mixin.py:115} INFO - https://www1.nseindia.com/content/historical/EQUITIES/2022/JUL/cm29JUL2022bhav.csv.zip
[2022-08-12 09:37:23,825] {logging_mixin.py:115} INFO - https://www1.nseindia.com/content/historical/EQUITIES/2022/JUL/cm29JUL2022bhav.csv.zip
[2022-08-12 09:37:23,826] {logging_mixin.py:115} INFO - 
cm30JUL2022bhav
[2022-08-12 09:37:23,826] {logging_mixin.py:115} INFO - enter try in loop
[2022-08-12 09:37:23,826] {logging_mixin.py:115} INFO - https://www1.nseindia.com/content/historical/EQUITIES/2022/JUL/cm30JUL2022bhav.csv.zip
[2022-08-12 09:37:24,089] {logging_mixin.py:115} INFO - issue occured
[2022-08-12 09:37:24,089] {logging_mixin.py:115} INFO - 
cm01AUG2022bhav
[2022-08-12 09:37:24,090] {logging_mixin.py:115} INFO - enter try in loop
[2022-08-12 09:37:24,090] {logging_mixin.py:115} INFO - https://www1.nseindia.com/content/historical/EQUITIES/2022/AUG/cm01AUG2022bhav.csv.zip
[2022-08-12 09:37:24,726] {logging_mixin.py:115} INFO - https://www1.nseindia.com/content/historical/EQUITIES/2022/AUG/cm01AUG2022bhav.csv.zip
[2022-08-12 09:37:24,726] {logging_mixin.py:115} INFO - 
cm02AUG2022bhav
[2022-08-12 09:37:24,727] {logging_mixin.py:115} INFO - enter try in loop
[2022-08-12 09:37:24,727] {logging_mixin.py:115} INFO - https://www1.nseindia.com/content/historical/EQUITIES/2022/AUG/cm02AUG2022bhav.csv.zip
[2022-08-12 09:37:25,329] {logging_mixin.py:115} INFO - https://www1.nseindia.com/content/historical/EQUITIES/2022/AUG/cm02AUG2022bhav.csv.zip
[2022-08-12 09:37:25,329] {logging_mixin.py:115} INFO - 
cm03AUG2022bhav
[2022-08-12 09:37:25,329] {logging_mixin.py:115} INFO - enter try in loop
[2022-08-12 09:37:25,329] {logging_mixin.py:115} INFO - https://www1.nseindia.com/content/historical/EQUITIES/2022/AUG/cm03AUG2022bhav.csv.zip
[2022-08-12 09:37:25,974] {logging_mixin.py:115} INFO - https://www1.nseindia.com/content/historical/EQUITIES/2022/AUG/cm03AUG2022bhav.csv.zip
[2022-08-12 09:37:25,974] {logging_mixin.py:115} INFO - 
cm04AUG2022bhav
[2022-08-12 09:37:25,974] {logging_mixin.py:115} INFO - enter try in loop
[2022-08-12 09:37:25,974] {logging_mixin.py:115} INFO - https://www1.nseindia.com/content/historical/EQUITIES/2022/AUG/cm04AUG2022bhav.csv.zip
[2022-08-12 09:37:26,561] {logging_mixin.py:115} INFO - https://www1.nseindia.com/content/historical/EQUITIES/2022/AUG/cm04AUG2022bhav.csv.zip
[2022-08-12 09:37:26,561] {logging_mixin.py:115} INFO - 
cm05AUG2022bhav
[2022-08-12 09:37:26,562] {logging_mixin.py:115} INFO - enter try in loop
[2022-08-12 09:37:26,562] {logging_mixin.py:115} INFO - https://www1.nseindia.com/content/historical/EQUITIES/2022/AUG/cm05AUG2022bhav.csv.zip
[2022-08-12 09:37:27,208] {logging_mixin.py:115} INFO - https://www1.nseindia.com/content/historical/EQUITIES/2022/AUG/cm05AUG2022bhav.csv.zip
[2022-08-12 09:37:27,208] {logging_mixin.py:115} INFO - 
cm06AUG2022bhav
[2022-08-12 09:37:27,208] {logging_mixin.py:115} INFO - enter try in loop
[2022-08-12 09:37:27,208] {logging_mixin.py:115} INFO - https://www1.nseindia.com/content/historical/EQUITIES/2022/AUG/cm06AUG2022bhav.csv.zip
[2022-08-12 09:37:27,745] {logging_mixin.py:115} INFO - issue occured
[2022-08-12 09:37:27,745] {logging_mixin.py:115} INFO - 
cm07AUG2022bhav
[2022-08-12 09:37:27,745] {logging_mixin.py:115} INFO - enter try in loop
[2022-08-12 09:37:27,745] {logging_mixin.py:115} INFO - https://www1.nseindia.com/content/historical/EQUITIES/2022/AUG/cm07AUG2022bhav.csv.zip
[2022-08-12 09:37:28,330] {logging_mixin.py:115} INFO - issue occured
[2022-08-12 09:37:28,330] {logging_mixin.py:115} INFO - 
cm08AUG2022bhav
[2022-08-12 09:37:28,331] {logging_mixin.py:115} INFO - enter try in loop
[2022-08-12 09:37:28,331] {logging_mixin.py:115} INFO - https://www1.nseindia.com/content/historical/EQUITIES/2022/AUG/cm08AUG2022bhav.csv.zip
[2022-08-12 09:37:28,921] {logging_mixin.py:115} INFO - https://www1.nseindia.com/content/historical/EQUITIES/2022/AUG/cm08AUG2022bhav.csv.zip
[2022-08-12 09:37:28,921] {logging_mixin.py:115} INFO - 
cm09AUG2022bhav
[2022-08-12 09:37:28,921] {logging_mixin.py:115} INFO - enter try in loop
[2022-08-12 09:37:28,922] {logging_mixin.py:115} INFO - https://www1.nseindia.com/content/historical/EQUITIES/2022/AUG/cm09AUG2022bhav.csv.zip
[2022-08-12 09:37:29,479] {logging_mixin.py:115} INFO - issue occured
[2022-08-12 09:37:29,480] {logging_mixin.py:115} INFO - 
cm10AUG2022bhav
[2022-08-12 09:37:29,480] {logging_mixin.py:115} INFO - enter try in loop
[2022-08-12 09:37:29,481] {logging_mixin.py:115} INFO - https://www1.nseindia.com/content/historical/EQUITIES/2022/AUG/cm10AUG2022bhav.csv.zip
[2022-08-12 09:37:30,126] {logging_mixin.py:115} INFO - https://www1.nseindia.com/content/historical/EQUITIES/2022/AUG/cm10AUG2022bhav.csv.zip
[2022-08-12 09:37:30,126] {logging_mixin.py:115} INFO - 
cm11AUG2022bhav
[2022-08-12 09:37:30,126] {logging_mixin.py:115} INFO - enter try in loop
[2022-08-12 09:37:30,126] {logging_mixin.py:115} INFO - https://www1.nseindia.com/content/historical/EQUITIES/2022/AUG/cm11AUG2022bhav.csv.zip
[2022-08-12 09:37:30,702] {logging_mixin.py:115} INFO - https://www1.nseindia.com/content/historical/EQUITIES/2022/AUG/cm11AUG2022bhav.csv.zip
[2022-08-12 09:37:30,703] {logging_mixin.py:115} INFO - 
cm12AUG2022bhav
[2022-08-12 09:37:30,703] {logging_mixin.py:115} INFO - enter try in loop
[2022-08-12 09:37:30,703] {logging_mixin.py:115} INFO - https://www1.nseindia.com/content/historical/EQUITIES/2022/AUG/cm12AUG2022bhav.csv.zip
[2022-08-12 09:37:30,969] {logging_mixin.py:115} INFO - https://www1.nseindia.com/content/historical/EQUITIES/2022/AUG/cm12AUG2022bhav.csv.zip
[2022-08-12 09:37:30,969] {logging_mixin.py:115} INFO - ['cm25JUL2022bhav.csv.zip', 'cm26JUL2022bhav.csv.zip', 'cm27JUL2022bhav.csv.zip', 'cm28JUL2022bhav.csv.zip', 'cm29JUL2022bhav.csv.zip', 'cm01AUG2022bhav.csv.zip', 'cm02AUG2022bhav.csv.zip', 'cm03AUG2022bhav.csv.zip', 'cm04AUG2022bhav.csv.zip', 'cm05AUG2022bhav.csv.zip', 'cm08AUG2022bhav.csv.zip', 'cm10AUG2022bhav.csv.zip', 'cm11AUG2022bhav.csv.zip', 'cm12AUG2022bhav.csv.zip']
[2022-08-12 09:37:30,969] {logging_mixin.py:115} INFO - cm25JUL2022bhav.csv.zip
[2022-08-12 09:37:31,003] {logging_mixin.py:115} INFO - cm26JUL2022bhav.csv.zip
[2022-08-12 09:37:31,004] {logging_mixin.py:115} INFO - cm27JUL2022bhav.csv.zip
[2022-08-12 09:37:31,006] {logging_mixin.py:115} INFO - cm28JUL2022bhav.csv.zip
[2022-08-12 09:37:31,007] {logging_mixin.py:115} INFO - cm29JUL2022bhav.csv.zip
[2022-08-12 09:37:31,009] {logging_mixin.py:115} INFO - cm01AUG2022bhav.csv.zip
[2022-08-12 09:37:31,011] {logging_mixin.py:115} INFO - cm02AUG2022bhav.csv.zip
[2022-08-12 09:37:31,025] {logging_mixin.py:115} INFO - cm03AUG2022bhav.csv.zip
[2022-08-12 09:37:31,027] {logging_mixin.py:115} INFO - cm04AUG2022bhav.csv.zip
[2022-08-12 09:37:31,031] {logging_mixin.py:115} INFO - cm05AUG2022bhav.csv.zip
[2022-08-12 09:37:31,036] {logging_mixin.py:115} INFO - cm08AUG2022bhav.csv.zip
[2022-08-12 09:37:31,057] {logging_mixin.py:115} INFO - cm10AUG2022bhav.csv.zip
[2022-08-12 09:37:31,059] {logging_mixin.py:115} INFO - cm11AUG2022bhav.csv.zip
[2022-08-12 09:37:31,061] {logging_mixin.py:115} INFO - cm12AUG2022bhav.csv.zip
[2022-08-12 09:37:31,063] {python.py:173} INFO - Done. Returned value was: None
[2022-08-12 09:37:31,089] {taskinstance.py:1395} INFO - Marking task as SUCCESS. dag_id=nse_daily_data_load, task_id=nse_download_files, execution_date=20220811T133700, start_date=20220812T133719, end_date=20220812T133731
[2022-08-12 09:37:31,131] {local_task_job.py:156} INFO - Task exited with return code 0
[2022-08-12 09:37:31,191] {local_task_job.py:273} INFO - 1 downstream tasks scheduled from follow-on schedule check
