[2022-07-31 15:00:42,569] {taskinstance.py:1159} INFO - Dependencies all met for <TaskInstance: nse_daily_data_load.nse_files_move manual__2022-07-30T01:07:26.978376+00:00 [queued]>
[2022-07-31 15:00:42,574] {taskinstance.py:1159} INFO - Dependencies all met for <TaskInstance: nse_daily_data_load.nse_files_move manual__2022-07-30T01:07:26.978376+00:00 [queued]>
[2022-07-31 15:00:42,581] {taskinstance.py:1356} INFO - 
--------------------------------------------------------------------------------
[2022-07-31 15:00:42,581] {taskinstance.py:1357} INFO - Starting attempt 6 of 6
[2022-07-31 15:00:42,582] {taskinstance.py:1358} INFO - 
--------------------------------------------------------------------------------
[2022-07-31 15:00:42,650] {taskinstance.py:1377} INFO - Executing <Task(PythonOperator): nse_files_move> on 2022-07-30 01:07:26.978376+00:00
[2022-07-31 15:00:42,654] {standard_task_runner.py:52} INFO - Started process 836419 to run task
[2022-07-31 15:00:42,659] {standard_task_runner.py:79} INFO - Running: ['airflow', 'tasks', 'run', 'nse_daily_data_load', 'nse_files_move', 'manual__2022-07-30T01:07:26.978376+00:00', '--job-id', '115', '--raw', '--subdir', 'DAGS_FOLDER/nse_daily_load_stg.py', '--cfg-path', '/tmp/tmp6tg24vs0', '--error-file', '/tmp/tmpr225cy1q']
[2022-07-31 15:00:42,667] {standard_task_runner.py:80} INFO - Job 115: Subtask nse_files_move
[2022-07-31 15:00:42,750] {task_command.py:369} INFO - Running <TaskInstance: nse_daily_data_load.nse_files_move manual__2022-07-30T01:07:26.978376+00:00 [running]> on host osboxes
[2022-07-31 15:00:42,818] {taskinstance.py:1569} INFO - Exporting the following env vars:
AIRFLOW_CTX_DAG_OWNER=Airflow
AIRFLOW_CTX_DAG_ID=nse_daily_data_load
AIRFLOW_CTX_TASK_ID=nse_files_move
AIRFLOW_CTX_EXECUTION_DATE=2022-07-30T01:07:26.978376+00:00
AIRFLOW_CTX_TRY_NUMBER=6
AIRFLOW_CTX_DAG_RUN_ID=manual__2022-07-30T01:07:26.978376+00:00
[2022-07-31 15:00:42,819] {logging_mixin.py:115} INFO - 2022-07-31
[2022-07-31 15:00:42,820] {logging_mixin.py:115} INFO - directory already available
[2022-07-31 15:00:42,820] {logging_mixin.py:115} INFO - /home/osboxes/Desktop/archives_files/2022-07-31 target file location
[2022-07-31 15:00:42,820] {python.py:173} INFO - Done. Returned value was: None
[2022-07-31 15:00:42,826] {taskinstance.py:1395} INFO - Marking task as SUCCESS. dag_id=nse_daily_data_load, task_id=nse_files_move, execution_date=20220730T010726, start_date=20220731T190042, end_date=20220731T190042
[2022-07-31 15:00:42,903] {local_task_job.py:156} INFO - Task exited with return code 0
[2022-07-31 15:00:43,030] {local_task_job.py:273} INFO - 1 downstream tasks scheduled from follow-on schedule check
