[2022-09-05 21:17:52,163] {processor.py:153} INFO - Started process (PID=167284) to work on /home/osboxes/.local/lib/python3.8/site-packages/airflow/example_dags/subdags/subdag.py
[2022-09-05 21:17:52,163] {processor.py:641} INFO - Processing file /home/osboxes/.local/lib/python3.8/site-packages/airflow/example_dags/subdags/subdag.py for tasks to queue
[2022-09-05 21:17:52,164] {logging_mixin.py:115} INFO - [2022-09-05 21:17:52,164] {dagbag.py:507} INFO - Filling up the DagBag from /home/osboxes/.local/lib/python3.8/site-packages/airflow/example_dags/subdags/subdag.py
[2022-09-05 21:17:52,166] {processor.py:653} WARNING - No viable dags retrieved from /home/osboxes/.local/lib/python3.8/site-packages/airflow/example_dags/subdags/subdag.py
[2022-09-05 21:17:52,190] {processor.py:161} INFO - Processing /home/osboxes/.local/lib/python3.8/site-packages/airflow/example_dags/subdags/subdag.py took 0.030 seconds
[2022-09-05 21:18:35,108] {processor.py:153} INFO - Started process (PID=167683) to work on /home/osboxes/.local/lib/python3.8/site-packages/airflow/example_dags/subdags/subdag.py
[2022-09-05 21:18:35,113] {processor.py:641} INFO - Processing file /home/osboxes/.local/lib/python3.8/site-packages/airflow/example_dags/subdags/subdag.py for tasks to queue
[2022-09-05 21:18:35,114] {logging_mixin.py:115} INFO - [2022-09-05 21:18:35,114] {dagbag.py:507} INFO - Filling up the DagBag from /home/osboxes/.local/lib/python3.8/site-packages/airflow/example_dags/subdags/subdag.py
[2022-09-05 21:18:35,119] {processor.py:653} WARNING - No viable dags retrieved from /home/osboxes/.local/lib/python3.8/site-packages/airflow/example_dags/subdags/subdag.py
[2022-09-05 21:18:35,145] {processor.py:161} INFO - Processing /home/osboxes/.local/lib/python3.8/site-packages/airflow/example_dags/subdags/subdag.py took 0.042 seconds
[2022-09-05 21:19:18,280] {processor.py:153} INFO - Started process (PID=168028) to work on /home/osboxes/.local/lib/python3.8/site-packages/airflow/example_dags/subdags/subdag.py
[2022-09-05 21:19:18,285] {processor.py:641} INFO - Processing file /home/osboxes/.local/lib/python3.8/site-packages/airflow/example_dags/subdags/subdag.py for tasks to queue
[2022-09-05 21:19:18,287] {logging_mixin.py:115} INFO - [2022-09-05 21:19:18,287] {dagbag.py:507} INFO - Filling up the DagBag from /home/osboxes/.local/lib/python3.8/site-packages/airflow/example_dags/subdags/subdag.py
[2022-09-05 21:19:18,291] {processor.py:653} WARNING - No viable dags retrieved from /home/osboxes/.local/lib/python3.8/site-packages/airflow/example_dags/subdags/subdag.py
[2022-09-05 21:19:18,322] {processor.py:161} INFO - Processing /home/osboxes/.local/lib/python3.8/site-packages/airflow/example_dags/subdags/subdag.py took 0.053 seconds
[2022-09-05 21:20:02,717] {processor.py:153} INFO - Started process (PID=168355) to work on /home/osboxes/.local/lib/python3.8/site-packages/airflow/example_dags/subdags/subdag.py
[2022-09-05 21:20:02,720] {processor.py:641} INFO - Processing file /home/osboxes/.local/lib/python3.8/site-packages/airflow/example_dags/subdags/subdag.py for tasks to queue
[2022-09-05 21:20:02,721] {logging_mixin.py:115} INFO - [2022-09-05 21:20:02,721] {dagbag.py:507} INFO - Filling up the DagBag from /home/osboxes/.local/lib/python3.8/site-packages/airflow/example_dags/subdags/subdag.py
[2022-09-05 21:20:02,723] {processor.py:653} WARNING - No viable dags retrieved from /home/osboxes/.local/lib/python3.8/site-packages/airflow/example_dags/subdags/subdag.py
[2022-09-05 21:20:02,742] {processor.py:161} INFO - Processing /home/osboxes/.local/lib/python3.8/site-packages/airflow/example_dags/subdags/subdag.py took 0.029 seconds
[2022-09-05 21:20:45,305] {processor.py:153} INFO - Started process (PID=168682) to work on /home/osboxes/.local/lib/python3.8/site-packages/airflow/example_dags/subdags/subdag.py
[2022-09-05 21:20:45,308] {processor.py:641} INFO - Processing file /home/osboxes/.local/lib/python3.8/site-packages/airflow/example_dags/subdags/subdag.py for tasks to queue
[2022-09-05 21:20:45,308] {logging_mixin.py:115} INFO - [2022-09-05 21:20:45,308] {dagbag.py:507} INFO - Filling up the DagBag from /home/osboxes/.local/lib/python3.8/site-packages/airflow/example_dags/subdags/subdag.py
[2022-09-05 21:20:45,309] {processor.py:653} WARNING - No viable dags retrieved from /home/osboxes/.local/lib/python3.8/site-packages/airflow/example_dags/subdags/subdag.py
[2022-09-05 21:20:45,319] {processor.py:161} INFO - Processing /home/osboxes/.local/lib/python3.8/site-packages/airflow/example_dags/subdags/subdag.py took 0.016 seconds
[2022-09-05 21:21:34,309] {processor.py:153} INFO - Started process (PID=169076) to work on /home/osboxes/.local/lib/python3.8/site-packages/airflow/example_dags/subdags/subdag.py
[2022-09-05 21:21:34,319] {processor.py:641} INFO - Processing file /home/osboxes/.local/lib/python3.8/site-packages/airflow/example_dags/subdags/subdag.py for tasks to queue
[2022-09-05 21:21:34,319] {logging_mixin.py:115} INFO - [2022-09-05 21:21:34,319] {dagbag.py:507} INFO - Filling up the DagBag from /home/osboxes/.local/lib/python3.8/site-packages/airflow/example_dags/subdags/subdag.py
[2022-09-05 21:21:34,320] {processor.py:653} WARNING - No viable dags retrieved from /home/osboxes/.local/lib/python3.8/site-packages/airflow/example_dags/subdags/subdag.py
[2022-09-05 21:21:34,329] {processor.py:161} INFO - Processing /home/osboxes/.local/lib/python3.8/site-packages/airflow/example_dags/subdags/subdag.py took 0.023 seconds
[2022-09-05 21:22:23,191] {processor.py:153} INFO - Started process (PID=169465) to work on /home/osboxes/.local/lib/python3.8/site-packages/airflow/example_dags/subdags/subdag.py
[2022-09-05 21:22:23,193] {processor.py:641} INFO - Processing file /home/osboxes/.local/lib/python3.8/site-packages/airflow/example_dags/subdags/subdag.py for tasks to queue
[2022-09-05 21:22:23,193] {logging_mixin.py:115} INFO - [2022-09-05 21:22:23,193] {dagbag.py:507} INFO - Filling up the DagBag from /home/osboxes/.local/lib/python3.8/site-packages/airflow/example_dags/subdags/subdag.py
[2022-09-05 21:22:23,194] {processor.py:653} WARNING - No viable dags retrieved from /home/osboxes/.local/lib/python3.8/site-packages/airflow/example_dags/subdags/subdag.py
[2022-09-05 21:22:23,205] {processor.py:161} INFO - Processing /home/osboxes/.local/lib/python3.8/site-packages/airflow/example_dags/subdags/subdag.py took 0.017 seconds
[2022-09-05 21:23:11,168] {processor.py:153} INFO - Started process (PID=169841) to work on /home/osboxes/.local/lib/python3.8/site-packages/airflow/example_dags/subdags/subdag.py
[2022-09-05 21:23:11,171] {processor.py:641} INFO - Processing file /home/osboxes/.local/lib/python3.8/site-packages/airflow/example_dags/subdags/subdag.py for tasks to queue
[2022-09-05 21:23:11,172] {logging_mixin.py:115} INFO - [2022-09-05 21:23:11,171] {dagbag.py:507} INFO - Filling up the DagBag from /home/osboxes/.local/lib/python3.8/site-packages/airflow/example_dags/subdags/subdag.py
[2022-09-05 21:23:11,174] {processor.py:653} WARNING - No viable dags retrieved from /home/osboxes/.local/lib/python3.8/site-packages/airflow/example_dags/subdags/subdag.py
[2022-09-05 21:23:11,189] {processor.py:161} INFO - Processing /home/osboxes/.local/lib/python3.8/site-packages/airflow/example_dags/subdags/subdag.py took 0.024 seconds
[2022-09-05 21:23:54,578] {processor.py:153} INFO - Started process (PID=170240) to work on /home/osboxes/.local/lib/python3.8/site-packages/airflow/example_dags/subdags/subdag.py
[2022-09-05 21:23:54,580] {processor.py:641} INFO - Processing file /home/osboxes/.local/lib/python3.8/site-packages/airflow/example_dags/subdags/subdag.py for tasks to queue
[2022-09-05 21:23:54,580] {logging_mixin.py:115} INFO - [2022-09-05 21:23:54,580] {dagbag.py:507} INFO - Filling up the DagBag from /home/osboxes/.local/lib/python3.8/site-packages/airflow/example_dags/subdags/subdag.py
[2022-09-05 21:23:54,582] {processor.py:653} WARNING - No viable dags retrieved from /home/osboxes/.local/lib/python3.8/site-packages/airflow/example_dags/subdags/subdag.py
[2022-09-05 21:23:54,592] {processor.py:161} INFO - Processing /home/osboxes/.local/lib/python3.8/site-packages/airflow/example_dags/subdags/subdag.py took 0.018 seconds
[2022-09-05 21:24:39,019] {processor.py:153} INFO - Started process (PID=170588) to work on /home/osboxes/.local/lib/python3.8/site-packages/airflow/example_dags/subdags/subdag.py
[2022-09-05 21:24:39,021] {processor.py:641} INFO - Processing file /home/osboxes/.local/lib/python3.8/site-packages/airflow/example_dags/subdags/subdag.py for tasks to queue
[2022-09-05 21:24:39,022] {logging_mixin.py:115} INFO - [2022-09-05 21:24:39,021] {dagbag.py:507} INFO - Filling up the DagBag from /home/osboxes/.local/lib/python3.8/site-packages/airflow/example_dags/subdags/subdag.py
[2022-09-05 21:24:39,023] {processor.py:653} WARNING - No viable dags retrieved from /home/osboxes/.local/lib/python3.8/site-packages/airflow/example_dags/subdags/subdag.py
[2022-09-05 21:24:39,034] {processor.py:161} INFO - Processing /home/osboxes/.local/lib/python3.8/site-packages/airflow/example_dags/subdags/subdag.py took 0.018 seconds
[2022-09-05 21:25:18,924] {processor.py:153} INFO - Started process (PID=170904) to work on /home/osboxes/.local/lib/python3.8/site-packages/airflow/example_dags/subdags/subdag.py
[2022-09-05 21:25:18,926] {processor.py:641} INFO - Processing file /home/osboxes/.local/lib/python3.8/site-packages/airflow/example_dags/subdags/subdag.py for tasks to queue
[2022-09-05 21:25:18,926] {logging_mixin.py:115} INFO - [2022-09-05 21:25:18,926] {dagbag.py:507} INFO - Filling up the DagBag from /home/osboxes/.local/lib/python3.8/site-packages/airflow/example_dags/subdags/subdag.py
[2022-09-05 21:25:18,927] {processor.py:653} WARNING - No viable dags retrieved from /home/osboxes/.local/lib/python3.8/site-packages/airflow/example_dags/subdags/subdag.py
[2022-09-05 21:25:18,938] {processor.py:161} INFO - Processing /home/osboxes/.local/lib/python3.8/site-packages/airflow/example_dags/subdags/subdag.py took 0.017 seconds
[2022-09-05 21:26:01,780] {processor.py:153} INFO - Started process (PID=171231) to work on /home/osboxes/.local/lib/python3.8/site-packages/airflow/example_dags/subdags/subdag.py
[2022-09-05 21:26:01,782] {processor.py:641} INFO - Processing file /home/osboxes/.local/lib/python3.8/site-packages/airflow/example_dags/subdags/subdag.py for tasks to queue
[2022-09-05 21:26:01,782] {logging_mixin.py:115} INFO - [2022-09-05 21:26:01,782] {dagbag.py:507} INFO - Filling up the DagBag from /home/osboxes/.local/lib/python3.8/site-packages/airflow/example_dags/subdags/subdag.py
[2022-09-05 21:26:01,783] {processor.py:653} WARNING - No viable dags retrieved from /home/osboxes/.local/lib/python3.8/site-packages/airflow/example_dags/subdags/subdag.py
[2022-09-05 21:26:01,795] {processor.py:161} INFO - Processing /home/osboxes/.local/lib/python3.8/site-packages/airflow/example_dags/subdags/subdag.py took 0.017 seconds
[2022-09-05 21:26:49,500] {processor.py:153} INFO - Started process (PID=171621) to work on /home/osboxes/.local/lib/python3.8/site-packages/airflow/example_dags/subdags/subdag.py
[2022-09-05 21:26:49,514] {processor.py:641} INFO - Processing file /home/osboxes/.local/lib/python3.8/site-packages/airflow/example_dags/subdags/subdag.py for tasks to queue
[2022-09-05 21:26:49,515] {logging_mixin.py:115} INFO - [2022-09-05 21:26:49,515] {dagbag.py:507} INFO - Filling up the DagBag from /home/osboxes/.local/lib/python3.8/site-packages/airflow/example_dags/subdags/subdag.py
[2022-09-05 21:26:49,516] {processor.py:653} WARNING - No viable dags retrieved from /home/osboxes/.local/lib/python3.8/site-packages/airflow/example_dags/subdags/subdag.py
[2022-09-05 21:26:49,544] {processor.py:161} INFO - Processing /home/osboxes/.local/lib/python3.8/site-packages/airflow/example_dags/subdags/subdag.py took 0.048 seconds
[2022-09-05 21:27:33,194] {processor.py:153} INFO - Started process (PID=171975) to work on /home/osboxes/.local/lib/python3.8/site-packages/airflow/example_dags/subdags/subdag.py
[2022-09-05 21:27:33,196] {processor.py:641} INFO - Processing file /home/osboxes/.local/lib/python3.8/site-packages/airflow/example_dags/subdags/subdag.py for tasks to queue
[2022-09-05 21:27:33,196] {logging_mixin.py:115} INFO - [2022-09-05 21:27:33,196] {dagbag.py:507} INFO - Filling up the DagBag from /home/osboxes/.local/lib/python3.8/site-packages/airflow/example_dags/subdags/subdag.py
[2022-09-05 21:27:33,198] {processor.py:653} WARNING - No viable dags retrieved from /home/osboxes/.local/lib/python3.8/site-packages/airflow/example_dags/subdags/subdag.py
[2022-09-05 21:27:33,210] {processor.py:161} INFO - Processing /home/osboxes/.local/lib/python3.8/site-packages/airflow/example_dags/subdags/subdag.py took 0.018 seconds
[2022-09-05 21:28:19,017] {processor.py:153} INFO - Started process (PID=172356) to work on /home/osboxes/.local/lib/python3.8/site-packages/airflow/example_dags/subdags/subdag.py
[2022-09-05 21:28:19,020] {processor.py:641} INFO - Processing file /home/osboxes/.local/lib/python3.8/site-packages/airflow/example_dags/subdags/subdag.py for tasks to queue
[2022-09-05 21:28:19,020] {logging_mixin.py:115} INFO - [2022-09-05 21:28:19,020] {dagbag.py:507} INFO - Filling up the DagBag from /home/osboxes/.local/lib/python3.8/site-packages/airflow/example_dags/subdags/subdag.py
[2022-09-05 21:28:19,021] {processor.py:653} WARNING - No viable dags retrieved from /home/osboxes/.local/lib/python3.8/site-packages/airflow/example_dags/subdags/subdag.py
[2022-09-05 21:28:19,049] {processor.py:161} INFO - Processing /home/osboxes/.local/lib/python3.8/site-packages/airflow/example_dags/subdags/subdag.py took 0.044 seconds
[2022-09-05 21:29:04,120] {processor.py:153} INFO - Started process (PID=172727) to work on /home/osboxes/.local/lib/python3.8/site-packages/airflow/example_dags/subdags/subdag.py
[2022-09-05 21:29:04,122] {processor.py:641} INFO - Processing file /home/osboxes/.local/lib/python3.8/site-packages/airflow/example_dags/subdags/subdag.py for tasks to queue
[2022-09-05 21:29:04,122] {logging_mixin.py:115} INFO - [2022-09-05 21:29:04,122] {dagbag.py:507} INFO - Filling up the DagBag from /home/osboxes/.local/lib/python3.8/site-packages/airflow/example_dags/subdags/subdag.py
[2022-09-05 21:29:04,123] {processor.py:653} WARNING - No viable dags retrieved from /home/osboxes/.local/lib/python3.8/site-packages/airflow/example_dags/subdags/subdag.py
[2022-09-05 21:29:04,134] {processor.py:161} INFO - Processing /home/osboxes/.local/lib/python3.8/site-packages/airflow/example_dags/subdags/subdag.py took 0.016 seconds
[2022-09-05 21:29:47,701] {processor.py:153} INFO - Started process (PID=173052) to work on /home/osboxes/.local/lib/python3.8/site-packages/airflow/example_dags/subdags/subdag.py
[2022-09-05 21:29:47,706] {processor.py:641} INFO - Processing file /home/osboxes/.local/lib/python3.8/site-packages/airflow/example_dags/subdags/subdag.py for tasks to queue
[2022-09-05 21:29:47,706] {logging_mixin.py:115} INFO - [2022-09-05 21:29:47,706] {dagbag.py:507} INFO - Filling up the DagBag from /home/osboxes/.local/lib/python3.8/site-packages/airflow/example_dags/subdags/subdag.py
[2022-09-05 21:29:47,708] {processor.py:653} WARNING - No viable dags retrieved from /home/osboxes/.local/lib/python3.8/site-packages/airflow/example_dags/subdags/subdag.py
[2022-09-05 21:29:47,730] {processor.py:161} INFO - Processing /home/osboxes/.local/lib/python3.8/site-packages/airflow/example_dags/subdags/subdag.py took 0.031 seconds
[2022-09-05 21:30:30,072] {processor.py:153} INFO - Started process (PID=173381) to work on /home/osboxes/.local/lib/python3.8/site-packages/airflow/example_dags/subdags/subdag.py
[2022-09-05 21:30:30,074] {processor.py:641} INFO - Processing file /home/osboxes/.local/lib/python3.8/site-packages/airflow/example_dags/subdags/subdag.py for tasks to queue
[2022-09-05 21:30:30,075] {logging_mixin.py:115} INFO - [2022-09-05 21:30:30,074] {dagbag.py:507} INFO - Filling up the DagBag from /home/osboxes/.local/lib/python3.8/site-packages/airflow/example_dags/subdags/subdag.py
[2022-09-05 21:30:30,077] {processor.py:653} WARNING - No viable dags retrieved from /home/osboxes/.local/lib/python3.8/site-packages/airflow/example_dags/subdags/subdag.py
[2022-09-05 21:30:30,090] {processor.py:161} INFO - Processing /home/osboxes/.local/lib/python3.8/site-packages/airflow/example_dags/subdags/subdag.py took 0.021 seconds
[2022-09-05 21:31:13,140] {processor.py:153} INFO - Started process (PID=173726) to work on /home/osboxes/.local/lib/python3.8/site-packages/airflow/example_dags/subdags/subdag.py
[2022-09-05 21:31:13,142] {processor.py:641} INFO - Processing file /home/osboxes/.local/lib/python3.8/site-packages/airflow/example_dags/subdags/subdag.py for tasks to queue
[2022-09-05 21:31:13,143] {logging_mixin.py:115} INFO - [2022-09-05 21:31:13,143] {dagbag.py:507} INFO - Filling up the DagBag from /home/osboxes/.local/lib/python3.8/site-packages/airflow/example_dags/subdags/subdag.py
[2022-09-05 21:31:13,146] {processor.py:653} WARNING - No viable dags retrieved from /home/osboxes/.local/lib/python3.8/site-packages/airflow/example_dags/subdags/subdag.py
[2022-09-05 21:31:13,157] {processor.py:161} INFO - Processing /home/osboxes/.local/lib/python3.8/site-packages/airflow/example_dags/subdags/subdag.py took 0.019 seconds
[2022-09-05 21:31:52,806] {processor.py:153} INFO - Started process (PID=174043) to work on /home/osboxes/.local/lib/python3.8/site-packages/airflow/example_dags/subdags/subdag.py
[2022-09-05 21:31:52,808] {processor.py:641} INFO - Processing file /home/osboxes/.local/lib/python3.8/site-packages/airflow/example_dags/subdags/subdag.py for tasks to queue
[2022-09-05 21:31:52,809] {logging_mixin.py:115} INFO - [2022-09-05 21:31:52,809] {dagbag.py:507} INFO - Filling up the DagBag from /home/osboxes/.local/lib/python3.8/site-packages/airflow/example_dags/subdags/subdag.py
[2022-09-05 21:31:52,810] {processor.py:653} WARNING - No viable dags retrieved from /home/osboxes/.local/lib/python3.8/site-packages/airflow/example_dags/subdags/subdag.py
[2022-09-05 21:31:52,821] {processor.py:161} INFO - Processing /home/osboxes/.local/lib/python3.8/site-packages/airflow/example_dags/subdags/subdag.py took 0.017 seconds
[2022-09-05 21:32:36,226] {processor.py:153} INFO - Started process (PID=174392) to work on /home/osboxes/.local/lib/python3.8/site-packages/airflow/example_dags/subdags/subdag.py
[2022-09-05 21:32:36,228] {processor.py:641} INFO - Processing file /home/osboxes/.local/lib/python3.8/site-packages/airflow/example_dags/subdags/subdag.py for tasks to queue
[2022-09-05 21:32:36,228] {logging_mixin.py:115} INFO - [2022-09-05 21:32:36,228] {dagbag.py:507} INFO - Filling up the DagBag from /home/osboxes/.local/lib/python3.8/site-packages/airflow/example_dags/subdags/subdag.py
[2022-09-05 21:32:36,230] {processor.py:653} WARNING - No viable dags retrieved from /home/osboxes/.local/lib/python3.8/site-packages/airflow/example_dags/subdags/subdag.py
[2022-09-05 21:32:36,241] {processor.py:161} INFO - Processing /home/osboxes/.local/lib/python3.8/site-packages/airflow/example_dags/subdags/subdag.py took 0.018 seconds
[2022-09-05 21:33:19,582] {processor.py:153} INFO - Started process (PID=174780) to work on /home/osboxes/.local/lib/python3.8/site-packages/airflow/example_dags/subdags/subdag.py
[2022-09-05 21:33:19,584] {processor.py:641} INFO - Processing file /home/osboxes/.local/lib/python3.8/site-packages/airflow/example_dags/subdags/subdag.py for tasks to queue
[2022-09-05 21:33:19,584] {logging_mixin.py:115} INFO - [2022-09-05 21:33:19,584] {dagbag.py:507} INFO - Filling up the DagBag from /home/osboxes/.local/lib/python3.8/site-packages/airflow/example_dags/subdags/subdag.py
[2022-09-05 21:33:19,586] {processor.py:653} WARNING - No viable dags retrieved from /home/osboxes/.local/lib/python3.8/site-packages/airflow/example_dags/subdags/subdag.py
[2022-09-05 21:33:19,596] {processor.py:161} INFO - Processing /home/osboxes/.local/lib/python3.8/site-packages/airflow/example_dags/subdags/subdag.py took 0.016 seconds
[2022-09-05 21:34:03,109] {processor.py:153} INFO - Started process (PID=175119) to work on /home/osboxes/.local/lib/python3.8/site-packages/airflow/example_dags/subdags/subdag.py
[2022-09-05 21:34:03,111] {processor.py:641} INFO - Processing file /home/osboxes/.local/lib/python3.8/site-packages/airflow/example_dags/subdags/subdag.py for tasks to queue
[2022-09-05 21:34:03,111] {logging_mixin.py:115} INFO - [2022-09-05 21:34:03,111] {dagbag.py:507} INFO - Filling up the DagBag from /home/osboxes/.local/lib/python3.8/site-packages/airflow/example_dags/subdags/subdag.py
[2022-09-05 21:34:03,112] {processor.py:653} WARNING - No viable dags retrieved from /home/osboxes/.local/lib/python3.8/site-packages/airflow/example_dags/subdags/subdag.py
[2022-09-05 21:34:03,124] {processor.py:161} INFO - Processing /home/osboxes/.local/lib/python3.8/site-packages/airflow/example_dags/subdags/subdag.py took 0.018 seconds
[2022-09-05 21:34:44,887] {processor.py:153} INFO - Started process (PID=175451) to work on /home/osboxes/.local/lib/python3.8/site-packages/airflow/example_dags/subdags/subdag.py
[2022-09-05 21:34:44,889] {processor.py:641} INFO - Processing file /home/osboxes/.local/lib/python3.8/site-packages/airflow/example_dags/subdags/subdag.py for tasks to queue
[2022-09-05 21:34:44,890] {logging_mixin.py:115} INFO - [2022-09-05 21:34:44,889] {dagbag.py:507} INFO - Filling up the DagBag from /home/osboxes/.local/lib/python3.8/site-packages/airflow/example_dags/subdags/subdag.py
[2022-09-05 21:34:44,891] {processor.py:653} WARNING - No viable dags retrieved from /home/osboxes/.local/lib/python3.8/site-packages/airflow/example_dags/subdags/subdag.py
[2022-09-05 21:34:44,903] {processor.py:161} INFO - Processing /home/osboxes/.local/lib/python3.8/site-packages/airflow/example_dags/subdags/subdag.py took 0.018 seconds
[2022-09-05 21:35:28,126] {processor.py:153} INFO - Started process (PID=175798) to work on /home/osboxes/.local/lib/python3.8/site-packages/airflow/example_dags/subdags/subdag.py
[2022-09-05 21:35:28,128] {processor.py:641} INFO - Processing file /home/osboxes/.local/lib/python3.8/site-packages/airflow/example_dags/subdags/subdag.py for tasks to queue
[2022-09-05 21:35:28,129] {logging_mixin.py:115} INFO - [2022-09-05 21:35:28,128] {dagbag.py:507} INFO - Filling up the DagBag from /home/osboxes/.local/lib/python3.8/site-packages/airflow/example_dags/subdags/subdag.py
[2022-09-05 21:35:28,130] {processor.py:653} WARNING - No viable dags retrieved from /home/osboxes/.local/lib/python3.8/site-packages/airflow/example_dags/subdags/subdag.py
[2022-09-05 21:35:28,148] {processor.py:161} INFO - Processing /home/osboxes/.local/lib/python3.8/site-packages/airflow/example_dags/subdags/subdag.py took 0.028 seconds
[2022-09-05 21:36:14,289] {processor.py:153} INFO - Started process (PID=176165) to work on /home/osboxes/.local/lib/python3.8/site-packages/airflow/example_dags/subdags/subdag.py
[2022-09-05 21:36:14,299] {processor.py:641} INFO - Processing file /home/osboxes/.local/lib/python3.8/site-packages/airflow/example_dags/subdags/subdag.py for tasks to queue
[2022-09-05 21:36:14,300] {logging_mixin.py:115} INFO - [2022-09-05 21:36:14,300] {dagbag.py:507} INFO - Filling up the DagBag from /home/osboxes/.local/lib/python3.8/site-packages/airflow/example_dags/subdags/subdag.py
[2022-09-05 21:36:14,301] {processor.py:653} WARNING - No viable dags retrieved from /home/osboxes/.local/lib/python3.8/site-packages/airflow/example_dags/subdags/subdag.py
[2022-09-05 21:36:14,315] {processor.py:161} INFO - Processing /home/osboxes/.local/lib/python3.8/site-packages/airflow/example_dags/subdags/subdag.py took 0.029 seconds
[2022-09-05 21:36:58,268] {processor.py:153} INFO - Started process (PID=176497) to work on /home/osboxes/.local/lib/python3.8/site-packages/airflow/example_dags/subdags/subdag.py
[2022-09-05 21:36:58,272] {processor.py:641} INFO - Processing file /home/osboxes/.local/lib/python3.8/site-packages/airflow/example_dags/subdags/subdag.py for tasks to queue
[2022-09-05 21:36:58,273] {logging_mixin.py:115} INFO - [2022-09-05 21:36:58,273] {dagbag.py:507} INFO - Filling up the DagBag from /home/osboxes/.local/lib/python3.8/site-packages/airflow/example_dags/subdags/subdag.py
[2022-09-05 21:36:58,274] {processor.py:653} WARNING - No viable dags retrieved from /home/osboxes/.local/lib/python3.8/site-packages/airflow/example_dags/subdags/subdag.py
[2022-09-05 21:36:58,288] {processor.py:161} INFO - Processing /home/osboxes/.local/lib/python3.8/site-packages/airflow/example_dags/subdags/subdag.py took 0.023 seconds
[2022-09-05 21:37:45,451] {processor.py:153} INFO - Started process (PID=176873) to work on /home/osboxes/.local/lib/python3.8/site-packages/airflow/example_dags/subdags/subdag.py
[2022-09-05 21:37:45,452] {processor.py:641} INFO - Processing file /home/osboxes/.local/lib/python3.8/site-packages/airflow/example_dags/subdags/subdag.py for tasks to queue
[2022-09-05 21:37:45,453] {logging_mixin.py:115} INFO - [2022-09-05 21:37:45,453] {dagbag.py:507} INFO - Filling up the DagBag from /home/osboxes/.local/lib/python3.8/site-packages/airflow/example_dags/subdags/subdag.py
[2022-09-05 21:37:45,454] {processor.py:653} WARNING - No viable dags retrieved from /home/osboxes/.local/lib/python3.8/site-packages/airflow/example_dags/subdags/subdag.py
[2022-09-05 21:37:45,465] {processor.py:161} INFO - Processing /home/osboxes/.local/lib/python3.8/site-packages/airflow/example_dags/subdags/subdag.py took 0.017 seconds
[2022-09-05 21:38:29,322] {processor.py:153} INFO - Started process (PID=177289) to work on /home/osboxes/.local/lib/python3.8/site-packages/airflow/example_dags/subdags/subdag.py
[2022-09-05 21:38:29,324] {processor.py:641} INFO - Processing file /home/osboxes/.local/lib/python3.8/site-packages/airflow/example_dags/subdags/subdag.py for tasks to queue
[2022-09-05 21:38:29,324] {logging_mixin.py:115} INFO - [2022-09-05 21:38:29,324] {dagbag.py:507} INFO - Filling up the DagBag from /home/osboxes/.local/lib/python3.8/site-packages/airflow/example_dags/subdags/subdag.py
[2022-09-05 21:38:29,325] {processor.py:653} WARNING - No viable dags retrieved from /home/osboxes/.local/lib/python3.8/site-packages/airflow/example_dags/subdags/subdag.py
[2022-09-05 21:38:29,335] {processor.py:161} INFO - Processing /home/osboxes/.local/lib/python3.8/site-packages/airflow/example_dags/subdags/subdag.py took 0.016 seconds
[2022-09-05 21:39:12,789] {processor.py:153} INFO - Started process (PID=177621) to work on /home/osboxes/.local/lib/python3.8/site-packages/airflow/example_dags/subdags/subdag.py
[2022-09-05 21:39:12,792] {processor.py:641} INFO - Processing file /home/osboxes/.local/lib/python3.8/site-packages/airflow/example_dags/subdags/subdag.py for tasks to queue
[2022-09-05 21:39:12,793] {logging_mixin.py:115} INFO - [2022-09-05 21:39:12,793] {dagbag.py:507} INFO - Filling up the DagBag from /home/osboxes/.local/lib/python3.8/site-packages/airflow/example_dags/subdags/subdag.py
[2022-09-05 21:39:12,794] {processor.py:653} WARNING - No viable dags retrieved from /home/osboxes/.local/lib/python3.8/site-packages/airflow/example_dags/subdags/subdag.py
[2022-09-05 21:39:12,804] {processor.py:161} INFO - Processing /home/osboxes/.local/lib/python3.8/site-packages/airflow/example_dags/subdags/subdag.py took 0.018 seconds
[2022-09-05 21:40:07,430] {processor.py:153} INFO - Started process (PID=178030) to work on /home/osboxes/.local/lib/python3.8/site-packages/airflow/example_dags/subdags/subdag.py
[2022-09-05 21:40:07,432] {processor.py:641} INFO - Processing file /home/osboxes/.local/lib/python3.8/site-packages/airflow/example_dags/subdags/subdag.py for tasks to queue
[2022-09-05 21:40:07,433] {logging_mixin.py:115} INFO - [2022-09-05 21:40:07,433] {dagbag.py:507} INFO - Filling up the DagBag from /home/osboxes/.local/lib/python3.8/site-packages/airflow/example_dags/subdags/subdag.py
[2022-09-05 21:40:07,435] {processor.py:653} WARNING - No viable dags retrieved from /home/osboxes/.local/lib/python3.8/site-packages/airflow/example_dags/subdags/subdag.py
[2022-09-05 21:40:07,447] {processor.py:161} INFO - Processing /home/osboxes/.local/lib/python3.8/site-packages/airflow/example_dags/subdags/subdag.py took 0.020 seconds
[2022-09-05 21:40:55,605] {processor.py:153} INFO - Started process (PID=178399) to work on /home/osboxes/.local/lib/python3.8/site-packages/airflow/example_dags/subdags/subdag.py
[2022-09-05 21:40:55,606] {processor.py:641} INFO - Processing file /home/osboxes/.local/lib/python3.8/site-packages/airflow/example_dags/subdags/subdag.py for tasks to queue
[2022-09-05 21:40:55,606] {logging_mixin.py:115} INFO - [2022-09-05 21:40:55,606] {dagbag.py:507} INFO - Filling up the DagBag from /home/osboxes/.local/lib/python3.8/site-packages/airflow/example_dags/subdags/subdag.py
[2022-09-05 21:40:55,608] {processor.py:653} WARNING - No viable dags retrieved from /home/osboxes/.local/lib/python3.8/site-packages/airflow/example_dags/subdags/subdag.py
[2022-09-05 21:40:55,617] {processor.py:161} INFO - Processing /home/osboxes/.local/lib/python3.8/site-packages/airflow/example_dags/subdags/subdag.py took 0.015 seconds
[2022-09-05 21:41:41,422] {processor.py:153} INFO - Started process (PID=178752) to work on /home/osboxes/.local/lib/python3.8/site-packages/airflow/example_dags/subdags/subdag.py
[2022-09-05 21:41:41,425] {processor.py:641} INFO - Processing file /home/osboxes/.local/lib/python3.8/site-packages/airflow/example_dags/subdags/subdag.py for tasks to queue
[2022-09-05 21:41:41,426] {logging_mixin.py:115} INFO - [2022-09-05 21:41:41,426] {dagbag.py:507} INFO - Filling up the DagBag from /home/osboxes/.local/lib/python3.8/site-packages/airflow/example_dags/subdags/subdag.py
[2022-09-05 21:41:41,453] {processor.py:653} WARNING - No viable dags retrieved from /home/osboxes/.local/lib/python3.8/site-packages/airflow/example_dags/subdags/subdag.py
[2022-09-05 21:41:41,487] {processor.py:161} INFO - Processing /home/osboxes/.local/lib/python3.8/site-packages/airflow/example_dags/subdags/subdag.py took 0.083 seconds
[2022-09-05 21:42:24,437] {processor.py:153} INFO - Started process (PID=179111) to work on /home/osboxes/.local/lib/python3.8/site-packages/airflow/example_dags/subdags/subdag.py
[2022-09-05 21:42:24,439] {processor.py:641} INFO - Processing file /home/osboxes/.local/lib/python3.8/site-packages/airflow/example_dags/subdags/subdag.py for tasks to queue
[2022-09-05 21:42:24,439] {logging_mixin.py:115} INFO - [2022-09-05 21:42:24,439] {dagbag.py:507} INFO - Filling up the DagBag from /home/osboxes/.local/lib/python3.8/site-packages/airflow/example_dags/subdags/subdag.py
[2022-09-05 21:42:24,440] {processor.py:653} WARNING - No viable dags retrieved from /home/osboxes/.local/lib/python3.8/site-packages/airflow/example_dags/subdags/subdag.py
[2022-09-05 21:42:24,450] {processor.py:161} INFO - Processing /home/osboxes/.local/lib/python3.8/site-packages/airflow/example_dags/subdags/subdag.py took 0.015 seconds
[2022-09-05 21:43:06,605] {processor.py:153} INFO - Started process (PID=179436) to work on /home/osboxes/.local/lib/python3.8/site-packages/airflow/example_dags/subdags/subdag.py
[2022-09-05 21:43:06,608] {processor.py:641} INFO - Processing file /home/osboxes/.local/lib/python3.8/site-packages/airflow/example_dags/subdags/subdag.py for tasks to queue
[2022-09-05 21:43:06,609] {logging_mixin.py:115} INFO - [2022-09-05 21:43:06,609] {dagbag.py:507} INFO - Filling up the DagBag from /home/osboxes/.local/lib/python3.8/site-packages/airflow/example_dags/subdags/subdag.py
[2022-09-05 21:43:06,611] {processor.py:653} WARNING - No viable dags retrieved from /home/osboxes/.local/lib/python3.8/site-packages/airflow/example_dags/subdags/subdag.py
[2022-09-05 21:43:06,625] {processor.py:161} INFO - Processing /home/osboxes/.local/lib/python3.8/site-packages/airflow/example_dags/subdags/subdag.py took 0.022 seconds
[2022-09-05 21:43:51,806] {processor.py:153} INFO - Started process (PID=179839) to work on /home/osboxes/.local/lib/python3.8/site-packages/airflow/example_dags/subdags/subdag.py
[2022-09-05 21:43:51,807] {processor.py:641} INFO - Processing file /home/osboxes/.local/lib/python3.8/site-packages/airflow/example_dags/subdags/subdag.py for tasks to queue
[2022-09-05 21:43:51,808] {logging_mixin.py:115} INFO - [2022-09-05 21:43:51,808] {dagbag.py:507} INFO - Filling up the DagBag from /home/osboxes/.local/lib/python3.8/site-packages/airflow/example_dags/subdags/subdag.py
[2022-09-05 21:43:51,809] {processor.py:653} WARNING - No viable dags retrieved from /home/osboxes/.local/lib/python3.8/site-packages/airflow/example_dags/subdags/subdag.py
[2022-09-05 21:43:51,819] {processor.py:161} INFO - Processing /home/osboxes/.local/lib/python3.8/site-packages/airflow/example_dags/subdags/subdag.py took 0.017 seconds
[2022-09-05 21:44:41,910] {processor.py:153} INFO - Started process (PID=180228) to work on /home/osboxes/.local/lib/python3.8/site-packages/airflow/example_dags/subdags/subdag.py
[2022-09-05 21:44:41,912] {processor.py:641} INFO - Processing file /home/osboxes/.local/lib/python3.8/site-packages/airflow/example_dags/subdags/subdag.py for tasks to queue
[2022-09-05 21:44:41,913] {logging_mixin.py:115} INFO - [2022-09-05 21:44:41,913] {dagbag.py:507} INFO - Filling up the DagBag from /home/osboxes/.local/lib/python3.8/site-packages/airflow/example_dags/subdags/subdag.py
[2022-09-05 21:44:41,914] {processor.py:653} WARNING - No viable dags retrieved from /home/osboxes/.local/lib/python3.8/site-packages/airflow/example_dags/subdags/subdag.py
[2022-09-05 21:44:41,928] {processor.py:161} INFO - Processing /home/osboxes/.local/lib/python3.8/site-packages/airflow/example_dags/subdags/subdag.py took 0.020 seconds
[2022-09-05 21:45:34,839] {processor.py:153} INFO - Started process (PID=180652) to work on /home/osboxes/.local/lib/python3.8/site-packages/airflow/example_dags/subdags/subdag.py
[2022-09-05 21:45:34,840] {processor.py:641} INFO - Processing file /home/osboxes/.local/lib/python3.8/site-packages/airflow/example_dags/subdags/subdag.py for tasks to queue
[2022-09-05 21:45:34,841] {logging_mixin.py:115} INFO - [2022-09-05 21:45:34,841] {dagbag.py:507} INFO - Filling up the DagBag from /home/osboxes/.local/lib/python3.8/site-packages/airflow/example_dags/subdags/subdag.py
[2022-09-05 21:45:34,842] {processor.py:653} WARNING - No viable dags retrieved from /home/osboxes/.local/lib/python3.8/site-packages/airflow/example_dags/subdags/subdag.py
[2022-09-05 21:45:34,855] {processor.py:161} INFO - Processing /home/osboxes/.local/lib/python3.8/site-packages/airflow/example_dags/subdags/subdag.py took 0.020 seconds
[2022-09-05 21:46:16,927] {processor.py:153} INFO - Started process (PID=180980) to work on /home/osboxes/.local/lib/python3.8/site-packages/airflow/example_dags/subdags/subdag.py
[2022-09-05 21:46:16,929] {processor.py:641} INFO - Processing file /home/osboxes/.local/lib/python3.8/site-packages/airflow/example_dags/subdags/subdag.py for tasks to queue
[2022-09-05 21:46:16,929] {logging_mixin.py:115} INFO - [2022-09-05 21:46:16,929] {dagbag.py:507} INFO - Filling up the DagBag from /home/osboxes/.local/lib/python3.8/site-packages/airflow/example_dags/subdags/subdag.py
[2022-09-05 21:46:16,930] {processor.py:653} WARNING - No viable dags retrieved from /home/osboxes/.local/lib/python3.8/site-packages/airflow/example_dags/subdags/subdag.py
[2022-09-05 21:46:16,943] {processor.py:161} INFO - Processing /home/osboxes/.local/lib/python3.8/site-packages/airflow/example_dags/subdags/subdag.py took 0.018 seconds
[2022-09-05 21:47:09,807] {processor.py:153} INFO - Started process (PID=181394) to work on /home/osboxes/.local/lib/python3.8/site-packages/airflow/example_dags/subdags/subdag.py
[2022-09-05 21:47:09,808] {processor.py:641} INFO - Processing file /home/osboxes/.local/lib/python3.8/site-packages/airflow/example_dags/subdags/subdag.py for tasks to queue
[2022-09-05 21:47:09,809] {logging_mixin.py:115} INFO - [2022-09-05 21:47:09,809] {dagbag.py:507} INFO - Filling up the DagBag from /home/osboxes/.local/lib/python3.8/site-packages/airflow/example_dags/subdags/subdag.py
[2022-09-05 21:47:09,810] {processor.py:653} WARNING - No viable dags retrieved from /home/osboxes/.local/lib/python3.8/site-packages/airflow/example_dags/subdags/subdag.py
[2022-09-05 21:47:09,821] {processor.py:161} INFO - Processing /home/osboxes/.local/lib/python3.8/site-packages/airflow/example_dags/subdags/subdag.py took 0.017 seconds
[2022-09-05 21:47:56,277] {processor.py:153} INFO - Started process (PID=181766) to work on /home/osboxes/.local/lib/python3.8/site-packages/airflow/example_dags/subdags/subdag.py
[2022-09-05 21:47:56,278] {processor.py:641} INFO - Processing file /home/osboxes/.local/lib/python3.8/site-packages/airflow/example_dags/subdags/subdag.py for tasks to queue
[2022-09-05 21:47:56,279] {logging_mixin.py:115} INFO - [2022-09-05 21:47:56,279] {dagbag.py:507} INFO - Filling up the DagBag from /home/osboxes/.local/lib/python3.8/site-packages/airflow/example_dags/subdags/subdag.py
[2022-09-05 21:47:56,280] {processor.py:653} WARNING - No viable dags retrieved from /home/osboxes/.local/lib/python3.8/site-packages/airflow/example_dags/subdags/subdag.py
[2022-09-05 21:47:56,290] {processor.py:161} INFO - Processing /home/osboxes/.local/lib/python3.8/site-packages/airflow/example_dags/subdags/subdag.py took 0.016 seconds
[2022-09-05 21:48:42,824] {processor.py:153} INFO - Started process (PID=182183) to work on /home/osboxes/.local/lib/python3.8/site-packages/airflow/example_dags/subdags/subdag.py
[2022-09-05 21:48:42,825] {processor.py:641} INFO - Processing file /home/osboxes/.local/lib/python3.8/site-packages/airflow/example_dags/subdags/subdag.py for tasks to queue
[2022-09-05 21:48:42,826] {logging_mixin.py:115} INFO - [2022-09-05 21:48:42,826] {dagbag.py:507} INFO - Filling up the DagBag from /home/osboxes/.local/lib/python3.8/site-packages/airflow/example_dags/subdags/subdag.py
[2022-09-05 21:48:42,827] {processor.py:653} WARNING - No viable dags retrieved from /home/osboxes/.local/lib/python3.8/site-packages/airflow/example_dags/subdags/subdag.py
[2022-09-05 21:48:42,841] {processor.py:161} INFO - Processing /home/osboxes/.local/lib/python3.8/site-packages/airflow/example_dags/subdags/subdag.py took 0.020 seconds
[2022-09-05 21:49:24,467] {processor.py:153} INFO - Started process (PID=182509) to work on /home/osboxes/.local/lib/python3.8/site-packages/airflow/example_dags/subdags/subdag.py
[2022-09-05 21:49:24,469] {processor.py:641} INFO - Processing file /home/osboxes/.local/lib/python3.8/site-packages/airflow/example_dags/subdags/subdag.py for tasks to queue
[2022-09-05 21:49:24,470] {logging_mixin.py:115} INFO - [2022-09-05 21:49:24,470] {dagbag.py:507} INFO - Filling up the DagBag from /home/osboxes/.local/lib/python3.8/site-packages/airflow/example_dags/subdags/subdag.py
[2022-09-05 21:49:24,471] {processor.py:653} WARNING - No viable dags retrieved from /home/osboxes/.local/lib/python3.8/site-packages/airflow/example_dags/subdags/subdag.py
[2022-09-05 21:49:24,482] {processor.py:161} INFO - Processing /home/osboxes/.local/lib/python3.8/site-packages/airflow/example_dags/subdags/subdag.py took 0.017 seconds
[2022-09-05 21:50:04,873] {processor.py:153} INFO - Started process (PID=182833) to work on /home/osboxes/.local/lib/python3.8/site-packages/airflow/example_dags/subdags/subdag.py
[2022-09-05 21:50:04,874] {processor.py:641} INFO - Processing file /home/osboxes/.local/lib/python3.8/site-packages/airflow/example_dags/subdags/subdag.py for tasks to queue
[2022-09-05 21:50:04,875] {logging_mixin.py:115} INFO - [2022-09-05 21:50:04,875] {dagbag.py:507} INFO - Filling up the DagBag from /home/osboxes/.local/lib/python3.8/site-packages/airflow/example_dags/subdags/subdag.py
[2022-09-05 21:50:04,876] {processor.py:653} WARNING - No viable dags retrieved from /home/osboxes/.local/lib/python3.8/site-packages/airflow/example_dags/subdags/subdag.py
[2022-09-05 21:50:04,886] {processor.py:161} INFO - Processing /home/osboxes/.local/lib/python3.8/site-packages/airflow/example_dags/subdags/subdag.py took 0.016 seconds
[2022-09-05 21:50:50,313] {processor.py:153} INFO - Started process (PID=183158) to work on /home/osboxes/.local/lib/python3.8/site-packages/airflow/example_dags/subdags/subdag.py
[2022-09-05 21:50:50,316] {processor.py:641} INFO - Processing file /home/osboxes/.local/lib/python3.8/site-packages/airflow/example_dags/subdags/subdag.py for tasks to queue
[2022-09-05 21:50:50,317] {logging_mixin.py:115} INFO - [2022-09-05 21:50:50,317] {dagbag.py:507} INFO - Filling up the DagBag from /home/osboxes/.local/lib/python3.8/site-packages/airflow/example_dags/subdags/subdag.py
[2022-09-05 21:50:50,319] {processor.py:653} WARNING - No viable dags retrieved from /home/osboxes/.local/lib/python3.8/site-packages/airflow/example_dags/subdags/subdag.py
[2022-09-05 21:50:50,336] {processor.py:161} INFO - Processing /home/osboxes/.local/lib/python3.8/site-packages/airflow/example_dags/subdags/subdag.py took 0.027 seconds
[2022-09-05 21:51:31,228] {processor.py:153} INFO - Started process (PID=183482) to work on /home/osboxes/.local/lib/python3.8/site-packages/airflow/example_dags/subdags/subdag.py
[2022-09-05 21:51:31,231] {processor.py:641} INFO - Processing file /home/osboxes/.local/lib/python3.8/site-packages/airflow/example_dags/subdags/subdag.py for tasks to queue
[2022-09-05 21:51:31,231] {logging_mixin.py:115} INFO - [2022-09-05 21:51:31,231] {dagbag.py:507} INFO - Filling up the DagBag from /home/osboxes/.local/lib/python3.8/site-packages/airflow/example_dags/subdags/subdag.py
[2022-09-05 21:51:31,232] {processor.py:653} WARNING - No viable dags retrieved from /home/osboxes/.local/lib/python3.8/site-packages/airflow/example_dags/subdags/subdag.py
[2022-09-05 21:51:31,241] {processor.py:161} INFO - Processing /home/osboxes/.local/lib/python3.8/site-packages/airflow/example_dags/subdags/subdag.py took 0.015 seconds
[2022-09-05 21:52:13,051] {processor.py:153} INFO - Started process (PID=183808) to work on /home/osboxes/.local/lib/python3.8/site-packages/airflow/example_dags/subdags/subdag.py
[2022-09-05 21:52:13,052] {processor.py:641} INFO - Processing file /home/osboxes/.local/lib/python3.8/site-packages/airflow/example_dags/subdags/subdag.py for tasks to queue
[2022-09-05 21:52:13,053] {logging_mixin.py:115} INFO - [2022-09-05 21:52:13,053] {dagbag.py:507} INFO - Filling up the DagBag from /home/osboxes/.local/lib/python3.8/site-packages/airflow/example_dags/subdags/subdag.py
[2022-09-05 21:52:13,054] {processor.py:653} WARNING - No viable dags retrieved from /home/osboxes/.local/lib/python3.8/site-packages/airflow/example_dags/subdags/subdag.py
[2022-09-05 21:52:13,065] {processor.py:161} INFO - Processing /home/osboxes/.local/lib/python3.8/site-packages/airflow/example_dags/subdags/subdag.py took 0.017 seconds
[2022-09-05 21:52:57,553] {processor.py:153} INFO - Started process (PID=184179) to work on /home/osboxes/.local/lib/python3.8/site-packages/airflow/example_dags/subdags/subdag.py
[2022-09-05 21:52:57,555] {processor.py:641} INFO - Processing file /home/osboxes/.local/lib/python3.8/site-packages/airflow/example_dags/subdags/subdag.py for tasks to queue
[2022-09-05 21:52:57,555] {logging_mixin.py:115} INFO - [2022-09-05 21:52:57,555] {dagbag.py:507} INFO - Filling up the DagBag from /home/osboxes/.local/lib/python3.8/site-packages/airflow/example_dags/subdags/subdag.py
[2022-09-05 21:52:57,557] {processor.py:653} WARNING - No viable dags retrieved from /home/osboxes/.local/lib/python3.8/site-packages/airflow/example_dags/subdags/subdag.py
[2022-09-05 21:52:57,568] {processor.py:161} INFO - Processing /home/osboxes/.local/lib/python3.8/site-packages/airflow/example_dags/subdags/subdag.py took 0.017 seconds
[2022-09-05 21:53:38,363] {processor.py:153} INFO - Started process (PID=184537) to work on /home/osboxes/.local/lib/python3.8/site-packages/airflow/example_dags/subdags/subdag.py
[2022-09-05 21:53:38,365] {processor.py:641} INFO - Processing file /home/osboxes/.local/lib/python3.8/site-packages/airflow/example_dags/subdags/subdag.py for tasks to queue
[2022-09-05 21:53:38,365] {logging_mixin.py:115} INFO - [2022-09-05 21:53:38,365] {dagbag.py:507} INFO - Filling up the DagBag from /home/osboxes/.local/lib/python3.8/site-packages/airflow/example_dags/subdags/subdag.py
[2022-09-05 21:53:38,366] {processor.py:653} WARNING - No viable dags retrieved from /home/osboxes/.local/lib/python3.8/site-packages/airflow/example_dags/subdags/subdag.py
[2022-09-05 21:53:38,378] {processor.py:161} INFO - Processing /home/osboxes/.local/lib/python3.8/site-packages/airflow/example_dags/subdags/subdag.py took 0.021 seconds
[2022-09-05 21:54:19,549] {processor.py:153} INFO - Started process (PID=184862) to work on /home/osboxes/.local/lib/python3.8/site-packages/airflow/example_dags/subdags/subdag.py
[2022-09-05 21:54:19,552] {processor.py:641} INFO - Processing file /home/osboxes/.local/lib/python3.8/site-packages/airflow/example_dags/subdags/subdag.py for tasks to queue
[2022-09-05 21:54:19,553] {logging_mixin.py:115} INFO - [2022-09-05 21:54:19,553] {dagbag.py:507} INFO - Filling up the DagBag from /home/osboxes/.local/lib/python3.8/site-packages/airflow/example_dags/subdags/subdag.py
[2022-09-05 21:54:19,554] {processor.py:653} WARNING - No viable dags retrieved from /home/osboxes/.local/lib/python3.8/site-packages/airflow/example_dags/subdags/subdag.py
[2022-09-05 21:54:19,566] {processor.py:161} INFO - Processing /home/osboxes/.local/lib/python3.8/site-packages/airflow/example_dags/subdags/subdag.py took 0.018 seconds
[2022-09-05 21:55:11,951] {processor.py:153} INFO - Started process (PID=185269) to work on /home/osboxes/.local/lib/python3.8/site-packages/airflow/example_dags/subdags/subdag.py
[2022-09-05 21:55:11,953] {processor.py:641} INFO - Processing file /home/osboxes/.local/lib/python3.8/site-packages/airflow/example_dags/subdags/subdag.py for tasks to queue
[2022-09-05 21:55:11,954] {logging_mixin.py:115} INFO - [2022-09-05 21:55:11,954] {dagbag.py:507} INFO - Filling up the DagBag from /home/osboxes/.local/lib/python3.8/site-packages/airflow/example_dags/subdags/subdag.py
[2022-09-05 21:55:11,956] {processor.py:653} WARNING - No viable dags retrieved from /home/osboxes/.local/lib/python3.8/site-packages/airflow/example_dags/subdags/subdag.py
[2022-09-05 21:55:11,971] {processor.py:161} INFO - Processing /home/osboxes/.local/lib/python3.8/site-packages/airflow/example_dags/subdags/subdag.py took 0.024 seconds
[2022-09-05 21:55:55,771] {processor.py:153} INFO - Started process (PID=185612) to work on /home/osboxes/.local/lib/python3.8/site-packages/airflow/example_dags/subdags/subdag.py
[2022-09-05 21:55:55,772] {processor.py:641} INFO - Processing file /home/osboxes/.local/lib/python3.8/site-packages/airflow/example_dags/subdags/subdag.py for tasks to queue
[2022-09-05 21:55:55,773] {logging_mixin.py:115} INFO - [2022-09-05 21:55:55,773] {dagbag.py:507} INFO - Filling up the DagBag from /home/osboxes/.local/lib/python3.8/site-packages/airflow/example_dags/subdags/subdag.py
[2022-09-05 21:55:55,774] {processor.py:653} WARNING - No viable dags retrieved from /home/osboxes/.local/lib/python3.8/site-packages/airflow/example_dags/subdags/subdag.py
[2022-09-05 21:55:55,785] {processor.py:161} INFO - Processing /home/osboxes/.local/lib/python3.8/site-packages/airflow/example_dags/subdags/subdag.py took 0.017 seconds
[2022-09-05 21:56:47,510] {processor.py:153} INFO - Started process (PID=186034) to work on /home/osboxes/.local/lib/python3.8/site-packages/airflow/example_dags/subdags/subdag.py
[2022-09-05 21:56:47,512] {processor.py:641} INFO - Processing file /home/osboxes/.local/lib/python3.8/site-packages/airflow/example_dags/subdags/subdag.py for tasks to queue
[2022-09-05 21:56:47,512] {logging_mixin.py:115} INFO - [2022-09-05 21:56:47,512] {dagbag.py:507} INFO - Filling up the DagBag from /home/osboxes/.local/lib/python3.8/site-packages/airflow/example_dags/subdags/subdag.py
[2022-09-05 21:56:47,514] {processor.py:653} WARNING - No viable dags retrieved from /home/osboxes/.local/lib/python3.8/site-packages/airflow/example_dags/subdags/subdag.py
[2022-09-05 21:56:47,524] {processor.py:161} INFO - Processing /home/osboxes/.local/lib/python3.8/site-packages/airflow/example_dags/subdags/subdag.py took 0.016 seconds
[2022-09-05 21:57:28,477] {processor.py:153} INFO - Started process (PID=186357) to work on /home/osboxes/.local/lib/python3.8/site-packages/airflow/example_dags/subdags/subdag.py
[2022-09-05 21:57:28,480] {processor.py:641} INFO - Processing file /home/osboxes/.local/lib/python3.8/site-packages/airflow/example_dags/subdags/subdag.py for tasks to queue
[2022-09-05 21:57:28,481] {logging_mixin.py:115} INFO - [2022-09-05 21:57:28,481] {dagbag.py:507} INFO - Filling up the DagBag from /home/osboxes/.local/lib/python3.8/site-packages/airflow/example_dags/subdags/subdag.py
[2022-09-05 21:57:28,482] {processor.py:653} WARNING - No viable dags retrieved from /home/osboxes/.local/lib/python3.8/site-packages/airflow/example_dags/subdags/subdag.py
[2022-09-05 21:57:28,494] {processor.py:161} INFO - Processing /home/osboxes/.local/lib/python3.8/site-packages/airflow/example_dags/subdags/subdag.py took 0.020 seconds
[2022-09-05 21:58:19,264] {processor.py:153} INFO - Started process (PID=186779) to work on /home/osboxes/.local/lib/python3.8/site-packages/airflow/example_dags/subdags/subdag.py
[2022-09-05 21:58:19,266] {processor.py:641} INFO - Processing file /home/osboxes/.local/lib/python3.8/site-packages/airflow/example_dags/subdags/subdag.py for tasks to queue
[2022-09-05 21:58:19,266] {logging_mixin.py:115} INFO - [2022-09-05 21:58:19,266] {dagbag.py:507} INFO - Filling up the DagBag from /home/osboxes/.local/lib/python3.8/site-packages/airflow/example_dags/subdags/subdag.py
[2022-09-05 21:58:19,267] {processor.py:653} WARNING - No viable dags retrieved from /home/osboxes/.local/lib/python3.8/site-packages/airflow/example_dags/subdags/subdag.py
[2022-09-05 21:58:19,278] {processor.py:161} INFO - Processing /home/osboxes/.local/lib/python3.8/site-packages/airflow/example_dags/subdags/subdag.py took 0.016 seconds
[2022-09-05 21:59:11,717] {processor.py:153} INFO - Started process (PID=187185) to work on /home/osboxes/.local/lib/python3.8/site-packages/airflow/example_dags/subdags/subdag.py
[2022-09-05 21:59:11,731] {processor.py:641} INFO - Processing file /home/osboxes/.local/lib/python3.8/site-packages/airflow/example_dags/subdags/subdag.py for tasks to queue
[2022-09-05 21:59:11,731] {logging_mixin.py:115} INFO - [2022-09-05 21:59:11,731] {dagbag.py:507} INFO - Filling up the DagBag from /home/osboxes/.local/lib/python3.8/site-packages/airflow/example_dags/subdags/subdag.py
[2022-09-05 21:59:11,732] {processor.py:653} WARNING - No viable dags retrieved from /home/osboxes/.local/lib/python3.8/site-packages/airflow/example_dags/subdags/subdag.py
[2022-09-05 21:59:11,747] {processor.py:161} INFO - Processing /home/osboxes/.local/lib/python3.8/site-packages/airflow/example_dags/subdags/subdag.py took 0.033 seconds
[2022-09-05 22:00:28,209] {processor.py:153} INFO - Started process (PID=187792) to work on /home/osboxes/.local/lib/python3.8/site-packages/airflow/example_dags/subdags/subdag.py
[2022-09-05 22:00:28,310] {processor.py:641} INFO - Processing file /home/osboxes/.local/lib/python3.8/site-packages/airflow/example_dags/subdags/subdag.py for tasks to queue
[2022-09-05 22:00:28,310] {logging_mixin.py:115} INFO - [2022-09-05 22:00:28,310] {dagbag.py:507} INFO - Filling up the DagBag from /home/osboxes/.local/lib/python3.8/site-packages/airflow/example_dags/subdags/subdag.py
[2022-09-05 22:00:28,311] {processor.py:653} WARNING - No viable dags retrieved from /home/osboxes/.local/lib/python3.8/site-packages/airflow/example_dags/subdags/subdag.py
[2022-09-05 22:00:28,393] {processor.py:161} INFO - Processing /home/osboxes/.local/lib/python3.8/site-packages/airflow/example_dags/subdags/subdag.py took 0.490 seconds
[2022-09-05 22:02:57,233] {processor.py:153} INFO - Started process (PID=188935) to work on /home/osboxes/.local/lib/python3.8/site-packages/airflow/example_dags/subdags/subdag.py
[2022-09-05 22:02:57,271] {processor.py:641} INFO - Processing file /home/osboxes/.local/lib/python3.8/site-packages/airflow/example_dags/subdags/subdag.py for tasks to queue
[2022-09-05 22:02:57,271] {logging_mixin.py:115} INFO - [2022-09-05 22:02:57,271] {dagbag.py:507} INFO - Filling up the DagBag from /home/osboxes/.local/lib/python3.8/site-packages/airflow/example_dags/subdags/subdag.py
[2022-09-05 22:02:57,272] {processor.py:653} WARNING - No viable dags retrieved from /home/osboxes/.local/lib/python3.8/site-packages/airflow/example_dags/subdags/subdag.py
[2022-09-05 22:02:57,321] {processor.py:161} INFO - Processing /home/osboxes/.local/lib/python3.8/site-packages/airflow/example_dags/subdags/subdag.py took 0.090 seconds
[2022-09-05 22:06:12,061] {processor.py:153} INFO - Started process (PID=190340) to work on /home/osboxes/.local/lib/python3.8/site-packages/airflow/example_dags/subdags/subdag.py
[2022-09-05 22:06:12,065] {processor.py:641} INFO - Processing file /home/osboxes/.local/lib/python3.8/site-packages/airflow/example_dags/subdags/subdag.py for tasks to queue
[2022-09-05 22:06:12,068] {logging_mixin.py:115} INFO - [2022-09-05 22:06:12,068] {dagbag.py:507} INFO - Filling up the DagBag from /home/osboxes/.local/lib/python3.8/site-packages/airflow/example_dags/subdags/subdag.py
[2022-09-05 22:06:12,098] {processor.py:653} WARNING - No viable dags retrieved from /home/osboxes/.local/lib/python3.8/site-packages/airflow/example_dags/subdags/subdag.py
[2022-09-05 22:06:12,217] {processor.py:161} INFO - Processing /home/osboxes/.local/lib/python3.8/site-packages/airflow/example_dags/subdags/subdag.py took 0.227 seconds
