[2022-07-31 15:00:48,971] {taskinstance.py:1159} INFO - Dependencies all met for <TaskInstance: nse_daily_data_load.nse_download_files manual__2022-07-30T01:07:26.978376+00:00 [queued]>
[2022-07-31 15:00:49,009] {taskinstance.py:1159} INFO - Dependencies all met for <TaskInstance: nse_daily_data_load.nse_download_files manual__2022-07-30T01:07:26.978376+00:00 [queued]>
[2022-07-31 15:00:49,017] {taskinstance.py:1356} INFO - 
--------------------------------------------------------------------------------
[2022-07-31 15:00:49,017] {taskinstance.py:1357} INFO - Starting attempt 7 of 7
[2022-07-31 15:00:49,017] {taskinstance.py:1358} INFO - 
--------------------------------------------------------------------------------
[2022-07-31 15:00:49,076] {taskinstance.py:1377} INFO - Executing <Task(PythonOperator): nse_download_files> on 2022-07-30 01:07:26.978376+00:00
[2022-07-31 15:00:49,080] {standard_task_runner.py:52} INFO - Started process 836536 to run task
[2022-07-31 15:00:49,089] {standard_task_runner.py:79} INFO - Running: ['airflow', 'tasks', 'run', 'nse_daily_data_load', 'nse_download_files', 'manual__2022-07-30T01:07:26.978376+00:00', '--job-id', '116', '--raw', '--subdir', 'DAGS_FOLDER/nse_daily_load_stg.py', '--cfg-path', '/tmp/tmp6071dfjv', '--error-file', '/tmp/tmp2mklwc09']
[2022-07-31 15:00:49,115] {standard_task_runner.py:80} INFO - Job 116: Subtask nse_download_files
[2022-07-31 15:00:49,426] {task_command.py:369} INFO - Running <TaskInstance: nse_daily_data_load.nse_download_files manual__2022-07-30T01:07:26.978376+00:00 [running]> on host osboxes
[2022-07-31 15:00:49,554] {taskinstance.py:1569} INFO - Exporting the following env vars:
AIRFLOW_CTX_DAG_OWNER=Airflow
AIRFLOW_CTX_DAG_ID=nse_daily_data_load
AIRFLOW_CTX_TASK_ID=nse_download_files
AIRFLOW_CTX_EXECUTION_DATE=2022-07-30T01:07:26.978376+00:00
AIRFLOW_CTX_TRY_NUMBER=7
AIRFLOW_CTX_DAG_RUN_ID=manual__2022-07-30T01:07:26.978376+00:00
[2022-07-31 15:00:49,556] {logging_mixin.py:115} INFO - 
cm25JUL2022bhav
[2022-07-31 15:00:49,556] {logging_mixin.py:115} INFO - enter try in loop
[2022-07-31 15:00:49,556] {logging_mixin.py:115} INFO - https://www1.nseindia.com/content/historical/EQUITIES/2022/JUL/cm25JUL2022bhav.csv.zip
[2022-07-31 15:00:50,230] {logging_mixin.py:115} INFO - https://www1.nseindia.com/content/historical/EQUITIES/2022/JUL/cm25JUL2022bhav.csv.zip
[2022-07-31 15:00:50,231] {logging_mixin.py:115} INFO - 
cm26JUL2022bhav
[2022-07-31 15:00:50,231] {logging_mixin.py:115} INFO - enter try in loop
[2022-07-31 15:00:50,231] {logging_mixin.py:115} INFO - https://www1.nseindia.com/content/historical/EQUITIES/2022/JUL/cm26JUL2022bhav.csv.zip
[2022-07-31 15:00:50,797] {logging_mixin.py:115} INFO - https://www1.nseindia.com/content/historical/EQUITIES/2022/JUL/cm26JUL2022bhav.csv.zip
[2022-07-31 15:00:50,797] {logging_mixin.py:115} INFO - 
cm27JUL2022bhav
[2022-07-31 15:00:50,797] {logging_mixin.py:115} INFO - enter try in loop
[2022-07-31 15:00:50,797] {logging_mixin.py:115} INFO - https://www1.nseindia.com/content/historical/EQUITIES/2022/JUL/cm27JUL2022bhav.csv.zip
[2022-07-31 15:00:51,980] {logging_mixin.py:115} INFO - https://www1.nseindia.com/content/historical/EQUITIES/2022/JUL/cm27JUL2022bhav.csv.zip
[2022-07-31 15:00:51,980] {logging_mixin.py:115} INFO - 
cm28JUL2022bhav
[2022-07-31 15:00:51,980] {logging_mixin.py:115} INFO - enter try in loop
[2022-07-31 15:00:51,981] {logging_mixin.py:115} INFO - https://www1.nseindia.com/content/historical/EQUITIES/2022/JUL/cm28JUL2022bhav.csv.zip
[2022-07-31 15:00:52,592] {logging_mixin.py:115} INFO - https://www1.nseindia.com/content/historical/EQUITIES/2022/JUL/cm28JUL2022bhav.csv.zip
[2022-07-31 15:00:52,592] {logging_mixin.py:115} INFO - 
cm29JUL2022bhav
[2022-07-31 15:00:52,593] {logging_mixin.py:115} INFO - enter try in loop
[2022-07-31 15:00:52,593] {logging_mixin.py:115} INFO - https://www1.nseindia.com/content/historical/EQUITIES/2022/JUL/cm29JUL2022bhav.csv.zip
[2022-07-31 15:00:53,232] {logging_mixin.py:115} INFO - https://www1.nseindia.com/content/historical/EQUITIES/2022/JUL/cm29JUL2022bhav.csv.zip
[2022-07-31 15:00:53,232] {logging_mixin.py:115} INFO - 
cm30JUL2022bhav
[2022-07-31 15:00:53,232] {logging_mixin.py:115} INFO - enter try in loop
[2022-07-31 15:00:53,232] {logging_mixin.py:115} INFO - https://www1.nseindia.com/content/historical/EQUITIES/2022/JUL/cm30JUL2022bhav.csv.zip
[2022-07-31 15:00:53,547] {logging_mixin.py:115} INFO - issue occured
[2022-07-31 15:00:53,548] {logging_mixin.py:115} INFO - ['cm25JUL2022bhav.csv.zip', 'cm26JUL2022bhav.csv.zip', 'cm27JUL2022bhav.csv.zip', 'cm28JUL2022bhav.csv.zip', 'cm29JUL2022bhav.csv.zip']
[2022-07-31 15:00:53,548] {logging_mixin.py:115} INFO - cm25JUL2022bhav.csv.zip
[2022-07-31 15:00:53,575] {logging_mixin.py:115} INFO - cm26JUL2022bhav.csv.zip
[2022-07-31 15:00:53,579] {logging_mixin.py:115} INFO - cm27JUL2022bhav.csv.zip
[2022-07-31 15:00:53,582] {logging_mixin.py:115} INFO - cm28JUL2022bhav.csv.zip
[2022-07-31 15:00:53,604] {logging_mixin.py:115} INFO - cm29JUL2022bhav.csv.zip
[2022-07-31 15:00:53,606] {python.py:173} INFO - Done. Returned value was: None
[2022-07-31 15:00:53,613] {taskinstance.py:1395} INFO - Marking task as SUCCESS. dag_id=nse_daily_data_load, task_id=nse_download_files, execution_date=20220730T010726, start_date=20220731T190049, end_date=20220731T190053
[2022-07-31 15:00:53,931] {local_task_job.py:156} INFO - Task exited with return code 0
[2022-07-31 15:00:54,131] {local_task_job.py:273} INFO - 1 downstream tasks scheduled from follow-on schedule check
