[2022-08-23 00:07:33,635] {processor.py:153} INFO - Started process (PID=179547) to work on /home/osboxes/.local/lib/python3.8/site-packages/airflow/example_dags/example_time_delta_sensor_async.py
[2022-08-23 00:07:33,635] {processor.py:641} INFO - Processing file /home/osboxes/.local/lib/python3.8/site-packages/airflow/example_dags/example_time_delta_sensor_async.py for tasks to queue
[2022-08-23 00:07:33,635] {logging_mixin.py:115} INFO - [2022-08-23 00:07:33,635] {dagbag.py:507} INFO - Filling up the DagBag from /home/osboxes/.local/lib/python3.8/site-packages/airflow/example_dags/example_time_delta_sensor_async.py
[2022-08-23 00:07:33,640] {processor.py:651} INFO - DAG(s) dict_keys(['example_time_delta_sensor_async']) retrieved from /home/osboxes/.local/lib/python3.8/site-packages/airflow/example_dags/example_time_delta_sensor_async.py
[2022-08-23 00:07:33,674] {logging_mixin.py:115} INFO - [2022-08-23 00:07:33,674] {dag.py:2371} INFO - Sync 1 DAGs
[2022-08-23 00:07:33,687] {logging_mixin.py:115} INFO - [2022-08-23 00:07:33,687] {dag.py:2915} INFO - Setting next_dagrun for example_time_delta_sensor_async to None, run_after=None
[2022-08-23 00:07:33,727] {processor.py:161} INFO - Processing /home/osboxes/.local/lib/python3.8/site-packages/airflow/example_dags/example_time_delta_sensor_async.py took 0.098 seconds
[2022-08-23 00:08:15,170] {processor.py:153} INFO - Started process (PID=179874) to work on /home/osboxes/.local/lib/python3.8/site-packages/airflow/example_dags/example_time_delta_sensor_async.py
[2022-08-23 00:08:15,176] {processor.py:641} INFO - Processing file /home/osboxes/.local/lib/python3.8/site-packages/airflow/example_dags/example_time_delta_sensor_async.py for tasks to queue
[2022-08-23 00:08:15,177] {logging_mixin.py:115} INFO - [2022-08-23 00:08:15,177] {dagbag.py:507} INFO - Filling up the DagBag from /home/osboxes/.local/lib/python3.8/site-packages/airflow/example_dags/example_time_delta_sensor_async.py
[2022-08-23 00:08:15,180] {processor.py:651} INFO - DAG(s) dict_keys(['example_time_delta_sensor_async']) retrieved from /home/osboxes/.local/lib/python3.8/site-packages/airflow/example_dags/example_time_delta_sensor_async.py
[2022-08-23 00:08:15,310] {logging_mixin.py:115} INFO - [2022-08-23 00:08:15,310] {dag.py:2371} INFO - Sync 1 DAGs
[2022-08-23 00:08:15,323] {logging_mixin.py:115} INFO - [2022-08-23 00:08:15,323] {dag.py:2915} INFO - Setting next_dagrun for example_time_delta_sensor_async to None, run_after=None
[2022-08-23 00:08:15,404] {processor.py:161} INFO - Processing /home/osboxes/.local/lib/python3.8/site-packages/airflow/example_dags/example_time_delta_sensor_async.py took 0.235 seconds
[2022-08-23 00:08:58,403] {processor.py:153} INFO - Started process (PID=180242) to work on /home/osboxes/.local/lib/python3.8/site-packages/airflow/example_dags/example_time_delta_sensor_async.py
[2022-08-23 00:08:58,412] {processor.py:641} INFO - Processing file /home/osboxes/.local/lib/python3.8/site-packages/airflow/example_dags/example_time_delta_sensor_async.py for tasks to queue
[2022-08-23 00:08:58,412] {logging_mixin.py:115} INFO - [2022-08-23 00:08:58,412] {dagbag.py:507} INFO - Filling up the DagBag from /home/osboxes/.local/lib/python3.8/site-packages/airflow/example_dags/example_time_delta_sensor_async.py
[2022-08-23 00:08:58,416] {processor.py:651} INFO - DAG(s) dict_keys(['example_time_delta_sensor_async']) retrieved from /home/osboxes/.local/lib/python3.8/site-packages/airflow/example_dags/example_time_delta_sensor_async.py
[2022-08-23 00:08:58,480] {logging_mixin.py:115} INFO - [2022-08-23 00:08:58,480] {dag.py:2371} INFO - Sync 1 DAGs
[2022-08-23 00:08:58,495] {logging_mixin.py:115} INFO - [2022-08-23 00:08:58,495] {dag.py:2915} INFO - Setting next_dagrun for example_time_delta_sensor_async to None, run_after=None
[2022-08-23 00:08:58,520] {processor.py:161} INFO - Processing /home/osboxes/.local/lib/python3.8/site-packages/airflow/example_dags/example_time_delta_sensor_async.py took 0.120 seconds
[2022-08-23 00:09:35,858] {processor.py:153} INFO - Started process (PID=180532) to work on /home/osboxes/.local/lib/python3.8/site-packages/airflow/example_dags/example_time_delta_sensor_async.py
[2022-08-23 00:09:35,859] {processor.py:641} INFO - Processing file /home/osboxes/.local/lib/python3.8/site-packages/airflow/example_dags/example_time_delta_sensor_async.py for tasks to queue
[2022-08-23 00:09:35,860] {logging_mixin.py:115} INFO - [2022-08-23 00:09:35,859] {dagbag.py:507} INFO - Filling up the DagBag from /home/osboxes/.local/lib/python3.8/site-packages/airflow/example_dags/example_time_delta_sensor_async.py
[2022-08-23 00:09:35,863] {processor.py:651} INFO - DAG(s) dict_keys(['example_time_delta_sensor_async']) retrieved from /home/osboxes/.local/lib/python3.8/site-packages/airflow/example_dags/example_time_delta_sensor_async.py
[2022-08-23 00:09:35,894] {logging_mixin.py:115} INFO - [2022-08-23 00:09:35,894] {dag.py:2371} INFO - Sync 1 DAGs
[2022-08-23 00:09:35,907] {logging_mixin.py:115} INFO - [2022-08-23 00:09:35,907] {dag.py:2915} INFO - Setting next_dagrun for example_time_delta_sensor_async to None, run_after=None
[2022-08-23 00:09:35,935] {processor.py:161} INFO - Processing /home/osboxes/.local/lib/python3.8/site-packages/airflow/example_dags/example_time_delta_sensor_async.py took 0.080 seconds
[2022-08-23 00:10:20,231] {processor.py:153} INFO - Started process (PID=180913) to work on /home/osboxes/.local/lib/python3.8/site-packages/airflow/example_dags/example_time_delta_sensor_async.py
[2022-08-23 00:10:20,233] {processor.py:641} INFO - Processing file /home/osboxes/.local/lib/python3.8/site-packages/airflow/example_dags/example_time_delta_sensor_async.py for tasks to queue
[2022-08-23 00:10:20,233] {logging_mixin.py:115} INFO - [2022-08-23 00:10:20,233] {dagbag.py:507} INFO - Filling up the DagBag from /home/osboxes/.local/lib/python3.8/site-packages/airflow/example_dags/example_time_delta_sensor_async.py
[2022-08-23 00:10:20,243] {processor.py:651} INFO - DAG(s) dict_keys(['example_time_delta_sensor_async']) retrieved from /home/osboxes/.local/lib/python3.8/site-packages/airflow/example_dags/example_time_delta_sensor_async.py
[2022-08-23 00:10:20,300] {logging_mixin.py:115} INFO - [2022-08-23 00:10:20,300] {dag.py:2371} INFO - Sync 1 DAGs
[2022-08-23 00:10:20,329] {logging_mixin.py:115} INFO - [2022-08-23 00:10:20,329] {dag.py:2915} INFO - Setting next_dagrun for example_time_delta_sensor_async to None, run_after=None
[2022-08-23 00:10:20,370] {processor.py:161} INFO - Processing /home/osboxes/.local/lib/python3.8/site-packages/airflow/example_dags/example_time_delta_sensor_async.py took 0.142 seconds
[2022-08-23 00:11:11,176] {processor.py:153} INFO - Started process (PID=181325) to work on /home/osboxes/.local/lib/python3.8/site-packages/airflow/example_dags/example_time_delta_sensor_async.py
[2022-08-23 00:11:11,178] {processor.py:641} INFO - Processing file /home/osboxes/.local/lib/python3.8/site-packages/airflow/example_dags/example_time_delta_sensor_async.py for tasks to queue
[2022-08-23 00:11:11,178] {logging_mixin.py:115} INFO - [2022-08-23 00:11:11,178] {dagbag.py:507} INFO - Filling up the DagBag from /home/osboxes/.local/lib/python3.8/site-packages/airflow/example_dags/example_time_delta_sensor_async.py
[2022-08-23 00:11:11,182] {processor.py:651} INFO - DAG(s) dict_keys(['example_time_delta_sensor_async']) retrieved from /home/osboxes/.local/lib/python3.8/site-packages/airflow/example_dags/example_time_delta_sensor_async.py
[2022-08-23 00:11:11,210] {logging_mixin.py:115} INFO - [2022-08-23 00:11:11,210] {dag.py:2371} INFO - Sync 1 DAGs
[2022-08-23 00:11:11,224] {logging_mixin.py:115} INFO - [2022-08-23 00:11:11,224] {dag.py:2915} INFO - Setting next_dagrun for example_time_delta_sensor_async to None, run_after=None
[2022-08-23 00:11:11,252] {processor.py:161} INFO - Processing /home/osboxes/.local/lib/python3.8/site-packages/airflow/example_dags/example_time_delta_sensor_async.py took 0.077 seconds
[2022-08-23 00:11:57,549] {processor.py:153} INFO - Started process (PID=181789) to work on /home/osboxes/.local/lib/python3.8/site-packages/airflow/example_dags/example_time_delta_sensor_async.py
[2022-08-23 00:11:57,551] {processor.py:641} INFO - Processing file /home/osboxes/.local/lib/python3.8/site-packages/airflow/example_dags/example_time_delta_sensor_async.py for tasks to queue
[2022-08-23 00:11:57,551] {logging_mixin.py:115} INFO - [2022-08-23 00:11:57,551] {dagbag.py:507} INFO - Filling up the DagBag from /home/osboxes/.local/lib/python3.8/site-packages/airflow/example_dags/example_time_delta_sensor_async.py
[2022-08-23 00:11:57,555] {processor.py:651} INFO - DAG(s) dict_keys(['example_time_delta_sensor_async']) retrieved from /home/osboxes/.local/lib/python3.8/site-packages/airflow/example_dags/example_time_delta_sensor_async.py
[2022-08-23 00:11:57,584] {logging_mixin.py:115} INFO - [2022-08-23 00:11:57,584] {dag.py:2371} INFO - Sync 1 DAGs
[2022-08-23 00:11:57,599] {logging_mixin.py:115} INFO - [2022-08-23 00:11:57,599] {dag.py:2915} INFO - Setting next_dagrun for example_time_delta_sensor_async to None, run_after=None
[2022-08-23 00:11:57,624] {processor.py:161} INFO - Processing /home/osboxes/.local/lib/python3.8/site-packages/airflow/example_dags/example_time_delta_sensor_async.py took 0.078 seconds
[2022-08-23 00:12:35,746] {processor.py:153} INFO - Started process (PID=182085) to work on /home/osboxes/.local/lib/python3.8/site-packages/airflow/example_dags/example_time_delta_sensor_async.py
[2022-08-23 00:12:35,756] {processor.py:641} INFO - Processing file /home/osboxes/.local/lib/python3.8/site-packages/airflow/example_dags/example_time_delta_sensor_async.py for tasks to queue
[2022-08-23 00:12:35,757] {logging_mixin.py:115} INFO - [2022-08-23 00:12:35,757] {dagbag.py:507} INFO - Filling up the DagBag from /home/osboxes/.local/lib/python3.8/site-packages/airflow/example_dags/example_time_delta_sensor_async.py
[2022-08-23 00:12:35,763] {processor.py:651} INFO - DAG(s) dict_keys(['example_time_delta_sensor_async']) retrieved from /home/osboxes/.local/lib/python3.8/site-packages/airflow/example_dags/example_time_delta_sensor_async.py
[2022-08-23 00:12:35,794] {logging_mixin.py:115} INFO - [2022-08-23 00:12:35,794] {dag.py:2371} INFO - Sync 1 DAGs
[2022-08-23 00:12:35,806] {logging_mixin.py:115} INFO - [2022-08-23 00:12:35,806] {dag.py:2915} INFO - Setting next_dagrun for example_time_delta_sensor_async to None, run_after=None
[2022-08-23 00:12:35,835] {processor.py:161} INFO - Processing /home/osboxes/.local/lib/python3.8/site-packages/airflow/example_dags/example_time_delta_sensor_async.py took 0.091 seconds
[2022-08-23 00:13:21,258] {processor.py:153} INFO - Started process (PID=182451) to work on /home/osboxes/.local/lib/python3.8/site-packages/airflow/example_dags/example_time_delta_sensor_async.py
[2022-08-23 00:13:21,260] {processor.py:641} INFO - Processing file /home/osboxes/.local/lib/python3.8/site-packages/airflow/example_dags/example_time_delta_sensor_async.py for tasks to queue
[2022-08-23 00:13:21,261] {logging_mixin.py:115} INFO - [2022-08-23 00:13:21,261] {dagbag.py:507} INFO - Filling up the DagBag from /home/osboxes/.local/lib/python3.8/site-packages/airflow/example_dags/example_time_delta_sensor_async.py
[2022-08-23 00:13:21,266] {processor.py:651} INFO - DAG(s) dict_keys(['example_time_delta_sensor_async']) retrieved from /home/osboxes/.local/lib/python3.8/site-packages/airflow/example_dags/example_time_delta_sensor_async.py
[2022-08-23 00:13:21,294] {logging_mixin.py:115} INFO - [2022-08-23 00:13:21,294] {dag.py:2371} INFO - Sync 1 DAGs
[2022-08-23 00:13:21,309] {logging_mixin.py:115} INFO - [2022-08-23 00:13:21,309] {dag.py:2915} INFO - Setting next_dagrun for example_time_delta_sensor_async to None, run_after=None
[2022-08-23 00:13:21,355] {processor.py:161} INFO - Processing /home/osboxes/.local/lib/python3.8/site-packages/airflow/example_dags/example_time_delta_sensor_async.py took 0.099 seconds
[2022-08-23 00:14:01,100] {processor.py:153} INFO - Started process (PID=182778) to work on /home/osboxes/.local/lib/python3.8/site-packages/airflow/example_dags/example_time_delta_sensor_async.py
[2022-08-23 00:14:01,102] {processor.py:641} INFO - Processing file /home/osboxes/.local/lib/python3.8/site-packages/airflow/example_dags/example_time_delta_sensor_async.py for tasks to queue
[2022-08-23 00:14:01,102] {logging_mixin.py:115} INFO - [2022-08-23 00:14:01,102] {dagbag.py:507} INFO - Filling up the DagBag from /home/osboxes/.local/lib/python3.8/site-packages/airflow/example_dags/example_time_delta_sensor_async.py
[2022-08-23 00:14:01,106] {processor.py:651} INFO - DAG(s) dict_keys(['example_time_delta_sensor_async']) retrieved from /home/osboxes/.local/lib/python3.8/site-packages/airflow/example_dags/example_time_delta_sensor_async.py
[2022-08-23 00:14:01,137] {logging_mixin.py:115} INFO - [2022-08-23 00:14:01,135] {dag.py:2371} INFO - Sync 1 DAGs
[2022-08-23 00:14:01,149] {logging_mixin.py:115} INFO - [2022-08-23 00:14:01,149] {dag.py:2915} INFO - Setting next_dagrun for example_time_delta_sensor_async to None, run_after=None
[2022-08-23 00:14:01,191] {processor.py:161} INFO - Processing /home/osboxes/.local/lib/python3.8/site-packages/airflow/example_dags/example_time_delta_sensor_async.py took 0.093 seconds
[2022-08-23 00:14:47,062] {processor.py:153} INFO - Started process (PID=183151) to work on /home/osboxes/.local/lib/python3.8/site-packages/airflow/example_dags/example_time_delta_sensor_async.py
[2022-08-23 00:14:47,078] {processor.py:641} INFO - Processing file /home/osboxes/.local/lib/python3.8/site-packages/airflow/example_dags/example_time_delta_sensor_async.py for tasks to queue
[2022-08-23 00:14:47,080] {logging_mixin.py:115} INFO - [2022-08-23 00:14:47,079] {dagbag.py:507} INFO - Filling up the DagBag from /home/osboxes/.local/lib/python3.8/site-packages/airflow/example_dags/example_time_delta_sensor_async.py
[2022-08-23 00:14:47,083] {processor.py:651} INFO - DAG(s) dict_keys(['example_time_delta_sensor_async']) retrieved from /home/osboxes/.local/lib/python3.8/site-packages/airflow/example_dags/example_time_delta_sensor_async.py
[2022-08-23 00:14:47,113] {logging_mixin.py:115} INFO - [2022-08-23 00:14:47,113] {dag.py:2371} INFO - Sync 1 DAGs
[2022-08-23 00:14:47,126] {logging_mixin.py:115} INFO - [2022-08-23 00:14:47,126] {dag.py:2915} INFO - Setting next_dagrun for example_time_delta_sensor_async to None, run_after=None
[2022-08-23 00:14:47,155] {processor.py:161} INFO - Processing /home/osboxes/.local/lib/python3.8/site-packages/airflow/example_dags/example_time_delta_sensor_async.py took 0.095 seconds
[2022-08-23 00:15:26,584] {processor.py:153} INFO - Started process (PID=183529) to work on /home/osboxes/.local/lib/python3.8/site-packages/airflow/example_dags/example_time_delta_sensor_async.py
[2022-08-23 00:15:26,598] {processor.py:641} INFO - Processing file /home/osboxes/.local/lib/python3.8/site-packages/airflow/example_dags/example_time_delta_sensor_async.py for tasks to queue
[2022-08-23 00:15:26,602] {logging_mixin.py:115} INFO - [2022-08-23 00:15:26,602] {dagbag.py:507} INFO - Filling up the DagBag from /home/osboxes/.local/lib/python3.8/site-packages/airflow/example_dags/example_time_delta_sensor_async.py
[2022-08-23 00:15:26,607] {processor.py:651} INFO - DAG(s) dict_keys(['example_time_delta_sensor_async']) retrieved from /home/osboxes/.local/lib/python3.8/site-packages/airflow/example_dags/example_time_delta_sensor_async.py
[2022-08-23 00:15:26,675] {logging_mixin.py:115} INFO - [2022-08-23 00:15:26,675] {dag.py:2371} INFO - Sync 1 DAGs
[2022-08-23 00:15:26,687] {logging_mixin.py:115} INFO - [2022-08-23 00:15:26,687] {dag.py:2915} INFO - Setting next_dagrun for example_time_delta_sensor_async to None, run_after=None
[2022-08-23 00:15:26,714] {processor.py:161} INFO - Processing /home/osboxes/.local/lib/python3.8/site-packages/airflow/example_dags/example_time_delta_sensor_async.py took 0.134 seconds
[2022-08-23 00:16:13,510] {processor.py:153} INFO - Started process (PID=183907) to work on /home/osboxes/.local/lib/python3.8/site-packages/airflow/example_dags/example_time_delta_sensor_async.py
[2022-08-23 00:16:13,511] {processor.py:641} INFO - Processing file /home/osboxes/.local/lib/python3.8/site-packages/airflow/example_dags/example_time_delta_sensor_async.py for tasks to queue
[2022-08-23 00:16:13,512] {logging_mixin.py:115} INFO - [2022-08-23 00:16:13,512] {dagbag.py:507} INFO - Filling up the DagBag from /home/osboxes/.local/lib/python3.8/site-packages/airflow/example_dags/example_time_delta_sensor_async.py
[2022-08-23 00:16:13,516] {processor.py:651} INFO - DAG(s) dict_keys(['example_time_delta_sensor_async']) retrieved from /home/osboxes/.local/lib/python3.8/site-packages/airflow/example_dags/example_time_delta_sensor_async.py
[2022-08-23 00:16:13,544] {logging_mixin.py:115} INFO - [2022-08-23 00:16:13,544] {dag.py:2371} INFO - Sync 1 DAGs
[2022-08-23 00:16:13,557] {logging_mixin.py:115} INFO - [2022-08-23 00:16:13,557] {dag.py:2915} INFO - Setting next_dagrun for example_time_delta_sensor_async to None, run_after=None
[2022-08-23 00:16:13,598] {processor.py:161} INFO - Processing /home/osboxes/.local/lib/python3.8/site-packages/airflow/example_dags/example_time_delta_sensor_async.py took 0.091 seconds
[2022-08-23 00:16:52,106] {processor.py:153} INFO - Started process (PID=184217) to work on /home/osboxes/.local/lib/python3.8/site-packages/airflow/example_dags/example_time_delta_sensor_async.py
[2022-08-23 00:16:52,108] {processor.py:641} INFO - Processing file /home/osboxes/.local/lib/python3.8/site-packages/airflow/example_dags/example_time_delta_sensor_async.py for tasks to queue
[2022-08-23 00:16:52,108] {logging_mixin.py:115} INFO - [2022-08-23 00:16:52,108] {dagbag.py:507} INFO - Filling up the DagBag from /home/osboxes/.local/lib/python3.8/site-packages/airflow/example_dags/example_time_delta_sensor_async.py
[2022-08-23 00:16:52,112] {processor.py:651} INFO - DAG(s) dict_keys(['example_time_delta_sensor_async']) retrieved from /home/osboxes/.local/lib/python3.8/site-packages/airflow/example_dags/example_time_delta_sensor_async.py
[2022-08-23 00:16:52,141] {logging_mixin.py:115} INFO - [2022-08-23 00:16:52,141] {dag.py:2371} INFO - Sync 1 DAGs
[2022-08-23 00:16:52,156] {logging_mixin.py:115} INFO - [2022-08-23 00:16:52,156] {dag.py:2915} INFO - Setting next_dagrun for example_time_delta_sensor_async to None, run_after=None
[2022-08-23 00:16:52,199] {processor.py:161} INFO - Processing /home/osboxes/.local/lib/python3.8/site-packages/airflow/example_dags/example_time_delta_sensor_async.py took 0.095 seconds
[2022-08-23 00:17:38,325] {processor.py:153} INFO - Started process (PID=184591) to work on /home/osboxes/.local/lib/python3.8/site-packages/airflow/example_dags/example_time_delta_sensor_async.py
[2022-08-23 00:17:38,327] {processor.py:641} INFO - Processing file /home/osboxes/.local/lib/python3.8/site-packages/airflow/example_dags/example_time_delta_sensor_async.py for tasks to queue
[2022-08-23 00:17:38,327] {logging_mixin.py:115} INFO - [2022-08-23 00:17:38,327] {dagbag.py:507} INFO - Filling up the DagBag from /home/osboxes/.local/lib/python3.8/site-packages/airflow/example_dags/example_time_delta_sensor_async.py
[2022-08-23 00:17:38,333] {processor.py:651} INFO - DAG(s) dict_keys(['example_time_delta_sensor_async']) retrieved from /home/osboxes/.local/lib/python3.8/site-packages/airflow/example_dags/example_time_delta_sensor_async.py
[2022-08-23 00:17:38,370] {logging_mixin.py:115} INFO - [2022-08-23 00:17:38,370] {dag.py:2371} INFO - Sync 1 DAGs
[2022-08-23 00:17:38,384] {logging_mixin.py:115} INFO - [2022-08-23 00:17:38,384] {dag.py:2915} INFO - Setting next_dagrun for example_time_delta_sensor_async to None, run_after=None
[2022-08-23 00:17:38,428] {processor.py:161} INFO - Processing /home/osboxes/.local/lib/python3.8/site-packages/airflow/example_dags/example_time_delta_sensor_async.py took 0.105 seconds
[2022-08-23 00:18:27,131] {processor.py:153} INFO - Started process (PID=184979) to work on /home/osboxes/.local/lib/python3.8/site-packages/airflow/example_dags/example_time_delta_sensor_async.py
[2022-08-23 00:18:27,132] {processor.py:641} INFO - Processing file /home/osboxes/.local/lib/python3.8/site-packages/airflow/example_dags/example_time_delta_sensor_async.py for tasks to queue
[2022-08-23 00:18:27,133] {logging_mixin.py:115} INFO - [2022-08-23 00:18:27,132] {dagbag.py:507} INFO - Filling up the DagBag from /home/osboxes/.local/lib/python3.8/site-packages/airflow/example_dags/example_time_delta_sensor_async.py
[2022-08-23 00:18:27,139] {processor.py:651} INFO - DAG(s) dict_keys(['example_time_delta_sensor_async']) retrieved from /home/osboxes/.local/lib/python3.8/site-packages/airflow/example_dags/example_time_delta_sensor_async.py
[2022-08-23 00:18:27,167] {logging_mixin.py:115} INFO - [2022-08-23 00:18:27,167] {dag.py:2371} INFO - Sync 1 DAGs
[2022-08-23 00:18:27,182] {logging_mixin.py:115} INFO - [2022-08-23 00:18:27,182] {dag.py:2915} INFO - Setting next_dagrun for example_time_delta_sensor_async to None, run_after=None
[2022-08-23 00:18:27,209] {processor.py:161} INFO - Processing /home/osboxes/.local/lib/python3.8/site-packages/airflow/example_dags/example_time_delta_sensor_async.py took 0.081 seconds
[2022-08-23 00:19:03,940] {processor.py:153} INFO - Started process (PID=185267) to work on /home/osboxes/.local/lib/python3.8/site-packages/airflow/example_dags/example_time_delta_sensor_async.py
[2022-08-23 00:19:03,941] {processor.py:641} INFO - Processing file /home/osboxes/.local/lib/python3.8/site-packages/airflow/example_dags/example_time_delta_sensor_async.py for tasks to queue
[2022-08-23 00:19:03,942] {logging_mixin.py:115} INFO - [2022-08-23 00:19:03,942] {dagbag.py:507} INFO - Filling up the DagBag from /home/osboxes/.local/lib/python3.8/site-packages/airflow/example_dags/example_time_delta_sensor_async.py
[2022-08-23 00:19:03,945] {processor.py:651} INFO - DAG(s) dict_keys(['example_time_delta_sensor_async']) retrieved from /home/osboxes/.local/lib/python3.8/site-packages/airflow/example_dags/example_time_delta_sensor_async.py
[2022-08-23 00:19:03,976] {logging_mixin.py:115} INFO - [2022-08-23 00:19:03,976] {dag.py:2371} INFO - Sync 1 DAGs
[2022-08-23 00:19:03,990] {logging_mixin.py:115} INFO - [2022-08-23 00:19:03,990] {dag.py:2915} INFO - Setting next_dagrun for example_time_delta_sensor_async to None, run_after=None
[2022-08-23 00:19:04,020] {processor.py:161} INFO - Processing /home/osboxes/.local/lib/python3.8/site-packages/airflow/example_dags/example_time_delta_sensor_async.py took 0.083 seconds
[2022-08-23 00:19:48,875] {processor.py:153} INFO - Started process (PID=185630) to work on /home/osboxes/.local/lib/python3.8/site-packages/airflow/example_dags/example_time_delta_sensor_async.py
[2022-08-23 00:19:48,878] {processor.py:641} INFO - Processing file /home/osboxes/.local/lib/python3.8/site-packages/airflow/example_dags/example_time_delta_sensor_async.py for tasks to queue
[2022-08-23 00:19:48,879] {logging_mixin.py:115} INFO - [2022-08-23 00:19:48,879] {dagbag.py:507} INFO - Filling up the DagBag from /home/osboxes/.local/lib/python3.8/site-packages/airflow/example_dags/example_time_delta_sensor_async.py
[2022-08-23 00:19:48,886] {processor.py:651} INFO - DAG(s) dict_keys(['example_time_delta_sensor_async']) retrieved from /home/osboxes/.local/lib/python3.8/site-packages/airflow/example_dags/example_time_delta_sensor_async.py
[2022-08-23 00:19:48,924] {logging_mixin.py:115} INFO - [2022-08-23 00:19:48,924] {dag.py:2371} INFO - Sync 1 DAGs
[2022-08-23 00:19:48,941] {logging_mixin.py:115} INFO - [2022-08-23 00:19:48,940] {dag.py:2915} INFO - Setting next_dagrun for example_time_delta_sensor_async to None, run_after=None
[2022-08-23 00:19:48,976] {processor.py:161} INFO - Processing /home/osboxes/.local/lib/python3.8/site-packages/airflow/example_dags/example_time_delta_sensor_async.py took 0.104 seconds
[2022-08-23 00:20:35,019] {processor.py:153} INFO - Started process (PID=186053) to work on /home/osboxes/.local/lib/python3.8/site-packages/airflow/example_dags/example_time_delta_sensor_async.py
[2022-08-23 00:20:35,024] {processor.py:641} INFO - Processing file /home/osboxes/.local/lib/python3.8/site-packages/airflow/example_dags/example_time_delta_sensor_async.py for tasks to queue
[2022-08-23 00:20:35,024] {logging_mixin.py:115} INFO - [2022-08-23 00:20:35,024] {dagbag.py:507} INFO - Filling up the DagBag from /home/osboxes/.local/lib/python3.8/site-packages/airflow/example_dags/example_time_delta_sensor_async.py
[2022-08-23 00:20:35,029] {processor.py:651} INFO - DAG(s) dict_keys(['example_time_delta_sensor_async']) retrieved from /home/osboxes/.local/lib/python3.8/site-packages/airflow/example_dags/example_time_delta_sensor_async.py
[2022-08-23 00:20:35,057] {logging_mixin.py:115} INFO - [2022-08-23 00:20:35,057] {dag.py:2371} INFO - Sync 1 DAGs
[2022-08-23 00:20:35,071] {logging_mixin.py:115} INFO - [2022-08-23 00:20:35,071] {dag.py:2915} INFO - Setting next_dagrun for example_time_delta_sensor_async to None, run_after=None
[2022-08-23 00:20:35,097] {processor.py:161} INFO - Processing /home/osboxes/.local/lib/python3.8/site-packages/airflow/example_dags/example_time_delta_sensor_async.py took 0.079 seconds
[2022-08-23 00:21:14,449] {processor.py:153} INFO - Started process (PID=186346) to work on /home/osboxes/.local/lib/python3.8/site-packages/airflow/example_dags/example_time_delta_sensor_async.py
[2022-08-23 00:21:14,450] {processor.py:641} INFO - Processing file /home/osboxes/.local/lib/python3.8/site-packages/airflow/example_dags/example_time_delta_sensor_async.py for tasks to queue
[2022-08-23 00:21:14,451] {logging_mixin.py:115} INFO - [2022-08-23 00:21:14,451] {dagbag.py:507} INFO - Filling up the DagBag from /home/osboxes/.local/lib/python3.8/site-packages/airflow/example_dags/example_time_delta_sensor_async.py
[2022-08-23 00:21:14,459] {processor.py:651} INFO - DAG(s) dict_keys(['example_time_delta_sensor_async']) retrieved from /home/osboxes/.local/lib/python3.8/site-packages/airflow/example_dags/example_time_delta_sensor_async.py
[2022-08-23 00:21:14,502] {logging_mixin.py:115} INFO - [2022-08-23 00:21:14,502] {dag.py:2371} INFO - Sync 1 DAGs
[2022-08-23 00:21:14,522] {logging_mixin.py:115} INFO - [2022-08-23 00:21:14,522] {dag.py:2915} INFO - Setting next_dagrun for example_time_delta_sensor_async to None, run_after=None
[2022-08-23 00:21:14,572] {processor.py:161} INFO - Processing /home/osboxes/.local/lib/python3.8/site-packages/airflow/example_dags/example_time_delta_sensor_async.py took 0.126 seconds
[2022-08-23 00:21:52,071] {processor.py:153} INFO - Started process (PID=186673) to work on /home/osboxes/.local/lib/python3.8/site-packages/airflow/example_dags/example_time_delta_sensor_async.py
[2022-08-23 00:21:52,072] {processor.py:641} INFO - Processing file /home/osboxes/.local/lib/python3.8/site-packages/airflow/example_dags/example_time_delta_sensor_async.py for tasks to queue
[2022-08-23 00:21:52,073] {logging_mixin.py:115} INFO - [2022-08-23 00:21:52,073] {dagbag.py:507} INFO - Filling up the DagBag from /home/osboxes/.local/lib/python3.8/site-packages/airflow/example_dags/example_time_delta_sensor_async.py
[2022-08-23 00:21:52,077] {processor.py:651} INFO - DAG(s) dict_keys(['example_time_delta_sensor_async']) retrieved from /home/osboxes/.local/lib/python3.8/site-packages/airflow/example_dags/example_time_delta_sensor_async.py
[2022-08-23 00:21:52,108] {logging_mixin.py:115} INFO - [2022-08-23 00:21:52,108] {dag.py:2371} INFO - Sync 1 DAGs
[2022-08-23 00:21:52,121] {logging_mixin.py:115} INFO - [2022-08-23 00:21:52,121] {dag.py:2915} INFO - Setting next_dagrun for example_time_delta_sensor_async to None, run_after=None
[2022-08-23 00:21:52,147] {processor.py:161} INFO - Processing /home/osboxes/.local/lib/python3.8/site-packages/airflow/example_dags/example_time_delta_sensor_async.py took 0.079 seconds
[2022-08-23 00:22:29,331] {processor.py:153} INFO - Started process (PID=186971) to work on /home/osboxes/.local/lib/python3.8/site-packages/airflow/example_dags/example_time_delta_sensor_async.py
[2022-08-23 00:22:29,333] {processor.py:641} INFO - Processing file /home/osboxes/.local/lib/python3.8/site-packages/airflow/example_dags/example_time_delta_sensor_async.py for tasks to queue
[2022-08-23 00:22:29,333] {logging_mixin.py:115} INFO - [2022-08-23 00:22:29,333] {dagbag.py:507} INFO - Filling up the DagBag from /home/osboxes/.local/lib/python3.8/site-packages/airflow/example_dags/example_time_delta_sensor_async.py
[2022-08-23 00:22:29,337] {processor.py:651} INFO - DAG(s) dict_keys(['example_time_delta_sensor_async']) retrieved from /home/osboxes/.local/lib/python3.8/site-packages/airflow/example_dags/example_time_delta_sensor_async.py
[2022-08-23 00:22:29,365] {logging_mixin.py:115} INFO - [2022-08-23 00:22:29,365] {dag.py:2371} INFO - Sync 1 DAGs
[2022-08-23 00:22:29,377] {logging_mixin.py:115} INFO - [2022-08-23 00:22:29,377] {dag.py:2915} INFO - Setting next_dagrun for example_time_delta_sensor_async to None, run_after=None
[2022-08-23 00:22:29,405] {processor.py:161} INFO - Processing /home/osboxes/.local/lib/python3.8/site-packages/airflow/example_dags/example_time_delta_sensor_async.py took 0.077 seconds
[2022-08-23 00:23:08,992] {processor.py:153} INFO - Started process (PID=187280) to work on /home/osboxes/.local/lib/python3.8/site-packages/airflow/example_dags/example_time_delta_sensor_async.py
[2022-08-23 00:23:08,995] {processor.py:641} INFO - Processing file /home/osboxes/.local/lib/python3.8/site-packages/airflow/example_dags/example_time_delta_sensor_async.py for tasks to queue
[2022-08-23 00:23:08,995] {logging_mixin.py:115} INFO - [2022-08-23 00:23:08,995] {dagbag.py:507} INFO - Filling up the DagBag from /home/osboxes/.local/lib/python3.8/site-packages/airflow/example_dags/example_time_delta_sensor_async.py
[2022-08-23 00:23:09,002] {processor.py:651} INFO - DAG(s) dict_keys(['example_time_delta_sensor_async']) retrieved from /home/osboxes/.local/lib/python3.8/site-packages/airflow/example_dags/example_time_delta_sensor_async.py
[2022-08-23 00:23:09,076] {logging_mixin.py:115} INFO - [2022-08-23 00:23:09,076] {dag.py:2371} INFO - Sync 1 DAGs
[2022-08-23 00:23:09,089] {logging_mixin.py:115} INFO - [2022-08-23 00:23:09,089] {dag.py:2915} INFO - Setting next_dagrun for example_time_delta_sensor_async to None, run_after=None
[2022-08-23 00:23:09,118] {processor.py:161} INFO - Processing /home/osboxes/.local/lib/python3.8/site-packages/airflow/example_dags/example_time_delta_sensor_async.py took 0.132 seconds
[2022-08-23 00:23:49,697] {processor.py:153} INFO - Started process (PID=187576) to work on /home/osboxes/.local/lib/python3.8/site-packages/airflow/example_dags/example_time_delta_sensor_async.py
[2022-08-23 00:23:49,699] {processor.py:641} INFO - Processing file /home/osboxes/.local/lib/python3.8/site-packages/airflow/example_dags/example_time_delta_sensor_async.py for tasks to queue
[2022-08-23 00:23:49,699] {logging_mixin.py:115} INFO - [2022-08-23 00:23:49,699] {dagbag.py:507} INFO - Filling up the DagBag from /home/osboxes/.local/lib/python3.8/site-packages/airflow/example_dags/example_time_delta_sensor_async.py
[2022-08-23 00:23:49,703] {processor.py:651} INFO - DAG(s) dict_keys(['example_time_delta_sensor_async']) retrieved from /home/osboxes/.local/lib/python3.8/site-packages/airflow/example_dags/example_time_delta_sensor_async.py
[2022-08-23 00:23:49,730] {logging_mixin.py:115} INFO - [2022-08-23 00:23:49,730] {dag.py:2371} INFO - Sync 1 DAGs
[2022-08-23 00:23:49,745] {logging_mixin.py:115} INFO - [2022-08-23 00:23:49,745] {dag.py:2915} INFO - Setting next_dagrun for example_time_delta_sensor_async to None, run_after=None
[2022-08-23 00:23:49,771] {processor.py:161} INFO - Processing /home/osboxes/.local/lib/python3.8/site-packages/airflow/example_dags/example_time_delta_sensor_async.py took 0.076 seconds
[2022-08-23 00:24:28,042] {processor.py:153} INFO - Started process (PID=187897) to work on /home/osboxes/.local/lib/python3.8/site-packages/airflow/example_dags/example_time_delta_sensor_async.py
[2022-08-23 00:24:28,044] {processor.py:641} INFO - Processing file /home/osboxes/.local/lib/python3.8/site-packages/airflow/example_dags/example_time_delta_sensor_async.py for tasks to queue
[2022-08-23 00:24:28,044] {logging_mixin.py:115} INFO - [2022-08-23 00:24:28,044] {dagbag.py:507} INFO - Filling up the DagBag from /home/osboxes/.local/lib/python3.8/site-packages/airflow/example_dags/example_time_delta_sensor_async.py
[2022-08-23 00:24:28,050] {processor.py:651} INFO - DAG(s) dict_keys(['example_time_delta_sensor_async']) retrieved from /home/osboxes/.local/lib/python3.8/site-packages/airflow/example_dags/example_time_delta_sensor_async.py
[2022-08-23 00:24:28,076] {logging_mixin.py:115} INFO - [2022-08-23 00:24:28,076] {dag.py:2371} INFO - Sync 1 DAGs
[2022-08-23 00:24:28,097] {logging_mixin.py:115} INFO - [2022-08-23 00:24:28,097] {dag.py:2915} INFO - Setting next_dagrun for example_time_delta_sensor_async to None, run_after=None
[2022-08-23 00:24:28,150] {processor.py:161} INFO - Processing /home/osboxes/.local/lib/python3.8/site-packages/airflow/example_dags/example_time_delta_sensor_async.py took 0.110 seconds
[2022-08-23 00:25:04,819] {processor.py:153} INFO - Started process (PID=188216) to work on /home/osboxes/.local/lib/python3.8/site-packages/airflow/example_dags/example_time_delta_sensor_async.py
[2022-08-23 00:25:04,820] {processor.py:641} INFO - Processing file /home/osboxes/.local/lib/python3.8/site-packages/airflow/example_dags/example_time_delta_sensor_async.py for tasks to queue
[2022-08-23 00:25:04,820] {logging_mixin.py:115} INFO - [2022-08-23 00:25:04,820] {dagbag.py:507} INFO - Filling up the DagBag from /home/osboxes/.local/lib/python3.8/site-packages/airflow/example_dags/example_time_delta_sensor_async.py
[2022-08-23 00:25:04,824] {processor.py:651} INFO - DAG(s) dict_keys(['example_time_delta_sensor_async']) retrieved from /home/osboxes/.local/lib/python3.8/site-packages/airflow/example_dags/example_time_delta_sensor_async.py
[2022-08-23 00:25:04,852] {logging_mixin.py:115} INFO - [2022-08-23 00:25:04,852] {dag.py:2371} INFO - Sync 1 DAGs
[2022-08-23 00:25:04,864] {logging_mixin.py:115} INFO - [2022-08-23 00:25:04,864] {dag.py:2915} INFO - Setting next_dagrun for example_time_delta_sensor_async to None, run_after=None
[2022-08-23 00:25:04,912] {processor.py:161} INFO - Processing /home/osboxes/.local/lib/python3.8/site-packages/airflow/example_dags/example_time_delta_sensor_async.py took 0.096 seconds
[2022-08-23 00:25:43,286] {processor.py:153} INFO - Started process (PID=188537) to work on /home/osboxes/.local/lib/python3.8/site-packages/airflow/example_dags/example_time_delta_sensor_async.py
[2022-08-23 00:25:43,288] {processor.py:641} INFO - Processing file /home/osboxes/.local/lib/python3.8/site-packages/airflow/example_dags/example_time_delta_sensor_async.py for tasks to queue
[2022-08-23 00:25:43,289] {logging_mixin.py:115} INFO - [2022-08-23 00:25:43,288] {dagbag.py:507} INFO - Filling up the DagBag from /home/osboxes/.local/lib/python3.8/site-packages/airflow/example_dags/example_time_delta_sensor_async.py
[2022-08-23 00:25:43,293] {processor.py:651} INFO - DAG(s) dict_keys(['example_time_delta_sensor_async']) retrieved from /home/osboxes/.local/lib/python3.8/site-packages/airflow/example_dags/example_time_delta_sensor_async.py
[2022-08-23 00:25:43,318] {logging_mixin.py:115} INFO - [2022-08-23 00:25:43,318] {dag.py:2371} INFO - Sync 1 DAGs
[2022-08-23 00:25:43,347] {logging_mixin.py:115} INFO - [2022-08-23 00:25:43,347] {dag.py:2915} INFO - Setting next_dagrun for example_time_delta_sensor_async to None, run_after=None
[2022-08-23 00:25:43,374] {processor.py:161} INFO - Processing /home/osboxes/.local/lib/python3.8/site-packages/airflow/example_dags/example_time_delta_sensor_async.py took 0.090 seconds
[2022-08-23 00:26:27,735] {processor.py:153} INFO - Started process (PID=188906) to work on /home/osboxes/.local/lib/python3.8/site-packages/airflow/example_dags/example_time_delta_sensor_async.py
[2022-08-23 00:26:27,736] {processor.py:641} INFO - Processing file /home/osboxes/.local/lib/python3.8/site-packages/airflow/example_dags/example_time_delta_sensor_async.py for tasks to queue
[2022-08-23 00:26:27,737] {logging_mixin.py:115} INFO - [2022-08-23 00:26:27,737] {dagbag.py:507} INFO - Filling up the DagBag from /home/osboxes/.local/lib/python3.8/site-packages/airflow/example_dags/example_time_delta_sensor_async.py
[2022-08-23 00:26:27,741] {processor.py:651} INFO - DAG(s) dict_keys(['example_time_delta_sensor_async']) retrieved from /home/osboxes/.local/lib/python3.8/site-packages/airflow/example_dags/example_time_delta_sensor_async.py
[2022-08-23 00:26:27,770] {logging_mixin.py:115} INFO - [2022-08-23 00:26:27,770] {dag.py:2371} INFO - Sync 1 DAGs
[2022-08-23 00:26:27,781] {logging_mixin.py:115} INFO - [2022-08-23 00:26:27,781] {dag.py:2915} INFO - Setting next_dagrun for example_time_delta_sensor_async to None, run_after=None
[2022-08-23 00:26:27,817] {processor.py:161} INFO - Processing /home/osboxes/.local/lib/python3.8/site-packages/airflow/example_dags/example_time_delta_sensor_async.py took 0.085 seconds
[2022-08-23 00:27:13,659] {processor.py:153} INFO - Started process (PID=189283) to work on /home/osboxes/.local/lib/python3.8/site-packages/airflow/example_dags/example_time_delta_sensor_async.py
[2022-08-23 00:27:13,660] {processor.py:641} INFO - Processing file /home/osboxes/.local/lib/python3.8/site-packages/airflow/example_dags/example_time_delta_sensor_async.py for tasks to queue
[2022-08-23 00:27:13,661] {logging_mixin.py:115} INFO - [2022-08-23 00:27:13,660] {dagbag.py:507} INFO - Filling up the DagBag from /home/osboxes/.local/lib/python3.8/site-packages/airflow/example_dags/example_time_delta_sensor_async.py
[2022-08-23 00:27:13,664] {processor.py:651} INFO - DAG(s) dict_keys(['example_time_delta_sensor_async']) retrieved from /home/osboxes/.local/lib/python3.8/site-packages/airflow/example_dags/example_time_delta_sensor_async.py
[2022-08-23 00:27:13,692] {logging_mixin.py:115} INFO - [2022-08-23 00:27:13,691] {dag.py:2371} INFO - Sync 1 DAGs
[2022-08-23 00:27:13,704] {logging_mixin.py:115} INFO - [2022-08-23 00:27:13,704] {dag.py:2915} INFO - Setting next_dagrun for example_time_delta_sensor_async to None, run_after=None
[2022-08-23 00:27:13,744] {processor.py:161} INFO - Processing /home/osboxes/.local/lib/python3.8/site-packages/airflow/example_dags/example_time_delta_sensor_async.py took 0.088 seconds
[2022-08-23 00:27:53,094] {processor.py:153} INFO - Started process (PID=189590) to work on /home/osboxes/.local/lib/python3.8/site-packages/airflow/example_dags/example_time_delta_sensor_async.py
[2022-08-23 00:27:53,096] {processor.py:641} INFO - Processing file /home/osboxes/.local/lib/python3.8/site-packages/airflow/example_dags/example_time_delta_sensor_async.py for tasks to queue
[2022-08-23 00:27:53,097] {logging_mixin.py:115} INFO - [2022-08-23 00:27:53,097] {dagbag.py:507} INFO - Filling up the DagBag from /home/osboxes/.local/lib/python3.8/site-packages/airflow/example_dags/example_time_delta_sensor_async.py
[2022-08-23 00:27:53,101] {processor.py:651} INFO - DAG(s) dict_keys(['example_time_delta_sensor_async']) retrieved from /home/osboxes/.local/lib/python3.8/site-packages/airflow/example_dags/example_time_delta_sensor_async.py
[2022-08-23 00:27:53,128] {logging_mixin.py:115} INFO - [2022-08-23 00:27:53,128] {dag.py:2371} INFO - Sync 1 DAGs
[2022-08-23 00:27:53,144] {logging_mixin.py:115} INFO - [2022-08-23 00:27:53,144] {dag.py:2915} INFO - Setting next_dagrun for example_time_delta_sensor_async to None, run_after=None
[2022-08-23 00:27:53,183] {processor.py:161} INFO - Processing /home/osboxes/.local/lib/python3.8/site-packages/airflow/example_dags/example_time_delta_sensor_async.py took 0.091 seconds
[2022-08-23 00:28:31,358] {processor.py:153} INFO - Started process (PID=189902) to work on /home/osboxes/.local/lib/python3.8/site-packages/airflow/example_dags/example_time_delta_sensor_async.py
[2022-08-23 00:28:31,359] {processor.py:641} INFO - Processing file /home/osboxes/.local/lib/python3.8/site-packages/airflow/example_dags/example_time_delta_sensor_async.py for tasks to queue
[2022-08-23 00:28:31,360] {logging_mixin.py:115} INFO - [2022-08-23 00:28:31,360] {dagbag.py:507} INFO - Filling up the DagBag from /home/osboxes/.local/lib/python3.8/site-packages/airflow/example_dags/example_time_delta_sensor_async.py
[2022-08-23 00:28:31,364] {processor.py:651} INFO - DAG(s) dict_keys(['example_time_delta_sensor_async']) retrieved from /home/osboxes/.local/lib/python3.8/site-packages/airflow/example_dags/example_time_delta_sensor_async.py
[2022-08-23 00:28:31,392] {logging_mixin.py:115} INFO - [2022-08-23 00:28:31,392] {dag.py:2371} INFO - Sync 1 DAGs
[2022-08-23 00:28:31,404] {logging_mixin.py:115} INFO - [2022-08-23 00:28:31,404] {dag.py:2915} INFO - Setting next_dagrun for example_time_delta_sensor_async to None, run_after=None
[2022-08-23 00:28:31,439] {processor.py:161} INFO - Processing /home/osboxes/.local/lib/python3.8/site-packages/airflow/example_dags/example_time_delta_sensor_async.py took 0.084 seconds
[2022-08-23 00:29:19,547] {processor.py:153} INFO - Started process (PID=190288) to work on /home/osboxes/.local/lib/python3.8/site-packages/airflow/example_dags/example_time_delta_sensor_async.py
[2022-08-23 00:29:19,557] {processor.py:641} INFO - Processing file /home/osboxes/.local/lib/python3.8/site-packages/airflow/example_dags/example_time_delta_sensor_async.py for tasks to queue
[2022-08-23 00:29:19,557] {logging_mixin.py:115} INFO - [2022-08-23 00:29:19,557] {dagbag.py:507} INFO - Filling up the DagBag from /home/osboxes/.local/lib/python3.8/site-packages/airflow/example_dags/example_time_delta_sensor_async.py
[2022-08-23 00:29:19,561] {processor.py:651} INFO - DAG(s) dict_keys(['example_time_delta_sensor_async']) retrieved from /home/osboxes/.local/lib/python3.8/site-packages/airflow/example_dags/example_time_delta_sensor_async.py
[2022-08-23 00:29:19,590] {logging_mixin.py:115} INFO - [2022-08-23 00:29:19,590] {dag.py:2371} INFO - Sync 1 DAGs
[2022-08-23 00:29:19,601] {logging_mixin.py:115} INFO - [2022-08-23 00:29:19,601] {dag.py:2915} INFO - Setting next_dagrun for example_time_delta_sensor_async to None, run_after=None
[2022-08-23 00:29:19,635] {processor.py:161} INFO - Processing /home/osboxes/.local/lib/python3.8/site-packages/airflow/example_dags/example_time_delta_sensor_async.py took 0.091 seconds
[2022-08-23 00:30:00,885] {processor.py:153} INFO - Started process (PID=190621) to work on /home/osboxes/.local/lib/python3.8/site-packages/airflow/example_dags/example_time_delta_sensor_async.py
[2022-08-23 00:30:00,887] {processor.py:641} INFO - Processing file /home/osboxes/.local/lib/python3.8/site-packages/airflow/example_dags/example_time_delta_sensor_async.py for tasks to queue
[2022-08-23 00:30:00,887] {logging_mixin.py:115} INFO - [2022-08-23 00:30:00,887] {dagbag.py:507} INFO - Filling up the DagBag from /home/osboxes/.local/lib/python3.8/site-packages/airflow/example_dags/example_time_delta_sensor_async.py
[2022-08-23 00:30:00,891] {processor.py:651} INFO - DAG(s) dict_keys(['example_time_delta_sensor_async']) retrieved from /home/osboxes/.local/lib/python3.8/site-packages/airflow/example_dags/example_time_delta_sensor_async.py
[2022-08-23 00:30:00,919] {logging_mixin.py:115} INFO - [2022-08-23 00:30:00,919] {dag.py:2371} INFO - Sync 1 DAGs
[2022-08-23 00:30:00,931] {logging_mixin.py:115} INFO - [2022-08-23 00:30:00,931] {dag.py:2915} INFO - Setting next_dagrun for example_time_delta_sensor_async to None, run_after=None
[2022-08-23 00:30:00,979] {processor.py:161} INFO - Processing /home/osboxes/.local/lib/python3.8/site-packages/airflow/example_dags/example_time_delta_sensor_async.py took 0.096 seconds
[2022-08-23 00:30:45,071] {processor.py:153} INFO - Started process (PID=191029) to work on /home/osboxes/.local/lib/python3.8/site-packages/airflow/example_dags/example_time_delta_sensor_async.py
[2022-08-23 00:30:45,072] {processor.py:641} INFO - Processing file /home/osboxes/.local/lib/python3.8/site-packages/airflow/example_dags/example_time_delta_sensor_async.py for tasks to queue
[2022-08-23 00:30:45,073] {logging_mixin.py:115} INFO - [2022-08-23 00:30:45,073] {dagbag.py:507} INFO - Filling up the DagBag from /home/osboxes/.local/lib/python3.8/site-packages/airflow/example_dags/example_time_delta_sensor_async.py
[2022-08-23 00:30:45,077] {processor.py:651} INFO - DAG(s) dict_keys(['example_time_delta_sensor_async']) retrieved from /home/osboxes/.local/lib/python3.8/site-packages/airflow/example_dags/example_time_delta_sensor_async.py
[2022-08-23 00:30:45,108] {logging_mixin.py:115} INFO - [2022-08-23 00:30:45,107] {dag.py:2371} INFO - Sync 1 DAGs
[2022-08-23 00:30:45,119] {logging_mixin.py:115} INFO - [2022-08-23 00:30:45,119] {dag.py:2915} INFO - Setting next_dagrun for example_time_delta_sensor_async to None, run_after=None
[2022-08-23 00:30:45,171] {processor.py:161} INFO - Processing /home/osboxes/.local/lib/python3.8/site-packages/airflow/example_dags/example_time_delta_sensor_async.py took 0.103 seconds
[2022-08-23 00:31:40,076] {processor.py:153} INFO - Started process (PID=191490) to work on /home/osboxes/.local/lib/python3.8/site-packages/airflow/example_dags/example_time_delta_sensor_async.py
[2022-08-23 00:31:40,079] {processor.py:641} INFO - Processing file /home/osboxes/.local/lib/python3.8/site-packages/airflow/example_dags/example_time_delta_sensor_async.py for tasks to queue
[2022-08-23 00:31:40,079] {logging_mixin.py:115} INFO - [2022-08-23 00:31:40,079] {dagbag.py:507} INFO - Filling up the DagBag from /home/osboxes/.local/lib/python3.8/site-packages/airflow/example_dags/example_time_delta_sensor_async.py
[2022-08-23 00:31:40,083] {processor.py:651} INFO - DAG(s) dict_keys(['example_time_delta_sensor_async']) retrieved from /home/osboxes/.local/lib/python3.8/site-packages/airflow/example_dags/example_time_delta_sensor_async.py
[2022-08-23 00:31:40,109] {logging_mixin.py:115} INFO - [2022-08-23 00:31:40,109] {dag.py:2371} INFO - Sync 1 DAGs
[2022-08-23 00:31:40,139] {logging_mixin.py:115} INFO - [2022-08-23 00:31:40,139] {dag.py:2915} INFO - Setting next_dagrun for example_time_delta_sensor_async to None, run_after=None
[2022-08-23 00:31:40,175] {processor.py:161} INFO - Processing /home/osboxes/.local/lib/python3.8/site-packages/airflow/example_dags/example_time_delta_sensor_async.py took 0.101 seconds
[2022-08-23 00:32:19,504] {processor.py:153} INFO - Started process (PID=191798) to work on /home/osboxes/.local/lib/python3.8/site-packages/airflow/example_dags/example_time_delta_sensor_async.py
[2022-08-23 00:32:19,506] {processor.py:641} INFO - Processing file /home/osboxes/.local/lib/python3.8/site-packages/airflow/example_dags/example_time_delta_sensor_async.py for tasks to queue
[2022-08-23 00:32:19,506] {logging_mixin.py:115} INFO - [2022-08-23 00:32:19,506] {dagbag.py:507} INFO - Filling up the DagBag from /home/osboxes/.local/lib/python3.8/site-packages/airflow/example_dags/example_time_delta_sensor_async.py
[2022-08-23 00:32:19,512] {processor.py:651} INFO - DAG(s) dict_keys(['example_time_delta_sensor_async']) retrieved from /home/osboxes/.local/lib/python3.8/site-packages/airflow/example_dags/example_time_delta_sensor_async.py
[2022-08-23 00:32:19,539] {logging_mixin.py:115} INFO - [2022-08-23 00:32:19,539] {dag.py:2371} INFO - Sync 1 DAGs
[2022-08-23 00:32:19,554] {logging_mixin.py:115} INFO - [2022-08-23 00:32:19,554] {dag.py:2915} INFO - Setting next_dagrun for example_time_delta_sensor_async to None, run_after=None
[2022-08-23 00:32:19,588] {processor.py:161} INFO - Processing /home/osboxes/.local/lib/python3.8/site-packages/airflow/example_dags/example_time_delta_sensor_async.py took 0.085 seconds
[2022-08-23 00:33:16,562] {processor.py:153} INFO - Started process (PID=192307) to work on /home/osboxes/.local/lib/python3.8/site-packages/airflow/example_dags/example_time_delta_sensor_async.py
[2022-08-23 00:33:16,564] {processor.py:641} INFO - Processing file /home/osboxes/.local/lib/python3.8/site-packages/airflow/example_dags/example_time_delta_sensor_async.py for tasks to queue
[2022-08-23 00:33:16,565] {logging_mixin.py:115} INFO - [2022-08-23 00:33:16,564] {dagbag.py:507} INFO - Filling up the DagBag from /home/osboxes/.local/lib/python3.8/site-packages/airflow/example_dags/example_time_delta_sensor_async.py
[2022-08-23 00:33:16,569] {processor.py:651} INFO - DAG(s) dict_keys(['example_time_delta_sensor_async']) retrieved from /home/osboxes/.local/lib/python3.8/site-packages/airflow/example_dags/example_time_delta_sensor_async.py
[2022-08-23 00:33:16,596] {logging_mixin.py:115} INFO - [2022-08-23 00:33:16,596] {dag.py:2371} INFO - Sync 1 DAGs
[2022-08-23 00:33:16,610] {logging_mixin.py:115} INFO - [2022-08-23 00:33:16,610] {dag.py:2915} INFO - Setting next_dagrun for example_time_delta_sensor_async to None, run_after=None
[2022-08-23 00:33:16,648] {processor.py:161} INFO - Processing /home/osboxes/.local/lib/python3.8/site-packages/airflow/example_dags/example_time_delta_sensor_async.py took 0.088 seconds
[2022-08-23 00:33:58,087] {processor.py:153} INFO - Started process (PID=192647) to work on /home/osboxes/.local/lib/python3.8/site-packages/airflow/example_dags/example_time_delta_sensor_async.py
[2022-08-23 00:33:58,088] {processor.py:641} INFO - Processing file /home/osboxes/.local/lib/python3.8/site-packages/airflow/example_dags/example_time_delta_sensor_async.py for tasks to queue
[2022-08-23 00:33:58,089] {logging_mixin.py:115} INFO - [2022-08-23 00:33:58,089] {dagbag.py:507} INFO - Filling up the DagBag from /home/osboxes/.local/lib/python3.8/site-packages/airflow/example_dags/example_time_delta_sensor_async.py
[2022-08-23 00:33:58,094] {processor.py:651} INFO - DAG(s) dict_keys(['example_time_delta_sensor_async']) retrieved from /home/osboxes/.local/lib/python3.8/site-packages/airflow/example_dags/example_time_delta_sensor_async.py
[2022-08-23 00:33:58,121] {logging_mixin.py:115} INFO - [2022-08-23 00:33:58,121] {dag.py:2371} INFO - Sync 1 DAGs
[2022-08-23 00:33:58,136] {logging_mixin.py:115} INFO - [2022-08-23 00:33:58,136] {dag.py:2915} INFO - Setting next_dagrun for example_time_delta_sensor_async to None, run_after=None
[2022-08-23 00:33:58,164] {processor.py:161} INFO - Processing /home/osboxes/.local/lib/python3.8/site-packages/airflow/example_dags/example_time_delta_sensor_async.py took 0.079 seconds
[2022-08-23 00:34:37,028] {processor.py:153} INFO - Started process (PID=192970) to work on /home/osboxes/.local/lib/python3.8/site-packages/airflow/example_dags/example_time_delta_sensor_async.py
[2022-08-23 00:34:37,029] {processor.py:641} INFO - Processing file /home/osboxes/.local/lib/python3.8/site-packages/airflow/example_dags/example_time_delta_sensor_async.py for tasks to queue
[2022-08-23 00:34:37,030] {logging_mixin.py:115} INFO - [2022-08-23 00:34:37,030] {dagbag.py:507} INFO - Filling up the DagBag from /home/osboxes/.local/lib/python3.8/site-packages/airflow/example_dags/example_time_delta_sensor_async.py
[2022-08-23 00:34:37,034] {processor.py:651} INFO - DAG(s) dict_keys(['example_time_delta_sensor_async']) retrieved from /home/osboxes/.local/lib/python3.8/site-packages/airflow/example_dags/example_time_delta_sensor_async.py
[2022-08-23 00:34:37,070] {logging_mixin.py:115} INFO - [2022-08-23 00:34:37,070] {dag.py:2371} INFO - Sync 1 DAGs
[2022-08-23 00:34:37,084] {logging_mixin.py:115} INFO - [2022-08-23 00:34:37,084] {dag.py:2915} INFO - Setting next_dagrun for example_time_delta_sensor_async to None, run_after=None
[2022-08-23 00:34:37,124] {processor.py:161} INFO - Processing /home/osboxes/.local/lib/python3.8/site-packages/airflow/example_dags/example_time_delta_sensor_async.py took 0.098 seconds
[2022-08-23 00:35:27,215] {processor.py:153} INFO - Started process (PID=193434) to work on /home/osboxes/.local/lib/python3.8/site-packages/airflow/example_dags/example_time_delta_sensor_async.py
[2022-08-23 00:35:27,218] {processor.py:641} INFO - Processing file /home/osboxes/.local/lib/python3.8/site-packages/airflow/example_dags/example_time_delta_sensor_async.py for tasks to queue
[2022-08-23 00:35:27,218] {logging_mixin.py:115} INFO - [2022-08-23 00:35:27,218] {dagbag.py:507} INFO - Filling up the DagBag from /home/osboxes/.local/lib/python3.8/site-packages/airflow/example_dags/example_time_delta_sensor_async.py
[2022-08-23 00:35:27,222] {processor.py:651} INFO - DAG(s) dict_keys(['example_time_delta_sensor_async']) retrieved from /home/osboxes/.local/lib/python3.8/site-packages/airflow/example_dags/example_time_delta_sensor_async.py
[2022-08-23 00:35:27,253] {logging_mixin.py:115} INFO - [2022-08-23 00:35:27,253] {dag.py:2371} INFO - Sync 1 DAGs
[2022-08-23 00:35:27,266] {logging_mixin.py:115} INFO - [2022-08-23 00:35:27,266] {dag.py:2915} INFO - Setting next_dagrun for example_time_delta_sensor_async to None, run_after=None
[2022-08-23 00:35:27,312] {processor.py:161} INFO - Processing /home/osboxes/.local/lib/python3.8/site-packages/airflow/example_dags/example_time_delta_sensor_async.py took 0.100 seconds
                                                                                                                                                                                                                                                                                                                                                                                                                                                                                                                                                                                                                                                                                                                                                                                                                                                                                                                                                                                                                                                                                                                                                                                                                                                                                                                                                                                         