[2022-08-23 00:07:43,262] {processor.py:153} INFO - Started process (PID=179626) to work on /home/osboxes/.local/lib/python3.8/site-packages/airflow/example_dags/example_branch_datetime_operator.py
[2022-08-23 00:07:43,263] {processor.py:641} INFO - Processing file /home/osboxes/.local/lib/python3.8/site-packages/airflow/example_dags/example_branch_datetime_operator.py for tasks to queue
[2022-08-23 00:07:43,263] {logging_mixin.py:115} INFO - [2022-08-23 00:07:43,263] {dagbag.py:507} INFO - Filling up the DagBag from /home/osboxes/.local/lib/python3.8/site-packages/airflow/example_dags/example_branch_datetime_operator.py
[2022-08-23 00:07:43,271] {processor.py:651} INFO - DAG(s) dict_keys(['example_branch_datetime_operator_2']) retrieved from /home/osboxes/.local/lib/python3.8/site-packages/airflow/example_dags/example_branch_datetime_operator.py
[2022-08-23 00:07:43,308] {logging_mixin.py:115} INFO - [2022-08-23 00:07:43,308] {dag.py:2371} INFO - Sync 1 DAGs
[2022-08-23 00:07:43,326] {logging_mixin.py:115} INFO - [2022-08-23 00:07:43,326] {dag.py:2915} INFO - Setting next_dagrun for example_branch_datetime_operator_2 to 2022-08-22T00:00:00+00:00, run_after=2022-08-23T00:00:00+00:00
[2022-08-23 00:07:43,371] {processor.py:161} INFO - Processing /home/osboxes/.local/lib/python3.8/site-packages/airflow/example_dags/example_branch_datetime_operator.py took 0.111 seconds
[2022-08-23 00:08:25,415] {processor.py:153} INFO - Started process (PID=179953) to work on /home/osboxes/.local/lib/python3.8/site-packages/airflow/example_dags/example_branch_datetime_operator.py
[2022-08-23 00:08:25,417] {processor.py:641} INFO - Processing file /home/osboxes/.local/lib/python3.8/site-packages/airflow/example_dags/example_branch_datetime_operator.py for tasks to queue
[2022-08-23 00:08:25,418] {logging_mixin.py:115} INFO - [2022-08-23 00:08:25,417] {dagbag.py:507} INFO - Filling up the DagBag from /home/osboxes/.local/lib/python3.8/site-packages/airflow/example_dags/example_branch_datetime_operator.py
[2022-08-23 00:08:25,424] {processor.py:651} INFO - DAG(s) dict_keys(['example_branch_datetime_operator_2']) retrieved from /home/osboxes/.local/lib/python3.8/site-packages/airflow/example_dags/example_branch_datetime_operator.py
[2022-08-23 00:08:25,442] {logging_mixin.py:115} INFO - [2022-08-23 00:08:25,442] {dag.py:2371} INFO - Sync 1 DAGs
[2022-08-23 00:08:25,455] {logging_mixin.py:115} INFO - [2022-08-23 00:08:25,455] {dag.py:2915} INFO - Setting next_dagrun for example_branch_datetime_operator_2 to 2022-08-22T00:00:00+00:00, run_after=2022-08-23T00:00:00+00:00
[2022-08-23 00:08:25,484] {processor.py:161} INFO - Processing /home/osboxes/.local/lib/python3.8/site-packages/airflow/example_dags/example_branch_datetime_operator.py took 0.071 seconds
[2022-08-23 00:09:08,245] {processor.py:153} INFO - Started process (PID=180304) to work on /home/osboxes/.local/lib/python3.8/site-packages/airflow/example_dags/example_branch_datetime_operator.py
[2022-08-23 00:09:08,247] {processor.py:641} INFO - Processing file /home/osboxes/.local/lib/python3.8/site-packages/airflow/example_dags/example_branch_datetime_operator.py for tasks to queue
[2022-08-23 00:09:08,247] {logging_mixin.py:115} INFO - [2022-08-23 00:09:08,247] {dagbag.py:507} INFO - Filling up the DagBag from /home/osboxes/.local/lib/python3.8/site-packages/airflow/example_dags/example_branch_datetime_operator.py
[2022-08-23 00:09:08,252] {processor.py:651} INFO - DAG(s) dict_keys(['example_branch_datetime_operator_2']) retrieved from /home/osboxes/.local/lib/python3.8/site-packages/airflow/example_dags/example_branch_datetime_operator.py
[2022-08-23 00:09:08,280] {logging_mixin.py:115} INFO - [2022-08-23 00:09:08,279] {dag.py:2371} INFO - Sync 1 DAGs
[2022-08-23 00:09:08,295] {logging_mixin.py:115} INFO - [2022-08-23 00:09:08,295] {dag.py:2915} INFO - Setting next_dagrun for example_branch_datetime_operator_2 to 2022-08-22T00:00:00+00:00, run_after=2022-08-23T00:00:00+00:00
[2022-08-23 00:09:08,346] {processor.py:161} INFO - Processing /home/osboxes/.local/lib/python3.8/site-packages/airflow/example_dags/example_branch_datetime_operator.py took 0.104 seconds
[2022-08-23 00:09:52,546] {processor.py:153} INFO - Started process (PID=180658) to work on /home/osboxes/.local/lib/python3.8/site-packages/airflow/example_dags/example_branch_datetime_operator.py
[2022-08-23 00:09:52,550] {processor.py:641} INFO - Processing file /home/osboxes/.local/lib/python3.8/site-packages/airflow/example_dags/example_branch_datetime_operator.py for tasks to queue
[2022-08-23 00:09:52,551] {logging_mixin.py:115} INFO - [2022-08-23 00:09:52,551] {dagbag.py:507} INFO - Filling up the DagBag from /home/osboxes/.local/lib/python3.8/site-packages/airflow/example_dags/example_branch_datetime_operator.py
[2022-08-23 00:09:52,559] {processor.py:651} INFO - DAG(s) dict_keys(['example_branch_datetime_operator_2']) retrieved from /home/osboxes/.local/lib/python3.8/site-packages/airflow/example_dags/example_branch_datetime_operator.py
[2022-08-23 00:09:52,602] {logging_mixin.py:115} INFO - [2022-08-23 00:09:52,601] {dag.py:2371} INFO - Sync 1 DAGs
[2022-08-23 00:09:52,627] {logging_mixin.py:115} INFO - [2022-08-23 00:09:52,627] {dag.py:2915} INFO - Setting next_dagrun for example_branch_datetime_operator_2 to 2022-08-22T00:00:00+00:00, run_after=2022-08-23T00:00:00+00:00
[2022-08-23 00:09:52,665] {processor.py:161} INFO - Processing /home/osboxes/.local/lib/python3.8/site-packages/airflow/example_dags/example_branch_datetime_operator.py took 0.124 seconds
[2022-08-23 00:10:41,901] {processor.py:153} INFO - Started process (PID=181096) to work on /home/osboxes/.local/lib/python3.8/site-packages/airflow/example_dags/example_branch_datetime_operator.py
[2022-08-23 00:10:41,904] {processor.py:641} INFO - Processing file /home/osboxes/.local/lib/python3.8/site-packages/airflow/example_dags/example_branch_datetime_operator.py for tasks to queue
[2022-08-23 00:10:41,904] {logging_mixin.py:115} INFO - [2022-08-23 00:10:41,904] {dagbag.py:507} INFO - Filling up the DagBag from /home/osboxes/.local/lib/python3.8/site-packages/airflow/example_dags/example_branch_datetime_operator.py
[2022-08-23 00:10:41,919] {processor.py:651} INFO - DAG(s) dict_keys(['example_branch_datetime_operator_2']) retrieved from /home/osboxes/.local/lib/python3.8/site-packages/airflow/example_dags/example_branch_datetime_operator.py
[2022-08-23 00:10:41,948] {logging_mixin.py:115} INFO - [2022-08-23 00:10:41,948] {dag.py:2371} INFO - Sync 1 DAGs
[2022-08-23 00:10:41,978] {logging_mixin.py:115} INFO - [2022-08-23 00:10:41,978] {dag.py:2915} INFO - Setting next_dagrun for example_branch_datetime_operator_2 to 2022-08-22T00:00:00+00:00, run_after=2022-08-23T00:00:00+00:00
[2022-08-23 00:10:42,015] {processor.py:161} INFO - Processing /home/osboxes/.local/lib/python3.8/site-packages/airflow/example_dags/example_branch_datetime_operator.py took 0.118 seconds
[2022-08-23 00:11:33,293] {processor.py:153} INFO - Started process (PID=181580) to work on /home/osboxes/.local/lib/python3.8/site-packages/airflow/example_dags/example_branch_datetime_operator.py
[2022-08-23 00:11:33,303] {processor.py:641} INFO - Processing file /home/osboxes/.local/lib/python3.8/site-packages/airflow/example_dags/example_branch_datetime_operator.py for tasks to queue
[2022-08-23 00:11:33,303] {logging_mixin.py:115} INFO - [2022-08-23 00:11:33,303] {dagbag.py:507} INFO - Filling up the DagBag from /home/osboxes/.local/lib/python3.8/site-packages/airflow/example_dags/example_branch_datetime_operator.py
[2022-08-23 00:11:33,308] {processor.py:651} INFO - DAG(s) dict_keys(['example_branch_datetime_operator_2']) retrieved from /home/osboxes/.local/lib/python3.8/site-packages/airflow/example_dags/example_branch_datetime_operator.py
[2022-08-23 00:11:33,327] {logging_mixin.py:115} INFO - [2022-08-23 00:11:33,327] {dag.py:2371} INFO - Sync 1 DAGs
[2022-08-23 00:11:33,340] {logging_mixin.py:115} INFO - [2022-08-23 00:11:33,340] {dag.py:2915} INFO - Setting next_dagrun for example_branch_datetime_operator_2 to 2022-08-22T00:00:00+00:00, run_after=2022-08-23T00:00:00+00:00
[2022-08-23 00:11:33,373] {processor.py:161} INFO - Processing /home/osboxes/.local/lib/python3.8/site-packages/airflow/example_dags/example_branch_datetime_operator.py took 0.082 seconds
[2022-08-23 00:12:15,620] {processor.py:153} INFO - Started process (PID=181919) to work on /home/osboxes/.local/lib/python3.8/site-packages/airflow/example_dags/example_branch_datetime_operator.py
[2022-08-23 00:12:15,622] {processor.py:641} INFO - Processing file /home/osboxes/.local/lib/python3.8/site-packages/airflow/example_dags/example_branch_datetime_operator.py for tasks to queue
[2022-08-23 00:12:15,622] {logging_mixin.py:115} INFO - [2022-08-23 00:12:15,622] {dagbag.py:507} INFO - Filling up the DagBag from /home/osboxes/.local/lib/python3.8/site-packages/airflow/example_dags/example_branch_datetime_operator.py
[2022-08-23 00:12:15,629] {processor.py:651} INFO - DAG(s) dict_keys(['example_branch_datetime_operator_2']) retrieved from /home/osboxes/.local/lib/python3.8/site-packages/airflow/example_dags/example_branch_datetime_operator.py
[2022-08-23 00:12:15,647] {logging_mixin.py:115} INFO - [2022-08-23 00:12:15,647] {dag.py:2371} INFO - Sync 1 DAGs
[2022-08-23 00:12:15,659] {logging_mixin.py:115} INFO - [2022-08-23 00:12:15,659] {dag.py:2915} INFO - Setting next_dagrun for example_branch_datetime_operator_2 to 2022-08-22T00:00:00+00:00, run_after=2022-08-23T00:00:00+00:00
[2022-08-23 00:12:15,698] {processor.py:161} INFO - Processing /home/osboxes/.local/lib/python3.8/site-packages/airflow/example_dags/example_branch_datetime_operator.py took 0.081 seconds
[2022-08-23 00:13:02,558] {processor.py:153} INFO - Started process (PID=182290) to work on /home/osboxes/.local/lib/python3.8/site-packages/airflow/example_dags/example_branch_datetime_operator.py
[2022-08-23 00:13:02,560] {processor.py:641} INFO - Processing file /home/osboxes/.local/lib/python3.8/site-packages/airflow/example_dags/example_branch_datetime_operator.py for tasks to queue
[2022-08-23 00:13:02,560] {logging_mixin.py:115} INFO - [2022-08-23 00:13:02,560] {dagbag.py:507} INFO - Filling up the DagBag from /home/osboxes/.local/lib/python3.8/site-packages/airflow/example_dags/example_branch_datetime_operator.py
[2022-08-23 00:13:02,567] {processor.py:651} INFO - DAG(s) dict_keys(['example_branch_datetime_operator_2']) retrieved from /home/osboxes/.local/lib/python3.8/site-packages/airflow/example_dags/example_branch_datetime_operator.py
[2022-08-23 00:13:02,585] {logging_mixin.py:115} INFO - [2022-08-23 00:13:02,585] {dag.py:2371} INFO - Sync 1 DAGs
[2022-08-23 00:13:02,614] {logging_mixin.py:115} INFO - [2022-08-23 00:13:02,614] {dag.py:2915} INFO - Setting next_dagrun for example_branch_datetime_operator_2 to 2022-08-22T00:00:00+00:00, run_after=2022-08-23T00:00:00+00:00
[2022-08-23 00:13:02,658] {processor.py:161} INFO - Processing /home/osboxes/.local/lib/python3.8/site-packages/airflow/example_dags/example_branch_datetime_operator.py took 0.103 seconds
[2022-08-23 00:13:51,875] {processor.py:153} INFO - Started process (PID=182698) to work on /home/osboxes/.local/lib/python3.8/site-packages/airflow/example_dags/example_branch_datetime_operator.py
[2022-08-23 00:13:51,876] {processor.py:641} INFO - Processing file /home/osboxes/.local/lib/python3.8/site-packages/airflow/example_dags/example_branch_datetime_operator.py for tasks to queue
[2022-08-23 00:13:51,877] {logging_mixin.py:115} INFO - [2022-08-23 00:13:51,877] {dagbag.py:507} INFO - Filling up the DagBag from /home/osboxes/.local/lib/python3.8/site-packages/airflow/example_dags/example_branch_datetime_operator.py
[2022-08-23 00:13:51,883] {processor.py:651} INFO - DAG(s) dict_keys(['example_branch_datetime_operator_2']) retrieved from /home/osboxes/.local/lib/python3.8/site-packages/airflow/example_dags/example_branch_datetime_operator.py
[2022-08-23 00:13:51,910] {logging_mixin.py:115} INFO - [2022-08-23 00:13:51,910] {dag.py:2371} INFO - Sync 1 DAGs
[2022-08-23 00:13:51,924] {logging_mixin.py:115} INFO - [2022-08-23 00:13:51,924] {dag.py:2915} INFO - Setting next_dagrun for example_branch_datetime_operator_2 to 2022-08-22T00:00:00+00:00, run_after=2022-08-23T00:00:00+00:00
[2022-08-23 00:13:51,962] {processor.py:161} INFO - Processing /home/osboxes/.local/lib/python3.8/site-packages/airflow/example_dags/example_branch_datetime_operator.py took 0.090 seconds
[2022-08-23 00:14:39,998] {processor.py:153} INFO - Started process (PID=183071) to work on /home/osboxes/.local/lib/python3.8/site-packages/airflow/example_dags/example_branch_datetime_operator.py
[2022-08-23 00:14:39,999] {processor.py:641} INFO - Processing file /home/osboxes/.local/lib/python3.8/site-packages/airflow/example_dags/example_branch_datetime_operator.py for tasks to queue
[2022-08-23 00:14:39,999] {logging_mixin.py:115} INFO - [2022-08-23 00:14:39,999] {dagbag.py:507} INFO - Filling up the DagBag from /home/osboxes/.local/lib/python3.8/site-packages/airflow/example_dags/example_branch_datetime_operator.py
[2022-08-23 00:14:40,004] {processor.py:651} INFO - DAG(s) dict_keys(['example_branch_datetime_operator_2']) retrieved from /home/osboxes/.local/lib/python3.8/site-packages/airflow/example_dags/example_branch_datetime_operator.py
[2022-08-23 00:14:40,032] {logging_mixin.py:115} INFO - [2022-08-23 00:14:40,032] {dag.py:2371} INFO - Sync 1 DAGs
[2022-08-23 00:14:40,046] {logging_mixin.py:115} INFO - [2022-08-23 00:14:40,046] {dag.py:2915} INFO - Setting next_dagrun for example_branch_datetime_operator_2 to 2022-08-22T00:00:00+00:00, run_after=2022-08-23T00:00:00+00:00
[2022-08-23 00:14:40,088] {processor.py:161} INFO - Processing /home/osboxes/.local/lib/python3.8/site-packages/airflow/example_dags/example_branch_datetime_operator.py took 0.092 seconds
[2022-08-23 00:15:21,739] {processor.py:153} INFO - Started process (PID=183483) to work on /home/osboxes/.local/lib/python3.8/site-packages/airflow/example_dags/example_branch_datetime_operator.py
[2022-08-23 00:15:21,741] {processor.py:641} INFO - Processing file /home/osboxes/.local/lib/python3.8/site-packages/airflow/example_dags/example_branch_datetime_operator.py for tasks to queue
[2022-08-23 00:15:21,742] {logging_mixin.py:115} INFO - [2022-08-23 00:15:21,742] {dagbag.py:507} INFO - Filling up the DagBag from /home/osboxes/.local/lib/python3.8/site-packages/airflow/example_dags/example_branch_datetime_operator.py
[2022-08-23 00:15:21,747] {processor.py:651} INFO - DAG(s) dict_keys(['example_branch_datetime_operator_2']) retrieved from /home/osboxes/.local/lib/python3.8/site-packages/airflow/example_dags/example_branch_datetime_operator.py
[2022-08-23 00:15:21,763] {logging_mixin.py:115} INFO - [2022-08-23 00:15:21,763] {dag.py:2371} INFO - Sync 1 DAGs
[2022-08-23 00:15:21,780] {logging_mixin.py:115} INFO - [2022-08-23 00:15:21,780] {dag.py:2915} INFO - Setting next_dagrun for example_branch_datetime_operator_2 to 2022-08-22T00:00:00+00:00, run_after=2022-08-23T00:00:00+00:00
[2022-08-23 00:15:21,810] {processor.py:161} INFO - Processing /home/osboxes/.local/lib/python3.8/site-packages/airflow/example_dags/example_branch_datetime_operator.py took 0.073 seconds
[2022-08-23 00:16:04,230] {processor.py:153} INFO - Started process (PID=183844) to work on /home/osboxes/.local/lib/python3.8/site-packages/airflow/example_dags/example_branch_datetime_operator.py
[2022-08-23 00:16:04,233] {processor.py:641} INFO - Processing file /home/osboxes/.local/lib/python3.8/site-packages/airflow/example_dags/example_branch_datetime_operator.py for tasks to queue
[2022-08-23 00:16:04,233] {logging_mixin.py:115} INFO - [2022-08-23 00:16:04,233] {dagbag.py:507} INFO - Filling up the DagBag from /home/osboxes/.local/lib/python3.8/site-packages/airflow/example_dags/example_branch_datetime_operator.py
[2022-08-23 00:16:04,239] {processor.py:651} INFO - DAG(s) dict_keys(['example_branch_datetime_operator_2']) retrieved from /home/osboxes/.local/lib/python3.8/site-packages/airflow/example_dags/example_branch_datetime_operator.py
[2022-08-23 00:16:04,256] {logging_mixin.py:115} INFO - [2022-08-23 00:16:04,256] {dag.py:2371} INFO - Sync 1 DAGs
[2022-08-23 00:16:04,270] {logging_mixin.py:115} INFO - [2022-08-23 00:16:04,270] {dag.py:2915} INFO - Setting next_dagrun for example_branch_datetime_operator_2 to 2022-08-22T00:00:00+00:00, run_after=2022-08-23T00:00:00+00:00
[2022-08-23 00:16:04,298] {processor.py:161} INFO - Processing /home/osboxes/.local/lib/python3.8/site-packages/airflow/example_dags/example_branch_datetime_operator.py took 0.070 seconds
[2022-08-23 00:16:54,991] {processor.py:153} INFO - Started process (PID=184238) to work on /home/osboxes/.local/lib/python3.8/site-packages/airflow/example_dags/example_branch_datetime_operator.py
[2022-08-23 00:16:54,994] {processor.py:641} INFO - Processing file /home/osboxes/.local/lib/python3.8/site-packages/airflow/example_dags/example_branch_datetime_operator.py for tasks to queue
[2022-08-23 00:16:54,994] {logging_mixin.py:115} INFO - [2022-08-23 00:16:54,994] {dagbag.py:507} INFO - Filling up the DagBag from /home/osboxes/.local/lib/python3.8/site-packages/airflow/example_dags/example_branch_datetime_operator.py
[2022-08-23 00:16:54,999] {processor.py:651} INFO - DAG(s) dict_keys(['example_branch_datetime_operator_2']) retrieved from /home/osboxes/.local/lib/python3.8/site-packages/airflow/example_dags/example_branch_datetime_operator.py
[2022-08-23 00:16:55,018] {logging_mixin.py:115} INFO - [2022-08-23 00:16:55,018] {dag.py:2371} INFO - Sync 1 DAGs
[2022-08-23 00:16:55,033] {logging_mixin.py:115} INFO - [2022-08-23 00:16:55,033] {dag.py:2915} INFO - Setting next_dagrun for example_branch_datetime_operator_2 to 2022-08-22T00:00:00+00:00, run_after=2022-08-23T00:00:00+00:00
[2022-08-23 00:16:55,071] {processor.py:161} INFO - Processing /home/osboxes/.local/lib/python3.8/site-packages/airflow/example_dags/example_branch_datetime_operator.py took 0.082 seconds
[2022-08-23 00:17:41,091] {processor.py:153} INFO - Started process (PID=184611) to work on /home/osboxes/.local/lib/python3.8/site-packages/airflow/example_dags/example_branch_datetime_operator.py
[2022-08-23 00:17:41,093] {processor.py:641} INFO - Processing file /home/osboxes/.local/lib/python3.8/site-packages/airflow/example_dags/example_branch_datetime_operator.py for tasks to queue
[2022-08-23 00:17:41,094] {logging_mixin.py:115} INFO - [2022-08-23 00:17:41,094] {dagbag.py:507} INFO - Filling up the DagBag from /home/osboxes/.local/lib/python3.8/site-packages/airflow/example_dags/example_branch_datetime_operator.py
[2022-08-23 00:17:41,100] {processor.py:651} INFO - DAG(s) dict_keys(['example_branch_datetime_operator_2']) retrieved from /home/osboxes/.local/lib/python3.8/site-packages/airflow/example_dags/example_branch_datetime_operator.py
[2022-08-23 00:17:41,117] {logging_mixin.py:115} INFO - [2022-08-23 00:17:41,117] {dag.py:2371} INFO - Sync 1 DAGs
[2022-08-23 00:17:41,132] {logging_mixin.py:115} INFO - [2022-08-23 00:17:41,132] {dag.py:2915} INFO - Setting next_dagrun for example_branch_datetime_operator_2 to 2022-08-22T00:00:00+00:00, run_after=2022-08-23T00:00:00+00:00
[2022-08-23 00:17:41,155] {processor.py:161} INFO - Processing /home/osboxes/.local/lib/python3.8/site-packages/airflow/example_dags/example_branch_datetime_operator.py took 0.066 seconds
[2022-08-23 00:18:32,298] {processor.py:153} INFO - Started process (PID=185021) to work on /home/osboxes/.local/lib/python3.8/site-packages/airflow/example_dags/example_branch_datetime_operator.py
[2022-08-23 00:18:32,301] {processor.py:641} INFO - Processing file /home/osboxes/.local/lib/python3.8/site-packages/airflow/example_dags/example_branch_datetime_operator.py for tasks to queue
[2022-08-23 00:18:32,302] {logging_mixin.py:115} INFO - [2022-08-23 00:18:32,301] {dagbag.py:507} INFO - Filling up the DagBag from /home/osboxes/.local/lib/python3.8/site-packages/airflow/example_dags/example_branch_datetime_operator.py
[2022-08-23 00:18:32,315] {processor.py:651} INFO - DAG(s) dict_keys(['example_branch_datetime_operator_2']) retrieved from /home/osboxes/.local/lib/python3.8/site-packages/airflow/example_dags/example_branch_datetime_operator.py
[2022-08-23 00:18:32,345] {logging_mixin.py:115} INFO - [2022-08-23 00:18:32,345] {dag.py:2371} INFO - Sync 1 DAGs
[2022-08-23 00:18:32,360] {logging_mixin.py:115} INFO - [2022-08-23 00:18:32,360] {dag.py:2915} INFO - Setting next_dagrun for example_branch_datetime_operator_2 to 2022-08-22T00:00:00+00:00, run_after=2022-08-23T00:00:00+00:00
[2022-08-23 00:18:32,385] {processor.py:161} INFO - Processing /home/osboxes/.local/lib/python3.8/site-packages/airflow/example_dags/example_branch_datetime_operator.py took 0.090 seconds
[2022-08-23 00:19:18,366] {processor.py:153} INFO - Started process (PID=185388) to work on /home/osboxes/.local/lib/python3.8/site-packages/airflow/example_dags/example_branch_datetime_operator.py
[2022-08-23 00:19:18,367] {processor.py:641} INFO - Processing file /home/osboxes/.local/lib/python3.8/site-packages/airflow/example_dags/example_branch_datetime_operator.py for tasks to queue
[2022-08-23 00:19:18,368] {logging_mixin.py:115} INFO - [2022-08-23 00:19:18,368] {dagbag.py:507} INFO - Filling up the DagBag from /home/osboxes/.local/lib/python3.8/site-packages/airflow/example_dags/example_branch_datetime_operator.py
[2022-08-23 00:19:18,373] {processor.py:651} INFO - DAG(s) dict_keys(['example_branch_datetime_operator_2']) retrieved from /home/osboxes/.local/lib/python3.8/site-packages/airflow/example_dags/example_branch_datetime_operator.py
[2022-08-23 00:19:18,391] {logging_mixin.py:115} INFO - [2022-08-23 00:19:18,391] {dag.py:2371} INFO - Sync 1 DAGs
[2022-08-23 00:19:18,404] {logging_mixin.py:115} INFO - [2022-08-23 00:19:18,404] {dag.py:2915} INFO - Setting next_dagrun for example_branch_datetime_operator_2 to 2022-08-22T00:00:00+00:00, run_after=2022-08-23T00:00:00+00:00
[2022-08-23 00:19:18,430] {processor.py:161} INFO - Processing /home/osboxes/.local/lib/python3.8/site-packages/airflow/example_dags/example_branch_datetime_operator.py took 0.067 seconds
[2022-08-23 00:20:03,453] {processor.py:153} INFO - Started process (PID=185763) to work on /home/osboxes/.local/lib/python3.8/site-packages/airflow/example_dags/example_branch_datetime_operator.py
[2022-08-23 00:20:03,455] {processor.py:641} INFO - Processing file /home/osboxes/.local/lib/python3.8/site-packages/airflow/example_dags/example_branch_datetime_operator.py for tasks to queue
[2022-08-23 00:20:03,455] {logging_mixin.py:115} INFO - [2022-08-23 00:20:03,455] {dagbag.py:507} INFO - Filling up the DagBag from /home/osboxes/.local/lib/python3.8/site-packages/airflow/example_dags/example_branch_datetime_operator.py
[2022-08-23 00:20:03,461] {processor.py:651} INFO - DAG(s) dict_keys(['example_branch_datetime_operator_2']) retrieved from /home/osboxes/.local/lib/python3.8/site-packages/airflow/example_dags/example_branch_datetime_operator.py
[2022-08-23 00:20:03,479] {logging_mixin.py:115} INFO - [2022-08-23 00:20:03,479] {dag.py:2371} INFO - Sync 1 DAGs
[2022-08-23 00:20:03,492] {logging_mixin.py:115} INFO - [2022-08-23 00:20:03,492] {dag.py:2915} INFO - Setting next_dagrun for example_branch_datetime_operator_2 to 2022-08-22T00:00:00+00:00, run_after=2022-08-23T00:00:00+00:00
[2022-08-23 00:20:03,529] {processor.py:161} INFO - Processing /home/osboxes/.local/lib/python3.8/site-packages/airflow/example_dags/example_branch_datetime_operator.py took 0.080 seconds
[2022-08-23 00:20:53,521] {processor.py:153} INFO - Started process (PID=186176) to work on /home/osboxes/.local/lib/python3.8/site-packages/airflow/example_dags/example_branch_datetime_operator.py
[2022-08-23 00:20:53,523] {processor.py:641} INFO - Processing file /home/osboxes/.local/lib/python3.8/site-packages/airflow/example_dags/example_branch_datetime_operator.py for tasks to queue
[2022-08-23 00:20:53,524] {logging_mixin.py:115} INFO - [2022-08-23 00:20:53,524] {dagbag.py:507} INFO - Filling up the DagBag from /home/osboxes/.local/lib/python3.8/site-packages/airflow/example_dags/example_branch_datetime_operator.py
[2022-08-23 00:20:53,530] {processor.py:651} INFO - DAG(s) dict_keys(['example_branch_datetime_operator_2']) retrieved from /home/osboxes/.local/lib/python3.8/site-packages/airflow/example_dags/example_branch_datetime_operator.py
[2022-08-23 00:20:53,546] {logging_mixin.py:115} INFO - [2022-08-23 00:20:53,546] {dag.py:2371} INFO - Sync 1 DAGs
[2022-08-23 00:20:53,561] {logging_mixin.py:115} INFO - [2022-08-23 00:20:53,560] {dag.py:2915} INFO - Setting next_dagrun for example_branch_datetime_operator_2 to 2022-08-22T00:00:00+00:00, run_after=2022-08-23T00:00:00+00:00
[2022-08-23 00:20:53,596] {processor.py:161} INFO - Processing /home/osboxes/.local/lib/python3.8/site-packages/airflow/example_dags/example_branch_datetime_operator.py took 0.078 seconds
[2022-08-23 00:21:43,689] {processor.py:153} INFO - Started process (PID=186596) to work on /home/osboxes/.local/lib/python3.8/site-packages/airflow/example_dags/example_branch_datetime_operator.py
[2022-08-23 00:21:43,691] {processor.py:641} INFO - Processing file /home/osboxes/.local/lib/python3.8/site-packages/airflow/example_dags/example_branch_datetime_operator.py for tasks to queue
[2022-08-23 00:21:43,691] {logging_mixin.py:115} INFO - [2022-08-23 00:21:43,691] {dagbag.py:507} INFO - Filling up the DagBag from /home/osboxes/.local/lib/python3.8/site-packages/airflow/example_dags/example_branch_datetime_operator.py
[2022-08-23 00:21:43,697] {processor.py:651} INFO - DAG(s) dict_keys(['example_branch_datetime_operator_2']) retrieved from /home/osboxes/.local/lib/python3.8/site-packages/airflow/example_dags/example_branch_datetime_operator.py
[2022-08-23 00:21:43,716] {logging_mixin.py:115} INFO - [2022-08-23 00:21:43,716] {dag.py:2371} INFO - Sync 1 DAGs
[2022-08-23 00:21:43,731] {logging_mixin.py:115} INFO - [2022-08-23 00:21:43,730] {dag.py:2915} INFO - Setting next_dagrun for example_branch_datetime_operator_2 to 2022-08-22T00:00:00+00:00, run_after=2022-08-23T00:00:00+00:00
[2022-08-23 00:21:43,756] {processor.py:161} INFO - Processing /home/osboxes/.local/lib/python3.8/site-packages/airflow/example_dags/example_branch_datetime_operator.py took 0.069 seconds
[2022-08-23 00:22:33,922] {processor.py:153} INFO - Started process (PID=187010) to work on /home/osboxes/.local/lib/python3.8/site-packages/airflow/example_dags/example_branch_datetime_operator.py
[2022-08-23 00:22:33,925] {processor.py:641} INFO - Processing file /home/osboxes/.local/lib/python3.8/site-packages/airflow/example_dags/example_branch_datetime_operator.py for tasks to queue
[2022-08-23 00:22:33,926] {logging_mixin.py:115} INFO - [2022-08-23 00:22:33,926] {dagbag.py:507} INFO - Filling up the DagBag from /home/osboxes/.local/lib/python3.8/site-packages/airflow/example_dags/example_branch_datetime_operator.py
[2022-08-23 00:22:33,931] {processor.py:651} INFO - DAG(s) dict_keys(['example_branch_datetime_operator_2']) retrieved from /home/osboxes/.local/lib/python3.8/site-packages/airflow/example_dags/example_branch_datetime_operator.py
[2022-08-23 00:22:33,946] {logging_mixin.py:115} INFO - [2022-08-23 00:22:33,946] {dag.py:2371} INFO - Sync 1 DAGs
[2022-08-23 00:22:33,963] {logging_mixin.py:115} INFO - [2022-08-23 00:22:33,963] {dag.py:2915} INFO - Setting next_dagrun for example_branch_datetime_operator_2 to 2022-08-22T00:00:00+00:00, run_after=2022-08-23T00:00:00+00:00
[2022-08-23 00:22:34,001] {processor.py:161} INFO - Processing /home/osboxes/.local/lib/python3.8/site-packages/airflow/example_dags/example_branch_datetime_operator.py took 0.080 seconds
[2022-08-23 00:23:26,855] {processor.py:153} INFO - Started process (PID=187410) to work on /home/osboxes/.local/lib/python3.8/site-packages/airflow/example_dags/example_branch_datetime_operator.py
[2022-08-23 00:23:26,857] {processor.py:641} INFO - Processing file /home/osboxes/.local/lib/python3.8/site-packages/airflow/example_dags/example_branch_datetime_operator.py for tasks to queue
[2022-08-23 00:23:26,858] {logging_mixin.py:115} INFO - [2022-08-23 00:23:26,858] {dagbag.py:507} INFO - Filling up the DagBag from /home/osboxes/.local/lib/python3.8/site-packages/airflow/example_dags/example_branch_datetime_operator.py
[2022-08-23 00:23:26,863] {processor.py:651} INFO - DAG(s) dict_keys(['example_branch_datetime_operator_2']) retrieved from /home/osboxes/.local/lib/python3.8/site-packages/airflow/example_dags/example_branch_datetime_operator.py
[2022-08-23 00:23:26,880] {logging_mixin.py:115} INFO - [2022-08-23 00:23:26,880] {dag.py:2371} INFO - Sync 1 DAGs
[2022-08-23 00:23:26,892] {logging_mixin.py:115} INFO - [2022-08-23 00:23:26,892] {dag.py:2915} INFO - Setting next_dagrun for example_branch_datetime_operator_2 to 2022-08-22T00:00:00+00:00, run_after=2022-08-23T00:00:00+00:00
[2022-08-23 00:23:26,918] {processor.py:161} INFO - Processing /home/osboxes/.local/lib/python3.8/site-packages/airflow/example_dags/example_branch_datetime_operator.py took 0.066 seconds
[2022-08-23 00:24:19,173] {processor.py:153} INFO - Started process (PID=187818) to work on /home/osboxes/.local/lib/python3.8/site-packages/airflow/example_dags/example_branch_datetime_operator.py
[2022-08-23 00:24:19,176] {processor.py:641} INFO - Processing file /home/osboxes/.local/lib/python3.8/site-packages/airflow/example_dags/example_branch_datetime_operator.py for tasks to queue
[2022-08-23 00:24:19,176] {logging_mixin.py:115} INFO - [2022-08-23 00:24:19,176] {dagbag.py:507} INFO - Filling up the DagBag from /home/osboxes/.local/lib/python3.8/site-packages/airflow/example_dags/example_branch_datetime_operator.py
[2022-08-23 00:24:19,182] {processor.py:651} INFO - DAG(s) dict_keys(['example_branch_datetime_operator_2']) retrieved from /home/osboxes/.local/lib/python3.8/site-packages/airflow/example_dags/example_branch_datetime_operator.py
[2022-08-23 00:24:19,213] {logging_mixin.py:115} INFO - [2022-08-23 00:24:19,213] {dag.py:2371} INFO - Sync 1 DAGs
[2022-08-23 00:24:19,227] {logging_mixin.py:115} INFO - [2022-08-23 00:24:19,227] {dag.py:2915} INFO - Setting next_dagrun for example_branch_datetime_operator_2 to 2022-08-22T00:00:00+00:00, run_after=2022-08-23T00:00:00+00:00
[2022-08-23 00:24:19,275] {processor.py:161} INFO - Processing /home/osboxes/.local/lib/python3.8/site-packages/airflow/example_dags/example_branch_datetime_operator.py took 0.104 seconds
[2022-08-23 00:25:07,616] {processor.py:153} INFO - Started process (PID=188233) to work on /home/osboxes/.local/lib/python3.8/site-packages/airflow/example_dags/example_branch_datetime_operator.py
[2022-08-23 00:25:07,660] {processor.py:641} INFO - Processing file /home/osboxes/.local/lib/python3.8/site-packages/airflow/example_dags/example_branch_datetime_operator.py for tasks to queue
[2022-08-23 00:25:07,661] {logging_mixin.py:115} INFO - [2022-08-23 00:25:07,661] {dagbag.py:507} INFO - Filling up the DagBag from /home/osboxes/.local/lib/python3.8/site-packages/airflow/example_dags/example_branch_datetime_operator.py
[2022-08-23 00:25:07,666] {processor.py:651} INFO - DAG(s) dict_keys(['example_branch_datetime_operator_2']) retrieved from /home/osboxes/.local/lib/python3.8/site-packages/airflow/example_dags/example_branch_datetime_operator.py
[2022-08-23 00:25:07,740] {logging_mixin.py:115} INFO - [2022-08-23 00:25:07,740] {dag.py:2371} INFO - Sync 1 DAGs
[2022-08-23 00:25:07,760] {logging_mixin.py:115} INFO - [2022-08-23 00:25:07,760] {dag.py:2915} INFO - Setting next_dagrun for example_branch_datetime_operator_2 to 2022-08-22T00:00:00+00:00, run_after=2022-08-23T00:00:00+00:00
[2022-08-23 00:25:07,786] {processor.py:161} INFO - Processing /home/osboxes/.local/lib/python3.8/site-packages/airflow/example_dags/example_branch_datetime_operator.py took 0.172 seconds
[2022-08-23 00:25:58,930] {processor.py:153} INFO - Started process (PID=188666) to work on /home/osboxes/.local/lib/python3.8/site-packages/airflow/example_dags/example_branch_datetime_operator.py
[2022-08-23 00:25:58,962] {processor.py:641} INFO - Processing file /home/osboxes/.local/lib/python3.8/site-packages/airflow/example_dags/example_branch_datetime_operator.py for tasks to queue
[2022-08-23 00:25:58,962] {logging_mixin.py:115} INFO - [2022-08-23 00:25:58,962] {dagbag.py:507} INFO - Filling up the DagBag from /home/osboxes/.local/lib/python3.8/site-packages/airflow/example_dags/example_branch_datetime_operator.py
[2022-08-23 00:25:59,003] {processor.py:651} INFO - DAG(s) dict_keys(['example_branch_datetime_operator_2']) retrieved from /home/osboxes/.local/lib/python3.8/site-packages/airflow/example_dags/example_branch_datetime_operator.py
[2022-08-23 00:25:59,041] {logging_mixin.py:115} INFO - [2022-08-23 00:25:59,041] {dag.py:2371} INFO - Sync 1 DAGs
[2022-08-23 00:25:59,055] {logging_mixin.py:115} INFO - [2022-08-23 00:25:59,055] {dag.py:2915} INFO - Setting next_dagrun for example_branch_datetime_operator_2 to 2022-08-22T00:00:00+00:00, run_after=2022-08-23T00:00:00+00:00
[2022-08-23 00:25:59,082] {processor.py:161} INFO - Processing /home/osboxes/.local/lib/python3.8/site-packages/airflow/example_dags/example_branch_datetime_operator.py took 0.154 seconds
[2022-08-23 00:26:40,895] {processor.py:153} INFO - Started process (PID=189009) to work on /home/osboxes/.local/lib/python3.8/site-packages/airflow/example_dags/example_branch_datetime_operator.py
[2022-08-23 00:26:40,899] {processor.py:641} INFO - Processing file /home/osboxes/.local/lib/python3.8/site-packages/airflow/example_dags/example_branch_datetime_operator.py for tasks to queue
[2022-08-23 00:26:40,900] {logging_mixin.py:115} INFO - [2022-08-23 00:26:40,900] {dagbag.py:507} INFO - Filling up the DagBag from /home/osboxes/.local/lib/python3.8/site-packages/airflow/example_dags/example_branch_datetime_operator.py
[2022-08-23 00:26:40,908] {processor.py:651} INFO - DAG(s) dict_keys(['example_branch_datetime_operator_2']) retrieved from /home/osboxes/.local/lib/python3.8/site-packages/airflow/example_dags/example_branch_datetime_operator.py
[2022-08-23 00:26:40,924] {logging_mixin.py:115} INFO - [2022-08-23 00:26:40,924] {dag.py:2371} INFO - Sync 1 DAGs
[2022-08-23 00:26:40,939] {logging_mixin.py:115} INFO - [2022-08-23 00:26:40,939] {dag.py:2915} INFO - Setting next_dagrun for example_branch_datetime_operator_2 to 2022-08-22T00:00:00+00:00, run_after=2022-08-23T00:00:00+00:00
[2022-08-23 00:26:40,966] {processor.py:161} INFO - Processing /home/osboxes/.local/lib/python3.8/site-packages/airflow/example_dags/example_branch_datetime_operator.py took 0.075 seconds
[2022-08-23 00:27:32,418] {processor.py:153} INFO - Started process (PID=189428) to work on /home/osboxes/.local/lib/python3.8/site-packages/airflow/example_dags/example_branch_datetime_operator.py
[2022-08-23 00:27:32,428] {processor.py:641} INFO - Processing file /home/osboxes/.local/lib/python3.8/site-packages/airflow/example_dags/example_branch_datetime_operator.py for tasks to queue
[2022-08-23 00:27:32,428] {logging_mixin.py:115} INFO - [2022-08-23 00:27:32,428] {dagbag.py:507} INFO - Filling up the DagBag from /home/osboxes/.local/lib/python3.8/site-packages/airflow/example_dags/example_branch_datetime_operator.py
[2022-08-23 00:27:32,433] {processor.py:651} INFO - DAG(s) dict_keys(['example_branch_datetime_operator_2']) retrieved from /home/osboxes/.local/lib/python3.8/site-packages/airflow/example_dags/example_branch_datetime_operator.py
[2022-08-23 00:27:32,449] {logging_mixin.py:115} INFO - [2022-08-23 00:27:32,449] {dag.py:2371} INFO - Sync 1 DAGs
[2022-08-23 00:27:32,463] {logging_mixin.py:115} INFO - [2022-08-23 00:27:32,463] {dag.py:2915} INFO - Setting next_dagrun for example_branch_datetime_operator_2 to 2022-08-22T00:00:00+00:00, run_after=2022-08-23T00:00:00+00:00
[2022-08-23 00:27:32,494] {processor.py:161} INFO - Processing /home/osboxes/.local/lib/python3.8/site-packages/airflow/example_dags/example_branch_datetime_operator.py took 0.079 seconds
[2022-08-23 00:28:22,169] {processor.py:153} INFO - Started process (PID=189818) to work on /home/osboxes/.local/lib/python3.8/site-packages/airflow/example_dags/example_branch_datetime_operator.py
[2022-08-23 00:28:22,171] {processor.py:641} INFO - Processing file /home/osboxes/.local/lib/python3.8/site-packages/airflow/example_dags/example_branch_datetime_operator.py for tasks to queue
[2022-08-23 00:28:22,172] {logging_mixin.py:115} INFO - [2022-08-23 00:28:22,172] {dagbag.py:507} INFO - Filling up the DagBag from /home/osboxes/.local/lib/python3.8/site-packages/airflow/example_dags/example_branch_datetime_operator.py
[2022-08-23 00:28:22,178] {processor.py:651} INFO - DAG(s) dict_keys(['example_branch_datetime_operator_2']) retrieved from /home/osboxes/.local/lib/python3.8/site-packages/airflow/example_dags/example_branch_datetime_operator.py
[2022-08-23 00:28:22,195] {logging_mixin.py:115} INFO - [2022-08-23 00:28:22,195] {dag.py:2371} INFO - Sync 1 DAGs
[2022-08-23 00:28:22,209] {logging_mixin.py:115} INFO - [2022-08-23 00:28:22,208] {dag.py:2915} INFO - Setting next_dagrun for example_branch_datetime_operator_2 to 2022-08-22T00:00:00+00:00, run_after=2022-08-23T00:00:00+00:00
[2022-08-23 00:28:22,255] {processor.py:161} INFO - Processing /home/osboxes/.local/lib/python3.8/site-packages/airflow/example_dags/example_branch_datetime_operator.py took 0.088 seconds
[2022-08-23 00:29:11,988] {processor.py:153} INFO - Started process (PID=190226) to work on /home/osboxes/.local/lib/python3.8/site-packages/airflow/example_dags/example_branch_datetime_operator.py
[2022-08-23 00:29:11,990] {processor.py:641} INFO - Processing file /home/osboxes/.local/lib/python3.8/site-packages/airflow/example_dags/example_branch_datetime_operator.py for tasks to queue
[2022-08-23 00:29:11,991] {logging_mixin.py:115} INFO - [2022-08-23 00:29:11,991] {dagbag.py:507} INFO - Filling up the DagBag from /home/osboxes/.local/lib/python3.8/site-packages/airflow/example_dags/example_branch_datetime_operator.py
[2022-08-23 00:29:11,996] {processor.py:651} INFO - DAG(s) dict_keys(['example_branch_datetime_operator_2']) retrieved from /home/osboxes/.local/lib/python3.8/site-packages/airflow/example_dags/example_branch_datetime_operator.py
[2022-08-23 00:29:12,013] {logging_mixin.py:115} INFO - [2022-08-23 00:29:12,012] {dag.py:2371} INFO - Sync 1 DAGs
[2022-08-23 00:29:12,025] {logging_mixin.py:115} INFO - [2022-08-23 00:29:12,025] {dag.py:2915} INFO - Setting next_dagrun for example_branch_datetime_operator_2 to 2022-08-22T00:00:00+00:00, run_after=2022-08-23T00:00:00+00:00
[2022-08-23 00:29:12,054] {processor.py:161} INFO - Processing /home/osboxes/.local/lib/python3.8/site-packages/airflow/example_dags/example_branch_datetime_operator.py took 0.069 seconds
[2022-08-23 00:29:54,990] {processor.py:153} INFO - Started process (PID=190577) to work on /home/osboxes/.local/lib/python3.8/site-packages/airflow/example_dags/example_branch_datetime_operator.py
[2022-08-23 00:29:54,992] {processor.py:641} INFO - Processing file /home/osboxes/.local/lib/python3.8/site-packages/airflow/example_dags/example_branch_datetime_operator.py for tasks to queue
[2022-08-23 00:29:54,992] {logging_mixin.py:115} INFO - [2022-08-23 00:29:54,992] {dagbag.py:507} INFO - Filling up the DagBag from /home/osboxes/.local/lib/python3.8/site-packages/airflow/example_dags/example_branch_datetime_operator.py
[2022-08-23 00:29:54,997] {processor.py:651} INFO - DAG(s) dict_keys(['example_branch_datetime_operator_2']) retrieved from /home/osboxes/.local/lib/python3.8/site-packages/airflow/example_dags/example_branch_datetime_operator.py
[2022-08-23 00:29:55,015] {logging_mixin.py:115} INFO - [2022-08-23 00:29:55,015] {dag.py:2371} INFO - Sync 1 DAGs
[2022-08-23 00:29:55,029] {logging_mixin.py:115} INFO - [2022-08-23 00:29:55,029] {dag.py:2915} INFO - Setting next_dagrun for example_branch_datetime_operator_2 to 2022-08-22T00:00:00+00:00, run_after=2022-08-23T00:00:00+00:00
[2022-08-23 00:29:55,058] {processor.py:161} INFO - Processing /home/osboxes/.local/lib/python3.8/site-packages/airflow/example_dags/example_branch_datetime_operator.py took 0.070 seconds
[2022-08-23 00:30:37,101] {processor.py:153} INFO - Started process (PID=190964) to work on /home/osboxes/.local/lib/python3.8/site-packages/airflow/example_dags/example_branch_datetime_operator.py
[2022-08-23 00:30:37,103] {processor.py:641} INFO - Processing file /home/osboxes/.local/lib/python3.8/site-packages/airflow/example_dags/example_branch_datetime_operator.py for tasks to queue
[2022-08-23 00:30:37,103] {logging_mixin.py:115} INFO - [2022-08-23 00:30:37,103] {dagbag.py:507} INFO - Filling up the DagBag from /home/osboxes/.local/lib/python3.8/site-packages/airflow/example_dags/example_branch_datetime_operator.py
[2022-08-23 00:30:37,108] {processor.py:651} INFO - DAG(s) dict_keys(['example_branch_datetime_operator_2']) retrieved from /home/osboxes/.local/lib/python3.8/site-packages/airflow/example_dags/example_branch_datetime_operator.py
[2022-08-23 00:30:37,125] {logging_mixin.py:115} INFO - [2022-08-23 00:30:37,125] {dag.py:2371} INFO - Sync 1 DAGs
[2022-08-23 00:30:37,139] {logging_mixin.py:115} INFO - [2022-08-23 00:30:37,139] {dag.py:2915} INFO - Setting next_dagrun for example_branch_datetime_operator_2 to 2022-08-22T00:00:00+00:00, run_after=2022-08-23T00:00:00+00:00
[2022-08-23 00:30:37,175] {processor.py:161} INFO - Processing /home/osboxes/.local/lib/python3.8/site-packages/airflow/example_dags/example_branch_datetime_operator.py took 0.077 seconds
[2022-08-23 00:31:29,436] {processor.py:153} INFO - Started process (PID=191406) to work on /home/osboxes/.local/lib/python3.8/site-packages/airflow/example_dags/example_branch_datetime_operator.py
[2022-08-23 00:31:29,438] {processor.py:641} INFO - Processing file /home/osboxes/.local/lib/python3.8/site-packages/airflow/example_dags/example_branch_datetime_operator.py for tasks to queue
[2022-08-23 00:31:29,439] {logging_mixin.py:115} INFO - [2022-08-23 00:31:29,439] {dagbag.py:507} INFO - Filling up the DagBag from /home/osboxes/.local/lib/python3.8/site-packages/airflow/example_dags/example_branch_datetime_operator.py
[2022-08-23 00:31:29,444] {processor.py:651} INFO - DAG(s) dict_keys(['example_branch_datetime_operator_2']) retrieved from /home/osboxes/.local/lib/python3.8/site-packages/airflow/example_dags/example_branch_datetime_operator.py
[2022-08-23 00:31:29,462] {logging_mixin.py:115} INFO - [2022-08-23 00:31:29,462] {dag.py:2371} INFO - Sync 1 DAGs
[2022-08-23 00:31:29,478] {logging_mixin.py:115} INFO - [2022-08-23 00:31:29,477] {dag.py:2915} INFO - Setting next_dagrun for example_branch_datetime_operator_2 to 2022-08-22T00:00:00+00:00, run_after=2022-08-23T00:00:00+00:00
[2022-08-23 00:31:29,505] {processor.py:161} INFO - Processing /home/osboxes/.local/lib/python3.8/site-packages/airflow/example_dags/example_branch_datetime_operator.py took 0.072 seconds
[2022-08-23 00:32:21,769] {processor.py:153} INFO - Started process (PID=191817) to work on /home/osboxes/.local/lib/python3.8/site-packages/airflow/example_dags/example_branch_datetime_operator.py
[2022-08-23 00:32:21,770] {processor.py:641} INFO - Processing file /home/osboxes/.local/lib/python3.8/site-packages/airflow/example_dags/example_branch_datetime_operator.py for tasks to queue
[2022-08-23 00:32:21,771] {logging_mixin.py:115} INFO - [2022-08-23 00:32:21,770] {dagbag.py:507} INFO - Filling up the DagBag from /home/osboxes/.local/lib/python3.8/site-packages/airflow/example_dags/example_branch_datetime_operator.py
[2022-08-23 00:32:21,777] {processor.py:651} INFO - DAG(s) dict_keys(['example_branch_datetime_operator_2']) retrieved from /home/osboxes/.local/lib/python3.8/site-packages/airflow/example_dags/example_branch_datetime_operator.py
[2022-08-23 00:32:21,794] {logging_mixin.py:115} INFO - [2022-08-23 00:32:21,793] {dag.py:2371} INFO - Sync 1 DAGs
[2022-08-23 00:32:21,807] {logging_mixin.py:115} INFO - [2022-08-23 00:32:21,807] {dag.py:2915} INFO - Setting next_dagrun for example_branch_datetime_operator_2 to 2022-08-22T00:00:00+00:00, run_after=2022-08-23T00:00:00+00:00
[2022-08-23 00:32:21,834] {processor.py:161} INFO - Processing /home/osboxes/.local/lib/python3.8/site-packages/airflow/example_dags/example_branch_datetime_operator.py took 0.067 seconds
[2022-08-23 00:33:17,643] {processor.py:153} INFO - Started process (PID=192346) to work on /home/osboxes/.local/lib/python3.8/site-packages/airflow/example_dags/example_branch_datetime_operator.py
[2022-08-23 00:33:17,645] {processor.py:641} INFO - Processing file /home/osboxes/.local/lib/python3.8/site-packages/airflow/example_dags/example_branch_datetime_operator.py for tasks to queue
[2022-08-23 00:33:17,646] {logging_mixin.py:115} INFO - [2022-08-23 00:33:17,646] {dagbag.py:507} INFO - Filling up the DagBag from /home/osboxes/.local/lib/python3.8/site-packages/airflow/example_dags/example_branch_datetime_operator.py
[2022-08-23 00:33:17,651] {processor.py:651} INFO - DAG(s) dict_keys(['example_branch_datetime_operator_2']) retrieved from /home/osboxes/.local/lib/python3.8/site-packages/airflow/example_dags/example_branch_datetime_operator.py
[2022-08-23 00:33:17,667] {logging_mixin.py:115} INFO - [2022-08-23 00:33:17,666] {dag.py:2371} INFO - Sync 1 DAGs
[2022-08-23 00:33:17,682] {logging_mixin.py:115} INFO - [2022-08-23 00:33:17,682] {dag.py:2915} INFO - Setting next_dagrun for example_branch_datetime_operator_2 to 2022-08-22T00:00:00+00:00, run_after=2022-08-23T00:00:00+00:00
[2022-08-23 00:33:17,709] {processor.py:161} INFO - Processing /home/osboxes/.local/lib/python3.8/site-packages/airflow/example_dags/example_branch_datetime_operator.py took 0.068 seconds
[2022-08-23 00:34:00,894] {processor.py:153} INFO - Started process (PID=192685) to work on /home/osboxes/.local/lib/python3.8/site-packages/airflow/example_dags/example_branch_datetime_operator.py
[2022-08-23 00:34:00,897] {processor.py:641} INFO - Processing file /home/osboxes/.local/lib/python3.8/site-packages/airflow/example_dags/example_branch_datetime_operator.py for tasks to queue
[2022-08-23 00:34:00,898] {logging_mixin.py:115} INFO - [2022-08-23 00:34:00,897] {dagbag.py:507} INFO - Filling up the DagBag from /home/osboxes/.local/lib/python3.8/site-packages/airflow/example_dags/example_branch_datetime_operator.py
[2022-08-23 00:34:00,904] {processor.py:651} INFO - DAG(s) dict_keys(['example_branch_datetime_operator_2']) retrieved from /home/osboxes/.local/lib/python3.8/site-packages/airflow/example_dags/example_branch_datetime_operator.py
[2022-08-23 00:34:00,921] {logging_mixin.py:115} INFO - [2022-08-23 00:34:00,921] {dag.py:2371} INFO - Sync 1 DAGs
[2022-08-23 00:34:00,937] {logging_mixin.py:115} INFO - [2022-08-23 00:34:00,937] {dag.py:2915} INFO - Setting next_dagrun for example_branch_datetime_operator_2 to 2022-08-22T00:00:00+00:00, run_after=2022-08-23T00:00:00+00:00
[2022-08-23 00:34:00,973] {processor.py:161} INFO - Processing /home/osboxes/.local/lib/python3.8/site-packages/airflow/example_dags/example_branch_datetime_operator.py took 0.082 seconds
[2022-08-23 00:34:52,410] {processor.py:153} INFO - Started process (PID=193125) to work on /home/osboxes/.local/lib/python3.8/site-packages/airflow/example_dags/example_branch_datetime_operator.py
[2022-08-23 00:34:52,425] {processor.py:641} INFO - Processing file /home/osboxes/.local/lib/python3.8/site-packages/airflow/example_dags/example_branch_datetime_operator.py for tasks to queue
[2022-08-23 00:34:52,426] {logging_mixin.py:115} INFO - [2022-08-23 00:34:52,426] {dagbag.py:507} INFO - Filling up the DagBag from /home/osboxes/.local/lib/python3.8/site-packages/airflow/example_dags/example_branch_datetime_operator.py
[2022-08-23 00:34:52,431] {processor.py:651} INFO - DAG(s) dict_keys(['example_branch_datetime_operator_2']) retrieved from /home/osboxes/.local/lib/python3.8/site-packages/airflow/example_dags/example_branch_datetime_operator.py
[2022-08-23 00:34:52,474] {logging_mixin.py:115} INFO - [2022-08-23 00:34:52,474] {dag.py:2371} INFO - Sync 1 DAGs
[2022-08-23 00:34:52,511] {logging_mixin.py:115} INFO - [2022-08-23 00:34:52,511] {dag.py:2915} INFO - Setting next_dagrun for example_branch_datetime_operator_2 to 2022-08-22T00:00:00+00:00, run_after=2022-08-23T00:00:00+00:00
[2022-08-23 00:34:52,537] {processor.py:161} INFO - Processing /home/osboxes/.local/lib/python3.8/site-packages/airflow/example_dags/example_branch_datetime_operator.py took 0.128 seconds
                                                                                                                                                                                                                                                                                                                                                                                                                                                                                                                      