[2022-08-23 00:07:29,320] {processor.py:153} INFO - Started process (PID=179526) to work on /home/osboxes/.local/lib/python3.8/site-packages/airflow/example_dags/example_skip_dag.py
[2022-08-23 00:07:29,321] {processor.py:641} INFO - Processing file /home/osboxes/.local/lib/python3.8/site-packages/airflow/example_dags/example_skip_dag.py for tasks to queue
[2022-08-23 00:07:29,323] {logging_mixin.py:115} INFO - [2022-08-23 00:07:29,322] {dagbag.py:507} INFO - Filling up the DagBag from /home/osboxes/.local/lib/python3.8/site-packages/airflow/example_dags/example_skip_dag.py
[2022-08-23 00:07:29,331] {processor.py:651} INFO - DAG(s) dict_keys(['example_skip_dag']) retrieved from /home/osboxes/.local/lib/python3.8/site-packages/airflow/example_dags/example_skip_dag.py
[2022-08-23 00:07:29,354] {logging_mixin.py:115} INFO - [2022-08-23 00:07:29,354] {dag.py:2371} INFO - Sync 1 DAGs
[2022-08-23 00:07:29,372] {logging_mixin.py:115} INFO - [2022-08-23 00:07:29,372] {dag.py:2915} INFO - Setting next_dagrun for example_skip_dag to 2022-08-22T04:07:29.371799+00:00, run_after=2022-08-23T04:07:29.371799+00:00
[2022-08-23 00:07:29,406] {processor.py:161} INFO - Processing /home/osboxes/.local/lib/python3.8/site-packages/airflow/example_dags/example_skip_dag.py took 0.089 seconds
[2022-08-23 00:08:11,194] {processor.py:153} INFO - Started process (PID=179852) to work on /home/osboxes/.local/lib/python3.8/site-packages/airflow/example_dags/example_skip_dag.py
[2022-08-23 00:08:11,196] {processor.py:641} INFO - Processing file /home/osboxes/.local/lib/python3.8/site-packages/airflow/example_dags/example_skip_dag.py for tasks to queue
[2022-08-23 00:08:11,197] {logging_mixin.py:115} INFO - [2022-08-23 00:08:11,196] {dagbag.py:507} INFO - Filling up the DagBag from /home/osboxes/.local/lib/python3.8/site-packages/airflow/example_dags/example_skip_dag.py
[2022-08-23 00:08:11,201] {processor.py:651} INFO - DAG(s) dict_keys(['example_skip_dag']) retrieved from /home/osboxes/.local/lib/python3.8/site-packages/airflow/example_dags/example_skip_dag.py
[2022-08-23 00:08:11,219] {logging_mixin.py:115} INFO - [2022-08-23 00:08:11,218] {dag.py:2371} INFO - Sync 1 DAGs
[2022-08-23 00:08:11,232] {logging_mixin.py:115} INFO - [2022-08-23 00:08:11,232] {dag.py:2915} INFO - Setting next_dagrun for example_skip_dag to 2022-08-22T04:08:11.232445+00:00, run_after=2022-08-23T04:08:11.232445+00:00
[2022-08-23 00:08:11,262] {processor.py:161} INFO - Processing /home/osboxes/.local/lib/python3.8/site-packages/airflow/example_dags/example_skip_dag.py took 0.070 seconds
[2022-08-23 00:08:55,537] {processor.py:153} INFO - Started process (PID=180203) to work on /home/osboxes/.local/lib/python3.8/site-packages/airflow/example_dags/example_skip_dag.py
[2022-08-23 00:08:55,539] {processor.py:641} INFO - Processing file /home/osboxes/.local/lib/python3.8/site-packages/airflow/example_dags/example_skip_dag.py for tasks to queue
[2022-08-23 00:08:55,539] {logging_mixin.py:115} INFO - [2022-08-23 00:08:55,539] {dagbag.py:507} INFO - Filling up the DagBag from /home/osboxes/.local/lib/python3.8/site-packages/airflow/example_dags/example_skip_dag.py
[2022-08-23 00:08:55,543] {processor.py:651} INFO - DAG(s) dict_keys(['example_skip_dag']) retrieved from /home/osboxes/.local/lib/python3.8/site-packages/airflow/example_dags/example_skip_dag.py
[2022-08-23 00:08:55,562] {logging_mixin.py:115} INFO - [2022-08-23 00:08:55,562] {dag.py:2371} INFO - Sync 1 DAGs
[2022-08-23 00:08:55,575] {logging_mixin.py:115} INFO - [2022-08-23 00:08:55,575] {dag.py:2915} INFO - Setting next_dagrun for example_skip_dag to 2022-08-22T04:08:55.575685+00:00, run_after=2022-08-23T04:08:55.575685+00:00
[2022-08-23 00:08:55,613] {processor.py:161} INFO - Processing /home/osboxes/.local/lib/python3.8/site-packages/airflow/example_dags/example_skip_dag.py took 0.079 seconds
[2022-08-23 00:09:31,860] {processor.py:153} INFO - Started process (PID=180491) to work on /home/osboxes/.local/lib/python3.8/site-packages/airflow/example_dags/example_skip_dag.py
[2022-08-23 00:09:31,864] {processor.py:641} INFO - Processing file /home/osboxes/.local/lib/python3.8/site-packages/airflow/example_dags/example_skip_dag.py for tasks to queue
[2022-08-23 00:09:31,865] {logging_mixin.py:115} INFO - [2022-08-23 00:09:31,865] {dagbag.py:507} INFO - Filling up the DagBag from /home/osboxes/.local/lib/python3.8/site-packages/airflow/example_dags/example_skip_dag.py
[2022-08-23 00:09:31,870] {processor.py:651} INFO - DAG(s) dict_keys(['example_skip_dag']) retrieved from /home/osboxes/.local/lib/python3.8/site-packages/airflow/example_dags/example_skip_dag.py
[2022-08-23 00:09:31,887] {logging_mixin.py:115} INFO - [2022-08-23 00:09:31,887] {dag.py:2371} INFO - Sync 1 DAGs
[2022-08-23 00:09:31,899] {logging_mixin.py:115} INFO - [2022-08-23 00:09:31,899] {dag.py:2915} INFO - Setting next_dagrun for example_skip_dag to 2022-08-22T04:09:31.899573+00:00, run_after=2022-08-23T04:09:31.899573+00:00
[2022-08-23 00:09:31,938] {processor.py:161} INFO - Processing /home/osboxes/.local/lib/python3.8/site-packages/airflow/example_dags/example_skip_dag.py took 0.080 seconds
[2022-08-23 00:10:15,216] {processor.py:153} INFO - Started process (PID=180883) to work on /home/osboxes/.local/lib/python3.8/site-packages/airflow/example_dags/example_skip_dag.py
[2022-08-23 00:10:15,219] {processor.py:641} INFO - Processing file /home/osboxes/.local/lib/python3.8/site-packages/airflow/example_dags/example_skip_dag.py for tasks to queue
[2022-08-23 00:10:15,220] {logging_mixin.py:115} INFO - [2022-08-23 00:10:15,220] {dagbag.py:507} INFO - Filling up the DagBag from /home/osboxes/.local/lib/python3.8/site-packages/airflow/example_dags/example_skip_dag.py
[2022-08-23 00:10:15,240] {processor.py:651} INFO - DAG(s) dict_keys(['example_skip_dag']) retrieved from /home/osboxes/.local/lib/python3.8/site-packages/airflow/example_dags/example_skip_dag.py
[2022-08-23 00:10:15,335] {logging_mixin.py:115} INFO - [2022-08-23 00:10:15,335] {dag.py:2371} INFO - Sync 1 DAGs
[2022-08-23 00:10:15,386] {logging_mixin.py:115} INFO - [2022-08-23 00:10:15,386] {dag.py:2915} INFO - Setting next_dagrun for example_skip_dag to 2022-08-22T04:10:15.386003+00:00, run_after=2022-08-23T04:10:15.386003+00:00
[2022-08-23 00:10:15,441] {processor.py:161} INFO - Processing /home/osboxes/.local/lib/python3.8/site-packages/airflow/example_dags/example_skip_dag.py took 0.264 seconds
[2022-08-23 00:11:06,935] {processor.py:153} INFO - Started process (PID=181288) to work on /home/osboxes/.local/lib/python3.8/site-packages/airflow/example_dags/example_skip_dag.py
[2022-08-23 00:11:06,938] {processor.py:641} INFO - Processing file /home/osboxes/.local/lib/python3.8/site-packages/airflow/example_dags/example_skip_dag.py for tasks to queue
[2022-08-23 00:11:06,939] {logging_mixin.py:115} INFO - [2022-08-23 00:11:06,938] {dagbag.py:507} INFO - Filling up the DagBag from /home/osboxes/.local/lib/python3.8/site-packages/airflow/example_dags/example_skip_dag.py
[2022-08-23 00:11:06,945] {processor.py:651} INFO - DAG(s) dict_keys(['example_skip_dag']) retrieved from /home/osboxes/.local/lib/python3.8/site-packages/airflow/example_dags/example_skip_dag.py
[2022-08-23 00:11:06,977] {logging_mixin.py:115} INFO - [2022-08-23 00:11:06,977] {dag.py:2371} INFO - Sync 1 DAGs
[2022-08-23 00:11:06,995] {logging_mixin.py:115} INFO - [2022-08-23 00:11:06,995] {dag.py:2915} INFO - Setting next_dagrun for example_skip_dag to 2022-08-22T04:11:06.995281+00:00, run_after=2022-08-23T04:11:06.995281+00:00
[2022-08-23 00:11:07,026] {processor.py:161} INFO - Processing /home/osboxes/.local/lib/python3.8/site-packages/airflow/example_dags/example_skip_dag.py took 0.094 seconds
[2022-08-23 00:11:53,552] {processor.py:153} INFO - Started process (PID=181750) to work on /home/osboxes/.local/lib/python3.8/site-packages/airflow/example_dags/example_skip_dag.py
[2022-08-23 00:11:53,553] {processor.py:641} INFO - Processing file /home/osboxes/.local/lib/python3.8/site-packages/airflow/example_dags/example_skip_dag.py for tasks to queue
[2022-08-23 00:11:53,554] {logging_mixin.py:115} INFO - [2022-08-23 00:11:53,554] {dagbag.py:507} INFO - Filling up the DagBag from /home/osboxes/.local/lib/python3.8/site-packages/airflow/example_dags/example_skip_dag.py
[2022-08-23 00:11:53,558] {processor.py:651} INFO - DAG(s) dict_keys(['example_skip_dag']) retrieved from /home/osboxes/.local/lib/python3.8/site-packages/airflow/example_dags/example_skip_dag.py
[2022-08-23 00:11:53,575] {logging_mixin.py:115} INFO - [2022-08-23 00:11:53,575] {dag.py:2371} INFO - Sync 1 DAGs
[2022-08-23 00:11:53,588] {logging_mixin.py:115} INFO - [2022-08-23 00:11:53,588] {dag.py:2915} INFO - Setting next_dagrun for example_skip_dag to 2022-08-22T04:11:53.588673+00:00, run_after=2022-08-23T04:11:53.588673+00:00
[2022-08-23 00:11:53,624] {processor.py:161} INFO - Processing /home/osboxes/.local/lib/python3.8/site-packages/airflow/example_dags/example_skip_dag.py took 0.074 seconds
[2022-08-23 00:12:30,957] {processor.py:153} INFO - Started process (PID=182047) to work on /home/osboxes/.local/lib/python3.8/site-packages/airflow/example_dags/example_skip_dag.py
[2022-08-23 00:12:30,959] {processor.py:641} INFO - Processing file /home/osboxes/.local/lib/python3.8/site-packages/airflow/example_dags/example_skip_dag.py for tasks to queue
[2022-08-23 00:12:30,960] {logging_mixin.py:115} INFO - [2022-08-23 00:12:30,960] {dagbag.py:507} INFO - Filling up the DagBag from /home/osboxes/.local/lib/python3.8/site-packages/airflow/example_dags/example_skip_dag.py
[2022-08-23 00:12:30,964] {processor.py:651} INFO - DAG(s) dict_keys(['example_skip_dag']) retrieved from /home/osboxes/.local/lib/python3.8/site-packages/airflow/example_dags/example_skip_dag.py
[2022-08-23 00:12:30,982] {logging_mixin.py:115} INFO - [2022-08-23 00:12:30,981] {dag.py:2371} INFO - Sync 1 DAGs
[2022-08-23 00:12:30,995] {logging_mixin.py:115} INFO - [2022-08-23 00:12:30,995] {dag.py:2915} INFO - Setting next_dagrun for example_skip_dag to 2022-08-22T04:12:30.995498+00:00, run_after=2022-08-23T04:12:30.995498+00:00
[2022-08-23 00:12:31,020] {processor.py:161} INFO - Processing /home/osboxes/.local/lib/python3.8/site-packages/airflow/example_dags/example_skip_dag.py took 0.065 seconds
[2022-08-23 00:13:12,878] {processor.py:153} INFO - Started process (PID=182371) to work on /home/osboxes/.local/lib/python3.8/site-packages/airflow/example_dags/example_skip_dag.py
[2022-08-23 00:13:12,880] {processor.py:641} INFO - Processing file /home/osboxes/.local/lib/python3.8/site-packages/airflow/example_dags/example_skip_dag.py for tasks to queue
[2022-08-23 00:13:12,880] {logging_mixin.py:115} INFO - [2022-08-23 00:13:12,880] {dagbag.py:507} INFO - Filling up the DagBag from /home/osboxes/.local/lib/python3.8/site-packages/airflow/example_dags/example_skip_dag.py
[2022-08-23 00:13:12,884] {processor.py:651} INFO - DAG(s) dict_keys(['example_skip_dag']) retrieved from /home/osboxes/.local/lib/python3.8/site-packages/airflow/example_dags/example_skip_dag.py
[2022-08-23 00:13:12,921] {logging_mixin.py:115} INFO - [2022-08-23 00:13:12,921] {dag.py:2371} INFO - Sync 1 DAGs
[2022-08-23 00:13:12,934] {logging_mixin.py:115} INFO - [2022-08-23 00:13:12,934] {dag.py:2915} INFO - Setting next_dagrun for example_skip_dag to 2022-08-22T04:13:12.933958+00:00, run_after=2022-08-23T04:13:12.933958+00:00
[2022-08-23 00:13:12,966] {processor.py:161} INFO - Processing /home/osboxes/.local/lib/python3.8/site-packages/airflow/example_dags/example_skip_dag.py took 0.090 seconds
[2022-08-23 00:13:56,485] {processor.py:153} INFO - Started process (PID=182740) to work on /home/osboxes/.local/lib/python3.8/site-packages/airflow/example_dags/example_skip_dag.py
[2022-08-23 00:13:56,486] {processor.py:641} INFO - Processing file /home/osboxes/.local/lib/python3.8/site-packages/airflow/example_dags/example_skip_dag.py for tasks to queue
[2022-08-23 00:13:56,487] {logging_mixin.py:115} INFO - [2022-08-23 00:13:56,487] {dagbag.py:507} INFO - Filling up the DagBag from /home/osboxes/.local/lib/python3.8/site-packages/airflow/example_dags/example_skip_dag.py
[2022-08-23 00:13:56,490] {processor.py:651} INFO - DAG(s) dict_keys(['example_skip_dag']) retrieved from /home/osboxes/.local/lib/python3.8/site-packages/airflow/example_dags/example_skip_dag.py
[2022-08-23 00:13:56,509] {logging_mixin.py:115} INFO - [2022-08-23 00:13:56,509] {dag.py:2371} INFO - Sync 1 DAGs
[2022-08-23 00:13:56,524] {logging_mixin.py:115} INFO - [2022-08-23 00:13:56,524] {dag.py:2915} INFO - Setting next_dagrun for example_skip_dag to 2022-08-22T04:13:56.524360+00:00, run_after=2022-08-23T04:13:56.524360+00:00
[2022-08-23 00:13:56,563] {processor.py:161} INFO - Processing /home/osboxes/.local/lib/python3.8/site-packages/airflow/example_dags/example_skip_dag.py took 0.082 seconds
[2022-08-23 00:14:34,842] {processor.py:153} INFO - Started process (PID=183030) to work on /home/osboxes/.local/lib/python3.8/site-packages/airflow/example_dags/example_skip_dag.py
[2022-08-23 00:14:34,844] {processor.py:641} INFO - Processing file /home/osboxes/.local/lib/python3.8/site-packages/airflow/example_dags/example_skip_dag.py for tasks to queue
[2022-08-23 00:14:34,844] {logging_mixin.py:115} INFO - [2022-08-23 00:14:34,844] {dagbag.py:507} INFO - Filling up the DagBag from /home/osboxes/.local/lib/python3.8/site-packages/airflow/example_dags/example_skip_dag.py
[2022-08-23 00:14:34,848] {processor.py:651} INFO - DAG(s) dict_keys(['example_skip_dag']) retrieved from /home/osboxes/.local/lib/python3.8/site-packages/airflow/example_dags/example_skip_dag.py
[2022-08-23 00:14:34,866] {logging_mixin.py:115} INFO - [2022-08-23 00:14:34,866] {dag.py:2371} INFO - Sync 1 DAGs
[2022-08-23 00:14:34,880] {logging_mixin.py:115} INFO - [2022-08-23 00:14:34,880] {dag.py:2915} INFO - Setting next_dagrun for example_skip_dag to 2022-08-22T04:14:34.879817+00:00, run_after=2022-08-23T04:14:34.879817+00:00
[2022-08-23 00:14:34,919] {processor.py:161} INFO - Processing /home/osboxes/.local/lib/python3.8/site-packages/airflow/example_dags/example_skip_dag.py took 0.080 seconds
[2022-08-23 00:15:16,425] {processor.py:153} INFO - Started process (PID=183438) to work on /home/osboxes/.local/lib/python3.8/site-packages/airflow/example_dags/example_skip_dag.py
[2022-08-23 00:15:16,427] {processor.py:641} INFO - Processing file /home/osboxes/.local/lib/python3.8/site-packages/airflow/example_dags/example_skip_dag.py for tasks to queue
[2022-08-23 00:15:16,428] {logging_mixin.py:115} INFO - [2022-08-23 00:15:16,428] {dagbag.py:507} INFO - Filling up the DagBag from /home/osboxes/.local/lib/python3.8/site-packages/airflow/example_dags/example_skip_dag.py
[2022-08-23 00:15:16,432] {processor.py:651} INFO - DAG(s) dict_keys(['example_skip_dag']) retrieved from /home/osboxes/.local/lib/python3.8/site-packages/airflow/example_dags/example_skip_dag.py
[2022-08-23 00:15:16,450] {logging_mixin.py:115} INFO - [2022-08-23 00:15:16,450] {dag.py:2371} INFO - Sync 1 DAGs
[2022-08-23 00:15:16,464] {logging_mixin.py:115} INFO - [2022-08-23 00:15:16,464] {dag.py:2915} INFO - Setting next_dagrun for example_skip_dag to 2022-08-22T04:15:16.464389+00:00, run_after=2022-08-23T04:15:16.464389+00:00
[2022-08-23 00:15:16,491] {processor.py:161} INFO - Processing /home/osboxes/.local/lib/python3.8/site-packages/airflow/example_dags/example_skip_dag.py took 0.068 seconds
[2022-08-23 00:15:57,414] {processor.py:153} INFO - Started process (PID=183764) to work on /home/osboxes/.local/lib/python3.8/site-packages/airflow/example_dags/example_skip_dag.py
[2022-08-23 00:15:57,421] {processor.py:641} INFO - Processing file /home/osboxes/.local/lib/python3.8/site-packages/airflow/example_dags/example_skip_dag.py for tasks to queue
[2022-08-23 00:15:57,422] {logging_mixin.py:115} INFO - [2022-08-23 00:15:57,422] {dagbag.py:507} INFO - Filling up the DagBag from /home/osboxes/.local/lib/python3.8/site-packages/airflow/example_dags/example_skip_dag.py
[2022-08-23 00:15:57,431] {processor.py:651} INFO - DAG(s) dict_keys(['example_skip_dag']) retrieved from /home/osboxes/.local/lib/python3.8/site-packages/airflow/example_dags/example_skip_dag.py
[2022-08-23 00:15:57,527] {logging_mixin.py:115} INFO - [2022-08-23 00:15:57,526] {dag.py:2371} INFO - Sync 1 DAGs
[2022-08-23 00:15:57,554] {logging_mixin.py:115} INFO - [2022-08-23 00:15:57,553] {dag.py:2915} INFO - Setting next_dagrun for example_skip_dag to 2022-08-22T04:15:57.553363+00:00, run_after=2022-08-23T04:15:57.553363+00:00
[2022-08-23 00:15:57,588] {processor.py:161} INFO - Processing /home/osboxes/.local/lib/python3.8/site-packages/airflow/example_dags/example_skip_dag.py took 0.176 seconds
[2022-08-23 00:16:36,211] {processor.py:153} INFO - Started process (PID=184090) to work on /home/osboxes/.local/lib/python3.8/site-packages/airflow/example_dags/example_skip_dag.py
[2022-08-23 00:16:36,213] {processor.py:641} INFO - Processing file /home/osboxes/.local/lib/python3.8/site-packages/airflow/example_dags/example_skip_dag.py for tasks to queue
[2022-08-23 00:16:36,213] {logging_mixin.py:115} INFO - [2022-08-23 00:16:36,213] {dagbag.py:507} INFO - Filling up the DagBag from /home/osboxes/.local/lib/python3.8/site-packages/airflow/example_dags/example_skip_dag.py
[2022-08-23 00:16:36,227] {processor.py:651} INFO - DAG(s) dict_keys(['example_skip_dag']) retrieved from /home/osboxes/.local/lib/python3.8/site-packages/airflow/example_dags/example_skip_dag.py
[2022-08-23 00:16:36,244] {logging_mixin.py:115} INFO - [2022-08-23 00:16:36,244] {dag.py:2371} INFO - Sync 1 DAGs
[2022-08-23 00:16:36,275] {logging_mixin.py:115} INFO - [2022-08-23 00:16:36,274] {dag.py:2915} INFO - Setting next_dagrun for example_skip_dag to 2022-08-22T04:16:36.274771+00:00, run_after=2022-08-23T04:16:36.274771+00:00
[2022-08-23 00:16:36,325] {processor.py:161} INFO - Processing /home/osboxes/.local/lib/python3.8/site-packages/airflow/example_dags/example_skip_dag.py took 0.116 seconds
[2022-08-23 00:17:13,912] {processor.py:153} INFO - Started process (PID=184390) to work on /home/osboxes/.local/lib/python3.8/site-packages/airflow/example_dags/example_skip_dag.py
[2022-08-23 00:17:13,914] {processor.py:641} INFO - Processing file /home/osboxes/.local/lib/python3.8/site-packages/airflow/example_dags/example_skip_dag.py for tasks to queue
[2022-08-23 00:17:13,915] {logging_mixin.py:115} INFO - [2022-08-23 00:17:13,914] {dagbag.py:507} INFO - Filling up the DagBag from /home/osboxes/.local/lib/python3.8/site-packages/airflow/example_dags/example_skip_dag.py
[2022-08-23 00:17:13,919] {processor.py:651} INFO - DAG(s) dict_keys(['example_skip_dag']) retrieved from /home/osboxes/.local/lib/python3.8/site-packages/airflow/example_dags/example_skip_dag.py
[2022-08-23 00:17:13,936] {logging_mixin.py:115} INFO - [2022-08-23 00:17:13,936] {dag.py:2371} INFO - Sync 1 DAGs
[2022-08-23 00:17:13,950] {logging_mixin.py:115} INFO - [2022-08-23 00:17:13,949] {dag.py:2915} INFO - Setting next_dagrun for example_skip_dag to 2022-08-22T04:17:13.949642+00:00, run_after=2022-08-23T04:17:13.949642+00:00
[2022-08-23 00:17:14,001] {processor.py:161} INFO - Processing /home/osboxes/.local/lib/python3.8/site-packages/airflow/example_dags/example_skip_dag.py took 0.092 seconds
[2022-08-23 00:17:59,580] {processor.py:153} INFO - Started process (PID=184758) to work on /home/osboxes/.local/lib/python3.8/site-packages/airflow/example_dags/example_skip_dag.py
[2022-08-23 00:17:59,582] {processor.py:641} INFO - Processing file /home/osboxes/.local/lib/python3.8/site-packages/airflow/example_dags/example_skip_dag.py for tasks to queue
[2022-08-23 00:17:59,582] {logging_mixin.py:115} INFO - [2022-08-23 00:17:59,582] {dagbag.py:507} INFO - Filling up the DagBag from /home/osboxes/.local/lib/python3.8/site-packages/airflow/example_dags/example_skip_dag.py
[2022-08-23 00:17:59,586] {processor.py:651} INFO - DAG(s) dict_keys(['example_skip_dag']) retrieved from /home/osboxes/.local/lib/python3.8/site-packages/airflow/example_dags/example_skip_dag.py
[2022-08-23 00:17:59,603] {logging_mixin.py:115} INFO - [2022-08-23 00:17:59,603] {dag.py:2371} INFO - Sync 1 DAGs
[2022-08-23 00:17:59,620] {logging_mixin.py:115} INFO - [2022-08-23 00:17:59,620] {dag.py:2915} INFO - Setting next_dagrun for example_skip_dag to 2022-08-22T04:17:59.620247+00:00, run_after=2022-08-23T04:17:59.620247+00:00
[2022-08-23 00:17:59,656] {processor.py:161} INFO - Processing /home/osboxes/.local/lib/python3.8/site-packages/airflow/example_dags/example_skip_dag.py took 0.079 seconds
[2022-08-23 00:18:39,853] {processor.py:153} INFO - Started process (PID=185082) to work on /home/osboxes/.local/lib/python3.8/site-packages/airflow/example_dags/example_skip_dag.py
[2022-08-23 00:18:39,856] {processor.py:641} INFO - Processing file /home/osboxes/.local/lib/python3.8/site-packages/airflow/example_dags/example_skip_dag.py for tasks to queue
[2022-08-23 00:18:39,856] {logging_mixin.py:115} INFO - [2022-08-23 00:18:39,856] {dagbag.py:507} INFO - Filling up the DagBag from /home/osboxes/.local/lib/python3.8/site-packages/airflow/example_dags/example_skip_dag.py
[2022-08-23 00:18:39,860] {processor.py:651} INFO - DAG(s) dict_keys(['example_skip_dag']) retrieved from /home/osboxes/.local/lib/python3.8/site-packages/airflow/example_dags/example_skip_dag.py
[2022-08-23 00:18:39,878] {logging_mixin.py:115} INFO - [2022-08-23 00:18:39,878] {dag.py:2371} INFO - Sync 1 DAGs
[2022-08-23 00:18:39,891] {logging_mixin.py:115} INFO - [2022-08-23 00:18:39,890] {dag.py:2915} INFO - Setting next_dagrun for example_skip_dag to 2022-08-22T04:18:39.890719+00:00, run_after=2022-08-23T04:18:39.890719+00:00
[2022-08-23 00:18:39,934] {processor.py:161} INFO - Processing /home/osboxes/.local/lib/python3.8/site-packages/airflow/example_dags/example_skip_dag.py took 0.083 seconds
[2022-08-23 00:19:14,257] {processor.py:153} INFO - Started process (PID=185350) to work on /home/osboxes/.local/lib/python3.8/site-packages/airflow/example_dags/example_skip_dag.py
[2022-08-23 00:19:14,258] {processor.py:641} INFO - Processing file /home/osboxes/.local/lib/python3.8/site-packages/airflow/example_dags/example_skip_dag.py for tasks to queue
[2022-08-23 00:19:14,259] {logging_mixin.py:115} INFO - [2022-08-23 00:19:14,259] {dagbag.py:507} INFO - Filling up the DagBag from /home/osboxes/.local/lib/python3.8/site-packages/airflow/example_dags/example_skip_dag.py
[2022-08-23 00:19:14,263] {processor.py:651} INFO - DAG(s) dict_keys(['example_skip_dag']) retrieved from /home/osboxes/.local/lib/python3.8/site-packages/airflow/example_dags/example_skip_dag.py
[2022-08-23 00:19:14,285] {logging_mixin.py:115} INFO - [2022-08-23 00:19:14,285] {dag.py:2371} INFO - Sync 1 DAGs
[2022-08-23 00:19:14,302] {logging_mixin.py:115} INFO - [2022-08-23 00:19:14,301] {dag.py:2915} INFO - Setting next_dagrun for example_skip_dag to 2022-08-22T04:19:14.301738+00:00, run_after=2022-08-23T04:19:14.301738+00:00
[2022-08-23 00:19:14,359] {processor.py:161} INFO - Processing /home/osboxes/.local/lib/python3.8/site-packages/airflow/example_dags/example_skip_dag.py took 0.104 seconds
[2022-08-23 00:20:00,308] {processor.py:153} INFO - Started process (PID=185714) to work on /home/osboxes/.local/lib/python3.8/site-packages/airflow/example_dags/example_skip_dag.py
[2022-08-23 00:20:00,310] {processor.py:641} INFO - Processing file /home/osboxes/.local/lib/python3.8/site-packages/airflow/example_dags/example_skip_dag.py for tasks to queue
[2022-08-23 00:20:00,311] {logging_mixin.py:115} INFO - [2022-08-23 00:20:00,311] {dagbag.py:507} INFO - Filling up the DagBag from /home/osboxes/.local/lib/python3.8/site-packages/airflow/example_dags/example_skip_dag.py
[2022-08-23 00:20:00,320] {processor.py:651} INFO - DAG(s) dict_keys(['example_skip_dag']) retrieved from /home/osboxes/.local/lib/python3.8/site-packages/airflow/example_dags/example_skip_dag.py
[2022-08-23 00:20:00,345] {logging_mixin.py:115} INFO - [2022-08-23 00:20:00,344] {dag.py:2371} INFO - Sync 1 DAGs
[2022-08-23 00:20:00,358] {logging_mixin.py:115} INFO - [2022-08-23 00:20:00,358] {dag.py:2915} INFO - Setting next_dagrun for example_skip_dag to 2022-08-22T04:20:00.358121+00:00, run_after=2022-08-23T04:20:00.358121+00:00
[2022-08-23 00:20:00,386] {processor.py:161} INFO - Processing /home/osboxes/.local/lib/python3.8/site-packages/airflow/example_dags/example_skip_dag.py took 0.083 seconds
[2022-08-23 00:20:46,951] {processor.py:153} INFO - Started process (PID=186134) to work on /home/osboxes/.local/lib/python3.8/site-packages/airflow/example_dags/example_skip_dag.py
[2022-08-23 00:20:46,953] {processor.py:641} INFO - Processing file /home/osboxes/.local/lib/python3.8/site-packages/airflow/example_dags/example_skip_dag.py for tasks to queue
[2022-08-23 00:20:46,953] {logging_mixin.py:115} INFO - [2022-08-23 00:20:46,953] {dagbag.py:507} INFO - Filling up the DagBag from /home/osboxes/.local/lib/python3.8/site-packages/airflow/example_dags/example_skip_dag.py
[2022-08-23 00:20:46,957] {processor.py:651} INFO - DAG(s) dict_keys(['example_skip_dag']) retrieved from /home/osboxes/.local/lib/python3.8/site-packages/airflow/example_dags/example_skip_dag.py
[2022-08-23 00:20:46,974] {logging_mixin.py:115} INFO - [2022-08-23 00:20:46,974] {dag.py:2371} INFO - Sync 1 DAGs
[2022-08-23 00:20:46,987] {logging_mixin.py:115} INFO - [2022-08-23 00:20:46,987] {dag.py:2915} INFO - Setting next_dagrun for example_skip_dag to 2022-08-22T04:20:46.987447+00:00, run_after=2022-08-23T04:20:46.987447+00:00
[2022-08-23 00:20:47,025] {processor.py:161} INFO - Processing /home/osboxes/.local/lib/python3.8/site-packages/airflow/example_dags/example_skip_dag.py took 0.076 seconds
[2022-08-23 00:21:26,850] {processor.py:153} INFO - Started process (PID=186461) to work on /home/osboxes/.local/lib/python3.8/site-packages/airflow/example_dags/example_skip_dag.py
[2022-08-23 00:21:26,852] {processor.py:641} INFO - Processing file /home/osboxes/.local/lib/python3.8/site-packages/airflow/example_dags/example_skip_dag.py for tasks to queue
[2022-08-23 00:21:26,852] {logging_mixin.py:115} INFO - [2022-08-23 00:21:26,852] {dagbag.py:507} INFO - Filling up the DagBag from /home/osboxes/.local/lib/python3.8/site-packages/airflow/example_dags/example_skip_dag.py
[2022-08-23 00:21:26,856] {processor.py:651} INFO - DAG(s) dict_keys(['example_skip_dag']) retrieved from /home/osboxes/.local/lib/python3.8/site-packages/airflow/example_dags/example_skip_dag.py
[2022-08-23 00:21:26,888] {logging_mixin.py:115} INFO - [2022-08-23 00:21:26,888] {dag.py:2371} INFO - Sync 1 DAGs
[2022-08-23 00:21:26,900] {logging_mixin.py:115} INFO - [2022-08-23 00:21:26,900] {dag.py:2915} INFO - Setting next_dagrun for example_skip_dag to 2022-08-22T04:21:26.900116+00:00, run_after=2022-08-23T04:21:26.900116+00:00
[2022-08-23 00:21:26,939] {processor.py:161} INFO - Processing /home/osboxes/.local/lib/python3.8/site-packages/airflow/example_dags/example_skip_dag.py took 0.091 seconds
[2022-08-23 00:22:03,383] {processor.py:153} INFO - Started process (PID=186762) to work on /home/osboxes/.local/lib/python3.8/site-packages/airflow/example_dags/example_skip_dag.py
[2022-08-23 00:22:03,386] {processor.py:641} INFO - Processing file /home/osboxes/.local/lib/python3.8/site-packages/airflow/example_dags/example_skip_dag.py for tasks to queue
[2022-08-23 00:22:03,387] {logging_mixin.py:115} INFO - [2022-08-23 00:22:03,386] {dagbag.py:507} INFO - Filling up the DagBag from /home/osboxes/.local/lib/python3.8/site-packages/airflow/example_dags/example_skip_dag.py
[2022-08-23 00:22:03,390] {processor.py:651} INFO - DAG(s) dict_keys(['example_skip_dag']) retrieved from /home/osboxes/.local/lib/python3.8/site-packages/airflow/example_dags/example_skip_dag.py
[2022-08-23 00:22:03,406] {logging_mixin.py:115} INFO - [2022-08-23 00:22:03,406] {dag.py:2371} INFO - Sync 1 DAGs
[2022-08-23 00:22:03,418] {logging_mixin.py:115} INFO - [2022-08-23 00:22:03,418] {dag.py:2915} INFO - Setting next_dagrun for example_skip_dag to 2022-08-22T04:22:03.418379+00:00, run_after=2022-08-23T04:22:03.418379+00:00
[2022-08-23 00:22:03,454] {processor.py:161} INFO - Processing /home/osboxes/.local/lib/python3.8/site-packages/airflow/example_dags/example_skip_dag.py took 0.072 seconds
[2022-08-23 00:22:41,950] {processor.py:153} INFO - Started process (PID=187052) to work on /home/osboxes/.local/lib/python3.8/site-packages/airflow/example_dags/example_skip_dag.py
[2022-08-23 00:22:41,951] {processor.py:641} INFO - Processing file /home/osboxes/.local/lib/python3.8/site-packages/airflow/example_dags/example_skip_dag.py for tasks to queue
[2022-08-23 00:22:41,952] {logging_mixin.py:115} INFO - [2022-08-23 00:22:41,952] {dagbag.py:507} INFO - Filling up the DagBag from /home/osboxes/.local/lib/python3.8/site-packages/airflow/example_dags/example_skip_dag.py
[2022-08-23 00:22:41,958] {processor.py:651} INFO - DAG(s) dict_keys(['example_skip_dag']) retrieved from /home/osboxes/.local/lib/python3.8/site-packages/airflow/example_dags/example_skip_dag.py
[2022-08-23 00:22:41,973] {logging_mixin.py:115} INFO - [2022-08-23 00:22:41,973] {dag.py:2371} INFO - Sync 1 DAGs
[2022-08-23 00:22:41,989] {logging_mixin.py:115} INFO - [2022-08-23 00:22:41,989] {dag.py:2915} INFO - Setting next_dagrun for example_skip_dag to 2022-08-22T04:22:41.989136+00:00, run_after=2022-08-23T04:22:41.989136+00:00
[2022-08-23 00:22:42,030] {processor.py:161} INFO - Processing /home/osboxes/.local/lib/python3.8/site-packages/airflow/example_dags/example_skip_dag.py took 0.083 seconds
[2022-08-23 00:23:21,697] {processor.py:153} INFO - Started process (PID=187370) to work on /home/osboxes/.local/lib/python3.8/site-packages/airflow/example_dags/example_skip_dag.py
[2022-08-23 00:23:21,699] {processor.py:641} INFO - Processing file /home/osboxes/.local/lib/python3.8/site-packages/airflow/example_dags/example_skip_dag.py for tasks to queue
[2022-08-23 00:23:21,699] {logging_mixin.py:115} INFO - [2022-08-23 00:23:21,699] {dagbag.py:507} INFO - Filling up the DagBag from /home/osboxes/.local/lib/python3.8/site-packages/airflow/example_dags/example_skip_dag.py
[2022-08-23 00:23:21,703] {processor.py:651} INFO - DAG(s) dict_keys(['example_skip_dag']) retrieved from /home/osboxes/.local/lib/python3.8/site-packages/airflow/example_dags/example_skip_dag.py
[2022-08-23 00:23:21,719] {logging_mixin.py:115} INFO - [2022-08-23 00:23:21,719] {dag.py:2371} INFO - Sync 1 DAGs
[2022-08-23 00:23:21,734] {logging_mixin.py:115} INFO - [2022-08-23 00:23:21,734] {dag.py:2915} INFO - Setting next_dagrun for example_skip_dag to 2022-08-22T04:23:21.734451+00:00, run_after=2022-08-23T04:23:21.734451+00:00
[2022-08-23 00:23:21,779] {processor.py:161} INFO - Processing /home/osboxes/.local/lib/python3.8/site-packages/airflow/example_dags/example_skip_dag.py took 0.085 seconds
[2022-08-23 00:24:02,058] {processor.py:153} INFO - Started process (PID=187694) to work on /home/osboxes/.local/lib/python3.8/site-packages/airflow/example_dags/example_skip_dag.py
[2022-08-23 00:24:02,060] {processor.py:641} INFO - Processing file /home/osboxes/.local/lib/python3.8/site-packages/airflow/example_dags/example_skip_dag.py for tasks to queue
[2022-08-23 00:24:02,061] {logging_mixin.py:115} INFO - [2022-08-23 00:24:02,061] {dagbag.py:507} INFO - Filling up the DagBag from /home/osboxes/.local/lib/python3.8/site-packages/airflow/example_dags/example_skip_dag.py
[2022-08-23 00:24:02,065] {processor.py:651} INFO - DAG(s) dict_keys(['example_skip_dag']) retrieved from /home/osboxes/.local/lib/python3.8/site-packages/airflow/example_dags/example_skip_dag.py
[2022-08-23 00:24:02,083] {logging_mixin.py:115} INFO - [2022-08-23 00:24:02,083] {dag.py:2371} INFO - Sync 1 DAGs
[2022-08-23 00:24:02,098] {logging_mixin.py:115} INFO - [2022-08-23 00:24:02,098] {dag.py:2915} INFO - Setting next_dagrun for example_skip_dag to 2022-08-22T04:24:02.098111+00:00, run_after=2022-08-23T04:24:02.098111+00:00
[2022-08-23 00:24:02,144] {processor.py:161} INFO - Processing /home/osboxes/.local/lib/python3.8/site-packages/airflow/example_dags/example_skip_dag.py took 0.088 seconds
[2022-08-23 00:24:40,274] {processor.py:153} INFO - Started process (PID=187980) to work on /home/osboxes/.local/lib/python3.8/site-packages/airflow/example_dags/example_skip_dag.py
[2022-08-23 00:24:40,276] {processor.py:641} INFO - Processing file /home/osboxes/.local/lib/python3.8/site-packages/airflow/example_dags/example_skip_dag.py for tasks to queue
[2022-08-23 00:24:40,276] {logging_mixin.py:115} INFO - [2022-08-23 00:24:40,276] {dagbag.py:507} INFO - Filling up the DagBag from /home/osboxes/.local/lib/python3.8/site-packages/airflow/example_dags/example_skip_dag.py
[2022-08-23 00:24:40,280] {processor.py:651} INFO - DAG(s) dict_keys(['example_skip_dag']) retrieved from /home/osboxes/.local/lib/python3.8/site-packages/airflow/example_dags/example_skip_dag.py
[2022-08-23 00:24:40,297] {logging_mixin.py:115} INFO - [2022-08-23 00:24:40,296] {dag.py:2371} INFO - Sync 1 DAGs
[2022-08-23 00:24:40,310] {logging_mixin.py:115} INFO - [2022-08-23 00:24:40,310] {dag.py:2915} INFO - Setting next_dagrun for example_skip_dag to 2022-08-22T04:24:40.310122+00:00, run_after=2022-08-23T04:24:40.310122+00:00
[2022-08-23 00:24:40,351] {processor.py:161} INFO - Processing /home/osboxes/.local/lib/python3.8/site-packages/airflow/example_dags/example_skip_dag.py took 0.088 seconds
[2022-08-23 00:25:27,691] {processor.py:153} INFO - Started process (PID=188411) to work on /home/osboxes/.local/lib/python3.8/site-packages/airflow/example_dags/example_skip_dag.py
[2022-08-23 00:25:27,692] {processor.py:641} INFO - Processing file /home/osboxes/.local/lib/python3.8/site-packages/airflow/example_dags/example_skip_dag.py for tasks to queue
[2022-08-23 00:25:27,693] {logging_mixin.py:115} INFO - [2022-08-23 00:25:27,693] {dagbag.py:507} INFO - Filling up the DagBag from /home/osboxes/.local/lib/python3.8/site-packages/airflow/example_dags/example_skip_dag.py
[2022-08-23 00:25:27,697] {processor.py:651} INFO - DAG(s) dict_keys(['example_skip_dag']) retrieved from /home/osboxes/.local/lib/python3.8/site-packages/airflow/example_dags/example_skip_dag.py
[2022-08-23 00:25:27,714] {logging_mixin.py:115} INFO - [2022-08-23 00:25:27,714] {dag.py:2371} INFO - Sync 1 DAGs
[2022-08-23 00:25:27,728] {logging_mixin.py:115} INFO - [2022-08-23 00:25:27,728] {dag.py:2915} INFO - Setting next_dagrun for example_skip_dag to 2022-08-22T04:25:27.728217+00:00, run_after=2022-08-23T04:25:27.728217+00:00
[2022-08-23 00:25:27,762] {processor.py:161} INFO - Processing /home/osboxes/.local/lib/python3.8/site-packages/airflow/example_dags/example_skip_dag.py took 0.073 seconds
[2022-08-23 00:26:05,860] {processor.py:153} INFO - Started process (PID=188741) to work on /home/osboxes/.local/lib/python3.8/site-packages/airflow/example_dags/example_skip_dag.py
[2022-08-23 00:26:05,862] {processor.py:641} INFO - Processing file /home/osboxes/.local/lib/python3.8/site-packages/airflow/example_dags/example_skip_dag.py for tasks to queue
[2022-08-23 00:26:05,863] {logging_mixin.py:115} INFO - [2022-08-23 00:26:05,863] {dagbag.py:507} INFO - Filling up the DagBag from /home/osboxes/.local/lib/python3.8/site-packages/airflow/example_dags/example_skip_dag.py
[2022-08-23 00:26:05,868] {processor.py:651} INFO - DAG(s) dict_keys(['example_skip_dag']) retrieved from /home/osboxes/.local/lib/python3.8/site-packages/airflow/example_dags/example_skip_dag.py
[2022-08-23 00:26:05,884] {logging_mixin.py:115} INFO - [2022-08-23 00:26:05,884] {dag.py:2371} INFO - Sync 1 DAGs
[2022-08-23 00:26:05,896] {logging_mixin.py:115} INFO - [2022-08-23 00:26:05,896] {dag.py:2915} INFO - Setting next_dagrun for example_skip_dag to 2022-08-22T04:26:05.896558+00:00, run_after=2022-08-23T04:26:05.896558+00:00
[2022-08-23 00:26:05,935] {processor.py:161} INFO - Processing /home/osboxes/.local/lib/python3.8/site-packages/airflow/example_dags/example_skip_dag.py took 0.077 seconds
[2022-08-23 00:26:48,242] {processor.py:153} INFO - Started process (PID=189078) to work on /home/osboxes/.local/lib/python3.8/site-packages/airflow/example_dags/example_skip_dag.py
[2022-08-23 00:26:48,244] {processor.py:641} INFO - Processing file /home/osboxes/.local/lib/python3.8/site-packages/airflow/example_dags/example_skip_dag.py for tasks to queue
[2022-08-23 00:26:48,245] {logging_mixin.py:115} INFO - [2022-08-23 00:26:48,244] {dagbag.py:507} INFO - Filling up the DagBag from /home/osboxes/.local/lib/python3.8/site-packages/airflow/example_dags/example_skip_dag.py
[2022-08-23 00:26:48,249] {processor.py:651} INFO - DAG(s) dict_keys(['example_skip_dag']) retrieved from /home/osboxes/.local/lib/python3.8/site-packages/airflow/example_dags/example_skip_dag.py
[2022-08-23 00:26:48,267] {logging_mixin.py:115} INFO - [2022-08-23 00:26:48,267] {dag.py:2371} INFO - Sync 1 DAGs
[2022-08-23 00:26:48,280] {logging_mixin.py:115} INFO - [2022-08-23 00:26:48,280] {dag.py:2915} INFO - Setting next_dagrun for example_skip_dag to 2022-08-22T04:26:48.280206+00:00, run_after=2022-08-23T04:26:48.280206+00:00
[2022-08-23 00:26:48,316] {processor.py:161} INFO - Processing /home/osboxes/.local/lib/python3.8/site-packages/airflow/example_dags/example_skip_dag.py took 0.076 seconds
[2022-08-23 00:27:25,863] {processor.py:153} INFO - Started process (PID=189369) to work on /home/osboxes/.local/lib/python3.8/site-packages/airflow/example_dags/example_skip_dag.py
[2022-08-23 00:27:25,866] {processor.py:641} INFO - Processing file /home/osboxes/.local/lib/python3.8/site-packages/airflow/example_dags/example_skip_dag.py for tasks to queue
[2022-08-23 00:27:25,866] {logging_mixin.py:115} INFO - [2022-08-23 00:27:25,866] {dagbag.py:507} INFO - Filling up the DagBag from /home/osboxes/.local/lib/python3.8/site-packages/airflow/example_dags/example_skip_dag.py
[2022-08-23 00:27:25,870] {processor.py:651} INFO - DAG(s) dict_keys(['example_skip_dag']) retrieved from /home/osboxes/.local/lib/python3.8/site-packages/airflow/example_dags/example_skip_dag.py
[2022-08-23 00:27:25,887] {logging_mixin.py:115} INFO - [2022-08-23 00:27:25,887] {dag.py:2371} INFO - Sync 1 DAGs
[2022-08-23 00:27:25,901] {logging_mixin.py:115} INFO - [2022-08-23 00:27:25,901] {dag.py:2915} INFO - Setting next_dagrun for example_skip_dag to 2022-08-22T04:27:25.901076+00:00, run_after=2022-08-23T04:27:25.901076+00:00
[2022-08-23 00:27:25,931] {processor.py:161} INFO - Processing /home/osboxes/.local/lib/python3.8/site-packages/airflow/example_dags/example_skip_dag.py took 0.070 seconds
[2022-08-23 00:28:03,231] {processor.py:153} INFO - Started process (PID=189676) to work on /home/osboxes/.local/lib/python3.8/site-packages/airflow/example_dags/example_skip_dag.py
[2022-08-23 00:28:03,233] {processor.py:641} INFO - Processing file /home/osboxes/.local/lib/python3.8/site-packages/airflow/example_dags/example_skip_dag.py for tasks to queue
[2022-08-23 00:28:03,234] {logging_mixin.py:115} INFO - [2022-08-23 00:28:03,234] {dagbag.py:507} INFO - Filling up the DagBag from /home/osboxes/.local/lib/python3.8/site-packages/airflow/example_dags/example_skip_dag.py
[2022-08-23 00:28:03,238] {processor.py:651} INFO - DAG(s) dict_keys(['example_skip_dag']) retrieved from /home/osboxes/.local/lib/python3.8/site-packages/airflow/example_dags/example_skip_dag.py
[2022-08-23 00:28:03,264] {logging_mixin.py:115} INFO - [2022-08-23 00:28:03,263] {dag.py:2371} INFO - Sync 1 DAGs
[2022-08-23 00:28:03,288] {logging_mixin.py:115} INFO - [2022-08-23 00:28:03,288] {dag.py:2915} INFO - Setting next_dagrun for example_skip_dag to 2022-08-22T04:28:03.287647+00:00, run_after=2022-08-23T04:28:03.287647+00:00
[2022-08-23 00:28:03,331] {processor.py:161} INFO - Processing /home/osboxes/.local/lib/python3.8/site-packages/airflow/example_dags/example_skip_dag.py took 0.102 seconds
[2022-08-23 00:28:41,780] {processor.py:153} INFO - Started process (PID=189983) to work on /home/osboxes/.local/lib/python3.8/site-packages/airflow/example_dags/example_skip_dag.py
[2022-08-23 00:28:41,781] {processor.py:641} INFO - Processing file /home/osboxes/.local/lib/python3.8/site-packages/airflow/example_dags/example_skip_dag.py for tasks to queue
[2022-08-23 00:28:41,782] {logging_mixin.py:115} INFO - [2022-08-23 00:28:41,782] {dagbag.py:507} INFO - Filling up the DagBag from /home/osboxes/.local/lib/python3.8/site-packages/airflow/example_dags/example_skip_dag.py
[2022-08-23 00:28:41,786] {processor.py:651} INFO - DAG(s) dict_keys(['example_skip_dag']) retrieved from /home/osboxes/.local/lib/python3.8/site-packages/airflow/example_dags/example_skip_dag.py
[2022-08-23 00:28:41,803] {logging_mixin.py:115} INFO - [2022-08-23 00:28:41,803] {dag.py:2371} INFO - Sync 1 DAGs
[2022-08-23 00:28:41,817] {logging_mixin.py:115} INFO - [2022-08-23 00:28:41,817] {dag.py:2915} INFO - Setting next_dagrun for example_skip_dag to 2022-08-22T04:28:41.817581+00:00, run_after=2022-08-23T04:28:41.817581+00:00
[2022-08-23 00:28:41,856] {processor.py:161} INFO - Processing /home/osboxes/.local/lib/python3.8/site-packages/airflow/example_dags/example_skip_dag.py took 0.079 seconds
[2022-08-23 00:29:18,415] {processor.py:153} INFO - Started process (PID=190270) to work on /home/osboxes/.local/lib/python3.8/site-packages/airflow/example_dags/example_skip_dag.py
[2022-08-23 00:29:18,417] {processor.py:641} INFO - Processing file /home/osboxes/.local/lib/python3.8/site-packages/airflow/example_dags/example_skip_dag.py for tasks to queue
[2022-08-23 00:29:18,418] {logging_mixin.py:115} INFO - [2022-08-23 00:29:18,418] {dagbag.py:507} INFO - Filling up the DagBag from /home/osboxes/.local/lib/python3.8/site-packages/airflow/example_dags/example_skip_dag.py
[2022-08-23 00:29:18,423] {processor.py:651} INFO - DAG(s) dict_keys(['example_skip_dag']) retrieved from /home/osboxes/.local/lib/python3.8/site-packages/airflow/example_dags/example_skip_dag.py
[2022-08-23 00:29:18,440] {logging_mixin.py:115} INFO - [2022-08-23 00:29:18,440] {dag.py:2371} INFO - Sync 1 DAGs
[2022-08-23 00:29:18,452] {logging_mixin.py:115} INFO - [2022-08-23 00:29:18,452] {dag.py:2915} INFO - Setting next_dagrun for example_skip_dag to 2022-08-22T04:29:18.452287+00:00, run_after=2022-08-23T04:29:18.452287+00:00
[2022-08-23 00:29:18,490] {processor.py:161} INFO - Processing /home/osboxes/.local/lib/python3.8/site-packages/airflow/example_dags/example_skip_dag.py took 0.077 seconds
[2022-08-23 00:29:59,744] {processor.py:153} INFO - Started process (PID=190603) to work on /home/osboxes/.local/lib/python3.8/site-packages/airflow/example_dags/example_skip_dag.py
[2022-08-23 00:29:59,746] {processor.py:641} INFO - Processing file /home/osboxes/.local/lib/python3.8/site-packages/airflow/example_dags/example_skip_dag.py for tasks to queue
[2022-08-23 00:29:59,746] {logging_mixin.py:115} INFO - [2022-08-23 00:29:59,746] {dagbag.py:507} INFO - Filling up the DagBag from /home/osboxes/.local/lib/python3.8/site-packages/airflow/example_dags/example_skip_dag.py
[2022-08-23 00:29:59,750] {processor.py:651} INFO - DAG(s) dict_keys(['example_skip_dag']) retrieved from /home/osboxes/.local/lib/python3.8/site-packages/airflow/example_dags/example_skip_dag.py
[2022-08-23 00:29:59,766] {logging_mixin.py:115} INFO - [2022-08-23 00:29:59,766] {dag.py:2371} INFO - Sync 1 DAGs
[2022-08-23 00:29:59,778] {logging_mixin.py:115} INFO - [2022-08-23 00:29:59,778] {dag.py:2915} INFO - Setting next_dagrun for example_skip_dag to 2022-08-22T04:29:59.778363+00:00, run_after=2022-08-23T04:29:59.778363+00:00
[2022-08-23 00:29:59,811] {processor.py:161} INFO - Processing /home/osboxes/.local/lib/python3.8/site-packages/airflow/example_dags/example_skip_dag.py took 0.071 seconds
[2022-08-23 00:30:43,936] {processor.py:153} INFO - Started process (PID=191028) to work on /home/osboxes/.local/lib/python3.8/site-packages/airflow/example_dags/example_skip_dag.py
[2022-08-23 00:30:43,940] {processor.py:641} INFO - Processing file /home/osboxes/.local/lib/python3.8/site-packages/airflow/example_dags/example_skip_dag.py for tasks to queue
[2022-08-23 00:30:43,941] {logging_mixin.py:115} INFO - [2022-08-23 00:30:43,941] {dagbag.py:507} INFO - Filling up the DagBag from /home/osboxes/.local/lib/python3.8/site-packages/airflow/example_dags/example_skip_dag.py
[2022-08-23 00:30:43,946] {processor.py:651} INFO - DAG(s) dict_keys(['example_skip_dag']) retrieved from /home/osboxes/.local/lib/python3.8/site-packages/airflow/example_dags/example_skip_dag.py
[2022-08-23 00:30:43,968] {logging_mixin.py:115} INFO - [2022-08-23 00:30:43,968] {dag.py:2371} INFO - Sync 1 DAGs
[2022-08-23 00:30:43,987] {logging_mixin.py:115} INFO - [2022-08-23 00:30:43,987] {dag.py:2915} INFO - Setting next_dagrun for example_skip_dag to 2022-08-22T04:30:43.986818+00:00, run_after=2022-08-23T04:30:43.986818+00:00
[2022-08-23 00:30:44,021] {processor.py:161} INFO - Processing /home/osboxes/.local/lib/python3.8/site-packages/airflow/example_dags/example_skip_dag.py took 0.089 seconds
[2022-08-23 00:31:39,489] {processor.py:153} INFO - Started process (PID=191489) to work on /home/osboxes/.local/lib/python3.8/site-packages/airflow/example_dags/example_skip_dag.py
[2022-08-23 00:31:39,491] {processor.py:641} INFO - Processing file /home/osboxes/.local/lib/python3.8/site-packages/airflow/example_dags/example_skip_dag.py for tasks to queue
[2022-08-23 00:31:39,491] {logging_mixin.py:115} INFO - [2022-08-23 00:31:39,491] {dagbag.py:507} INFO - Filling up the DagBag from /home/osboxes/.local/lib/python3.8/site-packages/airflow/example_dags/example_skip_dag.py
[2022-08-23 00:31:39,495] {processor.py:651} INFO - DAG(s) dict_keys(['example_skip_dag']) retrieved from /home/osboxes/.local/lib/python3.8/site-packages/airflow/example_dags/example_skip_dag.py
[2022-08-23 00:31:39,515] {logging_mixin.py:115} INFO - [2022-08-23 00:31:39,515] {dag.py:2371} INFO - Sync 1 DAGs
[2022-08-23 00:31:39,529] {logging_mixin.py:115} INFO - [2022-08-23 00:31:39,529] {dag.py:2915} INFO - Setting next_dagrun for example_skip_dag to 2022-08-22T04:31:39.529576+00:00, run_after=2022-08-23T04:31:39.529576+00:00
[2022-08-23 00:31:39,556] {processor.py:161} INFO - Processing /home/osboxes/.local/lib/python3.8/site-packages/airflow/example_dags/example_skip_dag.py took 0.069 seconds
[2022-08-23 00:32:18,373] {processor.py:153} INFO - Started process (PID=191779) to work on /home/osboxes/.local/lib/python3.8/site-packages/airflow/example_dags/example_skip_dag.py
[2022-08-23 00:32:18,375] {processor.py:641} INFO - Processing file /home/osboxes/.local/lib/python3.8/site-packages/airflow/example_dags/example_skip_dag.py for tasks to queue
[2022-08-23 00:32:18,376] {logging_mixin.py:115} INFO - [2022-08-23 00:32:18,376] {dagbag.py:507} INFO - Filling up the DagBag from /home/osboxes/.local/lib/python3.8/site-packages/airflow/example_dags/example_skip_dag.py
[2022-08-23 00:32:18,380] {processor.py:651} INFO - DAG(s) dict_keys(['example_skip_dag']) retrieved from /home/osboxes/.local/lib/python3.8/site-packages/airflow/example_dags/example_skip_dag.py
[2022-08-23 00:32:18,399] {logging_mixin.py:115} INFO - [2022-08-23 00:32:18,398] {dag.py:2371} INFO - Sync 1 DAGs
[2022-08-23 00:32:18,412] {logging_mixin.py:115} INFO - [2022-08-23 00:32:18,412] {dag.py:2915} INFO - Setting next_dagrun for example_skip_dag to 2022-08-22T04:32:18.412485+00:00, run_after=2022-08-23T04:32:18.412485+00:00
[2022-08-23 00:32:18,459] {processor.py:161} INFO - Processing /home/osboxes/.local/lib/python3.8/site-packages/airflow/example_dags/example_skip_dag.py took 0.089 seconds
[2022-08-23 00:33:15,426] {processor.py:153} INFO - Started process (PID=192306) to work on /home/osboxes/.local/lib/python3.8/site-packages/airflow/example_dags/example_skip_dag.py
[2022-08-23 00:33:15,428] {processor.py:641} INFO - Processing file /home/osboxes/.local/lib/python3.8/site-packages/airflow/example_dags/example_skip_dag.py for tasks to queue
[2022-08-23 00:33:15,428] {logging_mixin.py:115} INFO - [2022-08-23 00:33:15,428] {dagbag.py:507} INFO - Filling up the DagBag from /home/osboxes/.local/lib/python3.8/site-packages/airflow/example_dags/example_skip_dag.py
[2022-08-23 00:33:15,432] {processor.py:651} INFO - DAG(s) dict_keys(['example_skip_dag']) retrieved from /home/osboxes/.local/lib/python3.8/site-packages/airflow/example_dags/example_skip_dag.py
[2022-08-23 00:33:15,452] {logging_mixin.py:115} INFO - [2022-08-23 00:33:15,452] {dag.py:2371} INFO - Sync 1 DAGs
[2022-08-23 00:33:15,465] {logging_mixin.py:115} INFO - [2022-08-23 00:33:15,465] {dag.py:2915} INFO - Setting next_dagrun for example_skip_dag to 2022-08-22T04:33:15.465293+00:00, run_after=2022-08-23T04:33:15.465293+00:00
[2022-08-23 00:33:15,493] {processor.py:161} INFO - Processing /home/osboxes/.local/lib/python3.8/site-packages/airflow/example_dags/example_skip_dag.py took 0.069 seconds
[2022-08-23 00:33:56,954] {processor.py:153} INFO - Started process (PID=192646) to work on /home/osboxes/.local/lib/python3.8/site-packages/airflow/example_dags/example_skip_dag.py
[2022-08-23 00:33:56,955] {processor.py:641} INFO - Processing file /home/osboxes/.local/lib/python3.8/site-packages/airflow/example_dags/example_skip_dag.py for tasks to queue
[2022-08-23 00:33:56,956] {logging_mixin.py:115} INFO - [2022-08-23 00:33:56,956] {dagbag.py:507} INFO - Filling up the DagBag from /home/osboxes/.local/lib/python3.8/site-packages/airflow/example_dags/example_skip_dag.py
[2022-08-23 00:33:56,959] {processor.py:651} INFO - DAG(s) dict_keys(['example_skip_dag']) retrieved from /home/osboxes/.local/lib/python3.8/site-packages/airflow/example_dags/example_skip_dag.py
[2022-08-23 00:33:56,980] {logging_mixin.py:115} INFO - [2022-08-23 00:33:56,980] {dag.py:2371} INFO - Sync 1 DAGs
[2022-08-23 00:33:56,994] {logging_mixin.py:115} INFO - [2022-08-23 00:33:56,994] {dag.py:2915} INFO - Setting next_dagrun for example_skip_dag to 2022-08-22T04:33:56.993753+00:00, run_after=2022-08-23T04:33:56.993753+00:00
[2022-08-23 00:33:57,035] {processor.py:161} INFO - Processing /home/osboxes/.local/lib/python3.8/site-packages/airflow/example_dags/example_skip_dag.py took 0.083 seconds
[2022-08-23 00:34:36,682] {processor.py:153} INFO - Started process (PID=192969) to work on /home/osboxes/.local/lib/python3.8/site-packages/airflow/example_dags/example_skip_dag.py
[2022-08-23 00:34:36,683] {processor.py:641} INFO - Processing file /home/osboxes/.local/lib/python3.8/site-packages/airflow/example_dags/example_skip_dag.py for tasks to queue
[2022-08-23 00:34:36,684] {logging_mixin.py:115} INFO - [2022-08-23 00:34:36,684] {dagbag.py:507} INFO - Filling up the DagBag from /home/osboxes/.local/lib/python3.8/site-packages/airflow/example_dags/example_skip_dag.py
[2022-08-23 00:34:36,688] {processor.py:651} INFO - DAG(s) dict_keys(['example_skip_dag']) retrieved from /home/osboxes/.local/lib/python3.8/site-packages/airflow/example_dags/example_skip_dag.py
[2022-08-23 00:34:36,706] {logging_mixin.py:115} INFO - [2022-08-23 00:34:36,706] {dag.py:2371} INFO - Sync 1 DAGs
[2022-08-23 00:34:36,720] {logging_mixin.py:115} INFO - [2022-08-23 00:34:36,720] {dag.py:2915} INFO - Setting next_dagrun for example_skip_dag to 2022-08-22T04:34:36.720510+00:00, run_after=2022-08-23T04:34:36.720510+00:00
[2022-08-23 00:34:36,751] {processor.py:161} INFO - Processing /home/osboxes/.local/lib/python3.8/site-packages/airflow/example_dags/example_skip_dag.py took 0.072 seconds
[2022-08-23 00:35:26,079] {processor.py:153} INFO - Started process (PID=193433) to work on /home/osboxes/.local/lib/python3.8/site-packages/airflow/example_dags/example_skip_dag.py
[2022-08-23 00:35:26,081] {processor.py:641} INFO - Processing file /home/osboxes/.local/lib/python3.8/site-packages/airflow/example_dags/example_skip_dag.py for tasks to queue
[2022-08-23 00:35:26,082] {logging_mixin.py:115} INFO - [2022-08-23 00:35:26,082] {dagbag.py:507} INFO - Filling up the DagBag from /home/osboxes/.local/lib/python3.8/site-packages/airflow/example_dags/example_skip_dag.py
[2022-08-23 00:35:26,086] {processor.py:651} INFO - DAG(s) dict_keys(['example_skip_dag']) retrieved from /home/osboxes/.local/lib/python3.8/site-packages/airflow/example_dags/example_skip_dag.py
[2022-08-23 00:35:26,105] {logging_mixin.py:115} INFO - [2022-08-23 00:35:26,105] {dag.py:2371} INFO - Sync 1 DAGs
[2022-08-23 00:35:26,119] {logging_mixin.py:115} INFO - [2022-08-23 00:35:26,119] {dag.py:2915} INFO - Setting next_dagrun for example_skip_dag to 2022-08-22T04:35:26.118891+00:00, run_after=2022-08-23T04:35:26.118891+00:00
[2022-08-23 00:35:26,155] {processor.py:161} INFO - Processing /home/osboxes/.local/lib/python3.8/site-packages/airflow/example_dags/example_skip_dag.py took 0.078 seconds
                                                                                                                                                                                                                                                                                                                                                                                                                                                        