[2022-08-23 00:07:34,541] {processor.py:153} INFO - Started process (PID=179567) to work on /home/osboxes/.local/lib/python3.8/site-packages/airflow/example_dags/example_latest_only.py
[2022-08-23 00:07:34,542] {processor.py:641} INFO - Processing file /home/osboxes/.local/lib/python3.8/site-packages/airflow/example_dags/example_latest_only.py for tasks to queue
[2022-08-23 00:07:34,542] {logging_mixin.py:115} INFO - [2022-08-23 00:07:34,542] {dagbag.py:507} INFO - Filling up the DagBag from /home/osboxes/.local/lib/python3.8/site-packages/airflow/example_dags/example_latest_only.py
[2022-08-23 00:07:34,548] {processor.py:651} INFO - DAG(s) dict_keys(['latest_only']) retrieved from /home/osboxes/.local/lib/python3.8/site-packages/airflow/example_dags/example_latest_only.py
[2022-08-23 00:07:34,567] {logging_mixin.py:115} INFO - [2022-08-23 00:07:34,567] {dag.py:2371} INFO - Sync 1 DAGs
[2022-08-23 00:07:34,583] {logging_mixin.py:115} INFO - [2022-08-23 00:07:34,582] {dag.py:2915} INFO - Setting next_dagrun for latest_only to 2022-08-23T00:07:34.582685+00:00, run_after=2022-08-23T04:07:34.582685+00:00
[2022-08-23 00:07:34,609] {processor.py:161} INFO - Processing /home/osboxes/.local/lib/python3.8/site-packages/airflow/example_dags/example_latest_only.py took 0.071 seconds
[2022-08-23 00:08:16,700] {processor.py:153} INFO - Started process (PID=179894) to work on /home/osboxes/.local/lib/python3.8/site-packages/airflow/example_dags/example_latest_only.py
[2022-08-23 00:08:16,703] {processor.py:641} INFO - Processing file /home/osboxes/.local/lib/python3.8/site-packages/airflow/example_dags/example_latest_only.py for tasks to queue
[2022-08-23 00:08:16,704] {logging_mixin.py:115} INFO - [2022-08-23 00:08:16,703] {dagbag.py:507} INFO - Filling up the DagBag from /home/osboxes/.local/lib/python3.8/site-packages/airflow/example_dags/example_latest_only.py
[2022-08-23 00:08:16,708] {processor.py:651} INFO - DAG(s) dict_keys(['latest_only']) retrieved from /home/osboxes/.local/lib/python3.8/site-packages/airflow/example_dags/example_latest_only.py
[2022-08-23 00:08:16,725] {logging_mixin.py:115} INFO - [2022-08-23 00:08:16,724] {dag.py:2371} INFO - Sync 1 DAGs
[2022-08-23 00:08:16,738] {logging_mixin.py:115} INFO - [2022-08-23 00:08:16,738] {dag.py:2915} INFO - Setting next_dagrun for latest_only to 2022-08-23T00:08:16.738386+00:00, run_after=2022-08-23T04:08:16.738386+00:00
[2022-08-23 00:08:16,765] {processor.py:161} INFO - Processing /home/osboxes/.local/lib/python3.8/site-packages/airflow/example_dags/example_latest_only.py took 0.068 seconds
[2022-08-23 00:09:00,801] {processor.py:153} INFO - Started process (PID=180244) to work on /home/osboxes/.local/lib/python3.8/site-packages/airflow/example_dags/example_latest_only.py
[2022-08-23 00:09:00,803] {processor.py:641} INFO - Processing file /home/osboxes/.local/lib/python3.8/site-packages/airflow/example_dags/example_latest_only.py for tasks to queue
[2022-08-23 00:09:00,804] {logging_mixin.py:115} INFO - [2022-08-23 00:09:00,804] {dagbag.py:507} INFO - Filling up the DagBag from /home/osboxes/.local/lib/python3.8/site-packages/airflow/example_dags/example_latest_only.py
[2022-08-23 00:09:00,808] {processor.py:651} INFO - DAG(s) dict_keys(['latest_only']) retrieved from /home/osboxes/.local/lib/python3.8/site-packages/airflow/example_dags/example_latest_only.py
[2022-08-23 00:09:00,825] {logging_mixin.py:115} INFO - [2022-08-23 00:09:00,824] {dag.py:2371} INFO - Sync 1 DAGs
[2022-08-23 00:09:00,839] {logging_mixin.py:115} INFO - [2022-08-23 00:09:00,839] {dag.py:2915} INFO - Setting next_dagrun for latest_only to 2022-08-23T00:09:00.839207+00:00, run_after=2022-08-23T04:09:00.839207+00:00
[2022-08-23 00:09:00,876] {processor.py:161} INFO - Processing /home/osboxes/.local/lib/python3.8/site-packages/airflow/example_dags/example_latest_only.py took 0.076 seconds
[2022-08-23 00:09:45,842] {processor.py:153} INFO - Started process (PID=180616) to work on /home/osboxes/.local/lib/python3.8/site-packages/airflow/example_dags/example_latest_only.py
[2022-08-23 00:09:45,843] {processor.py:641} INFO - Processing file /home/osboxes/.local/lib/python3.8/site-packages/airflow/example_dags/example_latest_only.py for tasks to queue
[2022-08-23 00:09:45,844] {logging_mixin.py:115} INFO - [2022-08-23 00:09:45,843] {dagbag.py:507} INFO - Filling up the DagBag from /home/osboxes/.local/lib/python3.8/site-packages/airflow/example_dags/example_latest_only.py
[2022-08-23 00:09:45,848] {processor.py:651} INFO - DAG(s) dict_keys(['latest_only']) retrieved from /home/osboxes/.local/lib/python3.8/site-packages/airflow/example_dags/example_latest_only.py
[2022-08-23 00:09:45,869] {logging_mixin.py:115} INFO - [2022-08-23 00:09:45,869] {dag.py:2371} INFO - Sync 1 DAGs
[2022-08-23 00:09:45,883] {logging_mixin.py:115} INFO - [2022-08-23 00:09:45,883] {dag.py:2915} INFO - Setting next_dagrun for latest_only to 2022-08-23T00:09:45.883686+00:00, run_after=2022-08-23T04:09:45.883686+00:00
[2022-08-23 00:09:45,916] {processor.py:161} INFO - Processing /home/osboxes/.local/lib/python3.8/site-packages/airflow/example_dags/example_latest_only.py took 0.076 seconds
[2022-08-23 00:10:29,247] {processor.py:153} INFO - Started process (PID=180998) to work on /home/osboxes/.local/lib/python3.8/site-packages/airflow/example_dags/example_latest_only.py
[2022-08-23 00:10:29,248] {processor.py:641} INFO - Processing file /home/osboxes/.local/lib/python3.8/site-packages/airflow/example_dags/example_latest_only.py for tasks to queue
[2022-08-23 00:10:29,249] {logging_mixin.py:115} INFO - [2022-08-23 00:10:29,249] {dagbag.py:507} INFO - Filling up the DagBag from /home/osboxes/.local/lib/python3.8/site-packages/airflow/example_dags/example_latest_only.py
[2022-08-23 00:10:29,256] {processor.py:651} INFO - DAG(s) dict_keys(['latest_only']) retrieved from /home/osboxes/.local/lib/python3.8/site-packages/airflow/example_dags/example_latest_only.py
[2022-08-23 00:10:29,286] {logging_mixin.py:115} INFO - [2022-08-23 00:10:29,286] {dag.py:2371} INFO - Sync 1 DAGs
[2022-08-23 00:10:29,310] {logging_mixin.py:115} INFO - [2022-08-23 00:10:29,310] {dag.py:2915} INFO - Setting next_dagrun for latest_only to 2022-08-23T00:10:29.309746+00:00, run_after=2022-08-23T04:10:29.309746+00:00
[2022-08-23 00:10:29,365] {processor.py:161} INFO - Processing /home/osboxes/.local/lib/python3.8/site-packages/airflow/example_dags/example_latest_only.py took 0.122 seconds
[2022-08-23 00:11:14,788] {processor.py:153} INFO - Started process (PID=181363) to work on /home/osboxes/.local/lib/python3.8/site-packages/airflow/example_dags/example_latest_only.py
[2022-08-23 00:11:14,790] {processor.py:641} INFO - Processing file /home/osboxes/.local/lib/python3.8/site-packages/airflow/example_dags/example_latest_only.py for tasks to queue
[2022-08-23 00:11:14,790] {logging_mixin.py:115} INFO - [2022-08-23 00:11:14,790] {dagbag.py:507} INFO - Filling up the DagBag from /home/osboxes/.local/lib/python3.8/site-packages/airflow/example_dags/example_latest_only.py
[2022-08-23 00:11:14,794] {processor.py:651} INFO - DAG(s) dict_keys(['latest_only']) retrieved from /home/osboxes/.local/lib/python3.8/site-packages/airflow/example_dags/example_latest_only.py
[2022-08-23 00:11:14,811] {logging_mixin.py:115} INFO - [2022-08-23 00:11:14,811] {dag.py:2371} INFO - Sync 1 DAGs
[2022-08-23 00:11:14,824] {logging_mixin.py:115} INFO - [2022-08-23 00:11:14,824] {dag.py:2915} INFO - Setting next_dagrun for latest_only to 2022-08-23T00:11:14.824476+00:00, run_after=2022-08-23T04:11:14.824476+00:00
[2022-08-23 00:11:14,859] {processor.py:161} INFO - Processing /home/osboxes/.local/lib/python3.8/site-packages/airflow/example_dags/example_latest_only.py took 0.075 seconds
[2022-08-23 00:12:00,529] {processor.py:153} INFO - Started process (PID=181826) to work on /home/osboxes/.local/lib/python3.8/site-packages/airflow/example_dags/example_latest_only.py
[2022-08-23 00:12:00,544] {processor.py:641} INFO - Processing file /home/osboxes/.local/lib/python3.8/site-packages/airflow/example_dags/example_latest_only.py for tasks to queue
[2022-08-23 00:12:00,545] {logging_mixin.py:115} INFO - [2022-08-23 00:12:00,545] {dagbag.py:507} INFO - Filling up the DagBag from /home/osboxes/.local/lib/python3.8/site-packages/airflow/example_dags/example_latest_only.py
[2022-08-23 00:12:00,557] {processor.py:651} INFO - DAG(s) dict_keys(['latest_only']) retrieved from /home/osboxes/.local/lib/python3.8/site-packages/airflow/example_dags/example_latest_only.py
[2022-08-23 00:12:00,577] {logging_mixin.py:115} INFO - [2022-08-23 00:12:00,577] {dag.py:2371} INFO - Sync 1 DAGs
[2022-08-23 00:12:00,590] {logging_mixin.py:115} INFO - [2022-08-23 00:12:00,590] {dag.py:2915} INFO - Setting next_dagrun for latest_only to 2022-08-23T00:12:00.590449+00:00, run_after=2022-08-23T04:12:00.590449+00:00
[2022-08-23 00:12:00,620] {processor.py:161} INFO - Processing /home/osboxes/.local/lib/python3.8/site-packages/airflow/example_dags/example_latest_only.py took 0.094 seconds
[2022-08-23 00:12:44,932] {processor.py:153} INFO - Started process (PID=182164) to work on /home/osboxes/.local/lib/python3.8/site-packages/airflow/example_dags/example_latest_only.py
[2022-08-23 00:12:44,933] {processor.py:641} INFO - Processing file /home/osboxes/.local/lib/python3.8/site-packages/airflow/example_dags/example_latest_only.py for tasks to queue
[2022-08-23 00:12:44,934] {logging_mixin.py:115} INFO - [2022-08-23 00:12:44,933] {dagbag.py:507} INFO - Filling up the DagBag from /home/osboxes/.local/lib/python3.8/site-packages/airflow/example_dags/example_latest_only.py
[2022-08-23 00:12:44,937] {processor.py:651} INFO - DAG(s) dict_keys(['latest_only']) retrieved from /home/osboxes/.local/lib/python3.8/site-packages/airflow/example_dags/example_latest_only.py
[2022-08-23 00:12:44,956] {logging_mixin.py:115} INFO - [2022-08-23 00:12:44,956] {dag.py:2371} INFO - Sync 1 DAGs
[2022-08-23 00:12:44,971] {logging_mixin.py:115} INFO - [2022-08-23 00:12:44,970] {dag.py:2915} INFO - Setting next_dagrun for latest_only to 2022-08-23T00:12:44.970720+00:00, run_after=2022-08-23T04:12:44.970720+00:00
[2022-08-23 00:12:45,007] {processor.py:161} INFO - Processing /home/osboxes/.local/lib/python3.8/site-packages/airflow/example_dags/example_latest_only.py took 0.078 seconds
[2022-08-23 00:13:23,882] {processor.py:153} INFO - Started process (PID=182489) to work on /home/osboxes/.local/lib/python3.8/site-packages/airflow/example_dags/example_latest_only.py
[2022-08-23 00:13:23,884] {processor.py:641} INFO - Processing file /home/osboxes/.local/lib/python3.8/site-packages/airflow/example_dags/example_latest_only.py for tasks to queue
[2022-08-23 00:13:23,885] {logging_mixin.py:115} INFO - [2022-08-23 00:13:23,884] {dagbag.py:507} INFO - Filling up the DagBag from /home/osboxes/.local/lib/python3.8/site-packages/airflow/example_dags/example_latest_only.py
[2022-08-23 00:13:23,889] {processor.py:651} INFO - DAG(s) dict_keys(['latest_only']) retrieved from /home/osboxes/.local/lib/python3.8/site-packages/airflow/example_dags/example_latest_only.py
[2022-08-23 00:13:23,907] {logging_mixin.py:115} INFO - [2022-08-23 00:13:23,907] {dag.py:2371} INFO - Sync 1 DAGs
[2022-08-23 00:13:23,920] {logging_mixin.py:115} INFO - [2022-08-23 00:13:23,920] {dag.py:2915} INFO - Setting next_dagrun for latest_only to 2022-08-23T00:13:23.920202+00:00, run_after=2022-08-23T04:13:23.920202+00:00
[2022-08-23 00:13:23,962] {processor.py:161} INFO - Processing /home/osboxes/.local/lib/python3.8/site-packages/airflow/example_dags/example_latest_only.py took 0.082 seconds
[2022-08-23 00:14:09,352] {processor.py:153} INFO - Started process (PID=182826) to work on /home/osboxes/.local/lib/python3.8/site-packages/airflow/example_dags/example_latest_only.py
[2022-08-23 00:14:09,354] {processor.py:641} INFO - Processing file /home/osboxes/.local/lib/python3.8/site-packages/airflow/example_dags/example_latest_only.py for tasks to queue
[2022-08-23 00:14:09,355] {logging_mixin.py:115} INFO - [2022-08-23 00:14:09,355] {dagbag.py:507} INFO - Filling up the DagBag from /home/osboxes/.local/lib/python3.8/site-packages/airflow/example_dags/example_latest_only.py
[2022-08-23 00:14:09,359] {processor.py:651} INFO - DAG(s) dict_keys(['latest_only']) retrieved from /home/osboxes/.local/lib/python3.8/site-packages/airflow/example_dags/example_latest_only.py
[2022-08-23 00:14:09,378] {logging_mixin.py:115} INFO - [2022-08-23 00:14:09,378] {dag.py:2371} INFO - Sync 1 DAGs
[2022-08-23 00:14:09,390] {logging_mixin.py:115} INFO - [2022-08-23 00:14:09,390] {dag.py:2915} INFO - Setting next_dagrun for latest_only to 2022-08-23T00:14:09.390700+00:00, run_after=2022-08-23T04:14:09.390700+00:00
[2022-08-23 00:14:09,418] {processor.py:161} INFO - Processing /home/osboxes/.local/lib/python3.8/site-packages/airflow/example_dags/example_latest_only.py took 0.069 seconds
[2022-08-23 00:14:50,324] {processor.py:153} INFO - Started process (PID=183154) to work on /home/osboxes/.local/lib/python3.8/site-packages/airflow/example_dags/example_latest_only.py
[2022-08-23 00:14:50,325] {processor.py:641} INFO - Processing file /home/osboxes/.local/lib/python3.8/site-packages/airflow/example_dags/example_latest_only.py for tasks to queue
[2022-08-23 00:14:50,326] {logging_mixin.py:115} INFO - [2022-08-23 00:14:50,326] {dagbag.py:507} INFO - Filling up the DagBag from /home/osboxes/.local/lib/python3.8/site-packages/airflow/example_dags/example_latest_only.py
[2022-08-23 00:14:50,329] {processor.py:651} INFO - DAG(s) dict_keys(['latest_only']) retrieved from /home/osboxes/.local/lib/python3.8/site-packages/airflow/example_dags/example_latest_only.py
[2022-08-23 00:14:50,346] {logging_mixin.py:115} INFO - [2022-08-23 00:14:50,346] {dag.py:2371} INFO - Sync 1 DAGs
[2022-08-23 00:14:50,360] {logging_mixin.py:115} INFO - [2022-08-23 00:14:50,360] {dag.py:2915} INFO - Setting next_dagrun for latest_only to 2022-08-23T00:14:50.360068+00:00, run_after=2022-08-23T04:14:50.360068+00:00
[2022-08-23 00:14:50,398] {processor.py:161} INFO - Processing /home/osboxes/.local/lib/python3.8/site-packages/airflow/example_dags/example_latest_only.py took 0.078 seconds
[2022-08-23 00:15:29,350] {processor.py:153} INFO - Started process (PID=183558) to work on /home/osboxes/.local/lib/python3.8/site-packages/airflow/example_dags/example_latest_only.py
[2022-08-23 00:15:29,351] {processor.py:641} INFO - Processing file /home/osboxes/.local/lib/python3.8/site-packages/airflow/example_dags/example_latest_only.py for tasks to queue
[2022-08-23 00:15:29,352] {logging_mixin.py:115} INFO - [2022-08-23 00:15:29,352] {dagbag.py:507} INFO - Filling up the DagBag from /home/osboxes/.local/lib/python3.8/site-packages/airflow/example_dags/example_latest_only.py
[2022-08-23 00:15:29,356] {processor.py:651} INFO - DAG(s) dict_keys(['latest_only']) retrieved from /home/osboxes/.local/lib/python3.8/site-packages/airflow/example_dags/example_latest_only.py
[2022-08-23 00:15:29,373] {logging_mixin.py:115} INFO - [2022-08-23 00:15:29,372] {dag.py:2371} INFO - Sync 1 DAGs
[2022-08-23 00:15:29,385] {logging_mixin.py:115} INFO - [2022-08-23 00:15:29,385] {dag.py:2915} INFO - Setting next_dagrun for latest_only to 2022-08-23T00:15:29.385056+00:00, run_after=2022-08-23T04:15:29.385056+00:00
[2022-08-23 00:15:29,415] {processor.py:161} INFO - Processing /home/osboxes/.local/lib/python3.8/site-packages/airflow/example_dags/example_latest_only.py took 0.068 seconds
[2022-08-23 00:16:16,395] {processor.py:153} INFO - Started process (PID=183927) to work on /home/osboxes/.local/lib/python3.8/site-packages/airflow/example_dags/example_latest_only.py
[2022-08-23 00:16:16,396] {processor.py:641} INFO - Processing file /home/osboxes/.local/lib/python3.8/site-packages/airflow/example_dags/example_latest_only.py for tasks to queue
[2022-08-23 00:16:16,397] {logging_mixin.py:115} INFO - [2022-08-23 00:16:16,397] {dagbag.py:507} INFO - Filling up the DagBag from /home/osboxes/.local/lib/python3.8/site-packages/airflow/example_dags/example_latest_only.py
[2022-08-23 00:16:16,401] {processor.py:651} INFO - DAG(s) dict_keys(['latest_only']) retrieved from /home/osboxes/.local/lib/python3.8/site-packages/airflow/example_dags/example_latest_only.py
[2022-08-23 00:16:16,418] {logging_mixin.py:115} INFO - [2022-08-23 00:16:16,418] {dag.py:2371} INFO - Sync 1 DAGs
[2022-08-23 00:16:16,430] {logging_mixin.py:115} INFO - [2022-08-23 00:16:16,430] {dag.py:2915} INFO - Setting next_dagrun for latest_only to 2022-08-23T00:16:16.430674+00:00, run_after=2022-08-23T04:16:16.430674+00:00
[2022-08-23 00:16:16,467] {processor.py:161} INFO - Processing /home/osboxes/.local/lib/python3.8/site-packages/airflow/example_dags/example_latest_only.py took 0.074 seconds
[2022-08-23 00:17:05,876] {processor.py:153} INFO - Started process (PID=184324) to work on /home/osboxes/.local/lib/python3.8/site-packages/airflow/example_dags/example_latest_only.py
[2022-08-23 00:17:05,882] {processor.py:641} INFO - Processing file /home/osboxes/.local/lib/python3.8/site-packages/airflow/example_dags/example_latest_only.py for tasks to queue
[2022-08-23 00:17:05,882] {logging_mixin.py:115} INFO - [2022-08-23 00:17:05,882] {dagbag.py:507} INFO - Filling up the DagBag from /home/osboxes/.local/lib/python3.8/site-packages/airflow/example_dags/example_latest_only.py
[2022-08-23 00:17:05,889] {processor.py:651} INFO - DAG(s) dict_keys(['latest_only']) retrieved from /home/osboxes/.local/lib/python3.8/site-packages/airflow/example_dags/example_latest_only.py
[2022-08-23 00:17:05,915] {logging_mixin.py:115} INFO - [2022-08-23 00:17:05,915] {dag.py:2371} INFO - Sync 1 DAGs
[2022-08-23 00:17:06,039] {logging_mixin.py:115} INFO - [2022-08-23 00:17:06,038] {dag.py:2915} INFO - Setting next_dagrun for latest_only to 2022-08-23T00:17:06.038740+00:00, run_after=2022-08-23T04:17:06.038740+00:00
[2022-08-23 00:17:06,077] {processor.py:161} INFO - Processing /home/osboxes/.local/lib/python3.8/site-packages/airflow/example_dags/example_latest_only.py took 0.204 seconds
[2022-08-23 00:17:50,177] {processor.py:153} INFO - Started process (PID=184677) to work on /home/osboxes/.local/lib/python3.8/site-packages/airflow/example_dags/example_latest_only.py
[2022-08-23 00:17:50,178] {processor.py:641} INFO - Processing file /home/osboxes/.local/lib/python3.8/site-packages/airflow/example_dags/example_latest_only.py for tasks to queue
[2022-08-23 00:17:50,179] {logging_mixin.py:115} INFO - [2022-08-23 00:17:50,179] {dagbag.py:507} INFO - Filling up the DagBag from /home/osboxes/.local/lib/python3.8/site-packages/airflow/example_dags/example_latest_only.py
[2022-08-23 00:17:50,183] {processor.py:651} INFO - DAG(s) dict_keys(['latest_only']) retrieved from /home/osboxes/.local/lib/python3.8/site-packages/airflow/example_dags/example_latest_only.py
[2022-08-23 00:17:50,200] {logging_mixin.py:115} INFO - [2022-08-23 00:17:50,199] {dag.py:2371} INFO - Sync 1 DAGs
[2022-08-23 00:17:50,215] {logging_mixin.py:115} INFO - [2022-08-23 00:17:50,215] {dag.py:2915} INFO - Setting next_dagrun for latest_only to 2022-08-23T00:17:50.215387+00:00, run_after=2022-08-23T04:17:50.215387+00:00
[2022-08-23 00:17:50,250] {processor.py:161} INFO - Processing /home/osboxes/.local/lib/python3.8/site-packages/airflow/example_dags/example_latest_only.py took 0.076 seconds
[2022-08-23 00:18:29,966] {processor.py:153} INFO - Started process (PID=185002) to work on /home/osboxes/.local/lib/python3.8/site-packages/airflow/example_dags/example_latest_only.py
[2022-08-23 00:18:29,968] {processor.py:641} INFO - Processing file /home/osboxes/.local/lib/python3.8/site-packages/airflow/example_dags/example_latest_only.py for tasks to queue
[2022-08-23 00:18:29,969] {logging_mixin.py:115} INFO - [2022-08-23 00:18:29,969] {dagbag.py:507} INFO - Filling up the DagBag from /home/osboxes/.local/lib/python3.8/site-packages/airflow/example_dags/example_latest_only.py
[2022-08-23 00:18:29,974] {processor.py:651} INFO - DAG(s) dict_keys(['latest_only']) retrieved from /home/osboxes/.local/lib/python3.8/site-packages/airflow/example_dags/example_latest_only.py
[2022-08-23 00:18:29,992] {logging_mixin.py:115} INFO - [2022-08-23 00:18:29,992] {dag.py:2371} INFO - Sync 1 DAGs
[2022-08-23 00:18:30,005] {logging_mixin.py:115} INFO - [2022-08-23 00:18:30,004] {dag.py:2915} INFO - Setting next_dagrun for latest_only to 2022-08-23T00:18:30.004535+00:00, run_after=2022-08-23T04:18:30.004535+00:00
[2022-08-23 00:18:30,043] {processor.py:161} INFO - Processing /home/osboxes/.local/lib/python3.8/site-packages/airflow/example_dags/example_latest_only.py took 0.079 seconds
[2022-08-23 00:19:14,965] {processor.py:153} INFO - Started process (PID=185351) to work on /home/osboxes/.local/lib/python3.8/site-packages/airflow/example_dags/example_latest_only.py
[2022-08-23 00:19:14,967] {processor.py:641} INFO - Processing file /home/osboxes/.local/lib/python3.8/site-packages/airflow/example_dags/example_latest_only.py for tasks to queue
[2022-08-23 00:19:14,968] {logging_mixin.py:115} INFO - [2022-08-23 00:19:14,968] {dagbag.py:507} INFO - Filling up the DagBag from /home/osboxes/.local/lib/python3.8/site-packages/airflow/example_dags/example_latest_only.py
[2022-08-23 00:19:14,972] {processor.py:651} INFO - DAG(s) dict_keys(['latest_only']) retrieved from /home/osboxes/.local/lib/python3.8/site-packages/airflow/example_dags/example_latest_only.py
[2022-08-23 00:19:14,988] {logging_mixin.py:115} INFO - [2022-08-23 00:19:14,988] {dag.py:2371} INFO - Sync 1 DAGs
[2022-08-23 00:19:15,001] {logging_mixin.py:115} INFO - [2022-08-23 00:19:15,001] {dag.py:2915} INFO - Setting next_dagrun for latest_only to 2022-08-23T00:19:15.001141+00:00, run_after=2022-08-23T04:19:15.001141+00:00
[2022-08-23 00:19:15,042] {processor.py:161} INFO - Processing /home/osboxes/.local/lib/python3.8/site-packages/airflow/example_dags/example_latest_only.py took 0.079 seconds
[2022-08-23 00:20:00,700] {processor.py:153} INFO - Started process (PID=185715) to work on /home/osboxes/.local/lib/python3.8/site-packages/airflow/example_dags/example_latest_only.py
[2022-08-23 00:20:00,702] {processor.py:641} INFO - Processing file /home/osboxes/.local/lib/python3.8/site-packages/airflow/example_dags/example_latest_only.py for tasks to queue
[2022-08-23 00:20:00,702] {logging_mixin.py:115} INFO - [2022-08-23 00:20:00,702] {dagbag.py:507} INFO - Filling up the DagBag from /home/osboxes/.local/lib/python3.8/site-packages/airflow/example_dags/example_latest_only.py
[2022-08-23 00:20:00,707] {processor.py:651} INFO - DAG(s) dict_keys(['latest_only']) retrieved from /home/osboxes/.local/lib/python3.8/site-packages/airflow/example_dags/example_latest_only.py
[2022-08-23 00:20:00,767] {logging_mixin.py:115} INFO - [2022-08-23 00:20:00,764] {dag.py:2371} INFO - Sync 1 DAGs
[2022-08-23 00:20:00,782] {logging_mixin.py:115} INFO - [2022-08-23 00:20:00,782] {dag.py:2915} INFO - Setting next_dagrun for latest_only to 2022-08-23T00:20:00.782403+00:00, run_after=2022-08-23T04:20:00.782403+00:00
[2022-08-23 00:20:00,810] {processor.py:161} INFO - Processing /home/osboxes/.local/lib/python3.8/site-packages/airflow/example_dags/example_latest_only.py took 0.112 seconds
[2022-08-23 00:20:48,776] {processor.py:153} INFO - Started process (PID=186147) to work on /home/osboxes/.local/lib/python3.8/site-packages/airflow/example_dags/example_latest_only.py
[2022-08-23 00:20:48,778] {processor.py:641} INFO - Processing file /home/osboxes/.local/lib/python3.8/site-packages/airflow/example_dags/example_latest_only.py for tasks to queue
[2022-08-23 00:20:48,779] {logging_mixin.py:115} INFO - [2022-08-23 00:20:48,778] {dagbag.py:507} INFO - Filling up the DagBag from /home/osboxes/.local/lib/python3.8/site-packages/airflow/example_dags/example_latest_only.py
[2022-08-23 00:20:48,841] {processor.py:651} INFO - DAG(s) dict_keys(['latest_only']) retrieved from /home/osboxes/.local/lib/python3.8/site-packages/airflow/example_dags/example_latest_only.py
[2022-08-23 00:20:48,880] {logging_mixin.py:115} INFO - [2022-08-23 00:20:48,880] {dag.py:2371} INFO - Sync 1 DAGs
[2022-08-23 00:20:48,891] {logging_mixin.py:115} INFO - [2022-08-23 00:20:48,891] {dag.py:2915} INFO - Setting next_dagrun for latest_only to 2022-08-23T00:20:48.891619+00:00, run_after=2022-08-23T04:20:48.891619+00:00
[2022-08-23 00:20:48,921] {processor.py:161} INFO - Processing /home/osboxes/.local/lib/python3.8/site-packages/airflow/example_dags/example_latest_only.py took 0.150 seconds
[2022-08-23 00:21:29,118] {processor.py:153} INFO - Started process (PID=186464) to work on /home/osboxes/.local/lib/python3.8/site-packages/airflow/example_dags/example_latest_only.py
[2022-08-23 00:21:29,119] {processor.py:641} INFO - Processing file /home/osboxes/.local/lib/python3.8/site-packages/airflow/example_dags/example_latest_only.py for tasks to queue
[2022-08-23 00:21:29,120] {logging_mixin.py:115} INFO - [2022-08-23 00:21:29,120] {dagbag.py:507} INFO - Filling up the DagBag from /home/osboxes/.local/lib/python3.8/site-packages/airflow/example_dags/example_latest_only.py
[2022-08-23 00:21:29,124] {processor.py:651} INFO - DAG(s) dict_keys(['latest_only']) retrieved from /home/osboxes/.local/lib/python3.8/site-packages/airflow/example_dags/example_latest_only.py
[2022-08-23 00:21:29,140] {logging_mixin.py:115} INFO - [2022-08-23 00:21:29,140] {dag.py:2371} INFO - Sync 1 DAGs
[2022-08-23 00:21:29,152] {logging_mixin.py:115} INFO - [2022-08-23 00:21:29,152] {dag.py:2915} INFO - Setting next_dagrun for latest_only to 2022-08-23T00:21:29.152112+00:00, run_after=2022-08-23T04:21:29.152112+00:00
[2022-08-23 00:21:29,190] {processor.py:161} INFO - Processing /home/osboxes/.local/lib/python3.8/site-packages/airflow/example_dags/example_latest_only.py took 0.074 seconds
[2022-08-23 00:22:16,924] {processor.py:153} INFO - Started process (PID=186851) to work on /home/osboxes/.local/lib/python3.8/site-packages/airflow/example_dags/example_latest_only.py
[2022-08-23 00:22:16,926] {processor.py:641} INFO - Processing file /home/osboxes/.local/lib/python3.8/site-packages/airflow/example_dags/example_latest_only.py for tasks to queue
[2022-08-23 00:22:16,926] {logging_mixin.py:115} INFO - [2022-08-23 00:22:16,926] {dagbag.py:507} INFO - Filling up the DagBag from /home/osboxes/.local/lib/python3.8/site-packages/airflow/example_dags/example_latest_only.py
[2022-08-23 00:22:16,930] {processor.py:651} INFO - DAG(s) dict_keys(['latest_only']) retrieved from /home/osboxes/.local/lib/python3.8/site-packages/airflow/example_dags/example_latest_only.py
[2022-08-23 00:22:16,946] {logging_mixin.py:115} INFO - [2022-08-23 00:22:16,946] {dag.py:2371} INFO - Sync 1 DAGs
[2022-08-23 00:22:16,958] {logging_mixin.py:115} INFO - [2022-08-23 00:22:16,958] {dag.py:2915} INFO - Setting next_dagrun for latest_only to 2022-08-23T00:22:16.958263+00:00, run_after=2022-08-23T04:22:16.958263+00:00
[2022-08-23 00:22:17,008] {processor.py:161} INFO - Processing /home/osboxes/.local/lib/python3.8/site-packages/airflow/example_dags/example_latest_only.py took 0.087 seconds
[2022-08-23 00:22:55,721] {processor.py:153} INFO - Started process (PID=187171) to work on /home/osboxes/.local/lib/python3.8/site-packages/airflow/example_dags/example_latest_only.py
[2022-08-23 00:22:55,722] {processor.py:641} INFO - Processing file /home/osboxes/.local/lib/python3.8/site-packages/airflow/example_dags/example_latest_only.py for tasks to queue
[2022-08-23 00:22:55,723] {logging_mixin.py:115} INFO - [2022-08-23 00:22:55,723] {dagbag.py:507} INFO - Filling up the DagBag from /home/osboxes/.local/lib/python3.8/site-packages/airflow/example_dags/example_latest_only.py
[2022-08-23 00:22:55,727] {processor.py:651} INFO - DAG(s) dict_keys(['latest_only']) retrieved from /home/osboxes/.local/lib/python3.8/site-packages/airflow/example_dags/example_latest_only.py
[2022-08-23 00:22:55,745] {logging_mixin.py:115} INFO - [2022-08-23 00:22:55,745] {dag.py:2371} INFO - Sync 1 DAGs
[2022-08-23 00:22:55,757] {logging_mixin.py:115} INFO - [2022-08-23 00:22:55,757] {dag.py:2915} INFO - Setting next_dagrun for latest_only to 2022-08-23T00:22:55.757057+00:00, run_after=2022-08-23T04:22:55.757057+00:00
[2022-08-23 00:22:55,795] {processor.py:161} INFO - Processing /home/osboxes/.local/lib/python3.8/site-packages/airflow/example_dags/example_latest_only.py took 0.077 seconds
[2022-08-23 00:23:36,829] {processor.py:153} INFO - Started process (PID=187493) to work on /home/osboxes/.local/lib/python3.8/site-packages/airflow/example_dags/example_latest_only.py
[2022-08-23 00:23:36,831] {processor.py:641} INFO - Processing file /home/osboxes/.local/lib/python3.8/site-packages/airflow/example_dags/example_latest_only.py for tasks to queue
[2022-08-23 00:23:36,831] {logging_mixin.py:115} INFO - [2022-08-23 00:23:36,831] {dagbag.py:507} INFO - Filling up the DagBag from /home/osboxes/.local/lib/python3.8/site-packages/airflow/example_dags/example_latest_only.py
[2022-08-23 00:23:36,836] {processor.py:651} INFO - DAG(s) dict_keys(['latest_only']) retrieved from /home/osboxes/.local/lib/python3.8/site-packages/airflow/example_dags/example_latest_only.py
[2022-08-23 00:23:36,851] {logging_mixin.py:115} INFO - [2022-08-23 00:23:36,851] {dag.py:2371} INFO - Sync 1 DAGs
[2022-08-23 00:23:36,863] {logging_mixin.py:115} INFO - [2022-08-23 00:23:36,863] {dag.py:2915} INFO - Setting next_dagrun for latest_only to 2022-08-23T00:23:36.863649+00:00, run_after=2022-08-23T04:23:36.863649+00:00
[2022-08-23 00:23:36,891] {processor.py:161} INFO - Processing /home/osboxes/.local/lib/python3.8/site-packages/airflow/example_dags/example_latest_only.py took 0.064 seconds
[2022-08-23 00:24:16,440] {processor.py:153} INFO - Started process (PID=187790) to work on /home/osboxes/.local/lib/python3.8/site-packages/airflow/example_dags/example_latest_only.py
[2022-08-23 00:24:16,444] {processor.py:641} INFO - Processing file /home/osboxes/.local/lib/python3.8/site-packages/airflow/example_dags/example_latest_only.py for tasks to queue
[2022-08-23 00:24:16,445] {logging_mixin.py:115} INFO - [2022-08-23 00:24:16,445] {dagbag.py:507} INFO - Filling up the DagBag from /home/osboxes/.local/lib/python3.8/site-packages/airflow/example_dags/example_latest_only.py
[2022-08-23 00:24:16,466] {processor.py:651} INFO - DAG(s) dict_keys(['latest_only']) retrieved from /home/osboxes/.local/lib/python3.8/site-packages/airflow/example_dags/example_latest_only.py
[2022-08-23 00:24:16,497] {logging_mixin.py:115} INFO - [2022-08-23 00:24:16,497] {dag.py:2371} INFO - Sync 1 DAGs
[2022-08-23 00:24:16,510] {logging_mixin.py:115} INFO - [2022-08-23 00:24:16,510] {dag.py:2915} INFO - Setting next_dagrun for latest_only to 2022-08-23T00:24:16.510321+00:00, run_after=2022-08-23T04:24:16.510321+00:00
[2022-08-23 00:24:16,539] {processor.py:161} INFO - Processing /home/osboxes/.local/lib/python3.8/site-packages/airflow/example_dags/example_latest_only.py took 0.127 seconds
[2022-08-23 00:24:54,299] {processor.py:153} INFO - Started process (PID=188104) to work on /home/osboxes/.local/lib/python3.8/site-packages/airflow/example_dags/example_latest_only.py
[2022-08-23 00:24:54,301] {processor.py:641} INFO - Processing file /home/osboxes/.local/lib/python3.8/site-packages/airflow/example_dags/example_latest_only.py for tasks to queue
[2022-08-23 00:24:54,302] {logging_mixin.py:115} INFO - [2022-08-23 00:24:54,302] {dagbag.py:507} INFO - Filling up the DagBag from /home/osboxes/.local/lib/python3.8/site-packages/airflow/example_dags/example_latest_only.py
[2022-08-23 00:24:54,305] {processor.py:651} INFO - DAG(s) dict_keys(['latest_only']) retrieved from /home/osboxes/.local/lib/python3.8/site-packages/airflow/example_dags/example_latest_only.py
[2022-08-23 00:24:54,330] {logging_mixin.py:115} INFO - [2022-08-23 00:24:54,330] {dag.py:2371} INFO - Sync 1 DAGs
[2022-08-23 00:24:54,343] {logging_mixin.py:115} INFO - [2022-08-23 00:24:54,343] {dag.py:2915} INFO - Setting next_dagrun for latest_only to 2022-08-23T00:24:54.343152+00:00, run_after=2022-08-23T04:24:54.343152+00:00
[2022-08-23 00:24:54,379] {processor.py:161} INFO - Processing /home/osboxes/.local/lib/python3.8/site-packages/airflow/example_dags/example_latest_only.py took 0.083 seconds
[2022-08-23 00:25:44,493] {processor.py:153} INFO - Started process (PID=188565) to work on /home/osboxes/.local/lib/python3.8/site-packages/airflow/example_dags/example_latest_only.py
[2022-08-23 00:25:44,522] {processor.py:641} INFO - Processing file /home/osboxes/.local/lib/python3.8/site-packages/airflow/example_dags/example_latest_only.py for tasks to queue
[2022-08-23 00:25:44,522] {logging_mixin.py:115} INFO - [2022-08-23 00:25:44,522] {dagbag.py:507} INFO - Filling up the DagBag from /home/osboxes/.local/lib/python3.8/site-packages/airflow/example_dags/example_latest_only.py
[2022-08-23 00:25:44,538] {processor.py:651} INFO - DAG(s) dict_keys(['latest_only']) retrieved from /home/osboxes/.local/lib/python3.8/site-packages/airflow/example_dags/example_latest_only.py
[2022-08-23 00:25:44,564] {logging_mixin.py:115} INFO - [2022-08-23 00:25:44,563] {dag.py:2371} INFO - Sync 1 DAGs
[2022-08-23 00:25:44,595] {logging_mixin.py:115} INFO - [2022-08-23 00:25:44,595] {dag.py:2915} INFO - Setting next_dagrun for latest_only to 2022-08-23T00:25:44.595486+00:00, run_after=2022-08-23T04:25:44.595486+00:00
[2022-08-23 00:25:44,640] {processor.py:161} INFO - Processing /home/osboxes/.local/lib/python3.8/site-packages/airflow/example_dags/example_latest_only.py took 0.150 seconds
[2022-08-23 00:26:28,864] {processor.py:153} INFO - Started process (PID=188908) to work on /home/osboxes/.local/lib/python3.8/site-packages/airflow/example_dags/example_latest_only.py
[2022-08-23 00:26:28,866] {processor.py:641} INFO - Processing file /home/osboxes/.local/lib/python3.8/site-packages/airflow/example_dags/example_latest_only.py for tasks to queue
[2022-08-23 00:26:28,866] {logging_mixin.py:115} INFO - [2022-08-23 00:26:28,866] {dagbag.py:507} INFO - Filling up the DagBag from /home/osboxes/.local/lib/python3.8/site-packages/airflow/example_dags/example_latest_only.py
[2022-08-23 00:26:28,871] {processor.py:651} INFO - DAG(s) dict_keys(['latest_only']) retrieved from /home/osboxes/.local/lib/python3.8/site-packages/airflow/example_dags/example_latest_only.py
[2022-08-23 00:26:28,886] {logging_mixin.py:115} INFO - [2022-08-23 00:26:28,886] {dag.py:2371} INFO - Sync 1 DAGs
[2022-08-23 00:26:28,898] {logging_mixin.py:115} INFO - [2022-08-23 00:26:28,898] {dag.py:2915} INFO - Setting next_dagrun for latest_only to 2022-08-23T00:26:28.897853+00:00, run_after=2022-08-23T04:26:28.897853+00:00
[2022-08-23 00:26:28,935] {processor.py:161} INFO - Processing /home/osboxes/.local/lib/python3.8/site-packages/airflow/example_dags/example_latest_only.py took 0.073 seconds
[2022-08-23 00:27:14,790] {processor.py:153} INFO - Started process (PID=189284) to work on /home/osboxes/.local/lib/python3.8/site-packages/airflow/example_dags/example_latest_only.py
[2022-08-23 00:27:14,792] {processor.py:641} INFO - Processing file /home/osboxes/.local/lib/python3.8/site-packages/airflow/example_dags/example_latest_only.py for tasks to queue
[2022-08-23 00:27:14,793] {logging_mixin.py:115} INFO - [2022-08-23 00:27:14,793] {dagbag.py:507} INFO - Filling up the DagBag from /home/osboxes/.local/lib/python3.8/site-packages/airflow/example_dags/example_latest_only.py
[2022-08-23 00:27:14,797] {processor.py:651} INFO - DAG(s) dict_keys(['latest_only']) retrieved from /home/osboxes/.local/lib/python3.8/site-packages/airflow/example_dags/example_latest_only.py
[2022-08-23 00:27:14,813] {logging_mixin.py:115} INFO - [2022-08-23 00:27:14,813] {dag.py:2371} INFO - Sync 1 DAGs
[2022-08-23 00:27:14,829] {logging_mixin.py:115} INFO - [2022-08-23 00:27:14,829] {dag.py:2915} INFO - Setting next_dagrun for latest_only to 2022-08-23T00:27:14.828916+00:00, run_after=2022-08-23T04:27:14.828916+00:00
[2022-08-23 00:27:14,856] {processor.py:161} INFO - Processing /home/osboxes/.local/lib/python3.8/site-packages/airflow/example_dags/example_latest_only.py took 0.068 seconds
[2022-08-23 00:27:53,496] {processor.py:153} INFO - Started process (PID=189609) to work on /home/osboxes/.local/lib/python3.8/site-packages/airflow/example_dags/example_latest_only.py
[2022-08-23 00:27:53,499] {processor.py:641} INFO - Processing file /home/osboxes/.local/lib/python3.8/site-packages/airflow/example_dags/example_latest_only.py for tasks to queue
[2022-08-23 00:27:53,499] {logging_mixin.py:115} INFO - [2022-08-23 00:27:53,499] {dagbag.py:507} INFO - Filling up the DagBag from /home/osboxes/.local/lib/python3.8/site-packages/airflow/example_dags/example_latest_only.py
[2022-08-23 00:27:53,503] {processor.py:651} INFO - DAG(s) dict_keys(['latest_only']) retrieved from /home/osboxes/.local/lib/python3.8/site-packages/airflow/example_dags/example_latest_only.py
[2022-08-23 00:27:53,520] {logging_mixin.py:115} INFO - [2022-08-23 00:27:53,520] {dag.py:2371} INFO - Sync 1 DAGs
[2022-08-23 00:27:53,552] {logging_mixin.py:115} INFO - [2022-08-23 00:27:53,552] {dag.py:2915} INFO - Setting next_dagrun for latest_only to 2022-08-23T00:27:53.552236+00:00, run_after=2022-08-23T04:27:53.552236+00:00
[2022-08-23 00:27:53,578] {processor.py:161} INFO - Processing /home/osboxes/.local/lib/python3.8/site-packages/airflow/example_dags/example_latest_only.py took 0.085 seconds
[2022-08-23 00:28:32,492] {processor.py:153} INFO - Started process (PID=189903) to work on /home/osboxes/.local/lib/python3.8/site-packages/airflow/example_dags/example_latest_only.py
[2022-08-23 00:28:32,494] {processor.py:641} INFO - Processing file /home/osboxes/.local/lib/python3.8/site-packages/airflow/example_dags/example_latest_only.py for tasks to queue
[2022-08-23 00:28:32,494] {logging_mixin.py:115} INFO - [2022-08-23 00:28:32,494] {dagbag.py:507} INFO - Filling up the DagBag from /home/osboxes/.local/lib/python3.8/site-packages/airflow/example_dags/example_latest_only.py
[2022-08-23 00:28:32,498] {processor.py:651} INFO - DAG(s) dict_keys(['latest_only']) retrieved from /home/osboxes/.local/lib/python3.8/site-packages/airflow/example_dags/example_latest_only.py
[2022-08-23 00:28:32,514] {logging_mixin.py:115} INFO - [2022-08-23 00:28:32,514] {dag.py:2371} INFO - Sync 1 DAGs
[2022-08-23 00:28:32,527] {logging_mixin.py:115} INFO - [2022-08-23 00:28:32,527] {dag.py:2915} INFO - Setting next_dagrun for latest_only to 2022-08-23T00:28:32.527037+00:00, run_after=2022-08-23T04:28:32.527037+00:00
[2022-08-23 00:28:32,556] {processor.py:161} INFO - Processing /home/osboxes/.local/lib/python3.8/site-packages/airflow/example_dags/example_latest_only.py took 0.067 seconds
[2022-08-23 00:29:21,822] {processor.py:153} INFO - Started process (PID=190307) to work on /home/osboxes/.local/lib/python3.8/site-packages/airflow/example_dags/example_latest_only.py
[2022-08-23 00:29:21,823] {processor.py:641} INFO - Processing file /home/osboxes/.local/lib/python3.8/site-packages/airflow/example_dags/example_latest_only.py for tasks to queue
[2022-08-23 00:29:21,824] {logging_mixin.py:115} INFO - [2022-08-23 00:29:21,823] {dagbag.py:507} INFO - Filling up the DagBag from /home/osboxes/.local/lib/python3.8/site-packages/airflow/example_dags/example_latest_only.py
[2022-08-23 00:29:21,827] {processor.py:651} INFO - DAG(s) dict_keys(['latest_only']) retrieved from /home/osboxes/.local/lib/python3.8/site-packages/airflow/example_dags/example_latest_only.py
[2022-08-23 00:29:21,848] {logging_mixin.py:115} INFO - [2022-08-23 00:29:21,847] {dag.py:2371} INFO - Sync 1 DAGs
[2022-08-23 00:29:21,859] {logging_mixin.py:115} INFO - [2022-08-23 00:29:21,859] {dag.py:2915} INFO - Setting next_dagrun for latest_only to 2022-08-23T00:29:21.859550+00:00, run_after=2022-08-23T04:29:21.859550+00:00
[2022-08-23 00:29:21,890] {processor.py:161} INFO - Processing /home/osboxes/.local/lib/python3.8/site-packages/airflow/example_dags/example_latest_only.py took 0.071 seconds
[2022-08-23 00:30:02,276] {processor.py:153} INFO - Started process (PID=190637) to work on /home/osboxes/.local/lib/python3.8/site-packages/airflow/example_dags/example_latest_only.py
[2022-08-23 00:30:02,278] {processor.py:641} INFO - Processing file /home/osboxes/.local/lib/python3.8/site-packages/airflow/example_dags/example_latest_only.py for tasks to queue
[2022-08-23 00:30:02,279] {logging_mixin.py:115} INFO - [2022-08-23 00:30:02,279] {dagbag.py:507} INFO - Filling up the DagBag from /home/osboxes/.local/lib/python3.8/site-packages/airflow/example_dags/example_latest_only.py
[2022-08-23 00:30:02,285] {processor.py:651} INFO - DAG(s) dict_keys(['latest_only']) retrieved from /home/osboxes/.local/lib/python3.8/site-packages/airflow/example_dags/example_latest_only.py
[2022-08-23 00:30:02,328] {logging_mixin.py:115} INFO - [2022-08-23 00:30:02,328] {dag.py:2371} INFO - Sync 1 DAGs
[2022-08-23 00:30:02,351] {logging_mixin.py:115} INFO - [2022-08-23 00:30:02,351] {dag.py:2915} INFO - Setting next_dagrun for latest_only to 2022-08-23T00:30:02.351102+00:00, run_after=2022-08-23T04:30:02.351102+00:00
[2022-08-23 00:30:02,457] {processor.py:161} INFO - Processing /home/osboxes/.local/lib/python3.8/site-packages/airflow/example_dags/example_latest_only.py took 0.184 seconds
[2022-08-23 00:30:46,835] {processor.py:153} INFO - Started process (PID=191048) to work on /home/osboxes/.local/lib/python3.8/site-packages/airflow/example_dags/example_latest_only.py
[2022-08-23 00:30:46,838] {processor.py:641} INFO - Processing file /home/osboxes/.local/lib/python3.8/site-packages/airflow/example_dags/example_latest_only.py for tasks to queue
[2022-08-23 00:30:46,838] {logging_mixin.py:115} INFO - [2022-08-23 00:30:46,838] {dagbag.py:507} INFO - Filling up the DagBag from /home/osboxes/.local/lib/python3.8/site-packages/airflow/example_dags/example_latest_only.py
[2022-08-23 00:30:46,842] {processor.py:651} INFO - DAG(s) dict_keys(['latest_only']) retrieved from /home/osboxes/.local/lib/python3.8/site-packages/airflow/example_dags/example_latest_only.py
[2022-08-23 00:30:46,860] {logging_mixin.py:115} INFO - [2022-08-23 00:30:46,860] {dag.py:2371} INFO - Sync 1 DAGs
[2022-08-23 00:30:46,873] {logging_mixin.py:115} INFO - [2022-08-23 00:30:46,873] {dag.py:2915} INFO - Setting next_dagrun for latest_only to 2022-08-23T00:30:46.873322+00:00, run_after=2022-08-23T04:30:46.873322+00:00
[2022-08-23 00:30:46,913] {processor.py:161} INFO - Processing /home/osboxes/.local/lib/python3.8/site-packages/airflow/example_dags/example_latest_only.py took 0.080 seconds
[2022-08-23 00:31:42,460] {processor.py:153} INFO - Started process (PID=191495) to work on /home/osboxes/.local/lib/python3.8/site-packages/airflow/example_dags/example_latest_only.py
[2022-08-23 00:31:42,471] {processor.py:641} INFO - Processing file /home/osboxes/.local/lib/python3.8/site-packages/airflow/example_dags/example_latest_only.py for tasks to queue
[2022-08-23 00:31:42,471] {logging_mixin.py:115} INFO - [2022-08-23 00:31:42,471] {dagbag.py:507} INFO - Filling up the DagBag from /home/osboxes/.local/lib/python3.8/site-packages/airflow/example_dags/example_latest_only.py
[2022-08-23 00:31:42,475] {processor.py:651} INFO - DAG(s) dict_keys(['latest_only']) retrieved from /home/osboxes/.local/lib/python3.8/site-packages/airflow/example_dags/example_latest_only.py
[2022-08-23 00:31:42,493] {logging_mixin.py:115} INFO - [2022-08-23 00:31:42,493] {dag.py:2371} INFO - Sync 1 DAGs
[2022-08-23 00:31:42,508] {logging_mixin.py:115} INFO - [2022-08-23 00:31:42,508] {dag.py:2915} INFO - Setting next_dagrun for latest_only to 2022-08-23T00:31:42.508104+00:00, run_after=2022-08-23T04:31:42.508104+00:00
[2022-08-23 00:31:42,537] {processor.py:161} INFO - Processing /home/osboxes/.local/lib/python3.8/site-packages/airflow/example_dags/example_latest_only.py took 0.079 seconds
[2022-08-23 00:32:36,399] {processor.py:153} INFO - Started process (PID=191954) to work on /home/osboxes/.local/lib/python3.8/site-packages/airflow/example_dags/example_latest_only.py
[2022-08-23 00:32:36,405] {processor.py:641} INFO - Processing file /home/osboxes/.local/lib/python3.8/site-packages/airflow/example_dags/example_latest_only.py for tasks to queue
[2022-08-23 00:32:36,409] {logging_mixin.py:115} INFO - [2022-08-23 00:32:36,409] {dagbag.py:507} INFO - Filling up the DagBag from /home/osboxes/.local/lib/python3.8/site-packages/airflow/example_dags/example_latest_only.py
[2022-08-23 00:32:36,460] {processor.py:651} INFO - DAG(s) dict_keys(['latest_only']) retrieved from /home/osboxes/.local/lib/python3.8/site-packages/airflow/example_dags/example_latest_only.py
[2022-08-23 00:32:36,503] {logging_mixin.py:115} INFO - [2022-08-23 00:32:36,503] {dag.py:2371} INFO - Sync 1 DAGs
[2022-08-23 00:32:36,521] {logging_mixin.py:115} INFO - [2022-08-23 00:32:36,521] {dag.py:2915} INFO - Setting next_dagrun for latest_only to 2022-08-23T00:32:36.521384+00:00, run_after=2022-08-23T04:32:36.521384+00:00
[2022-08-23 00:32:36,551] {processor.py:161} INFO - Processing /home/osboxes/.local/lib/python3.8/site-packages/airflow/example_dags/example_latest_only.py took 0.173 seconds
[2022-08-23 00:33:31,543] {processor.py:153} INFO - Started process (PID=192436) to work on /home/osboxes/.local/lib/python3.8/site-packages/airflow/example_dags/example_latest_only.py
[2022-08-23 00:33:31,544] {processor.py:641} INFO - Processing file /home/osboxes/.local/lib/python3.8/site-packages/airflow/example_dags/example_latest_only.py for tasks to queue
[2022-08-23 00:33:31,544] {logging_mixin.py:115} INFO - [2022-08-23 00:33:31,544] {dagbag.py:507} INFO - Filling up the DagBag from /home/osboxes/.local/lib/python3.8/site-packages/airflow/example_dags/example_latest_only.py
[2022-08-23 00:33:31,549] {processor.py:651} INFO - DAG(s) dict_keys(['latest_only']) retrieved from /home/osboxes/.local/lib/python3.8/site-packages/airflow/example_dags/example_latest_only.py
[2022-08-23 00:33:31,567] {logging_mixin.py:115} INFO - [2022-08-23 00:33:31,567] {dag.py:2371} INFO - Sync 1 DAGs
[2022-08-23 00:33:31,580] {logging_mixin.py:115} INFO - [2022-08-23 00:33:31,580] {dag.py:2915} INFO - Setting next_dagrun for latest_only to 2022-08-23T00:33:31.579957+00:00, run_after=2022-08-23T04:33:31.579957+00:00
[2022-08-23 00:33:31,621] {processor.py:161} INFO - Processing /home/osboxes/.local/lib/python3.8/site-packages/airflow/example_dags/example_latest_only.py took 0.081 seconds
[2022-08-23 00:34:11,856] {processor.py:153} INFO - Started process (PID=192769) to work on /home/osboxes/.local/lib/python3.8/site-packages/airflow/example_dags/example_latest_only.py
[2022-08-23 00:34:11,857] {processor.py:641} INFO - Processing file /home/osboxes/.local/lib/python3.8/site-packages/airflow/example_dags/example_latest_only.py for tasks to queue
[2022-08-23 00:34:11,857] {logging_mixin.py:115} INFO - [2022-08-23 00:34:11,857] {dagbag.py:507} INFO - Filling up the DagBag from /home/osboxes/.local/lib/python3.8/site-packages/airflow/example_dags/example_latest_only.py
[2022-08-23 00:34:11,861] {processor.py:651} INFO - DAG(s) dict_keys(['latest_only']) retrieved from /home/osboxes/.local/lib/python3.8/site-packages/airflow/example_dags/example_latest_only.py
[2022-08-23 00:34:11,880] {logging_mixin.py:115} INFO - [2022-08-23 00:34:11,880] {dag.py:2371} INFO - Sync 1 DAGs
[2022-08-23 00:34:11,895] {logging_mixin.py:115} INFO - [2022-08-23 00:34:11,895] {dag.py:2915} INFO - Setting next_dagrun for latest_only to 2022-08-23T00:34:11.895530+00:00, run_after=2022-08-23T04:34:11.895530+00:00
[2022-08-23 00:34:11,922] {processor.py:161} INFO - Processing /home/osboxes/.local/lib/python3.8/site-packages/airflow/example_dags/example_latest_only.py took 0.070 seconds
[2022-08-23 00:34:50,119] {processor.py:153} INFO - Started process (PID=193088) to work on /home/osboxes/.local/lib/python3.8/site-packages/airflow/example_dags/example_latest_only.py
[2022-08-23 00:34:50,122] {processor.py:641} INFO - Processing file /home/osboxes/.local/lib/python3.8/site-packages/airflow/example_dags/example_latest_only.py for tasks to queue
[2022-08-23 00:34:50,122] {logging_mixin.py:115} INFO - [2022-08-23 00:34:50,122] {dagbag.py:507} INFO - Filling up the DagBag from /home/osboxes/.local/lib/python3.8/site-packages/airflow/example_dags/example_latest_only.py
[2022-08-23 00:34:50,126] {processor.py:651} INFO - DAG(s) dict_keys(['latest_only']) retrieved from /home/osboxes/.local/lib/python3.8/site-packages/airflow/example_dags/example_latest_only.py
[2022-08-23 00:34:50,145] {logging_mixin.py:115} INFO - [2022-08-23 00:34:50,145] {dag.py:2371} INFO - Sync 1 DAGs
[2022-08-23 00:34:50,160] {logging_mixin.py:115} INFO - [2022-08-23 00:34:50,160] {dag.py:2915} INFO - Setting next_dagrun for latest_only to 2022-08-23T00:34:50.160082+00:00, run_after=2022-08-23T04:34:50.160082+00:00
[2022-08-23 00:34:50,198] {processor.py:161} INFO - Processing /home/osboxes/.local/lib/python3.8/site-packages/airflow/example_dags/example_latest_only.py took 0.080 seconds
[2022-08-23 00:35:41,883] {processor.py:153} INFO - Started process (PID=193555) to work on /home/osboxes/.local/lib/python3.8/site-packages/airflow/example_dags/example_latest_only.py
[2022-08-23 00:35:41,884] {processor.py:641} INFO - Processing file /home/osboxes/.local/lib/python3.8/site-packages/airflow/example_dags/example_latest_only.py for tasks to queue
[2022-08-23 00:35:41,884] {logging_mixin.py:115} INFO - [2022-08-23 00:35:41,884] {dagbag.py:507} INFO - Filling up the DagBag from /home/osboxes/.local/lib/python3.8/site-packages/airflow/example_dags/example_latest_only.py
[2022-08-23 00:35:41,889] {processor.py:651} INFO - DAG(s) dict_keys(['latest_only']) retrieved from /home/osboxes/.local/lib/python3.8/site-packages/airflow/example_dags/example_latest_only.py
[2022-08-23 00:35:41,930] {logging_mixin.py:115} INFO - [2022-08-23 00:35:41,930] {dag.py:2371} INFO - Sync 1 DAGs
[2022-08-23 00:35:41,967] {logging_mixin.py:115} INFO - [2022-08-23 00:35:41,967] {dag.py:2915} INFO - Setting next_dagrun for latest_only to 2022-08-23T00:35:41.966964+00:00, run_after=2022-08-23T04:35:41.966964+00:00
[2022-08-23 00:35:42,015] {processor.py:161} INFO - Processing /home/osboxes/.local/lib/python3.8/site-packages/airflow/example_dags/example_latest_only.py took 0.136 seconds
