[2022-08-23 00:07:37,979] {processor.py:153} INFO - Started process (PID=179587) to work on /home/osboxes/.local/lib/python3.8/site-packages/airflow/example_dags/example_short_circuit_operator.py
[2022-08-23 00:07:37,980] {processor.py:641} INFO - Processing file /home/osboxes/.local/lib/python3.8/site-packages/airflow/example_dags/example_short_circuit_operator.py for tasks to queue
[2022-08-23 00:07:37,980] {logging_mixin.py:115} INFO - [2022-08-23 00:07:37,980] {dagbag.py:507} INFO - Filling up the DagBag from /home/osboxes/.local/lib/python3.8/site-packages/airflow/example_dags/example_short_circuit_operator.py
[2022-08-23 00:07:37,991] {processor.py:651} INFO - DAG(s) dict_keys(['example_short_circuit_operator']) retrieved from /home/osboxes/.local/lib/python3.8/site-packages/airflow/example_dags/example_short_circuit_operator.py
[2022-08-23 00:07:38,011] {logging_mixin.py:115} INFO - [2022-08-23 00:07:38,011] {dag.py:2371} INFO - Sync 1 DAGs
[2022-08-23 00:07:38,025] {logging_mixin.py:115} INFO - [2022-08-23 00:07:38,025] {dag.py:2915} INFO - Setting next_dagrun for example_short_circuit_operator to 2022-08-22T04:07:38.025122+00:00, run_after=2022-08-23T04:07:38.025122+00:00
[2022-08-23 00:07:38,067] {processor.py:161} INFO - Processing /home/osboxes/.local/lib/python3.8/site-packages/airflow/example_dags/example_short_circuit_operator.py took 0.090 seconds
[2022-08-23 00:08:19,671] {processor.py:153} INFO - Started process (PID=179914) to work on /home/osboxes/.local/lib/python3.8/site-packages/airflow/example_dags/example_short_circuit_operator.py
[2022-08-23 00:08:19,674] {processor.py:641} INFO - Processing file /home/osboxes/.local/lib/python3.8/site-packages/airflow/example_dags/example_short_circuit_operator.py for tasks to queue
[2022-08-23 00:08:19,674] {logging_mixin.py:115} INFO - [2022-08-23 00:08:19,674] {dagbag.py:507} INFO - Filling up the DagBag from /home/osboxes/.local/lib/python3.8/site-packages/airflow/example_dags/example_short_circuit_operator.py
[2022-08-23 00:08:19,680] {processor.py:651} INFO - DAG(s) dict_keys(['example_short_circuit_operator']) retrieved from /home/osboxes/.local/lib/python3.8/site-packages/airflow/example_dags/example_short_circuit_operator.py
[2022-08-23 00:08:19,701] {logging_mixin.py:115} INFO - [2022-08-23 00:08:19,701] {dag.py:2371} INFO - Sync 1 DAGs
[2022-08-23 00:08:19,716] {logging_mixin.py:115} INFO - [2022-08-23 00:08:19,716] {dag.py:2915} INFO - Setting next_dagrun for example_short_circuit_operator to 2022-08-22T04:08:19.716026+00:00, run_after=2022-08-23T04:08:19.716026+00:00
[2022-08-23 00:08:19,750] {processor.py:161} INFO - Processing /home/osboxes/.local/lib/python3.8/site-packages/airflow/example_dags/example_short_circuit_operator.py took 0.082 seconds
[2022-08-23 00:09:03,667] {processor.py:153} INFO - Started process (PID=180281) to work on /home/osboxes/.local/lib/python3.8/site-packages/airflow/example_dags/example_short_circuit_operator.py
[2022-08-23 00:09:03,668] {processor.py:641} INFO - Processing file /home/osboxes/.local/lib/python3.8/site-packages/airflow/example_dags/example_short_circuit_operator.py for tasks to queue
[2022-08-23 00:09:03,669] {logging_mixin.py:115} INFO - [2022-08-23 00:09:03,669] {dagbag.py:507} INFO - Filling up the DagBag from /home/osboxes/.local/lib/python3.8/site-packages/airflow/example_dags/example_short_circuit_operator.py
[2022-08-23 00:09:03,676] {processor.py:651} INFO - DAG(s) dict_keys(['example_short_circuit_operator']) retrieved from /home/osboxes/.local/lib/python3.8/site-packages/airflow/example_dags/example_short_circuit_operator.py
[2022-08-23 00:09:03,697] {logging_mixin.py:115} INFO - [2022-08-23 00:09:03,697] {dag.py:2371} INFO - Sync 1 DAGs
[2022-08-23 00:09:03,709] {logging_mixin.py:115} INFO - [2022-08-23 00:09:03,709] {dag.py:2915} INFO - Setting next_dagrun for example_short_circuit_operator to 2022-08-22T04:09:03.709347+00:00, run_after=2022-08-23T04:09:03.709347+00:00
[2022-08-23 00:09:03,739] {processor.py:161} INFO - Processing /home/osboxes/.local/lib/python3.8/site-packages/airflow/example_dags/example_short_circuit_operator.py took 0.074 seconds
[2022-08-23 00:09:47,790] {processor.py:153} INFO - Started process (PID=180619) to work on /home/osboxes/.local/lib/python3.8/site-packages/airflow/example_dags/example_short_circuit_operator.py
[2022-08-23 00:09:47,791] {processor.py:641} INFO - Processing file /home/osboxes/.local/lib/python3.8/site-packages/airflow/example_dags/example_short_circuit_operator.py for tasks to queue
[2022-08-23 00:09:47,792] {logging_mixin.py:115} INFO - [2022-08-23 00:09:47,792] {dagbag.py:507} INFO - Filling up the DagBag from /home/osboxes/.local/lib/python3.8/site-packages/airflow/example_dags/example_short_circuit_operator.py
[2022-08-23 00:09:47,798] {processor.py:651} INFO - DAG(s) dict_keys(['example_short_circuit_operator']) retrieved from /home/osboxes/.local/lib/python3.8/site-packages/airflow/example_dags/example_short_circuit_operator.py
[2022-08-23 00:09:47,818] {logging_mixin.py:115} INFO - [2022-08-23 00:09:47,818] {dag.py:2371} INFO - Sync 1 DAGs
[2022-08-23 00:09:47,830] {logging_mixin.py:115} INFO - [2022-08-23 00:09:47,829] {dag.py:2915} INFO - Setting next_dagrun for example_short_circuit_operator to 2022-08-22T04:09:47.829708+00:00, run_after=2022-08-23T04:09:47.829708+00:00
[2022-08-23 00:09:47,857] {processor.py:161} INFO - Processing /home/osboxes/.local/lib/python3.8/site-packages/airflow/example_dags/example_short_circuit_operator.py took 0.069 seconds
[2022-08-23 00:10:33,575] {processor.py:153} INFO - Started process (PID=181036) to work on /home/osboxes/.local/lib/python3.8/site-packages/airflow/example_dags/example_short_circuit_operator.py
[2022-08-23 00:10:33,578] {processor.py:641} INFO - Processing file /home/osboxes/.local/lib/python3.8/site-packages/airflow/example_dags/example_short_circuit_operator.py for tasks to queue
[2022-08-23 00:10:33,579] {logging_mixin.py:115} INFO - [2022-08-23 00:10:33,579] {dagbag.py:507} INFO - Filling up the DagBag from /home/osboxes/.local/lib/python3.8/site-packages/airflow/example_dags/example_short_circuit_operator.py
[2022-08-23 00:10:33,614] {processor.py:651} INFO - DAG(s) dict_keys(['example_short_circuit_operator']) retrieved from /home/osboxes/.local/lib/python3.8/site-packages/airflow/example_dags/example_short_circuit_operator.py
[2022-08-23 00:10:33,638] {logging_mixin.py:115} INFO - [2022-08-23 00:10:33,638] {dag.py:2371} INFO - Sync 1 DAGs
[2022-08-23 00:10:33,661] {logging_mixin.py:115} INFO - [2022-08-23 00:10:33,661] {dag.py:2915} INFO - Setting next_dagrun for example_short_circuit_operator to 2022-08-22T04:10:33.660945+00:00, run_after=2022-08-23T04:10:33.660945+00:00
[2022-08-23 00:10:33,705] {processor.py:161} INFO - Processing /home/osboxes/.local/lib/python3.8/site-packages/airflow/example_dags/example_short_circuit_operator.py took 0.133 seconds
[2022-08-23 00:11:24,403] {processor.py:153} INFO - Started process (PID=181445) to work on /home/osboxes/.local/lib/python3.8/site-packages/airflow/example_dags/example_short_circuit_operator.py
[2022-08-23 00:11:24,405] {processor.py:641} INFO - Processing file /home/osboxes/.local/lib/python3.8/site-packages/airflow/example_dags/example_short_circuit_operator.py for tasks to queue
[2022-08-23 00:11:24,406] {logging_mixin.py:115} INFO - [2022-08-23 00:11:24,406] {dagbag.py:507} INFO - Filling up the DagBag from /home/osboxes/.local/lib/python3.8/site-packages/airflow/example_dags/example_short_circuit_operator.py
[2022-08-23 00:11:24,412] {processor.py:651} INFO - DAG(s) dict_keys(['example_short_circuit_operator']) retrieved from /home/osboxes/.local/lib/python3.8/site-packages/airflow/example_dags/example_short_circuit_operator.py
[2022-08-23 00:11:24,428] {logging_mixin.py:115} INFO - [2022-08-23 00:11:24,428] {dag.py:2371} INFO - Sync 1 DAGs
[2022-08-23 00:11:24,450] {logging_mixin.py:115} INFO - [2022-08-23 00:11:24,450] {dag.py:2915} INFO - Setting next_dagrun for example_short_circuit_operator to 2022-08-22T04:11:24.449892+00:00, run_after=2022-08-23T04:11:24.449892+00:00
[2022-08-23 00:11:24,485] {processor.py:161} INFO - Processing /home/osboxes/.local/lib/python3.8/site-packages/airflow/example_dags/example_short_circuit_operator.py took 0.084 seconds
[2022-08-23 00:12:07,966] {processor.py:153} INFO - Started process (PID=181874) to work on /home/osboxes/.local/lib/python3.8/site-packages/airflow/example_dags/example_short_circuit_operator.py
[2022-08-23 00:12:07,967] {processor.py:641} INFO - Processing file /home/osboxes/.local/lib/python3.8/site-packages/airflow/example_dags/example_short_circuit_operator.py for tasks to queue
[2022-08-23 00:12:07,968] {logging_mixin.py:115} INFO - [2022-08-23 00:12:07,967] {dagbag.py:507} INFO - Filling up the DagBag from /home/osboxes/.local/lib/python3.8/site-packages/airflow/example_dags/example_short_circuit_operator.py
[2022-08-23 00:12:07,974] {processor.py:651} INFO - DAG(s) dict_keys(['example_short_circuit_operator']) retrieved from /home/osboxes/.local/lib/python3.8/site-packages/airflow/example_dags/example_short_circuit_operator.py
[2022-08-23 00:12:08,002] {logging_mixin.py:115} INFO - [2022-08-23 00:12:08,002] {dag.py:2371} INFO - Sync 1 DAGs
[2022-08-23 00:12:08,016] {logging_mixin.py:115} INFO - [2022-08-23 00:12:08,016] {dag.py:2915} INFO - Setting next_dagrun for example_short_circuit_operator to 2022-08-22T04:12:08.015952+00:00, run_after=2022-08-23T04:12:08.015952+00:00
[2022-08-23 00:12:08,067] {processor.py:161} INFO - Processing /home/osboxes/.local/lib/python3.8/site-packages/airflow/example_dags/example_short_circuit_operator.py took 0.104 seconds
[2022-08-23 00:12:48,605] {processor.py:153} INFO - Started process (PID=182202) to work on /home/osboxes/.local/lib/python3.8/site-packages/airflow/example_dags/example_short_circuit_operator.py
[2022-08-23 00:12:48,606] {processor.py:641} INFO - Processing file /home/osboxes/.local/lib/python3.8/site-packages/airflow/example_dags/example_short_circuit_operator.py for tasks to queue
[2022-08-23 00:12:48,607] {logging_mixin.py:115} INFO - [2022-08-23 00:12:48,607] {dagbag.py:507} INFO - Filling up the DagBag from /home/osboxes/.local/lib/python3.8/site-packages/airflow/example_dags/example_short_circuit_operator.py
[2022-08-23 00:12:48,616] {processor.py:651} INFO - DAG(s) dict_keys(['example_short_circuit_operator']) retrieved from /home/osboxes/.local/lib/python3.8/site-packages/airflow/example_dags/example_short_circuit_operator.py
[2022-08-23 00:12:48,634] {logging_mixin.py:115} INFO - [2022-08-23 00:12:48,634] {dag.py:2371} INFO - Sync 1 DAGs
[2022-08-23 00:12:48,646] {logging_mixin.py:115} INFO - [2022-08-23 00:12:48,646] {dag.py:2915} INFO - Setting next_dagrun for example_short_circuit_operator to 2022-08-22T04:12:48.646552+00:00, run_after=2022-08-23T04:12:48.646552+00:00
[2022-08-23 00:12:48,687] {processor.py:161} INFO - Processing /home/osboxes/.local/lib/python3.8/site-packages/airflow/example_dags/example_short_circuit_operator.py took 0.085 seconds
[2022-08-23 00:13:34,286] {processor.py:153} INFO - Started process (PID=182575) to work on /home/osboxes/.local/lib/python3.8/site-packages/airflow/example_dags/example_short_circuit_operator.py
[2022-08-23 00:13:34,288] {processor.py:641} INFO - Processing file /home/osboxes/.local/lib/python3.8/site-packages/airflow/example_dags/example_short_circuit_operator.py for tasks to queue
[2022-08-23 00:13:34,288] {logging_mixin.py:115} INFO - [2022-08-23 00:13:34,288] {dagbag.py:507} INFO - Filling up the DagBag from /home/osboxes/.local/lib/python3.8/site-packages/airflow/example_dags/example_short_circuit_operator.py
[2022-08-23 00:13:34,294] {processor.py:651} INFO - DAG(s) dict_keys(['example_short_circuit_operator']) retrieved from /home/osboxes/.local/lib/python3.8/site-packages/airflow/example_dags/example_short_circuit_operator.py
[2022-08-23 00:13:34,318] {logging_mixin.py:115} INFO - [2022-08-23 00:13:34,318] {dag.py:2371} INFO - Sync 1 DAGs
[2022-08-23 00:13:34,335] {logging_mixin.py:115} INFO - [2022-08-23 00:13:34,335] {dag.py:2915} INFO - Setting next_dagrun for example_short_circuit_operator to 2022-08-22T04:13:34.335139+00:00, run_after=2022-08-23T04:13:34.335139+00:00
[2022-08-23 00:13:34,361] {processor.py:161} INFO - Processing /home/osboxes/.local/lib/python3.8/site-packages/airflow/example_dags/example_short_circuit_operator.py took 0.078 seconds
[2022-08-23 00:14:22,235] {processor.py:153} INFO - Started process (PID=182946) to work on /home/osboxes/.local/lib/python3.8/site-packages/airflow/example_dags/example_short_circuit_operator.py
[2022-08-23 00:14:22,239] {processor.py:641} INFO - Processing file /home/osboxes/.local/lib/python3.8/site-packages/airflow/example_dags/example_short_circuit_operator.py for tasks to queue
[2022-08-23 00:14:22,240] {logging_mixin.py:115} INFO - [2022-08-23 00:14:22,239] {dagbag.py:507} INFO - Filling up the DagBag from /home/osboxes/.local/lib/python3.8/site-packages/airflow/example_dags/example_short_circuit_operator.py
[2022-08-23 00:14:22,247] {processor.py:651} INFO - DAG(s) dict_keys(['example_short_circuit_operator']) retrieved from /home/osboxes/.local/lib/python3.8/site-packages/airflow/example_dags/example_short_circuit_operator.py
[2022-08-23 00:14:22,265] {logging_mixin.py:115} INFO - [2022-08-23 00:14:22,265] {dag.py:2371} INFO - Sync 1 DAGs
[2022-08-23 00:14:22,278] {logging_mixin.py:115} INFO - [2022-08-23 00:14:22,278] {dag.py:2915} INFO - Setting next_dagrun for example_short_circuit_operator to 2022-08-22T04:14:22.278571+00:00, run_after=2022-08-23T04:14:22.278571+00:00
[2022-08-23 00:14:22,307] {processor.py:161} INFO - Processing /home/osboxes/.local/lib/python3.8/site-packages/airflow/example_dags/example_short_circuit_operator.py took 0.074 seconds
[2022-08-23 00:14:59,568] {processor.py:153} INFO - Started process (PID=183237) to work on /home/osboxes/.local/lib/python3.8/site-packages/airflow/example_dags/example_short_circuit_operator.py
[2022-08-23 00:14:59,570] {processor.py:641} INFO - Processing file /home/osboxes/.local/lib/python3.8/site-packages/airflow/example_dags/example_short_circuit_operator.py for tasks to queue
[2022-08-23 00:14:59,571] {logging_mixin.py:115} INFO - [2022-08-23 00:14:59,571] {dagbag.py:507} INFO - Filling up the DagBag from /home/osboxes/.local/lib/python3.8/site-packages/airflow/example_dags/example_short_circuit_operator.py
[2022-08-23 00:14:59,578] {processor.py:651} INFO - DAG(s) dict_keys(['example_short_circuit_operator']) retrieved from /home/osboxes/.local/lib/python3.8/site-packages/airflow/example_dags/example_short_circuit_operator.py
[2022-08-23 00:14:59,595] {logging_mixin.py:115} INFO - [2022-08-23 00:14:59,595] {dag.py:2371} INFO - Sync 1 DAGs
[2022-08-23 00:14:59,609] {logging_mixin.py:115} INFO - [2022-08-23 00:14:59,609] {dag.py:2915} INFO - Setting next_dagrun for example_short_circuit_operator to 2022-08-22T04:14:59.609211+00:00, run_after=2022-08-23T04:14:59.609211+00:00
[2022-08-23 00:14:59,657] {processor.py:161} INFO - Processing /home/osboxes/.local/lib/python3.8/site-packages/airflow/example_dags/example_short_circuit_operator.py took 0.092 seconds
[2022-08-23 00:15:39,297] {processor.py:153} INFO - Started process (PID=183637) to work on /home/osboxes/.local/lib/python3.8/site-packages/airflow/example_dags/example_short_circuit_operator.py
[2022-08-23 00:15:39,299] {processor.py:641} INFO - Processing file /home/osboxes/.local/lib/python3.8/site-packages/airflow/example_dags/example_short_circuit_operator.py for tasks to queue
[2022-08-23 00:15:39,299] {logging_mixin.py:115} INFO - [2022-08-23 00:15:39,299] {dagbag.py:507} INFO - Filling up the DagBag from /home/osboxes/.local/lib/python3.8/site-packages/airflow/example_dags/example_short_circuit_operator.py
[2022-08-23 00:15:39,306] {processor.py:651} INFO - DAG(s) dict_keys(['example_short_circuit_operator']) retrieved from /home/osboxes/.local/lib/python3.8/site-packages/airflow/example_dags/example_short_circuit_operator.py
[2022-08-23 00:15:39,325] {logging_mixin.py:115} INFO - [2022-08-23 00:15:39,325] {dag.py:2371} INFO - Sync 1 DAGs
[2022-08-23 00:15:39,337] {logging_mixin.py:115} INFO - [2022-08-23 00:15:39,337] {dag.py:2915} INFO - Setting next_dagrun for example_short_circuit_operator to 2022-08-22T04:15:39.337517+00:00, run_after=2022-08-23T04:15:39.337517+00:00
[2022-08-23 00:15:39,367] {processor.py:161} INFO - Processing /home/osboxes/.local/lib/python3.8/site-packages/airflow/example_dags/example_short_circuit_operator.py took 0.073 seconds
[2022-08-23 00:16:27,510] {processor.py:153} INFO - Started process (PID=184009) to work on /home/osboxes/.local/lib/python3.8/site-packages/airflow/example_dags/example_short_circuit_operator.py
[2022-08-23 00:16:27,511] {processor.py:641} INFO - Processing file /home/osboxes/.local/lib/python3.8/site-packages/airflow/example_dags/example_short_circuit_operator.py for tasks to queue
[2022-08-23 00:16:27,512] {logging_mixin.py:115} INFO - [2022-08-23 00:16:27,512] {dagbag.py:507} INFO - Filling up the DagBag from /home/osboxes/.local/lib/python3.8/site-packages/airflow/example_dags/example_short_circuit_operator.py
[2022-08-23 00:16:27,518] {processor.py:651} INFO - DAG(s) dict_keys(['example_short_circuit_operator']) retrieved from /home/osboxes/.local/lib/python3.8/site-packages/airflow/example_dags/example_short_circuit_operator.py
[2022-08-23 00:16:27,534] {logging_mixin.py:115} INFO - [2022-08-23 00:16:27,534] {dag.py:2371} INFO - Sync 1 DAGs
[2022-08-23 00:16:27,548] {logging_mixin.py:115} INFO - [2022-08-23 00:16:27,548] {dag.py:2915} INFO - Setting next_dagrun for example_short_circuit_operator to 2022-08-22T04:16:27.548301+00:00, run_after=2022-08-23T04:16:27.548301+00:00
[2022-08-23 00:16:27,576] {processor.py:161} INFO - Processing /home/osboxes/.local/lib/python3.8/site-packages/airflow/example_dags/example_short_circuit_operator.py took 0.069 seconds
[2022-08-23 00:17:16,202] {processor.py:153} INFO - Started process (PID=184409) to work on /home/osboxes/.local/lib/python3.8/site-packages/airflow/example_dags/example_short_circuit_operator.py
[2022-08-23 00:17:16,204] {processor.py:641} INFO - Processing file /home/osboxes/.local/lib/python3.8/site-packages/airflow/example_dags/example_short_circuit_operator.py for tasks to queue
[2022-08-23 00:17:16,204] {logging_mixin.py:115} INFO - [2022-08-23 00:17:16,204] {dagbag.py:507} INFO - Filling up the DagBag from /home/osboxes/.local/lib/python3.8/site-packages/airflow/example_dags/example_short_circuit_operator.py
[2022-08-23 00:17:16,211] {processor.py:651} INFO - DAG(s) dict_keys(['example_short_circuit_operator']) retrieved from /home/osboxes/.local/lib/python3.8/site-packages/airflow/example_dags/example_short_circuit_operator.py
[2022-08-23 00:17:16,228] {logging_mixin.py:115} INFO - [2022-08-23 00:17:16,228] {dag.py:2371} INFO - Sync 1 DAGs
[2022-08-23 00:17:16,247] {logging_mixin.py:115} INFO - [2022-08-23 00:17:16,246] {dag.py:2915} INFO - Setting next_dagrun for example_short_circuit_operator to 2022-08-22T04:17:16.246765+00:00, run_after=2022-08-23T04:17:16.246765+00:00
[2022-08-23 00:17:16,403] {processor.py:161} INFO - Processing /home/osboxes/.local/lib/python3.8/site-packages/airflow/example_dags/example_short_circuit_operator.py took 0.204 seconds
[2022-08-23 00:18:01,708] {processor.py:153} INFO - Started process (PID=184776) to work on /home/osboxes/.local/lib/python3.8/site-packages/airflow/example_dags/example_short_circuit_operator.py
[2022-08-23 00:18:01,710] {processor.py:641} INFO - Processing file /home/osboxes/.local/lib/python3.8/site-packages/airflow/example_dags/example_short_circuit_operator.py for tasks to queue
[2022-08-23 00:18:01,711] {logging_mixin.py:115} INFO - [2022-08-23 00:18:01,711] {dagbag.py:507} INFO - Filling up the DagBag from /home/osboxes/.local/lib/python3.8/site-packages/airflow/example_dags/example_short_circuit_operator.py
[2022-08-23 00:18:01,717] {processor.py:651} INFO - DAG(s) dict_keys(['example_short_circuit_operator']) retrieved from /home/osboxes/.local/lib/python3.8/site-packages/airflow/example_dags/example_short_circuit_operator.py
[2022-08-23 00:18:01,737] {logging_mixin.py:115} INFO - [2022-08-23 00:18:01,737] {dag.py:2371} INFO - Sync 1 DAGs
[2022-08-23 00:18:01,750] {logging_mixin.py:115} INFO - [2022-08-23 00:18:01,749] {dag.py:2915} INFO - Setting next_dagrun for example_short_circuit_operator to 2022-08-22T04:18:01.749707+00:00, run_after=2022-08-23T04:18:01.749707+00:00
[2022-08-23 00:18:01,782] {processor.py:161} INFO - Processing /home/osboxes/.local/lib/python3.8/site-packages/airflow/example_dags/example_short_circuit_operator.py took 0.076 seconds
[2022-08-23 00:18:43,811] {processor.py:153} INFO - Started process (PID=185106) to work on /home/osboxes/.local/lib/python3.8/site-packages/airflow/example_dags/example_short_circuit_operator.py
[2022-08-23 00:18:43,812] {processor.py:641} INFO - Processing file /home/osboxes/.local/lib/python3.8/site-packages/airflow/example_dags/example_short_circuit_operator.py for tasks to queue
[2022-08-23 00:18:43,813] {logging_mixin.py:115} INFO - [2022-08-23 00:18:43,813] {dagbag.py:507} INFO - Filling up the DagBag from /home/osboxes/.local/lib/python3.8/site-packages/airflow/example_dags/example_short_circuit_operator.py
[2022-08-23 00:18:43,821] {processor.py:651} INFO - DAG(s) dict_keys(['example_short_circuit_operator']) retrieved from /home/osboxes/.local/lib/python3.8/site-packages/airflow/example_dags/example_short_circuit_operator.py
[2022-08-23 00:18:43,840] {logging_mixin.py:115} INFO - [2022-08-23 00:18:43,840] {dag.py:2371} INFO - Sync 1 DAGs
[2022-08-23 00:18:43,851] {logging_mixin.py:115} INFO - [2022-08-23 00:18:43,851] {dag.py:2915} INFO - Setting next_dagrun for example_short_circuit_operator to 2022-08-22T04:18:43.851665+00:00, run_after=2022-08-23T04:18:43.851665+00:00
[2022-08-23 00:18:43,880] {processor.py:161} INFO - Processing /home/osboxes/.local/lib/python3.8/site-packages/airflow/example_dags/example_short_circuit_operator.py took 0.071 seconds
[2022-08-23 00:19:28,160] {processor.py:153} INFO - Started process (PID=185461) to work on /home/osboxes/.local/lib/python3.8/site-packages/airflow/example_dags/example_short_circuit_operator.py
[2022-08-23 00:19:28,187] {processor.py:641} INFO - Processing file /home/osboxes/.local/lib/python3.8/site-packages/airflow/example_dags/example_short_circuit_operator.py for tasks to queue
[2022-08-23 00:19:28,187] {logging_mixin.py:115} INFO - [2022-08-23 00:19:28,187] {dagbag.py:507} INFO - Filling up the DagBag from /home/osboxes/.local/lib/python3.8/site-packages/airflow/example_dags/example_short_circuit_operator.py
[2022-08-23 00:19:28,220] {processor.py:651} INFO - DAG(s) dict_keys(['example_short_circuit_operator']) retrieved from /home/osboxes/.local/lib/python3.8/site-packages/airflow/example_dags/example_short_circuit_operator.py
[2022-08-23 00:19:28,241] {logging_mixin.py:115} INFO - [2022-08-23 00:19:28,241] {dag.py:2371} INFO - Sync 1 DAGs
[2022-08-23 00:19:28,253] {logging_mixin.py:115} INFO - [2022-08-23 00:19:28,253] {dag.py:2915} INFO - Setting next_dagrun for example_short_circuit_operator to 2022-08-22T04:19:28.252843+00:00, run_after=2022-08-23T04:19:28.252843+00:00
[2022-08-23 00:19:28,283] {processor.py:161} INFO - Processing /home/osboxes/.local/lib/python3.8/site-packages/airflow/example_dags/example_short_circuit_operator.py took 0.125 seconds
[2022-08-23 00:20:13,019] {processor.py:153} INFO - Started process (PID=185871) to work on /home/osboxes/.local/lib/python3.8/site-packages/airflow/example_dags/example_short_circuit_operator.py
[2022-08-23 00:20:13,023] {processor.py:641} INFO - Processing file /home/osboxes/.local/lib/python3.8/site-packages/airflow/example_dags/example_short_circuit_operator.py for tasks to queue
[2022-08-23 00:20:13,023] {logging_mixin.py:115} INFO - [2022-08-23 00:20:13,023] {dagbag.py:507} INFO - Filling up the DagBag from /home/osboxes/.local/lib/python3.8/site-packages/airflow/example_dags/example_short_circuit_operator.py
[2022-08-23 00:20:13,029] {processor.py:651} INFO - DAG(s) dict_keys(['example_short_circuit_operator']) retrieved from /home/osboxes/.local/lib/python3.8/site-packages/airflow/example_dags/example_short_circuit_operator.py
[2022-08-23 00:20:13,047] {logging_mixin.py:115} INFO - [2022-08-23 00:20:13,047] {dag.py:2371} INFO - Sync 1 DAGs
[2022-08-23 00:20:13,060] {logging_mixin.py:115} INFO - [2022-08-23 00:20:13,059] {dag.py:2915} INFO - Setting next_dagrun for example_short_circuit_operator to 2022-08-22T04:20:13.059786+00:00, run_after=2022-08-23T04:20:13.059786+00:00
[2022-08-23 00:20:13,087] {processor.py:161} INFO - Processing /home/osboxes/.local/lib/python3.8/site-packages/airflow/example_dags/example_short_circuit_operator.py took 0.071 seconds
[2022-08-23 00:21:03,435] {processor.py:153} INFO - Started process (PID=186263) to work on /home/osboxes/.local/lib/python3.8/site-packages/airflow/example_dags/example_short_circuit_operator.py
[2022-08-23 00:21:03,437] {processor.py:641} INFO - Processing file /home/osboxes/.local/lib/python3.8/site-packages/airflow/example_dags/example_short_circuit_operator.py for tasks to queue
[2022-08-23 00:21:03,438] {logging_mixin.py:115} INFO - [2022-08-23 00:21:03,437] {dagbag.py:507} INFO - Filling up the DagBag from /home/osboxes/.local/lib/python3.8/site-packages/airflow/example_dags/example_short_circuit_operator.py
[2022-08-23 00:21:03,444] {processor.py:651} INFO - DAG(s) dict_keys(['example_short_circuit_operator']) retrieved from /home/osboxes/.local/lib/python3.8/site-packages/airflow/example_dags/example_short_circuit_operator.py
[2022-08-23 00:21:03,460] {logging_mixin.py:115} INFO - [2022-08-23 00:21:03,460] {dag.py:2371} INFO - Sync 1 DAGs
[2022-08-23 00:21:03,475] {logging_mixin.py:115} INFO - [2022-08-23 00:21:03,474] {dag.py:2915} INFO - Setting next_dagrun for example_short_circuit_operator to 2022-08-22T04:21:03.474140+00:00, run_after=2022-08-23T04:21:03.474140+00:00
[2022-08-23 00:21:03,522] {processor.py:161} INFO - Processing /home/osboxes/.local/lib/python3.8/site-packages/airflow/example_dags/example_short_circuit_operator.py took 0.089 seconds
[2022-08-23 00:21:41,402] {processor.py:153} INFO - Started process (PID=186572) to work on /home/osboxes/.local/lib/python3.8/site-packages/airflow/example_dags/example_short_circuit_operator.py
[2022-08-23 00:21:41,406] {processor.py:641} INFO - Processing file /home/osboxes/.local/lib/python3.8/site-packages/airflow/example_dags/example_short_circuit_operator.py for tasks to queue
[2022-08-23 00:21:41,407] {logging_mixin.py:115} INFO - [2022-08-23 00:21:41,406] {dagbag.py:507} INFO - Filling up the DagBag from /home/osboxes/.local/lib/python3.8/site-packages/airflow/example_dags/example_short_circuit_operator.py
[2022-08-23 00:21:41,413] {processor.py:651} INFO - DAG(s) dict_keys(['example_short_circuit_operator']) retrieved from /home/osboxes/.local/lib/python3.8/site-packages/airflow/example_dags/example_short_circuit_operator.py
[2022-08-23 00:21:41,430] {logging_mixin.py:115} INFO - [2022-08-23 00:21:41,430] {dag.py:2371} INFO - Sync 1 DAGs
[2022-08-23 00:21:41,443] {logging_mixin.py:115} INFO - [2022-08-23 00:21:41,443] {dag.py:2915} INFO - Setting next_dagrun for example_short_circuit_operator to 2022-08-22T04:21:41.443063+00:00, run_after=2022-08-23T04:21:41.443063+00:00
[2022-08-23 00:21:41,480] {processor.py:161} INFO - Processing /home/osboxes/.local/lib/python3.8/site-packages/airflow/example_dags/example_short_circuit_operator.py took 0.080 seconds
[2022-08-23 00:22:31,623] {processor.py:153} INFO - Started process (PID=186973) to work on /home/osboxes/.local/lib/python3.8/site-packages/airflow/example_dags/example_short_circuit_operator.py
[2022-08-23 00:22:31,626] {processor.py:641} INFO - Processing file /home/osboxes/.local/lib/python3.8/site-packages/airflow/example_dags/example_short_circuit_operator.py for tasks to queue
[2022-08-23 00:22:31,626] {logging_mixin.py:115} INFO - [2022-08-23 00:22:31,626] {dagbag.py:507} INFO - Filling up the DagBag from /home/osboxes/.local/lib/python3.8/site-packages/airflow/example_dags/example_short_circuit_operator.py
[2022-08-23 00:22:31,633] {processor.py:651} INFO - DAG(s) dict_keys(['example_short_circuit_operator']) retrieved from /home/osboxes/.local/lib/python3.8/site-packages/airflow/example_dags/example_short_circuit_operator.py
[2022-08-23 00:22:31,652] {logging_mixin.py:115} INFO - [2022-08-23 00:22:31,652] {dag.py:2371} INFO - Sync 1 DAGs
[2022-08-23 00:22:31,663] {logging_mixin.py:115} INFO - [2022-08-23 00:22:31,663] {dag.py:2915} INFO - Setting next_dagrun for example_short_circuit_operator to 2022-08-22T04:22:31.663328+00:00, run_after=2022-08-23T04:22:31.663328+00:00
[2022-08-23 00:22:31,699] {processor.py:161} INFO - Processing /home/osboxes/.local/lib/python3.8/site-packages/airflow/example_dags/example_short_circuit_operator.py took 0.078 seconds
[2022-08-23 00:23:11,314] {processor.py:153} INFO - Started process (PID=187290) to work on /home/osboxes/.local/lib/python3.8/site-packages/airflow/example_dags/example_short_circuit_operator.py
[2022-08-23 00:23:11,315] {processor.py:641} INFO - Processing file /home/osboxes/.local/lib/python3.8/site-packages/airflow/example_dags/example_short_circuit_operator.py for tasks to queue
[2022-08-23 00:23:11,316] {logging_mixin.py:115} INFO - [2022-08-23 00:23:11,315] {dagbag.py:507} INFO - Filling up the DagBag from /home/osboxes/.local/lib/python3.8/site-packages/airflow/example_dags/example_short_circuit_operator.py
[2022-08-23 00:23:11,322] {processor.py:651} INFO - DAG(s) dict_keys(['example_short_circuit_operator']) retrieved from /home/osboxes/.local/lib/python3.8/site-packages/airflow/example_dags/example_short_circuit_operator.py
[2022-08-23 00:23:11,339] {logging_mixin.py:115} INFO - [2022-08-23 00:23:11,339] {dag.py:2371} INFO - Sync 1 DAGs
[2022-08-23 00:23:11,350] {logging_mixin.py:115} INFO - [2022-08-23 00:23:11,350] {dag.py:2915} INFO - Setting next_dagrun for example_short_circuit_operator to 2022-08-22T04:23:11.350509+00:00, run_after=2022-08-23T04:23:11.350509+00:00
[2022-08-23 00:23:11,397] {processor.py:161} INFO - Processing /home/osboxes/.local/lib/python3.8/site-packages/airflow/example_dags/example_short_circuit_operator.py took 0.086 seconds
[2022-08-23 00:23:52,082] {processor.py:153} INFO - Started process (PID=187612) to work on /home/osboxes/.local/lib/python3.8/site-packages/airflow/example_dags/example_short_circuit_operator.py
[2022-08-23 00:23:52,084] {processor.py:641} INFO - Processing file /home/osboxes/.local/lib/python3.8/site-packages/airflow/example_dags/example_short_circuit_operator.py for tasks to queue
[2022-08-23 00:23:52,084] {logging_mixin.py:115} INFO - [2022-08-23 00:23:52,084] {dagbag.py:507} INFO - Filling up the DagBag from /home/osboxes/.local/lib/python3.8/site-packages/airflow/example_dags/example_short_circuit_operator.py
[2022-08-23 00:23:52,091] {processor.py:651} INFO - DAG(s) dict_keys(['example_short_circuit_operator']) retrieved from /home/osboxes/.local/lib/python3.8/site-packages/airflow/example_dags/example_short_circuit_operator.py
[2022-08-23 00:23:52,107] {logging_mixin.py:115} INFO - [2022-08-23 00:23:52,107] {dag.py:2371} INFO - Sync 1 DAGs
[2022-08-23 00:23:52,136] {logging_mixin.py:115} INFO - [2022-08-23 00:23:52,136] {dag.py:2915} INFO - Setting next_dagrun for example_short_circuit_operator to 2022-08-22T04:23:52.136204+00:00, run_after=2022-08-23T04:23:52.136204+00:00
[2022-08-23 00:23:52,175] {processor.py:161} INFO - Processing /home/osboxes/.local/lib/python3.8/site-packages/airflow/example_dags/example_short_circuit_operator.py took 0.095 seconds
[2022-08-23 00:24:42,841] {processor.py:153} INFO - Started process (PID=188020) to work on /home/osboxes/.local/lib/python3.8/site-packages/airflow/example_dags/example_short_circuit_operator.py
[2022-08-23 00:24:42,847] {processor.py:641} INFO - Processing file /home/osboxes/.local/lib/python3.8/site-packages/airflow/example_dags/example_short_circuit_operator.py for tasks to queue
[2022-08-23 00:24:42,847] {logging_mixin.py:115} INFO - [2022-08-23 00:24:42,847] {dagbag.py:507} INFO - Filling up the DagBag from /home/osboxes/.local/lib/python3.8/site-packages/airflow/example_dags/example_short_circuit_operator.py
[2022-08-23 00:24:42,853] {processor.py:651} INFO - DAG(s) dict_keys(['example_short_circuit_operator']) retrieved from /home/osboxes/.local/lib/python3.8/site-packages/airflow/example_dags/example_short_circuit_operator.py
[2022-08-23 00:24:42,869] {logging_mixin.py:115} INFO - [2022-08-23 00:24:42,869] {dag.py:2371} INFO - Sync 1 DAGs
[2022-08-23 00:24:42,884] {logging_mixin.py:115} INFO - [2022-08-23 00:24:42,884] {dag.py:2915} INFO - Setting next_dagrun for example_short_circuit_operator to 2022-08-22T04:24:42.883816+00:00, run_after=2022-08-23T04:24:42.883816+00:00
[2022-08-23 00:24:42,912] {processor.py:161} INFO - Processing /home/osboxes/.local/lib/python3.8/site-packages/airflow/example_dags/example_short_circuit_operator.py took 0.073 seconds
[2022-08-23 00:25:30,901] {processor.py:153} INFO - Started process (PID=188451) to work on /home/osboxes/.local/lib/python3.8/site-packages/airflow/example_dags/example_short_circuit_operator.py
[2022-08-23 00:25:30,903] {processor.py:641} INFO - Processing file /home/osboxes/.local/lib/python3.8/site-packages/airflow/example_dags/example_short_circuit_operator.py for tasks to queue
[2022-08-23 00:25:30,904] {logging_mixin.py:115} INFO - [2022-08-23 00:25:30,904] {dagbag.py:507} INFO - Filling up the DagBag from /home/osboxes/.local/lib/python3.8/site-packages/airflow/example_dags/example_short_circuit_operator.py
[2022-08-23 00:25:30,910] {processor.py:651} INFO - DAG(s) dict_keys(['example_short_circuit_operator']) retrieved from /home/osboxes/.local/lib/python3.8/site-packages/airflow/example_dags/example_short_circuit_operator.py
[2022-08-23 00:25:30,927] {logging_mixin.py:115} INFO - [2022-08-23 00:25:30,927] {dag.py:2371} INFO - Sync 1 DAGs
[2022-08-23 00:25:30,941] {logging_mixin.py:115} INFO - [2022-08-23 00:25:30,940] {dag.py:2915} INFO - Setting next_dagrun for example_short_circuit_operator to 2022-08-22T04:25:30.940781+00:00, run_after=2022-08-23T04:25:30.940781+00:00
[2022-08-23 00:25:30,976] {processor.py:161} INFO - Processing /home/osboxes/.local/lib/python3.8/site-packages/airflow/example_dags/example_short_circuit_operator.py took 0.077 seconds
[2022-08-23 00:26:19,584] {processor.py:153} INFO - Started process (PID=188843) to work on /home/osboxes/.local/lib/python3.8/site-packages/airflow/example_dags/example_short_circuit_operator.py
[2022-08-23 00:26:19,586] {processor.py:641} INFO - Processing file /home/osboxes/.local/lib/python3.8/site-packages/airflow/example_dags/example_short_circuit_operator.py for tasks to queue
[2022-08-23 00:26:19,586] {logging_mixin.py:115} INFO - [2022-08-23 00:26:19,586] {dagbag.py:507} INFO - Filling up the DagBag from /home/osboxes/.local/lib/python3.8/site-packages/airflow/example_dags/example_short_circuit_operator.py
[2022-08-23 00:26:19,594] {processor.py:651} INFO - DAG(s) dict_keys(['example_short_circuit_operator']) retrieved from /home/osboxes/.local/lib/python3.8/site-packages/airflow/example_dags/example_short_circuit_operator.py
[2022-08-23 00:26:19,612] {logging_mixin.py:115} INFO - [2022-08-23 00:26:19,611] {dag.py:2371} INFO - Sync 1 DAGs
[2022-08-23 00:26:19,627] {logging_mixin.py:115} INFO - [2022-08-23 00:26:19,627] {dag.py:2915} INFO - Setting next_dagrun for example_short_circuit_operator to 2022-08-22T04:26:19.627565+00:00, run_after=2022-08-23T04:26:19.627565+00:00
[2022-08-23 00:26:19,655] {processor.py:161} INFO - Processing /home/osboxes/.local/lib/python3.8/site-packages/airflow/example_dags/example_short_circuit_operator.py took 0.073 seconds
[2022-08-23 00:27:03,422] {processor.py:153} INFO - Started process (PID=189200) to work on /home/osboxes/.local/lib/python3.8/site-packages/airflow/example_dags/example_short_circuit_operator.py
[2022-08-23 00:27:03,423] {processor.py:641} INFO - Processing file /home/osboxes/.local/lib/python3.8/site-packages/airflow/example_dags/example_short_circuit_operator.py for tasks to queue
[2022-08-23 00:27:03,424] {logging_mixin.py:115} INFO - [2022-08-23 00:27:03,424] {dagbag.py:507} INFO - Filling up the DagBag from /home/osboxes/.local/lib/python3.8/site-packages/airflow/example_dags/example_short_circuit_operator.py
[2022-08-23 00:27:03,432] {processor.py:651} INFO - DAG(s) dict_keys(['example_short_circuit_operator']) retrieved from /home/osboxes/.local/lib/python3.8/site-packages/airflow/example_dags/example_short_circuit_operator.py
[2022-08-23 00:27:03,463] {logging_mixin.py:115} INFO - [2022-08-23 00:27:03,463] {dag.py:2371} INFO - Sync 1 DAGs
[2022-08-23 00:27:03,475] {logging_mixin.py:115} INFO - [2022-08-23 00:27:03,474] {dag.py:2915} INFO - Setting next_dagrun for example_short_circuit_operator to 2022-08-22T04:27:03.474798+00:00, run_after=2022-08-23T04:27:03.474798+00:00
[2022-08-23 00:27:03,504] {processor.py:161} INFO - Processing /home/osboxes/.local/lib/python3.8/site-packages/airflow/example_dags/example_short_circuit_operator.py took 0.085 seconds
[2022-08-23 00:27:42,927] {processor.py:153} INFO - Started process (PID=189511) to work on /home/osboxes/.local/lib/python3.8/site-packages/airflow/example_dags/example_short_circuit_operator.py
[2022-08-23 00:27:42,929] {processor.py:641} INFO - Processing file /home/osboxes/.local/lib/python3.8/site-packages/airflow/example_dags/example_short_circuit_operator.py for tasks to queue
[2022-08-23 00:27:42,930] {logging_mixin.py:115} INFO - [2022-08-23 00:27:42,930] {dagbag.py:507} INFO - Filling up the DagBag from /home/osboxes/.local/lib/python3.8/site-packages/airflow/example_dags/example_short_circuit_operator.py
[2022-08-23 00:27:42,936] {processor.py:651} INFO - DAG(s) dict_keys(['example_short_circuit_operator']) retrieved from /home/osboxes/.local/lib/python3.8/site-packages/airflow/example_dags/example_short_circuit_operator.py
[2022-08-23 00:27:42,969] {logging_mixin.py:115} INFO - [2022-08-23 00:27:42,969] {dag.py:2371} INFO - Sync 1 DAGs
[2022-08-23 00:27:43,018] {logging_mixin.py:115} INFO - [2022-08-23 00:27:43,018] {dag.py:2915} INFO - Setting next_dagrun for example_short_circuit_operator to 2022-08-22T04:27:43.018113+00:00, run_after=2022-08-23T04:27:43.018113+00:00
[2022-08-23 00:27:43,103] {processor.py:161} INFO - Processing /home/osboxes/.local/lib/python3.8/site-packages/airflow/example_dags/example_short_circuit_operator.py took 0.178 seconds
[2022-08-23 00:28:33,642] {processor.py:153} INFO - Started process (PID=189921) to work on /home/osboxes/.local/lib/python3.8/site-packages/airflow/example_dags/example_short_circuit_operator.py
[2022-08-23 00:28:33,644] {processor.py:641} INFO - Processing file /home/osboxes/.local/lib/python3.8/site-packages/airflow/example_dags/example_short_circuit_operator.py for tasks to queue
[2022-08-23 00:28:33,644] {logging_mixin.py:115} INFO - [2022-08-23 00:28:33,644] {dagbag.py:507} INFO - Filling up the DagBag from /home/osboxes/.local/lib/python3.8/site-packages/airflow/example_dags/example_short_circuit_operator.py
[2022-08-23 00:28:33,651] {processor.py:651} INFO - DAG(s) dict_keys(['example_short_circuit_operator']) retrieved from /home/osboxes/.local/lib/python3.8/site-packages/airflow/example_dags/example_short_circuit_operator.py
[2022-08-23 00:28:33,668] {logging_mixin.py:115} INFO - [2022-08-23 00:28:33,668] {dag.py:2371} INFO - Sync 1 DAGs
[2022-08-23 00:28:33,681] {logging_mixin.py:115} INFO - [2022-08-23 00:28:33,681] {dag.py:2915} INFO - Setting next_dagrun for example_short_circuit_operator to 2022-08-22T04:28:33.680942+00:00, run_after=2022-08-23T04:28:33.680942+00:00
[2022-08-23 00:28:33,727] {processor.py:161} INFO - Processing /home/osboxes/.local/lib/python3.8/site-packages/airflow/example_dags/example_short_circuit_operator.py took 0.088 seconds
[2022-08-23 00:29:22,414] {processor.py:153} INFO - Started process (PID=190308) to work on /home/osboxes/.local/lib/python3.8/site-packages/airflow/example_dags/example_short_circuit_operator.py
[2022-08-23 00:29:22,416] {processor.py:641} INFO - Processing file /home/osboxes/.local/lib/python3.8/site-packages/airflow/example_dags/example_short_circuit_operator.py for tasks to queue
[2022-08-23 00:29:22,416] {logging_mixin.py:115} INFO - [2022-08-23 00:29:22,416] {dagbag.py:507} INFO - Filling up the DagBag from /home/osboxes/.local/lib/python3.8/site-packages/airflow/example_dags/example_short_circuit_operator.py
[2022-08-23 00:29:22,423] {processor.py:651} INFO - DAG(s) dict_keys(['example_short_circuit_operator']) retrieved from /home/osboxes/.local/lib/python3.8/site-packages/airflow/example_dags/example_short_circuit_operator.py
[2022-08-23 00:29:22,440] {logging_mixin.py:115} INFO - [2022-08-23 00:29:22,440] {dag.py:2371} INFO - Sync 1 DAGs
[2022-08-23 00:29:22,453] {logging_mixin.py:115} INFO - [2022-08-23 00:29:22,453] {dag.py:2915} INFO - Setting next_dagrun for example_short_circuit_operator to 2022-08-22T04:29:22.452943+00:00, run_after=2022-08-23T04:29:22.452943+00:00
[2022-08-23 00:29:22,480] {processor.py:161} INFO - Processing /home/osboxes/.local/lib/python3.8/site-packages/airflow/example_dags/example_short_circuit_operator.py took 0.068 seconds
[2022-08-23 00:30:03,559] {processor.py:153} INFO - Started process (PID=190669) to work on /home/osboxes/.local/lib/python3.8/site-packages/airflow/example_dags/example_short_circuit_operator.py
[2022-08-23 00:30:03,560] {processor.py:641} INFO - Processing file /home/osboxes/.local/lib/python3.8/site-packages/airflow/example_dags/example_short_circuit_operator.py for tasks to queue
[2022-08-23 00:30:03,560] {logging_mixin.py:115} INFO - [2022-08-23 00:30:03,560] {dagbag.py:507} INFO - Filling up the DagBag from /home/osboxes/.local/lib/python3.8/site-packages/airflow/example_dags/example_short_circuit_operator.py
[2022-08-23 00:30:03,568] {processor.py:651} INFO - DAG(s) dict_keys(['example_short_circuit_operator']) retrieved from /home/osboxes/.local/lib/python3.8/site-packages/airflow/example_dags/example_short_circuit_operator.py
[2022-08-23 00:30:03,584] {logging_mixin.py:115} INFO - [2022-08-23 00:30:03,584] {dag.py:2371} INFO - Sync 1 DAGs
[2022-08-23 00:30:03,596] {logging_mixin.py:115} INFO - [2022-08-23 00:30:03,596] {dag.py:2915} INFO - Setting next_dagrun for example_short_circuit_operator to 2022-08-22T04:30:03.596353+00:00, run_after=2022-08-23T04:30:03.596353+00:00
[2022-08-23 00:30:03,624] {processor.py:161} INFO - Processing /home/osboxes/.local/lib/python3.8/site-packages/airflow/example_dags/example_short_circuit_operator.py took 0.069 seconds
[2022-08-23 00:30:47,966] {processor.py:153} INFO - Started process (PID=191049) to work on /home/osboxes/.local/lib/python3.8/site-packages/airflow/example_dags/example_short_circuit_operator.py
[2022-08-23 00:30:47,968] {processor.py:641} INFO - Processing file /home/osboxes/.local/lib/python3.8/site-packages/airflow/example_dags/example_short_circuit_operator.py for tasks to queue
[2022-08-23 00:30:47,968] {logging_mixin.py:115} INFO - [2022-08-23 00:30:47,968] {dagbag.py:507} INFO - Filling up the DagBag from /home/osboxes/.local/lib/python3.8/site-packages/airflow/example_dags/example_short_circuit_operator.py
[2022-08-23 00:30:47,975] {processor.py:651} INFO - DAG(s) dict_keys(['example_short_circuit_operator']) retrieved from /home/osboxes/.local/lib/python3.8/site-packages/airflow/example_dags/example_short_circuit_operator.py
[2022-08-23 00:30:47,992] {logging_mixin.py:115} INFO - [2022-08-23 00:30:47,992] {dag.py:2371} INFO - Sync 1 DAGs
[2022-08-23 00:30:48,004] {logging_mixin.py:115} INFO - [2022-08-23 00:30:48,004] {dag.py:2915} INFO - Setting next_dagrun for example_short_circuit_operator to 2022-08-22T04:30:48.004624+00:00, run_after=2022-08-23T04:30:48.004624+00:00
[2022-08-23 00:30:48,043] {processor.py:161} INFO - Processing /home/osboxes/.local/lib/python3.8/site-packages/airflow/example_dags/example_short_circuit_operator.py took 0.079 seconds
[2022-08-23 00:31:43,591] {processor.py:153} INFO - Started process (PID=191513) to work on /home/osboxes/.local/lib/python3.8/site-packages/airflow/example_dags/example_short_circuit_operator.py
[2022-08-23 00:31:43,594] {processor.py:641} INFO - Processing file /home/osboxes/.local/lib/python3.8/site-packages/airflow/example_dags/example_short_circuit_operator.py for tasks to queue
[2022-08-23 00:31:43,594] {logging_mixin.py:115} INFO - [2022-08-23 00:31:43,594] {dagbag.py:507} INFO - Filling up the DagBag from /home/osboxes/.local/lib/python3.8/site-packages/airflow/example_dags/example_short_circuit_operator.py
[2022-08-23 00:31:43,601] {processor.py:651} INFO - DAG(s) dict_keys(['example_short_circuit_operator']) retrieved from /home/osboxes/.local/lib/python3.8/site-packages/airflow/example_dags/example_short_circuit_operator.py
[2022-08-23 00:31:43,620] {logging_mixin.py:115} INFO - [2022-08-23 00:31:43,620] {dag.py:2371} INFO - Sync 1 DAGs
[2022-08-23 00:31:43,634] {logging_mixin.py:115} INFO - [2022-08-23 00:31:43,633] {dag.py:2915} INFO - Setting next_dagrun for example_short_circuit_operator to 2022-08-22T04:31:43.633729+00:00, run_after=2022-08-23T04:31:43.633729+00:00
[2022-08-23 00:31:43,665] {processor.py:161} INFO - Processing /home/osboxes/.local/lib/python3.8/site-packages/airflow/example_dags/example_short_circuit_operator.py took 0.076 seconds
[2022-08-23 00:32:38,463] {processor.py:153} INFO - Started process (PID=191957) to work on /home/osboxes/.local/lib/python3.8/site-packages/airflow/example_dags/example_short_circuit_operator.py
[2022-08-23 00:32:38,465] {processor.py:641} INFO - Processing file /home/osboxes/.local/lib/python3.8/site-packages/airflow/example_dags/example_short_circuit_operator.py for tasks to queue
[2022-08-23 00:32:38,466] {logging_mixin.py:115} INFO - [2022-08-23 00:32:38,466] {dagbag.py:507} INFO - Filling up the DagBag from /home/osboxes/.local/lib/python3.8/site-packages/airflow/example_dags/example_short_circuit_operator.py
[2022-08-23 00:32:38,472] {processor.py:651} INFO - DAG(s) dict_keys(['example_short_circuit_operator']) retrieved from /home/osboxes/.local/lib/python3.8/site-packages/airflow/example_dags/example_short_circuit_operator.py
[2022-08-23 00:32:38,490] {logging_mixin.py:115} INFO - [2022-08-23 00:32:38,489] {dag.py:2371} INFO - Sync 1 DAGs
[2022-08-23 00:32:38,505] {logging_mixin.py:115} INFO - [2022-08-23 00:32:38,504] {dag.py:2915} INFO - Setting next_dagrun for example_short_circuit_operator to 2022-08-22T04:32:38.504789+00:00, run_after=2022-08-23T04:32:38.504789+00:00
[2022-08-23 00:32:38,536] {processor.py:161} INFO - Processing /home/osboxes/.local/lib/python3.8/site-packages/airflow/example_dags/example_short_circuit_operator.py took 0.076 seconds
[2022-08-23 00:33:33,240] {processor.py:153} INFO - Started process (PID=192473) to work on /home/osboxes/.local/lib/python3.8/site-packages/airflow/example_dags/example_short_circuit_operator.py
[2022-08-23 00:33:33,250] {processor.py:641} INFO - Processing file /home/osboxes/.local/lib/python3.8/site-packages/airflow/example_dags/example_short_circuit_operator.py for tasks to queue
[2022-08-23 00:33:33,251] {logging_mixin.py:115} INFO - [2022-08-23 00:33:33,251] {dagbag.py:507} INFO - Filling up the DagBag from /home/osboxes/.local/lib/python3.8/site-packages/airflow/example_dags/example_short_circuit_operator.py
[2022-08-23 00:33:33,271] {processor.py:651} INFO - DAG(s) dict_keys(['example_short_circuit_operator']) retrieved from /home/osboxes/.local/lib/python3.8/site-packages/airflow/example_dags/example_short_circuit_operator.py
[2022-08-23 00:33:33,291] {logging_mixin.py:115} INFO - [2022-08-23 00:33:33,291] {dag.py:2371} INFO - Sync 1 DAGs
[2022-08-23 00:33:33,305] {logging_mixin.py:115} INFO - [2022-08-23 00:33:33,305] {dag.py:2915} INFO - Setting next_dagrun for example_short_circuit_operator to 2022-08-22T04:33:33.305015+00:00, run_after=2022-08-23T04:33:33.305015+00:00
[2022-08-23 00:33:33,347] {processor.py:161} INFO - Processing /home/osboxes/.local/lib/python3.8/site-packages/airflow/example_dags/example_short_circuit_operator.py took 0.109 seconds
[2022-08-23 00:34:22,689] {processor.py:153} INFO - Started process (PID=192853) to work on /home/osboxes/.local/lib/python3.8/site-packages/airflow/example_dags/example_short_circuit_operator.py
[2022-08-23 00:34:22,691] {processor.py:641} INFO - Processing file /home/osboxes/.local/lib/python3.8/site-packages/airflow/example_dags/example_short_circuit_operator.py for tasks to queue
[2022-08-23 00:34:22,691] {logging_mixin.py:115} INFO - [2022-08-23 00:34:22,691] {dagbag.py:507} INFO - Filling up the DagBag from /home/osboxes/.local/lib/python3.8/site-packages/airflow/example_dags/example_short_circuit_operator.py
[2022-08-23 00:34:22,698] {processor.py:651} INFO - DAG(s) dict_keys(['example_short_circuit_operator']) retrieved from /home/osboxes/.local/lib/python3.8/site-packages/airflow/example_dags/example_short_circuit_operator.py
[2022-08-23 00:34:22,716] {logging_mixin.py:115} INFO - [2022-08-23 00:34:22,716] {dag.py:2371} INFO - Sync 1 DAGs
[2022-08-23 00:34:22,729] {logging_mixin.py:115} INFO - [2022-08-23 00:34:22,729] {dag.py:2915} INFO - Setting next_dagrun for example_short_circuit_operator to 2022-08-22T04:34:22.728905+00:00, run_after=2022-08-23T04:34:22.728905+00:00
[2022-08-23 00:34:22,771] {processor.py:161} INFO - Processing /home/osboxes/.local/lib/python3.8/site-packages/airflow/example_dags/example_short_circuit_operator.py took 0.085 seconds
[2022-08-23 00:35:01,274] {processor.py:153} INFO - Started process (PID=193208) to work on /home/osboxes/.local/lib/python3.8/site-packages/airflow/example_dags/example_short_circuit_operator.py
[2022-08-23 00:35:01,278] {processor.py:641} INFO - Processing file /home/osboxes/.local/lib/python3.8/site-packages/airflow/example_dags/example_short_circuit_operator.py for tasks to queue
[2022-08-23 00:35:01,278] {logging_mixin.py:115} INFO - [2022-08-23 00:35:01,278] {dagbag.py:507} INFO - Filling up the DagBag from /home/osboxes/.local/lib/python3.8/site-packages/airflow/example_dags/example_short_circuit_operator.py
[2022-08-23 00:35:01,286] {processor.py:651} INFO - DAG(s) dict_keys(['example_short_circuit_operator']) retrieved from /home/osboxes/.local/lib/python3.8/site-packages/airflow/example_dags/example_short_circuit_operator.py
[2022-08-23 00:35:01,307] {logging_mixin.py:115} INFO - [2022-08-23 00:35:01,307] {dag.py:2371} INFO - Sync 1 DAGs
[2022-08-23 00:35:01,326] {logging_mixin.py:115} INFO - [2022-08-23 00:35:01,325] {dag.py:2915} INFO - Setting next_dagrun for example_short_circuit_operator to 2022-08-22T04:35:01.325652+00:00, run_after=2022-08-23T04:35:01.325652+00:00
[2022-08-23 00:35:01,357] {processor.py:161} INFO - Processing /home/osboxes/.local/lib/python3.8/site-packages/airflow/example_dags/example_short_circuit_operator.py took 0.085 seconds
[2022-08-23 00:35:45,761] {processor.py:153} INFO - Started process (PID=193595) to work on /home/osboxes/.local/lib/python3.8/site-packages/airflow/example_dags/example_short_circuit_operator.py
[2022-08-23 00:35:45,763] {processor.py:641} INFO - Processing file /home/osboxes/.local/lib/python3.8/site-packages/airflow/example_dags/example_short_circuit_operator.py for tasks to queue
[2022-08-23 00:35:45,764] {logging_mixin.py:115} INFO - [2022-08-23 00:35:45,764] {dagbag.py:507} INFO - Filling up the DagBag from /home/osboxes/.local/lib/python3.8/site-packages/airflow/example_dags/example_short_circuit_operator.py
[2022-08-23 00:35:45,779] {processor.py:651} INFO - DAG(s) dict_keys(['example_short_circuit_operator']) retrieved from /home/osboxes/.local/lib/python3.8/site-packages/airflow/example_dags/example_short_circuit_operator.py
[2022-08-23 00:35:45,816] {logging_mixin.py:115} INFO - [2022-08-23 00:35:45,815] {dag.py:2371} INFO - Sync 1 DAGs
[2022-08-23 00:35:45,842] {logging_mixin.py:115} INFO - [2022-08-23 00:35:45,842] {dag.py:2915} INFO - Setting next_dagrun for example_short_circuit_operator to 2022-08-22T04:35:45.841898+00:00, run_after=2022-08-23T04:35:45.841898+00:00
[2022-08-23 00:35:45,878] {processor.py:161} INFO - Processing /home/osboxes/.local/lib/python3.8/site-packages/airflow/example_dags/example_short_circuit_operator.py took 0.124 seconds
