[2022-08-23 00:07:22,087] {processor.py:153} INFO - Started process (PID=179465) to work on /home/osboxes/.local/lib/python3.8/site-packages/airflow/example_dags/example_subdag_operator.py
[2022-08-23 00:07:22,089] {processor.py:641} INFO - Processing file /home/osboxes/.local/lib/python3.8/site-packages/airflow/example_dags/example_subdag_operator.py for tasks to queue
[2022-08-23 00:07:22,089] {logging_mixin.py:115} INFO - [2022-08-23 00:07:22,089] {dagbag.py:507} INFO - Filling up the DagBag from /home/osboxes/.local/lib/python3.8/site-packages/airflow/example_dags/example_subdag_operator.py
[2022-08-23 00:07:22,171] {processor.py:651} INFO - DAG(s) dict_keys(['example_subdag_operator.section-1', 'example_subdag_operator.section-2', 'example_subdag_operator']) retrieved from /home/osboxes/.local/lib/python3.8/site-packages/airflow/example_dags/example_subdag_operator.py
[2022-08-23 00:07:22,332] {logging_mixin.py:115} INFO - [2022-08-23 00:07:22,332] {dag.py:2371} INFO - Sync 3 DAGs
[2022-08-23 00:07:22,350] {logging_mixin.py:115} INFO - [2022-08-23 00:07:22,350] {dag.py:2915} INFO - Setting next_dagrun for example_subdag_operator to 2022-08-21T00:00:00+00:00, run_after=2022-08-21T00:00:00+00:00
[2022-08-23 00:07:22,351] {logging_mixin.py:115} INFO - [2022-08-23 00:07:22,351] {dag.py:2915} INFO - Setting next_dagrun for example_subdag_operator.section-1 to None, run_after=None
[2022-08-23 00:07:22,351] {logging_mixin.py:115} INFO - [2022-08-23 00:07:22,351] {dag.py:2915} INFO - Setting next_dagrun for example_subdag_operator.section-2 to None, run_after=None
[2022-08-23 00:07:22,359] {logging_mixin.py:115} INFO - [2022-08-23 00:07:22,359] {dag.py:2371} INFO - Sync 2 DAGs
[2022-08-23 00:07:22,365] {logging_mixin.py:115} INFO - [2022-08-23 00:07:22,365] {dag.py:2915} INFO - Setting next_dagrun for example_subdag_operator.section-1 to None, run_after=None
[2022-08-23 00:07:22,365] {logging_mixin.py:115} INFO - [2022-08-23 00:07:22,365] {dag.py:2915} INFO - Setting next_dagrun for example_subdag_operator.section-2 to None, run_after=None
[2022-08-23 00:07:22,393] {processor.py:161} INFO - Processing /home/osboxes/.local/lib/python3.8/site-packages/airflow/example_dags/example_subdag_operator.py took 0.341 seconds
[2022-08-23 00:08:04,382] {processor.py:153} INFO - Started process (PID=179791) to work on /home/osboxes/.local/lib/python3.8/site-packages/airflow/example_dags/example_subdag_operator.py
[2022-08-23 00:08:04,383] {processor.py:641} INFO - Processing file /home/osboxes/.local/lib/python3.8/site-packages/airflow/example_dags/example_subdag_operator.py for tasks to queue
[2022-08-23 00:08:04,384] {logging_mixin.py:115} INFO - [2022-08-23 00:08:04,384] {dagbag.py:507} INFO - Filling up the DagBag from /home/osboxes/.local/lib/python3.8/site-packages/airflow/example_dags/example_subdag_operator.py
[2022-08-23 00:08:04,402] {processor.py:651} INFO - DAG(s) dict_keys(['example_subdag_operator.section-1', 'example_subdag_operator.section-2', 'example_subdag_operator']) retrieved from /home/osboxes/.local/lib/python3.8/site-packages/airflow/example_dags/example_subdag_operator.py
[2022-08-23 00:08:04,431] {logging_mixin.py:115} INFO - [2022-08-23 00:08:04,431] {dag.py:2371} INFO - Sync 3 DAGs
[2022-08-23 00:08:04,447] {logging_mixin.py:115} INFO - [2022-08-23 00:08:04,447] {dag.py:2915} INFO - Setting next_dagrun for example_subdag_operator to 2022-08-21T00:00:00+00:00, run_after=2022-08-21T00:00:00+00:00
[2022-08-23 00:08:04,448] {logging_mixin.py:115} INFO - [2022-08-23 00:08:04,448] {dag.py:2915} INFO - Setting next_dagrun for example_subdag_operator.section-1 to None, run_after=None
[2022-08-23 00:08:04,448] {logging_mixin.py:115} INFO - [2022-08-23 00:08:04,448] {dag.py:2915} INFO - Setting next_dagrun for example_subdag_operator.section-2 to None, run_after=None
[2022-08-23 00:08:04,452] {logging_mixin.py:115} INFO - [2022-08-23 00:08:04,452] {dag.py:2371} INFO - Sync 2 DAGs
[2022-08-23 00:08:04,457] {logging_mixin.py:115} INFO - [2022-08-23 00:08:04,457] {dag.py:2915} INFO - Setting next_dagrun for example_subdag_operator.section-1 to None, run_after=None
[2022-08-23 00:08:04,457] {logging_mixin.py:115} INFO - [2022-08-23 00:08:04,457] {dag.py:2915} INFO - Setting next_dagrun for example_subdag_operator.section-2 to None, run_after=None
[2022-08-23 00:08:04,481] {processor.py:161} INFO - Processing /home/osboxes/.local/lib/python3.8/site-packages/airflow/example_dags/example_subdag_operator.py took 0.102 seconds
[2022-08-23 00:08:43,946] {processor.py:153} INFO - Started process (PID=180124) to work on /home/osboxes/.local/lib/python3.8/site-packages/airflow/example_dags/example_subdag_operator.py
[2022-08-23 00:08:43,948] {processor.py:641} INFO - Processing file /home/osboxes/.local/lib/python3.8/site-packages/airflow/example_dags/example_subdag_operator.py for tasks to queue
[2022-08-23 00:08:43,949] {logging_mixin.py:115} INFO - [2022-08-23 00:08:43,949] {dagbag.py:507} INFO - Filling up the DagBag from /home/osboxes/.local/lib/python3.8/site-packages/airflow/example_dags/example_subdag_operator.py
[2022-08-23 00:08:43,966] {processor.py:651} INFO - DAG(s) dict_keys(['example_subdag_operator.section-1', 'example_subdag_operator.section-2', 'example_subdag_operator']) retrieved from /home/osboxes/.local/lib/python3.8/site-packages/airflow/example_dags/example_subdag_operator.py
[2022-08-23 00:08:43,993] {logging_mixin.py:115} INFO - [2022-08-23 00:08:43,993] {dag.py:2371} INFO - Sync 3 DAGs
[2022-08-23 00:08:44,007] {logging_mixin.py:115} INFO - [2022-08-23 00:08:44,007] {dag.py:2915} INFO - Setting next_dagrun for example_subdag_operator to 2022-08-21T00:00:00+00:00, run_after=2022-08-21T00:00:00+00:00
[2022-08-23 00:08:44,008] {logging_mixin.py:115} INFO - [2022-08-23 00:08:44,008] {dag.py:2915} INFO - Setting next_dagrun for example_subdag_operator.section-1 to None, run_after=None
[2022-08-23 00:08:44,008] {logging_mixin.py:115} INFO - [2022-08-23 00:08:44,008] {dag.py:2915} INFO - Setting next_dagrun for example_subdag_operator.section-2 to None, run_after=None
[2022-08-23 00:08:44,012] {logging_mixin.py:115} INFO - [2022-08-23 00:08:44,012] {dag.py:2371} INFO - Sync 2 DAGs
[2022-08-23 00:08:44,018] {logging_mixin.py:115} INFO - [2022-08-23 00:08:44,018] {dag.py:2915} INFO - Setting next_dagrun for example_subdag_operator.section-1 to None, run_after=None
[2022-08-23 00:08:44,018] {logging_mixin.py:115} INFO - [2022-08-23 00:08:44,018] {dag.py:2915} INFO - Setting next_dagrun for example_subdag_operator.section-2 to None, run_after=None
[2022-08-23 00:08:44,042] {processor.py:161} INFO - Processing /home/osboxes/.local/lib/python3.8/site-packages/airflow/example_dags/example_subdag_operator.py took 0.098 seconds
[2022-08-23 00:09:22,568] {processor.py:153} INFO - Started process (PID=180429) to work on /home/osboxes/.local/lib/python3.8/site-packages/airflow/example_dags/example_subdag_operator.py
[2022-08-23 00:09:22,570] {processor.py:641} INFO - Processing file /home/osboxes/.local/lib/python3.8/site-packages/airflow/example_dags/example_subdag_operator.py for tasks to queue
[2022-08-23 00:09:22,570] {logging_mixin.py:115} INFO - [2022-08-23 00:09:22,570] {dagbag.py:507} INFO - Filling up the DagBag from /home/osboxes/.local/lib/python3.8/site-packages/airflow/example_dags/example_subdag_operator.py
[2022-08-23 00:09:22,590] {processor.py:651} INFO - DAG(s) dict_keys(['example_subdag_operator.section-1', 'example_subdag_operator.section-2', 'example_subdag_operator']) retrieved from /home/osboxes/.local/lib/python3.8/site-packages/airflow/example_dags/example_subdag_operator.py
[2022-08-23 00:09:22,615] {logging_mixin.py:115} INFO - [2022-08-23 00:09:22,615] {dag.py:2371} INFO - Sync 3 DAGs
[2022-08-23 00:09:22,629] {logging_mixin.py:115} INFO - [2022-08-23 00:09:22,629] {dag.py:2915} INFO - Setting next_dagrun for example_subdag_operator to 2022-08-21T00:00:00+00:00, run_after=2022-08-21T00:00:00+00:00
[2022-08-23 00:09:22,630] {logging_mixin.py:115} INFO - [2022-08-23 00:09:22,630] {dag.py:2915} INFO - Setting next_dagrun for example_subdag_operator.section-1 to None, run_after=None
[2022-08-23 00:09:22,630] {logging_mixin.py:115} INFO - [2022-08-23 00:09:22,630] {dag.py:2915} INFO - Setting next_dagrun for example_subdag_operator.section-2 to None, run_after=None
[2022-08-23 00:09:22,635] {logging_mixin.py:115} INFO - [2022-08-23 00:09:22,635] {dag.py:2371} INFO - Sync 2 DAGs
[2022-08-23 00:09:22,642] {logging_mixin.py:115} INFO - [2022-08-23 00:09:22,642] {dag.py:2915} INFO - Setting next_dagrun for example_subdag_operator.section-1 to None, run_after=None
[2022-08-23 00:09:22,643] {logging_mixin.py:115} INFO - [2022-08-23 00:09:22,642] {dag.py:2915} INFO - Setting next_dagrun for example_subdag_operator.section-2 to None, run_after=None
[2022-08-23 00:09:22,675] {processor.py:161} INFO - Processing /home/osboxes/.local/lib/python3.8/site-packages/airflow/example_dags/example_subdag_operator.py took 0.111 seconds
[2022-08-23 00:10:00,042] {processor.py:153} INFO - Started process (PID=180731) to work on /home/osboxes/.local/lib/python3.8/site-packages/airflow/example_dags/example_subdag_operator.py
[2022-08-23 00:10:00,045] {processor.py:641} INFO - Processing file /home/osboxes/.local/lib/python3.8/site-packages/airflow/example_dags/example_subdag_operator.py for tasks to queue
[2022-08-23 00:10:00,050] {logging_mixin.py:115} INFO - [2022-08-23 00:10:00,046] {dagbag.py:507} INFO - Filling up the DagBag from /home/osboxes/.local/lib/python3.8/site-packages/airflow/example_dags/example_subdag_operator.py
[2022-08-23 00:10:00,111] {processor.py:651} INFO - DAG(s) dict_keys(['example_subdag_operator.section-1', 'example_subdag_operator.section-2', 'example_subdag_operator']) retrieved from /home/osboxes/.local/lib/python3.8/site-packages/airflow/example_dags/example_subdag_operator.py
[2022-08-23 00:10:00,169] {logging_mixin.py:115} INFO - [2022-08-23 00:10:00,169] {dag.py:2371} INFO - Sync 3 DAGs
[2022-08-23 00:10:00,198] {logging_mixin.py:115} INFO - [2022-08-23 00:10:00,198] {dag.py:2915} INFO - Setting next_dagrun for example_subdag_operator to 2022-08-21T00:00:00+00:00, run_after=2022-08-21T00:00:00+00:00
[2022-08-23 00:10:00,199] {logging_mixin.py:115} INFO - [2022-08-23 00:10:00,199] {dag.py:2915} INFO - Setting next_dagrun for example_subdag_operator.section-1 to None, run_after=None
[2022-08-23 00:10:00,200] {logging_mixin.py:115} INFO - [2022-08-23 00:10:00,200] {dag.py:2915} INFO - Setting next_dagrun for example_subdag_operator.section-2 to None, run_after=None
[2022-08-23 00:10:00,226] {logging_mixin.py:115} INFO - [2022-08-23 00:10:00,226] {dag.py:2371} INFO - Sync 2 DAGs
[2022-08-23 00:10:00,238] {logging_mixin.py:115} INFO - [2022-08-23 00:10:00,238] {dag.py:2915} INFO - Setting next_dagrun for example_subdag_operator.section-1 to None, run_after=None
[2022-08-23 00:10:00,239] {logging_mixin.py:115} INFO - [2022-08-23 00:10:00,239] {dag.py:2915} INFO - Setting next_dagrun for example_subdag_operator.section-2 to None, run_after=None
[2022-08-23 00:10:00,279] {processor.py:161} INFO - Processing /home/osboxes/.local/lib/python3.8/site-packages/airflow/example_dags/example_subdag_operator.py took 0.272 seconds
[2022-08-23 00:10:50,378] {processor.py:153} INFO - Started process (PID=181162) to work on /home/osboxes/.local/lib/python3.8/site-packages/airflow/example_dags/example_subdag_operator.py
[2022-08-23 00:10:50,379] {processor.py:641} INFO - Processing file /home/osboxes/.local/lib/python3.8/site-packages/airflow/example_dags/example_subdag_operator.py for tasks to queue
[2022-08-23 00:10:50,380] {logging_mixin.py:115} INFO - [2022-08-23 00:10:50,380] {dagbag.py:507} INFO - Filling up the DagBag from /home/osboxes/.local/lib/python3.8/site-packages/airflow/example_dags/example_subdag_operator.py
[2022-08-23 00:10:50,405] {processor.py:651} INFO - DAG(s) dict_keys(['example_subdag_operator.section-1', 'example_subdag_operator.section-2', 'example_subdag_operator']) retrieved from /home/osboxes/.local/lib/python3.8/site-packages/airflow/example_dags/example_subdag_operator.py
[2022-08-23 00:10:50,454] {logging_mixin.py:115} INFO - [2022-08-23 00:10:50,454] {dag.py:2371} INFO - Sync 3 DAGs
[2022-08-23 00:10:50,478] {logging_mixin.py:115} INFO - [2022-08-23 00:10:50,477] {dag.py:2915} INFO - Setting next_dagrun for example_subdag_operator to 2022-08-21T00:00:00+00:00, run_after=2022-08-21T00:00:00+00:00
[2022-08-23 00:10:50,478] {logging_mixin.py:115} INFO - [2022-08-23 00:10:50,478] {dag.py:2915} INFO - Setting next_dagrun for example_subdag_operator.section-1 to None, run_after=None
[2022-08-23 00:10:50,479] {logging_mixin.py:115} INFO - [2022-08-23 00:10:50,479] {dag.py:2915} INFO - Setting next_dagrun for example_subdag_operator.section-2 to None, run_after=None
[2022-08-23 00:10:50,486] {logging_mixin.py:115} INFO - [2022-08-23 00:10:50,486] {dag.py:2371} INFO - Sync 2 DAGs
[2022-08-23 00:10:50,494] {logging_mixin.py:115} INFO - [2022-08-23 00:10:50,494] {dag.py:2915} INFO - Setting next_dagrun for example_subdag_operator.section-1 to None, run_after=None
[2022-08-23 00:10:50,494] {logging_mixin.py:115} INFO - [2022-08-23 00:10:50,494] {dag.py:2915} INFO - Setting next_dagrun for example_subdag_operator.section-2 to None, run_after=None
[2022-08-23 00:10:50,529] {processor.py:161} INFO - Processing /home/osboxes/.local/lib/python3.8/site-packages/airflow/example_dags/example_subdag_operator.py took 0.154 seconds
[2022-08-23 00:11:39,668] {processor.py:153} INFO - Started process (PID=181660) to work on /home/osboxes/.local/lib/python3.8/site-packages/airflow/example_dags/example_subdag_operator.py
[2022-08-23 00:11:39,678] {processor.py:641} INFO - Processing file /home/osboxes/.local/lib/python3.8/site-packages/airflow/example_dags/example_subdag_operator.py for tasks to queue
[2022-08-23 00:11:39,679] {logging_mixin.py:115} INFO - [2022-08-23 00:11:39,678] {dagbag.py:507} INFO - Filling up the DagBag from /home/osboxes/.local/lib/python3.8/site-packages/airflow/example_dags/example_subdag_operator.py
[2022-08-23 00:11:39,696] {processor.py:651} INFO - DAG(s) dict_keys(['example_subdag_operator.section-1', 'example_subdag_operator.section-2', 'example_subdag_operator']) retrieved from /home/osboxes/.local/lib/python3.8/site-packages/airflow/example_dags/example_subdag_operator.py
[2022-08-23 00:11:39,738] {logging_mixin.py:115} INFO - [2022-08-23 00:11:39,738] {dag.py:2371} INFO - Sync 3 DAGs
[2022-08-23 00:11:39,752] {logging_mixin.py:115} INFO - [2022-08-23 00:11:39,752] {dag.py:2915} INFO - Setting next_dagrun for example_subdag_operator to 2022-08-21T00:00:00+00:00, run_after=2022-08-21T00:00:00+00:00
[2022-08-23 00:11:39,752] {logging_mixin.py:115} INFO - [2022-08-23 00:11:39,752] {dag.py:2915} INFO - Setting next_dagrun for example_subdag_operator.section-1 to None, run_after=None
[2022-08-23 00:11:39,752] {logging_mixin.py:115} INFO - [2022-08-23 00:11:39,752] {dag.py:2915} INFO - Setting next_dagrun for example_subdag_operator.section-2 to None, run_after=None
[2022-08-23 00:11:39,757] {logging_mixin.py:115} INFO - [2022-08-23 00:11:39,757] {dag.py:2371} INFO - Sync 2 DAGs
[2022-08-23 00:11:39,761] {logging_mixin.py:115} INFO - [2022-08-23 00:11:39,761] {dag.py:2915} INFO - Setting next_dagrun for example_subdag_operator.section-1 to None, run_after=None
[2022-08-23 00:11:39,761] {logging_mixin.py:115} INFO - [2022-08-23 00:11:39,761] {dag.py:2915} INFO - Setting next_dagrun for example_subdag_operator.section-2 to None, run_after=None
[2022-08-23 00:11:39,795] {processor.py:161} INFO - Processing /home/osboxes/.local/lib/python3.8/site-packages/airflow/example_dags/example_subdag_operator.py took 0.130 seconds
[2022-08-23 00:12:21,959] {processor.py:153} INFO - Started process (PID=181998) to work on /home/osboxes/.local/lib/python3.8/site-packages/airflow/example_dags/example_subdag_operator.py
[2022-08-23 00:12:21,961] {processor.py:641} INFO - Processing file /home/osboxes/.local/lib/python3.8/site-packages/airflow/example_dags/example_subdag_operator.py for tasks to queue
[2022-08-23 00:12:21,961] {logging_mixin.py:115} INFO - [2022-08-23 00:12:21,961] {dagbag.py:507} INFO - Filling up the DagBag from /home/osboxes/.local/lib/python3.8/site-packages/airflow/example_dags/example_subdag_operator.py
[2022-08-23 00:12:21,980] {processor.py:651} INFO - DAG(s) dict_keys(['example_subdag_operator.section-1', 'example_subdag_operator.section-2', 'example_subdag_operator']) retrieved from /home/osboxes/.local/lib/python3.8/site-packages/airflow/example_dags/example_subdag_operator.py
[2022-08-23 00:12:22,004] {logging_mixin.py:115} INFO - [2022-08-23 00:12:22,004] {dag.py:2371} INFO - Sync 3 DAGs
[2022-08-23 00:12:22,017] {logging_mixin.py:115} INFO - [2022-08-23 00:12:22,017] {dag.py:2915} INFO - Setting next_dagrun for example_subdag_operator to 2022-08-21T00:00:00+00:00, run_after=2022-08-21T00:00:00+00:00
[2022-08-23 00:12:22,018] {logging_mixin.py:115} INFO - [2022-08-23 00:12:22,018] {dag.py:2915} INFO - Setting next_dagrun for example_subdag_operator.section-1 to None, run_after=None
[2022-08-23 00:12:22,018] {logging_mixin.py:115} INFO - [2022-08-23 00:12:22,018] {dag.py:2915} INFO - Setting next_dagrun for example_subdag_operator.section-2 to None, run_after=None
[2022-08-23 00:12:22,022] {logging_mixin.py:115} INFO - [2022-08-23 00:12:22,022] {dag.py:2371} INFO - Sync 2 DAGs
[2022-08-23 00:12:22,026] {logging_mixin.py:115} INFO - [2022-08-23 00:12:22,026] {dag.py:2915} INFO - Setting next_dagrun for example_subdag_operator.section-1 to None, run_after=None
[2022-08-23 00:12:22,027] {logging_mixin.py:115} INFO - [2022-08-23 00:12:22,027] {dag.py:2915} INFO - Setting next_dagrun for example_subdag_operator.section-2 to None, run_after=None
[2022-08-23 00:12:22,055] {processor.py:161} INFO - Processing /home/osboxes/.local/lib/python3.8/site-packages/airflow/example_dags/example_subdag_operator.py took 0.099 seconds
[2022-08-23 00:13:05,652] {processor.py:153} INFO - Started process (PID=182328) to work on /home/osboxes/.local/lib/python3.8/site-packages/airflow/example_dags/example_subdag_operator.py
[2022-08-23 00:13:05,655] {processor.py:641} INFO - Processing file /home/osboxes/.local/lib/python3.8/site-packages/airflow/example_dags/example_subdag_operator.py for tasks to queue
[2022-08-23 00:13:05,656] {logging_mixin.py:115} INFO - [2022-08-23 00:13:05,656] {dagbag.py:507} INFO - Filling up the DagBag from /home/osboxes/.local/lib/python3.8/site-packages/airflow/example_dags/example_subdag_operator.py
[2022-08-23 00:13:05,673] {processor.py:651} INFO - DAG(s) dict_keys(['example_subdag_operator.section-1', 'example_subdag_operator.section-2', 'example_subdag_operator']) retrieved from /home/osboxes/.local/lib/python3.8/site-packages/airflow/example_dags/example_subdag_operator.py
[2022-08-23 00:13:05,698] {logging_mixin.py:115} INFO - [2022-08-23 00:13:05,698] {dag.py:2371} INFO - Sync 3 DAGs
[2022-08-23 00:13:05,711] {logging_mixin.py:115} INFO - [2022-08-23 00:13:05,711] {dag.py:2915} INFO - Setting next_dagrun for example_subdag_operator to 2022-08-21T00:00:00+00:00, run_after=2022-08-21T00:00:00+00:00
[2022-08-23 00:13:05,712] {logging_mixin.py:115} INFO - [2022-08-23 00:13:05,712] {dag.py:2915} INFO - Setting next_dagrun for example_subdag_operator.section-1 to None, run_after=None
[2022-08-23 00:13:05,712] {logging_mixin.py:115} INFO - [2022-08-23 00:13:05,712] {dag.py:2915} INFO - Setting next_dagrun for example_subdag_operator.section-2 to None, run_after=None
[2022-08-23 00:13:05,717] {logging_mixin.py:115} INFO - [2022-08-23 00:13:05,717] {dag.py:2371} INFO - Sync 2 DAGs
[2022-08-23 00:13:05,721] {logging_mixin.py:115} INFO - [2022-08-23 00:13:05,721] {dag.py:2915} INFO - Setting next_dagrun for example_subdag_operator.section-1 to None, run_after=None
[2022-08-23 00:13:05,721] {logging_mixin.py:115} INFO - [2022-08-23 00:13:05,721] {dag.py:2915} INFO - Setting next_dagrun for example_subdag_operator.section-2 to None, run_after=None
[2022-08-23 00:13:05,749] {processor.py:161} INFO - Processing /home/osboxes/.local/lib/python3.8/site-packages/airflow/example_dags/example_subdag_operator.py took 0.101 seconds
[2022-08-23 00:13:41,931] {processor.py:153} INFO - Started process (PID=182618) to work on /home/osboxes/.local/lib/python3.8/site-packages/airflow/example_dags/example_subdag_operator.py
[2022-08-23 00:13:41,933] {processor.py:641} INFO - Processing file /home/osboxes/.local/lib/python3.8/site-packages/airflow/example_dags/example_subdag_operator.py for tasks to queue
[2022-08-23 00:13:41,934] {logging_mixin.py:115} INFO - [2022-08-23 00:13:41,934] {dagbag.py:507} INFO - Filling up the DagBag from /home/osboxes/.local/lib/python3.8/site-packages/airflow/example_dags/example_subdag_operator.py
[2022-08-23 00:13:41,951] {processor.py:651} INFO - DAG(s) dict_keys(['example_subdag_operator.section-1', 'example_subdag_operator.section-2', 'example_subdag_operator']) retrieved from /home/osboxes/.local/lib/python3.8/site-packages/airflow/example_dags/example_subdag_operator.py
[2022-08-23 00:13:41,995] {logging_mixin.py:115} INFO - [2022-08-23 00:13:41,995] {dag.py:2371} INFO - Sync 3 DAGs
[2022-08-23 00:13:42,008] {logging_mixin.py:115} INFO - [2022-08-23 00:13:42,008] {dag.py:2915} INFO - Setting next_dagrun for example_subdag_operator to 2022-08-21T00:00:00+00:00, run_after=2022-08-21T00:00:00+00:00
[2022-08-23 00:13:42,008] {logging_mixin.py:115} INFO - [2022-08-23 00:13:42,008] {dag.py:2915} INFO - Setting next_dagrun for example_subdag_operator.section-1 to None, run_after=None
[2022-08-23 00:13:42,008] {logging_mixin.py:115} INFO - [2022-08-23 00:13:42,008] {dag.py:2915} INFO - Setting next_dagrun for example_subdag_operator.section-2 to None, run_after=None
[2022-08-23 00:13:42,013] {logging_mixin.py:115} INFO - [2022-08-23 00:13:42,013] {dag.py:2371} INFO - Sync 2 DAGs
[2022-08-23 00:13:42,018] {logging_mixin.py:115} INFO - [2022-08-23 00:13:42,017] {dag.py:2915} INFO - Setting next_dagrun for example_subdag_operator.section-1 to None, run_after=None
[2022-08-23 00:13:42,018] {logging_mixin.py:115} INFO - [2022-08-23 00:13:42,018] {dag.py:2915} INFO - Setting next_dagrun for example_subdag_operator.section-2 to None, run_after=None
[2022-08-23 00:13:42,054] {processor.py:161} INFO - Processing /home/osboxes/.local/lib/python3.8/site-packages/airflow/example_dags/example_subdag_operator.py took 0.125 seconds
[2022-08-23 00:14:17,798] {processor.py:153} INFO - Started process (PID=182905) to work on /home/osboxes/.local/lib/python3.8/site-packages/airflow/example_dags/example_subdag_operator.py
[2022-08-23 00:14:17,799] {processor.py:641} INFO - Processing file /home/osboxes/.local/lib/python3.8/site-packages/airflow/example_dags/example_subdag_operator.py for tasks to queue
[2022-08-23 00:14:17,800] {logging_mixin.py:115} INFO - [2022-08-23 00:14:17,800] {dagbag.py:507} INFO - Filling up the DagBag from /home/osboxes/.local/lib/python3.8/site-packages/airflow/example_dags/example_subdag_operator.py
[2022-08-23 00:14:17,816] {processor.py:651} INFO - DAG(s) dict_keys(['example_subdag_operator.section-1', 'example_subdag_operator.section-2', 'example_subdag_operator']) retrieved from /home/osboxes/.local/lib/python3.8/site-packages/airflow/example_dags/example_subdag_operator.py
[2022-08-23 00:14:17,841] {logging_mixin.py:115} INFO - [2022-08-23 00:14:17,841] {dag.py:2371} INFO - Sync 3 DAGs
[2022-08-23 00:14:17,855] {logging_mixin.py:115} INFO - [2022-08-23 00:14:17,855] {dag.py:2915} INFO - Setting next_dagrun for example_subdag_operator to 2022-08-21T00:00:00+00:00, run_after=2022-08-21T00:00:00+00:00
[2022-08-23 00:14:17,855] {logging_mixin.py:115} INFO - [2022-08-23 00:14:17,855] {dag.py:2915} INFO - Setting next_dagrun for example_subdag_operator.section-1 to None, run_after=None
[2022-08-23 00:14:17,855] {logging_mixin.py:115} INFO - [2022-08-23 00:14:17,855] {dag.py:2915} INFO - Setting next_dagrun for example_subdag_operator.section-2 to None, run_after=None
[2022-08-23 00:14:17,860] {logging_mixin.py:115} INFO - [2022-08-23 00:14:17,860] {dag.py:2371} INFO - Sync 2 DAGs
[2022-08-23 00:14:17,864] {logging_mixin.py:115} INFO - [2022-08-23 00:14:17,864] {dag.py:2915} INFO - Setting next_dagrun for example_subdag_operator.section-1 to None, run_after=None
[2022-08-23 00:14:17,864] {logging_mixin.py:115} INFO - [2022-08-23 00:14:17,864] {dag.py:2915} INFO - Setting next_dagrun for example_subdag_operator.section-2 to None, run_after=None
[2022-08-23 00:14:17,887] {processor.py:161} INFO - Processing /home/osboxes/.local/lib/python3.8/site-packages/airflow/example_dags/example_subdag_operator.py took 0.092 seconds
[2022-08-23 00:14:55,484] {processor.py:153} INFO - Started process (PID=183196) to work on /home/osboxes/.local/lib/python3.8/site-packages/airflow/example_dags/example_subdag_operator.py
[2022-08-23 00:14:55,486] {processor.py:641} INFO - Processing file /home/osboxes/.local/lib/python3.8/site-packages/airflow/example_dags/example_subdag_operator.py for tasks to queue
[2022-08-23 00:14:55,486] {logging_mixin.py:115} INFO - [2022-08-23 00:14:55,486] {dagbag.py:507} INFO - Filling up the DagBag from /home/osboxes/.local/lib/python3.8/site-packages/airflow/example_dags/example_subdag_operator.py
[2022-08-23 00:14:55,506] {processor.py:651} INFO - DAG(s) dict_keys(['example_subdag_operator.section-1', 'example_subdag_operator.section-2', 'example_subdag_operator']) retrieved from /home/osboxes/.local/lib/python3.8/site-packages/airflow/example_dags/example_subdag_operator.py
[2022-08-23 00:14:55,530] {logging_mixin.py:115} INFO - [2022-08-23 00:14:55,530] {dag.py:2371} INFO - Sync 3 DAGs
[2022-08-23 00:14:55,543] {logging_mixin.py:115} INFO - [2022-08-23 00:14:55,543] {dag.py:2915} INFO - Setting next_dagrun for example_subdag_operator to 2022-08-21T00:00:00+00:00, run_after=2022-08-21T00:00:00+00:00
[2022-08-23 00:14:55,543] {logging_mixin.py:115} INFO - [2022-08-23 00:14:55,543] {dag.py:2915} INFO - Setting next_dagrun for example_subdag_operator.section-1 to None, run_after=None
[2022-08-23 00:14:55,543] {logging_mixin.py:115} INFO - [2022-08-23 00:14:55,543] {dag.py:2915} INFO - Setting next_dagrun for example_subdag_operator.section-2 to None, run_after=None
[2022-08-23 00:14:55,549] {logging_mixin.py:115} INFO - [2022-08-23 00:14:55,548] {dag.py:2371} INFO - Sync 2 DAGs
[2022-08-23 00:14:55,552] {logging_mixin.py:115} INFO - [2022-08-23 00:14:55,552] {dag.py:2915} INFO - Setting next_dagrun for example_subdag_operator.section-1 to None, run_after=None
[2022-08-23 00:14:55,553] {logging_mixin.py:115} INFO - [2022-08-23 00:14:55,553] {dag.py:2915} INFO - Setting next_dagrun for example_subdag_operator.section-2 to None, run_after=None
[2022-08-23 00:14:55,587] {processor.py:161} INFO - Processing /home/osboxes/.local/lib/python3.8/site-packages/airflow/example_dags/example_subdag_operator.py took 0.105 seconds
[2022-08-23 00:15:35,139] {processor.py:153} INFO - Started process (PID=183600) to work on /home/osboxes/.local/lib/python3.8/site-packages/airflow/example_dags/example_subdag_operator.py
[2022-08-23 00:15:35,141] {processor.py:641} INFO - Processing file /home/osboxes/.local/lib/python3.8/site-packages/airflow/example_dags/example_subdag_operator.py for tasks to queue
[2022-08-23 00:15:35,142] {logging_mixin.py:115} INFO - [2022-08-23 00:15:35,142] {dagbag.py:507} INFO - Filling up the DagBag from /home/osboxes/.local/lib/python3.8/site-packages/airflow/example_dags/example_subdag_operator.py
[2022-08-23 00:15:35,175] {processor.py:651} INFO - DAG(s) dict_keys(['example_subdag_operator.section-1', 'example_subdag_operator.section-2', 'example_subdag_operator']) retrieved from /home/osboxes/.local/lib/python3.8/site-packages/airflow/example_dags/example_subdag_operator.py
[2022-08-23 00:15:35,202] {logging_mixin.py:115} INFO - [2022-08-23 00:15:35,202] {dag.py:2371} INFO - Sync 3 DAGs
[2022-08-23 00:15:35,215] {logging_mixin.py:115} INFO - [2022-08-23 00:15:35,215] {dag.py:2915} INFO - Setting next_dagrun for example_subdag_operator to 2022-08-21T00:00:00+00:00, run_after=2022-08-21T00:00:00+00:00
[2022-08-23 00:15:35,215] {logging_mixin.py:115} INFO - [2022-08-23 00:15:35,215] {dag.py:2915} INFO - Setting next_dagrun for example_subdag_operator.section-1 to None, run_after=None
[2022-08-23 00:15:35,216] {logging_mixin.py:115} INFO - [2022-08-23 00:15:35,216] {dag.py:2915} INFO - Setting next_dagrun for example_subdag_operator.section-2 to None, run_after=None
[2022-08-23 00:15:35,222] {logging_mixin.py:115} INFO - [2022-08-23 00:15:35,222] {dag.py:2371} INFO - Sync 2 DAGs
[2022-08-23 00:15:35,226] {logging_mixin.py:115} INFO - [2022-08-23 00:15:35,226] {dag.py:2915} INFO - Setting next_dagrun for example_subdag_operator.section-1 to None, run_after=None
[2022-08-23 00:15:35,226] {logging_mixin.py:115} INFO - [2022-08-23 00:15:35,226] {dag.py:2915} INFO - Setting next_dagrun for example_subdag_operator.section-2 to None, run_after=None
[2022-08-23 00:15:35,258] {processor.py:161} INFO - Processing /home/osboxes/.local/lib/python3.8/site-packages/airflow/example_dags/example_subdag_operator.py took 0.121 seconds
[2022-08-23 00:16:09,881] {processor.py:153} INFO - Started process (PID=183887) to work on /home/osboxes/.local/lib/python3.8/site-packages/airflow/example_dags/example_subdag_operator.py
[2022-08-23 00:16:09,883] {processor.py:641} INFO - Processing file /home/osboxes/.local/lib/python3.8/site-packages/airflow/example_dags/example_subdag_operator.py for tasks to queue
[2022-08-23 00:16:09,883] {logging_mixin.py:115} INFO - [2022-08-23 00:16:09,883] {dagbag.py:507} INFO - Filling up the DagBag from /home/osboxes/.local/lib/python3.8/site-packages/airflow/example_dags/example_subdag_operator.py
[2022-08-23 00:16:09,901] {processor.py:651} INFO - DAG(s) dict_keys(['example_subdag_operator.section-1', 'example_subdag_operator.section-2', 'example_subdag_operator']) retrieved from /home/osboxes/.local/lib/python3.8/site-packages/airflow/example_dags/example_subdag_operator.py
[2022-08-23 00:16:09,929] {logging_mixin.py:115} INFO - [2022-08-23 00:16:09,929] {dag.py:2371} INFO - Sync 3 DAGs
[2022-08-23 00:16:09,942] {logging_mixin.py:115} INFO - [2022-08-23 00:16:09,942] {dag.py:2915} INFO - Setting next_dagrun for example_subdag_operator to 2022-08-21T00:00:00+00:00, run_after=2022-08-21T00:00:00+00:00
[2022-08-23 00:16:09,942] {logging_mixin.py:115} INFO - [2022-08-23 00:16:09,942] {dag.py:2915} INFO - Setting next_dagrun for example_subdag_operator.section-1 to None, run_after=None
[2022-08-23 00:16:09,943] {logging_mixin.py:115} INFO - [2022-08-23 00:16:09,943] {dag.py:2915} INFO - Setting next_dagrun for example_subdag_operator.section-2 to None, run_after=None
[2022-08-23 00:16:09,947] {logging_mixin.py:115} INFO - [2022-08-23 00:16:09,947] {dag.py:2371} INFO - Sync 2 DAGs
[2022-08-23 00:16:09,951] {logging_mixin.py:115} INFO - [2022-08-23 00:16:09,950] {dag.py:2915} INFO - Setting next_dagrun for example_subdag_operator.section-1 to None, run_after=None
[2022-08-23 00:16:09,951] {logging_mixin.py:115} INFO - [2022-08-23 00:16:09,951] {dag.py:2915} INFO - Setting next_dagrun for example_subdag_operator.section-2 to None, run_after=None
[2022-08-23 00:16:09,977] {processor.py:161} INFO - Processing /home/osboxes/.local/lib/python3.8/site-packages/airflow/example_dags/example_subdag_operator.py took 0.098 seconds
[2022-08-23 00:16:48,403] {processor.py:153} INFO - Started process (PID=184179) to work on /home/osboxes/.local/lib/python3.8/site-packages/airflow/example_dags/example_subdag_operator.py
[2022-08-23 00:16:48,406] {processor.py:641} INFO - Processing file /home/osboxes/.local/lib/python3.8/site-packages/airflow/example_dags/example_subdag_operator.py for tasks to queue
[2022-08-23 00:16:48,406] {logging_mixin.py:115} INFO - [2022-08-23 00:16:48,406] {dagbag.py:507} INFO - Filling up the DagBag from /home/osboxes/.local/lib/python3.8/site-packages/airflow/example_dags/example_subdag_operator.py
[2022-08-23 00:16:48,424] {processor.py:651} INFO - DAG(s) dict_keys(['example_subdag_operator.section-1', 'example_subdag_operator.section-2', 'example_subdag_operator']) retrieved from /home/osboxes/.local/lib/python3.8/site-packages/airflow/example_dags/example_subdag_operator.py
[2022-08-23 00:16:48,448] {logging_mixin.py:115} INFO - [2022-08-23 00:16:48,448] {dag.py:2371} INFO - Sync 3 DAGs
[2022-08-23 00:16:48,461] {logging_mixin.py:115} INFO - [2022-08-23 00:16:48,461] {dag.py:2915} INFO - Setting next_dagrun for example_subdag_operator to 2022-08-21T00:00:00+00:00, run_after=2022-08-21T00:00:00+00:00
[2022-08-23 00:16:48,462] {logging_mixin.py:115} INFO - [2022-08-23 00:16:48,462] {dag.py:2915} INFO - Setting next_dagrun for example_subdag_operator.section-1 to None, run_after=None
[2022-08-23 00:16:48,462] {logging_mixin.py:115} INFO - [2022-08-23 00:16:48,462] {dag.py:2915} INFO - Setting next_dagrun for example_subdag_operator.section-2 to None, run_after=None
[2022-08-23 00:16:48,467] {logging_mixin.py:115} INFO - [2022-08-23 00:16:48,467] {dag.py:2371} INFO - Sync 2 DAGs
[2022-08-23 00:16:48,472] {logging_mixin.py:115} INFO - [2022-08-23 00:16:48,472] {dag.py:2915} INFO - Setting next_dagrun for example_subdag_operator.section-1 to None, run_after=None
[2022-08-23 00:16:48,472] {logging_mixin.py:115} INFO - [2022-08-23 00:16:48,472] {dag.py:2915} INFO - Setting next_dagrun for example_subdag_operator.section-2 to None, run_after=None
[2022-08-23 00:16:48,503] {processor.py:161} INFO - Processing /home/osboxes/.local/lib/python3.8/site-packages/airflow/example_dags/example_subdag_operator.py took 0.103 seconds
[2022-08-23 00:17:25,590] {processor.py:153} INFO - Started process (PID=184489) to work on /home/osboxes/.local/lib/python3.8/site-packages/airflow/example_dags/example_subdag_operator.py
[2022-08-23 00:17:25,592] {processor.py:641} INFO - Processing file /home/osboxes/.local/lib/python3.8/site-packages/airflow/example_dags/example_subdag_operator.py for tasks to queue
[2022-08-23 00:17:25,592] {logging_mixin.py:115} INFO - [2022-08-23 00:17:25,592] {dagbag.py:507} INFO - Filling up the DagBag from /home/osboxes/.local/lib/python3.8/site-packages/airflow/example_dags/example_subdag_operator.py
[2022-08-23 00:17:25,610] {processor.py:651} INFO - DAG(s) dict_keys(['example_subdag_operator.section-1', 'example_subdag_operator.section-2', 'example_subdag_operator']) retrieved from /home/osboxes/.local/lib/python3.8/site-packages/airflow/example_dags/example_subdag_operator.py
[2022-08-23 00:17:25,640] {logging_mixin.py:115} INFO - [2022-08-23 00:17:25,639] {dag.py:2371} INFO - Sync 3 DAGs
[2022-08-23 00:17:25,653] {logging_mixin.py:115} INFO - [2022-08-23 00:17:25,653] {dag.py:2915} INFO - Setting next_dagrun for example_subdag_operator to 2022-08-21T00:00:00+00:00, run_after=2022-08-21T00:00:00+00:00
[2022-08-23 00:17:25,653] {logging_mixin.py:115} INFO - [2022-08-23 00:17:25,653] {dag.py:2915} INFO - Setting next_dagrun for example_subdag_operator.section-1 to None, run_after=None
[2022-08-23 00:17:25,653] {logging_mixin.py:115} INFO - [2022-08-23 00:17:25,653] {dag.py:2915} INFO - Setting next_dagrun for example_subdag_operator.section-2 to None, run_after=None
[2022-08-23 00:17:25,658] {logging_mixin.py:115} INFO - [2022-08-23 00:17:25,658] {dag.py:2371} INFO - Sync 2 DAGs
[2022-08-23 00:17:25,662] {logging_mixin.py:115} INFO - [2022-08-23 00:17:25,662] {dag.py:2915} INFO - Setting next_dagrun for example_subdag_operator.section-1 to None, run_after=None
[2022-08-23 00:17:25,662] {logging_mixin.py:115} INFO - [2022-08-23 00:17:25,662] {dag.py:2915} INFO - Setting next_dagrun for example_subdag_operator.section-2 to None, run_after=None
[2022-08-23 00:17:25,693] {processor.py:161} INFO - Processing /home/osboxes/.local/lib/python3.8/site-packages/airflow/example_dags/example_subdag_operator.py took 0.105 seconds
[2022-08-23 00:18:10,924] {processor.py:153} INFO - Started process (PID=184838) to work on /home/osboxes/.local/lib/python3.8/site-packages/airflow/example_dags/example_subdag_operator.py
[2022-08-23 00:18:10,927] {processor.py:641} INFO - Processing file /home/osboxes/.local/lib/python3.8/site-packages/airflow/example_dags/example_subdag_operator.py for tasks to queue
[2022-08-23 00:18:10,928] {logging_mixin.py:115} INFO - [2022-08-23 00:18:10,927] {dagbag.py:507} INFO - Filling up the DagBag from /home/osboxes/.local/lib/python3.8/site-packages/airflow/example_dags/example_subdag_operator.py
[2022-08-23 00:18:10,953] {processor.py:651} INFO - DAG(s) dict_keys(['example_subdag_operator.section-1', 'example_subdag_operator.section-2', 'example_subdag_operator']) retrieved from /home/osboxes/.local/lib/python3.8/site-packages/airflow/example_dags/example_subdag_operator.py
[2022-08-23 00:18:10,990] {logging_mixin.py:115} INFO - [2022-08-23 00:18:10,990] {dag.py:2371} INFO - Sync 3 DAGs
[2022-08-23 00:18:11,022] {logging_mixin.py:115} INFO - [2022-08-23 00:18:11,022] {dag.py:2915} INFO - Setting next_dagrun for example_subdag_operator to 2022-08-21T00:00:00+00:00, run_after=2022-08-21T00:00:00+00:00
[2022-08-23 00:18:11,026] {logging_mixin.py:115} INFO - [2022-08-23 00:18:11,026] {dag.py:2915} INFO - Setting next_dagrun for example_subdag_operator.section-1 to None, run_after=None
[2022-08-23 00:18:11,027] {logging_mixin.py:115} INFO - [2022-08-23 00:18:11,027] {dag.py:2915} INFO - Setting next_dagrun for example_subdag_operator.section-2 to None, run_after=None
[2022-08-23 00:18:11,068] {logging_mixin.py:115} INFO - [2022-08-23 00:18:11,068] {dag.py:2371} INFO - Sync 2 DAGs
[2022-08-23 00:18:11,076] {logging_mixin.py:115} INFO - [2022-08-23 00:18:11,076] {dag.py:2915} INFO - Setting next_dagrun for example_subdag_operator.section-1 to None, run_after=None
[2022-08-23 00:18:11,100] {logging_mixin.py:115} INFO - [2022-08-23 00:18:11,100] {dag.py:2915} INFO - Setting next_dagrun for example_subdag_operator.section-2 to None, run_after=None
[2022-08-23 00:18:11,126] {processor.py:161} INFO - Processing /home/osboxes/.local/lib/python3.8/site-packages/airflow/example_dags/example_subdag_operator.py took 0.205 seconds
[2022-08-23 00:18:49,620] {processor.py:153} INFO - Started process (PID=185164) to work on /home/osboxes/.local/lib/python3.8/site-packages/airflow/example_dags/example_subdag_operator.py
[2022-08-23 00:18:49,630] {processor.py:641} INFO - Processing file /home/osboxes/.local/lib/python3.8/site-packages/airflow/example_dags/example_subdag_operator.py for tasks to queue
[2022-08-23 00:18:49,631] {logging_mixin.py:115} INFO - [2022-08-23 00:18:49,630] {dagbag.py:507} INFO - Filling up the DagBag from /home/osboxes/.local/lib/python3.8/site-packages/airflow/example_dags/example_subdag_operator.py
[2022-08-23 00:18:49,668] {processor.py:651} INFO - DAG(s) dict_keys(['example_subdag_operator.section-1', 'example_subdag_operator.section-2', 'example_subdag_operator']) retrieved from /home/osboxes/.local/lib/python3.8/site-packages/airflow/example_dags/example_subdag_operator.py
[2022-08-23 00:18:49,694] {logging_mixin.py:115} INFO - [2022-08-23 00:18:49,694] {dag.py:2371} INFO - Sync 3 DAGs
[2022-08-23 00:18:49,709] {logging_mixin.py:115} INFO - [2022-08-23 00:18:49,709] {dag.py:2915} INFO - Setting next_dagrun for example_subdag_operator to 2022-08-21T00:00:00+00:00, run_after=2022-08-21T00:00:00+00:00
[2022-08-23 00:18:49,710] {logging_mixin.py:115} INFO - [2022-08-23 00:18:49,710] {dag.py:2915} INFO - Setting next_dagrun for example_subdag_operator.section-1 to None, run_after=None
[2022-08-23 00:18:49,710] {logging_mixin.py:115} INFO - [2022-08-23 00:18:49,710] {dag.py:2915} INFO - Setting next_dagrun for example_subdag_operator.section-2 to None, run_after=None
[2022-08-23 00:18:49,714] {logging_mixin.py:115} INFO - [2022-08-23 00:18:49,714] {dag.py:2371} INFO - Sync 2 DAGs
[2022-08-23 00:18:49,717] {logging_mixin.py:115} INFO - [2022-08-23 00:18:49,717] {dag.py:2915} INFO - Setting next_dagrun for example_subdag_operator.section-1 to None, run_after=None
[2022-08-23 00:18:49,718] {logging_mixin.py:115} INFO - [2022-08-23 00:18:49,718] {dag.py:2915} INFO - Setting next_dagrun for example_subdag_operator.section-2 to None, run_after=None
[2022-08-23 00:18:49,746] {processor.py:161} INFO - Processing /home/osboxes/.local/lib/python3.8/site-packages/airflow/example_dags/example_subdag_operator.py took 0.129 seconds
[2022-08-23 00:19:23,439] {processor.py:153} INFO - Started process (PID=185429) to work on /home/osboxes/.local/lib/python3.8/site-packages/airflow/example_dags/example_subdag_operator.py
[2022-08-23 00:19:23,439] {processor.py:641} INFO - Processing file /home/osboxes/.local/lib/python3.8/site-packages/airflow/example_dags/example_subdag_operator.py for tasks to queue
[2022-08-23 00:19:23,440] {logging_mixin.py:115} INFO - [2022-08-23 00:19:23,440] {dagbag.py:507} INFO - Filling up the DagBag from /home/osboxes/.local/lib/python3.8/site-packages/airflow/example_dags/example_subdag_operator.py
[2022-08-23 00:19:23,458] {processor.py:651} INFO - DAG(s) dict_keys(['example_subdag_operator.section-1', 'example_subdag_operator.section-2', 'example_subdag_operator']) retrieved from /home/osboxes/.local/lib/python3.8/site-packages/airflow/example_dags/example_subdag_operator.py
[2022-08-23 00:19:23,484] {logging_mixin.py:115} INFO - [2022-08-23 00:19:23,484] {dag.py:2371} INFO - Sync 3 DAGs
[2022-08-23 00:19:23,498] {logging_mixin.py:115} INFO - [2022-08-23 00:19:23,497] {dag.py:2915} INFO - Setting next_dagrun for example_subdag_operator to 2022-08-21T00:00:00+00:00, run_after=2022-08-21T00:00:00+00:00
[2022-08-23 00:19:23,498] {logging_mixin.py:115} INFO - [2022-08-23 00:19:23,498] {dag.py:2915} INFO - Setting next_dagrun for example_subdag_operator.section-1 to None, run_after=None
[2022-08-23 00:19:23,498] {logging_mixin.py:115} INFO - [2022-08-23 00:19:23,498] {dag.py:2915} INFO - Setting next_dagrun for example_subdag_operator.section-2 to None, run_after=None
[2022-08-23 00:19:23,503] {logging_mixin.py:115} INFO - [2022-08-23 00:19:23,503] {dag.py:2371} INFO - Sync 2 DAGs
[2022-08-23 00:19:23,508] {logging_mixin.py:115} INFO - [2022-08-23 00:19:23,507] {dag.py:2915} INFO - Setting next_dagrun for example_subdag_operator.section-1 to None, run_after=None
[2022-08-23 00:19:23,508] {logging_mixin.py:115} INFO - [2022-08-23 00:19:23,508] {dag.py:2915} INFO - Setting next_dagrun for example_subdag_operator.section-2 to None, run_after=None
[2022-08-23 00:19:23,535] {processor.py:161} INFO - Processing /home/osboxes/.local/lib/python3.8/site-packages/airflow/example_dags/example_subdag_operator.py took 0.099 seconds
[2022-08-23 00:19:58,669] {processor.py:153} INFO - Started process (PID=185695) to work on /home/osboxes/.local/lib/python3.8/site-packages/airflow/example_dags/example_subdag_operator.py
[2022-08-23 00:19:58,694] {processor.py:641} INFO - Processing file /home/osboxes/.local/lib/python3.8/site-packages/airflow/example_dags/example_subdag_operator.py for tasks to queue
[2022-08-23 00:19:58,695] {logging_mixin.py:115} INFO - [2022-08-23 00:19:58,695] {dagbag.py:507} INFO - Filling up the DagBag from /home/osboxes/.local/lib/python3.8/site-packages/airflow/example_dags/example_subdag_operator.py
[2022-08-23 00:19:58,737] {processor.py:651} INFO - DAG(s) dict_keys(['example_subdag_operator.section-1', 'example_subdag_operator.section-2', 'example_subdag_operator']) retrieved from /home/osboxes/.local/lib/python3.8/site-packages/airflow/example_dags/example_subdag_operator.py
[2022-08-23 00:19:58,770] {logging_mixin.py:115} INFO - [2022-08-23 00:19:58,770] {dag.py:2371} INFO - Sync 3 DAGs
[2022-08-23 00:19:58,783] {logging_mixin.py:115} INFO - [2022-08-23 00:19:58,783] {dag.py:2915} INFO - Setting next_dagrun for example_subdag_operator to 2022-08-21T00:00:00+00:00, run_after=2022-08-21T00:00:00+00:00
[2022-08-23 00:19:58,784] {logging_mixin.py:115} INFO - [2022-08-23 00:19:58,784] {dag.py:2915} INFO - Setting next_dagrun for example_subdag_operator.section-1 to None, run_after=None
[2022-08-23 00:19:58,784] {logging_mixin.py:115} INFO - [2022-08-23 00:19:58,784] {dag.py:2915} INFO - Setting next_dagrun for example_subdag_operator.section-2 to None, run_after=None
[2022-08-23 00:19:58,791] {logging_mixin.py:115} INFO - [2022-08-23 00:19:58,791] {dag.py:2371} INFO - Sync 2 DAGs
[2022-08-23 00:19:58,796] {logging_mixin.py:115} INFO - [2022-08-23 00:19:58,795] {dag.py:2915} INFO - Setting next_dagrun for example_subdag_operator.section-1 to None, run_after=None
[2022-08-23 00:19:58,796] {logging_mixin.py:115} INFO - [2022-08-23 00:19:58,796] {dag.py:2915} INFO - Setting next_dagrun for example_subdag_operator.section-2 to None, run_after=None
[2022-08-23 00:19:58,826] {processor.py:161} INFO - Processing /home/osboxes/.local/lib/python3.8/site-packages/airflow/example_dags/example_subdag_operator.py took 0.160 seconds
[2022-08-23 00:20:32,892] {processor.py:153} INFO - Started process (PID=186016) to work on /home/osboxes/.local/lib/python3.8/site-packages/airflow/example_dags/example_subdag_operator.py
[2022-08-23 00:20:32,896] {processor.py:641} INFO - Processing file /home/osboxes/.local/lib/python3.8/site-packages/airflow/example_dags/example_subdag_operator.py for tasks to queue
[2022-08-23 00:20:32,896] {logging_mixin.py:115} INFO - [2022-08-23 00:20:32,896] {dagbag.py:507} INFO - Filling up the DagBag from /home/osboxes/.local/lib/python3.8/site-packages/airflow/example_dags/example_subdag_operator.py
[2022-08-23 00:20:32,912] {processor.py:651} INFO - DAG(s) dict_keys(['example_subdag_operator.section-1', 'example_subdag_operator.section-2', 'example_subdag_operator']) retrieved from /home/osboxes/.local/lib/python3.8/site-packages/airflow/example_dags/example_subdag_operator.py
[2022-08-23 00:20:32,941] {logging_mixin.py:115} INFO - [2022-08-23 00:20:32,941] {dag.py:2371} INFO - Sync 3 DAGs
[2022-08-23 00:20:32,953] {logging_mixin.py:115} INFO - [2022-08-23 00:20:32,953] {dag.py:2915} INFO - Setting next_dagrun for example_subdag_operator to 2022-08-21T00:00:00+00:00, run_after=2022-08-21T00:00:00+00:00
[2022-08-23 00:20:32,953] {logging_mixin.py:115} INFO - [2022-08-23 00:20:32,953] {dag.py:2915} INFO - Setting next_dagrun for example_subdag_operator.section-1 to None, run_after=None
[2022-08-23 00:20:32,953] {logging_mixin.py:115} INFO - [2022-08-23 00:20:32,953] {dag.py:2915} INFO - Setting next_dagrun for example_subdag_operator.section-2 to None, run_after=None
[2022-08-23 00:20:32,958] {logging_mixin.py:115} INFO - [2022-08-23 00:20:32,958] {dag.py:2371} INFO - Sync 2 DAGs
[2022-08-23 00:20:32,963] {logging_mixin.py:115} INFO - [2022-08-23 00:20:32,963] {dag.py:2915} INFO - Setting next_dagrun for example_subdag_operator.section-1 to None, run_after=None
[2022-08-23 00:20:32,964] {logging_mixin.py:115} INFO - [2022-08-23 00:20:32,964] {dag.py:2915} INFO - Setting next_dagrun for example_subdag_operator.section-2 to None, run_after=None
[2022-08-23 00:20:32,997] {processor.py:161} INFO - Processing /home/osboxes/.local/lib/python3.8/site-packages/airflow/example_dags/example_subdag_operator.py took 0.107 seconds
[2022-08-23 00:21:12,381] {processor.py:153} INFO - Started process (PID=186343) to work on /home/osboxes/.local/lib/python3.8/site-packages/airflow/example_dags/example_subdag_operator.py
[2022-08-23 00:21:12,383] {processor.py:641} INFO - Processing file /home/osboxes/.local/lib/python3.8/site-packages/airflow/example_dags/example_subdag_operator.py for tasks to queue
[2022-08-23 00:21:12,383] {logging_mixin.py:115} INFO - [2022-08-23 00:21:12,383] {dagbag.py:507} INFO - Filling up the DagBag from /home/osboxes/.local/lib/python3.8/site-packages/airflow/example_dags/example_subdag_operator.py
[2022-08-23 00:21:12,400] {processor.py:651} INFO - DAG(s) dict_keys(['example_subdag_operator.section-1', 'example_subdag_operator.section-2', 'example_subdag_operator']) retrieved from /home/osboxes/.local/lib/python3.8/site-packages/airflow/example_dags/example_subdag_operator.py
[2022-08-23 00:21:12,424] {logging_mixin.py:115} INFO - [2022-08-23 00:21:12,424] {dag.py:2371} INFO - Sync 3 DAGs
[2022-08-23 00:21:12,438] {logging_mixin.py:115} INFO - [2022-08-23 00:21:12,438] {dag.py:2915} INFO - Setting next_dagrun for example_subdag_operator to 2022-08-21T00:00:00+00:00, run_after=2022-08-21T00:00:00+00:00
[2022-08-23 00:21:12,439] {logging_mixin.py:115} INFO - [2022-08-23 00:21:12,439] {dag.py:2915} INFO - Setting next_dagrun for example_subdag_operator.section-1 to None, run_after=None
[2022-08-23 00:21:12,439] {logging_mixin.py:115} INFO - [2022-08-23 00:21:12,439] {dag.py:2915} INFO - Setting next_dagrun for example_subdag_operator.section-2 to None, run_after=None
[2022-08-23 00:21:12,443] {logging_mixin.py:115} INFO - [2022-08-23 00:21:12,443] {dag.py:2371} INFO - Sync 2 DAGs
[2022-08-23 00:21:12,447] {logging_mixin.py:115} INFO - [2022-08-23 00:21:12,446] {dag.py:2915} INFO - Setting next_dagrun for example_subdag_operator.section-1 to None, run_after=None
[2022-08-23 00:21:12,447] {logging_mixin.py:115} INFO - [2022-08-23 00:21:12,447] {dag.py:2915} INFO - Setting next_dagrun for example_subdag_operator.section-2 to None, run_after=None
[2022-08-23 00:21:12,469] {processor.py:161} INFO - Processing /home/osboxes/.local/lib/python3.8/site-packages/airflow/example_dags/example_subdag_operator.py took 0.090 seconds
[2022-08-23 00:21:49,602] {processor.py:153} INFO - Started process (PID=186637) to work on /home/osboxes/.local/lib/python3.8/site-packages/airflow/example_dags/example_subdag_operator.py
[2022-08-23 00:21:49,603] {processor.py:641} INFO - Processing file /home/osboxes/.local/lib/python3.8/site-packages/airflow/example_dags/example_subdag_operator.py for tasks to queue
[2022-08-23 00:21:49,604] {logging_mixin.py:115} INFO - [2022-08-23 00:21:49,604] {dagbag.py:507} INFO - Filling up the DagBag from /home/osboxes/.local/lib/python3.8/site-packages/airflow/example_dags/example_subdag_operator.py
[2022-08-23 00:21:49,620] {processor.py:651} INFO - DAG(s) dict_keys(['example_subdag_operator.section-1', 'example_subdag_operator.section-2', 'example_subdag_operator']) retrieved from /home/osboxes/.local/lib/python3.8/site-packages/airflow/example_dags/example_subdag_operator.py
[2022-08-23 00:21:49,646] {logging_mixin.py:115} INFO - [2022-08-23 00:21:49,645] {dag.py:2371} INFO - Sync 3 DAGs
[2022-08-23 00:21:49,658] {logging_mixin.py:115} INFO - [2022-08-23 00:21:49,658] {dag.py:2915} INFO - Setting next_dagrun for example_subdag_operator to 2022-08-21T00:00:00+00:00, run_after=2022-08-21T00:00:00+00:00
[2022-08-23 00:21:49,659] {logging_mixin.py:115} INFO - [2022-08-23 00:21:49,659] {dag.py:2915} INFO - Setting next_dagrun for example_subdag_operator.section-1 to None, run_after=None
[2022-08-23 00:21:49,659] {logging_mixin.py:115} INFO - [2022-08-23 00:21:49,659] {dag.py:2915} INFO - Setting next_dagrun for example_subdag_operator.section-2 to None, run_after=None
[2022-08-23 00:21:49,665] {logging_mixin.py:115} INFO - [2022-08-23 00:21:49,665] {dag.py:2371} INFO - Sync 2 DAGs
[2022-08-23 00:21:49,669] {logging_mixin.py:115} INFO - [2022-08-23 00:21:49,669] {dag.py:2915} INFO - Setting next_dagrun for example_subdag_operator.section-1 to None, run_after=None
[2022-08-23 00:21:49,670] {logging_mixin.py:115} INFO - [2022-08-23 00:21:49,670] {dag.py:2915} INFO - Setting next_dagrun for example_subdag_operator.section-2 to None, run_after=None
[2022-08-23 00:21:49,711] {processor.py:161} INFO - Processing /home/osboxes/.local/lib/python3.8/site-packages/airflow/example_dags/example_subdag_operator.py took 0.111 seconds
[2022-08-23 00:22:26,465] {processor.py:153} INFO - Started process (PID=186932) to work on /home/osboxes/.local/lib/python3.8/site-packages/airflow/example_dags/example_subdag_operator.py
[2022-08-23 00:22:26,467] {processor.py:641} INFO - Processing file /home/osboxes/.local/lib/python3.8/site-packages/airflow/example_dags/example_subdag_operator.py for tasks to queue
[2022-08-23 00:22:26,467] {logging_mixin.py:115} INFO - [2022-08-23 00:22:26,467] {dagbag.py:507} INFO - Filling up the DagBag from /home/osboxes/.local/lib/python3.8/site-packages/airflow/example_dags/example_subdag_operator.py
[2022-08-23 00:22:26,483] {processor.py:651} INFO - DAG(s) dict_keys(['example_subdag_operator.section-1', 'example_subdag_operator.section-2', 'example_subdag_operator']) retrieved from /home/osboxes/.local/lib/python3.8/site-packages/airflow/example_dags/example_subdag_operator.py
[2022-08-23 00:22:26,509] {logging_mixin.py:115} INFO - [2022-08-23 00:22:26,508] {dag.py:2371} INFO - Sync 3 DAGs
[2022-08-23 00:22:26,523] {logging_mixin.py:115} INFO - [2022-08-23 00:22:26,523] {dag.py:2915} INFO - Setting next_dagrun for example_subdag_operator to 2022-08-21T00:00:00+00:00, run_after=2022-08-21T00:00:00+00:00
[2022-08-23 00:22:26,523] {logging_mixin.py:115} INFO - [2022-08-23 00:22:26,523] {dag.py:2915} INFO - Setting next_dagrun for example_subdag_operator.section-1 to None, run_after=None
[2022-08-23 00:22:26,523] {logging_mixin.py:115} INFO - [2022-08-23 00:22:26,523] {dag.py:2915} INFO - Setting next_dagrun for example_subdag_operator.section-2 to None, run_after=None
[2022-08-23 00:22:26,527] {logging_mixin.py:115} INFO - [2022-08-23 00:22:26,527] {dag.py:2371} INFO - Sync 2 DAGs
[2022-08-23 00:22:26,533] {logging_mixin.py:115} INFO - [2022-08-23 00:22:26,533] {dag.py:2915} INFO - Setting next_dagrun for example_subdag_operator.section-1 to None, run_after=None
[2022-08-23 00:22:26,534] {logging_mixin.py:115} INFO - [2022-08-23 00:22:26,534] {dag.py:2915} INFO - Setting next_dagrun for example_subdag_operator.section-2 to None, run_after=None
[2022-08-23 00:22:26,554] {processor.py:161} INFO - Processing /home/osboxes/.local/lib/python3.8/site-packages/airflow/example_dags/example_subdag_operator.py took 0.092 seconds
[2022-08-23 00:23:06,055] {processor.py:153} INFO - Started process (PID=187251) to work on /home/osboxes/.local/lib/python3.8/site-packages/airflow/example_dags/example_subdag_operator.py
[2022-08-23 00:23:06,057] {processor.py:641} INFO - Processing file /home/osboxes/.local/lib/python3.8/site-packages/airflow/example_dags/example_subdag_operator.py for tasks to queue
[2022-08-23 00:23:06,057] {logging_mixin.py:115} INFO - [2022-08-23 00:23:06,057] {dagbag.py:507} INFO - Filling up the DagBag from /home/osboxes/.local/lib/python3.8/site-packages/airflow/example_dags/example_subdag_operator.py
[2022-08-23 00:23:06,074] {processor.py:651} INFO - DAG(s) dict_keys(['example_subdag_operator.section-1', 'example_subdag_operator.section-2', 'example_subdag_operator']) retrieved from /home/osboxes/.local/lib/python3.8/site-packages/airflow/example_dags/example_subdag_operator.py
[2022-08-23 00:23:06,097] {logging_mixin.py:115} INFO - [2022-08-23 00:23:06,097] {dag.py:2371} INFO - Sync 3 DAGs
[2022-08-23 00:23:06,110] {logging_mixin.py:115} INFO - [2022-08-23 00:23:06,110] {dag.py:2915} INFO - Setting next_dagrun for example_subdag_operator to 2022-08-21T00:00:00+00:00, run_after=2022-08-21T00:00:00+00:00
[2022-08-23 00:23:06,110] {logging_mixin.py:115} INFO - [2022-08-23 00:23:06,110] {dag.py:2915} INFO - Setting next_dagrun for example_subdag_operator.section-1 to None, run_after=None
[2022-08-23 00:23:06,111] {logging_mixin.py:115} INFO - [2022-08-23 00:23:06,111] {dag.py:2915} INFO - Setting next_dagrun for example_subdag_operator.section-2 to None, run_after=None
[2022-08-23 00:23:06,116] {logging_mixin.py:115} INFO - [2022-08-23 00:23:06,116] {dag.py:2371} INFO - Sync 2 DAGs
[2022-08-23 00:23:06,121] {logging_mixin.py:115} INFO - [2022-08-23 00:23:06,121] {dag.py:2915} INFO - Setting next_dagrun for example_subdag_operator.section-1 to None, run_after=None
[2022-08-23 00:23:06,121] {logging_mixin.py:115} INFO - [2022-08-23 00:23:06,121] {dag.py:2915} INFO - Setting next_dagrun for example_subdag_operator.section-2 to None, run_after=None
[2022-08-23 00:23:06,161] {processor.py:161} INFO - Processing /home/osboxes/.local/lib/python3.8/site-packages/airflow/example_dags/example_subdag_operator.py took 0.124 seconds
[2022-08-23 00:23:47,365] {processor.py:153} INFO - Started process (PID=187573) to work on /home/osboxes/.local/lib/python3.8/site-packages/airflow/example_dags/example_subdag_operator.py
[2022-08-23 00:23:47,367] {processor.py:641} INFO - Processing file /home/osboxes/.local/lib/python3.8/site-packages/airflow/example_dags/example_subdag_operator.py for tasks to queue
[2022-08-23 00:23:47,367] {logging_mixin.py:115} INFO - [2022-08-23 00:23:47,367] {dagbag.py:507} INFO - Filling up the DagBag from /home/osboxes/.local/lib/python3.8/site-packages/airflow/example_dags/example_subdag_operator.py
[2022-08-23 00:23:47,386] {processor.py:651} INFO - DAG(s) dict_keys(['example_subdag_operator.section-1', 'example_subdag_operator.section-2', 'example_subdag_operator']) retrieved from /home/osboxes/.local/lib/python3.8/site-packages/airflow/example_dags/example_subdag_operator.py
[2022-08-23 00:23:47,411] {logging_mixin.py:115} INFO - [2022-08-23 00:23:47,410] {dag.py:2371} INFO - Sync 3 DAGs
[2022-08-23 00:23:47,423] {logging_mixin.py:115} INFO - [2022-08-23 00:23:47,423] {dag.py:2915} INFO - Setting next_dagrun for example_subdag_operator to 2022-08-21T00:00:00+00:00, run_after=2022-08-21T00:00:00+00:00
[2022-08-23 00:23:47,424] {logging_mixin.py:115} INFO - [2022-08-23 00:23:47,424] {dag.py:2915} INFO - Setting next_dagrun for example_subdag_operator.section-1 to None, run_after=None
[2022-08-23 00:23:47,424] {logging_mixin.py:115} INFO - [2022-08-23 00:23:47,424] {dag.py:2915} INFO - Setting next_dagrun for example_subdag_operator.section-2 to None, run_after=None
[2022-08-23 00:23:47,428] {logging_mixin.py:115} INFO - [2022-08-23 00:23:47,428] {dag.py:2371} INFO - Sync 2 DAGs
[2022-08-23 00:23:47,433] {logging_mixin.py:115} INFO - [2022-08-23 00:23:47,432] {dag.py:2915} INFO - Setting next_dagrun for example_subdag_operator.section-1 to None, run_after=None
[2022-08-23 00:23:47,433] {logging_mixin.py:115} INFO - [2022-08-23 00:23:47,433] {dag.py:2915} INFO - Setting next_dagrun for example_subdag_operator.section-2 to None, run_after=None
[2022-08-23 00:23:47,466] {processor.py:161} INFO - Processing /home/osboxes/.local/lib/python3.8/site-packages/airflow/example_dags/example_subdag_operator.py took 0.103 seconds
[2022-08-23 00:24:24,430] {processor.py:153} INFO - Started process (PID=187859) to work on /home/osboxes/.local/lib/python3.8/site-packages/airflow/example_dags/example_subdag_operator.py
[2022-08-23 00:24:24,431] {processor.py:641} INFO - Processing file /home/osboxes/.local/lib/python3.8/site-packages/airflow/example_dags/example_subdag_operator.py for tasks to queue
[2022-08-23 00:24:24,431] {logging_mixin.py:115} INFO - [2022-08-23 00:24:24,431] {dagbag.py:507} INFO - Filling up the DagBag from /home/osboxes/.local/lib/python3.8/site-packages/airflow/example_dags/example_subdag_operator.py
[2022-08-23 00:24:24,449] {processor.py:651} INFO - DAG(s) dict_keys(['example_subdag_operator.section-1', 'example_subdag_operator.section-2', 'example_subdag_operator']) retrieved from /home/osboxes/.local/lib/python3.8/site-packages/airflow/example_dags/example_subdag_operator.py
[2022-08-23 00:24:24,478] {logging_mixin.py:115} INFO - [2022-08-23 00:24:24,477] {dag.py:2371} INFO - Sync 3 DAGs
[2022-08-23 00:24:24,489] {logging_mixin.py:115} INFO - [2022-08-23 00:24:24,489] {dag.py:2915} INFO - Setting next_dagrun for example_subdag_operator to 2022-08-21T00:00:00+00:00, run_after=2022-08-21T00:00:00+00:00
[2022-08-23 00:24:24,490] {logging_mixin.py:115} INFO - [2022-08-23 00:24:24,490] {dag.py:2915} INFO - Setting next_dagrun for example_subdag_operator.section-1 to None, run_after=None
[2022-08-23 00:24:24,490] {logging_mixin.py:115} INFO - [2022-08-23 00:24:24,490] {dag.py:2915} INFO - Setting next_dagrun for example_subdag_operator.section-2 to None, run_after=None
[2022-08-23 00:24:24,494] {logging_mixin.py:115} INFO - [2022-08-23 00:24:24,494] {dag.py:2371} INFO - Sync 2 DAGs
[2022-08-23 00:24:24,501] {logging_mixin.py:115} INFO - [2022-08-23 00:24:24,501] {dag.py:2915} INFO - Setting next_dagrun for example_subdag_operator.section-1 to None, run_after=None
[2022-08-23 00:24:24,501] {logging_mixin.py:115} INFO - [2022-08-23 00:24:24,501] {dag.py:2915} INFO - Setting next_dagrun for example_subdag_operator.section-2 to None, run_after=None
[2022-08-23 00:24:24,524] {processor.py:161} INFO - Processing /home/osboxes/.local/lib/python3.8/site-packages/airflow/example_dags/example_subdag_operator.py took 0.097 seconds
[2022-08-23 00:25:01,185] {processor.py:153} INFO - Started process (PID=188148) to work on /home/osboxes/.local/lib/python3.8/site-packages/airflow/example_dags/example_subdag_operator.py
[2022-08-23 00:25:01,187] {processor.py:641} INFO - Processing file /home/osboxes/.local/lib/python3.8/site-packages/airflow/example_dags/example_subdag_operator.py for tasks to queue
[2022-08-23 00:25:01,188] {logging_mixin.py:115} INFO - [2022-08-23 00:25:01,188] {dagbag.py:507} INFO - Filling up the DagBag from /home/osboxes/.local/lib/python3.8/site-packages/airflow/example_dags/example_subdag_operator.py
[2022-08-23 00:25:01,204] {processor.py:651} INFO - DAG(s) dict_keys(['example_subdag_operator.section-1', 'example_subdag_operator.section-2', 'example_subdag_operator']) retrieved from /home/osboxes/.local/lib/python3.8/site-packages/airflow/example_dags/example_subdag_operator.py
[2022-08-23 00:25:01,229] {logging_mixin.py:115} INFO - [2022-08-23 00:25:01,229] {dag.py:2371} INFO - Sync 3 DAGs
[2022-08-23 00:25:01,242] {logging_mixin.py:115} INFO - [2022-08-23 00:25:01,242] {dag.py:2915} INFO - Setting next_dagrun for example_subdag_operator to 2022-08-21T00:00:00+00:00, run_after=2022-08-21T00:00:00+00:00
[2022-08-23 00:25:01,242] {logging_mixin.py:115} INFO - [2022-08-23 00:25:01,242] {dag.py:2915} INFO - Setting next_dagrun for example_subdag_operator.section-1 to None, run_after=None
[2022-08-23 00:25:01,242] {logging_mixin.py:115} INFO - [2022-08-23 00:25:01,242] {dag.py:2915} INFO - Setting next_dagrun for example_subdag_operator.section-2 to None, run_after=None
[2022-08-23 00:25:01,247] {logging_mixin.py:115} INFO - [2022-08-23 00:25:01,247] {dag.py:2371} INFO - Sync 2 DAGs
[2022-08-23 00:25:01,270] {logging_mixin.py:115} INFO - [2022-08-23 00:25:01,269] {dag.py:2915} INFO - Setting next_dagrun for example_subdag_operator.section-1 to None, run_after=None
[2022-08-23 00:25:01,270] {logging_mixin.py:115} INFO - [2022-08-23 00:25:01,270] {dag.py:2915} INFO - Setting next_dagrun for example_subdag_operator.section-2 to None, run_after=None
[2022-08-23 00:25:01,307] {processor.py:161} INFO - Processing /home/osboxes/.local/lib/python3.8/site-packages/airflow/example_dags/example_subdag_operator.py took 0.123 seconds
[2022-08-23 00:25:38,023] {processor.py:153} INFO - Started process (PID=188496) to work on /home/osboxes/.local/lib/python3.8/site-packages/airflow/example_dags/example_subdag_operator.py
[2022-08-23 00:25:38,025] {processor.py:641} INFO - Processing file /home/osboxes/.local/lib/python3.8/site-packages/airflow/example_dags/example_subdag_operator.py for tasks to queue
[2022-08-23 00:25:38,025] {logging_mixin.py:115} INFO - [2022-08-23 00:25:38,025] {dagbag.py:507} INFO - Filling up the DagBag from /home/osboxes/.local/lib/python3.8/site-packages/airflow/example_dags/example_subdag_operator.py
[2022-08-23 00:25:38,041] {processor.py:651} INFO - DAG(s) dict_keys(['example_subdag_operator.section-1', 'example_subdag_operator.section-2', 'example_subdag_operator']) retrieved from /home/osboxes/.local/lib/python3.8/site-packages/airflow/example_dags/example_subdag_operator.py
[2022-08-23 00:25:38,070] {logging_mixin.py:115} INFO - [2022-08-23 00:25:38,070] {dag.py:2371} INFO - Sync 3 DAGs
[2022-08-23 00:25:38,081] {logging_mixin.py:115} INFO - [2022-08-23 00:25:38,081] {dag.py:2915} INFO - Setting next_dagrun for example_subdag_operator to 2022-08-21T00:00:00+00:00, run_after=2022-08-21T00:00:00+00:00
[2022-08-23 00:25:38,081] {logging_mixin.py:115} INFO - [2022-08-23 00:25:38,081] {dag.py:2915} INFO - Setting next_dagrun for example_subdag_operator.section-1 to None, run_after=None
[2022-08-23 00:25:38,081] {logging_mixin.py:115} INFO - [2022-08-23 00:25:38,081] {dag.py:2915} INFO - Setting next_dagrun for example_subdag_operator.section-2 to None, run_after=None
[2022-08-23 00:25:38,086] {logging_mixin.py:115} INFO - [2022-08-23 00:25:38,085] {dag.py:2371} INFO - Sync 2 DAGs
[2022-08-23 00:25:38,091] {logging_mixin.py:115} INFO - [2022-08-23 00:25:38,091] {dag.py:2915} INFO - Setting next_dagrun for example_subdag_operator.section-1 to None, run_after=None
[2022-08-23 00:25:38,091] {logging_mixin.py:115} INFO - [2022-08-23 00:25:38,091] {dag.py:2915} INFO - Setting next_dagrun for example_subdag_operator.section-2 to None, run_after=None
[2022-08-23 00:25:38,122] {processor.py:161} INFO - Processing /home/osboxes/.local/lib/python3.8/site-packages/airflow/example_dags/example_subdag_operator.py took 0.101 seconds
[2022-08-23 00:26:15,026] {processor.py:153} INFO - Started process (PID=188804) to work on /home/osboxes/.local/lib/python3.8/site-packages/airflow/example_dags/example_subdag_operator.py
[2022-08-23 00:26:15,027] {processor.py:641} INFO - Processing file /home/osboxes/.local/lib/python3.8/site-packages/airflow/example_dags/example_subdag_operator.py for tasks to queue
[2022-08-23 00:26:15,028] {logging_mixin.py:115} INFO - [2022-08-23 00:26:15,028] {dagbag.py:507} INFO - Filling up the DagBag from /home/osboxes/.local/lib/python3.8/site-packages/airflow/example_dags/example_subdag_operator.py
[2022-08-23 00:26:15,043] {processor.py:651} INFO - DAG(s) dict_keys(['example_subdag_operator.section-1', 'example_subdag_operator.section-2', 'example_subdag_operator']) retrieved from /home/osboxes/.local/lib/python3.8/site-packages/airflow/example_dags/example_subdag_operator.py
[2022-08-23 00:26:15,070] {logging_mixin.py:115} INFO - [2022-08-23 00:26:15,070] {dag.py:2371} INFO - Sync 3 DAGs
[2022-08-23 00:26:15,082] {logging_mixin.py:115} INFO - [2022-08-23 00:26:15,082] {dag.py:2915} INFO - Setting next_dagrun for example_subdag_operator to 2022-08-21T00:00:00+00:00, run_after=2022-08-21T00:00:00+00:00
[2022-08-23 00:26:15,082] {logging_mixin.py:115} INFO - [2022-08-23 00:26:15,082] {dag.py:2915} INFO - Setting next_dagrun for example_subdag_operator.section-1 to None, run_after=None
[2022-08-23 00:26:15,082] {logging_mixin.py:115} INFO - [2022-08-23 00:26:15,082] {dag.py:2915} INFO - Setting next_dagrun for example_subdag_operator.section-2 to None, run_after=None
[2022-08-23 00:26:15,086] {logging_mixin.py:115} INFO - [2022-08-23 00:26:15,086] {dag.py:2371} INFO - Sync 2 DAGs
[2022-08-23 00:26:15,093] {logging_mixin.py:115} INFO - [2022-08-23 00:26:15,093] {dag.py:2915} INFO - Setting next_dagrun for example_subdag_operator.section-1 to None, run_after=None
[2022-08-23 00:26:15,093] {logging_mixin.py:115} INFO - [2022-08-23 00:26:15,093] {dag.py:2915} INFO - Setting next_dagrun for example_subdag_operator.section-2 to None, run_after=None
[2022-08-23 00:26:15,117] {processor.py:161} INFO - Processing /home/osboxes/.local/lib/python3.8/site-packages/airflow/example_dags/example_subdag_operator.py took 0.093 seconds
[2022-08-23 00:26:58,615] {processor.py:153} INFO - Started process (PID=189160) to work on /home/osboxes/.local/lib/python3.8/site-packages/airflow/example_dags/example_subdag_operator.py
[2022-08-23 00:26:58,617] {processor.py:641} INFO - Processing file /home/osboxes/.local/lib/python3.8/site-packages/airflow/example_dags/example_subdag_operator.py for tasks to queue
[2022-08-23 00:26:58,618] {logging_mixin.py:115} INFO - [2022-08-23 00:26:58,618] {dagbag.py:507} INFO - Filling up the DagBag from /home/osboxes/.local/lib/python3.8/site-packages/airflow/example_dags/example_subdag_operator.py
[2022-08-23 00:26:58,633] {processor.py:651} INFO - DAG(s) dict_keys(['example_subdag_operator.section-1', 'example_subdag_operator.section-2', 'example_subdag_operator']) retrieved from /home/osboxes/.local/lib/python3.8/site-packages/airflow/example_dags/example_subdag_operator.py
[2022-08-23 00:26:58,660] {logging_mixin.py:115} INFO - [2022-08-23 00:26:58,660] {dag.py:2371} INFO - Sync 3 DAGs
[2022-08-23 00:26:58,672] {logging_mixin.py:115} INFO - [2022-08-23 00:26:58,672] {dag.py:2915} INFO - Setting next_dagrun for example_subdag_operator to 2022-08-21T00:00:00+00:00, run_after=2022-08-21T00:00:00+00:00
[2022-08-23 00:26:58,672] {logging_mixin.py:115} INFO - [2022-08-23 00:26:58,672] {dag.py:2915} INFO - Setting next_dagrun for example_subdag_operator.section-1 to None, run_after=None
[2022-08-23 00:26:58,672] {logging_mixin.py:115} INFO - [2022-08-23 00:26:58,672] {dag.py:2915} INFO - Setting next_dagrun for example_subdag_operator.section-2 to None, run_after=None
[2022-08-23 00:26:58,677] {logging_mixin.py:115} INFO - [2022-08-23 00:26:58,677] {dag.py:2371} INFO - Sync 2 DAGs
[2022-08-23 00:26:58,682] {logging_mixin.py:115} INFO - [2022-08-23 00:26:58,682] {dag.py:2915} INFO - Setting next_dagrun for example_subdag_operator.section-1 to None, run_after=None
[2022-08-23 00:26:58,682] {logging_mixin.py:115} INFO - [2022-08-23 00:26:58,682] {dag.py:2915} INFO - Setting next_dagrun for example_subdag_operator.section-2 to None, run_after=None
[2022-08-23 00:26:58,721] {processor.py:161} INFO - Processing /home/osboxes/.local/lib/python3.8/site-packages/airflow/example_dags/example_subdag_operator.py took 0.109 seconds
[2022-08-23 00:27:37,596] {processor.py:153} INFO - Started process (PID=189471) to work on /home/osboxes/.local/lib/python3.8/site-packages/airflow/example_dags/example_subdag_operator.py
[2022-08-23 00:27:37,598] {processor.py:641} INFO - Processing file /home/osboxes/.local/lib/python3.8/site-packages/airflow/example_dags/example_subdag_operator.py for tasks to queue
[2022-08-23 00:27:37,598] {logging_mixin.py:115} INFO - [2022-08-23 00:27:37,598] {dagbag.py:507} INFO - Filling up the DagBag from /home/osboxes/.local/lib/python3.8/site-packages/airflow/example_dags/example_subdag_operator.py
[2022-08-23 00:27:37,614] {processor.py:651} INFO - DAG(s) dict_keys(['example_subdag_operator.section-1', 'example_subdag_operator.section-2', 'example_subdag_operator']) retrieved from /home/osboxes/.local/lib/python3.8/site-packages/airflow/example_dags/example_subdag_operator.py
[2022-08-23 00:27:37,640] {logging_mixin.py:115} INFO - [2022-08-23 00:27:37,640] {dag.py:2371} INFO - Sync 3 DAGs
[2022-08-23 00:27:37,652] {logging_mixin.py:115} INFO - [2022-08-23 00:27:37,652] {dag.py:2915} INFO - Setting next_dagrun for example_subdag_operator to 2022-08-21T00:00:00+00:00, run_after=2022-08-21T00:00:00+00:00
[2022-08-23 00:27:37,653] {logging_mixin.py:115} INFO - [2022-08-23 00:27:37,653] {dag.py:2915} INFO - Setting next_dagrun for example_subdag_operator.section-1 to None, run_after=None
[2022-08-23 00:27:37,653] {logging_mixin.py:115} INFO - [2022-08-23 00:27:37,653] {dag.py:2915} INFO - Setting next_dagrun for example_subdag_operator.section-2 to None, run_after=None
[2022-08-23 00:27:37,659] {logging_mixin.py:115} INFO - [2022-08-23 00:27:37,659] {dag.py:2371} INFO - Sync 2 DAGs
[2022-08-23 00:27:37,662] {logging_mixin.py:115} INFO - [2022-08-23 00:27:37,662] {dag.py:2915} INFO - Setting next_dagrun for example_subdag_operator.section-1 to None, run_after=None
[2022-08-23 00:27:37,662] {logging_mixin.py:115} INFO - [2022-08-23 00:27:37,662] {dag.py:2915} INFO - Setting next_dagrun for example_subdag_operator.section-2 to None, run_after=None
[2022-08-23 00:27:37,701] {processor.py:161} INFO - Processing /home/osboxes/.local/lib/python3.8/site-packages/airflow/example_dags/example_subdag_operator.py took 0.107 seconds
[2022-08-23 00:28:14,618] {processor.py:153} INFO - Started process (PID=189777) to work on /home/osboxes/.local/lib/python3.8/site-packages/airflow/example_dags/example_subdag_operator.py
[2022-08-23 00:28:14,620] {processor.py:641} INFO - Processing file /home/osboxes/.local/lib/python3.8/site-packages/airflow/example_dags/example_subdag_operator.py for tasks to queue
[2022-08-23 00:28:14,620] {logging_mixin.py:115} INFO - [2022-08-23 00:28:14,620] {dagbag.py:507} INFO - Filling up the DagBag from /home/osboxes/.local/lib/python3.8/site-packages/airflow/example_dags/example_subdag_operator.py
[2022-08-23 00:28:14,636] {processor.py:651} INFO - DAG(s) dict_keys(['example_subdag_operator.section-1', 'example_subdag_operator.section-2', 'example_subdag_operator']) retrieved from /home/osboxes/.local/lib/python3.8/site-packages/airflow/example_dags/example_subdag_operator.py
[2022-08-23 00:28:14,671] {logging_mixin.py:115} INFO - [2022-08-23 00:28:14,671] {dag.py:2371} INFO - Sync 3 DAGs
[2022-08-23 00:28:14,686] {logging_mixin.py:115} INFO - [2022-08-23 00:28:14,686] {dag.py:2915} INFO - Setting next_dagrun for example_subdag_operator to 2022-08-21T00:00:00+00:00, run_after=2022-08-21T00:00:00+00:00
[2022-08-23 00:28:14,686] {logging_mixin.py:115} INFO - [2022-08-23 00:28:14,686] {dag.py:2915} INFO - Setting next_dagrun for example_subdag_operator.section-1 to None, run_after=None
[2022-08-23 00:28:14,686] {logging_mixin.py:115} INFO - [2022-08-23 00:28:14,686] {dag.py:2915} INFO - Setting next_dagrun for example_subdag_operator.section-2 to None, run_after=None
[2022-08-23 00:28:14,690] {logging_mixin.py:115} INFO - [2022-08-23 00:28:14,690] {dag.py:2371} INFO - Sync 2 DAGs
[2022-08-23 00:28:14,694] {logging_mixin.py:115} INFO - [2022-08-23 00:28:14,694] {dag.py:2915} INFO - Setting next_dagrun for example_subdag_operator.section-1 to None, run_after=None
[2022-08-23 00:28:14,695] {logging_mixin.py:115} INFO - [2022-08-23 00:28:14,694] {dag.py:2915} INFO - Setting next_dagrun for example_subdag_operator.section-2 to None, run_after=None
[2022-08-23 00:28:14,723] {processor.py:161} INFO - Processing /home/osboxes/.local/lib/python3.8/site-packages/airflow/example_dags/example_subdag_operator.py took 0.107 seconds
[2022-08-23 00:28:53,909] {processor.py:153} INFO - Started process (PID=190087) to work on /home/osboxes/.local/lib/python3.8/site-packages/airflow/example_dags/example_subdag_operator.py
[2022-08-23 00:28:53,910] {processor.py:641} INFO - Processing file /home/osboxes/.local/lib/python3.8/site-packages/airflow/example_dags/example_subdag_operator.py for tasks to queue
[2022-08-23 00:28:53,911] {logging_mixin.py:115} INFO - [2022-08-23 00:28:53,910] {dagbag.py:507} INFO - Filling up the DagBag from /home/osboxes/.local/lib/python3.8/site-packages/airflow/example_dags/example_subdag_operator.py
[2022-08-23 00:28:53,926] {processor.py:651} INFO - DAG(s) dict_keys(['example_subdag_operator.section-1', 'example_subdag_operator.section-2', 'example_subdag_operator']) retrieved from /home/osboxes/.local/lib/python3.8/site-packages/airflow/example_dags/example_subdag_operator.py
[2022-08-23 00:28:53,952] {logging_mixin.py:115} INFO - [2022-08-23 00:28:53,952] {dag.py:2371} INFO - Sync 3 DAGs
[2022-08-23 00:28:53,964] {logging_mixin.py:115} INFO - [2022-08-23 00:28:53,964] {dag.py:2915} INFO - Setting next_dagrun for example_subdag_operator to 2022-08-21T00:00:00+00:00, run_after=2022-08-21T00:00:00+00:00
[2022-08-23 00:28:53,964] {logging_mixin.py:115} INFO - [2022-08-23 00:28:53,964] {dag.py:2915} INFO - Setting next_dagrun for example_subdag_operator.section-1 to None, run_after=None
[2022-08-23 00:28:53,964] {logging_mixin.py:115} INFO - [2022-08-23 00:28:53,964] {dag.py:2915} INFO - Setting next_dagrun for example_subdag_operator.section-2 to None, run_after=None
[2022-08-23 00:28:53,970] {logging_mixin.py:115} INFO - [2022-08-23 00:28:53,970] {dag.py:2371} INFO - Sync 2 DAGs
[2022-08-23 00:28:53,974] {logging_mixin.py:115} INFO - [2022-08-23 00:28:53,973] {dag.py:2915} INFO - Setting next_dagrun for example_subdag_operator.section-1 to None, run_after=None
[2022-08-23 00:28:53,974] {logging_mixin.py:115} INFO - [2022-08-23 00:28:53,974] {dag.py:2915} INFO - Setting next_dagrun for example_subdag_operator.section-2 to None, run_after=None
[2022-08-23 00:28:54,011] {processor.py:161} INFO - Processing /home/osboxes/.local/lib/python3.8/site-packages/airflow/example_dags/example_subdag_operator.py took 0.105 seconds
[2022-08-23 00:29:28,748] {processor.py:153} INFO - Started process (PID=190356) to work on /home/osboxes/.local/lib/python3.8/site-packages/airflow/example_dags/example_subdag_operator.py
[2022-08-23 00:29:28,749] {processor.py:641} INFO - Processing file /home/osboxes/.local/lib/python3.8/site-packages/airflow/example_dags/example_subdag_operator.py for tasks to queue
[2022-08-23 00:29:28,750] {logging_mixin.py:115} INFO - [2022-08-23 00:29:28,750] {dagbag.py:507} INFO - Filling up the DagBag from /home/osboxes/.local/lib/python3.8/site-packages/airflow/example_dags/example_subdag_operator.py
[2022-08-23 00:29:28,766] {processor.py:651} INFO - DAG(s) dict_keys(['example_subdag_operator.section-1', 'example_subdag_operator.section-2', 'example_subdag_operator']) retrieved from /home/osboxes/.local/lib/python3.8/site-packages/airflow/example_dags/example_subdag_operator.py
[2022-08-23 00:29:28,800] {logging_mixin.py:115} INFO - [2022-08-23 00:29:28,800] {dag.py:2371} INFO - Sync 3 DAGs
[2022-08-23 00:29:28,814] {logging_mixin.py:115} INFO - [2022-08-23 00:29:28,814] {dag.py:2915} INFO - Setting next_dagrun for example_subdag_operator to 2022-08-21T00:00:00+00:00, run_after=2022-08-21T00:00:00+00:00
[2022-08-23 00:29:28,815] {logging_mixin.py:115} INFO - [2022-08-23 00:29:28,815] {dag.py:2915} INFO - Setting next_dagrun for example_subdag_operator.section-1 to None, run_after=None
[2022-08-23 00:29:28,815] {logging_mixin.py:115} INFO - [2022-08-23 00:29:28,815] {dag.py:2915} INFO - Setting next_dagrun for example_subdag_operator.section-2 to None, run_after=None
[2022-08-23 00:29:28,820] {logging_mixin.py:115} INFO - [2022-08-23 00:29:28,820] {dag.py:2371} INFO - Sync 2 DAGs
[2022-08-23 00:29:28,824] {logging_mixin.py:115} INFO - [2022-08-23 00:29:28,824] {dag.py:2915} INFO - Setting next_dagrun for example_subdag_operator.section-1 to None, run_after=None
[2022-08-23 00:29:28,824] {logging_mixin.py:115} INFO - [2022-08-23 00:29:28,824] {dag.py:2915} INFO - Setting next_dagrun for example_subdag_operator.section-2 to None, run_after=None
[2022-08-23 00:29:28,866] {processor.py:161} INFO - Processing /home/osboxes/.local/lib/python3.8/site-packages/airflow/example_dags/example_subdag_operator.py took 0.121 seconds
[2022-08-23 00:30:08,893] {processor.py:153} INFO - Started process (PID=190738) to work on /home/osboxes/.local/lib/python3.8/site-packages/airflow/example_dags/example_subdag_operator.py
[2022-08-23 00:30:08,895] {processor.py:641} INFO - Processing file /home/osboxes/.local/lib/python3.8/site-packages/airflow/example_dags/example_subdag_operator.py for tasks to queue
[2022-08-23 00:30:08,895] {logging_mixin.py:115} INFO - [2022-08-23 00:30:08,895] {dagbag.py:507} INFO - Filling up the DagBag from /home/osboxes/.local/lib/python3.8/site-packages/airflow/example_dags/example_subdag_operator.py
[2022-08-23 00:30:08,912] {processor.py:651} INFO - DAG(s) dict_keys(['example_subdag_operator.section-1', 'example_subdag_operator.section-2', 'example_subdag_operator']) retrieved from /home/osboxes/.local/lib/python3.8/site-packages/airflow/example_dags/example_subdag_operator.py
[2022-08-23 00:30:08,935] {logging_mixin.py:115} INFO - [2022-08-23 00:30:08,935] {dag.py:2371} INFO - Sync 3 DAGs
[2022-08-23 00:30:08,949] {logging_mixin.py:115} INFO - [2022-08-23 00:30:08,947] {dag.py:2915} INFO - Setting next_dagrun for example_subdag_operator to 2022-08-21T00:00:00+00:00, run_after=2022-08-21T00:00:00+00:00
[2022-08-23 00:30:08,949] {logging_mixin.py:115} INFO - [2022-08-23 00:30:08,949] {dag.py:2915} INFO - Setting next_dagrun for example_subdag_operator.section-1 to None, run_after=None
[2022-08-23 00:30:08,950] {logging_mixin.py:115} INFO - [2022-08-23 00:30:08,950] {dag.py:2915} INFO - Setting next_dagrun for example_subdag_operator.section-2 to None, run_after=None
[2022-08-23 00:30:08,954] {logging_mixin.py:115} INFO - [2022-08-23 00:30:08,954] {dag.py:2371} INFO - Sync 2 DAGs
[2022-08-23 00:30:08,957] {logging_mixin.py:115} INFO - [2022-08-23 00:30:08,957] {dag.py:2915} INFO - Setting next_dagrun for example_subdag_operator.section-1 to None, run_after=None
[2022-08-23 00:30:08,957] {logging_mixin.py:115} INFO - [2022-08-23 00:30:08,957] {dag.py:2915} INFO - Setting next_dagrun for example_subdag_operator.section-2 to None, run_after=None
[2022-08-23 00:30:08,997] {processor.py:161} INFO - Processing /home/osboxes/.local/lib/python3.8/site-packages/airflow/example_dags/example_subdag_operator.py took 0.107 seconds
[2022-08-23 00:30:52,466] {processor.py:153} INFO - Started process (PID=191090) to work on /home/osboxes/.local/lib/python3.8/site-packages/airflow/example_dags/example_subdag_operator.py
[2022-08-23 00:30:52,470] {processor.py:641} INFO - Processing file /home/osboxes/.local/lib/python3.8/site-packages/airflow/example_dags/example_subdag_operator.py for tasks to queue
[2022-08-23 00:30:52,471] {logging_mixin.py:115} INFO - [2022-08-23 00:30:52,471] {dagbag.py:507} INFO - Filling up the DagBag from /home/osboxes/.local/lib/python3.8/site-packages/airflow/example_dags/example_subdag_operator.py
[2022-08-23 00:30:52,559] {processor.py:651} INFO - DAG(s) dict_keys(['example_subdag_operator.section-1', 'example_subdag_operator.section-2', 'example_subdag_operator']) retrieved from /home/osboxes/.local/lib/python3.8/site-packages/airflow/example_dags/example_subdag_operator.py
[2022-08-23 00:30:52,810] {logging_mixin.py:115} INFO - [2022-08-23 00:30:52,806] {dag.py:2371} INFO - Sync 3 DAGs
[2022-08-23 00:30:53,084] {logging_mixin.py:115} INFO - [2022-08-23 00:30:53,084] {dag.py:2915} INFO - Setting next_dagrun for example_subdag_operator to 2022-08-21T00:00:00+00:00, run_after=2022-08-21T00:00:00+00:00
[2022-08-23 00:30:53,088] {logging_mixin.py:115} INFO - [2022-08-23 00:30:53,086] {dag.py:2915} INFO - Setting next_dagrun for example_subdag_operator.section-1 to None, run_after=None
[2022-08-23 00:30:53,091] {logging_mixin.py:115} INFO - [2022-08-23 00:30:53,091] {dag.py:2915} INFO - Setting next_dagrun for example_subdag_operator.section-2 to None, run_after=None
[2022-08-23 00:30:53,231] {logging_mixin.py:115} INFO - [2022-08-23 00:30:53,231] {dag.py:2371} INFO - Sync 2 DAGs
[2022-08-23 00:30:53,285] {logging_mixin.py:115} INFO - [2022-08-23 00:30:53,284] {dag.py:2915} INFO - Setting next_dagrun for example_subdag_operator.section-1 to None, run_after=None
[2022-08-23 00:30:53,291] {logging_mixin.py:115} INFO - [2022-08-23 00:30:53,290] {dag.py:2915} INFO - Setting next_dagrun for example_subdag_operator.section-2 to None, run_after=None
[2022-08-23 00:30:53,661] {processor.py:161} INFO - Processing /home/osboxes/.local/lib/python3.8/site-packages/airflow/example_dags/example_subdag_operator.py took 1.204 seconds
[2022-08-23 00:31:34,911] {processor.py:153} INFO - Started process (PID=191450) to work on /home/osboxes/.local/lib/python3.8/site-packages/airflow/example_dags/example_subdag_operator.py
[2022-08-23 00:31:34,914] {processor.py:641} INFO - Processing file /home/osboxes/.local/lib/python3.8/site-packages/airflow/example_dags/example_subdag_operator.py for tasks to queue
[2022-08-23 00:31:34,915] {logging_mixin.py:115} INFO - [2022-08-23 00:31:34,915] {dagbag.py:507} INFO - Filling up the DagBag from /home/osboxes/.local/lib/python3.8/site-packages/airflow/example_dags/example_subdag_operator.py
[2022-08-23 00:31:34,932] {processor.py:651} INFO - DAG(s) dict_keys(['example_subdag_operator.section-1', 'example_subdag_operator.section-2', 'example_subdag_operator']) retrieved from /home/osboxes/.local/lib/python3.8/site-packages/airflow/example_dags/example_subdag_operator.py
[2022-08-23 00:31:34,961] {logging_mixin.py:115} INFO - [2022-08-23 00:31:34,961] {dag.py:2371} INFO - Sync 3 DAGs
[2022-08-23 00:31:34,974] {logging_mixin.py:115} INFO - [2022-08-23 00:31:34,974] {dag.py:2915} INFO - Setting next_dagrun for example_subdag_operator to 2022-08-21T00:00:00+00:00, run_after=2022-08-21T00:00:00+00:00
[2022-08-23 00:31:34,974] {logging_mixin.py:115} INFO - [2022-08-23 00:31:34,974] {dag.py:2915} INFO - Setting next_dagrun for example_subdag_operator.section-1 to None, run_after=None
[2022-08-23 00:31:34,974] {logging_mixin.py:115} INFO - [2022-08-23 00:31:34,974] {dag.py:2915} INFO - Setting next_dagrun for example_subdag_operator.section-2 to None, run_after=None
[2022-08-23 00:31:34,981] {logging_mixin.py:115} INFO - [2022-08-23 00:31:34,980] {dag.py:2371} INFO - Sync 2 DAGs
[2022-08-23 00:31:34,984] {logging_mixin.py:115} INFO - [2022-08-23 00:31:34,984] {dag.py:2915} INFO - Setting next_dagrun for example_subdag_operator.section-1 to None, run_after=None
[2022-08-23 00:31:34,984] {logging_mixin.py:115} INFO - [2022-08-23 00:31:34,984] {dag.py:2915} INFO - Setting next_dagrun for example_subdag_operator.section-2 to None, run_after=None
[2022-08-23 00:31:35,007] {processor.py:161} INFO - Processing /home/osboxes/.local/lib/python3.8/site-packages/airflow/example_dags/example_subdag_operator.py took 0.098 seconds
[2022-08-23 00:32:14,197] {processor.py:153} INFO - Started process (PID=191756) to work on /home/osboxes/.local/lib/python3.8/site-packages/airflow/example_dags/example_subdag_operator.py
[2022-08-23 00:32:14,200] {processor.py:641} INFO - Processing file /home/osboxes/.local/lib/python3.8/site-packages/airflow/example_dags/example_subdag_operator.py for tasks to queue
[2022-08-23 00:32:14,200] {logging_mixin.py:115} INFO - [2022-08-23 00:32:14,200] {dagbag.py:507} INFO - Filling up the DagBag from /home/osboxes/.local/lib/python3.8/site-packages/airflow/example_dags/example_subdag_operator.py
[2022-08-23 00:32:14,217] {processor.py:651} INFO - DAG(s) dict_keys(['example_subdag_operator.section-1', 'example_subdag_operator.section-2', 'example_subdag_operator']) retrieved from /home/osboxes/.local/lib/python3.8/site-packages/airflow/example_dags/example_subdag_operator.py
[2022-08-23 00:32:14,255] {logging_mixin.py:115} INFO - [2022-08-23 00:32:14,255] {dag.py:2371} INFO - Sync 3 DAGs
[2022-08-23 00:32:14,270] {logging_mixin.py:115} INFO - [2022-08-23 00:32:14,270] {dag.py:2915} INFO - Setting next_dagrun for example_subdag_operator to 2022-08-21T00:00:00+00:00, run_after=2022-08-21T00:00:00+00:00
[2022-08-23 00:32:14,271] {logging_mixin.py:115} INFO - [2022-08-23 00:32:14,271] {dag.py:2915} INFO - Setting next_dagrun for example_subdag_operator.section-1 to None, run_after=None
[2022-08-23 00:32:14,271] {logging_mixin.py:115} INFO - [2022-08-23 00:32:14,271] {dag.py:2915} INFO - Setting next_dagrun for example_subdag_operator.section-2 to None, run_after=None
[2022-08-23 00:32:14,277] {logging_mixin.py:115} INFO - [2022-08-23 00:32:14,276] {dag.py:2371} INFO - Sync 2 DAGs
[2022-08-23 00:32:14,280] {logging_mixin.py:115} INFO - [2022-08-23 00:32:14,280] {dag.py:2915} INFO - Setting next_dagrun for example_subdag_operator.section-1 to None, run_after=None
[2022-08-23 00:32:14,281] {logging_mixin.py:115} INFO - [2022-08-23 00:32:14,281] {dag.py:2915} INFO - Setting next_dagrun for example_subdag_operator.section-2 to None, run_after=None
[2022-08-23 00:32:14,304] {processor.py:161} INFO - Processing /home/osboxes/.local/lib/python3.8/site-packages/airflow/example_dags/example_subdag_operator.py took 0.109 seconds
[2022-08-23 00:33:09,116] {processor.py:153} INFO - Started process (PID=192266) to work on /home/osboxes/.local/lib/python3.8/site-packages/airflow/example_dags/example_subdag_operator.py
[2022-08-23 00:33:09,126] {processor.py:641} INFO - Processing file /home/osboxes/.local/lib/python3.8/site-packages/airflow/example_dags/example_subdag_operator.py for tasks to queue
[2022-08-23 00:33:09,127] {logging_mixin.py:115} INFO - [2022-08-23 00:33:09,127] {dagbag.py:507} INFO - Filling up the DagBag from /home/osboxes/.local/lib/python3.8/site-packages/airflow/example_dags/example_subdag_operator.py
[2022-08-23 00:33:09,144] {processor.py:651} INFO - DAG(s) dict_keys(['example_subdag_operator.section-1', 'example_subdag_operator.section-2', 'example_subdag_operator']) retrieved from /home/osboxes/.local/lib/python3.8/site-packages/airflow/example_dags/example_subdag_operator.py
[2022-08-23 00:33:09,171] {logging_mixin.py:115} INFO - [2022-08-23 00:33:09,171] {dag.py:2371} INFO - Sync 3 DAGs
[2022-08-23 00:33:09,187] {logging_mixin.py:115} INFO - [2022-08-23 00:33:09,186] {dag.py:2915} INFO - Setting next_dagrun for example_subdag_operator to 2022-08-21T00:00:00+00:00, run_after=2022-08-21T00:00:00+00:00
[2022-08-23 00:33:09,187] {logging_mixin.py:115} INFO - [2022-08-23 00:33:09,187] {dag.py:2915} INFO - Setting next_dagrun for example_subdag_operator.section-1 to None, run_after=None
[2022-08-23 00:33:09,187] {logging_mixin.py:115} INFO - [2022-08-23 00:33:09,187] {dag.py:2915} INFO - Setting next_dagrun for example_subdag_operator.section-2 to None, run_after=None
[2022-08-23 00:33:09,191] {logging_mixin.py:115} INFO - [2022-08-23 00:33:09,191] {dag.py:2371} INFO - Sync 2 DAGs
[2022-08-23 00:33:09,214] {logging_mixin.py:115} INFO - [2022-08-23 00:33:09,214] {dag.py:2915} INFO - Setting next_dagrun for example_subdag_operator.section-1 to None, run_after=None
[2022-08-23 00:33:09,221] {logging_mixin.py:115} INFO - [2022-08-23 00:33:09,221] {dag.py:2915} INFO - Setting next_dagrun for example_subdag_operator.section-2 to None, run_after=None
[2022-08-23 00:33:09,250] {processor.py:161} INFO - Processing /home/osboxes/.local/lib/python3.8/site-packages/airflow/example_dags/example_subdag_operator.py took 0.136 seconds
[2022-08-23 00:33:50,650] {processor.py:153} INFO - Started process (PID=192605) to work on /home/osboxes/.local/lib/python3.8/site-packages/airflow/example_dags/example_subdag_operator.py
[2022-08-23 00:33:50,653] {processor.py:641} INFO - Processing file /home/osboxes/.local/lib/python3.8/site-packages/airflow/example_dags/example_subdag_operator.py for tasks to queue
[2022-08-23 00:33:50,653] {logging_mixin.py:115} INFO - [2022-08-23 00:33:50,653] {dagbag.py:507} INFO - Filling up the DagBag from /home/osboxes/.local/lib/python3.8/site-packages/airflow/example_dags/example_subdag_operator.py
[2022-08-23 00:33:50,672] {processor.py:651} INFO - DAG(s) dict_keys(['example_subdag_operator.section-1', 'example_subdag_operator.section-2', 'example_subdag_operator']) retrieved from /home/osboxes/.local/lib/python3.8/site-packages/airflow/example_dags/example_subdag_operator.py
[2022-08-23 00:33:50,699] {logging_mixin.py:115} INFO - [2022-08-23 00:33:50,699] {dag.py:2371} INFO - Sync 3 DAGs
[2022-08-23 00:33:50,712] {logging_mixin.py:115} INFO - [2022-08-23 00:33:50,711] {dag.py:2915} INFO - Setting next_dagrun for example_subdag_operator to 2022-08-21T00:00:00+00:00, run_after=2022-08-21T00:00:00+00:00
[2022-08-23 00:33:50,712] {logging_mixin.py:115} INFO - [2022-08-23 00:33:50,712] {dag.py:2915} INFO - Setting next_dagrun for example_subdag_operator.section-1 to None, run_after=None
[2022-08-23 00:33:50,712] {logging_mixin.py:115} INFO - [2022-08-23 00:33:50,712] {dag.py:2915} INFO - Setting next_dagrun for example_subdag_operator.section-2 to None, run_after=None
[2022-08-23 00:33:50,717] {logging_mixin.py:115} INFO - [2022-08-23 00:33:50,717] {dag.py:2371} INFO - Sync 2 DAGs
[2022-08-23 00:33:50,723] {logging_mixin.py:115} INFO - [2022-08-23 00:33:50,723] {dag.py:2915} INFO - Setting next_dagrun for example_subdag_operator.section-1 to None, run_after=None
[2022-08-23 00:33:50,723] {logging_mixin.py:115} INFO - [2022-08-23 00:33:50,723] {dag.py:2915} INFO - Setting next_dagrun for example_subdag_operator.section-2 to None, run_after=None
[2022-08-23 00:33:50,750] {processor.py:161} INFO - Processing /home/osboxes/.local/lib/python3.8/site-packages/airflow/example_dags/example_subdag_operator.py took 0.102 seconds
[2022-08-23 00:34:30,840] {processor.py:153} INFO - Started process (PID=192930) to work on /home/osboxes/.local/lib/python3.8/site-packages/airflow/example_dags/example_subdag_operator.py
[2022-08-23 00:34:30,843] {processor.py:641} INFO - Processing file /home/osboxes/.local/lib/python3.8/site-packages/airflow/example_dags/example_subdag_operator.py for tasks to queue
[2022-08-23 00:34:30,844] {logging_mixin.py:115} INFO - [2022-08-23 00:34:30,843] {dagbag.py:507} INFO - Filling up the DagBag from /home/osboxes/.local/lib/python3.8/site-packages/airflow/example_dags/example_subdag_operator.py
[2022-08-23 00:34:30,864] {processor.py:651} INFO - DAG(s) dict_keys(['example_subdag_operator.section-1', 'example_subdag_operator.section-2', 'example_subdag_operator']) retrieved from /home/osboxes/.local/lib/python3.8/site-packages/airflow/example_dags/example_subdag_operator.py
[2022-08-23 00:34:30,895] {logging_mixin.py:115} INFO - [2022-08-23 00:34:30,895] {dag.py:2371} INFO - Sync 3 DAGs
[2022-08-23 00:34:30,907] {logging_mixin.py:115} INFO - [2022-08-23 00:34:30,907] {dag.py:2915} INFO - Setting next_dagrun for example_subdag_operator to 2022-08-21T00:00:00+00:00, run_after=2022-08-21T00:00:00+00:00
[2022-08-23 00:34:30,908] {logging_mixin.py:115} INFO - [2022-08-23 00:34:30,908] {dag.py:2915} INFO - Setting next_dagrun for example_subdag_operator.section-1 to None, run_after=None
[2022-08-23 00:34:30,908] {logging_mixin.py:115} INFO - [2022-08-23 00:34:30,908] {dag.py:2915} INFO - Setting next_dagrun for example_subdag_operator.section-2 to None, run_after=None
[2022-08-23 00:34:30,914] {logging_mixin.py:115} INFO - [2022-08-23 00:34:30,914] {dag.py:2371} INFO - Sync 2 DAGs
[2022-08-23 00:34:30,917] {logging_mixin.py:115} INFO - [2022-08-23 00:34:30,917] {dag.py:2915} INFO - Setting next_dagrun for example_subdag_operator.section-1 to None, run_after=None
[2022-08-23 00:34:30,918] {logging_mixin.py:115} INFO - [2022-08-23 00:34:30,918] {dag.py:2915} INFO - Setting next_dagrun for example_subdag_operator.section-2 to None, run_after=None
[2022-08-23 00:34:30,947] {processor.py:161} INFO - Processing /home/osboxes/.local/lib/python3.8/site-packages/airflow/example_dags/example_subdag_operator.py took 0.109 seconds
[2022-08-23 00:35:07,214] {processor.py:153} INFO - Started process (PID=193278) to work on /home/osboxes/.local/lib/python3.8/site-packages/airflow/example_dags/example_subdag_operator.py
[2022-08-23 00:35:07,215] {processor.py:641} INFO - Processing file /home/osboxes/.local/lib/python3.8/site-packages/airflow/example_dags/example_subdag_operator.py for tasks to queue
[2022-08-23 00:35:07,216] {logging_mixin.py:115} INFO - [2022-08-23 00:35:07,216] {dagbag.py:507} INFO - Filling up the DagBag from /home/osboxes/.local/lib/python3.8/site-packages/airflow/example_dags/example_subdag_operator.py
[2022-08-23 00:35:07,244] {processor.py:651} INFO - DAG(s) dict_keys(['example_subdag_operator.section-1', 'example_subdag_operator.section-2', 'example_subdag_operator']) retrieved from /home/osboxes/.local/lib/python3.8/site-packages/airflow/example_dags/example_subdag_operator.py
[2022-08-23 00:35:07,298] {logging_mixin.py:115} INFO - [2022-08-23 00:35:07,298] {dag.py:2371} INFO - Sync 3 DAGs
[2022-08-23 00:35:07,325] {logging_mixin.py:115} INFO - [2022-08-23 00:35:07,325] {dag.py:2915} INFO - Setting next_dagrun for example_subdag_operator to 2022-08-21T00:00:00+00:00, run_after=2022-08-21T00:00:00+00:00
[2022-08-23 00:35:07,326] {logging_mixin.py:115} INFO - [2022-08-23 00:35:07,326] {dag.py:2915} INFO - Setting next_dagrun for example_subdag_operator.section-1 to None, run_after=None
[2022-08-23 00:35:07,326] {logging_mixin.py:115} INFO - [2022-08-23 00:35:07,326] {dag.py:2915} INFO - Setting next_dagrun for example_subdag_operator.section-2 to None, run_after=None
[2022-08-23 00:35:07,336] {logging_mixin.py:115} INFO - [2022-08-23 00:35:07,336] {dag.py:2371} INFO - Sync 2 DAGs
[2022-08-23 00:35:07,343] {logging_mixin.py:115} INFO - [2022-08-23 00:35:07,343] {dag.py:2915} INFO - Setting next_dagrun for example_subdag_operator.section-1 to None, run_after=None
[2022-08-23 00:35:07,344] {logging_mixin.py:115} INFO - [2022-08-23 00:35:07,344] {dag.py:2915} INFO - Setting next_dagrun for example_subdag_operator.section-2 to None, run_after=None
[2022-08-23 00:35:07,372] {processor.py:161} INFO - Processing /home/osboxes/.local/lib/python3.8/site-packages/airflow/example_dags/example_subdag_operator.py took 0.162 seconds
                                                                                                                                                                                                                                                                                                                                                                                                                                                                                                                                                                                                                                                                                                                                                                                                                                                                                                                                                                                                                                                                                                                                                                                                                                                                                                                                                                                                                                                                                                                            