[2022-08-23 00:07:42,119] {processor.py:153} INFO - Started process (PID=179625) to work on /home/osboxes/.local/lib/python3.8/site-packages/airflow/example_dags/example_bash_operator.py
[2022-08-23 00:07:42,119] {processor.py:641} INFO - Processing file /home/osboxes/.local/lib/python3.8/site-packages/airflow/example_dags/example_bash_operator.py for tasks to queue
[2022-08-23 00:07:42,120] {logging_mixin.py:115} INFO - [2022-08-23 00:07:42,120] {dagbag.py:507} INFO - Filling up the DagBag from /home/osboxes/.local/lib/python3.8/site-packages/airflow/example_dags/example_bash_operator.py
[2022-08-23 00:07:42,130] {processor.py:651} INFO - DAG(s) dict_keys(['example_bash_operator']) retrieved from /home/osboxes/.local/lib/python3.8/site-packages/airflow/example_dags/example_bash_operator.py
[2022-08-23 00:07:42,151] {logging_mixin.py:115} INFO - [2022-08-23 00:07:42,151] {dag.py:2371} INFO - Sync 1 DAGs
[2022-08-23 00:07:42,167] {logging_mixin.py:115} INFO - [2022-08-23 00:07:42,166] {dag.py:2915} INFO - Setting next_dagrun for example_bash_operator to 2022-08-22T00:00:00+00:00, run_after=2022-08-23T00:00:00+00:00
[2022-08-23 00:07:42,210] {processor.py:161} INFO - Processing /home/osboxes/.local/lib/python3.8/site-packages/airflow/example_dags/example_bash_operator.py took 0.094 seconds
[2022-08-23 00:08:24,249] {processor.py:153} INFO - Started process (PID=179952) to work on /home/osboxes/.local/lib/python3.8/site-packages/airflow/example_dags/example_bash_operator.py
[2022-08-23 00:08:24,251] {processor.py:641} INFO - Processing file /home/osboxes/.local/lib/python3.8/site-packages/airflow/example_dags/example_bash_operator.py for tasks to queue
[2022-08-23 00:08:24,251] {logging_mixin.py:115} INFO - [2022-08-23 00:08:24,251] {dagbag.py:507} INFO - Filling up the DagBag from /home/osboxes/.local/lib/python3.8/site-packages/airflow/example_dags/example_bash_operator.py
[2022-08-23 00:08:24,260] {processor.py:651} INFO - DAG(s) dict_keys(['example_bash_operator']) retrieved from /home/osboxes/.local/lib/python3.8/site-packages/airflow/example_dags/example_bash_operator.py
[2022-08-23 00:08:24,278] {logging_mixin.py:115} INFO - [2022-08-23 00:08:24,278] {dag.py:2371} INFO - Sync 1 DAGs
[2022-08-23 00:08:24,291] {logging_mixin.py:115} INFO - [2022-08-23 00:08:24,291] {dag.py:2915} INFO - Setting next_dagrun for example_bash_operator to 2022-08-22T00:00:00+00:00, run_after=2022-08-23T00:00:00+00:00
[2022-08-23 00:08:24,345] {processor.py:161} INFO - Processing /home/osboxes/.local/lib/python3.8/site-packages/airflow/example_dags/example_bash_operator.py took 0.098 seconds
[2022-08-23 00:09:07,111] {processor.py:153} INFO - Started process (PID=180303) to work on /home/osboxes/.local/lib/python3.8/site-packages/airflow/example_dags/example_bash_operator.py
[2022-08-23 00:09:07,113] {processor.py:641} INFO - Processing file /home/osboxes/.local/lib/python3.8/site-packages/airflow/example_dags/example_bash_operator.py for tasks to queue
[2022-08-23 00:09:07,114] {logging_mixin.py:115} INFO - [2022-08-23 00:09:07,114] {dagbag.py:507} INFO - Filling up the DagBag from /home/osboxes/.local/lib/python3.8/site-packages/airflow/example_dags/example_bash_operator.py
[2022-08-23 00:09:07,123] {processor.py:651} INFO - DAG(s) dict_keys(['example_bash_operator']) retrieved from /home/osboxes/.local/lib/python3.8/site-packages/airflow/example_dags/example_bash_operator.py
[2022-08-23 00:09:07,142] {logging_mixin.py:115} INFO - [2022-08-23 00:09:07,142] {dag.py:2371} INFO - Sync 1 DAGs
[2022-08-23 00:09:07,155] {logging_mixin.py:115} INFO - [2022-08-23 00:09:07,155] {dag.py:2915} INFO - Setting next_dagrun for example_bash_operator to 2022-08-22T00:00:00+00:00, run_after=2022-08-23T00:00:00+00:00
[2022-08-23 00:09:07,179] {processor.py:161} INFO - Processing /home/osboxes/.local/lib/python3.8/site-packages/airflow/example_dags/example_bash_operator.py took 0.071 seconds
[2022-08-23 00:09:51,362] {processor.py:153} INFO - Started process (PID=180657) to work on /home/osboxes/.local/lib/python3.8/site-packages/airflow/example_dags/example_bash_operator.py
[2022-08-23 00:09:51,363] {processor.py:641} INFO - Processing file /home/osboxes/.local/lib/python3.8/site-packages/airflow/example_dags/example_bash_operator.py for tasks to queue
[2022-08-23 00:09:51,364] {logging_mixin.py:115} INFO - [2022-08-23 00:09:51,364] {dagbag.py:507} INFO - Filling up the DagBag from /home/osboxes/.local/lib/python3.8/site-packages/airflow/example_dags/example_bash_operator.py
[2022-08-23 00:09:51,374] {processor.py:651} INFO - DAG(s) dict_keys(['example_bash_operator']) retrieved from /home/osboxes/.local/lib/python3.8/site-packages/airflow/example_dags/example_bash_operator.py
[2022-08-23 00:09:51,392] {logging_mixin.py:115} INFO - [2022-08-23 00:09:51,392] {dag.py:2371} INFO - Sync 1 DAGs
[2022-08-23 00:09:51,405] {logging_mixin.py:115} INFO - [2022-08-23 00:09:51,405] {dag.py:2915} INFO - Setting next_dagrun for example_bash_operator to 2022-08-22T00:00:00+00:00, run_after=2022-08-23T00:00:00+00:00
[2022-08-23 00:09:51,432] {processor.py:161} INFO - Processing /home/osboxes/.local/lib/python3.8/site-packages/airflow/example_dags/example_bash_operator.py took 0.084 seconds
[2022-08-23 00:10:40,653] {processor.py:153} INFO - Started process (PID=181078) to work on /home/osboxes/.local/lib/python3.8/site-packages/airflow/example_dags/example_bash_operator.py
[2022-08-23 00:10:40,656] {processor.py:641} INFO - Processing file /home/osboxes/.local/lib/python3.8/site-packages/airflow/example_dags/example_bash_operator.py for tasks to queue
[2022-08-23 00:10:40,657] {logging_mixin.py:115} INFO - [2022-08-23 00:10:40,657] {dagbag.py:507} INFO - Filling up the DagBag from /home/osboxes/.local/lib/python3.8/site-packages/airflow/example_dags/example_bash_operator.py
[2022-08-23 00:10:40,674] {processor.py:651} INFO - DAG(s) dict_keys(['example_bash_operator']) retrieved from /home/osboxes/.local/lib/python3.8/site-packages/airflow/example_dags/example_bash_operator.py
[2022-08-23 00:10:40,707] {logging_mixin.py:115} INFO - [2022-08-23 00:10:40,707] {dag.py:2371} INFO - Sync 1 DAGs
[2022-08-23 00:10:40,731] {logging_mixin.py:115} INFO - [2022-08-23 00:10:40,731] {dag.py:2915} INFO - Setting next_dagrun for example_bash_operator to 2022-08-22T00:00:00+00:00, run_after=2022-08-23T00:00:00+00:00
[2022-08-23 00:10:40,767] {processor.py:161} INFO - Processing /home/osboxes/.local/lib/python3.8/site-packages/airflow/example_dags/example_bash_operator.py took 0.117 seconds
[2022-08-23 00:11:32,160] {processor.py:153} INFO - Started process (PID=181579) to work on /home/osboxes/.local/lib/python3.8/site-packages/airflow/example_dags/example_bash_operator.py
[2022-08-23 00:11:32,162] {processor.py:641} INFO - Processing file /home/osboxes/.local/lib/python3.8/site-packages/airflow/example_dags/example_bash_operator.py for tasks to queue
[2022-08-23 00:11:32,162] {logging_mixin.py:115} INFO - [2022-08-23 00:11:32,162] {dagbag.py:507} INFO - Filling up the DagBag from /home/osboxes/.local/lib/python3.8/site-packages/airflow/example_dags/example_bash_operator.py
[2022-08-23 00:11:32,172] {processor.py:651} INFO - DAG(s) dict_keys(['example_bash_operator']) retrieved from /home/osboxes/.local/lib/python3.8/site-packages/airflow/example_dags/example_bash_operator.py
[2022-08-23 00:11:32,190] {logging_mixin.py:115} INFO - [2022-08-23 00:11:32,190] {dag.py:2371} INFO - Sync 1 DAGs
[2022-08-23 00:11:32,206] {logging_mixin.py:115} INFO - [2022-08-23 00:11:32,205] {dag.py:2915} INFO - Setting next_dagrun for example_bash_operator to 2022-08-22T00:00:00+00:00, run_after=2022-08-23T00:00:00+00:00
[2022-08-23 00:11:32,238] {processor.py:161} INFO - Processing /home/osboxes/.local/lib/python3.8/site-packages/airflow/example_dags/example_bash_operator.py took 0.081 seconds
[2022-08-23 00:12:14,488] {processor.py:153} INFO - Started process (PID=181918) to work on /home/osboxes/.local/lib/python3.8/site-packages/airflow/example_dags/example_bash_operator.py
[2022-08-23 00:12:14,490] {processor.py:641} INFO - Processing file /home/osboxes/.local/lib/python3.8/site-packages/airflow/example_dags/example_bash_operator.py for tasks to queue
[2022-08-23 00:12:14,490] {logging_mixin.py:115} INFO - [2022-08-23 00:12:14,490] {dagbag.py:507} INFO - Filling up the DagBag from /home/osboxes/.local/lib/python3.8/site-packages/airflow/example_dags/example_bash_operator.py
[2022-08-23 00:12:14,499] {processor.py:651} INFO - DAG(s) dict_keys(['example_bash_operator']) retrieved from /home/osboxes/.local/lib/python3.8/site-packages/airflow/example_dags/example_bash_operator.py
[2022-08-23 00:12:14,517] {logging_mixin.py:115} INFO - [2022-08-23 00:12:14,517] {dag.py:2371} INFO - Sync 1 DAGs
[2022-08-23 00:12:14,532] {logging_mixin.py:115} INFO - [2022-08-23 00:12:14,532] {dag.py:2915} INFO - Setting next_dagrun for example_bash_operator to 2022-08-22T00:00:00+00:00, run_after=2022-08-23T00:00:00+00:00
[2022-08-23 00:12:14,561] {processor.py:161} INFO - Processing /home/osboxes/.local/lib/python3.8/site-packages/airflow/example_dags/example_bash_operator.py took 0.076 seconds
[2022-08-23 00:13:01,650] {processor.py:153} INFO - Started process (PID=182289) to work on /home/osboxes/.local/lib/python3.8/site-packages/airflow/example_dags/example_bash_operator.py
[2022-08-23 00:13:01,652] {processor.py:641} INFO - Processing file /home/osboxes/.local/lib/python3.8/site-packages/airflow/example_dags/example_bash_operator.py for tasks to queue
[2022-08-23 00:13:01,653] {logging_mixin.py:115} INFO - [2022-08-23 00:13:01,652] {dagbag.py:507} INFO - Filling up the DagBag from /home/osboxes/.local/lib/python3.8/site-packages/airflow/example_dags/example_bash_operator.py
[2022-08-23 00:13:01,663] {processor.py:651} INFO - DAG(s) dict_keys(['example_bash_operator']) retrieved from /home/osboxes/.local/lib/python3.8/site-packages/airflow/example_dags/example_bash_operator.py
[2022-08-23 00:13:01,686] {logging_mixin.py:115} INFO - [2022-08-23 00:13:01,686] {dag.py:2371} INFO - Sync 1 DAGs
[2022-08-23 00:13:01,708] {logging_mixin.py:115} INFO - [2022-08-23 00:13:01,708] {dag.py:2915} INFO - Setting next_dagrun for example_bash_operator to 2022-08-22T00:00:00+00:00, run_after=2022-08-23T00:00:00+00:00
[2022-08-23 00:13:01,741] {processor.py:161} INFO - Processing /home/osboxes/.local/lib/python3.8/site-packages/airflow/example_dags/example_bash_operator.py took 0.094 seconds
[2022-08-23 00:13:50,741] {processor.py:153} INFO - Started process (PID=182697) to work on /home/osboxes/.local/lib/python3.8/site-packages/airflow/example_dags/example_bash_operator.py
[2022-08-23 00:13:50,743] {processor.py:641} INFO - Processing file /home/osboxes/.local/lib/python3.8/site-packages/airflow/example_dags/example_bash_operator.py for tasks to queue
[2022-08-23 00:13:50,744] {logging_mixin.py:115} INFO - [2022-08-23 00:13:50,744] {dagbag.py:507} INFO - Filling up the DagBag from /home/osboxes/.local/lib/python3.8/site-packages/airflow/example_dags/example_bash_operator.py
[2022-08-23 00:13:50,753] {processor.py:651} INFO - DAG(s) dict_keys(['example_bash_operator']) retrieved from /home/osboxes/.local/lib/python3.8/site-packages/airflow/example_dags/example_bash_operator.py
[2022-08-23 00:13:50,771] {logging_mixin.py:115} INFO - [2022-08-23 00:13:50,771] {dag.py:2371} INFO - Sync 1 DAGs
[2022-08-23 00:13:50,784] {logging_mixin.py:115} INFO - [2022-08-23 00:13:50,784] {dag.py:2915} INFO - Setting next_dagrun for example_bash_operator to 2022-08-22T00:00:00+00:00, run_after=2022-08-23T00:00:00+00:00
[2022-08-23 00:13:50,815] {processor.py:161} INFO - Processing /home/osboxes/.local/lib/python3.8/site-packages/airflow/example_dags/example_bash_operator.py took 0.076 seconds
[2022-08-23 00:14:39,633] {processor.py:153} INFO - Started process (PID=183070) to work on /home/osboxes/.local/lib/python3.8/site-packages/airflow/example_dags/example_bash_operator.py
[2022-08-23 00:14:39,635] {processor.py:641} INFO - Processing file /home/osboxes/.local/lib/python3.8/site-packages/airflow/example_dags/example_bash_operator.py for tasks to queue
[2022-08-23 00:14:39,635] {logging_mixin.py:115} INFO - [2022-08-23 00:14:39,635] {dagbag.py:507} INFO - Filling up the DagBag from /home/osboxes/.local/lib/python3.8/site-packages/airflow/example_dags/example_bash_operator.py
[2022-08-23 00:14:39,644] {processor.py:651} INFO - DAG(s) dict_keys(['example_bash_operator']) retrieved from /home/osboxes/.local/lib/python3.8/site-packages/airflow/example_dags/example_bash_operator.py
[2022-08-23 00:14:39,663] {logging_mixin.py:115} INFO - [2022-08-23 00:14:39,663] {dag.py:2371} INFO - Sync 1 DAGs
[2022-08-23 00:14:39,675] {logging_mixin.py:115} INFO - [2022-08-23 00:14:39,675] {dag.py:2915} INFO - Setting next_dagrun for example_bash_operator to 2022-08-22T00:00:00+00:00, run_after=2022-08-23T00:00:00+00:00
[2022-08-23 00:14:39,714] {processor.py:161} INFO - Processing /home/osboxes/.local/lib/python3.8/site-packages/airflow/example_dags/example_bash_operator.py took 0.084 seconds
[2022-08-23 00:15:21,235] {processor.py:153} INFO - Started process (PID=183462) to work on /home/osboxes/.local/lib/python3.8/site-packages/airflow/example_dags/example_bash_operator.py
[2022-08-23 00:15:21,236] {processor.py:641} INFO - Processing file /home/osboxes/.local/lib/python3.8/site-packages/airflow/example_dags/example_bash_operator.py for tasks to queue
[2022-08-23 00:15:21,237] {logging_mixin.py:115} INFO - [2022-08-23 00:15:21,237] {dagbag.py:507} INFO - Filling up the DagBag from /home/osboxes/.local/lib/python3.8/site-packages/airflow/example_dags/example_bash_operator.py
[2022-08-23 00:15:21,254] {processor.py:651} INFO - DAG(s) dict_keys(['example_bash_operator']) retrieved from /home/osboxes/.local/lib/python3.8/site-packages/airflow/example_dags/example_bash_operator.py
[2022-08-23 00:15:21,271] {logging_mixin.py:115} INFO - [2022-08-23 00:15:21,271] {dag.py:2371} INFO - Sync 1 DAGs
[2022-08-23 00:15:21,287] {logging_mixin.py:115} INFO - [2022-08-23 00:15:21,287] {dag.py:2915} INFO - Setting next_dagrun for example_bash_operator to 2022-08-22T00:00:00+00:00, run_after=2022-08-23T00:00:00+00:00
[2022-08-23 00:15:21,311] {processor.py:161} INFO - Processing /home/osboxes/.local/lib/python3.8/site-packages/airflow/example_dags/example_bash_operator.py took 0.079 seconds
[2022-08-23 00:16:03,081] {processor.py:153} INFO - Started process (PID=183826) to work on /home/osboxes/.local/lib/python3.8/site-packages/airflow/example_dags/example_bash_operator.py
[2022-08-23 00:16:03,083] {processor.py:641} INFO - Processing file /home/osboxes/.local/lib/python3.8/site-packages/airflow/example_dags/example_bash_operator.py for tasks to queue
[2022-08-23 00:16:03,083] {logging_mixin.py:115} INFO - [2022-08-23 00:16:03,083] {dagbag.py:507} INFO - Filling up the DagBag from /home/osboxes/.local/lib/python3.8/site-packages/airflow/example_dags/example_bash_operator.py
[2022-08-23 00:16:03,093] {processor.py:651} INFO - DAG(s) dict_keys(['example_bash_operator']) retrieved from /home/osboxes/.local/lib/python3.8/site-packages/airflow/example_dags/example_bash_operator.py
[2022-08-23 00:16:03,110] {logging_mixin.py:115} INFO - [2022-08-23 00:16:03,110] {dag.py:2371} INFO - Sync 1 DAGs
[2022-08-23 00:16:03,126] {logging_mixin.py:115} INFO - [2022-08-23 00:16:03,126] {dag.py:2915} INFO - Setting next_dagrun for example_bash_operator to 2022-08-22T00:00:00+00:00, run_after=2022-08-23T00:00:00+00:00
[2022-08-23 00:16:03,157] {processor.py:161} INFO - Processing /home/osboxes/.local/lib/python3.8/site-packages/airflow/example_dags/example_bash_operator.py took 0.078 seconds
[2022-08-23 00:16:53,854] {processor.py:153} INFO - Started process (PID=184221) to work on /home/osboxes/.local/lib/python3.8/site-packages/airflow/example_dags/example_bash_operator.py
[2022-08-23 00:16:53,856] {processor.py:641} INFO - Processing file /home/osboxes/.local/lib/python3.8/site-packages/airflow/example_dags/example_bash_operator.py for tasks to queue
[2022-08-23 00:16:53,857] {logging_mixin.py:115} INFO - [2022-08-23 00:16:53,857] {dagbag.py:507} INFO - Filling up the DagBag from /home/osboxes/.local/lib/python3.8/site-packages/airflow/example_dags/example_bash_operator.py
[2022-08-23 00:16:53,865] {processor.py:651} INFO - DAG(s) dict_keys(['example_bash_operator']) retrieved from /home/osboxes/.local/lib/python3.8/site-packages/airflow/example_dags/example_bash_operator.py
[2022-08-23 00:16:53,884] {logging_mixin.py:115} INFO - [2022-08-23 00:16:53,884] {dag.py:2371} INFO - Sync 1 DAGs
[2022-08-23 00:16:53,901] {logging_mixin.py:115} INFO - [2022-08-23 00:16:53,898] {dag.py:2915} INFO - Setting next_dagrun for example_bash_operator to 2022-08-22T00:00:00+00:00, run_after=2022-08-23T00:00:00+00:00
[2022-08-23 00:16:53,943] {processor.py:161} INFO - Processing /home/osboxes/.local/lib/python3.8/site-packages/airflow/example_dags/example_bash_operator.py took 0.092 seconds
[2022-08-23 00:17:39,928] {processor.py:153} INFO - Started process (PID=184593) to work on /home/osboxes/.local/lib/python3.8/site-packages/airflow/example_dags/example_bash_operator.py
[2022-08-23 00:17:39,931] {processor.py:641} INFO - Processing file /home/osboxes/.local/lib/python3.8/site-packages/airflow/example_dags/example_bash_operator.py for tasks to queue
[2022-08-23 00:17:39,931] {logging_mixin.py:115} INFO - [2022-08-23 00:17:39,931] {dagbag.py:507} INFO - Filling up the DagBag from /home/osboxes/.local/lib/python3.8/site-packages/airflow/example_dags/example_bash_operator.py
[2022-08-23 00:17:39,950] {processor.py:651} INFO - DAG(s) dict_keys(['example_bash_operator']) retrieved from /home/osboxes/.local/lib/python3.8/site-packages/airflow/example_dags/example_bash_operator.py
[2022-08-23 00:17:39,966] {logging_mixin.py:115} INFO - [2022-08-23 00:17:39,966] {dag.py:2371} INFO - Sync 1 DAGs
[2022-08-23 00:17:39,980] {logging_mixin.py:115} INFO - [2022-08-23 00:17:39,980] {dag.py:2915} INFO - Setting next_dagrun for example_bash_operator to 2022-08-22T00:00:00+00:00, run_after=2022-08-23T00:00:00+00:00
[2022-08-23 00:17:40,017] {processor.py:161} INFO - Processing /home/osboxes/.local/lib/python3.8/site-packages/airflow/example_dags/example_bash_operator.py took 0.091 seconds
[2022-08-23 00:18:31,361] {processor.py:153} INFO - Started process (PID=185004) to work on /home/osboxes/.local/lib/python3.8/site-packages/airflow/example_dags/example_bash_operator.py
[2022-08-23 00:18:31,363] {processor.py:641} INFO - Processing file /home/osboxes/.local/lib/python3.8/site-packages/airflow/example_dags/example_bash_operator.py for tasks to queue
[2022-08-23 00:18:31,363] {logging_mixin.py:115} INFO - [2022-08-23 00:18:31,363] {dagbag.py:507} INFO - Filling up the DagBag from /home/osboxes/.local/lib/python3.8/site-packages/airflow/example_dags/example_bash_operator.py
[2022-08-23 00:18:31,372] {processor.py:651} INFO - DAG(s) dict_keys(['example_bash_operator']) retrieved from /home/osboxes/.local/lib/python3.8/site-packages/airflow/example_dags/example_bash_operator.py
[2022-08-23 00:18:31,390] {logging_mixin.py:115} INFO - [2022-08-23 00:18:31,390] {dag.py:2371} INFO - Sync 1 DAGs
[2022-08-23 00:18:31,404] {logging_mixin.py:115} INFO - [2022-08-23 00:18:31,404] {dag.py:2915} INFO - Setting next_dagrun for example_bash_operator to 2022-08-22T00:00:00+00:00, run_after=2022-08-23T00:00:00+00:00
[2022-08-23 00:18:31,430] {processor.py:161} INFO - Processing /home/osboxes/.local/lib/python3.8/site-packages/airflow/example_dags/example_bash_operator.py took 0.071 seconds
[2022-08-23 00:19:17,231] {processor.py:153} INFO - Started process (PID=185370) to work on /home/osboxes/.local/lib/python3.8/site-packages/airflow/example_dags/example_bash_operator.py
[2022-08-23 00:19:17,233] {processor.py:641} INFO - Processing file /home/osboxes/.local/lib/python3.8/site-packages/airflow/example_dags/example_bash_operator.py for tasks to queue
[2022-08-23 00:19:17,234] {logging_mixin.py:115} INFO - [2022-08-23 00:19:17,234] {dagbag.py:507} INFO - Filling up the DagBag from /home/osboxes/.local/lib/python3.8/site-packages/airflow/example_dags/example_bash_operator.py
[2022-08-23 00:19:17,242] {processor.py:651} INFO - DAG(s) dict_keys(['example_bash_operator']) retrieved from /home/osboxes/.local/lib/python3.8/site-packages/airflow/example_dags/example_bash_operator.py
[2022-08-23 00:19:17,262] {logging_mixin.py:115} INFO - [2022-08-23 00:19:17,262] {dag.py:2371} INFO - Sync 1 DAGs
[2022-08-23 00:19:17,274] {logging_mixin.py:115} INFO - [2022-08-23 00:19:17,274] {dag.py:2915} INFO - Setting next_dagrun for example_bash_operator to 2022-08-22T00:00:00+00:00, run_after=2022-08-23T00:00:00+00:00
[2022-08-23 00:19:17,311] {processor.py:161} INFO - Processing /home/osboxes/.local/lib/python3.8/site-packages/airflow/example_dags/example_bash_operator.py took 0.082 seconds
[2022-08-23 00:20:02,580] {processor.py:153} INFO - Started process (PID=185749) to work on /home/osboxes/.local/lib/python3.8/site-packages/airflow/example_dags/example_bash_operator.py
[2022-08-23 00:20:02,582] {processor.py:641} INFO - Processing file /home/osboxes/.local/lib/python3.8/site-packages/airflow/example_dags/example_bash_operator.py for tasks to queue
[2022-08-23 00:20:02,583] {logging_mixin.py:115} INFO - [2022-08-23 00:20:02,583] {dagbag.py:507} INFO - Filling up the DagBag from /home/osboxes/.local/lib/python3.8/site-packages/airflow/example_dags/example_bash_operator.py
[2022-08-23 00:20:02,592] {processor.py:651} INFO - DAG(s) dict_keys(['example_bash_operator']) retrieved from /home/osboxes/.local/lib/python3.8/site-packages/airflow/example_dags/example_bash_operator.py
[2022-08-23 00:20:02,608] {logging_mixin.py:115} INFO - [2022-08-23 00:20:02,608] {dag.py:2371} INFO - Sync 1 DAGs
[2022-08-23 00:20:02,622] {logging_mixin.py:115} INFO - [2022-08-23 00:20:02,622] {dag.py:2915} INFO - Setting next_dagrun for example_bash_operator to 2022-08-22T00:00:00+00:00, run_after=2022-08-23T00:00:00+00:00
[2022-08-23 00:20:02,663] {processor.py:161} INFO - Processing /home/osboxes/.local/lib/python3.8/site-packages/airflow/example_dags/example_bash_operator.py took 0.085 seconds
[2022-08-23 00:20:52,382] {processor.py:153} INFO - Started process (PID=186175) to work on /home/osboxes/.local/lib/python3.8/site-packages/airflow/example_dags/example_bash_operator.py
[2022-08-23 00:20:52,386] {processor.py:641} INFO - Processing file /home/osboxes/.local/lib/python3.8/site-packages/airflow/example_dags/example_bash_operator.py for tasks to queue
[2022-08-23 00:20:52,386] {logging_mixin.py:115} INFO - [2022-08-23 00:20:52,386] {dagbag.py:507} INFO - Filling up the DagBag from /home/osboxes/.local/lib/python3.8/site-packages/airflow/example_dags/example_bash_operator.py
[2022-08-23 00:20:52,396] {processor.py:651} INFO - DAG(s) dict_keys(['example_bash_operator']) retrieved from /home/osboxes/.local/lib/python3.8/site-packages/airflow/example_dags/example_bash_operator.py
[2022-08-23 00:20:52,413] {logging_mixin.py:115} INFO - [2022-08-23 00:20:52,413] {dag.py:2371} INFO - Sync 1 DAGs
[2022-08-23 00:20:52,426] {logging_mixin.py:115} INFO - [2022-08-23 00:20:52,426] {dag.py:2915} INFO - Setting next_dagrun for example_bash_operator to 2022-08-22T00:00:00+00:00, run_after=2022-08-23T00:00:00+00:00
[2022-08-23 00:20:52,456] {processor.py:161} INFO - Processing /home/osboxes/.local/lib/python3.8/site-packages/airflow/example_dags/example_bash_operator.py took 0.076 seconds
[2022-08-23 00:21:42,558] {processor.py:153} INFO - Started process (PID=186590) to work on /home/osboxes/.local/lib/python3.8/site-packages/airflow/example_dags/example_bash_operator.py
[2022-08-23 00:21:42,560] {processor.py:641} INFO - Processing file /home/osboxes/.local/lib/python3.8/site-packages/airflow/example_dags/example_bash_operator.py for tasks to queue
[2022-08-23 00:21:42,561] {logging_mixin.py:115} INFO - [2022-08-23 00:21:42,561] {dagbag.py:507} INFO - Filling up the DagBag from /home/osboxes/.local/lib/python3.8/site-packages/airflow/example_dags/example_bash_operator.py
[2022-08-23 00:21:42,569] {processor.py:651} INFO - DAG(s) dict_keys(['example_bash_operator']) retrieved from /home/osboxes/.local/lib/python3.8/site-packages/airflow/example_dags/example_bash_operator.py
[2022-08-23 00:21:42,586] {logging_mixin.py:115} INFO - [2022-08-23 00:21:42,586] {dag.py:2371} INFO - Sync 1 DAGs
[2022-08-23 00:21:42,598] {logging_mixin.py:115} INFO - [2022-08-23 00:21:42,598] {dag.py:2915} INFO - Setting next_dagrun for example_bash_operator to 2022-08-22T00:00:00+00:00, run_after=2022-08-23T00:00:00+00:00
[2022-08-23 00:21:42,645] {processor.py:161} INFO - Processing /home/osboxes/.local/lib/python3.8/site-packages/airflow/example_dags/example_bash_operator.py took 0.089 seconds
[2022-08-23 00:22:32,740] {processor.py:153} INFO - Started process (PID=186991) to work on /home/osboxes/.local/lib/python3.8/site-packages/airflow/example_dags/example_bash_operator.py
[2022-08-23 00:22:32,749] {processor.py:641} INFO - Processing file /home/osboxes/.local/lib/python3.8/site-packages/airflow/example_dags/example_bash_operator.py for tasks to queue
[2022-08-23 00:22:32,750] {logging_mixin.py:115} INFO - [2022-08-23 00:22:32,750] {dagbag.py:507} INFO - Filling up the DagBag from /home/osboxes/.local/lib/python3.8/site-packages/airflow/example_dags/example_bash_operator.py
[2022-08-23 00:22:32,760] {processor.py:651} INFO - DAG(s) dict_keys(['example_bash_operator']) retrieved from /home/osboxes/.local/lib/python3.8/site-packages/airflow/example_dags/example_bash_operator.py
[2022-08-23 00:22:32,777] {logging_mixin.py:115} INFO - [2022-08-23 00:22:32,776] {dag.py:2371} INFO - Sync 1 DAGs
[2022-08-23 00:22:32,790] {logging_mixin.py:115} INFO - [2022-08-23 00:22:32,790] {dag.py:2915} INFO - Setting next_dagrun for example_bash_operator to 2022-08-22T00:00:00+00:00, run_after=2022-08-23T00:00:00+00:00
[2022-08-23 00:22:32,819] {processor.py:161} INFO - Processing /home/osboxes/.local/lib/python3.8/site-packages/airflow/example_dags/example_bash_operator.py took 0.081 seconds
[2022-08-23 00:23:26,356] {processor.py:153} INFO - Started process (PID=187409) to work on /home/osboxes/.local/lib/python3.8/site-packages/airflow/example_dags/example_bash_operator.py
[2022-08-23 00:23:26,358] {processor.py:641} INFO - Processing file /home/osboxes/.local/lib/python3.8/site-packages/airflow/example_dags/example_bash_operator.py for tasks to queue
[2022-08-23 00:23:26,358] {logging_mixin.py:115} INFO - [2022-08-23 00:23:26,358] {dagbag.py:507} INFO - Filling up the DagBag from /home/osboxes/.local/lib/python3.8/site-packages/airflow/example_dags/example_bash_operator.py
[2022-08-23 00:23:26,367] {processor.py:651} INFO - DAG(s) dict_keys(['example_bash_operator']) retrieved from /home/osboxes/.local/lib/python3.8/site-packages/airflow/example_dags/example_bash_operator.py
[2022-08-23 00:23:26,382] {logging_mixin.py:115} INFO - [2022-08-23 00:23:26,382] {dag.py:2371} INFO - Sync 1 DAGs
[2022-08-23 00:23:26,398] {logging_mixin.py:115} INFO - [2022-08-23 00:23:26,398] {dag.py:2915} INFO - Setting next_dagrun for example_bash_operator to 2022-08-22T00:00:00+00:00, run_after=2022-08-23T00:00:00+00:00
[2022-08-23 00:23:26,424] {processor.py:161} INFO - Processing /home/osboxes/.local/lib/python3.8/site-packages/airflow/example_dags/example_bash_operator.py took 0.070 seconds
[2022-08-23 00:24:18,841] {processor.py:153} INFO - Started process (PID=187817) to work on /home/osboxes/.local/lib/python3.8/site-packages/airflow/example_dags/example_bash_operator.py
[2022-08-23 00:24:18,842] {processor.py:641} INFO - Processing file /home/osboxes/.local/lib/python3.8/site-packages/airflow/example_dags/example_bash_operator.py for tasks to queue
[2022-08-23 00:24:18,843] {logging_mixin.py:115} INFO - [2022-08-23 00:24:18,843] {dagbag.py:507} INFO - Filling up the DagBag from /home/osboxes/.local/lib/python3.8/site-packages/airflow/example_dags/example_bash_operator.py
[2022-08-23 00:24:18,852] {processor.py:651} INFO - DAG(s) dict_keys(['example_bash_operator']) retrieved from /home/osboxes/.local/lib/python3.8/site-packages/airflow/example_dags/example_bash_operator.py
[2022-08-23 00:24:18,869] {logging_mixin.py:115} INFO - [2022-08-23 00:24:18,869] {dag.py:2371} INFO - Sync 1 DAGs
[2022-08-23 00:24:18,882] {logging_mixin.py:115} INFO - [2022-08-23 00:24:18,882] {dag.py:2915} INFO - Setting next_dagrun for example_bash_operator to 2022-08-22T00:00:00+00:00, run_after=2022-08-23T00:00:00+00:00
[2022-08-23 00:24:18,925] {processor.py:161} INFO - Processing /home/osboxes/.local/lib/python3.8/site-packages/airflow/example_dags/example_bash_operator.py took 0.086 seconds
[2022-08-23 00:25:06,444] {processor.py:153} INFO - Started process (PID=188218) to work on /home/osboxes/.local/lib/python3.8/site-packages/airflow/example_dags/example_bash_operator.py
[2022-08-23 00:25:06,446] {processor.py:641} INFO - Processing file /home/osboxes/.local/lib/python3.8/site-packages/airflow/example_dags/example_bash_operator.py for tasks to queue
[2022-08-23 00:25:06,446] {logging_mixin.py:115} INFO - [2022-08-23 00:25:06,446] {dagbag.py:507} INFO - Filling up the DagBag from /home/osboxes/.local/lib/python3.8/site-packages/airflow/example_dags/example_bash_operator.py
[2022-08-23 00:25:06,455] {processor.py:651} INFO - DAG(s) dict_keys(['example_bash_operator']) retrieved from /home/osboxes/.local/lib/python3.8/site-packages/airflow/example_dags/example_bash_operator.py
[2022-08-23 00:25:06,471] {logging_mixin.py:115} INFO - [2022-08-23 00:25:06,471] {dag.py:2371} INFO - Sync 1 DAGs
[2022-08-23 00:25:06,486] {logging_mixin.py:115} INFO - [2022-08-23 00:25:06,486] {dag.py:2915} INFO - Setting next_dagrun for example_bash_operator to 2022-08-22T00:00:00+00:00, run_after=2022-08-23T00:00:00+00:00
[2022-08-23 00:25:06,530] {processor.py:161} INFO - Processing /home/osboxes/.local/lib/python3.8/site-packages/airflow/example_dags/example_bash_operator.py took 0.089 seconds
[2022-08-23 00:25:57,798] {processor.py:153} INFO - Started process (PID=188657) to work on /home/osboxes/.local/lib/python3.8/site-packages/airflow/example_dags/example_bash_operator.py
[2022-08-23 00:25:57,800] {processor.py:641} INFO - Processing file /home/osboxes/.local/lib/python3.8/site-packages/airflow/example_dags/example_bash_operator.py for tasks to queue
[2022-08-23 00:25:57,801] {logging_mixin.py:115} INFO - [2022-08-23 00:25:57,801] {dagbag.py:507} INFO - Filling up the DagBag from /home/osboxes/.local/lib/python3.8/site-packages/airflow/example_dags/example_bash_operator.py
[2022-08-23 00:25:57,811] {processor.py:651} INFO - DAG(s) dict_keys(['example_bash_operator']) retrieved from /home/osboxes/.local/lib/python3.8/site-packages/airflow/example_dags/example_bash_operator.py
[2022-08-23 00:25:57,827] {logging_mixin.py:115} INFO - [2022-08-23 00:25:57,827] {dag.py:2371} INFO - Sync 1 DAGs
[2022-08-23 00:25:57,839] {logging_mixin.py:115} INFO - [2022-08-23 00:25:57,839] {dag.py:2915} INFO - Setting next_dagrun for example_bash_operator to 2022-08-22T00:00:00+00:00, run_after=2022-08-23T00:00:00+00:00
[2022-08-23 00:25:57,879] {processor.py:161} INFO - Processing /home/osboxes/.local/lib/python3.8/site-packages/airflow/example_dags/example_bash_operator.py took 0.083 seconds
[2022-08-23 00:26:40,029] {processor.py:153} INFO - Started process (PID=189001) to work on /home/osboxes/.local/lib/python3.8/site-packages/airflow/example_dags/example_bash_operator.py
[2022-08-23 00:26:40,033] {processor.py:641} INFO - Processing file /home/osboxes/.local/lib/python3.8/site-packages/airflow/example_dags/example_bash_operator.py for tasks to queue
[2022-08-23 00:26:40,034] {logging_mixin.py:115} INFO - [2022-08-23 00:26:40,033] {dagbag.py:507} INFO - Filling up the DagBag from /home/osboxes/.local/lib/python3.8/site-packages/airflow/example_dags/example_bash_operator.py
[2022-08-23 00:26:40,047] {processor.py:651} INFO - DAG(s) dict_keys(['example_bash_operator']) retrieved from /home/osboxes/.local/lib/python3.8/site-packages/airflow/example_dags/example_bash_operator.py
[2022-08-23 00:26:40,076] {logging_mixin.py:115} INFO - [2022-08-23 00:26:40,076] {dag.py:2371} INFO - Sync 1 DAGs
[2022-08-23 00:26:40,089] {logging_mixin.py:115} INFO - [2022-08-23 00:26:40,089] {dag.py:2915} INFO - Setting next_dagrun for example_bash_operator to 2022-08-22T00:00:00+00:00, run_after=2022-08-23T00:00:00+00:00
[2022-08-23 00:26:40,119] {processor.py:161} INFO - Processing /home/osboxes/.local/lib/python3.8/site-packages/airflow/example_dags/example_bash_operator.py took 0.092 seconds
[2022-08-23 00:27:31,824] {processor.py:153} INFO - Started process (PID=189427) to work on /home/osboxes/.local/lib/python3.8/site-packages/airflow/example_dags/example_bash_operator.py
[2022-08-23 00:27:31,826] {processor.py:641} INFO - Processing file /home/osboxes/.local/lib/python3.8/site-packages/airflow/example_dags/example_bash_operator.py for tasks to queue
[2022-08-23 00:27:31,826] {logging_mixin.py:115} INFO - [2022-08-23 00:27:31,826] {dagbag.py:507} INFO - Filling up the DagBag from /home/osboxes/.local/lib/python3.8/site-packages/airflow/example_dags/example_bash_operator.py
[2022-08-23 00:27:31,835] {processor.py:651} INFO - DAG(s) dict_keys(['example_bash_operator']) retrieved from /home/osboxes/.local/lib/python3.8/site-packages/airflow/example_dags/example_bash_operator.py
[2022-08-23 00:27:31,853] {logging_mixin.py:115} INFO - [2022-08-23 00:27:31,853] {dag.py:2371} INFO - Sync 1 DAGs
[2022-08-23 00:27:31,865] {logging_mixin.py:115} INFO - [2022-08-23 00:27:31,865] {dag.py:2915} INFO - Setting next_dagrun for example_bash_operator to 2022-08-22T00:00:00+00:00, run_after=2022-08-23T00:00:00+00:00
[2022-08-23 00:27:31,901] {processor.py:161} INFO - Processing /home/osboxes/.local/lib/python3.8/site-packages/airflow/example_dags/example_bash_operator.py took 0.080 seconds
[2022-08-23 00:28:21,037] {processor.py:153} INFO - Started process (PID=189817) to work on /home/osboxes/.local/lib/python3.8/site-packages/airflow/example_dags/example_bash_operator.py
[2022-08-23 00:28:21,039] {processor.py:641} INFO - Processing file /home/osboxes/.local/lib/python3.8/site-packages/airflow/example_dags/example_bash_operator.py for tasks to queue
[2022-08-23 00:28:21,039] {logging_mixin.py:115} INFO - [2022-08-23 00:28:21,039] {dagbag.py:507} INFO - Filling up the DagBag from /home/osboxes/.local/lib/python3.8/site-packages/airflow/example_dags/example_bash_operator.py
[2022-08-23 00:28:21,048] {processor.py:651} INFO - DAG(s) dict_keys(['example_bash_operator']) retrieved from /home/osboxes/.local/lib/python3.8/site-packages/airflow/example_dags/example_bash_operator.py
[2022-08-23 00:28:21,063] {logging_mixin.py:115} INFO - [2022-08-23 00:28:21,063] {dag.py:2371} INFO - Sync 1 DAGs
[2022-08-23 00:28:21,079] {logging_mixin.py:115} INFO - [2022-08-23 00:28:21,079] {dag.py:2915} INFO - Setting next_dagrun for example_bash_operator to 2022-08-22T00:00:00+00:00, run_after=2022-08-23T00:00:00+00:00
[2022-08-23 00:28:21,112] {processor.py:161} INFO - Processing /home/osboxes/.local/lib/python3.8/site-packages/airflow/example_dags/example_bash_operator.py took 0.077 seconds
[2022-08-23 00:29:10,855] {processor.py:153} INFO - Started process (PID=190225) to work on /home/osboxes/.local/lib/python3.8/site-packages/airflow/example_dags/example_bash_operator.py
[2022-08-23 00:29:10,857] {processor.py:641} INFO - Processing file /home/osboxes/.local/lib/python3.8/site-packages/airflow/example_dags/example_bash_operator.py for tasks to queue
[2022-08-23 00:29:10,857] {logging_mixin.py:115} INFO - [2022-08-23 00:29:10,857] {dagbag.py:507} INFO - Filling up the DagBag from /home/osboxes/.local/lib/python3.8/site-packages/airflow/example_dags/example_bash_operator.py
[2022-08-23 00:29:10,865] {processor.py:651} INFO - DAG(s) dict_keys(['example_bash_operator']) retrieved from /home/osboxes/.local/lib/python3.8/site-packages/airflow/example_dags/example_bash_operator.py
[2022-08-23 00:29:10,884] {logging_mixin.py:115} INFO - [2022-08-23 00:29:10,884] {dag.py:2371} INFO - Sync 1 DAGs
[2022-08-23 00:29:10,897] {logging_mixin.py:115} INFO - [2022-08-23 00:29:10,897] {dag.py:2915} INFO - Setting next_dagrun for example_bash_operator to 2022-08-22T00:00:00+00:00, run_after=2022-08-23T00:00:00+00:00
[2022-08-23 00:29:10,924] {processor.py:161} INFO - Processing /home/osboxes/.local/lib/python3.8/site-packages/airflow/example_dags/example_bash_operator.py took 0.071 seconds
[2022-08-23 00:29:54,574] {processor.py:153} INFO - Started process (PID=190559) to work on /home/osboxes/.local/lib/python3.8/site-packages/airflow/example_dags/example_bash_operator.py
[2022-08-23 00:29:54,575] {processor.py:641} INFO - Processing file /home/osboxes/.local/lib/python3.8/site-packages/airflow/example_dags/example_bash_operator.py for tasks to queue
[2022-08-23 00:29:54,576] {logging_mixin.py:115} INFO - [2022-08-23 00:29:54,576] {dagbag.py:507} INFO - Filling up the DagBag from /home/osboxes/.local/lib/python3.8/site-packages/airflow/example_dags/example_bash_operator.py
[2022-08-23 00:29:54,587] {processor.py:651} INFO - DAG(s) dict_keys(['example_bash_operator']) retrieved from /home/osboxes/.local/lib/python3.8/site-packages/airflow/example_dags/example_bash_operator.py
[2022-08-23 00:29:54,602] {logging_mixin.py:115} INFO - [2022-08-23 00:29:54,602] {dag.py:2371} INFO - Sync 1 DAGs
[2022-08-23 00:29:54,615] {logging_mixin.py:115} INFO - [2022-08-23 00:29:54,615] {dag.py:2915} INFO - Setting next_dagrun for example_bash_operator to 2022-08-22T00:00:00+00:00, run_after=2022-08-23T00:00:00+00:00
[2022-08-23 00:29:54,644] {processor.py:161} INFO - Processing /home/osboxes/.local/lib/python3.8/site-packages/airflow/example_dags/example_bash_operator.py took 0.073 seconds
[2022-08-23 00:30:35,877] {processor.py:153} INFO - Started process (PID=190947) to work on /home/osboxes/.local/lib/python3.8/site-packages/airflow/example_dags/example_bash_operator.py
[2022-08-23 00:30:35,879] {processor.py:641} INFO - Processing file /home/osboxes/.local/lib/python3.8/site-packages/airflow/example_dags/example_bash_operator.py for tasks to queue
[2022-08-23 00:30:35,879] {logging_mixin.py:115} INFO - [2022-08-23 00:30:35,879] {dagbag.py:507} INFO - Filling up the DagBag from /home/osboxes/.local/lib/python3.8/site-packages/airflow/example_dags/example_bash_operator.py
[2022-08-23 00:30:35,888] {processor.py:651} INFO - DAG(s) dict_keys(['example_bash_operator']) retrieved from /home/osboxes/.local/lib/python3.8/site-packages/airflow/example_dags/example_bash_operator.py
[2022-08-23 00:30:35,904] {logging_mixin.py:115} INFO - [2022-08-23 00:30:35,904] {dag.py:2371} INFO - Sync 1 DAGs
[2022-08-23 00:30:35,919] {logging_mixin.py:115} INFO - [2022-08-23 00:30:35,919] {dag.py:2915} INFO - Setting next_dagrun for example_bash_operator to 2022-08-22T00:00:00+00:00, run_after=2022-08-23T00:00:00+00:00
[2022-08-23 00:30:35,964] {processor.py:161} INFO - Processing /home/osboxes/.local/lib/python3.8/site-packages/airflow/example_dags/example_bash_operator.py took 0.090 seconds
[2022-08-23 00:31:29,285] {processor.py:153} INFO - Started process (PID=191405) to work on /home/osboxes/.local/lib/python3.8/site-packages/airflow/example_dags/example_bash_operator.py
[2022-08-23 00:31:29,287] {processor.py:641} INFO - Processing file /home/osboxes/.local/lib/python3.8/site-packages/airflow/example_dags/example_bash_operator.py for tasks to queue
[2022-08-23 00:31:29,288] {logging_mixin.py:115} INFO - [2022-08-23 00:31:29,288] {dagbag.py:507} INFO - Filling up the DagBag from /home/osboxes/.local/lib/python3.8/site-packages/airflow/example_dags/example_bash_operator.py
[2022-08-23 00:31:29,296] {processor.py:651} INFO - DAG(s) dict_keys(['example_bash_operator']) retrieved from /home/osboxes/.local/lib/python3.8/site-packages/airflow/example_dags/example_bash_operator.py
[2022-08-23 00:31:29,315] {logging_mixin.py:115} INFO - [2022-08-23 00:31:29,315] {dag.py:2371} INFO - Sync 1 DAGs
[2022-08-23 00:31:29,331] {logging_mixin.py:115} INFO - [2022-08-23 00:31:29,331] {dag.py:2915} INFO - Setting next_dagrun for example_bash_operator to 2022-08-22T00:00:00+00:00, run_after=2022-08-23T00:00:00+00:00
[2022-08-23 00:31:29,358] {processor.py:161} INFO - Processing /home/osboxes/.local/lib/python3.8/site-packages/airflow/example_dags/example_bash_operator.py took 0.077 seconds
[2022-08-23 00:32:20,640] {processor.py:153} INFO - Started process (PID=191816) to work on /home/osboxes/.local/lib/python3.8/site-packages/airflow/example_dags/example_bash_operator.py
[2022-08-23 00:32:20,642] {processor.py:641} INFO - Processing file /home/osboxes/.local/lib/python3.8/site-packages/airflow/example_dags/example_bash_operator.py for tasks to queue
[2022-08-23 00:32:20,642] {logging_mixin.py:115} INFO - [2022-08-23 00:32:20,642] {dagbag.py:507} INFO - Filling up the DagBag from /home/osboxes/.local/lib/python3.8/site-packages/airflow/example_dags/example_bash_operator.py
[2022-08-23 00:32:20,651] {processor.py:651} INFO - DAG(s) dict_keys(['example_bash_operator']) retrieved from /home/osboxes/.local/lib/python3.8/site-packages/airflow/example_dags/example_bash_operator.py
[2022-08-23 00:32:20,667] {logging_mixin.py:115} INFO - [2022-08-23 00:32:20,667] {dag.py:2371} INFO - Sync 1 DAGs
[2022-08-23 00:32:20,683] {logging_mixin.py:115} INFO - [2022-08-23 00:32:20,683] {dag.py:2915} INFO - Setting next_dagrun for example_bash_operator to 2022-08-22T00:00:00+00:00, run_after=2022-08-23T00:00:00+00:00
[2022-08-23 00:32:20,719] {processor.py:161} INFO - Processing /home/osboxes/.local/lib/python3.8/site-packages/airflow/example_dags/example_bash_operator.py took 0.082 seconds
[2022-08-23 00:33:17,139] {processor.py:153} INFO - Started process (PID=192328) to work on /home/osboxes/.local/lib/python3.8/site-packages/airflow/example_dags/example_bash_operator.py
[2022-08-23 00:33:17,140] {processor.py:641} INFO - Processing file /home/osboxes/.local/lib/python3.8/site-packages/airflow/example_dags/example_bash_operator.py for tasks to queue
[2022-08-23 00:33:17,141] {logging_mixin.py:115} INFO - [2022-08-23 00:33:17,141] {dagbag.py:507} INFO - Filling up the DagBag from /home/osboxes/.local/lib/python3.8/site-packages/airflow/example_dags/example_bash_operator.py
[2022-08-23 00:33:17,151] {processor.py:651} INFO - DAG(s) dict_keys(['example_bash_operator']) retrieved from /home/osboxes/.local/lib/python3.8/site-packages/airflow/example_dags/example_bash_operator.py
[2022-08-23 00:33:17,170] {logging_mixin.py:115} INFO - [2022-08-23 00:33:17,170] {dag.py:2371} INFO - Sync 1 DAGs
[2022-08-23 00:33:17,183] {logging_mixin.py:115} INFO - [2022-08-23 00:33:17,183] {dag.py:2915} INFO - Setting next_dagrun for example_bash_operator to 2022-08-22T00:00:00+00:00, run_after=2022-08-23T00:00:00+00:00
[2022-08-23 00:33:17,227] {processor.py:161} INFO - Processing /home/osboxes/.local/lib/python3.8/site-packages/airflow/example_dags/example_bash_operator.py took 0.091 seconds
[2022-08-23 00:33:59,726] {processor.py:153} INFO - Started process (PID=192682) to work on /home/osboxes/.local/lib/python3.8/site-packages/airflow/example_dags/example_bash_operator.py
[2022-08-23 00:33:59,729] {processor.py:641} INFO - Processing file /home/osboxes/.local/lib/python3.8/site-packages/airflow/example_dags/example_bash_operator.py for tasks to queue
[2022-08-23 00:33:59,729] {logging_mixin.py:115} INFO - [2022-08-23 00:33:59,729] {dagbag.py:507} INFO - Filling up the DagBag from /home/osboxes/.local/lib/python3.8/site-packages/airflow/example_dags/example_bash_operator.py
[2022-08-23 00:33:59,739] {processor.py:651} INFO - DAG(s) dict_keys(['example_bash_operator']) retrieved from /home/osboxes/.local/lib/python3.8/site-packages/airflow/example_dags/example_bash_operator.py
[2022-08-23 00:33:59,757] {logging_mixin.py:115} INFO - [2022-08-23 00:33:59,757] {dag.py:2371} INFO - Sync 1 DAGs
[2022-08-23 00:33:59,771] {logging_mixin.py:115} INFO - [2022-08-23 00:33:59,771] {dag.py:2915} INFO - Setting next_dagrun for example_bash_operator to 2022-08-22T00:00:00+00:00, run_after=2022-08-23T00:00:00+00:00
[2022-08-23 00:33:59,799] {processor.py:161} INFO - Processing /home/osboxes/.local/lib/python3.8/site-packages/airflow/example_dags/example_bash_operator.py took 0.075 seconds
[2022-08-23 00:34:51,259] {processor.py:153} INFO - Started process (PID=193124) to work on /home/osboxes/.local/lib/python3.8/site-packages/airflow/example_dags/example_bash_operator.py
[2022-08-23 00:34:51,261] {processor.py:641} INFO - Processing file /home/osboxes/.local/lib/python3.8/site-packages/airflow/example_dags/example_bash_operator.py for tasks to queue
[2022-08-23 00:34:51,262] {logging_mixin.py:115} INFO - [2022-08-23 00:34:51,262] {dagbag.py:507} INFO - Filling up the DagBag from /home/osboxes/.local/lib/python3.8/site-packages/airflow/example_dags/example_bash_operator.py
[2022-08-23 00:34:51,272] {processor.py:651} INFO - DAG(s) dict_keys(['example_bash_operator']) retrieved from /home/osboxes/.local/lib/python3.8/site-packages/airflow/example_dags/example_bash_operator.py
[2022-08-23 00:34:51,290] {logging_mixin.py:115} INFO - [2022-08-23 00:34:51,290] {dag.py:2371} INFO - Sync 1 DAGs
[2022-08-23 00:34:51,305] {logging_mixin.py:115} INFO - [2022-08-23 00:34:51,305] {dag.py:2915} INFO - Setting next_dagrun for example_bash_operator to 2022-08-22T00:00:00+00:00, run_after=2022-08-23T00:00:00+00:00
[2022-08-23 00:34:51,338] {processor.py:161} INFO - Processing /home/osboxes/.local/lib/python3.8/site-packages/airflow/example_dags/example_bash_operator.py took 0.082 seconds
[2022-08-23 00:35:46,995] {processor.py:153} INFO - Started process (PID=193596) to work on /home/osboxes/.local/lib/python3.8/site-packages/airflow/example_dags/example_bash_operator.py
[2022-08-23 00:35:46,998] {processor.py:641} INFO - Processing file /home/osboxes/.local/lib/python3.8/site-packages/airflow/example_dags/example_bash_operator.py for tasks to queue
[2022-08-23 00:35:46,998] {logging_mixin.py:115} INFO - [2022-08-23 00:35:46,998] {dagbag.py:507} INFO - Filling up the DagBag from /home/osboxes/.local/lib/python3.8/site-packages/airflow/example_dags/example_bash_operator.py
[2022-08-23 00:35:47,008] {processor.py:651} INFO - DAG(s) dict_keys(['example_bash_operator']) retrieved from /home/osboxes/.local/lib/python3.8/site-packages/airflow/example_dags/example_bash_operator.py
[2022-08-23 00:35:47,034] {logging_mixin.py:115} INFO - [2022-08-23 00:35:47,033] {dag.py:2371} INFO - Sync 1 DAGs
[2022-08-23 00:35:47,067] {logging_mixin.py:115} INFO - [2022-08-23 00:35:47,067] {dag.py:2915} INFO - Setting next_dagrun for example_bash_operator to 2022-08-22T00:00:00+00:00, run_after=2022-08-23T00:00:00+00:00
[2022-08-23 00:35:47,099] {processor.py:161} INFO - Processing /home/osboxes/.local/lib/python3.8/site-packages/airflow/example_dags/example_bash_operator.py took 0.106 seconds
