[2022-07-24 19:10:16,044] {processor.py:153} INFO - Started process (PID=1341581) to work on /home/osboxes/.local/lib/python3.8/site-packages/airflow/example_dags/example_nested_branch_dag.py
[2022-07-24 19:10:16,057] {processor.py:641} INFO - Processing file /home/osboxes/.local/lib/python3.8/site-packages/airflow/example_dags/example_nested_branch_dag.py for tasks to queue
[2022-07-24 19:10:16,058] {logging_mixin.py:115} INFO - [2022-07-24 19:10:16,058] {dagbag.py:507} INFO - Filling up the DagBag from /home/osboxes/.local/lib/python3.8/site-packages/airflow/example_dags/example_nested_branch_dag.py
[2022-07-24 19:10:16,075] {processor.py:651} INFO - DAG(s) dict_keys(['example_nested_branch_dag']) retrieved from /home/osboxes/.local/lib/python3.8/site-packages/airflow/example_dags/example_nested_branch_dag.py
[2022-07-24 19:10:16,251] {logging_mixin.py:115} INFO - [2022-07-24 19:10:16,251] {dag.py:2371} INFO - Sync 1 DAGs
[2022-07-24 19:10:16,440] {logging_mixin.py:115} INFO - [2022-07-24 19:10:16,440] {dag.py:2915} INFO - Setting next_dagrun for example_nested_branch_dag to 2022-07-23T00:00:00+00:00, run_after=2022-07-24T00:00:00+00:00
[2022-07-24 19:10:17,074] {processor.py:161} INFO - Processing /home/osboxes/.local/lib/python3.8/site-packages/airflow/example_dags/example_nested_branch_dag.py took 1.032 seconds
[2022-07-24 19:10:58,459] {processor.py:153} INFO - Started process (PID=1341984) to work on /home/osboxes/.local/lib/python3.8/site-packages/airflow/example_dags/example_nested_branch_dag.py
[2022-07-24 19:10:58,461] {processor.py:641} INFO - Processing file /home/osboxes/.local/lib/python3.8/site-packages/airflow/example_dags/example_nested_branch_dag.py for tasks to queue
[2022-07-24 19:10:58,462] {logging_mixin.py:115} INFO - [2022-07-24 19:10:58,462] {dagbag.py:507} INFO - Filling up the DagBag from /home/osboxes/.local/lib/python3.8/site-packages/airflow/example_dags/example_nested_branch_dag.py
[2022-07-24 19:10:58,473] {processor.py:651} INFO - DAG(s) dict_keys(['example_nested_branch_dag']) retrieved from /home/osboxes/.local/lib/python3.8/site-packages/airflow/example_dags/example_nested_branch_dag.py
[2022-07-24 19:10:58,500] {logging_mixin.py:115} INFO - [2022-07-24 19:10:58,500] {dag.py:2371} INFO - Sync 1 DAGs
[2022-07-24 19:10:58,520] {logging_mixin.py:115} INFO - [2022-07-24 19:10:58,520] {dag.py:2915} INFO - Setting next_dagrun for example_nested_branch_dag to 2022-07-23T00:00:00+00:00, run_after=2022-07-24T00:00:00+00:00
[2022-07-24 19:10:58,557] {processor.py:161} INFO - Processing /home/osboxes/.local/lib/python3.8/site-packages/airflow/example_dags/example_nested_branch_dag.py took 0.102 seconds
[2022-07-24 19:11:37,928] {processor.py:153} INFO - Started process (PID=1342292) to work on /home/osboxes/.local/lib/python3.8/site-packages/airflow/example_dags/example_nested_branch_dag.py
[2022-07-24 19:11:37,931] {processor.py:641} INFO - Processing file /home/osboxes/.local/lib/python3.8/site-packages/airflow/example_dags/example_nested_branch_dag.py for tasks to queue
[2022-07-24 19:11:37,932] {logging_mixin.py:115} INFO - [2022-07-24 19:11:37,931] {dagbag.py:507} INFO - Filling up the DagBag from /home/osboxes/.local/lib/python3.8/site-packages/airflow/example_dags/example_nested_branch_dag.py
[2022-07-24 19:11:37,940] {processor.py:651} INFO - DAG(s) dict_keys(['example_nested_branch_dag']) retrieved from /home/osboxes/.local/lib/python3.8/site-packages/airflow/example_dags/example_nested_branch_dag.py
[2022-07-24 19:11:37,961] {logging_mixin.py:115} INFO - [2022-07-24 19:11:37,961] {dag.py:2371} INFO - Sync 1 DAGs
[2022-07-24 19:11:37,979] {logging_mixin.py:115} INFO - [2022-07-24 19:11:37,979] {dag.py:2915} INFO - Setting next_dagrun for example_nested_branch_dag to 2022-07-23T00:00:00+00:00, run_after=2022-07-24T00:00:00+00:00
[2022-07-24 19:11:38,015] {processor.py:161} INFO - Processing /home/osboxes/.local/lib/python3.8/site-packages/airflow/example_dags/example_nested_branch_dag.py took 0.090 seconds
[2022-07-24 19:12:17,990] {processor.py:153} INFO - Started process (PID=1342589) to work on /home/osboxes/.local/lib/python3.8/site-packages/airflow/example_dags/example_nested_branch_dag.py
[2022-07-24 19:12:17,991] {processor.py:641} INFO - Processing file /home/osboxes/.local/lib/python3.8/site-packages/airflow/example_dags/example_nested_branch_dag.py for tasks to queue
[2022-07-24 19:12:17,992] {logging_mixin.py:115} INFO - [2022-07-24 19:12:17,992] {dagbag.py:507} INFO - Filling up the DagBag from /home/osboxes/.local/lib/python3.8/site-packages/airflow/example_dags/example_nested_branch_dag.py
[2022-07-24 19:12:18,001] {processor.py:651} INFO - DAG(s) dict_keys(['example_nested_branch_dag']) retrieved from /home/osboxes/.local/lib/python3.8/site-packages/airflow/example_dags/example_nested_branch_dag.py
[2022-07-24 19:12:18,020] {logging_mixin.py:115} INFO - [2022-07-24 19:12:18,020] {dag.py:2371} INFO - Sync 1 DAGs
[2022-07-24 19:12:18,034] {logging_mixin.py:115} INFO - [2022-07-24 19:12:18,034] {dag.py:2915} INFO - Setting next_dagrun for example_nested_branch_dag to 2022-07-23T00:00:00+00:00, run_after=2022-07-24T00:00:00+00:00
[2022-07-24 19:12:18,065] {processor.py:161} INFO - Processing /home/osboxes/.local/lib/python3.8/site-packages/airflow/example_dags/example_nested_branch_dag.py took 0.079 seconds
[2022-07-24 19:12:54,939] {processor.py:153} INFO - Started process (PID=1342872) to work on /home/osboxes/.local/lib/python3.8/site-packages/airflow/example_dags/example_nested_branch_dag.py
[2022-07-24 19:12:54,941] {processor.py:641} INFO - Processing file /home/osboxes/.local/lib/python3.8/site-packages/airflow/example_dags/example_nested_branch_dag.py for tasks to queue
[2022-07-24 19:12:54,941] {logging_mixin.py:115} INFO - [2022-07-24 19:12:54,941] {dagbag.py:507} INFO - Filling up the DagBag from /home/osboxes/.local/lib/python3.8/site-packages/airflow/example_dags/example_nested_branch_dag.py
[2022-07-24 19:12:54,949] {processor.py:651} INFO - DAG(s) dict_keys(['example_nested_branch_dag']) retrieved from /home/osboxes/.local/lib/python3.8/site-packages/airflow/example_dags/example_nested_branch_dag.py
[2022-07-24 19:12:54,970] {logging_mixin.py:115} INFO - [2022-07-24 19:12:54,970] {dag.py:2371} INFO - Sync 1 DAGs
[2022-07-24 19:12:54,984] {logging_mixin.py:115} INFO - [2022-07-24 19:12:54,984] {dag.py:2915} INFO - Setting next_dagrun for example_nested_branch_dag to 2022-07-23T00:00:00+00:00, run_after=2022-07-24T00:00:00+00:00
[2022-07-24 19:12:55,022] {processor.py:161} INFO - Processing /home/osboxes/.local/lib/python3.8/site-packages/airflow/example_dags/example_nested_branch_dag.py took 0.086 seconds
[2022-07-24 19:13:34,564] {processor.py:153} INFO - Started process (PID=1343181) to work on /home/osboxes/.local/lib/python3.8/site-packages/airflow/example_dags/example_nested_branch_dag.py
[2022-07-24 19:13:34,572] {processor.py:641} INFO - Processing file /home/osboxes/.local/lib/python3.8/site-packages/airflow/example_dags/example_nested_branch_dag.py for tasks to queue
[2022-07-24 19:13:34,572] {logging_mixin.py:115} INFO - [2022-07-24 19:13:34,572] {dagbag.py:507} INFO - Filling up the DagBag from /home/osboxes/.local/lib/python3.8/site-packages/airflow/example_dags/example_nested_branch_dag.py
[2022-07-24 19:13:34,583] {processor.py:651} INFO - DAG(s) dict_keys(['example_nested_branch_dag']) retrieved from /home/osboxes/.local/lib/python3.8/site-packages/airflow/example_dags/example_nested_branch_dag.py
[2022-07-24 19:13:34,652] {logging_mixin.py:115} INFO - [2022-07-24 19:13:34,652] {dag.py:2371} INFO - Sync 1 DAGs
[2022-07-24 19:13:34,750] {logging_mixin.py:115} INFO - [2022-07-24 19:13:34,750] {dag.py:2915} INFO - Setting next_dagrun for example_nested_branch_dag to 2022-07-23T00:00:00+00:00, run_after=2022-07-24T00:00:00+00:00
[2022-07-24 19:13:34,824] {processor.py:161} INFO - Processing /home/osboxes/.local/lib/python3.8/site-packages/airflow/example_dags/example_nested_branch_dag.py took 0.262 seconds
[2022-07-24 19:14:10,144] {processor.py:153} INFO - Started process (PID=1343462) to work on /home/osboxes/.local/lib/python3.8/site-packages/airflow/example_dags/example_nested_branch_dag.py
[2022-07-24 19:14:10,147] {processor.py:641} INFO - Processing file /home/osboxes/.local/lib/python3.8/site-packages/airflow/example_dags/example_nested_branch_dag.py for tasks to queue
[2022-07-24 19:14:10,148] {logging_mixin.py:115} INFO - [2022-07-24 19:14:10,148] {dagbag.py:507} INFO - Filling up the DagBag from /home/osboxes/.local/lib/python3.8/site-packages/airflow/example_dags/example_nested_branch_dag.py
[2022-07-24 19:14:10,156] {processor.py:651} INFO - DAG(s) dict_keys(['example_nested_branch_dag']) retrieved from /home/osboxes/.local/lib/python3.8/site-packages/airflow/example_dags/example_nested_branch_dag.py
[2022-07-24 19:14:10,175] {logging_mixin.py:115} INFO - [2022-07-24 19:14:10,175] {dag.py:2371} INFO - Sync 1 DAGs
[2022-07-24 19:14:10,192] {logging_mixin.py:115} INFO - [2022-07-24 19:14:10,192] {dag.py:2915} INFO - Setting next_dagrun for example_nested_branch_dag to 2022-07-23T00:00:00+00:00, run_after=2022-07-24T00:00:00+00:00
[2022-07-24 19:14:10,223] {processor.py:161} INFO - Processing /home/osboxes/.local/lib/python3.8/site-packages/airflow/example_dags/example_nested_branch_dag.py took 0.083 seconds
[2022-07-24 19:14:47,357] {processor.py:153} INFO - Started process (PID=1343807) to work on /home/osboxes/.local/lib/python3.8/site-packages/airflow/example_dags/example_nested_branch_dag.py
[2022-07-24 19:14:47,358] {processor.py:641} INFO - Processing file /home/osboxes/.local/lib/python3.8/site-packages/airflow/example_dags/example_nested_branch_dag.py for tasks to queue
[2022-07-24 19:14:47,359] {logging_mixin.py:115} INFO - [2022-07-24 19:14:47,359] {dagbag.py:507} INFO - Filling up the DagBag from /home/osboxes/.local/lib/python3.8/site-packages/airflow/example_dags/example_nested_branch_dag.py
[2022-07-24 19:14:47,367] {processor.py:651} INFO - DAG(s) dict_keys(['example_nested_branch_dag']) retrieved from /home/osboxes/.local/lib/python3.8/site-packages/airflow/example_dags/example_nested_branch_dag.py
[2022-07-24 19:14:47,386] {logging_mixin.py:115} INFO - [2022-07-24 19:14:47,386] {dag.py:2371} INFO - Sync 1 DAGs
[2022-07-24 19:14:47,402] {logging_mixin.py:115} INFO - [2022-07-24 19:14:47,402] {dag.py:2915} INFO - Setting next_dagrun for example_nested_branch_dag to 2022-07-23T00:00:00+00:00, run_after=2022-07-24T00:00:00+00:00
[2022-07-24 19:14:47,447] {processor.py:161} INFO - Processing /home/osboxes/.local/lib/python3.8/site-packages/airflow/example_dags/example_nested_branch_dag.py took 0.092 seconds
[2022-07-24 19:15:25,417] {processor.py:153} INFO - Started process (PID=1344132) to work on /home/osboxes/.local/lib/python3.8/site-packages/airflow/example_dags/example_nested_branch_dag.py
[2022-07-24 19:15:25,419] {processor.py:641} INFO - Processing file /home/osboxes/.local/lib/python3.8/site-packages/airflow/example_dags/example_nested_branch_dag.py for tasks to queue
[2022-07-24 19:15:25,419] {logging_mixin.py:115} INFO - [2022-07-24 19:15:25,419] {dagbag.py:507} INFO - Filling up the DagBag from /home/osboxes/.local/lib/python3.8/site-packages/airflow/example_dags/example_nested_branch_dag.py
[2022-07-24 19:15:25,427] {processor.py:651} INFO - DAG(s) dict_keys(['example_nested_branch_dag']) retrieved from /home/osboxes/.local/lib/python3.8/site-packages/airflow/example_dags/example_nested_branch_dag.py
[2022-07-24 19:15:25,448] {logging_mixin.py:115} INFO - [2022-07-24 19:15:25,448] {dag.py:2371} INFO - Sync 1 DAGs
[2022-07-24 19:15:25,462] {logging_mixin.py:115} INFO - [2022-07-24 19:15:25,462] {dag.py:2915} INFO - Setting next_dagrun for example_nested_branch_dag to 2022-07-23T00:00:00+00:00, run_after=2022-07-24T00:00:00+00:00
[2022-07-24 19:15:25,506] {processor.py:161} INFO - Processing /home/osboxes/.local/lib/python3.8/site-packages/airflow/example_dags/example_nested_branch_dag.py took 0.091 seconds
[2022-07-24 19:16:00,463] {processor.py:153} INFO - Started process (PID=1344396) to work on /home/osboxes/.local/lib/python3.8/site-packages/airflow/example_dags/example_nested_branch_dag.py
[2022-07-24 19:16:00,465] {processor.py:641} INFO - Processing file /home/osboxes/.local/lib/python3.8/site-packages/airflow/example_dags/example_nested_branch_dag.py for tasks to queue
[2022-07-24 19:16:00,465] {logging_mixin.py:115} INFO - [2022-07-24 19:16:00,465] {dagbag.py:507} INFO - Filling up the DagBag from /home/osboxes/.local/lib/python3.8/site-packages/airflow/example_dags/example_nested_branch_dag.py
[2022-07-24 19:16:00,476] {processor.py:651} INFO - DAG(s) dict_keys(['example_nested_branch_dag']) retrieved from /home/osboxes/.local/lib/python3.8/site-packages/airflow/example_dags/example_nested_branch_dag.py
[2022-07-24 19:16:00,496] {logging_mixin.py:115} INFO - [2022-07-24 19:16:00,495] {dag.py:2371} INFO - Sync 1 DAGs
[2022-07-24 19:16:00,510] {logging_mixin.py:115} INFO - [2022-07-24 19:16:00,510] {dag.py:2915} INFO - Setting next_dagrun for example_nested_branch_dag to 2022-07-23T00:00:00+00:00, run_after=2022-07-24T00:00:00+00:00
[2022-07-24 19:16:00,537] {processor.py:161} INFO - Processing /home/osboxes/.local/lib/python3.8/site-packages/airflow/example_dags/example_nested_branch_dag.py took 0.077 seconds
[2022-07-24 19:16:37,180] {processor.py:153} INFO - Started process (PID=1344685) to work on /home/osboxes/.local/lib/python3.8/site-packages/airflow/example_dags/example_nested_branch_dag.py
[2022-07-24 19:16:37,182] {processor.py:641} INFO - Processing file /home/osboxes/.local/lib/python3.8/site-packages/airflow/example_dags/example_nested_branch_dag.py for tasks to queue
[2022-07-24 19:16:37,182] {logging_mixin.py:115} INFO - [2022-07-24 19:16:37,182] {dagbag.py:507} INFO - Filling up the DagBag from /home/osboxes/.local/lib/python3.8/site-packages/airflow/example_dags/example_nested_branch_dag.py
[2022-07-24 19:16:37,190] {processor.py:651} INFO - DAG(s) dict_keys(['example_nested_branch_dag']) retrieved from /home/osboxes/.local/lib/python3.8/site-packages/airflow/example_dags/example_nested_branch_dag.py
[2022-07-24 19:16:37,218] {logging_mixin.py:115} INFO - [2022-07-24 19:16:37,217] {dag.py:2371} INFO - Sync 1 DAGs
[2022-07-24 19:16:37,232] {logging_mixin.py:115} INFO - [2022-07-24 19:16:37,232] {dag.py:2915} INFO - Setting next_dagrun for example_nested_branch_dag to 2022-07-23T00:00:00+00:00, run_after=2022-07-24T00:00:00+00:00
[2022-07-24 19:16:37,268] {processor.py:161} INFO - Processing /home/osboxes/.local/lib/python3.8/site-packages/airflow/example_dags/example_nested_branch_dag.py took 0.090 seconds
[2022-07-24 19:17:12,184] {processor.py:153} INFO - Started process (PID=1344950) to work on /home/osboxes/.local/lib/python3.8/site-packages/airflow/example_dags/example_nested_branch_dag.py
[2022-07-24 19:17:12,189] {processor.py:641} INFO - Processing file /home/osboxes/.local/lib/python3.8/site-packages/airflow/example_dags/example_nested_branch_dag.py for tasks to queue
[2022-07-24 19:17:12,190] {logging_mixin.py:115} INFO - [2022-07-24 19:17:12,189] {dagbag.py:507} INFO - Filling up the DagBag from /home/osboxes/.local/lib/python3.8/site-packages/airflow/example_dags/example_nested_branch_dag.py
[2022-07-24 19:17:12,197] {processor.py:651} INFO - DAG(s) dict_keys(['example_nested_branch_dag']) retrieved from /home/osboxes/.local/lib/python3.8/site-packages/airflow/example_dags/example_nested_branch_dag.py
[2022-07-24 19:17:12,216] {logging_mixin.py:115} INFO - [2022-07-24 19:17:12,216] {dag.py:2371} INFO - Sync 1 DAGs
[2022-07-24 19:17:12,234] {logging_mixin.py:115} INFO - [2022-07-24 19:17:12,234] {dag.py:2915} INFO - Setting next_dagrun for example_nested_branch_dag to 2022-07-23T00:00:00+00:00, run_after=2022-07-24T00:00:00+00:00
[2022-07-24 19:17:12,270] {processor.py:161} INFO - Processing /home/osboxes/.local/lib/python3.8/site-packages/airflow/example_dags/example_nested_branch_dag.py took 0.090 seconds
[2022-07-24 19:17:47,256] {processor.py:153} INFO - Started process (PID=1345235) to work on /home/osboxes/.local/lib/python3.8/site-packages/airflow/example_dags/example_nested_branch_dag.py
[2022-07-24 19:17:47,258] {processor.py:641} INFO - Processing file /home/osboxes/.local/lib/python3.8/site-packages/airflow/example_dags/example_nested_branch_dag.py for tasks to queue
[2022-07-24 19:17:47,258] {logging_mixin.py:115} INFO - [2022-07-24 19:17:47,258] {dagbag.py:507} INFO - Filling up the DagBag from /home/osboxes/.local/lib/python3.8/site-packages/airflow/example_dags/example_nested_branch_dag.py
[2022-07-24 19:17:47,267] {processor.py:651} INFO - DAG(s) dict_keys(['example_nested_branch_dag']) retrieved from /home/osboxes/.local/lib/python3.8/site-packages/airflow/example_dags/example_nested_branch_dag.py
[2022-07-24 19:17:47,287] {logging_mixin.py:115} INFO - [2022-07-24 19:17:47,286] {dag.py:2371} INFO - Sync 1 DAGs
[2022-07-24 19:17:47,301] {logging_mixin.py:115} INFO - [2022-07-24 19:17:47,301] {dag.py:2915} INFO - Setting next_dagrun for example_nested_branch_dag to 2022-07-23T00:00:00+00:00, run_after=2022-07-24T00:00:00+00:00
[2022-07-24 19:17:47,340] {processor.py:161} INFO - Processing /home/osboxes/.local/lib/python3.8/site-packages/airflow/example_dags/example_nested_branch_dag.py took 0.086 seconds
[2022-07-24 19:18:20,993] {processor.py:153} INFO - Started process (PID=1345483) to work on /home/osboxes/.local/lib/python3.8/site-packages/airflow/example_dags/example_nested_branch_dag.py
[2022-07-24 19:18:20,994] {processor.py:641} INFO - Processing file /home/osboxes/.local/lib/python3.8/site-packages/airflow/example_dags/example_nested_branch_dag.py for tasks to queue
[2022-07-24 19:18:20,995] {logging_mixin.py:115} INFO - [2022-07-24 19:18:20,995] {dagbag.py:507} INFO - Filling up the DagBag from /home/osboxes/.local/lib/python3.8/site-packages/airflow/example_dags/example_nested_branch_dag.py
[2022-07-24 19:18:21,002] {processor.py:651} INFO - DAG(s) dict_keys(['example_nested_branch_dag']) retrieved from /home/osboxes/.local/lib/python3.8/site-packages/airflow/example_dags/example_nested_branch_dag.py
[2022-07-24 19:18:21,021] {logging_mixin.py:115} INFO - [2022-07-24 19:18:21,021] {dag.py:2371} INFO - Sync 1 DAGs
[2022-07-24 19:18:21,039] {logging_mixin.py:115} INFO - [2022-07-24 19:18:21,039] {dag.py:2915} INFO - Setting next_dagrun for example_nested_branch_dag to 2022-07-23T00:00:00+00:00, run_after=2022-07-24T00:00:00+00:00
[2022-07-24 19:18:21,084] {processor.py:161} INFO - Processing /home/osboxes/.local/lib/python3.8/site-packages/airflow/example_dags/example_nested_branch_dag.py took 0.094 seconds
[2022-07-24 19:18:59,204] {processor.py:153} INFO - Started process (PID=1345795) to work on /home/osboxes/.local/lib/python3.8/site-packages/airflow/example_dags/example_nested_branch_dag.py
[2022-07-24 19:18:59,206] {processor.py:641} INFO - Processing file /home/osboxes/.local/lib/python3.8/site-packages/airflow/example_dags/example_nested_branch_dag.py for tasks to queue
[2022-07-24 19:18:59,206] {logging_mixin.py:115} INFO - [2022-07-24 19:18:59,206] {dagbag.py:507} INFO - Filling up the DagBag from /home/osboxes/.local/lib/python3.8/site-packages/airflow/example_dags/example_nested_branch_dag.py
[2022-07-24 19:18:59,215] {processor.py:651} INFO - DAG(s) dict_keys(['example_nested_branch_dag']) retrieved from /home/osboxes/.local/lib/python3.8/site-packages/airflow/example_dags/example_nested_branch_dag.py
[2022-07-24 19:18:59,237] {logging_mixin.py:115} INFO - [2022-07-24 19:18:59,237] {dag.py:2371} INFO - Sync 1 DAGs
[2022-07-24 19:18:59,251] {logging_mixin.py:115} INFO - [2022-07-24 19:18:59,251] {dag.py:2915} INFO - Setting next_dagrun for example_nested_branch_dag to 2022-07-23T00:00:00+00:00, run_after=2022-07-24T00:00:00+00:00
[2022-07-24 19:18:59,284] {processor.py:161} INFO - Processing /home/osboxes/.local/lib/python3.8/site-packages/airflow/example_dags/example_nested_branch_dag.py took 0.083 seconds
[2022-07-24 19:19:29,497] {processor.py:153} INFO - Started process (PID=1346077) to work on /home/osboxes/.local/lib/python3.8/site-packages/airflow/example_dags/example_nested_branch_dag.py
[2022-07-24 19:19:29,498] {processor.py:641} INFO - Processing file /home/osboxes/.local/lib/python3.8/site-packages/airflow/example_dags/example_nested_branch_dag.py for tasks to queue
[2022-07-24 19:19:29,498] {logging_mixin.py:115} INFO - [2022-07-24 19:19:29,498] {dagbag.py:507} INFO - Filling up the DagBag from /home/osboxes/.local/lib/python3.8/site-packages/airflow/example_dags/example_nested_branch_dag.py
[2022-07-24 19:19:29,516] {processor.py:651} INFO - DAG(s) dict_keys(['example_nested_branch_dag']) retrieved from /home/osboxes/.local/lib/python3.8/site-packages/airflow/example_dags/example_nested_branch_dag.py
[2022-07-24 19:19:29,537] {logging_mixin.py:115} INFO - [2022-07-24 19:19:29,537] {dag.py:2371} INFO - Sync 1 DAGs
[2022-07-24 19:19:29,552] {logging_mixin.py:115} INFO - [2022-07-24 19:19:29,552] {dag.py:2915} INFO - Setting next_dagrun for example_nested_branch_dag to 2022-07-23T00:00:00+00:00, run_after=2022-07-24T00:00:00+00:00
[2022-07-24 19:19:29,593] {processor.py:161} INFO - Processing /home/osboxes/.local/lib/python3.8/site-packages/airflow/example_dags/example_nested_branch_dag.py took 0.099 seconds
[2022-07-24 19:20:04,085] {processor.py:153} INFO - Started process (PID=1346345) to work on /home/osboxes/.local/lib/python3.8/site-packages/airflow/example_dags/example_nested_branch_dag.py
[2022-07-24 19:20:04,096] {processor.py:641} INFO - Processing file /home/osboxes/.local/lib/python3.8/site-packages/airflow/example_dags/example_nested_branch_dag.py for tasks to queue
[2022-07-24 19:20:04,097] {logging_mixin.py:115} INFO - [2022-07-24 19:20:04,097] {dagbag.py:507} INFO - Filling up the DagBag from /home/osboxes/.local/lib/python3.8/site-packages/airflow/example_dags/example_nested_branch_dag.py
[2022-07-24 19:20:04,107] {processor.py:651} INFO - DAG(s) dict_keys(['example_nested_branch_dag']) retrieved from /home/osboxes/.local/lib/python3.8/site-packages/airflow/example_dags/example_nested_branch_dag.py
[2022-07-24 19:20:04,130] {logging_mixin.py:115} INFO - [2022-07-24 19:20:04,130] {dag.py:2371} INFO - Sync 1 DAGs
[2022-07-24 19:20:04,154] {logging_mixin.py:115} INFO - [2022-07-24 19:20:04,153] {dag.py:2915} INFO - Setting next_dagrun for example_nested_branch_dag to 2022-07-23T00:00:00+00:00, run_after=2022-07-24T00:00:00+00:00
[2022-07-24 19:20:04,189] {processor.py:161} INFO - Processing /home/osboxes/.local/lib/python3.8/site-packages/airflow/example_dags/example_nested_branch_dag.py took 0.106 seconds
[2022-07-24 19:20:37,075] {processor.py:153} INFO - Started process (PID=1346611) to work on /home/osboxes/.local/lib/python3.8/site-packages/airflow/example_dags/example_nested_branch_dag.py
[2022-07-24 19:20:37,076] {processor.py:641} INFO - Processing file /home/osboxes/.local/lib/python3.8/site-packages/airflow/example_dags/example_nested_branch_dag.py for tasks to queue
[2022-07-24 19:20:37,076] {logging_mixin.py:115} INFO - [2022-07-24 19:20:37,076] {dagbag.py:507} INFO - Filling up the DagBag from /home/osboxes/.local/lib/python3.8/site-packages/airflow/example_dags/example_nested_branch_dag.py
[2022-07-24 19:20:37,088] {processor.py:651} INFO - DAG(s) dict_keys(['example_nested_branch_dag']) retrieved from /home/osboxes/.local/lib/python3.8/site-packages/airflow/example_dags/example_nested_branch_dag.py
[2022-07-24 19:20:37,117] {logging_mixin.py:115} INFO - [2022-07-24 19:20:37,117] {dag.py:2371} INFO - Sync 1 DAGs
[2022-07-24 19:20:37,140] {logging_mixin.py:115} INFO - [2022-07-24 19:20:37,140] {dag.py:2915} INFO - Setting next_dagrun for example_nested_branch_dag to 2022-07-23T00:00:00+00:00, run_after=2022-07-24T00:00:00+00:00
[2022-07-24 19:20:37,191] {processor.py:161} INFO - Processing /home/osboxes/.local/lib/python3.8/site-packages/airflow/example_dags/example_nested_branch_dag.py took 0.119 seconds
[2022-07-24 19:21:10,967] {processor.py:153} INFO - Started process (PID=1346876) to work on /home/osboxes/.local/lib/python3.8/site-packages/airflow/example_dags/example_nested_branch_dag.py
[2022-07-24 19:21:10,970] {processor.py:641} INFO - Processing file /home/osboxes/.local/lib/python3.8/site-packages/airflow/example_dags/example_nested_branch_dag.py for tasks to queue
[2022-07-24 19:21:10,970] {logging_mixin.py:115} INFO - [2022-07-24 19:21:10,970] {dagbag.py:507} INFO - Filling up the DagBag from /home/osboxes/.local/lib/python3.8/site-packages/airflow/example_dags/example_nested_branch_dag.py
[2022-07-24 19:21:10,989] {processor.py:651} INFO - DAG(s) dict_keys(['example_nested_branch_dag']) retrieved from /home/osboxes/.local/lib/python3.8/site-packages/airflow/example_dags/example_nested_branch_dag.py
[2022-07-24 19:21:11,007] {logging_mixin.py:115} INFO - [2022-07-24 19:21:11,007] {dag.py:2371} INFO - Sync 1 DAGs
[2022-07-24 19:21:11,025] {logging_mixin.py:115} INFO - [2022-07-24 19:21:11,025] {dag.py:2915} INFO - Setting next_dagrun for example_nested_branch_dag to 2022-07-23T00:00:00+00:00, run_after=2022-07-24T00:00:00+00:00
[2022-07-24 19:21:11,052] {processor.py:161} INFO - Processing /home/osboxes/.local/lib/python3.8/site-packages/airflow/example_dags/example_nested_branch_dag.py took 0.088 seconds
[2022-07-24 19:21:43,897] {processor.py:153} INFO - Started process (PID=1347140) to work on /home/osboxes/.local/lib/python3.8/site-packages/airflow/example_dags/example_nested_branch_dag.py
[2022-07-24 19:21:43,898] {processor.py:641} INFO - Processing file /home/osboxes/.local/lib/python3.8/site-packages/airflow/example_dags/example_nested_branch_dag.py for tasks to queue
[2022-07-24 19:21:43,898] {logging_mixin.py:115} INFO - [2022-07-24 19:21:43,898] {dagbag.py:507} INFO - Filling up the DagBag from /home/osboxes/.local/lib/python3.8/site-packages/airflow/example_dags/example_nested_branch_dag.py
[2022-07-24 19:21:43,908] {processor.py:651} INFO - DAG(s) dict_keys(['example_nested_branch_dag']) retrieved from /home/osboxes/.local/lib/python3.8/site-packages/airflow/example_dags/example_nested_branch_dag.py
[2022-07-24 19:21:43,935] {logging_mixin.py:115} INFO - [2022-07-24 19:21:43,935] {dag.py:2371} INFO - Sync 1 DAGs
[2022-07-24 19:21:43,949] {logging_mixin.py:115} INFO - [2022-07-24 19:21:43,949] {dag.py:2915} INFO - Setting next_dagrun for example_nested_branch_dag to 2022-07-23T00:00:00+00:00, run_after=2022-07-24T00:00:00+00:00
[2022-07-24 19:21:43,990] {processor.py:161} INFO - Processing /home/osboxes/.local/lib/python3.8/site-packages/airflow/example_dags/example_nested_branch_dag.py took 0.095 seconds
[2022-07-24 19:22:19,987] {processor.py:153} INFO - Started process (PID=1347423) to work on /home/osboxes/.local/lib/python3.8/site-packages/airflow/example_dags/example_nested_branch_dag.py
[2022-07-24 19:22:19,999] {processor.py:641} INFO - Processing file /home/osboxes/.local/lib/python3.8/site-packages/airflow/example_dags/example_nested_branch_dag.py for tasks to queue
[2022-07-24 19:22:20,000] {logging_mixin.py:115} INFO - [2022-07-24 19:22:19,999] {dagbag.py:507} INFO - Filling up the DagBag from /home/osboxes/.local/lib/python3.8/site-packages/airflow/example_dags/example_nested_branch_dag.py
[2022-07-24 19:22:20,007] {processor.py:651} INFO - DAG(s) dict_keys(['example_nested_branch_dag']) retrieved from /home/osboxes/.local/lib/python3.8/site-packages/airflow/example_dags/example_nested_branch_dag.py
[2022-07-24 19:22:20,026] {logging_mixin.py:115} INFO - [2022-07-24 19:22:20,026] {dag.py:2371} INFO - Sync 1 DAGs
[2022-07-24 19:22:20,043] {logging_mixin.py:115} INFO - [2022-07-24 19:22:20,042] {dag.py:2915} INFO - Setting next_dagrun for example_nested_branch_dag to 2022-07-23T00:00:00+00:00, run_after=2022-07-24T00:00:00+00:00
[2022-07-24 19:22:20,079] {processor.py:161} INFO - Processing /home/osboxes/.local/lib/python3.8/site-packages/airflow/example_dags/example_nested_branch_dag.py took 0.093 seconds
[2022-07-24 19:22:56,894] {processor.py:153} INFO - Started process (PID=1347706) to work on /home/osboxes/.local/lib/python3.8/site-packages/airflow/example_dags/example_nested_branch_dag.py
[2022-07-24 19:22:56,895] {processor.py:641} INFO - Processing file /home/osboxes/.local/lib/python3.8/site-packages/airflow/example_dags/example_nested_branch_dag.py for tasks to queue
[2022-07-24 19:22:56,896] {logging_mixin.py:115} INFO - [2022-07-24 19:22:56,896] {dagbag.py:507} INFO - Filling up the DagBag from /home/osboxes/.local/lib/python3.8/site-packages/airflow/example_dags/example_nested_branch_dag.py
[2022-07-24 19:22:56,906] {processor.py:651} INFO - DAG(s) dict_keys(['example_nested_branch_dag']) retrieved from /home/osboxes/.local/lib/python3.8/site-packages/airflow/example_dags/example_nested_branch_dag.py
[2022-07-24 19:22:56,925] {logging_mixin.py:115} INFO - [2022-07-24 19:22:56,925] {dag.py:2371} INFO - Sync 1 DAGs
[2022-07-24 19:22:56,940] {logging_mixin.py:115} INFO - [2022-07-24 19:22:56,940] {dag.py:2915} INFO - Setting next_dagrun for example_nested_branch_dag to 2022-07-23T00:00:00+00:00, run_after=2022-07-24T00:00:00+00:00
[2022-07-24 19:22:56,968] {processor.py:161} INFO - Processing /home/osboxes/.local/lib/python3.8/site-packages/airflow/example_dags/example_nested_branch_dag.py took 0.077 seconds
[2022-07-24 19:23:34,546] {processor.py:153} INFO - Started process (PID=1347993) to work on /home/osboxes/.local/lib/python3.8/site-packages/airflow/example_dags/example_nested_branch_dag.py
[2022-07-24 19:23:34,547] {processor.py:641} INFO - Processing file /home/osboxes/.local/lib/python3.8/site-packages/airflow/example_dags/example_nested_branch_dag.py for tasks to queue
[2022-07-24 19:23:34,547] {logging_mixin.py:115} INFO - [2022-07-24 19:23:34,547] {dagbag.py:507} INFO - Filling up the DagBag from /home/osboxes/.local/lib/python3.8/site-packages/airflow/example_dags/example_nested_branch_dag.py
[2022-07-24 19:23:34,557] {processor.py:651} INFO - DAG(s) dict_keys(['example_nested_branch_dag']) retrieved from /home/osboxes/.local/lib/python3.8/site-packages/airflow/example_dags/example_nested_branch_dag.py
[2022-07-24 19:23:34,576] {logging_mixin.py:115} INFO - [2022-07-24 19:23:34,576] {dag.py:2371} INFO - Sync 1 DAGs
[2022-07-24 19:23:34,591] {logging_mixin.py:115} INFO - [2022-07-24 19:23:34,591] {dag.py:2915} INFO - Setting next_dagrun for example_nested_branch_dag to 2022-07-23T00:00:00+00:00, run_after=2022-07-24T00:00:00+00:00
[2022-07-24 19:23:34,624] {processor.py:161} INFO - Processing /home/osboxes/.local/lib/python3.8/site-packages/airflow/example_dags/example_nested_branch_dag.py took 0.081 seconds
[2022-07-24 19:24:07,671] {processor.py:153} INFO - Started process (PID=1348254) to work on /home/osboxes/.local/lib/python3.8/site-packages/airflow/example_dags/example_nested_branch_dag.py
[2022-07-24 19:24:07,671] {processor.py:641} INFO - Processing file /home/osboxes/.local/lib/python3.8/site-packages/airflow/example_dags/example_nested_branch_dag.py for tasks to queue
[2022-07-24 19:24:07,672] {logging_mixin.py:115} INFO - [2022-07-24 19:24:07,672] {dagbag.py:507} INFO - Filling up the DagBag from /home/osboxes/.local/lib/python3.8/site-packages/airflow/example_dags/example_nested_branch_dag.py
[2022-07-24 19:24:07,680] {processor.py:651} INFO - DAG(s) dict_keys(['example_nested_branch_dag']) retrieved from /home/osboxes/.local/lib/python3.8/site-packages/airflow/example_dags/example_nested_branch_dag.py
[2022-07-24 19:24:07,702] {logging_mixin.py:115} INFO - [2022-07-24 19:24:07,702] {dag.py:2371} INFO - Sync 1 DAGs
[2022-07-24 19:24:07,716] {logging_mixin.py:115} INFO - [2022-07-24 19:24:07,716] {dag.py:2915} INFO - Setting next_dagrun for example_nested_branch_dag to 2022-07-23T00:00:00+00:00, run_after=2022-07-24T00:00:00+00:00
[2022-07-24 19:24:07,757] {processor.py:161} INFO - Processing /home/osboxes/.local/lib/python3.8/site-packages/airflow/example_dags/example_nested_branch_dag.py took 0.088 seconds
[2022-07-24 19:24:44,976] {processor.py:153} INFO - Started process (PID=1348610) to work on /home/osboxes/.local/lib/python3.8/site-packages/airflow/example_dags/example_nested_branch_dag.py
[2022-07-24 19:24:44,977] {processor.py:641} INFO - Processing file /home/osboxes/.local/lib/python3.8/site-packages/airflow/example_dags/example_nested_branch_dag.py for tasks to queue
[2022-07-24 19:24:44,978] {logging_mixin.py:115} INFO - [2022-07-24 19:24:44,978] {dagbag.py:507} INFO - Filling up the DagBag from /home/osboxes/.local/lib/python3.8/site-packages/airflow/example_dags/example_nested_branch_dag.py
[2022-07-24 19:24:44,986] {processor.py:651} INFO - DAG(s) dict_keys(['example_nested_branch_dag']) retrieved from /home/osboxes/.local/lib/python3.8/site-packages/airflow/example_dags/example_nested_branch_dag.py
[2022-07-24 19:24:45,004] {logging_mixin.py:115} INFO - [2022-07-24 19:24:45,003] {dag.py:2371} INFO - Sync 1 DAGs
[2022-07-24 19:24:45,020] {logging_mixin.py:115} INFO - [2022-07-24 19:24:45,020] {dag.py:2915} INFO - Setting next_dagrun for example_nested_branch_dag to 2022-07-23T00:00:00+00:00, run_after=2022-07-24T00:00:00+00:00
[2022-07-24 19:24:45,070] {processor.py:161} INFO - Processing /home/osboxes/.local/lib/python3.8/site-packages/airflow/example_dags/example_nested_branch_dag.py took 0.096 seconds
[2022-07-24 19:25:20,069] {processor.py:153} INFO - Started process (PID=1348888) to work on /home/osboxes/.local/lib/python3.8/site-packages/airflow/example_dags/example_nested_branch_dag.py
[2022-07-24 19:25:20,071] {processor.py:641} INFO - Processing file /home/osboxes/.local/lib/python3.8/site-packages/airflow/example_dags/example_nested_branch_dag.py for tasks to queue
[2022-07-24 19:25:20,071] {logging_mixin.py:115} INFO - [2022-07-24 19:25:20,071] {dagbag.py:507} INFO - Filling up the DagBag from /home/osboxes/.local/lib/python3.8/site-packages/airflow/example_dags/example_nested_branch_dag.py
[2022-07-24 19:25:20,079] {processor.py:651} INFO - DAG(s) dict_keys(['example_nested_branch_dag']) retrieved from /home/osboxes/.local/lib/python3.8/site-packages/airflow/example_dags/example_nested_branch_dag.py
[2022-07-24 19:25:20,098] {logging_mixin.py:115} INFO - [2022-07-24 19:25:20,098] {dag.py:2371} INFO - Sync 1 DAGs
[2022-07-24 19:25:20,114] {logging_mixin.py:115} INFO - [2022-07-24 19:25:20,114] {dag.py:2915} INFO - Setting next_dagrun for example_nested_branch_dag to 2022-07-23T00:00:00+00:00, run_after=2022-07-24T00:00:00+00:00
[2022-07-24 19:25:20,150] {processor.py:161} INFO - Processing /home/osboxes/.local/lib/python3.8/site-packages/airflow/example_dags/example_nested_branch_dag.py took 0.084 seconds
[2022-07-24 19:25:52,730] {processor.py:153} INFO - Started process (PID=1349153) to work on /home/osboxes/.local/lib/python3.8/site-packages/airflow/example_dags/example_nested_branch_dag.py
[2022-07-24 19:25:52,731] {processor.py:641} INFO - Processing file /home/osboxes/.local/lib/python3.8/site-packages/airflow/example_dags/example_nested_branch_dag.py for tasks to queue
[2022-07-24 19:25:52,732] {logging_mixin.py:115} INFO - [2022-07-24 19:25:52,732] {dagbag.py:507} INFO - Filling up the DagBag from /home/osboxes/.local/lib/python3.8/site-packages/airflow/example_dags/example_nested_branch_dag.py
[2022-07-24 19:25:52,739] {processor.py:651} INFO - DAG(s) dict_keys(['example_nested_branch_dag']) retrieved from /home/osboxes/.local/lib/python3.8/site-packages/airflow/example_dags/example_nested_branch_dag.py
[2022-07-24 19:25:52,768] {logging_mixin.py:115} INFO - [2022-07-24 19:25:52,768] {dag.py:2371} INFO - Sync 1 DAGs
[2022-07-24 19:25:52,782] {logging_mixin.py:115} INFO - [2022-07-24 19:25:52,782] {dag.py:2915} INFO - Setting next_dagrun for example_nested_branch_dag to 2022-07-23T00:00:00+00:00, run_after=2022-07-24T00:00:00+00:00
[2022-07-24 19:25:52,841] {processor.py:161} INFO - Processing /home/osboxes/.local/lib/python3.8/site-packages/airflow/example_dags/example_nested_branch_dag.py took 0.114 seconds
[2022-07-24 19:26:26,592] {processor.py:153} INFO - Started process (PID=1349401) to work on /home/osboxes/.local/lib/python3.8/site-packages/airflow/example_dags/example_nested_branch_dag.py
[2022-07-24 19:26:26,593] {processor.py:641} INFO - Processing file /home/osboxes/.local/lib/python3.8/site-packages/airflow/example_dags/example_nested_branch_dag.py for tasks to queue
[2022-07-24 19:26:26,593] {logging_mixin.py:115} INFO - [2022-07-24 19:26:26,593] {dagbag.py:507} INFO - Filling up the DagBag from /home/osboxes/.local/lib/python3.8/site-packages/airflow/example_dags/example_nested_branch_dag.py
[2022-07-24 19:26:26,602] {processor.py:651} INFO - DAG(s) dict_keys(['example_nested_branch_dag']) retrieved from /home/osboxes/.local/lib/python3.8/site-packages/airflow/example_dags/example_nested_branch_dag.py
[2022-07-24 19:26:26,622] {logging_mixin.py:115} INFO - [2022-07-24 19:26:26,622] {dag.py:2371} INFO - Sync 1 DAGs
[2022-07-24 19:26:26,658] {logging_mixin.py:115} INFO - [2022-07-24 19:26:26,658] {dag.py:2915} INFO - Setting next_dagrun for example_nested_branch_dag to 2022-07-23T00:00:00+00:00, run_after=2022-07-24T00:00:00+00:00
[2022-07-24 19:26:26,700] {processor.py:161} INFO - Processing /home/osboxes/.local/lib/python3.8/site-packages/airflow/example_dags/example_nested_branch_dag.py took 0.110 seconds
[2022-07-24 19:27:01,702] {processor.py:153} INFO - Started process (PID=1349682) to work on /home/osboxes/.local/lib/python3.8/site-packages/airflow/example_dags/example_nested_branch_dag.py
[2022-07-24 19:27:01,704] {processor.py:641} INFO - Processing file /home/osboxes/.local/lib/python3.8/site-packages/airflow/example_dags/example_nested_branch_dag.py for tasks to queue
[2022-07-24 19:27:01,704] {logging_mixin.py:115} INFO - [2022-07-24 19:27:01,704] {dagbag.py:507} INFO - Filling up the DagBag from /home/osboxes/.local/lib/python3.8/site-packages/airflow/example_dags/example_nested_branch_dag.py
[2022-07-24 19:27:01,713] {processor.py:651} INFO - DAG(s) dict_keys(['example_nested_branch_dag']) retrieved from /home/osboxes/.local/lib/python3.8/site-packages/airflow/example_dags/example_nested_branch_dag.py
[2022-07-24 19:27:01,743] {logging_mixin.py:115} INFO - [2022-07-24 19:27:01,743] {dag.py:2371} INFO - Sync 1 DAGs
[2022-07-24 19:27:01,760] {logging_mixin.py:115} INFO - [2022-07-24 19:27:01,760] {dag.py:2915} INFO - Setting next_dagrun for example_nested_branch_dag to 2022-07-23T00:00:00+00:00, run_after=2022-07-24T00:00:00+00:00
[2022-07-24 19:27:01,799] {processor.py:161} INFO - Processing /home/osboxes/.local/lib/python3.8/site-packages/airflow/example_dags/example_nested_branch_dag.py took 0.100 seconds
[2022-07-24 19:27:33,979] {processor.py:153} INFO - Started process (PID=1349922) to work on /home/osboxes/.local/lib/python3.8/site-packages/airflow/example_dags/example_nested_branch_dag.py
[2022-07-24 19:27:33,982] {processor.py:641} INFO - Processing file /home/osboxes/.local/lib/python3.8/site-packages/airflow/example_dags/example_nested_branch_dag.py for tasks to queue
[2022-07-24 19:27:33,982] {logging_mixin.py:115} INFO - [2022-07-24 19:27:33,982] {dagbag.py:507} INFO - Filling up the DagBag from /home/osboxes/.local/lib/python3.8/site-packages/airflow/example_dags/example_nested_branch_dag.py
[2022-07-24 19:27:33,992] {processor.py:651} INFO - DAG(s) dict_keys(['example_nested_branch_dag']) retrieved from /home/osboxes/.local/lib/python3.8/site-packages/airflow/example_dags/example_nested_branch_dag.py
[2022-07-24 19:27:34,011] {logging_mixin.py:115} INFO - [2022-07-24 19:27:34,010] {dag.py:2371} INFO - Sync 1 DAGs
[2022-07-24 19:27:34,025] {logging_mixin.py:115} INFO - [2022-07-24 19:27:34,025] {dag.py:2915} INFO - Setting next_dagrun for example_nested_branch_dag to 2022-07-23T00:00:00+00:00, run_after=2022-07-24T00:00:00+00:00
[2022-07-24 19:27:34,063] {processor.py:161} INFO - Processing /home/osboxes/.local/lib/python3.8/site-packages/airflow/example_dags/example_nested_branch_dag.py took 0.086 seconds
[2022-07-24 19:28:07,944] {processor.py:153} INFO - Started process (PID=1350207) to work on /home/osboxes/.local/lib/python3.8/site-packages/airflow/example_dags/example_nested_branch_dag.py
[2022-07-24 19:28:07,945] {processor.py:641} INFO - Processing file /home/osboxes/.local/lib/python3.8/site-packages/airflow/example_dags/example_nested_branch_dag.py for tasks to queue
[2022-07-24 19:28:07,945] {logging_mixin.py:115} INFO - [2022-07-24 19:28:07,945] {dagbag.py:507} INFO - Filling up the DagBag from /home/osboxes/.local/lib/python3.8/site-packages/airflow/example_dags/example_nested_branch_dag.py
[2022-07-24 19:28:07,954] {processor.py:651} INFO - DAG(s) dict_keys(['example_nested_branch_dag']) retrieved from /home/osboxes/.local/lib/python3.8/site-packages/airflow/example_dags/example_nested_branch_dag.py
[2022-07-24 19:28:07,976] {logging_mixin.py:115} INFO - [2022-07-24 19:28:07,976] {dag.py:2371} INFO - Sync 1 DAGs
[2022-07-24 19:28:07,991] {logging_mixin.py:115} INFO - [2022-07-24 19:28:07,990] {dag.py:2915} INFO - Setting next_dagrun for example_nested_branch_dag to 2022-07-23T00:00:00+00:00, run_after=2022-07-24T00:00:00+00:00
[2022-07-24 19:28:08,035] {processor.py:161} INFO - Processing /home/osboxes/.local/lib/python3.8/site-packages/airflow/example_dags/example_nested_branch_dag.py took 0.093 seconds
[2022-07-24 19:28:45,104] {processor.py:153} INFO - Started process (PID=1350496) to work on /home/osboxes/.local/lib/python3.8/site-packages/airflow/example_dags/example_nested_branch_dag.py
[2022-07-24 19:28:45,106] {processor.py:641} INFO - Processing file /home/osboxes/.local/lib/python3.8/site-packages/airflow/example_dags/example_nested_branch_dag.py for tasks to queue
[2022-07-24 19:28:45,107] {logging_mixin.py:115} INFO - [2022-07-24 19:28:45,106] {dagbag.py:507} INFO - Filling up the DagBag from /home/osboxes/.local/lib/python3.8/site-packages/airflow/example_dags/example_nested_branch_dag.py
[2022-07-24 19:28:45,115] {processor.py:651} INFO - DAG(s) dict_keys(['example_nested_branch_dag']) retrieved from /home/osboxes/.local/lib/python3.8/site-packages/airflow/example_dags/example_nested_branch_dag.py
[2022-07-24 19:28:45,136] {logging_mixin.py:115} INFO - [2022-07-24 19:28:45,136] {dag.py:2371} INFO - Sync 1 DAGs
[2022-07-24 19:28:45,152] {logging_mixin.py:115} INFO - [2022-07-24 19:28:45,152] {dag.py:2915} INFO - Setting next_dagrun for example_nested_branch_dag to 2022-07-23T00:00:00+00:00, run_after=2022-07-24T00:00:00+00:00
[2022-07-24 19:28:45,214] {processor.py:161} INFO - Processing /home/osboxes/.local/lib/python3.8/site-packages/airflow/example_dags/example_nested_branch_dag.py took 0.112 seconds
[2022-07-24 19:29:23,233] {processor.py:153} INFO - Started process (PID=1350834) to work on /home/osboxes/.local/lib/python3.8/site-packages/airflow/example_dags/example_nested_branch_dag.py
[2022-07-24 19:29:23,235] {processor.py:641} INFO - Processing file /home/osboxes/.local/lib/python3.8/site-packages/airflow/example_dags/example_nested_branch_dag.py for tasks to queue
[2022-07-24 19:29:23,235] {logging_mixin.py:115} INFO - [2022-07-24 19:29:23,235] {dagbag.py:507} INFO - Filling up the DagBag from /home/osboxes/.local/lib/python3.8/site-packages/airflow/example_dags/example_nested_branch_dag.py
[2022-07-24 19:29:23,244] {processor.py:651} INFO - DAG(s) dict_keys(['example_nested_branch_dag']) retrieved from /home/osboxes/.local/lib/python3.8/site-packages/airflow/example_dags/example_nested_branch_dag.py
[2022-07-24 19:29:23,262] {logging_mixin.py:115} INFO - [2022-07-24 19:29:23,262] {dag.py:2371} INFO - Sync 1 DAGs
[2022-07-24 19:29:23,279] {logging_mixin.py:115} INFO - [2022-07-24 19:29:23,279] {dag.py:2915} INFO - Setting next_dagrun for example_nested_branch_dag to 2022-07-23T00:00:00+00:00, run_after=2022-07-24T00:00:00+00:00
[2022-07-24 19:29:23,319] {processor.py:161} INFO - Processing /home/osboxes/.local/lib/python3.8/site-packages/airflow/example_dags/example_nested_branch_dag.py took 0.089 seconds
[2022-07-24 19:29:57,782] {processor.py:153} INFO - Started process (PID=1351116) to work on /home/osboxes/.local/lib/python3.8/site-packages/airflow/example_dags/example_nested_branch_dag.py
[2022-07-24 19:29:57,783] {processor.py:641} INFO - Processing file /home/osboxes/.local/lib/python3.8/site-packages/airflow/example_dags/example_nested_branch_dag.py for tasks to queue
[2022-07-24 19:29:57,784] {logging_mixin.py:115} INFO - [2022-07-24 19:29:57,784] {dagbag.py:507} INFO - Filling up the DagBag from /home/osboxes/.local/lib/python3.8/site-packages/airflow/example_dags/example_nested_branch_dag.py
[2022-07-24 19:29:57,792] {processor.py:651} INFO - DAG(s) dict_keys(['example_nested_branch_dag']) retrieved from /home/osboxes/.local/lib/python3.8/site-packages/airflow/example_dags/example_nested_branch_dag.py
[2022-07-24 19:29:57,812] {logging_mixin.py:115} INFO - [2022-07-24 19:29:57,812] {dag.py:2371} INFO - Sync 1 DAGs
[2022-07-24 19:29:57,827] {logging_mixin.py:115} INFO - [2022-07-24 19:29:57,827] {dag.py:2915} INFO - Setting next_dagrun for example_nested_branch_dag to 2022-07-23T00:00:00+00:00, run_after=2022-07-24T00:00:00+00:00
[2022-07-24 19:29:57,854] {processor.py:161} INFO - Processing /home/osboxes/.local/lib/python3.8/site-packages/airflow/example_dags/example_nested_branch_dag.py took 0.074 seconds
[2022-07-24 19:30:29,640] {processor.py:153} INFO - Started process (PID=1351369) to work on /home/osboxes/.local/lib/python3.8/site-packages/airflow/example_dags/example_nested_branch_dag.py
[2022-07-24 19:30:29,642] {processor.py:641} INFO - Processing file /home/osboxes/.local/lib/python3.8/site-packages/airflow/example_dags/example_nested_branch_dag.py for tasks to queue
[2022-07-24 19:30:29,642] {logging_mixin.py:115} INFO - [2022-07-24 19:30:29,642] {dagbag.py:507} INFO - Filling up the DagBag from /home/osboxes/.local/lib/python3.8/site-packages/airflow/example_dags/example_nested_branch_dag.py
[2022-07-24 19:30:29,651] {processor.py:651} INFO - DAG(s) dict_keys(['example_nested_branch_dag']) retrieved from /home/osboxes/.local/lib/python3.8/site-packages/airflow/example_dags/example_nested_branch_dag.py
[2022-07-24 19:30:29,672] {logging_mixin.py:115} INFO - [2022-07-24 19:30:29,672] {dag.py:2371} INFO - Sync 1 DAGs
[2022-07-24 19:30:29,686] {logging_mixin.py:115} INFO - [2022-07-24 19:30:29,686] {dag.py:2915} INFO - Setting next_dagrun for example_nested_branch_dag to 2022-07-23T00:00:00+00:00, run_after=2022-07-24T00:00:00+00:00
[2022-07-24 19:30:29,728] {processor.py:161} INFO - Processing /home/osboxes/.local/lib/python3.8/site-packages/airflow/example_dags/example_nested_branch_dag.py took 0.090 seconds
[2022-07-24 19:31:07,493] {processor.py:153} INFO - Started process (PID=1351657) to work on /home/osboxes/.local/lib/python3.8/site-packages/airflow/example_dags/example_nested_branch_dag.py
[2022-07-24 19:31:07,495] {processor.py:641} INFO - Processing file /home/osboxes/.local/lib/python3.8/site-packages/airflow/example_dags/example_nested_branch_dag.py for tasks to queue
[2022-07-24 19:31:07,495] {logging_mixin.py:115} INFO - [2022-07-24 19:31:07,495] {dagbag.py:507} INFO - Filling up the DagBag from /home/osboxes/.local/lib/python3.8/site-packages/airflow/example_dags/example_nested_branch_dag.py
[2022-07-24 19:31:07,504] {processor.py:651} INFO - DAG(s) dict_keys(['example_nested_branch_dag']) retrieved from /home/osboxes/.local/lib/python3.8/site-packages/airflow/example_dags/example_nested_branch_dag.py
[2022-07-24 19:31:07,525] {logging_mixin.py:115} INFO - [2022-07-24 19:31:07,522] {dag.py:2371} INFO - Sync 1 DAGs
[2022-07-24 19:31:07,539] {logging_mixin.py:115} INFO - [2022-07-24 19:31:07,539] {dag.py:2915} INFO - Setting next_dagrun for example_nested_branch_dag to 2022-07-23T00:00:00+00:00, run_after=2022-07-24T00:00:00+00:00
[2022-07-24 19:31:07,585] {processor.py:161} INFO - Processing /home/osboxes/.local/lib/python3.8/site-packages/airflow/example_dags/example_nested_branch_dag.py took 0.094 seconds
[2022-07-24 19:31:45,353] {processor.py:153} INFO - Started process (PID=1351962) to work on /home/osboxes/.local/lib/python3.8/site-packages/airflow/example_dags/example_nested_branch_dag.py
[2022-07-24 19:31:45,355] {processor.py:641} INFO - Processing file /home/osboxes/.local/lib/python3.8/site-packages/airflow/example_dags/example_nested_branch_dag.py for tasks to queue
[2022-07-24 19:31:45,355] {logging_mixin.py:115} INFO - [2022-07-24 19:31:45,355] {dagbag.py:507} INFO - Filling up the DagBag from /home/osboxes/.local/lib/python3.8/site-packages/airflow/example_dags/example_nested_branch_dag.py
[2022-07-24 19:31:45,364] {processor.py:651} INFO - DAG(s) dict_keys(['example_nested_branch_dag']) retrieved from /home/osboxes/.local/lib/python3.8/site-packages/airflow/example_dags/example_nested_branch_dag.py
[2022-07-24 19:31:45,381] {logging_mixin.py:115} INFO - [2022-07-24 19:31:45,381] {dag.py:2371} INFO - Sync 1 DAGs
[2022-07-24 19:31:45,414] {logging_mixin.py:115} INFO - [2022-07-24 19:31:45,414] {dag.py:2915} INFO - Setting next_dagrun for example_nested_branch_dag to 2022-07-23T00:00:00+00:00, run_after=2022-07-24T00:00:00+00:00
[2022-07-24 19:31:45,451] {processor.py:161} INFO - Processing /home/osboxes/.local/lib/python3.8/site-packages/airflow/example_dags/example_nested_branch_dag.py took 0.100 seconds
[2022-07-24 19:32:18,146] {processor.py:153} INFO - Started process (PID=1352203) to work on /home/osboxes/.local/lib/python3.8/site-packages/airflow/example_dags/example_nested_branch_dag.py
[2022-07-24 19:32:18,148] {processor.py:641} INFO - Processing file /home/osboxes/.local/lib/python3.8/site-packages/airflow/example_dags/example_nested_branch_dag.py for tasks to queue
[2022-07-24 19:32:18,148] {logging_mixin.py:115} INFO - [2022-07-24 19:32:18,148] {dagbag.py:507} INFO - Filling up the DagBag from /home/osboxes/.local/lib/python3.8/site-packages/airflow/example_dags/example_nested_branch_dag.py
[2022-07-24 19:32:18,157] {processor.py:651} INFO - DAG(s) dict_keys(['example_nested_branch_dag']) retrieved from /home/osboxes/.local/lib/python3.8/site-packages/airflow/example_dags/example_nested_branch_dag.py
[2022-07-24 19:32:18,175] {logging_mixin.py:115} INFO - [2022-07-24 19:32:18,175] {dag.py:2371} INFO - Sync 1 DAGs
[2022-07-24 19:32:18,190] {logging_mixin.py:115} INFO - [2022-07-24 19:32:18,190] {dag.py:2915} INFO - Setting next_dagrun for example_nested_branch_dag to 2022-07-23T00:00:00+00:00, run_after=2022-07-24T00:00:00+00:00
[2022-07-24 19:32:18,241] {processor.py:161} INFO - Processing /home/osboxes/.local/lib/python3.8/site-packages/airflow/example_dags/example_nested_branch_dag.py took 0.097 seconds
[2022-07-24 19:32:49,770] {processor.py:153} INFO - Started process (PID=1352447) to work on /home/osboxes/.local/lib/python3.8/site-packages/airflow/example_dags/example_nested_branch_dag.py
[2022-07-24 19:32:49,771] {processor.py:641} INFO - Processing file /home/osboxes/.local/lib/python3.8/site-packages/airflow/example_dags/example_nested_branch_dag.py for tasks to queue
[2022-07-24 19:32:49,771] {logging_mixin.py:115} INFO - [2022-07-24 19:32:49,771] {dagbag.py:507} INFO - Filling up the DagBag from /home/osboxes/.local/lib/python3.8/site-packages/airflow/example_dags/example_nested_branch_dag.py
[2022-07-24 19:32:49,779] {processor.py:651} INFO - DAG(s) dict_keys(['example_nested_branch_dag']) retrieved from /home/osboxes/.local/lib/python3.8/site-packages/airflow/example_dags/example_nested_branch_dag.py
[2022-07-24 19:32:49,797] {logging_mixin.py:115} INFO - [2022-07-24 19:32:49,797] {dag.py:2371} INFO - Sync 1 DAGs
[2022-07-24 19:32:49,815] {logging_mixin.py:115} INFO - [2022-07-24 19:32:49,815] {dag.py:2915} INFO - Setting next_dagrun for example_nested_branch_dag to 2022-07-23T00:00:00+00:00, run_after=2022-07-24T00:00:00+00:00
[2022-07-24 19:32:49,860] {processor.py:161} INFO - Processing /home/osboxes/.local/lib/python3.8/site-packages/airflow/example_dags/example_nested_branch_dag.py took 0.092 seconds
[2022-07-24 19:33:27,636] {processor.py:153} INFO - Started process (PID=1352747) to work on /home/osboxes/.local/lib/python3.8/site-packages/airflow/example_dags/example_nested_branch_dag.py
[2022-07-24 19:33:27,639] {processor.py:641} INFO - Processing file /home/osboxes/.local/lib/python3.8/site-packages/airflow/example_dags/example_nested_branch_dag.py for tasks to queue
[2022-07-24 19:33:27,639] {logging_mixin.py:115} INFO - [2022-07-24 19:33:27,639] {dagbag.py:507} INFO - Filling up the DagBag from /home/osboxes/.local/lib/python3.8/site-packages/airflow/example_dags/example_nested_branch_dag.py
[2022-07-24 19:33:27,648] {processor.py:651} INFO - DAG(s) dict_keys(['example_nested_branch_dag']) retrieved from /home/osboxes/.local/lib/python3.8/site-packages/airflow/example_dags/example_nested_branch_dag.py
[2022-07-24 19:33:27,666] {logging_mixin.py:115} INFO - [2022-07-24 19:33:27,666] {dag.py:2371} INFO - Sync 1 DAGs
[2022-07-24 19:33:27,681] {logging_mixin.py:115} INFO - [2022-07-24 19:33:27,680] {dag.py:2915} INFO - Setting next_dagrun for example_nested_branch_dag to 2022-07-23T00:00:00+00:00, run_after=2022-07-24T00:00:00+00:00
[2022-07-24 19:33:27,732] {processor.py:161} INFO - Processing /home/osboxes/.local/lib/python3.8/site-packages/airflow/example_dags/example_nested_branch_dag.py took 0.098 seconds
[2022-07-24 19:34:04,272] {processor.py:153} INFO - Started process (PID=1353032) to work on /home/osboxes/.local/lib/python3.8/site-packages/airflow/example_dags/example_nested_branch_dag.py
[2022-07-24 19:34:04,274] {processor.py:641} INFO - Processing file /home/osboxes/.local/lib/python3.8/site-packages/airflow/example_dags/example_nested_branch_dag.py for tasks to queue
[2022-07-24 19:34:04,274] {logging_mixin.py:115} INFO - [2022-07-24 19:34:04,274] {dagbag.py:507} INFO - Filling up the DagBag from /home/osboxes/.local/lib/python3.8/site-packages/airflow/example_dags/example_nested_branch_dag.py
[2022-07-24 19:34:04,284] {processor.py:651} INFO - DAG(s) dict_keys(['example_nested_branch_dag']) retrieved from /home/osboxes/.local/lib/python3.8/site-packages/airflow/example_dags/example_nested_branch_dag.py
[2022-07-24 19:34:04,309] {logging_mixin.py:115} INFO - [2022-07-24 19:34:04,309] {dag.py:2371} INFO - Sync 1 DAGs
[2022-07-24 19:34:04,327] {logging_mixin.py:115} INFO - [2022-07-24 19:34:04,326] {dag.py:2915} INFO - Setting next_dagrun for example_nested_branch_dag to 2022-07-23T00:00:00+00:00, run_after=2022-07-24T00:00:00+00:00
[2022-07-24 19:34:04,374] {processor.py:161} INFO - Processing /home/osboxes/.local/lib/python3.8/site-packages/airflow/example_dags/example_nested_branch_dag.py took 0.105 seconds
[2022-07-24 19:34:37,435] {processor.py:153} INFO - Started process (PID=1353349) to work on /home/osboxes/.local/lib/python3.8/site-packages/airflow/example_dags/example_nested_branch_dag.py
[2022-07-24 19:34:37,435] {processor.py:641} INFO - Processing file /home/osboxes/.local/lib/python3.8/site-packages/airflow/example_dags/example_nested_branch_dag.py for tasks to queue
[2022-07-24 19:34:37,436] {logging_mixin.py:115} INFO - [2022-07-24 19:34:37,436] {dagbag.py:507} INFO - Filling up the DagBag from /home/osboxes/.local/lib/python3.8/site-packages/airflow/example_dags/example_nested_branch_dag.py
[2022-07-24 19:34:37,444] {processor.py:651} INFO - DAG(s) dict_keys(['example_nested_branch_dag']) retrieved from /home/osboxes/.local/lib/python3.8/site-packages/airflow/example_dags/example_nested_branch_dag.py
[2022-07-24 19:34:37,465] {logging_mixin.py:115} INFO - [2022-07-24 19:34:37,465] {dag.py:2371} INFO - Sync 1 DAGs
[2022-07-24 19:34:37,483] {logging_mixin.py:115} INFO - [2022-07-24 19:34:37,483] {dag.py:2915} INFO - Setting next_dagrun for example_nested_branch_dag to 2022-07-23T00:00:00+00:00, run_after=2022-07-24T00:00:00+00:00
[2022-07-24 19:34:37,519] {processor.py:161} INFO - Processing /home/osboxes/.local/lib/python3.8/site-packages/airflow/example_dags/example_nested_branch_dag.py took 0.086 seconds
[2022-07-24 19:35:12,244] {processor.py:153} INFO - Started process (PID=1353633) to work on /home/osboxes/.local/lib/python3.8/site-packages/airflow/example_dags/example_nested_branch_dag.py
[2022-07-24 19:35:12,254] {processor.py:641} INFO - Processing file /home/osboxes/.local/lib/python3.8/site-packages/airflow/example_dags/example_nested_branch_dag.py for tasks to queue
[2022-07-24 19:35:12,254] {logging_mixin.py:115} INFO - [2022-07-24 19:35:12,254] {dagbag.py:507} INFO - Filling up the DagBag from /home/osboxes/.local/lib/python3.8/site-packages/airflow/example_dags/example_nested_branch_dag.py
[2022-07-24 19:35:12,263] {processor.py:651} INFO - DAG(s) dict_keys(['example_nested_branch_dag']) retrieved from /home/osboxes/.local/lib/python3.8/site-packages/airflow/example_dags/example_nested_branch_dag.py
[2022-07-24 19:35:12,282] {logging_mixin.py:115} INFO - [2022-07-24 19:35:12,282] {dag.py:2371} INFO - Sync 1 DAGs
[2022-07-24 19:35:12,297] {logging_mixin.py:115} INFO - [2022-07-24 19:35:12,297] {dag.py:2915} INFO - Setting next_dagrun for example_nested_branch_dag to 2022-07-23T00:00:00+00:00, run_after=2022-07-24T00:00:00+00:00
[2022-07-24 19:35:12,328] {processor.py:161} INFO - Processing /home/osboxes/.local/lib/python3.8/site-packages/airflow/example_dags/example_nested_branch_dag.py took 0.086 seconds
[2022-07-24 19:35:52,538] {processor.py:153} INFO - Started process (PID=1353921) to work on /home/osboxes/.local/lib/python3.8/site-packages/airflow/example_dags/example_nested_branch_dag.py
[2022-07-24 19:35:52,540] {processor.py:641} INFO - Processing file /home/osboxes/.local/lib/python3.8/site-packages/airflow/example_dags/example_nested_branch_dag.py for tasks to queue
[2022-07-24 19:35:52,540] {logging_mixin.py:115} INFO - [2022-07-24 19:35:52,540] {dagbag.py:507} INFO - Filling up the DagBag from /home/osboxes/.local/lib/python3.8/site-packages/airflow/example_dags/example_nested_branch_dag.py
[2022-07-24 19:35:52,549] {processor.py:651} INFO - DAG(s) dict_keys(['example_nested_branch_dag']) retrieved from /home/osboxes/.local/lib/python3.8/site-packages/airflow/example_dags/example_nested_branch_dag.py
[2022-07-24 19:35:52,566] {logging_mixin.py:115} INFO - [2022-07-24 19:35:52,566] {dag.py:2371} INFO - Sync 1 DAGs
[2022-07-24 19:35:52,583] {logging_mixin.py:115} INFO - [2022-07-24 19:35:52,583] {dag.py:2915} INFO - Setting next_dagrun for example_nested_branch_dag to 2022-07-23T00:00:00+00:00, run_after=2022-07-24T00:00:00+00:00
[2022-07-24 19:35:52,630] {processor.py:161} INFO - Processing /home/osboxes/.local/lib/python3.8/site-packages/airflow/example_dags/example_nested_branch_dag.py took 0.093 seconds
[2022-07-24 19:36:30,178] {processor.py:153} INFO - Started process (PID=1354233) to work on /home/osboxes/.local/lib/python3.8/site-packages/airflow/example_dags/example_nested_branch_dag.py
[2022-07-24 19:36:30,206] {processor.py:641} INFO - Processing file /home/osboxes/.local/lib/python3.8/site-packages/airflow/example_dags/example_nested_branch_dag.py for tasks to queue
[2022-07-24 19:36:30,206] {logging_mixin.py:115} INFO - [2022-07-24 19:36:30,206] {dagbag.py:507} INFO - Filling up the DagBag from /home/osboxes/.local/lib/python3.8/site-packages/airflow/example_dags/example_nested_branch_dag.py
[2022-07-24 19:36:30,231] {processor.py:651} INFO - DAG(s) dict_keys(['example_nested_branch_dag']) retrieved from /home/osboxes/.local/lib/python3.8/site-packages/airflow/example_dags/example_nested_branch_dag.py
[2022-07-24 19:36:30,279] {logging_mixin.py:115} INFO - [2022-07-24 19:36:30,279] {dag.py:2371} INFO - Sync 1 DAGs
[2022-07-24 19:36:30,304] {logging_mixin.py:115} INFO - [2022-07-24 19:36:30,304] {dag.py:2915} INFO - Setting next_dagrun for example_nested_branch_dag to 2022-07-23T00:00:00+00:00, run_after=2022-07-24T00:00:00+00:00
[2022-07-24 19:36:30,377] {processor.py:161} INFO - Processing /home/osboxes/.local/lib/python3.8/site-packages/airflow/example_dags/example_nested_branch_dag.py took 0.201 seconds
[2022-07-24 19:37:03,791] {processor.py:153} INFO - Started process (PID=1354483) to work on /home/osboxes/.local/lib/python3.8/site-packages/airflow/example_dags/example_nested_branch_dag.py
[2022-07-24 19:37:03,793] {processor.py:641} INFO - Processing file /home/osboxes/.local/lib/python3.8/site-packages/airflow/example_dags/example_nested_branch_dag.py for tasks to queue
[2022-07-24 19:37:03,794] {logging_mixin.py:115} INFO - [2022-07-24 19:37:03,794] {dagbag.py:507} INFO - Filling up the DagBag from /home/osboxes/.local/lib/python3.8/site-packages/airflow/example_dags/example_nested_branch_dag.py
[2022-07-24 19:37:03,802] {processor.py:651} INFO - DAG(s) dict_keys(['example_nested_branch_dag']) retrieved from /home/osboxes/.local/lib/python3.8/site-packages/airflow/example_dags/example_nested_branch_dag.py
[2022-07-24 19:37:03,820] {logging_mixin.py:115} INFO - [2022-07-24 19:37:03,820] {dag.py:2371} INFO - Sync 1 DAGs
[2022-07-24 19:37:03,835] {logging_mixin.py:115} INFO - [2022-07-24 19:37:03,835] {dag.py:2915} INFO - Setting next_dagrun for example_nested_branch_dag to 2022-07-23T00:00:00+00:00, run_after=2022-07-24T00:00:00+00:00
[2022-07-24 19:37:03,877] {processor.py:161} INFO - Processing /home/osboxes/.local/lib/python3.8/site-packages/airflow/example_dags/example_nested_branch_dag.py took 0.088 seconds
[2022-07-24 19:37:39,406] {processor.py:153} INFO - Started process (PID=1354765) to work on /home/osboxes/.local/lib/python3.8/site-packages/airflow/example_dags/example_nested_branch_dag.py
[2022-07-24 19:37:39,409] {processor.py:641} INFO - Processing file /home/osboxes/.local/lib/python3.8/site-packages/airflow/example_dags/example_nested_branch_dag.py for tasks to queue
[2022-07-24 19:37:39,409] {logging_mixin.py:115} INFO - [2022-07-24 19:37:39,409] {dagbag.py:507} INFO - Filling up the DagBag from /home/osboxes/.local/lib/python3.8/site-packages/airflow/example_dags/example_nested_branch_dag.py
[2022-07-24 19:37:39,418] {processor.py:651} INFO - DAG(s) dict_keys(['example_nested_branch_dag']) retrieved from /home/osboxes/.local/lib/python3.8/site-packages/airflow/example_dags/example_nested_branch_dag.py
[2022-07-24 19:37:39,439] {logging_mixin.py:115} INFO - [2022-07-24 19:37:39,439] {dag.py:2371} INFO - Sync 1 DAGs
[2022-07-24 19:37:39,454] {logging_mixin.py:115} INFO - [2022-07-24 19:37:39,453] {dag.py:2915} INFO - Setting next_dagrun for example_nested_branch_dag to 2022-07-23T00:00:00+00:00, run_after=2022-07-24T00:00:00+00:00
[2022-07-24 19:37:39,499] {processor.py:161} INFO - Processing /home/osboxes/.local/lib/python3.8/site-packages/airflow/example_dags/example_nested_branch_dag.py took 0.095 seconds
[2022-07-24 19:38:14,247] {processor.py:153} INFO - Started process (PID=1355014) to work on /home/osboxes/.local/lib/python3.8/site-packages/airflow/example_dags/example_nested_branch_dag.py
[2022-07-24 19:38:14,254] {processor.py:641} INFO - Processing file /home/osboxes/.local/lib/python3.8/site-packages/airflow/example_dags/example_nested_branch_dag.py for tasks to queue
[2022-07-24 19:38:14,255] {logging_mixin.py:115} INFO - [2022-07-24 19:38:14,255] {dagbag.py:507} INFO - Filling up the DagBag from /home/osboxes/.local/lib/python3.8/site-packages/airflow/example_dags/example_nested_branch_dag.py
[2022-07-24 19:38:14,263] {processor.py:651} INFO - DAG(s) dict_keys(['example_nested_branch_dag']) retrieved from /home/osboxes/.local/lib/python3.8/site-packages/airflow/example_dags/example_nested_branch_dag.py
[2022-07-24 19:38:14,298] {logging_mixin.py:115} INFO - [2022-07-24 19:38:14,298] {dag.py:2371} INFO - Sync 1 DAGs
[2022-07-24 19:38:14,321] {logging_mixin.py:115} INFO - [2022-07-24 19:38:14,321] {dag.py:2915} INFO - Setting next_dagrun for example_nested_branch_dag to 2022-07-23T00:00:00+00:00, run_after=2022-07-24T00:00:00+00:00
[2022-07-24 19:38:14,461] {processor.py:161} INFO - Processing /home/osboxes/.local/lib/python3.8/site-packages/airflow/example_dags/example_nested_branch_dag.py took 0.216 seconds
[2022-07-24 19:38:48,887] {processor.py:153} INFO - Started process (PID=1355295) to work on /home/osboxes/.local/lib/python3.8/site-packages/airflow/example_dags/example_nested_branch_dag.py
[2022-07-24 19:38:48,889] {processor.py:641} INFO - Processing file /home/osboxes/.local/lib/python3.8/site-packages/airflow/example_dags/example_nested_branch_dag.py for tasks to queue
[2022-07-24 19:38:48,889] {logging_mixin.py:115} INFO - [2022-07-24 19:38:48,889] {dagbag.py:507} INFO - Filling up the DagBag from /home/osboxes/.local/lib/python3.8/site-packages/airflow/example_dags/example_nested_branch_dag.py
[2022-07-24 19:38:48,897] {processor.py:651} INFO - DAG(s) dict_keys(['example_nested_branch_dag']) retrieved from /home/osboxes/.local/lib/python3.8/site-packages/airflow/example_dags/example_nested_branch_dag.py
[2022-07-24 19:38:48,918] {logging_mixin.py:115} INFO - [2022-07-24 19:38:48,918] {dag.py:2371} INFO - Sync 1 DAGs
[2022-07-24 19:38:48,932] {logging_mixin.py:115} INFO - [2022-07-24 19:38:48,932] {dag.py:2915} INFO - Setting next_dagrun for example_nested_branch_dag to 2022-07-23T00:00:00+00:00, run_after=2022-07-24T00:00:00+00:00
[2022-07-24 19:38:48,970] {processor.py:161} INFO - Processing /home/osboxes/.local/lib/python3.8/site-packages/airflow/example_dags/example_nested_branch_dag.py took 0.086 seconds
[2022-07-24 19:39:20,711] {processor.py:153} INFO - Started process (PID=1355576) to work on /home/osboxes/.local/lib/python3.8/site-packages/airflow/example_dags/example_nested_branch_dag.py
[2022-07-24 19:39:20,712] {processor.py:641} INFO - Processing file /home/osboxes/.local/lib/python3.8/site-packages/airflow/example_dags/example_nested_branch_dag.py for tasks to queue
[2022-07-24 19:39:20,712] {logging_mixin.py:115} INFO - [2022-07-24 19:39:20,712] {dagbag.py:507} INFO - Filling up the DagBag from /home/osboxes/.local/lib/python3.8/site-packages/airflow/example_dags/example_nested_branch_dag.py
[2022-07-24 19:39:20,721] {processor.py:651} INFO - DAG(s) dict_keys(['example_nested_branch_dag']) retrieved from /home/osboxes/.local/lib/python3.8/site-packages/airflow/example_dags/example_nested_branch_dag.py
[2022-07-24 19:39:20,744] {logging_mixin.py:115} INFO - [2022-07-24 19:39:20,744] {dag.py:2371} INFO - Sync 1 DAGs
[2022-07-24 19:39:20,758] {logging_mixin.py:115} INFO - [2022-07-24 19:39:20,758] {dag.py:2915} INFO - Setting next_dagrun for example_nested_branch_dag to 2022-07-23T00:00:00+00:00, run_after=2022-07-24T00:00:00+00:00
[2022-07-24 19:39:20,786] {processor.py:161} INFO - Processing /home/osboxes/.local/lib/python3.8/site-packages/airflow/example_dags/example_nested_branch_dag.py took 0.078 seconds
[2022-07-24 19:40:08,014] {processor.py:153} INFO - Started process (PID=1355905) to work on /home/osboxes/.local/lib/python3.8/site-packages/airflow/example_dags/example_nested_branch_dag.py
[2022-07-24 19:40:08,016] {processor.py:641} INFO - Processing file /home/osboxes/.local/lib/python3.8/site-packages/airflow/example_dags/example_nested_branch_dag.py for tasks to queue
[2022-07-24 19:40:08,017] {logging_mixin.py:115} INFO - [2022-07-24 19:40:08,017] {dagbag.py:507} INFO - Filling up the DagBag from /home/osboxes/.local/lib/python3.8/site-packages/airflow/example_dags/example_nested_branch_dag.py
[2022-07-24 19:40:08,025] {processor.py:651} INFO - DAG(s) dict_keys(['example_nested_branch_dag']) retrieved from /home/osboxes/.local/lib/python3.8/site-packages/airflow/example_dags/example_nested_branch_dag.py
[2022-07-24 19:40:08,044] {logging_mixin.py:115} INFO - [2022-07-24 19:40:08,044] {dag.py:2371} INFO - Sync 1 DAGs
[2022-07-24 19:40:08,058] {logging_mixin.py:115} INFO - [2022-07-24 19:40:08,058] {dag.py:2915} INFO - Setting next_dagrun for example_nested_branch_dag to 2022-07-23T00:00:00+00:00, run_after=2022-07-24T00:00:00+00:00
[2022-07-24 19:40:08,085] {processor.py:161} INFO - Processing /home/osboxes/.local/lib/python3.8/site-packages/airflow/example_dags/example_nested_branch_dag.py took 0.073 seconds
[2022-07-24 19:40:43,773] {processor.py:153} INFO - Started process (PID=1356206) to work on /home/osboxes/.local/lib/python3.8/site-packages/airflow/example_dags/example_nested_branch_dag.py
[2022-07-24 19:40:43,775] {processor.py:641} INFO - Processing file /home/osboxes/.local/lib/python3.8/site-packages/airflow/example_dags/example_nested_branch_dag.py for tasks to queue
[2022-07-24 19:40:43,776] {logging_mixin.py:115} INFO - [2022-07-24 19:40:43,776] {dagbag.py:507} INFO - Filling up the DagBag from /home/osboxes/.local/lib/python3.8/site-packages/airflow/example_dags/example_nested_branch_dag.py
[2022-07-24 19:40:43,787] {processor.py:651} INFO - DAG(s) dict_keys(['example_nested_branch_dag']) retrieved from /home/osboxes/.local/lib/python3.8/site-packages/airflow/example_dags/example_nested_branch_dag.py
[2022-07-24 19:40:43,812] {logging_mixin.py:115} INFO - [2022-07-24 19:40:43,812] {dag.py:2371} INFO - Sync 1 DAGs
[2022-07-24 19:40:43,831] {logging_mixin.py:115} INFO - [2022-07-24 19:40:43,831] {dag.py:2915} INFO - Setting next_dagrun for example_nested_branch_dag to 2022-07-23T00:00:00+00:00, run_after=2022-07-24T00:00:00+00:00
[2022-07-24 19:40:43,868] {processor.py:161} INFO - Processing /home/osboxes/.local/lib/python3.8/site-packages/airflow/example_dags/example_nested_branch_dag.py took 0.098 seconds
[2022-07-24 19:41:18,592] {processor.py:153} INFO - Started process (PID=1356478) to work on /home/osboxes/.local/lib/python3.8/site-packages/airflow/example_dags/example_nested_branch_dag.py
[2022-07-24 19:41:18,593] {processor.py:641} INFO - Processing file /home/osboxes/.local/lib/python3.8/site-packages/airflow/example_dags/example_nested_branch_dag.py for tasks to queue
[2022-07-24 19:41:18,594] {logging_mixin.py:115} INFO - [2022-07-24 19:41:18,594] {dagbag.py:507} INFO - Filling up the DagBag from /home/osboxes/.local/lib/python3.8/site-packages/airflow/example_dags/example_nested_branch_dag.py
[2022-07-24 19:41:18,601] {processor.py:651} INFO - DAG(s) dict_keys(['example_nested_branch_dag']) retrieved from /home/osboxes/.local/lib/python3.8/site-packages/airflow/example_dags/example_nested_branch_dag.py
[2022-07-24 19:41:18,617] {logging_mixin.py:115} INFO - [2022-07-24 19:41:18,617] {dag.py:2371} INFO - Sync 1 DAGs
[2022-07-24 19:41:18,632] {logging_mixin.py:115} INFO - [2022-07-24 19:41:18,632] {dag.py:2915} INFO - Setting next_dagrun for example_nested_branch_dag to 2022-07-23T00:00:00+00:00, run_after=2022-07-24T00:00:00+00:00
[2022-07-24 19:41:18,662] {processor.py:161} INFO - Processing /home/osboxes/.local/lib/python3.8/site-packages/airflow/example_dags/example_nested_branch_dag.py took 0.073 seconds
[2022-07-24 19:41:53,659] {processor.py:153} INFO - Started process (PID=1356761) to work on /home/osboxes/.local/lib/python3.8/site-packages/airflow/example_dags/example_nested_branch_dag.py
[2022-07-24 19:41:53,661] {processor.py:641} INFO - Processing file /home/osboxes/.local/lib/python3.8/site-packages/airflow/example_dags/example_nested_branch_dag.py for tasks to queue
[2022-07-24 19:41:53,662] {logging_mixin.py:115} INFO - [2022-07-24 19:41:53,662] {dagbag.py:507} INFO - Filling up the DagBag from /home/osboxes/.local/lib/python3.8/site-packages/airflow/example_dags/example_nested_branch_dag.py
[2022-07-24 19:41:53,670] {processor.py:651} INFO - DAG(s) dict_keys(['example_nested_branch_dag']) retrieved from /home/osboxes/.local/lib/python3.8/site-packages/airflow/example_dags/example_nested_branch_dag.py
[2022-07-24 19:41:53,689] {logging_mixin.py:115} INFO - [2022-07-24 19:41:53,689] {dag.py:2371} INFO - Sync 1 DAGs
[2022-07-24 19:41:53,701] {logging_mixin.py:115} INFO - [2022-07-24 19:41:53,701] {dag.py:2915} INFO - Setting next_dagrun for example_nested_branch_dag to 2022-07-23T00:00:00+00:00, run_after=2022-07-24T00:00:00+00:00
[2022-07-24 19:41:53,732] {processor.py:161} INFO - Processing /home/osboxes/.local/lib/python3.8/site-packages/airflow/example_dags/example_nested_branch_dag.py took 0.075 seconds
[2022-07-24 19:42:25,786] {processor.py:153} INFO - Started process (PID=1357001) to work on /home/osboxes/.local/lib/python3.8/site-packages/airflow/example_dags/example_nested_branch_dag.py
[2022-07-24 19:42:25,787] {processor.py:641} INFO - Processing file /home/osboxes/.local/lib/python3.8/site-packages/airflow/example_dags/example_nested_branch_dag.py for tasks to queue
[2022-07-24 19:42:25,787] {logging_mixin.py:115} INFO - [2022-07-24 19:42:25,787] {dagbag.py:507} INFO - Filling up the DagBag from /home/osboxes/.local/lib/python3.8/site-packages/airflow/example_dags/example_nested_branch_dag.py
[2022-07-24 19:42:25,794] {processor.py:651} INFO - DAG(s) dict_keys(['example_nested_branch_dag']) retrieved from /home/osboxes/.local/lib/python3.8/site-packages/airflow/example_dags/example_nested_branch_dag.py
[2022-07-24 19:42:25,811] {logging_mixin.py:115} INFO - [2022-07-24 19:42:25,811] {dag.py:2371} INFO - Sync 1 DAGs
[2022-07-24 19:42:25,840] {logging_mixin.py:115} INFO - [2022-07-24 19:42:25,840] {dag.py:2915} INFO - Setting next_dagrun for example_nested_branch_dag to 2022-07-23T00:00:00+00:00, run_after=2022-07-24T00:00:00+00:00
[2022-07-24 19:42:25,881] {processor.py:161} INFO - Processing /home/osboxes/.local/lib/python3.8/site-packages/airflow/example_dags/example_nested_branch_dag.py took 0.099 seconds
[2022-07-24 19:43:01,751] {processor.py:153} INFO - Started process (PID=1357286) to work on /home/osboxes/.local/lib/python3.8/site-packages/airflow/example_dags/example_nested_branch_dag.py
[2022-07-24 19:43:01,754] {processor.py:641} INFO - Processing file /home/osboxes/.local/lib/python3.8/site-packages/airflow/example_dags/example_nested_branch_dag.py for tasks to queue
[2022-07-24 19:43:01,754] {logging_mixin.py:115} INFO - [2022-07-24 19:43:01,754] {dagbag.py:507} INFO - Filling up the DagBag from /home/osboxes/.local/lib/python3.8/site-packages/airflow/example_dags/example_nested_branch_dag.py
[2022-07-24 19:43:01,763] {processor.py:651} INFO - DAG(s) dict_keys(['example_nested_branch_dag']) retrieved from /home/osboxes/.local/lib/python3.8/site-packages/airflow/example_dags/example_nested_branch_dag.py
[2022-07-24 19:43:01,779] {logging_mixin.py:115} INFO - [2022-07-24 19:43:01,779] {dag.py:2371} INFO - Sync 1 DAGs
[2022-07-24 19:43:01,793] {logging_mixin.py:115} INFO - [2022-07-24 19:43:01,793] {dag.py:2915} INFO - Setting next_dagrun for example_nested_branch_dag to 2022-07-23T00:00:00+00:00, run_after=2022-07-24T00:00:00+00:00
[2022-07-24 19:43:01,822] {processor.py:161} INFO - Processing /home/osboxes/.local/lib/python3.8/site-packages/airflow/example_dags/example_nested_branch_dag.py took 0.074 seconds
[2022-07-24 19:43:37,999] {processor.py:153} INFO - Started process (PID=1357576) to work on /home/osboxes/.local/lib/python3.8/site-packages/airflow/example_dags/example_nested_branch_dag.py
[2022-07-24 19:43:38,001] {processor.py:641} INFO - Processing file /home/osboxes/.local/lib/python3.8/site-packages/airflow/example_dags/example_nested_branch_dag.py for tasks to queue
[2022-07-24 19:43:38,001] {logging_mixin.py:115} INFO - [2022-07-24 19:43:38,001] {dagbag.py:507} INFO - Filling up the DagBag from /home/osboxes/.local/lib/python3.8/site-packages/airflow/example_dags/example_nested_branch_dag.py
[2022-07-24 19:43:38,008] {processor.py:651} INFO - DAG(s) dict_keys(['example_nested_branch_dag']) retrieved from /home/osboxes/.local/lib/python3.8/site-packages/airflow/example_dags/example_nested_branch_dag.py
[2022-07-24 19:43:38,027] {logging_mixin.py:115} INFO - [2022-07-24 19:43:38,027] {dag.py:2371} INFO - Sync 1 DAGs
[2022-07-24 19:43:38,040] {logging_mixin.py:115} INFO - [2022-07-24 19:43:38,040] {dag.py:2915} INFO - Setting next_dagrun for example_nested_branch_dag to 2022-07-23T00:00:00+00:00, run_after=2022-07-24T00:00:00+00:00
[2022-07-24 19:43:38,082] {processor.py:161} INFO - Processing /home/osboxes/.local/lib/python3.8/site-packages/airflow/example_dags/example_nested_branch_dag.py took 0.085 seconds
[2022-07-24 19:44:13,117] {processor.py:153} INFO - Started process (PID=1357849) to work on /home/osboxes/.local/lib/python3.8/site-packages/airflow/example_dags/example_nested_branch_dag.py
[2022-07-24 19:44:13,118] {processor.py:641} INFO - Processing file /home/osboxes/.local/lib/python3.8/site-packages/airflow/example_dags/example_nested_branch_dag.py for tasks to queue
[2022-07-24 19:44:13,119] {logging_mixin.py:115} INFO - [2022-07-24 19:44:13,119] {dagbag.py:507} INFO - Filling up the DagBag from /home/osboxes/.local/lib/python3.8/site-packages/airflow/example_dags/example_nested_branch_dag.py
[2022-07-24 19:44:13,126] {processor.py:651} INFO - DAG(s) dict_keys(['example_nested_branch_dag']) retrieved from /home/osboxes/.local/lib/python3.8/site-packages/airflow/example_dags/example_nested_branch_dag.py
[2022-07-24 19:44:13,144] {logging_mixin.py:115} INFO - [2022-07-24 19:44:13,144] {dag.py:2371} INFO - Sync 1 DAGs
[2022-07-24 19:44:13,158] {logging_mixin.py:115} INFO - [2022-07-24 19:44:13,158] {dag.py:2915} INFO - Setting next_dagrun for example_nested_branch_dag to 2022-07-23T00:00:00+00:00, run_after=2022-07-24T00:00:00+00:00
[2022-07-24 19:44:13,194] {processor.py:161} INFO - Processing /home/osboxes/.local/lib/python3.8/site-packages/airflow/example_dags/example_nested_branch_dag.py took 0.079 seconds
[2022-07-24 19:44:48,470] {processor.py:153} INFO - Started process (PID=1358195) to work on /home/osboxes/.local/lib/python3.8/site-packages/airflow/example_dags/example_nested_branch_dag.py
[2022-07-24 19:44:48,475] {processor.py:641} INFO - Processing file /home/osboxes/.local/lib/python3.8/site-packages/airflow/example_dags/example_nested_branch_dag.py for tasks to queue
[2022-07-24 19:44:48,475] {logging_mixin.py:115} INFO - [2022-07-24 19:44:48,475] {dagbag.py:507} INFO - Filling up the DagBag from /home/osboxes/.local/lib/python3.8/site-packages/airflow/example_dags/example_nested_branch_dag.py
[2022-07-24 19:44:48,486] {processor.py:651} INFO - DAG(s) dict_keys(['example_nested_branch_dag']) retrieved from /home/osboxes/.local/lib/python3.8/site-packages/airflow/example_dags/example_nested_branch_dag.py
[2022-07-24 19:44:48,510] {logging_mixin.py:115} INFO - [2022-07-24 19:44:48,510] {dag.py:2371} INFO - Sync 1 DAGs
[2022-07-24 19:44:48,525] {logging_mixin.py:115} INFO - [2022-07-24 19:44:48,525] {dag.py:2915} INFO - Setting next_dagrun for example_nested_branch_dag to 2022-07-23T00:00:00+00:00, run_after=2022-07-24T00:00:00+00:00
[2022-07-24 19:44:48,563] {processor.py:161} INFO - Processing /home/osboxes/.local/lib/python3.8/site-packages/airflow/example_dags/example_nested_branch_dag.py took 0.095 seconds
[2022-07-24 19:45:22,478] {processor.py:153} INFO - Started process (PID=1358448) to work on /home/osboxes/.local/lib/python3.8/site-packages/airflow/example_dags/example_nested_branch_dag.py
[2022-07-24 19:45:22,480] {processor.py:641} INFO - Processing file /home/osboxes/.local/lib/python3.8/site-packages/airflow/example_dags/example_nested_branch_dag.py for tasks to queue
[2022-07-24 19:45:22,480] {logging_mixin.py:115} INFO - [2022-07-24 19:45:22,480] {dagbag.py:507} INFO - Filling up the DagBag from /home/osboxes/.local/lib/python3.8/site-packages/airflow/example_dags/example_nested_branch_dag.py
[2022-07-24 19:45:22,487] {processor.py:651} INFO - DAG(s) dict_keys(['example_nested_branch_dag']) retrieved from /home/osboxes/.local/lib/python3.8/site-packages/airflow/example_dags/example_nested_branch_dag.py
[2022-07-24 19:45:22,503] {logging_mixin.py:115} INFO - [2022-07-24 19:45:22,503] {dag.py:2371} INFO - Sync 1 DAGs
[2022-07-24 19:45:22,519] {logging_mixin.py:115} INFO - [2022-07-24 19:45:22,519] {dag.py:2915} INFO - Setting next_dagrun for example_nested_branch_dag to 2022-07-23T00:00:00+00:00, run_after=2022-07-24T00:00:00+00:00
[2022-07-24 19:45:22,553] {processor.py:161} INFO - Processing /home/osboxes/.local/lib/python3.8/site-packages/airflow/example_dags/example_nested_branch_dag.py took 0.078 seconds
[2022-07-24 19:45:55,012] {processor.py:153} INFO - Started process (PID=1358717) to work on /home/osboxes/.local/lib/python3.8/site-packages/airflow/example_dags/example_nested_branch_dag.py
[2022-07-24 19:45:55,013] {processor.py:641} INFO - Processing file /home/osboxes/.local/lib/python3.8/site-packages/airflow/example_dags/example_nested_branch_dag.py for tasks to queue
[2022-07-24 19:45:55,013] {logging_mixin.py:115} INFO - [2022-07-24 19:45:55,013] {dagbag.py:507} INFO - Filling up the DagBag from /home/osboxes/.local/lib/python3.8/site-packages/airflow/example_dags/example_nested_branch_dag.py
[2022-07-24 19:45:55,021] {processor.py:651} INFO - DAG(s) dict_keys(['example_nested_branch_dag']) retrieved from /home/osboxes/.local/lib/python3.8/site-packages/airflow/example_dags/example_nested_branch_dag.py
[2022-07-24 19:45:55,037] {logging_mixin.py:115} INFO - [2022-07-24 19:45:55,037] {dag.py:2371} INFO - Sync 1 DAGs
[2022-07-24 19:45:55,052] {logging_mixin.py:115} INFO - [2022-07-24 19:45:55,051] {dag.py:2915} INFO - Setting next_dagrun for example_nested_branch_dag to 2022-07-23T00:00:00+00:00, run_after=2022-07-24T00:00:00+00:00
[2022-07-24 19:45:55,103] {processor.py:161} INFO - Processing /home/osboxes/.local/lib/python3.8/site-packages/airflow/example_dags/example_nested_branch_dag.py took 0.093 seconds
[2022-07-24 19:46:30,005] {processor.py:153} INFO - Started process (PID=1358989) to work on /home/osboxes/.local/lib/python3.8/site-packages/airflow/example_dags/example_nested_branch_dag.py
[2022-07-24 19:46:30,016] {processor.py:641} INFO - Processing file /home/osboxes/.local/lib/python3.8/site-packages/airflow/example_dags/example_nested_branch_dag.py for tasks to queue
[2022-07-24 19:46:30,017] {logging_mixin.py:115} INFO - [2022-07-24 19:46:30,017] {dagbag.py:507} INFO - Filling up the DagBag from /home/osboxes/.local/lib/python3.8/site-packages/airflow/example_dags/example_nested_branch_dag.py
[2022-07-24 19:46:30,024] {processor.py:651} INFO - DAG(s) dict_keys(['example_nested_branch_dag']) retrieved from /home/osboxes/.local/lib/python3.8/site-packages/airflow/example_dags/example_nested_branch_dag.py
[2022-07-24 19:46:30,040] {logging_mixin.py:115} INFO - [2022-07-24 19:46:30,040] {dag.py:2371} INFO - Sync 1 DAGs
[2022-07-24 19:46:30,056] {logging_mixin.py:115} INFO - [2022-07-24 19:46:30,056] {dag.py:2915} INFO - Setting next_dagrun for example_nested_branch_dag to 2022-07-23T00:00:00+00:00, run_after=2022-07-24T00:00:00+00:00
[2022-07-24 19:46:30,086] {processor.py:161} INFO - Processing /home/osboxes/.local/lib/python3.8/site-packages/airflow/example_dags/example_nested_branch_dag.py took 0.083 seconds
[2022-07-24 19:47:06,091] {processor.py:153} INFO - Started process (PID=1359273) to work on /home/osboxes/.local/lib/python3.8/site-packages/airflow/example_dags/example_nested_branch_dag.py
[2022-07-24 19:47:06,102] {processor.py:641} INFO - Processing file /home/osboxes/.local/lib/python3.8/site-packages/airflow/example_dags/example_nested_branch_dag.py for tasks to queue
[2022-07-24 19:47:06,103] {logging_mixin.py:115} INFO - [2022-07-24 19:47:06,103] {dagbag.py:507} INFO - Filling up the DagBag from /home/osboxes/.local/lib/python3.8/site-packages/airflow/example_dags/example_nested_branch_dag.py
[2022-07-24 19:47:06,110] {processor.py:651} INFO - DAG(s) dict_keys(['example_nested_branch_dag']) retrieved from /home/osboxes/.local/lib/python3.8/site-packages/airflow/example_dags/example_nested_branch_dag.py
[2022-07-24 19:47:06,129] {logging_mixin.py:115} INFO - [2022-07-24 19:47:06,129] {dag.py:2371} INFO - Sync 1 DAGs
[2022-07-24 19:47:06,142] {logging_mixin.py:115} INFO - [2022-07-24 19:47:06,142] {dag.py:2915} INFO - Setting next_dagrun for example_nested_branch_dag to 2022-07-23T00:00:00+00:00, run_after=2022-07-24T00:00:00+00:00
[2022-07-24 19:47:06,179] {processor.py:161} INFO - Processing /home/osboxes/.local/lib/python3.8/site-packages/airflow/example_dags/example_nested_branch_dag.py took 0.090 seconds
[2022-07-24 19:47:38,176] {processor.py:153} INFO - Started process (PID=1359534) to work on /home/osboxes/.local/lib/python3.8/site-packages/airflow/example_dags/example_nested_branch_dag.py
[2022-07-24 19:47:38,178] {processor.py:641} INFO - Processing file /home/osboxes/.local/lib/python3.8/site-packages/airflow/example_dags/example_nested_branch_dag.py for tasks to queue
[2022-07-24 19:47:38,178] {logging_mixin.py:115} INFO - [2022-07-24 19:47:38,178] {dagbag.py:507} INFO - Filling up the DagBag from /home/osboxes/.local/lib/python3.8/site-packages/airflow/example_dags/example_nested_branch_dag.py
[2022-07-24 19:47:38,185] {processor.py:651} INFO - DAG(s) dict_keys(['example_nested_branch_dag']) retrieved from /home/osboxes/.local/lib/python3.8/site-packages/airflow/example_dags/example_nested_branch_dag.py
[2022-07-24 19:47:38,204] {logging_mixin.py:115} INFO - [2022-07-24 19:47:38,204] {dag.py:2371} INFO - Sync 1 DAGs
[2022-07-24 19:47:38,218] {logging_mixin.py:115} INFO - [2022-07-24 19:47:38,218] {dag.py:2915} INFO - Setting next_dagrun for example_nested_branch_dag to 2022-07-23T00:00:00+00:00, run_after=2022-07-24T00:00:00+00:00
[2022-07-24 19:47:38,246] {processor.py:161} INFO - Processing /home/osboxes/.local/lib/python3.8/site-packages/airflow/example_dags/example_nested_branch_dag.py took 0.072 seconds
[2022-07-24 19:48:12,110] {processor.py:153} INFO - Started process (PID=1359798) to work on /home/osboxes/.local/lib/python3.8/site-packages/airflow/example_dags/example_nested_branch_dag.py
[2022-07-24 19:48:12,111] {processor.py:641} INFO - Processing file /home/osboxes/.local/lib/python3.8/site-packages/airflow/example_dags/example_nested_branch_dag.py for tasks to queue
[2022-07-24 19:48:12,111] {logging_mixin.py:115} INFO - [2022-07-24 19:48:12,111] {dagbag.py:507} INFO - Filling up the DagBag from /home/osboxes/.local/lib/python3.8/site-packages/airflow/example_dags/example_nested_branch_dag.py
[2022-07-24 19:48:12,118] {processor.py:651} INFO - DAG(s) dict_keys(['example_nested_branch_dag']) retrieved from /home/osboxes/.local/lib/python3.8/site-packages/airflow/example_dags/example_nested_branch_dag.py
[2022-07-24 19:48:12,135] {logging_mixin.py:115} INFO - [2022-07-24 19:48:12,134] {dag.py:2371} INFO - Sync 1 DAGs
[2022-07-24 19:48:12,151] {logging_mixin.py:115} INFO - [2022-07-24 19:48:12,150] {dag.py:2915} INFO - Setting next_dagrun for example_nested_branch_dag to 2022-07-23T00:00:00+00:00, run_after=2022-07-24T00:00:00+00:00
[2022-07-24 19:48:12,174] {processor.py:161} INFO - Processing /home/osboxes/.local/lib/python3.8/site-packages/airflow/example_dags/example_nested_branch_dag.py took 0.067 seconds
[2022-07-24 19:48:45,330] {processor.py:153} INFO - Started process (PID=1360062) to work on /home/osboxes/.local/lib/python3.8/site-packages/airflow/example_dags/example_nested_branch_dag.py
[2022-07-24 19:48:45,331] {processor.py:641} INFO - Processing file /home/osboxes/.local/lib/python3.8/site-packages/airflow/example_dags/example_nested_branch_dag.py for tasks to queue
[2022-07-24 19:48:45,331] {logging_mixin.py:115} INFO - [2022-07-24 19:48:45,331] {dagbag.py:507} INFO - Filling up the DagBag from /home/osboxes/.local/lib/python3.8/site-packages/airflow/example_dags/example_nested_branch_dag.py
[2022-07-24 19:48:45,338] {processor.py:651} INFO - DAG(s) dict_keys(['example_nested_branch_dag']) retrieved from /home/osboxes/.local/lib/python3.8/site-packages/airflow/example_dags/example_nested_branch_dag.py
[2022-07-24 19:48:45,360] {logging_mixin.py:115} INFO - [2022-07-24 19:48:45,359] {dag.py:2371} INFO - Sync 1 DAGs
[2022-07-24 19:48:45,373] {logging_mixin.py:115} INFO - [2022-07-24 19:48:45,373] {dag.py:2915} INFO - Setting next_dagrun for example_nested_branch_dag to 2022-07-23T00:00:00+00:00, run_after=2022-07-24T00:00:00+00:00
[2022-07-24 19:48:45,406] {processor.py:161} INFO - Processing /home/osboxes/.local/lib/python3.8/site-packages/airflow/example_dags/example_nested_branch_dag.py took 0.079 seconds
[2022-07-24 19:49:17,440] {processor.py:153} INFO - Started process (PID=1360339) to work on /home/osboxes/.local/lib/python3.8/site-packages/airflow/example_dags/example_nested_branch_dag.py
[2022-07-24 19:49:17,440] {processor.py:641} INFO - Processing file /home/osboxes/.local/lib/python3.8/site-packages/airflow/example_dags/example_nested_branch_dag.py for tasks to queue
[2022-07-24 19:49:17,441] {logging_mixin.py:115} INFO - [2022-07-24 19:49:17,441] {dagbag.py:507} INFO - Filling up the DagBag from /home/osboxes/.local/lib/python3.8/site-packages/airflow/example_dags/example_nested_branch_dag.py
[2022-07-24 19:49:17,449] {processor.py:651} INFO - DAG(s) dict_keys(['example_nested_branch_dag']) retrieved from /home/osboxes/.local/lib/python3.8/site-packages/airflow/example_dags/example_nested_branch_dag.py
[2022-07-24 19:49:17,469] {logging_mixin.py:115} INFO - [2022-07-24 19:49:17,469] {dag.py:2371} INFO - Sync 1 DAGs
[2022-07-24 19:49:17,485] {logging_mixin.py:115} INFO - [2022-07-24 19:49:17,485] {dag.py:2915} INFO - Setting next_dagrun for example_nested_branch_dag to 2022-07-23T00:00:00+00:00, run_after=2022-07-24T00:00:00+00:00
[2022-07-24 19:49:17,511] {processor.py:161} INFO - Processing /home/osboxes/.local/lib/python3.8/site-packages/airflow/example_dags/example_nested_branch_dag.py took 0.073 seconds
[2022-07-24 19:49:55,160] {processor.py:153} INFO - Started process (PID=1360672) to work on /home/osboxes/.local/lib/python3.8/site-packages/airflow/example_dags/example_nested_branch_dag.py
[2022-07-24 19:49:55,163] {processor.py:641} INFO - Processing file /home/osboxes/.local/lib/python3.8/site-packages/airflow/example_dags/example_nested_branch_dag.py for tasks to queue
[2022-07-24 19:49:55,164] {logging_mixin.py:115} INFO - [2022-07-24 19:49:55,163] {dagbag.py:507} INFO - Filling up the DagBag from /home/osboxes/.local/lib/python3.8/site-packages/airflow/example_dags/example_nested_branch_dag.py
[2022-07-24 19:49:55,171] {processor.py:651} INFO - DAG(s) dict_keys(['example_nested_branch_dag']) retrieved from /home/osboxes/.local/lib/python3.8/site-packages/airflow/example_dags/example_nested_branch_dag.py
[2022-07-24 19:49:55,189] {logging_mixin.py:115} INFO - [2022-07-24 19:49:55,189] {dag.py:2371} INFO - Sync 1 DAGs
[2022-07-24 19:49:55,201] {logging_mixin.py:115} INFO - [2022-07-24 19:49:55,201] {dag.py:2915} INFO - Setting next_dagrun for example_nested_branch_dag to 2022-07-23T00:00:00+00:00, run_after=2022-07-24T00:00:00+00:00
[2022-07-24 19:49:55,226] {processor.py:161} INFO - Processing /home/osboxes/.local/lib/python3.8/site-packages/airflow/example_dags/example_nested_branch_dag.py took 0.068 seconds
[2022-07-24 19:50:28,329] {processor.py:153} INFO - Started process (PID=1360938) to work on /home/osboxes/.local/lib/python3.8/site-packages/airflow/example_dags/example_nested_branch_dag.py
[2022-07-24 19:50:28,333] {processor.py:641} INFO - Processing file /home/osboxes/.local/lib/python3.8/site-packages/airflow/example_dags/example_nested_branch_dag.py for tasks to queue
[2022-07-24 19:50:28,334] {logging_mixin.py:115} INFO - [2022-07-24 19:50:28,333] {dagbag.py:507} INFO - Filling up the DagBag from /home/osboxes/.local/lib/python3.8/site-packages/airflow/example_dags/example_nested_branch_dag.py
[2022-07-24 19:50:28,340] {processor.py:651} INFO - DAG(s) dict_keys(['example_nested_branch_dag']) retrieved from /home/osboxes/.local/lib/python3.8/site-packages/airflow/example_dags/example_nested_branch_dag.py
[2022-07-24 19:50:28,358] {logging_mixin.py:115} INFO - [2022-07-24 19:50:28,358] {dag.py:2371} INFO - Sync 1 DAGs
[2022-07-24 19:50:28,371] {logging_mixin.py:115} INFO - [2022-07-24 19:50:28,370] {dag.py:2915} INFO - Setting next_dagrun for example_nested_branch_dag to 2022-07-23T00:00:00+00:00, run_after=2022-07-24T00:00:00+00:00
[2022-07-24 19:50:28,402] {processor.py:161} INFO - Processing /home/osboxes/.local/lib/python3.8/site-packages/airflow/example_dags/example_nested_branch_dag.py took 0.075 seconds
[2022-07-24 19:51:03,485] {processor.py:153} INFO - Started process (PID=1361213) to work on /home/osboxes/.local/lib/python3.8/site-packages/airflow/example_dags/example_nested_branch_dag.py
[2022-07-24 19:51:03,488] {processor.py:641} INFO - Processing file /home/osboxes/.local/lib/python3.8/site-packages/airflow/example_dags/example_nested_branch_dag.py for tasks to queue
[2022-07-24 19:51:03,489] {logging_mixin.py:115} INFO - [2022-07-24 19:51:03,488] {dagbag.py:507} INFO - Filling up the DagBag from /home/osboxes/.local/lib/python3.8/site-packages/airflow/example_dags/example_nested_branch_dag.py
[2022-07-24 19:51:03,496] {processor.py:651} INFO - DAG(s) dict_keys(['example_nested_branch_dag']) retrieved from /home/osboxes/.local/lib/python3.8/site-packages/airflow/example_dags/example_nested_branch_dag.py
[2022-07-24 19:51:03,512] {logging_mixin.py:115} INFO - [2022-07-24 19:51:03,512] {dag.py:2371} INFO - Sync 1 DAGs
[2022-07-24 19:51:03,525] {logging_mixin.py:115} INFO - [2022-07-24 19:51:03,524] {dag.py:2915} INFO - Setting next_dagrun for example_nested_branch_dag to 2022-07-23T00:00:00+00:00, run_after=2022-07-24T00:00:00+00:00
[2022-07-24 19:51:03,561] {processor.py:161} INFO - Processing /home/osboxes/.local/lib/python3.8/site-packages/airflow/example_dags/example_nested_branch_dag.py took 0.079 seconds
[2022-07-24 19:51:37,523] {processor.py:153} INFO - Started process (PID=1361475) to work on /home/osboxes/.local/lib/python3.8/site-packages/airflow/example_dags/example_nested_branch_dag.py
[2022-07-24 19:51:37,523] {processor.py:641} INFO - Processing file /home/osboxes/.local/lib/python3.8/site-packages/airflow/example_dags/example_nested_branch_dag.py for tasks to queue
[2022-07-24 19:51:37,523] {logging_mixin.py:115} INFO - [2022-07-24 19:51:37,523] {dagbag.py:507} INFO - Filling up the DagBag from /home/osboxes/.local/lib/python3.8/site-packages/airflow/example_dags/example_nested_branch_dag.py
[2022-07-24 19:51:37,531] {processor.py:651} INFO - DAG(s) dict_keys(['example_nested_branch_dag']) retrieved from /home/osboxes/.local/lib/python3.8/site-packages/airflow/example_dags/example_nested_branch_dag.py
[2022-07-24 19:51:37,551] {logging_mixin.py:115} INFO - [2022-07-24 19:51:37,550] {dag.py:2371} INFO - Sync 1 DAGs
[2022-07-24 19:51:37,564] {logging_mixin.py:115} INFO - [2022-07-24 19:51:37,564] {dag.py:2915} INFO - Setting next_dagrun for example_nested_branch_dag to 2022-07-23T00:00:00+00:00, run_after=2022-07-24T00:00:00+00:00
[2022-07-24 19:51:37,614] {processor.py:161} INFO - Processing /home/osboxes/.local/lib/python3.8/site-packages/airflow/example_dags/example_nested_branch_dag.py took 0.094 seconds
