[2022-07-24 19:10:40,326] {processor.py:153} INFO - Started process (PID=1341827) to work on /home/osboxes/.local/lib/python3.8/site-packages/airflow/example_dags/example_branch_operator_decorator.py
[2022-07-24 19:10:40,346] {processor.py:641} INFO - Processing file /home/osboxes/.local/lib/python3.8/site-packages/airflow/example_dags/example_branch_operator_decorator.py for tasks to queue
[2022-07-24 19:10:40,347] {logging_mixin.py:115} INFO - [2022-07-24 19:10:40,347] {dagbag.py:507} INFO - Filling up the DagBag from /home/osboxes/.local/lib/python3.8/site-packages/airflow/example_dags/example_branch_operator_decorator.py
[2022-07-24 19:10:40,396] {processor.py:651} INFO - DAG(s) dict_keys(['example_branch_python_operator_decorator']) retrieved from /home/osboxes/.local/lib/python3.8/site-packages/airflow/example_dags/example_branch_operator_decorator.py
[2022-07-24 19:10:40,418] {logging_mixin.py:115} INFO - [2022-07-24 19:10:40,418] {dag.py:2371} INFO - Sync 1 DAGs
[2022-07-24 19:10:40,440] {logging_mixin.py:115} INFO - [2022-07-24 19:10:40,440] {dag.py:2915} INFO - Setting next_dagrun for example_branch_python_operator_decorator to 2022-07-23T00:00:00+00:00, run_after=2022-07-24T00:00:00+00:00
[2022-07-24 19:10:40,484] {processor.py:161} INFO - Processing /home/osboxes/.local/lib/python3.8/site-packages/airflow/example_dags/example_branch_operator_decorator.py took 0.160 seconds
[2022-07-24 19:11:21,255] {processor.py:153} INFO - Started process (PID=1342146) to work on /home/osboxes/.local/lib/python3.8/site-packages/airflow/example_dags/example_branch_operator_decorator.py
[2022-07-24 19:11:21,260] {processor.py:641} INFO - Processing file /home/osboxes/.local/lib/python3.8/site-packages/airflow/example_dags/example_branch_operator_decorator.py for tasks to queue
[2022-07-24 19:11:21,261] {logging_mixin.py:115} INFO - [2022-07-24 19:11:21,260] {dagbag.py:507} INFO - Filling up the DagBag from /home/osboxes/.local/lib/python3.8/site-packages/airflow/example_dags/example_branch_operator_decorator.py
[2022-07-24 19:11:21,282] {processor.py:651} INFO - DAG(s) dict_keys(['example_branch_python_operator_decorator']) retrieved from /home/osboxes/.local/lib/python3.8/site-packages/airflow/example_dags/example_branch_operator_decorator.py
[2022-07-24 19:11:21,302] {logging_mixin.py:115} INFO - [2022-07-24 19:11:21,302] {dag.py:2371} INFO - Sync 1 DAGs
[2022-07-24 19:11:21,318] {logging_mixin.py:115} INFO - [2022-07-24 19:11:21,318] {dag.py:2915} INFO - Setting next_dagrun for example_branch_python_operator_decorator to 2022-07-23T00:00:00+00:00, run_after=2022-07-24T00:00:00+00:00
[2022-07-24 19:11:21,350] {processor.py:161} INFO - Processing /home/osboxes/.local/lib/python3.8/site-packages/airflow/example_dags/example_branch_operator_decorator.py took 0.098 seconds
[2022-07-24 19:12:01,353] {processor.py:153} INFO - Started process (PID=1342468) to work on /home/osboxes/.local/lib/python3.8/site-packages/airflow/example_dags/example_branch_operator_decorator.py
[2022-07-24 19:12:01,356] {processor.py:641} INFO - Processing file /home/osboxes/.local/lib/python3.8/site-packages/airflow/example_dags/example_branch_operator_decorator.py for tasks to queue
[2022-07-24 19:12:01,357] {logging_mixin.py:115} INFO - [2022-07-24 19:12:01,357] {dagbag.py:507} INFO - Filling up the DagBag from /home/osboxes/.local/lib/python3.8/site-packages/airflow/example_dags/example_branch_operator_decorator.py
[2022-07-24 19:12:01,375] {processor.py:651} INFO - DAG(s) dict_keys(['example_branch_python_operator_decorator']) retrieved from /home/osboxes/.local/lib/python3.8/site-packages/airflow/example_dags/example_branch_operator_decorator.py
[2022-07-24 19:12:01,404] {logging_mixin.py:115} INFO - [2022-07-24 19:12:01,404] {dag.py:2371} INFO - Sync 1 DAGs
[2022-07-24 19:12:01,419] {logging_mixin.py:115} INFO - [2022-07-24 19:12:01,418] {dag.py:2915} INFO - Setting next_dagrun for example_branch_python_operator_decorator to 2022-07-23T00:00:00+00:00, run_after=2022-07-24T00:00:00+00:00
[2022-07-24 19:12:01,457] {processor.py:161} INFO - Processing /home/osboxes/.local/lib/python3.8/site-packages/airflow/example_dags/example_branch_operator_decorator.py took 0.106 seconds
[2022-07-24 19:12:39,403] {processor.py:153} INFO - Started process (PID=1342749) to work on /home/osboxes/.local/lib/python3.8/site-packages/airflow/example_dags/example_branch_operator_decorator.py
[2022-07-24 19:12:39,407] {processor.py:641} INFO - Processing file /home/osboxes/.local/lib/python3.8/site-packages/airflow/example_dags/example_branch_operator_decorator.py for tasks to queue
[2022-07-24 19:12:39,408] {logging_mixin.py:115} INFO - [2022-07-24 19:12:39,408] {dagbag.py:507} INFO - Filling up the DagBag from /home/osboxes/.local/lib/python3.8/site-packages/airflow/example_dags/example_branch_operator_decorator.py
[2022-07-24 19:12:39,424] {processor.py:651} INFO - DAG(s) dict_keys(['example_branch_python_operator_decorator']) retrieved from /home/osboxes/.local/lib/python3.8/site-packages/airflow/example_dags/example_branch_operator_decorator.py
[2022-07-24 19:12:39,441] {logging_mixin.py:115} INFO - [2022-07-24 19:12:39,441] {dag.py:2371} INFO - Sync 1 DAGs
[2022-07-24 19:12:39,457] {logging_mixin.py:115} INFO - [2022-07-24 19:12:39,457] {dag.py:2915} INFO - Setting next_dagrun for example_branch_python_operator_decorator to 2022-07-23T00:00:00+00:00, run_after=2022-07-24T00:00:00+00:00
[2022-07-24 19:12:39,494] {processor.py:161} INFO - Processing /home/osboxes/.local/lib/python3.8/site-packages/airflow/example_dags/example_branch_operator_decorator.py took 0.093 seconds
[2022-07-24 19:13:20,075] {processor.py:153} INFO - Started process (PID=1343071) to work on /home/osboxes/.local/lib/python3.8/site-packages/airflow/example_dags/example_branch_operator_decorator.py
[2022-07-24 19:13:20,076] {processor.py:641} INFO - Processing file /home/osboxes/.local/lib/python3.8/site-packages/airflow/example_dags/example_branch_operator_decorator.py for tasks to queue
[2022-07-24 19:13:20,077] {logging_mixin.py:115} INFO - [2022-07-24 19:13:20,076] {dagbag.py:507} INFO - Filling up the DagBag from /home/osboxes/.local/lib/python3.8/site-packages/airflow/example_dags/example_branch_operator_decorator.py
[2022-07-24 19:13:20,096] {processor.py:651} INFO - DAG(s) dict_keys(['example_branch_python_operator_decorator']) retrieved from /home/osboxes/.local/lib/python3.8/site-packages/airflow/example_dags/example_branch_operator_decorator.py
[2022-07-24 19:13:20,113] {logging_mixin.py:115} INFO - [2022-07-24 19:13:20,113] {dag.py:2371} INFO - Sync 1 DAGs
[2022-07-24 19:13:20,128] {logging_mixin.py:115} INFO - [2022-07-24 19:13:20,128] {dag.py:2915} INFO - Setting next_dagrun for example_branch_python_operator_decorator to 2022-07-23T00:00:00+00:00, run_after=2022-07-24T00:00:00+00:00
[2022-07-24 19:13:20,164] {processor.py:161} INFO - Processing /home/osboxes/.local/lib/python3.8/site-packages/airflow/example_dags/example_branch_operator_decorator.py took 0.091 seconds
[2022-07-24 19:13:58,507] {processor.py:153} INFO - Started process (PID=1343377) to work on /home/osboxes/.local/lib/python3.8/site-packages/airflow/example_dags/example_branch_operator_decorator.py
[2022-07-24 19:13:58,509] {processor.py:641} INFO - Processing file /home/osboxes/.local/lib/python3.8/site-packages/airflow/example_dags/example_branch_operator_decorator.py for tasks to queue
[2022-07-24 19:13:58,509] {logging_mixin.py:115} INFO - [2022-07-24 19:13:58,509] {dagbag.py:507} INFO - Filling up the DagBag from /home/osboxes/.local/lib/python3.8/site-packages/airflow/example_dags/example_branch_operator_decorator.py
[2022-07-24 19:13:58,530] {processor.py:651} INFO - DAG(s) dict_keys(['example_branch_python_operator_decorator']) retrieved from /home/osboxes/.local/lib/python3.8/site-packages/airflow/example_dags/example_branch_operator_decorator.py
[2022-07-24 19:13:58,548] {logging_mixin.py:115} INFO - [2022-07-24 19:13:58,548] {dag.py:2371} INFO - Sync 1 DAGs
[2022-07-24 19:13:58,563] {logging_mixin.py:115} INFO - [2022-07-24 19:13:58,562] {dag.py:2915} INFO - Setting next_dagrun for example_branch_python_operator_decorator to 2022-07-23T00:00:00+00:00, run_after=2022-07-24T00:00:00+00:00
[2022-07-24 19:13:58,606] {processor.py:161} INFO - Processing /home/osboxes/.local/lib/python3.8/site-packages/airflow/example_dags/example_branch_operator_decorator.py took 0.101 seconds
[2022-07-24 19:14:37,359] {processor.py:153} INFO - Started process (PID=1343741) to work on /home/osboxes/.local/lib/python3.8/site-packages/airflow/example_dags/example_branch_operator_decorator.py
[2022-07-24 19:14:37,362] {processor.py:641} INFO - Processing file /home/osboxes/.local/lib/python3.8/site-packages/airflow/example_dags/example_branch_operator_decorator.py for tasks to queue
[2022-07-24 19:14:37,363] {logging_mixin.py:115} INFO - [2022-07-24 19:14:37,363] {dagbag.py:507} INFO - Filling up the DagBag from /home/osboxes/.local/lib/python3.8/site-packages/airflow/example_dags/example_branch_operator_decorator.py
[2022-07-24 19:14:37,379] {processor.py:651} INFO - DAG(s) dict_keys(['example_branch_python_operator_decorator']) retrieved from /home/osboxes/.local/lib/python3.8/site-packages/airflow/example_dags/example_branch_operator_decorator.py
[2022-07-24 19:14:37,397] {logging_mixin.py:115} INFO - [2022-07-24 19:14:37,397] {dag.py:2371} INFO - Sync 1 DAGs
[2022-07-24 19:14:37,412] {logging_mixin.py:115} INFO - [2022-07-24 19:14:37,412] {dag.py:2915} INFO - Setting next_dagrun for example_branch_python_operator_decorator to 2022-07-23T00:00:00+00:00, run_after=2022-07-24T00:00:00+00:00
[2022-07-24 19:14:37,442] {processor.py:161} INFO - Processing /home/osboxes/.local/lib/python3.8/site-packages/airflow/example_dags/example_branch_operator_decorator.py took 0.085 seconds
[2022-07-24 19:15:20,919] {processor.py:153} INFO - Started process (PID=1344090) to work on /home/osboxes/.local/lib/python3.8/site-packages/airflow/example_dags/example_branch_operator_decorator.py
[2022-07-24 19:15:20,921] {processor.py:641} INFO - Processing file /home/osboxes/.local/lib/python3.8/site-packages/airflow/example_dags/example_branch_operator_decorator.py for tasks to queue
[2022-07-24 19:15:20,921] {logging_mixin.py:115} INFO - [2022-07-24 19:15:20,921] {dagbag.py:507} INFO - Filling up the DagBag from /home/osboxes/.local/lib/python3.8/site-packages/airflow/example_dags/example_branch_operator_decorator.py
[2022-07-24 19:15:20,938] {processor.py:651} INFO - DAG(s) dict_keys(['example_branch_python_operator_decorator']) retrieved from /home/osboxes/.local/lib/python3.8/site-packages/airflow/example_dags/example_branch_operator_decorator.py
[2022-07-24 19:15:20,959] {logging_mixin.py:115} INFO - [2022-07-24 19:15:20,959] {dag.py:2371} INFO - Sync 1 DAGs
[2022-07-24 19:15:20,974] {logging_mixin.py:115} INFO - [2022-07-24 19:15:20,974] {dag.py:2915} INFO - Setting next_dagrun for example_branch_python_operator_decorator to 2022-07-23T00:00:00+00:00, run_after=2022-07-24T00:00:00+00:00
[2022-07-24 19:15:21,012] {processor.py:161} INFO - Processing /home/osboxes/.local/lib/python3.8/site-packages/airflow/example_dags/example_branch_operator_decorator.py took 0.095 seconds
[2022-07-24 19:15:58,064] {processor.py:153} INFO - Started process (PID=1344376) to work on /home/osboxes/.local/lib/python3.8/site-packages/airflow/example_dags/example_branch_operator_decorator.py
[2022-07-24 19:15:58,065] {processor.py:641} INFO - Processing file /home/osboxes/.local/lib/python3.8/site-packages/airflow/example_dags/example_branch_operator_decorator.py for tasks to queue
[2022-07-24 19:15:58,066] {logging_mixin.py:115} INFO - [2022-07-24 19:15:58,066] {dagbag.py:507} INFO - Filling up the DagBag from /home/osboxes/.local/lib/python3.8/site-packages/airflow/example_dags/example_branch_operator_decorator.py
[2022-07-24 19:15:58,086] {processor.py:651} INFO - DAG(s) dict_keys(['example_branch_python_operator_decorator']) retrieved from /home/osboxes/.local/lib/python3.8/site-packages/airflow/example_dags/example_branch_operator_decorator.py
[2022-07-24 19:15:58,103] {logging_mixin.py:115} INFO - [2022-07-24 19:15:58,103] {dag.py:2371} INFO - Sync 1 DAGs
[2022-07-24 19:15:58,119] {logging_mixin.py:115} INFO - [2022-07-24 19:15:58,118] {dag.py:2915} INFO - Setting next_dagrun for example_branch_python_operator_decorator to 2022-07-23T00:00:00+00:00, run_after=2022-07-24T00:00:00+00:00
[2022-07-24 19:15:58,154] {processor.py:161} INFO - Processing /home/osboxes/.local/lib/python3.8/site-packages/airflow/example_dags/example_branch_operator_decorator.py took 0.092 seconds
[2022-07-24 19:16:42,187] {processor.py:153} INFO - Started process (PID=1344726) to work on /home/osboxes/.local/lib/python3.8/site-packages/airflow/example_dags/example_branch_operator_decorator.py
[2022-07-24 19:16:42,189] {processor.py:641} INFO - Processing file /home/osboxes/.local/lib/python3.8/site-packages/airflow/example_dags/example_branch_operator_decorator.py for tasks to queue
[2022-07-24 19:16:42,190] {logging_mixin.py:115} INFO - [2022-07-24 19:16:42,190] {dagbag.py:507} INFO - Filling up the DagBag from /home/osboxes/.local/lib/python3.8/site-packages/airflow/example_dags/example_branch_operator_decorator.py
[2022-07-24 19:16:42,210] {processor.py:651} INFO - DAG(s) dict_keys(['example_branch_python_operator_decorator']) retrieved from /home/osboxes/.local/lib/python3.8/site-packages/airflow/example_dags/example_branch_operator_decorator.py
[2022-07-24 19:16:42,235] {logging_mixin.py:115} INFO - [2022-07-24 19:16:42,235] {dag.py:2371} INFO - Sync 1 DAGs
[2022-07-24 19:16:42,254] {logging_mixin.py:115} INFO - [2022-07-24 19:16:42,254] {dag.py:2915} INFO - Setting next_dagrun for example_branch_python_operator_decorator to 2022-07-23T00:00:00+00:00, run_after=2022-07-24T00:00:00+00:00
[2022-07-24 19:16:42,289] {processor.py:161} INFO - Processing /home/osboxes/.local/lib/python3.8/site-packages/airflow/example_dags/example_branch_operator_decorator.py took 0.105 seconds
[2022-07-24 19:17:25,763] {processor.py:153} INFO - Started process (PID=1345070) to work on /home/osboxes/.local/lib/python3.8/site-packages/airflow/example_dags/example_branch_operator_decorator.py
[2022-07-24 19:17:25,765] {processor.py:641} INFO - Processing file /home/osboxes/.local/lib/python3.8/site-packages/airflow/example_dags/example_branch_operator_decorator.py for tasks to queue
[2022-07-24 19:17:25,765] {logging_mixin.py:115} INFO - [2022-07-24 19:17:25,765] {dagbag.py:507} INFO - Filling up the DagBag from /home/osboxes/.local/lib/python3.8/site-packages/airflow/example_dags/example_branch_operator_decorator.py
[2022-07-24 19:17:25,782] {processor.py:651} INFO - DAG(s) dict_keys(['example_branch_python_operator_decorator']) retrieved from /home/osboxes/.local/lib/python3.8/site-packages/airflow/example_dags/example_branch_operator_decorator.py
[2022-07-24 19:17:25,804] {logging_mixin.py:115} INFO - [2022-07-24 19:17:25,803] {dag.py:2371} INFO - Sync 1 DAGs
[2022-07-24 19:17:25,818] {logging_mixin.py:115} INFO - [2022-07-24 19:17:25,818] {dag.py:2915} INFO - Setting next_dagrun for example_branch_python_operator_decorator to 2022-07-23T00:00:00+00:00, run_after=2022-07-24T00:00:00+00:00
[2022-07-24 19:17:25,860] {processor.py:161} INFO - Processing /home/osboxes/.local/lib/python3.8/site-packages/airflow/example_dags/example_branch_operator_decorator.py took 0.099 seconds
[2022-07-24 19:18:07,659] {processor.py:153} INFO - Started process (PID=1345396) to work on /home/osboxes/.local/lib/python3.8/site-packages/airflow/example_dags/example_branch_operator_decorator.py
[2022-07-24 19:18:07,660] {processor.py:641} INFO - Processing file /home/osboxes/.local/lib/python3.8/site-packages/airflow/example_dags/example_branch_operator_decorator.py for tasks to queue
[2022-07-24 19:18:07,661] {logging_mixin.py:115} INFO - [2022-07-24 19:18:07,661] {dagbag.py:507} INFO - Filling up the DagBag from /home/osboxes/.local/lib/python3.8/site-packages/airflow/example_dags/example_branch_operator_decorator.py
[2022-07-24 19:18:07,682] {processor.py:651} INFO - DAG(s) dict_keys(['example_branch_python_operator_decorator']) retrieved from /home/osboxes/.local/lib/python3.8/site-packages/airflow/example_dags/example_branch_operator_decorator.py
[2022-07-24 19:18:07,702] {logging_mixin.py:115} INFO - [2022-07-24 19:18:07,701] {dag.py:2371} INFO - Sync 1 DAGs
[2022-07-24 19:18:07,716] {logging_mixin.py:115} INFO - [2022-07-24 19:18:07,716] {dag.py:2915} INFO - Setting next_dagrun for example_branch_python_operator_decorator to 2022-07-23T00:00:00+00:00, run_after=2022-07-24T00:00:00+00:00
[2022-07-24 19:18:07,746] {processor.py:161} INFO - Processing /home/osboxes/.local/lib/python3.8/site-packages/airflow/example_dags/example_branch_operator_decorator.py took 0.090 seconds
[2022-07-24 19:18:46,927] {processor.py:153} INFO - Started process (PID=1345686) to work on /home/osboxes/.local/lib/python3.8/site-packages/airflow/example_dags/example_branch_operator_decorator.py
[2022-07-24 19:18:46,928] {processor.py:641} INFO - Processing file /home/osboxes/.local/lib/python3.8/site-packages/airflow/example_dags/example_branch_operator_decorator.py for tasks to queue
[2022-07-24 19:18:46,929] {logging_mixin.py:115} INFO - [2022-07-24 19:18:46,929] {dagbag.py:507} INFO - Filling up the DagBag from /home/osboxes/.local/lib/python3.8/site-packages/airflow/example_dags/example_branch_operator_decorator.py
[2022-07-24 19:18:46,957] {processor.py:651} INFO - DAG(s) dict_keys(['example_branch_python_operator_decorator']) retrieved from /home/osboxes/.local/lib/python3.8/site-packages/airflow/example_dags/example_branch_operator_decorator.py
[2022-07-24 19:18:46,975] {logging_mixin.py:115} INFO - [2022-07-24 19:18:46,975] {dag.py:2371} INFO - Sync 1 DAGs
[2022-07-24 19:18:46,990] {logging_mixin.py:115} INFO - [2022-07-24 19:18:46,990] {dag.py:2915} INFO - Setting next_dagrun for example_branch_python_operator_decorator to 2022-07-23T00:00:00+00:00, run_after=2022-07-24T00:00:00+00:00
[2022-07-24 19:18:47,030] {processor.py:161} INFO - Processing /home/osboxes/.local/lib/python3.8/site-packages/airflow/example_dags/example_branch_operator_decorator.py took 0.106 seconds
[2022-07-24 19:19:26,343] {processor.py:153} INFO - Started process (PID=1346054) to work on /home/osboxes/.local/lib/python3.8/site-packages/airflow/example_dags/example_branch_operator_decorator.py
[2022-07-24 19:19:26,347] {processor.py:641} INFO - Processing file /home/osboxes/.local/lib/python3.8/site-packages/airflow/example_dags/example_branch_operator_decorator.py for tasks to queue
[2022-07-24 19:19:26,348] {logging_mixin.py:115} INFO - [2022-07-24 19:19:26,348] {dagbag.py:507} INFO - Filling up the DagBag from /home/osboxes/.local/lib/python3.8/site-packages/airflow/example_dags/example_branch_operator_decorator.py
[2022-07-24 19:19:26,365] {processor.py:651} INFO - DAG(s) dict_keys(['example_branch_python_operator_decorator']) retrieved from /home/osboxes/.local/lib/python3.8/site-packages/airflow/example_dags/example_branch_operator_decorator.py
[2022-07-24 19:19:26,385] {logging_mixin.py:115} INFO - [2022-07-24 19:19:26,385] {dag.py:2371} INFO - Sync 1 DAGs
[2022-07-24 19:19:26,402] {logging_mixin.py:115} INFO - [2022-07-24 19:19:26,402] {dag.py:2915} INFO - Setting next_dagrun for example_branch_python_operator_decorator to 2022-07-23T00:00:00+00:00, run_after=2022-07-24T00:00:00+00:00
[2022-07-24 19:19:26,431] {processor.py:161} INFO - Processing /home/osboxes/.local/lib/python3.8/site-packages/airflow/example_dags/example_branch_operator_decorator.py took 0.091 seconds
[2022-07-24 19:20:05,915] {processor.py:153} INFO - Started process (PID=1346363) to work on /home/osboxes/.local/lib/python3.8/site-packages/airflow/example_dags/example_branch_operator_decorator.py
[2022-07-24 19:20:05,919] {processor.py:641} INFO - Processing file /home/osboxes/.local/lib/python3.8/site-packages/airflow/example_dags/example_branch_operator_decorator.py for tasks to queue
[2022-07-24 19:20:05,920] {logging_mixin.py:115} INFO - [2022-07-24 19:20:05,920] {dagbag.py:507} INFO - Filling up the DagBag from /home/osboxes/.local/lib/python3.8/site-packages/airflow/example_dags/example_branch_operator_decorator.py
[2022-07-24 19:20:05,944] {processor.py:651} INFO - DAG(s) dict_keys(['example_branch_python_operator_decorator']) retrieved from /home/osboxes/.local/lib/python3.8/site-packages/airflow/example_dags/example_branch_operator_decorator.py
[2022-07-24 19:20:05,969] {logging_mixin.py:115} INFO - [2022-07-24 19:20:05,969] {dag.py:2371} INFO - Sync 1 DAGs
[2022-07-24 19:20:05,991] {logging_mixin.py:115} INFO - [2022-07-24 19:20:05,991] {dag.py:2915} INFO - Setting next_dagrun for example_branch_python_operator_decorator to 2022-07-23T00:00:00+00:00, run_after=2022-07-24T00:00:00+00:00
[2022-07-24 19:20:06,046] {processor.py:161} INFO - Processing /home/osboxes/.local/lib/python3.8/site-packages/airflow/example_dags/example_branch_operator_decorator.py took 0.135 seconds
[2022-07-24 19:20:47,397] {processor.py:153} INFO - Started process (PID=1346693) to work on /home/osboxes/.local/lib/python3.8/site-packages/airflow/example_dags/example_branch_operator_decorator.py
[2022-07-24 19:20:47,399] {processor.py:641} INFO - Processing file /home/osboxes/.local/lib/python3.8/site-packages/airflow/example_dags/example_branch_operator_decorator.py for tasks to queue
[2022-07-24 19:20:47,400] {logging_mixin.py:115} INFO - [2022-07-24 19:20:47,399] {dagbag.py:507} INFO - Filling up the DagBag from /home/osboxes/.local/lib/python3.8/site-packages/airflow/example_dags/example_branch_operator_decorator.py
[2022-07-24 19:20:47,417] {processor.py:651} INFO - DAG(s) dict_keys(['example_branch_python_operator_decorator']) retrieved from /home/osboxes/.local/lib/python3.8/site-packages/airflow/example_dags/example_branch_operator_decorator.py
[2022-07-24 19:20:47,437] {logging_mixin.py:115} INFO - [2022-07-24 19:20:47,437] {dag.py:2371} INFO - Sync 1 DAGs
[2022-07-24 19:20:47,451] {logging_mixin.py:115} INFO - [2022-07-24 19:20:47,451] {dag.py:2915} INFO - Setting next_dagrun for example_branch_python_operator_decorator to 2022-07-23T00:00:00+00:00, run_after=2022-07-24T00:00:00+00:00
[2022-07-24 19:20:47,487] {processor.py:161} INFO - Processing /home/osboxes/.local/lib/python3.8/site-packages/airflow/example_dags/example_branch_operator_decorator.py took 0.092 seconds
[2022-07-24 19:21:25,551] {processor.py:153} INFO - Started process (PID=1346993) to work on /home/osboxes/.local/lib/python3.8/site-packages/airflow/example_dags/example_branch_operator_decorator.py
[2022-07-24 19:21:25,556] {processor.py:641} INFO - Processing file /home/osboxes/.local/lib/python3.8/site-packages/airflow/example_dags/example_branch_operator_decorator.py for tasks to queue
[2022-07-24 19:21:25,556] {logging_mixin.py:115} INFO - [2022-07-24 19:21:25,556] {dagbag.py:507} INFO - Filling up the DagBag from /home/osboxes/.local/lib/python3.8/site-packages/airflow/example_dags/example_branch_operator_decorator.py
[2022-07-24 19:21:25,589] {processor.py:651} INFO - DAG(s) dict_keys(['example_branch_python_operator_decorator']) retrieved from /home/osboxes/.local/lib/python3.8/site-packages/airflow/example_dags/example_branch_operator_decorator.py
[2022-07-24 19:21:25,608] {logging_mixin.py:115} INFO - [2022-07-24 19:21:25,608] {dag.py:2371} INFO - Sync 1 DAGs
[2022-07-24 19:21:25,626] {logging_mixin.py:115} INFO - [2022-07-24 19:21:25,626] {dag.py:2915} INFO - Setting next_dagrun for example_branch_python_operator_decorator to 2022-07-23T00:00:00+00:00, run_after=2022-07-24T00:00:00+00:00
[2022-07-24 19:21:25,671] {processor.py:161} INFO - Processing /home/osboxes/.local/lib/python3.8/site-packages/airflow/example_dags/example_branch_operator_decorator.py took 0.123 seconds
[2022-07-24 19:22:03,008] {processor.py:153} INFO - Started process (PID=1347281) to work on /home/osboxes/.local/lib/python3.8/site-packages/airflow/example_dags/example_branch_operator_decorator.py
[2022-07-24 19:22:03,009] {processor.py:641} INFO - Processing file /home/osboxes/.local/lib/python3.8/site-packages/airflow/example_dags/example_branch_operator_decorator.py for tasks to queue
[2022-07-24 19:22:03,010] {logging_mixin.py:115} INFO - [2022-07-24 19:22:03,010] {dagbag.py:507} INFO - Filling up the DagBag from /home/osboxes/.local/lib/python3.8/site-packages/airflow/example_dags/example_branch_operator_decorator.py
[2022-07-24 19:22:03,026] {processor.py:651} INFO - DAG(s) dict_keys(['example_branch_python_operator_decorator']) retrieved from /home/osboxes/.local/lib/python3.8/site-packages/airflow/example_dags/example_branch_operator_decorator.py
[2022-07-24 19:22:03,061] {logging_mixin.py:115} INFO - [2022-07-24 19:22:03,061] {dag.py:2371} INFO - Sync 1 DAGs
[2022-07-24 19:22:03,077] {logging_mixin.py:115} INFO - [2022-07-24 19:22:03,077] {dag.py:2915} INFO - Setting next_dagrun for example_branch_python_operator_decorator to 2022-07-23T00:00:00+00:00, run_after=2022-07-24T00:00:00+00:00
[2022-07-24 19:22:03,129] {processor.py:161} INFO - Processing /home/osboxes/.local/lib/python3.8/site-packages/airflow/example_dags/example_branch_operator_decorator.py took 0.123 seconds
[2022-07-24 19:22:43,054] {processor.py:153} INFO - Started process (PID=1347585) to work on /home/osboxes/.local/lib/python3.8/site-packages/airflow/example_dags/example_branch_operator_decorator.py
[2022-07-24 19:22:43,055] {processor.py:641} INFO - Processing file /home/osboxes/.local/lib/python3.8/site-packages/airflow/example_dags/example_branch_operator_decorator.py for tasks to queue
[2022-07-24 19:22:43,056] {logging_mixin.py:115} INFO - [2022-07-24 19:22:43,056] {dagbag.py:507} INFO - Filling up the DagBag from /home/osboxes/.local/lib/python3.8/site-packages/airflow/example_dags/example_branch_operator_decorator.py
[2022-07-24 19:22:43,072] {processor.py:651} INFO - DAG(s) dict_keys(['example_branch_python_operator_decorator']) retrieved from /home/osboxes/.local/lib/python3.8/site-packages/airflow/example_dags/example_branch_operator_decorator.py
[2022-07-24 19:22:43,091] {logging_mixin.py:115} INFO - [2022-07-24 19:22:43,091] {dag.py:2371} INFO - Sync 1 DAGs
[2022-07-24 19:22:43,106] {logging_mixin.py:115} INFO - [2022-07-24 19:22:43,106] {dag.py:2915} INFO - Setting next_dagrun for example_branch_python_operator_decorator to 2022-07-23T00:00:00+00:00, run_after=2022-07-24T00:00:00+00:00
[2022-07-24 19:22:43,175] {processor.py:161} INFO - Processing /home/osboxes/.local/lib/python3.8/site-packages/airflow/example_dags/example_branch_operator_decorator.py took 0.124 seconds
[2022-07-24 19:23:21,753] {processor.py:153} INFO - Started process (PID=1347907) to work on /home/osboxes/.local/lib/python3.8/site-packages/airflow/example_dags/example_branch_operator_decorator.py
[2022-07-24 19:23:21,755] {processor.py:641} INFO - Processing file /home/osboxes/.local/lib/python3.8/site-packages/airflow/example_dags/example_branch_operator_decorator.py for tasks to queue
[2022-07-24 19:23:21,756] {logging_mixin.py:115} INFO - [2022-07-24 19:23:21,756] {dagbag.py:507} INFO - Filling up the DagBag from /home/osboxes/.local/lib/python3.8/site-packages/airflow/example_dags/example_branch_operator_decorator.py
[2022-07-24 19:23:21,786] {processor.py:651} INFO - DAG(s) dict_keys(['example_branch_python_operator_decorator']) retrieved from /home/osboxes/.local/lib/python3.8/site-packages/airflow/example_dags/example_branch_operator_decorator.py
[2022-07-24 19:23:21,805] {logging_mixin.py:115} INFO - [2022-07-24 19:23:21,805] {dag.py:2371} INFO - Sync 1 DAGs
[2022-07-24 19:23:21,820] {logging_mixin.py:115} INFO - [2022-07-24 19:23:21,820] {dag.py:2915} INFO - Setting next_dagrun for example_branch_python_operator_decorator to 2022-07-23T00:00:00+00:00, run_after=2022-07-24T00:00:00+00:00
[2022-07-24 19:23:21,855] {processor.py:161} INFO - Processing /home/osboxes/.local/lib/python3.8/site-packages/airflow/example_dags/example_branch_operator_decorator.py took 0.103 seconds
[2022-07-24 19:24:03,003] {processor.py:153} INFO - Started process (PID=1348226) to work on /home/osboxes/.local/lib/python3.8/site-packages/airflow/example_dags/example_branch_operator_decorator.py
[2022-07-24 19:24:03,015] {processor.py:641} INFO - Processing file /home/osboxes/.local/lib/python3.8/site-packages/airflow/example_dags/example_branch_operator_decorator.py for tasks to queue
[2022-07-24 19:24:03,015] {logging_mixin.py:115} INFO - [2022-07-24 19:24:03,015] {dagbag.py:507} INFO - Filling up the DagBag from /home/osboxes/.local/lib/python3.8/site-packages/airflow/example_dags/example_branch_operator_decorator.py
[2022-07-24 19:24:03,037] {processor.py:651} INFO - DAG(s) dict_keys(['example_branch_python_operator_decorator']) retrieved from /home/osboxes/.local/lib/python3.8/site-packages/airflow/example_dags/example_branch_operator_decorator.py
[2022-07-24 19:24:03,058] {logging_mixin.py:115} INFO - [2022-07-24 19:24:03,058] {dag.py:2371} INFO - Sync 1 DAGs
[2022-07-24 19:24:03,076] {logging_mixin.py:115} INFO - [2022-07-24 19:24:03,075] {dag.py:2915} INFO - Setting next_dagrun for example_branch_python_operator_decorator to 2022-07-23T00:00:00+00:00, run_after=2022-07-24T00:00:00+00:00
[2022-07-24 19:24:03,119] {processor.py:161} INFO - Processing /home/osboxes/.local/lib/python3.8/site-packages/airflow/example_dags/example_branch_operator_decorator.py took 0.118 seconds
[2022-07-24 19:24:39,881] {processor.py:153} INFO - Started process (PID=1348571) to work on /home/osboxes/.local/lib/python3.8/site-packages/airflow/example_dags/example_branch_operator_decorator.py
[2022-07-24 19:24:39,882] {processor.py:641} INFO - Processing file /home/osboxes/.local/lib/python3.8/site-packages/airflow/example_dags/example_branch_operator_decorator.py for tasks to queue
[2022-07-24 19:24:39,883] {logging_mixin.py:115} INFO - [2022-07-24 19:24:39,883] {dagbag.py:507} INFO - Filling up the DagBag from /home/osboxes/.local/lib/python3.8/site-packages/airflow/example_dags/example_branch_operator_decorator.py
[2022-07-24 19:24:39,905] {processor.py:651} INFO - DAG(s) dict_keys(['example_branch_python_operator_decorator']) retrieved from /home/osboxes/.local/lib/python3.8/site-packages/airflow/example_dags/example_branch_operator_decorator.py
[2022-07-24 19:24:39,928] {logging_mixin.py:115} INFO - [2022-07-24 19:24:39,928] {dag.py:2371} INFO - Sync 1 DAGs
[2022-07-24 19:24:39,943] {logging_mixin.py:115} INFO - [2022-07-24 19:24:39,942] {dag.py:2915} INFO - Setting next_dagrun for example_branch_python_operator_decorator to 2022-07-23T00:00:00+00:00, run_after=2022-07-24T00:00:00+00:00
[2022-07-24 19:24:39,969] {processor.py:161} INFO - Processing /home/osboxes/.local/lib/python3.8/site-packages/airflow/example_dags/example_branch_operator_decorator.py took 0.090 seconds
[2022-07-24 19:25:18,047] {processor.py:153} INFO - Started process (PID=1348868) to work on /home/osboxes/.local/lib/python3.8/site-packages/airflow/example_dags/example_branch_operator_decorator.py
[2022-07-24 19:25:18,050] {processor.py:641} INFO - Processing file /home/osboxes/.local/lib/python3.8/site-packages/airflow/example_dags/example_branch_operator_decorator.py for tasks to queue
[2022-07-24 19:25:18,050] {logging_mixin.py:115} INFO - [2022-07-24 19:25:18,050] {dagbag.py:507} INFO - Filling up the DagBag from /home/osboxes/.local/lib/python3.8/site-packages/airflow/example_dags/example_branch_operator_decorator.py
[2022-07-24 19:25:18,068] {processor.py:651} INFO - DAG(s) dict_keys(['example_branch_python_operator_decorator']) retrieved from /home/osboxes/.local/lib/python3.8/site-packages/airflow/example_dags/example_branch_operator_decorator.py
[2022-07-24 19:25:18,087] {logging_mixin.py:115} INFO - [2022-07-24 19:25:18,087] {dag.py:2371} INFO - Sync 1 DAGs
[2022-07-24 19:25:18,101] {logging_mixin.py:115} INFO - [2022-07-24 19:25:18,101] {dag.py:2915} INFO - Setting next_dagrun for example_branch_python_operator_decorator to 2022-07-23T00:00:00+00:00, run_after=2022-07-24T00:00:00+00:00
[2022-07-24 19:25:18,137] {processor.py:161} INFO - Processing /home/osboxes/.local/lib/python3.8/site-packages/airflow/example_dags/example_branch_operator_decorator.py took 0.092 seconds
[2022-07-24 19:25:59,060] {processor.py:153} INFO - Started process (PID=1349196) to work on /home/osboxes/.local/lib/python3.8/site-packages/airflow/example_dags/example_branch_operator_decorator.py
[2022-07-24 19:25:59,062] {processor.py:641} INFO - Processing file /home/osboxes/.local/lib/python3.8/site-packages/airflow/example_dags/example_branch_operator_decorator.py for tasks to queue
[2022-07-24 19:25:59,063] {logging_mixin.py:115} INFO - [2022-07-24 19:25:59,062] {dagbag.py:507} INFO - Filling up the DagBag from /home/osboxes/.local/lib/python3.8/site-packages/airflow/example_dags/example_branch_operator_decorator.py
[2022-07-24 19:25:59,081] {processor.py:651} INFO - DAG(s) dict_keys(['example_branch_python_operator_decorator']) retrieved from /home/osboxes/.local/lib/python3.8/site-packages/airflow/example_dags/example_branch_operator_decorator.py
[2022-07-24 19:25:59,099] {logging_mixin.py:115} INFO - [2022-07-24 19:25:59,098] {dag.py:2371} INFO - Sync 1 DAGs
[2022-07-24 19:25:59,113] {logging_mixin.py:115} INFO - [2022-07-24 19:25:59,113] {dag.py:2915} INFO - Setting next_dagrun for example_branch_python_operator_decorator to 2022-07-23T00:00:00+00:00, run_after=2022-07-24T00:00:00+00:00
[2022-07-24 19:25:59,163] {processor.py:161} INFO - Processing /home/osboxes/.local/lib/python3.8/site-packages/airflow/example_dags/example_branch_operator_decorator.py took 0.104 seconds
[2022-07-24 19:26:40,207] {processor.py:153} INFO - Started process (PID=1349518) to work on /home/osboxes/.local/lib/python3.8/site-packages/airflow/example_dags/example_branch_operator_decorator.py
[2022-07-24 19:26:40,209] {processor.py:641} INFO - Processing file /home/osboxes/.local/lib/python3.8/site-packages/airflow/example_dags/example_branch_operator_decorator.py for tasks to queue
[2022-07-24 19:26:40,210] {logging_mixin.py:115} INFO - [2022-07-24 19:26:40,210] {dagbag.py:507} INFO - Filling up the DagBag from /home/osboxes/.local/lib/python3.8/site-packages/airflow/example_dags/example_branch_operator_decorator.py
[2022-07-24 19:26:40,226] {processor.py:651} INFO - DAG(s) dict_keys(['example_branch_python_operator_decorator']) retrieved from /home/osboxes/.local/lib/python3.8/site-packages/airflow/example_dags/example_branch_operator_decorator.py
[2022-07-24 19:26:40,246] {logging_mixin.py:115} INFO - [2022-07-24 19:26:40,246] {dag.py:2371} INFO - Sync 1 DAGs
[2022-07-24 19:26:40,261] {logging_mixin.py:115} INFO - [2022-07-24 19:26:40,261] {dag.py:2915} INFO - Setting next_dagrun for example_branch_python_operator_decorator to 2022-07-23T00:00:00+00:00, run_after=2022-07-24T00:00:00+00:00
[2022-07-24 19:26:40,297] {processor.py:161} INFO - Processing /home/osboxes/.local/lib/python3.8/site-packages/airflow/example_dags/example_branch_operator_decorator.py took 0.093 seconds
[2022-07-24 19:27:23,257] {processor.py:153} INFO - Started process (PID=1349842) to work on /home/osboxes/.local/lib/python3.8/site-packages/airflow/example_dags/example_branch_operator_decorator.py
[2022-07-24 19:27:23,258] {processor.py:641} INFO - Processing file /home/osboxes/.local/lib/python3.8/site-packages/airflow/example_dags/example_branch_operator_decorator.py for tasks to queue
[2022-07-24 19:27:23,259] {logging_mixin.py:115} INFO - [2022-07-24 19:27:23,259] {dagbag.py:507} INFO - Filling up the DagBag from /home/osboxes/.local/lib/python3.8/site-packages/airflow/example_dags/example_branch_operator_decorator.py
[2022-07-24 19:27:23,278] {processor.py:651} INFO - DAG(s) dict_keys(['example_branch_python_operator_decorator']) retrieved from /home/osboxes/.local/lib/python3.8/site-packages/airflow/example_dags/example_branch_operator_decorator.py
[2022-07-24 19:27:23,295] {logging_mixin.py:115} INFO - [2022-07-24 19:27:23,295] {dag.py:2371} INFO - Sync 1 DAGs
[2022-07-24 19:27:23,310] {logging_mixin.py:115} INFO - [2022-07-24 19:27:23,310] {dag.py:2915} INFO - Setting next_dagrun for example_branch_python_operator_decorator to 2022-07-23T00:00:00+00:00, run_after=2022-07-24T00:00:00+00:00
[2022-07-24 19:27:23,357] {processor.py:161} INFO - Processing /home/osboxes/.local/lib/python3.8/site-packages/airflow/example_dags/example_branch_operator_decorator.py took 0.103 seconds
[2022-07-24 19:28:03,612] {processor.py:153} INFO - Started process (PID=1350168) to work on /home/osboxes/.local/lib/python3.8/site-packages/airflow/example_dags/example_branch_operator_decorator.py
[2022-07-24 19:28:03,614] {processor.py:641} INFO - Processing file /home/osboxes/.local/lib/python3.8/site-packages/airflow/example_dags/example_branch_operator_decorator.py for tasks to queue
[2022-07-24 19:28:03,615] {logging_mixin.py:115} INFO - [2022-07-24 19:28:03,615] {dagbag.py:507} INFO - Filling up the DagBag from /home/osboxes/.local/lib/python3.8/site-packages/airflow/example_dags/example_branch_operator_decorator.py
[2022-07-24 19:28:03,632] {processor.py:651} INFO - DAG(s) dict_keys(['example_branch_python_operator_decorator']) retrieved from /home/osboxes/.local/lib/python3.8/site-packages/airflow/example_dags/example_branch_operator_decorator.py
[2022-07-24 19:28:03,651] {logging_mixin.py:115} INFO - [2022-07-24 19:28:03,651] {dag.py:2371} INFO - Sync 1 DAGs
[2022-07-24 19:28:03,669] {logging_mixin.py:115} INFO - [2022-07-24 19:28:03,669] {dag.py:2915} INFO - Setting next_dagrun for example_branch_python_operator_decorator to 2022-07-23T00:00:00+00:00, run_after=2022-07-24T00:00:00+00:00
[2022-07-24 19:28:03,694] {processor.py:161} INFO - Processing /home/osboxes/.local/lib/python3.8/site-packages/airflow/example_dags/example_branch_operator_decorator.py took 0.086 seconds
[2022-07-24 19:28:40,875] {processor.py:153} INFO - Started process (PID=1350458) to work on /home/osboxes/.local/lib/python3.8/site-packages/airflow/example_dags/example_branch_operator_decorator.py
[2022-07-24 19:28:40,876] {processor.py:641} INFO - Processing file /home/osboxes/.local/lib/python3.8/site-packages/airflow/example_dags/example_branch_operator_decorator.py for tasks to queue
[2022-07-24 19:28:40,877] {logging_mixin.py:115} INFO - [2022-07-24 19:28:40,877] {dagbag.py:507} INFO - Filling up the DagBag from /home/osboxes/.local/lib/python3.8/site-packages/airflow/example_dags/example_branch_operator_decorator.py
[2022-07-24 19:28:40,903] {processor.py:651} INFO - DAG(s) dict_keys(['example_branch_python_operator_decorator']) retrieved from /home/osboxes/.local/lib/python3.8/site-packages/airflow/example_dags/example_branch_operator_decorator.py
[2022-07-24 19:28:40,932] {logging_mixin.py:115} INFO - [2022-07-24 19:28:40,932] {dag.py:2371} INFO - Sync 1 DAGs
[2022-07-24 19:28:40,977] {logging_mixin.py:115} INFO - [2022-07-24 19:28:40,977] {dag.py:2915} INFO - Setting next_dagrun for example_branch_python_operator_decorator to 2022-07-23T00:00:00+00:00, run_after=2022-07-24T00:00:00+00:00
[2022-07-24 19:28:41,025] {processor.py:161} INFO - Processing /home/osboxes/.local/lib/python3.8/site-packages/airflow/example_dags/example_branch_operator_decorator.py took 0.153 seconds
[2022-07-24 19:29:20,298] {processor.py:153} INFO - Started process (PID=1350818) to work on /home/osboxes/.local/lib/python3.8/site-packages/airflow/example_dags/example_branch_operator_decorator.py
[2022-07-24 19:29:20,301] {processor.py:641} INFO - Processing file /home/osboxes/.local/lib/python3.8/site-packages/airflow/example_dags/example_branch_operator_decorator.py for tasks to queue
[2022-07-24 19:29:20,302] {logging_mixin.py:115} INFO - [2022-07-24 19:29:20,302] {dagbag.py:507} INFO - Filling up the DagBag from /home/osboxes/.local/lib/python3.8/site-packages/airflow/example_dags/example_branch_operator_decorator.py
[2022-07-24 19:29:20,317] {processor.py:651} INFO - DAG(s) dict_keys(['example_branch_python_operator_decorator']) retrieved from /home/osboxes/.local/lib/python3.8/site-packages/airflow/example_dags/example_branch_operator_decorator.py
[2022-07-24 19:29:20,337] {logging_mixin.py:115} INFO - [2022-07-24 19:29:20,337] {dag.py:2371} INFO - Sync 1 DAGs
[2022-07-24 19:29:20,351] {logging_mixin.py:115} INFO - [2022-07-24 19:29:20,351] {dag.py:2915} INFO - Setting next_dagrun for example_branch_python_operator_decorator to 2022-07-23T00:00:00+00:00, run_after=2022-07-24T00:00:00+00:00
[2022-07-24 19:29:20,385] {processor.py:161} INFO - Processing /home/osboxes/.local/lib/python3.8/site-packages/airflow/example_dags/example_branch_operator_decorator.py took 0.089 seconds
[2022-07-24 19:30:06,566] {processor.py:153} INFO - Started process (PID=1351161) to work on /home/osboxes/.local/lib/python3.8/site-packages/airflow/example_dags/example_branch_operator_decorator.py
[2022-07-24 19:30:06,569] {processor.py:641} INFO - Processing file /home/osboxes/.local/lib/python3.8/site-packages/airflow/example_dags/example_branch_operator_decorator.py for tasks to queue
[2022-07-24 19:30:06,570] {logging_mixin.py:115} INFO - [2022-07-24 19:30:06,570] {dagbag.py:507} INFO - Filling up the DagBag from /home/osboxes/.local/lib/python3.8/site-packages/airflow/example_dags/example_branch_operator_decorator.py
[2022-07-24 19:30:06,586] {processor.py:651} INFO - DAG(s) dict_keys(['example_branch_python_operator_decorator']) retrieved from /home/osboxes/.local/lib/python3.8/site-packages/airflow/example_dags/example_branch_operator_decorator.py
[2022-07-24 19:30:06,604] {logging_mixin.py:115} INFO - [2022-07-24 19:30:06,604] {dag.py:2371} INFO - Sync 1 DAGs
[2022-07-24 19:30:06,620] {logging_mixin.py:115} INFO - [2022-07-24 19:30:06,620] {dag.py:2915} INFO - Setting next_dagrun for example_branch_python_operator_decorator to 2022-07-23T00:00:00+00:00, run_after=2022-07-24T00:00:00+00:00
[2022-07-24 19:30:06,655] {processor.py:161} INFO - Processing /home/osboxes/.local/lib/python3.8/site-packages/airflow/example_dags/example_branch_operator_decorator.py took 0.091 seconds
[2022-07-24 19:30:46,723] {processor.py:153} INFO - Started process (PID=1351494) to work on /home/osboxes/.local/lib/python3.8/site-packages/airflow/example_dags/example_branch_operator_decorator.py
[2022-07-24 19:30:46,727] {processor.py:641} INFO - Processing file /home/osboxes/.local/lib/python3.8/site-packages/airflow/example_dags/example_branch_operator_decorator.py for tasks to queue
[2022-07-24 19:30:46,727] {logging_mixin.py:115} INFO - [2022-07-24 19:30:46,727] {dagbag.py:507} INFO - Filling up the DagBag from /home/osboxes/.local/lib/python3.8/site-packages/airflow/example_dags/example_branch_operator_decorator.py
[2022-07-24 19:30:46,748] {processor.py:651} INFO - DAG(s) dict_keys(['example_branch_python_operator_decorator']) retrieved from /home/osboxes/.local/lib/python3.8/site-packages/airflow/example_dags/example_branch_operator_decorator.py
[2022-07-24 19:30:46,767] {logging_mixin.py:115} INFO - [2022-07-24 19:30:46,766] {dag.py:2371} INFO - Sync 1 DAGs
[2022-07-24 19:30:46,781] {logging_mixin.py:115} INFO - [2022-07-24 19:30:46,781] {dag.py:2915} INFO - Setting next_dagrun for example_branch_python_operator_decorator to 2022-07-23T00:00:00+00:00, run_after=2022-07-24T00:00:00+00:00
[2022-07-24 19:30:46,814] {processor.py:161} INFO - Processing /home/osboxes/.local/lib/python3.8/site-packages/airflow/example_dags/example_branch_operator_decorator.py took 0.095 seconds
[2022-07-24 19:31:30,568] {processor.py:153} INFO - Started process (PID=1351839) to work on /home/osboxes/.local/lib/python3.8/site-packages/airflow/example_dags/example_branch_operator_decorator.py
[2022-07-24 19:31:30,570] {processor.py:641} INFO - Processing file /home/osboxes/.local/lib/python3.8/site-packages/airflow/example_dags/example_branch_operator_decorator.py for tasks to queue
[2022-07-24 19:31:30,570] {logging_mixin.py:115} INFO - [2022-07-24 19:31:30,570] {dagbag.py:507} INFO - Filling up the DagBag from /home/osboxes/.local/lib/python3.8/site-packages/airflow/example_dags/example_branch_operator_decorator.py
[2022-07-24 19:31:30,595] {processor.py:651} INFO - DAG(s) dict_keys(['example_branch_python_operator_decorator']) retrieved from /home/osboxes/.local/lib/python3.8/site-packages/airflow/example_dags/example_branch_operator_decorator.py
[2022-07-24 19:31:30,620] {logging_mixin.py:115} INFO - [2022-07-24 19:31:30,620] {dag.py:2371} INFO - Sync 1 DAGs
[2022-07-24 19:31:30,639] {logging_mixin.py:115} INFO - [2022-07-24 19:31:30,639] {dag.py:2915} INFO - Setting next_dagrun for example_branch_python_operator_decorator to 2022-07-23T00:00:00+00:00, run_after=2022-07-24T00:00:00+00:00
[2022-07-24 19:31:30,678] {processor.py:161} INFO - Processing /home/osboxes/.local/lib/python3.8/site-packages/airflow/example_dags/example_branch_operator_decorator.py took 0.113 seconds
[2022-07-24 19:32:13,371] {processor.py:153} INFO - Started process (PID=1352182) to work on /home/osboxes/.local/lib/python3.8/site-packages/airflow/example_dags/example_branch_operator_decorator.py
[2022-07-24 19:32:13,372] {processor.py:641} INFO - Processing file /home/osboxes/.local/lib/python3.8/site-packages/airflow/example_dags/example_branch_operator_decorator.py for tasks to queue
[2022-07-24 19:32:13,373] {logging_mixin.py:115} INFO - [2022-07-24 19:32:13,372] {dagbag.py:507} INFO - Filling up the DagBag from /home/osboxes/.local/lib/python3.8/site-packages/airflow/example_dags/example_branch_operator_decorator.py
[2022-07-24 19:32:13,390] {processor.py:651} INFO - DAG(s) dict_keys(['example_branch_python_operator_decorator']) retrieved from /home/osboxes/.local/lib/python3.8/site-packages/airflow/example_dags/example_branch_operator_decorator.py
[2022-07-24 19:32:13,409] {logging_mixin.py:115} INFO - [2022-07-24 19:32:13,409] {dag.py:2371} INFO - Sync 1 DAGs
[2022-07-24 19:32:13,427] {logging_mixin.py:115} INFO - [2022-07-24 19:32:13,427] {dag.py:2915} INFO - Setting next_dagrun for example_branch_python_operator_decorator to 2022-07-23T00:00:00+00:00, run_after=2022-07-24T00:00:00+00:00
[2022-07-24 19:32:13,465] {processor.py:161} INFO - Processing /home/osboxes/.local/lib/python3.8/site-packages/airflow/example_dags/example_branch_operator_decorator.py took 0.096 seconds
[2022-07-24 19:32:54,249] {processor.py:153} INFO - Started process (PID=1352486) to work on /home/osboxes/.local/lib/python3.8/site-packages/airflow/example_dags/example_branch_operator_decorator.py
[2022-07-24 19:32:54,250] {processor.py:641} INFO - Processing file /home/osboxes/.local/lib/python3.8/site-packages/airflow/example_dags/example_branch_operator_decorator.py for tasks to queue
[2022-07-24 19:32:54,251] {logging_mixin.py:115} INFO - [2022-07-24 19:32:54,251] {dagbag.py:507} INFO - Filling up the DagBag from /home/osboxes/.local/lib/python3.8/site-packages/airflow/example_dags/example_branch_operator_decorator.py
[2022-07-24 19:32:54,269] {processor.py:651} INFO - DAG(s) dict_keys(['example_branch_python_operator_decorator']) retrieved from /home/osboxes/.local/lib/python3.8/site-packages/airflow/example_dags/example_branch_operator_decorator.py
[2022-07-24 19:32:54,286] {logging_mixin.py:115} INFO - [2022-07-24 19:32:54,286] {dag.py:2371} INFO - Sync 1 DAGs
[2022-07-24 19:32:54,303] {logging_mixin.py:115} INFO - [2022-07-24 19:32:54,303] {dag.py:2915} INFO - Setting next_dagrun for example_branch_python_operator_decorator to 2022-07-23T00:00:00+00:00, run_after=2022-07-24T00:00:00+00:00
[2022-07-24 19:32:54,342] {processor.py:161} INFO - Processing /home/osboxes/.local/lib/python3.8/site-packages/airflow/example_dags/example_branch_operator_decorator.py took 0.096 seconds
[2022-07-24 19:33:32,544] {processor.py:153} INFO - Started process (PID=1352788) to work on /home/osboxes/.local/lib/python3.8/site-packages/airflow/example_dags/example_branch_operator_decorator.py
[2022-07-24 19:33:32,545] {processor.py:641} INFO - Processing file /home/osboxes/.local/lib/python3.8/site-packages/airflow/example_dags/example_branch_operator_decorator.py for tasks to queue
[2022-07-24 19:33:32,546] {logging_mixin.py:115} INFO - [2022-07-24 19:33:32,546] {dagbag.py:507} INFO - Filling up the DagBag from /home/osboxes/.local/lib/python3.8/site-packages/airflow/example_dags/example_branch_operator_decorator.py
[2022-07-24 19:33:32,562] {processor.py:651} INFO - DAG(s) dict_keys(['example_branch_python_operator_decorator']) retrieved from /home/osboxes/.local/lib/python3.8/site-packages/airflow/example_dags/example_branch_operator_decorator.py
[2022-07-24 19:33:32,580] {logging_mixin.py:115} INFO - [2022-07-24 19:33:32,580] {dag.py:2371} INFO - Sync 1 DAGs
[2022-07-24 19:33:32,597] {logging_mixin.py:115} INFO - [2022-07-24 19:33:32,597] {dag.py:2915} INFO - Setting next_dagrun for example_branch_python_operator_decorator to 2022-07-23T00:00:00+00:00, run_after=2022-07-24T00:00:00+00:00
[2022-07-24 19:33:32,648] {processor.py:161} INFO - Processing /home/osboxes/.local/lib/python3.8/site-packages/airflow/example_dags/example_branch_operator_decorator.py took 0.107 seconds
[2022-07-24 19:34:09,424] {processor.py:153} INFO - Started process (PID=1353071) to work on /home/osboxes/.local/lib/python3.8/site-packages/airflow/example_dags/example_branch_operator_decorator.py
[2022-07-24 19:34:09,426] {processor.py:641} INFO - Processing file /home/osboxes/.local/lib/python3.8/site-packages/airflow/example_dags/example_branch_operator_decorator.py for tasks to queue
[2022-07-24 19:34:09,427] {logging_mixin.py:115} INFO - [2022-07-24 19:34:09,426] {dagbag.py:507} INFO - Filling up the DagBag from /home/osboxes/.local/lib/python3.8/site-packages/airflow/example_dags/example_branch_operator_decorator.py
[2022-07-24 19:34:09,443] {processor.py:651} INFO - DAG(s) dict_keys(['example_branch_python_operator_decorator']) retrieved from /home/osboxes/.local/lib/python3.8/site-packages/airflow/example_dags/example_branch_operator_decorator.py
[2022-07-24 19:34:09,464] {logging_mixin.py:115} INFO - [2022-07-24 19:34:09,464] {dag.py:2371} INFO - Sync 1 DAGs
[2022-07-24 19:34:09,479] {logging_mixin.py:115} INFO - [2022-07-24 19:34:09,479] {dag.py:2915} INFO - Setting next_dagrun for example_branch_python_operator_decorator to 2022-07-23T00:00:00+00:00, run_after=2022-07-24T00:00:00+00:00
[2022-07-24 19:34:09,514] {processor.py:161} INFO - Processing /home/osboxes/.local/lib/python3.8/site-packages/airflow/example_dags/example_branch_operator_decorator.py took 0.093 seconds
[2022-07-24 19:34:51,789] {processor.py:153} INFO - Started process (PID=1353466) to work on /home/osboxes/.local/lib/python3.8/site-packages/airflow/example_dags/example_branch_operator_decorator.py
[2022-07-24 19:34:51,794] {processor.py:641} INFO - Processing file /home/osboxes/.local/lib/python3.8/site-packages/airflow/example_dags/example_branch_operator_decorator.py for tasks to queue
[2022-07-24 19:34:51,795] {logging_mixin.py:115} INFO - [2022-07-24 19:34:51,795] {dagbag.py:507} INFO - Filling up the DagBag from /home/osboxes/.local/lib/python3.8/site-packages/airflow/example_dags/example_branch_operator_decorator.py
[2022-07-24 19:34:51,819] {processor.py:651} INFO - DAG(s) dict_keys(['example_branch_python_operator_decorator']) retrieved from /home/osboxes/.local/lib/python3.8/site-packages/airflow/example_dags/example_branch_operator_decorator.py
[2022-07-24 19:34:51,865] {logging_mixin.py:115} INFO - [2022-07-24 19:34:51,865] {dag.py:2371} INFO - Sync 1 DAGs
[2022-07-24 19:34:51,884] {logging_mixin.py:115} INFO - [2022-07-24 19:34:51,884] {dag.py:2915} INFO - Setting next_dagrun for example_branch_python_operator_decorator to 2022-07-23T00:00:00+00:00, run_after=2022-07-24T00:00:00+00:00
[2022-07-24 19:34:51,915] {processor.py:161} INFO - Processing /home/osboxes/.local/lib/python3.8/site-packages/airflow/example_dags/example_branch_operator_decorator.py took 0.131 seconds
[2022-07-24 19:35:35,178] {processor.py:153} INFO - Started process (PID=1353798) to work on /home/osboxes/.local/lib/python3.8/site-packages/airflow/example_dags/example_branch_operator_decorator.py
[2022-07-24 19:35:35,180] {processor.py:641} INFO - Processing file /home/osboxes/.local/lib/python3.8/site-packages/airflow/example_dags/example_branch_operator_decorator.py for tasks to queue
[2022-07-24 19:35:35,181] {logging_mixin.py:115} INFO - [2022-07-24 19:35:35,181] {dagbag.py:507} INFO - Filling up the DagBag from /home/osboxes/.local/lib/python3.8/site-packages/airflow/example_dags/example_branch_operator_decorator.py
[2022-07-24 19:35:35,197] {processor.py:651} INFO - DAG(s) dict_keys(['example_branch_python_operator_decorator']) retrieved from /home/osboxes/.local/lib/python3.8/site-packages/airflow/example_dags/example_branch_operator_decorator.py
[2022-07-24 19:35:35,215] {logging_mixin.py:115} INFO - [2022-07-24 19:35:35,214] {dag.py:2371} INFO - Sync 1 DAGs
[2022-07-24 19:35:35,236] {logging_mixin.py:115} INFO - [2022-07-24 19:35:35,236] {dag.py:2915} INFO - Setting next_dagrun for example_branch_python_operator_decorator to 2022-07-23T00:00:00+00:00, run_after=2022-07-24T00:00:00+00:00
[2022-07-24 19:35:35,267] {processor.py:161} INFO - Processing /home/osboxes/.local/lib/python3.8/site-packages/airflow/example_dags/example_branch_operator_decorator.py took 0.091 seconds
[2022-07-24 19:36:15,746] {processor.py:153} INFO - Started process (PID=1354121) to work on /home/osboxes/.local/lib/python3.8/site-packages/airflow/example_dags/example_branch_operator_decorator.py
[2022-07-24 19:36:15,748] {processor.py:641} INFO - Processing file /home/osboxes/.local/lib/python3.8/site-packages/airflow/example_dags/example_branch_operator_decorator.py for tasks to queue
[2022-07-24 19:36:15,749] {logging_mixin.py:115} INFO - [2022-07-24 19:36:15,748] {dagbag.py:507} INFO - Filling up the DagBag from /home/osboxes/.local/lib/python3.8/site-packages/airflow/example_dags/example_branch_operator_decorator.py
[2022-07-24 19:36:15,765] {processor.py:651} INFO - DAG(s) dict_keys(['example_branch_python_operator_decorator']) retrieved from /home/osboxes/.local/lib/python3.8/site-packages/airflow/example_dags/example_branch_operator_decorator.py
[2022-07-24 19:36:15,785] {logging_mixin.py:115} INFO - [2022-07-24 19:36:15,785] {dag.py:2371} INFO - Sync 1 DAGs
[2022-07-24 19:36:15,801] {logging_mixin.py:115} INFO - [2022-07-24 19:36:15,801] {dag.py:2915} INFO - Setting next_dagrun for example_branch_python_operator_decorator to 2022-07-23T00:00:00+00:00, run_after=2022-07-24T00:00:00+00:00
[2022-07-24 19:36:15,854] {processor.py:161} INFO - Processing /home/osboxes/.local/lib/python3.8/site-packages/airflow/example_dags/example_branch_operator_decorator.py took 0.109 seconds
[2022-07-24 19:36:54,574] {processor.py:153} INFO - Started process (PID=1354404) to work on /home/osboxes/.local/lib/python3.8/site-packages/airflow/example_dags/example_branch_operator_decorator.py
[2022-07-24 19:36:54,578] {processor.py:641} INFO - Processing file /home/osboxes/.local/lib/python3.8/site-packages/airflow/example_dags/example_branch_operator_decorator.py for tasks to queue
[2022-07-24 19:36:54,579] {logging_mixin.py:115} INFO - [2022-07-24 19:36:54,579] {dagbag.py:507} INFO - Filling up the DagBag from /home/osboxes/.local/lib/python3.8/site-packages/airflow/example_dags/example_branch_operator_decorator.py
[2022-07-24 19:36:54,596] {processor.py:651} INFO - DAG(s) dict_keys(['example_branch_python_operator_decorator']) retrieved from /home/osboxes/.local/lib/python3.8/site-packages/airflow/example_dags/example_branch_operator_decorator.py
[2022-07-24 19:36:54,615] {logging_mixin.py:115} INFO - [2022-07-24 19:36:54,615] {dag.py:2371} INFO - Sync 1 DAGs
[2022-07-24 19:36:54,632] {logging_mixin.py:115} INFO - [2022-07-24 19:36:54,632] {dag.py:2915} INFO - Setting next_dagrun for example_branch_python_operator_decorator to 2022-07-23T00:00:00+00:00, run_after=2022-07-24T00:00:00+00:00
[2022-07-24 19:36:54,668] {processor.py:161} INFO - Processing /home/osboxes/.local/lib/python3.8/site-packages/airflow/example_dags/example_branch_operator_decorator.py took 0.096 seconds
[2022-07-24 19:37:30,611] {processor.py:153} INFO - Started process (PID=1354686) to work on /home/osboxes/.local/lib/python3.8/site-packages/airflow/example_dags/example_branch_operator_decorator.py
[2022-07-24 19:37:30,615] {processor.py:641} INFO - Processing file /home/osboxes/.local/lib/python3.8/site-packages/airflow/example_dags/example_branch_operator_decorator.py for tasks to queue
[2022-07-24 19:37:30,616] {logging_mixin.py:115} INFO - [2022-07-24 19:37:30,615] {dagbag.py:507} INFO - Filling up the DagBag from /home/osboxes/.local/lib/python3.8/site-packages/airflow/example_dags/example_branch_operator_decorator.py
[2022-07-24 19:37:30,632] {processor.py:651} INFO - DAG(s) dict_keys(['example_branch_python_operator_decorator']) retrieved from /home/osboxes/.local/lib/python3.8/site-packages/airflow/example_dags/example_branch_operator_decorator.py
[2022-07-24 19:37:30,650] {logging_mixin.py:115} INFO - [2022-07-24 19:37:30,650] {dag.py:2371} INFO - Sync 1 DAGs
[2022-07-24 19:37:30,666] {logging_mixin.py:115} INFO - [2022-07-24 19:37:30,666] {dag.py:2915} INFO - Setting next_dagrun for example_branch_python_operator_decorator to 2022-07-23T00:00:00+00:00, run_after=2022-07-24T00:00:00+00:00
[2022-07-24 19:37:30,703] {processor.py:161} INFO - Processing /home/osboxes/.local/lib/python3.8/site-packages/airflow/example_dags/example_branch_operator_decorator.py took 0.095 seconds
[2022-07-24 19:38:13,002] {processor.py:153} INFO - Started process (PID=1355013) to work on /home/osboxes/.local/lib/python3.8/site-packages/airflow/example_dags/example_branch_operator_decorator.py
[2022-07-24 19:38:13,003] {processor.py:641} INFO - Processing file /home/osboxes/.local/lib/python3.8/site-packages/airflow/example_dags/example_branch_operator_decorator.py for tasks to queue
[2022-07-24 19:38:13,003] {logging_mixin.py:115} INFO - [2022-07-24 19:38:13,003] {dagbag.py:507} INFO - Filling up the DagBag from /home/osboxes/.local/lib/python3.8/site-packages/airflow/example_dags/example_branch_operator_decorator.py
[2022-07-24 19:38:13,031] {processor.py:651} INFO - DAG(s) dict_keys(['example_branch_python_operator_decorator']) retrieved from /home/osboxes/.local/lib/python3.8/site-packages/airflow/example_dags/example_branch_operator_decorator.py
[2022-07-24 19:38:13,049] {logging_mixin.py:115} INFO - [2022-07-24 19:38:13,049] {dag.py:2371} INFO - Sync 1 DAGs
[2022-07-24 19:38:13,065] {logging_mixin.py:115} INFO - [2022-07-24 19:38:13,065] {dag.py:2915} INFO - Setting next_dagrun for example_branch_python_operator_decorator to 2022-07-23T00:00:00+00:00, run_after=2022-07-24T00:00:00+00:00
[2022-07-24 19:38:13,106] {processor.py:161} INFO - Processing /home/osboxes/.local/lib/python3.8/site-packages/airflow/example_dags/example_branch_operator_decorator.py took 0.107 seconds
[2022-07-24 19:38:56,306] {processor.py:153} INFO - Started process (PID=1355353) to work on /home/osboxes/.local/lib/python3.8/site-packages/airflow/example_dags/example_branch_operator_decorator.py
[2022-07-24 19:38:56,308] {processor.py:641} INFO - Processing file /home/osboxes/.local/lib/python3.8/site-packages/airflow/example_dags/example_branch_operator_decorator.py for tasks to queue
[2022-07-24 19:38:56,308] {logging_mixin.py:115} INFO - [2022-07-24 19:38:56,308] {dagbag.py:507} INFO - Filling up the DagBag from /home/osboxes/.local/lib/python3.8/site-packages/airflow/example_dags/example_branch_operator_decorator.py
[2022-07-24 19:38:56,324] {processor.py:651} INFO - DAG(s) dict_keys(['example_branch_python_operator_decorator']) retrieved from /home/osboxes/.local/lib/python3.8/site-packages/airflow/example_dags/example_branch_operator_decorator.py
[2022-07-24 19:38:56,343] {logging_mixin.py:115} INFO - [2022-07-24 19:38:56,343] {dag.py:2371} INFO - Sync 1 DAGs
[2022-07-24 19:38:56,359] {logging_mixin.py:115} INFO - [2022-07-24 19:38:56,359] {dag.py:2915} INFO - Setting next_dagrun for example_branch_python_operator_decorator to 2022-07-23T00:00:00+00:00, run_after=2022-07-24T00:00:00+00:00
[2022-07-24 19:38:56,402] {processor.py:161} INFO - Processing /home/osboxes/.local/lib/python3.8/site-packages/airflow/example_dags/example_branch_operator_decorator.py took 0.098 seconds
[2022-07-24 19:39:37,576] {processor.py:153} INFO - Started process (PID=1355734) to work on /home/osboxes/.local/lib/python3.8/site-packages/airflow/example_dags/example_branch_operator_decorator.py
[2022-07-24 19:39:37,579] {processor.py:641} INFO - Processing file /home/osboxes/.local/lib/python3.8/site-packages/airflow/example_dags/example_branch_operator_decorator.py for tasks to queue
[2022-07-24 19:39:37,580] {logging_mixin.py:115} INFO - [2022-07-24 19:39:37,580] {dagbag.py:507} INFO - Filling up the DagBag from /home/osboxes/.local/lib/python3.8/site-packages/airflow/example_dags/example_branch_operator_decorator.py
[2022-07-24 19:39:37,597] {processor.py:651} INFO - DAG(s) dict_keys(['example_branch_python_operator_decorator']) retrieved from /home/osboxes/.local/lib/python3.8/site-packages/airflow/example_dags/example_branch_operator_decorator.py
[2022-07-24 19:39:37,616] {logging_mixin.py:115} INFO - [2022-07-24 19:39:37,615] {dag.py:2371} INFO - Sync 1 DAGs
[2022-07-24 19:39:37,632] {logging_mixin.py:115} INFO - [2022-07-24 19:39:37,632] {dag.py:2915} INFO - Setting next_dagrun for example_branch_python_operator_decorator to 2022-07-23T00:00:00+00:00, run_after=2022-07-24T00:00:00+00:00
[2022-07-24 19:39:37,672] {processor.py:161} INFO - Processing /home/osboxes/.local/lib/python3.8/site-packages/airflow/example_dags/example_branch_operator_decorator.py took 0.099 seconds
[2022-07-24 19:40:38,281] {processor.py:153} INFO - Started process (PID=1356161) to work on /home/osboxes/.local/lib/python3.8/site-packages/airflow/example_dags/example_branch_operator_decorator.py
[2022-07-24 19:40:38,284] {processor.py:641} INFO - Processing file /home/osboxes/.local/lib/python3.8/site-packages/airflow/example_dags/example_branch_operator_decorator.py for tasks to queue
[2022-07-24 19:40:38,285] {logging_mixin.py:115} INFO - [2022-07-24 19:40:38,285] {dagbag.py:507} INFO - Filling up the DagBag from /home/osboxes/.local/lib/python3.8/site-packages/airflow/example_dags/example_branch_operator_decorator.py
[2022-07-24 19:40:38,319] {processor.py:651} INFO - DAG(s) dict_keys(['example_branch_python_operator_decorator']) retrieved from /home/osboxes/.local/lib/python3.8/site-packages/airflow/example_dags/example_branch_operator_decorator.py
[2022-07-24 19:40:38,364] {logging_mixin.py:115} INFO - [2022-07-24 19:40:38,364] {dag.py:2371} INFO - Sync 1 DAGs
[2022-07-24 19:40:38,384] {logging_mixin.py:115} INFO - [2022-07-24 19:40:38,384] {dag.py:2915} INFO - Setting next_dagrun for example_branch_python_operator_decorator to 2022-07-23T00:00:00+00:00, run_after=2022-07-24T00:00:00+00:00
[2022-07-24 19:40:38,410] {processor.py:161} INFO - Processing /home/osboxes/.local/lib/python3.8/site-packages/airflow/example_dags/example_branch_operator_decorator.py took 0.133 seconds
[2022-07-24 19:41:16,772] {processor.py:153} INFO - Started process (PID=1356476) to work on /home/osboxes/.local/lib/python3.8/site-packages/airflow/example_dags/example_branch_operator_decorator.py
[2022-07-24 19:41:16,773] {processor.py:641} INFO - Processing file /home/osboxes/.local/lib/python3.8/site-packages/airflow/example_dags/example_branch_operator_decorator.py for tasks to queue
[2022-07-24 19:41:16,774] {logging_mixin.py:115} INFO - [2022-07-24 19:41:16,774] {dagbag.py:507} INFO - Filling up the DagBag from /home/osboxes/.local/lib/python3.8/site-packages/airflow/example_dags/example_branch_operator_decorator.py
[2022-07-24 19:41:16,790] {processor.py:651} INFO - DAG(s) dict_keys(['example_branch_python_operator_decorator']) retrieved from /home/osboxes/.local/lib/python3.8/site-packages/airflow/example_dags/example_branch_operator_decorator.py
[2022-07-24 19:41:16,805] {logging_mixin.py:115} INFO - [2022-07-24 19:41:16,805] {dag.py:2371} INFO - Sync 1 DAGs
[2022-07-24 19:41:16,820] {logging_mixin.py:115} INFO - [2022-07-24 19:41:16,820] {dag.py:2915} INFO - Setting next_dagrun for example_branch_python_operator_decorator to 2022-07-23T00:00:00+00:00, run_after=2022-07-24T00:00:00+00:00
[2022-07-24 19:41:16,847] {processor.py:161} INFO - Processing /home/osboxes/.local/lib/python3.8/site-packages/airflow/example_dags/example_branch_operator_decorator.py took 0.078 seconds
[2022-07-24 19:41:57,094] {processor.py:153} INFO - Started process (PID=1356797) to work on /home/osboxes/.local/lib/python3.8/site-packages/airflow/example_dags/example_branch_operator_decorator.py
[2022-07-24 19:41:57,099] {processor.py:641} INFO - Processing file /home/osboxes/.local/lib/python3.8/site-packages/airflow/example_dags/example_branch_operator_decorator.py for tasks to queue
[2022-07-24 19:41:57,099] {logging_mixin.py:115} INFO - [2022-07-24 19:41:57,099] {dagbag.py:507} INFO - Filling up the DagBag from /home/osboxes/.local/lib/python3.8/site-packages/airflow/example_dags/example_branch_operator_decorator.py
[2022-07-24 19:41:57,114] {processor.py:651} INFO - DAG(s) dict_keys(['example_branch_python_operator_decorator']) retrieved from /home/osboxes/.local/lib/python3.8/site-packages/airflow/example_dags/example_branch_operator_decorator.py
[2022-07-24 19:41:57,129] {logging_mixin.py:115} INFO - [2022-07-24 19:41:57,128] {dag.py:2371} INFO - Sync 1 DAGs
[2022-07-24 19:41:57,143] {logging_mixin.py:115} INFO - [2022-07-24 19:41:57,143] {dag.py:2915} INFO - Setting next_dagrun for example_branch_python_operator_decorator to 2022-07-23T00:00:00+00:00, run_after=2022-07-24T00:00:00+00:00
[2022-07-24 19:41:57,186] {processor.py:161} INFO - Processing /home/osboxes/.local/lib/python3.8/site-packages/airflow/example_dags/example_branch_operator_decorator.py took 0.094 seconds
[2022-07-24 19:42:33,904] {processor.py:153} INFO - Started process (PID=1357079) to work on /home/osboxes/.local/lib/python3.8/site-packages/airflow/example_dags/example_branch_operator_decorator.py
[2022-07-24 19:42:33,906] {processor.py:641} INFO - Processing file /home/osboxes/.local/lib/python3.8/site-packages/airflow/example_dags/example_branch_operator_decorator.py for tasks to queue
[2022-07-24 19:42:33,907] {logging_mixin.py:115} INFO - [2022-07-24 19:42:33,906] {dagbag.py:507} INFO - Filling up the DagBag from /home/osboxes/.local/lib/python3.8/site-packages/airflow/example_dags/example_branch_operator_decorator.py
[2022-07-24 19:42:33,921] {processor.py:651} INFO - DAG(s) dict_keys(['example_branch_python_operator_decorator']) retrieved from /home/osboxes/.local/lib/python3.8/site-packages/airflow/example_dags/example_branch_operator_decorator.py
[2022-07-24 19:42:33,940] {logging_mixin.py:115} INFO - [2022-07-24 19:42:33,940] {dag.py:2371} INFO - Sync 1 DAGs
[2022-07-24 19:42:33,953] {logging_mixin.py:115} INFO - [2022-07-24 19:42:33,953] {dag.py:2915} INFO - Setting next_dagrun for example_branch_python_operator_decorator to 2022-07-23T00:00:00+00:00, run_after=2022-07-24T00:00:00+00:00
[2022-07-24 19:42:33,996] {processor.py:161} INFO - Processing /home/osboxes/.local/lib/python3.8/site-packages/airflow/example_dags/example_branch_operator_decorator.py took 0.095 seconds
[2022-07-24 19:43:14,596] {processor.py:153} INFO - Started process (PID=1357403) to work on /home/osboxes/.local/lib/python3.8/site-packages/airflow/example_dags/example_branch_operator_decorator.py
[2022-07-24 19:43:14,603] {processor.py:641} INFO - Processing file /home/osboxes/.local/lib/python3.8/site-packages/airflow/example_dags/example_branch_operator_decorator.py for tasks to queue
[2022-07-24 19:43:14,604] {logging_mixin.py:115} INFO - [2022-07-24 19:43:14,604] {dagbag.py:507} INFO - Filling up the DagBag from /home/osboxes/.local/lib/python3.8/site-packages/airflow/example_dags/example_branch_operator_decorator.py
[2022-07-24 19:43:14,622] {processor.py:651} INFO - DAG(s) dict_keys(['example_branch_python_operator_decorator']) retrieved from /home/osboxes/.local/lib/python3.8/site-packages/airflow/example_dags/example_branch_operator_decorator.py
[2022-07-24 19:43:14,649] {logging_mixin.py:115} INFO - [2022-07-24 19:43:14,649] {dag.py:2371} INFO - Sync 1 DAGs
[2022-07-24 19:43:14,672] {logging_mixin.py:115} INFO - [2022-07-24 19:43:14,672] {dag.py:2915} INFO - Setting next_dagrun for example_branch_python_operator_decorator to 2022-07-23T00:00:00+00:00, run_after=2022-07-24T00:00:00+00:00
[2022-07-24 19:43:14,706] {processor.py:161} INFO - Processing /home/osboxes/.local/lib/python3.8/site-packages/airflow/example_dags/example_branch_operator_decorator.py took 0.112 seconds
[2022-07-24 19:43:52,699] {processor.py:153} INFO - Started process (PID=1357692) to work on /home/osboxes/.local/lib/python3.8/site-packages/airflow/example_dags/example_branch_operator_decorator.py
[2022-07-24 19:43:52,701] {processor.py:641} INFO - Processing file /home/osboxes/.local/lib/python3.8/site-packages/airflow/example_dags/example_branch_operator_decorator.py for tasks to queue
[2022-07-24 19:43:52,702] {logging_mixin.py:115} INFO - [2022-07-24 19:43:52,702] {dagbag.py:507} INFO - Filling up the DagBag from /home/osboxes/.local/lib/python3.8/site-packages/airflow/example_dags/example_branch_operator_decorator.py
[2022-07-24 19:43:52,731] {processor.py:651} INFO - DAG(s) dict_keys(['example_branch_python_operator_decorator']) retrieved from /home/osboxes/.local/lib/python3.8/site-packages/airflow/example_dags/example_branch_operator_decorator.py
[2022-07-24 19:43:52,748] {logging_mixin.py:115} INFO - [2022-07-24 19:43:52,748] {dag.py:2371} INFO - Sync 1 DAGs
[2022-07-24 19:43:52,766] {logging_mixin.py:115} INFO - [2022-07-24 19:43:52,766] {dag.py:2915} INFO - Setting next_dagrun for example_branch_python_operator_decorator to 2022-07-23T00:00:00+00:00, run_after=2022-07-24T00:00:00+00:00
[2022-07-24 19:43:52,795] {processor.py:161} INFO - Processing /home/osboxes/.local/lib/python3.8/site-packages/airflow/example_dags/example_branch_operator_decorator.py took 0.099 seconds
[2022-07-24 19:44:31,570] {processor.py:153} INFO - Started process (PID=1358037) to work on /home/osboxes/.local/lib/python3.8/site-packages/airflow/example_dags/example_branch_operator_decorator.py
[2022-07-24 19:44:31,573] {processor.py:641} INFO - Processing file /home/osboxes/.local/lib/python3.8/site-packages/airflow/example_dags/example_branch_operator_decorator.py for tasks to queue
[2022-07-24 19:44:31,573] {logging_mixin.py:115} INFO - [2022-07-24 19:44:31,573] {dagbag.py:507} INFO - Filling up the DagBag from /home/osboxes/.local/lib/python3.8/site-packages/airflow/example_dags/example_branch_operator_decorator.py
[2022-07-24 19:44:31,589] {processor.py:651} INFO - DAG(s) dict_keys(['example_branch_python_operator_decorator']) retrieved from /home/osboxes/.local/lib/python3.8/site-packages/airflow/example_dags/example_branch_operator_decorator.py
[2022-07-24 19:44:31,608] {logging_mixin.py:115} INFO - [2022-07-24 19:44:31,608] {dag.py:2371} INFO - Sync 1 DAGs
[2022-07-24 19:44:31,621] {logging_mixin.py:115} INFO - [2022-07-24 19:44:31,621] {dag.py:2915} INFO - Setting next_dagrun for example_branch_python_operator_decorator to 2022-07-23T00:00:00+00:00, run_after=2022-07-24T00:00:00+00:00
[2022-07-24 19:44:31,646] {processor.py:161} INFO - Processing /home/osboxes/.local/lib/python3.8/site-packages/airflow/example_dags/example_branch_operator_decorator.py took 0.088 seconds
[2022-07-24 19:45:09,899] {processor.py:153} INFO - Started process (PID=1358366) to work on /home/osboxes/.local/lib/python3.8/site-packages/airflow/example_dags/example_branch_operator_decorator.py
[2022-07-24 19:45:09,901] {processor.py:641} INFO - Processing file /home/osboxes/.local/lib/python3.8/site-packages/airflow/example_dags/example_branch_operator_decorator.py for tasks to queue
[2022-07-24 19:45:09,902] {logging_mixin.py:115} INFO - [2022-07-24 19:45:09,902] {dagbag.py:507} INFO - Filling up the DagBag from /home/osboxes/.local/lib/python3.8/site-packages/airflow/example_dags/example_branch_operator_decorator.py
[2022-07-24 19:45:09,916] {processor.py:651} INFO - DAG(s) dict_keys(['example_branch_python_operator_decorator']) retrieved from /home/osboxes/.local/lib/python3.8/site-packages/airflow/example_dags/example_branch_operator_decorator.py
[2022-07-24 19:45:09,933] {logging_mixin.py:115} INFO - [2022-07-24 19:45:09,932] {dag.py:2371} INFO - Sync 1 DAGs
[2022-07-24 19:45:09,946] {logging_mixin.py:115} INFO - [2022-07-24 19:45:09,946] {dag.py:2915} INFO - Setting next_dagrun for example_branch_python_operator_decorator to 2022-07-23T00:00:00+00:00, run_after=2022-07-24T00:00:00+00:00
[2022-07-24 19:45:09,973] {processor.py:161} INFO - Processing /home/osboxes/.local/lib/python3.8/site-packages/airflow/example_dags/example_branch_operator_decorator.py took 0.077 seconds
[2022-07-24 19:45:51,579] {processor.py:153} INFO - Started process (PID=1358698) to work on /home/osboxes/.local/lib/python3.8/site-packages/airflow/example_dags/example_branch_operator_decorator.py
[2022-07-24 19:45:51,581] {processor.py:641} INFO - Processing file /home/osboxes/.local/lib/python3.8/site-packages/airflow/example_dags/example_branch_operator_decorator.py for tasks to queue
[2022-07-24 19:45:51,582] {logging_mixin.py:115} INFO - [2022-07-24 19:45:51,582] {dagbag.py:507} INFO - Filling up the DagBag from /home/osboxes/.local/lib/python3.8/site-packages/airflow/example_dags/example_branch_operator_decorator.py
[2022-07-24 19:45:51,596] {processor.py:651} INFO - DAG(s) dict_keys(['example_branch_python_operator_decorator']) retrieved from /home/osboxes/.local/lib/python3.8/site-packages/airflow/example_dags/example_branch_operator_decorator.py
[2022-07-24 19:45:51,612] {logging_mixin.py:115} INFO - [2022-07-24 19:45:51,612] {dag.py:2371} INFO - Sync 1 DAGs
[2022-07-24 19:45:51,625] {logging_mixin.py:115} INFO - [2022-07-24 19:45:51,624] {dag.py:2915} INFO - Setting next_dagrun for example_branch_python_operator_decorator to 2022-07-23T00:00:00+00:00, run_after=2022-07-24T00:00:00+00:00
[2022-07-24 19:45:51,674] {processor.py:161} INFO - Processing /home/osboxes/.local/lib/python3.8/site-packages/airflow/example_dags/example_branch_operator_decorator.py took 0.098 seconds
[2022-07-24 19:46:26,997] {processor.py:153} INFO - Started process (PID=1358982) to work on /home/osboxes/.local/lib/python3.8/site-packages/airflow/example_dags/example_branch_operator_decorator.py
[2022-07-24 19:46:26,999] {processor.py:641} INFO - Processing file /home/osboxes/.local/lib/python3.8/site-packages/airflow/example_dags/example_branch_operator_decorator.py for tasks to queue
[2022-07-24 19:46:26,999] {logging_mixin.py:115} INFO - [2022-07-24 19:46:26,999] {dagbag.py:507} INFO - Filling up the DagBag from /home/osboxes/.local/lib/python3.8/site-packages/airflow/example_dags/example_branch_operator_decorator.py
[2022-07-24 19:46:27,015] {processor.py:651} INFO - DAG(s) dict_keys(['example_branch_python_operator_decorator']) retrieved from /home/osboxes/.local/lib/python3.8/site-packages/airflow/example_dags/example_branch_operator_decorator.py
[2022-07-24 19:46:27,030] {logging_mixin.py:115} INFO - [2022-07-24 19:46:27,030] {dag.py:2371} INFO - Sync 1 DAGs
[2022-07-24 19:46:27,044] {logging_mixin.py:115} INFO - [2022-07-24 19:46:27,044] {dag.py:2915} INFO - Setting next_dagrun for example_branch_python_operator_decorator to 2022-07-23T00:00:00+00:00, run_after=2022-07-24T00:00:00+00:00
[2022-07-24 19:46:27,072] {processor.py:161} INFO - Processing /home/osboxes/.local/lib/python3.8/site-packages/airflow/example_dags/example_branch_operator_decorator.py took 0.077 seconds
[2022-07-24 19:47:00,945] {processor.py:153} INFO - Started process (PID=1359234) to work on /home/osboxes/.local/lib/python3.8/site-packages/airflow/example_dags/example_branch_operator_decorator.py
[2022-07-24 19:47:00,950] {processor.py:641} INFO - Processing file /home/osboxes/.local/lib/python3.8/site-packages/airflow/example_dags/example_branch_operator_decorator.py for tasks to queue
[2022-07-24 19:47:00,951] {logging_mixin.py:115} INFO - [2022-07-24 19:47:00,951] {dagbag.py:507} INFO - Filling up the DagBag from /home/osboxes/.local/lib/python3.8/site-packages/airflow/example_dags/example_branch_operator_decorator.py
[2022-07-24 19:47:00,976] {processor.py:651} INFO - DAG(s) dict_keys(['example_branch_python_operator_decorator']) retrieved from /home/osboxes/.local/lib/python3.8/site-packages/airflow/example_dags/example_branch_operator_decorator.py
[2022-07-24 19:47:00,999] {logging_mixin.py:115} INFO - [2022-07-24 19:47:00,999] {dag.py:2371} INFO - Sync 1 DAGs
[2022-07-24 19:47:01,038] {logging_mixin.py:115} INFO - [2022-07-24 19:47:01,038] {dag.py:2915} INFO - Setting next_dagrun for example_branch_python_operator_decorator to 2022-07-23T00:00:00+00:00, run_after=2022-07-24T00:00:00+00:00
[2022-07-24 19:47:01,791] {processor.py:161} INFO - Processing /home/osboxes/.local/lib/python3.8/site-packages/airflow/example_dags/example_branch_operator_decorator.py took 0.848 seconds
[2022-07-24 19:47:41,557] {processor.py:153} INFO - Started process (PID=1359558) to work on /home/osboxes/.local/lib/python3.8/site-packages/airflow/example_dags/example_branch_operator_decorator.py
[2022-07-24 19:47:41,558] {processor.py:641} INFO - Processing file /home/osboxes/.local/lib/python3.8/site-packages/airflow/example_dags/example_branch_operator_decorator.py for tasks to queue
[2022-07-24 19:47:41,558] {logging_mixin.py:115} INFO - [2022-07-24 19:47:41,558] {dagbag.py:507} INFO - Filling up the DagBag from /home/osboxes/.local/lib/python3.8/site-packages/airflow/example_dags/example_branch_operator_decorator.py
[2022-07-24 19:47:41,574] {processor.py:651} INFO - DAG(s) dict_keys(['example_branch_python_operator_decorator']) retrieved from /home/osboxes/.local/lib/python3.8/site-packages/airflow/example_dags/example_branch_operator_decorator.py
[2022-07-24 19:47:41,592] {logging_mixin.py:115} INFO - [2022-07-24 19:47:41,592] {dag.py:2371} INFO - Sync 1 DAGs
[2022-07-24 19:47:41,605] {logging_mixin.py:115} INFO - [2022-07-24 19:47:41,605] {dag.py:2915} INFO - Setting next_dagrun for example_branch_python_operator_decorator to 2022-07-23T00:00:00+00:00, run_after=2022-07-24T00:00:00+00:00
[2022-07-24 19:47:41,642] {processor.py:161} INFO - Processing /home/osboxes/.local/lib/python3.8/site-packages/airflow/example_dags/example_branch_operator_decorator.py took 0.088 seconds
[2022-07-24 19:48:21,450] {processor.py:153} INFO - Started process (PID=1359876) to work on /home/osboxes/.local/lib/python3.8/site-packages/airflow/example_dags/example_branch_operator_decorator.py
[2022-07-24 19:48:21,453] {processor.py:641} INFO - Processing file /home/osboxes/.local/lib/python3.8/site-packages/airflow/example_dags/example_branch_operator_decorator.py for tasks to queue
[2022-07-24 19:48:21,454] {logging_mixin.py:115} INFO - [2022-07-24 19:48:21,454] {dagbag.py:507} INFO - Filling up the DagBag from /home/osboxes/.local/lib/python3.8/site-packages/airflow/example_dags/example_branch_operator_decorator.py
[2022-07-24 19:48:21,470] {processor.py:651} INFO - DAG(s) dict_keys(['example_branch_python_operator_decorator']) retrieved from /home/osboxes/.local/lib/python3.8/site-packages/airflow/example_dags/example_branch_operator_decorator.py
[2022-07-24 19:48:21,499] {logging_mixin.py:115} INFO - [2022-07-24 19:48:21,499] {dag.py:2371} INFO - Sync 1 DAGs
[2022-07-24 19:48:21,519] {logging_mixin.py:115} INFO - [2022-07-24 19:48:21,519] {dag.py:2915} INFO - Setting next_dagrun for example_branch_python_operator_decorator to 2022-07-23T00:00:00+00:00, run_after=2022-07-24T00:00:00+00:00
[2022-07-24 19:48:21,555] {processor.py:161} INFO - Processing /home/osboxes/.local/lib/python3.8/site-packages/airflow/example_dags/example_branch_operator_decorator.py took 0.108 seconds
[2022-07-24 19:48:57,934] {processor.py:153} INFO - Started process (PID=1360160) to work on /home/osboxes/.local/lib/python3.8/site-packages/airflow/example_dags/example_branch_operator_decorator.py
[2022-07-24 19:48:57,935] {processor.py:641} INFO - Processing file /home/osboxes/.local/lib/python3.8/site-packages/airflow/example_dags/example_branch_operator_decorator.py for tasks to queue
[2022-07-24 19:48:57,936] {logging_mixin.py:115} INFO - [2022-07-24 19:48:57,936] {dagbag.py:507} INFO - Filling up the DagBag from /home/osboxes/.local/lib/python3.8/site-packages/airflow/example_dags/example_branch_operator_decorator.py
[2022-07-24 19:48:57,953] {processor.py:651} INFO - DAG(s) dict_keys(['example_branch_python_operator_decorator']) retrieved from /home/osboxes/.local/lib/python3.8/site-packages/airflow/example_dags/example_branch_operator_decorator.py
[2022-07-24 19:48:57,969] {logging_mixin.py:115} INFO - [2022-07-24 19:48:57,969] {dag.py:2371} INFO - Sync 1 DAGs
[2022-07-24 19:48:57,983] {logging_mixin.py:115} INFO - [2022-07-24 19:48:57,983] {dag.py:2915} INFO - Setting next_dagrun for example_branch_python_operator_decorator to 2022-07-23T00:00:00+00:00, run_after=2022-07-24T00:00:00+00:00
[2022-07-24 19:48:58,009] {processor.py:161} INFO - Processing /home/osboxes/.local/lib/python3.8/site-packages/airflow/example_dags/example_branch_operator_decorator.py took 0.077 seconds
[2022-07-24 19:49:31,868] {processor.py:153} INFO - Started process (PID=1360486) to work on /home/osboxes/.local/lib/python3.8/site-packages/airflow/example_dags/example_branch_operator_decorator.py
[2022-07-24 19:49:31,870] {processor.py:641} INFO - Processing file /home/osboxes/.local/lib/python3.8/site-packages/airflow/example_dags/example_branch_operator_decorator.py for tasks to queue
[2022-07-24 19:49:31,870] {logging_mixin.py:115} INFO - [2022-07-24 19:49:31,870] {dagbag.py:507} INFO - Filling up the DagBag from /home/osboxes/.local/lib/python3.8/site-packages/airflow/example_dags/example_branch_operator_decorator.py
[2022-07-24 19:49:31,886] {processor.py:651} INFO - DAG(s) dict_keys(['example_branch_python_operator_decorator']) retrieved from /home/osboxes/.local/lib/python3.8/site-packages/airflow/example_dags/example_branch_operator_decorator.py
[2022-07-24 19:49:31,902] {logging_mixin.py:115} INFO - [2022-07-24 19:49:31,902] {dag.py:2371} INFO - Sync 1 DAGs
[2022-07-24 19:49:31,917] {logging_mixin.py:115} INFO - [2022-07-24 19:49:31,917] {dag.py:2915} INFO - Setting next_dagrun for example_branch_python_operator_decorator to 2022-07-23T00:00:00+00:00, run_after=2022-07-24T00:00:00+00:00
[2022-07-24 19:49:32,124] {processor.py:161} INFO - Processing /home/osboxes/.local/lib/python3.8/site-packages/airflow/example_dags/example_branch_operator_decorator.py took 0.258 seconds
[2022-07-24 19:50:09,386] {processor.py:153} INFO - Started process (PID=1360771) to work on /home/osboxes/.local/lib/python3.8/site-packages/airflow/example_dags/example_branch_operator_decorator.py
[2022-07-24 19:50:09,388] {processor.py:641} INFO - Processing file /home/osboxes/.local/lib/python3.8/site-packages/airflow/example_dags/example_branch_operator_decorator.py for tasks to queue
[2022-07-24 19:50:09,388] {logging_mixin.py:115} INFO - [2022-07-24 19:50:09,388] {dagbag.py:507} INFO - Filling up the DagBag from /home/osboxes/.local/lib/python3.8/site-packages/airflow/example_dags/example_branch_operator_decorator.py
[2022-07-24 19:50:09,404] {processor.py:651} INFO - DAG(s) dict_keys(['example_branch_python_operator_decorator']) retrieved from /home/osboxes/.local/lib/python3.8/site-packages/airflow/example_dags/example_branch_operator_decorator.py
[2022-07-24 19:50:09,421] {logging_mixin.py:115} INFO - [2022-07-24 19:50:09,421] {dag.py:2371} INFO - Sync 1 DAGs
[2022-07-24 19:50:09,434] {logging_mixin.py:115} INFO - [2022-07-24 19:50:09,434] {dag.py:2915} INFO - Setting next_dagrun for example_branch_python_operator_decorator to 2022-07-23T00:00:00+00:00, run_after=2022-07-24T00:00:00+00:00
[2022-07-24 19:50:09,471] {processor.py:161} INFO - Processing /home/osboxes/.local/lib/python3.8/site-packages/airflow/example_dags/example_branch_operator_decorator.py took 0.087 seconds
[2022-07-24 19:50:45,511] {processor.py:153} INFO - Started process (PID=1361069) to work on /home/osboxes/.local/lib/python3.8/site-packages/airflow/example_dags/example_branch_operator_decorator.py
[2022-07-24 19:50:45,512] {processor.py:641} INFO - Processing file /home/osboxes/.local/lib/python3.8/site-packages/airflow/example_dags/example_branch_operator_decorator.py for tasks to queue
[2022-07-24 19:50:45,513] {logging_mixin.py:115} INFO - [2022-07-24 19:50:45,513] {dagbag.py:507} INFO - Filling up the DagBag from /home/osboxes/.local/lib/python3.8/site-packages/airflow/example_dags/example_branch_operator_decorator.py
[2022-07-24 19:50:45,530] {processor.py:651} INFO - DAG(s) dict_keys(['example_branch_python_operator_decorator']) retrieved from /home/osboxes/.local/lib/python3.8/site-packages/airflow/example_dags/example_branch_operator_decorator.py
[2022-07-24 19:50:45,547] {logging_mixin.py:115} INFO - [2022-07-24 19:50:45,547] {dag.py:2371} INFO - Sync 1 DAGs
[2022-07-24 19:50:45,560] {logging_mixin.py:115} INFO - [2022-07-24 19:50:45,559] {dag.py:2915} INFO - Setting next_dagrun for example_branch_python_operator_decorator to 2022-07-23T00:00:00+00:00, run_after=2022-07-24T00:00:00+00:00
[2022-07-24 19:50:45,585] {processor.py:161} INFO - Processing /home/osboxes/.local/lib/python3.8/site-packages/airflow/example_dags/example_branch_operator_decorator.py took 0.076 seconds
[2022-07-24 19:51:25,802] {processor.py:153} INFO - Started process (PID=1361392) to work on /home/osboxes/.local/lib/python3.8/site-packages/airflow/example_dags/example_branch_operator_decorator.py
[2022-07-24 19:51:25,803] {processor.py:641} INFO - Processing file /home/osboxes/.local/lib/python3.8/site-packages/airflow/example_dags/example_branch_operator_decorator.py for tasks to queue
[2022-07-24 19:51:25,804] {logging_mixin.py:115} INFO - [2022-07-24 19:51:25,804] {dagbag.py:507} INFO - Filling up the DagBag from /home/osboxes/.local/lib/python3.8/site-packages/airflow/example_dags/example_branch_operator_decorator.py
[2022-07-24 19:51:25,818] {processor.py:651} INFO - DAG(s) dict_keys(['example_branch_python_operator_decorator']) retrieved from /home/osboxes/.local/lib/python3.8/site-packages/airflow/example_dags/example_branch_operator_decorator.py
[2022-07-24 19:51:25,834] {logging_mixin.py:115} INFO - [2022-07-24 19:51:25,833] {dag.py:2371} INFO - Sync 1 DAGs
[2022-07-24 19:51:25,847] {logging_mixin.py:115} INFO - [2022-07-24 19:51:25,847] {dag.py:2915} INFO - Setting next_dagrun for example_branch_python_operator_decorator to 2022-07-23T00:00:00+00:00, run_after=2022-07-24T00:00:00+00:00
[2022-07-24 19:51:25,875] {processor.py:161} INFO - Processing /home/osboxes/.local/lib/python3.8/site-packages/airflow/example_dags/example_branch_operator_decorator.py took 0.075 seconds
