[2022-07-24 19:10:41,569] {processor.py:153} INFO - Started process (PID=1341853) to work on /home/osboxes/.local/lib/python3.8/site-packages/airflow/example_dags/example_external_task_marker_dag.py
[2022-07-24 19:10:41,570] {processor.py:641} INFO - Processing file /home/osboxes/.local/lib/python3.8/site-packages/airflow/example_dags/example_external_task_marker_dag.py for tasks to queue
[2022-07-24 19:10:41,570] {logging_mixin.py:115} INFO - [2022-07-24 19:10:41,570] {dagbag.py:507} INFO - Filling up the DagBag from /home/osboxes/.local/lib/python3.8/site-packages/airflow/example_dags/example_external_task_marker_dag.py
[2022-07-24 19:10:41,574] {processor.py:651} INFO - DAG(s) dict_keys(['example_external_task_marker_parent', 'example_external_task_marker_child']) retrieved from /home/osboxes/.local/lib/python3.8/site-packages/airflow/example_dags/example_external_task_marker_dag.py
[2022-07-24 19:10:41,613] {logging_mixin.py:115} INFO - [2022-07-24 19:10:41,613] {dag.py:2371} INFO - Sync 2 DAGs
[2022-07-24 19:10:41,626] {logging_mixin.py:115} INFO - [2022-07-24 19:10:41,625] {dag.py:2915} INFO - Setting next_dagrun for example_external_task_marker_child to None, run_after=None
[2022-07-24 19:10:41,626] {logging_mixin.py:115} INFO - [2022-07-24 19:10:41,626] {dag.py:2915} INFO - Setting next_dagrun for example_external_task_marker_parent to None, run_after=None
[2022-07-24 19:10:41,661] {processor.py:161} INFO - Processing /home/osboxes/.local/lib/python3.8/site-packages/airflow/example_dags/example_external_task_marker_dag.py took 0.094 seconds
[2022-07-24 19:11:21,650] {processor.py:153} INFO - Started process (PID=1342147) to work on /home/osboxes/.local/lib/python3.8/site-packages/airflow/example_dags/example_external_task_marker_dag.py
[2022-07-24 19:11:21,655] {processor.py:641} INFO - Processing file /home/osboxes/.local/lib/python3.8/site-packages/airflow/example_dags/example_external_task_marker_dag.py for tasks to queue
[2022-07-24 19:11:21,656] {logging_mixin.py:115} INFO - [2022-07-24 19:11:21,656] {dagbag.py:507} INFO - Filling up the DagBag from /home/osboxes/.local/lib/python3.8/site-packages/airflow/example_dags/example_external_task_marker_dag.py
[2022-07-24 19:11:21,659] {processor.py:651} INFO - DAG(s) dict_keys(['example_external_task_marker_parent', 'example_external_task_marker_child']) retrieved from /home/osboxes/.local/lib/python3.8/site-packages/airflow/example_dags/example_external_task_marker_dag.py
[2022-07-24 19:11:21,694] {logging_mixin.py:115} INFO - [2022-07-24 19:11:21,694] {dag.py:2371} INFO - Sync 2 DAGs
[2022-07-24 19:11:21,726] {logging_mixin.py:115} INFO - [2022-07-24 19:11:21,726] {dag.py:2915} INFO - Setting next_dagrun for example_external_task_marker_child to None, run_after=None
[2022-07-24 19:11:21,726] {logging_mixin.py:115} INFO - [2022-07-24 19:11:21,726] {dag.py:2915} INFO - Setting next_dagrun for example_external_task_marker_parent to None, run_after=None
[2022-07-24 19:11:21,756] {processor.py:161} INFO - Processing /home/osboxes/.local/lib/python3.8/site-packages/airflow/example_dags/example_external_task_marker_dag.py took 0.108 seconds
[2022-07-24 19:12:02,585] {processor.py:153} INFO - Started process (PID=1342469) to work on /home/osboxes/.local/lib/python3.8/site-packages/airflow/example_dags/example_external_task_marker_dag.py
[2022-07-24 19:12:02,587] {processor.py:641} INFO - Processing file /home/osboxes/.local/lib/python3.8/site-packages/airflow/example_dags/example_external_task_marker_dag.py for tasks to queue
[2022-07-24 19:12:02,588] {logging_mixin.py:115} INFO - [2022-07-24 19:12:02,588] {dagbag.py:507} INFO - Filling up the DagBag from /home/osboxes/.local/lib/python3.8/site-packages/airflow/example_dags/example_external_task_marker_dag.py
[2022-07-24 19:12:02,592] {processor.py:651} INFO - DAG(s) dict_keys(['example_external_task_marker_parent', 'example_external_task_marker_child']) retrieved from /home/osboxes/.local/lib/python3.8/site-packages/airflow/example_dags/example_external_task_marker_dag.py
[2022-07-24 19:12:02,632] {logging_mixin.py:115} INFO - [2022-07-24 19:12:02,632] {dag.py:2371} INFO - Sync 2 DAGs
[2022-07-24 19:12:02,647] {logging_mixin.py:115} INFO - [2022-07-24 19:12:02,646] {dag.py:2915} INFO - Setting next_dagrun for example_external_task_marker_child to None, run_after=None
[2022-07-24 19:12:02,647] {logging_mixin.py:115} INFO - [2022-07-24 19:12:02,647] {dag.py:2915} INFO - Setting next_dagrun for example_external_task_marker_parent to None, run_after=None
[2022-07-24 19:12:02,679] {processor.py:161} INFO - Processing /home/osboxes/.local/lib/python3.8/site-packages/airflow/example_dags/example_external_task_marker_dag.py took 0.096 seconds
[2022-07-24 19:12:40,543] {processor.py:153} INFO - Started process (PID=1342767) to work on /home/osboxes/.local/lib/python3.8/site-packages/airflow/example_dags/example_external_task_marker_dag.py
[2022-07-24 19:12:40,545] {processor.py:641} INFO - Processing file /home/osboxes/.local/lib/python3.8/site-packages/airflow/example_dags/example_external_task_marker_dag.py for tasks to queue
[2022-07-24 19:12:40,546] {logging_mixin.py:115} INFO - [2022-07-24 19:12:40,546] {dagbag.py:507} INFO - Filling up the DagBag from /home/osboxes/.local/lib/python3.8/site-packages/airflow/example_dags/example_external_task_marker_dag.py
[2022-07-24 19:12:40,549] {processor.py:651} INFO - DAG(s) dict_keys(['example_external_task_marker_parent', 'example_external_task_marker_child']) retrieved from /home/osboxes/.local/lib/python3.8/site-packages/airflow/example_dags/example_external_task_marker_dag.py
[2022-07-24 19:12:40,589] {logging_mixin.py:115} INFO - [2022-07-24 19:12:40,588] {dag.py:2371} INFO - Sync 2 DAGs
[2022-07-24 19:12:40,602] {logging_mixin.py:115} INFO - [2022-07-24 19:12:40,602] {dag.py:2915} INFO - Setting next_dagrun for example_external_task_marker_child to None, run_after=None
[2022-07-24 19:12:40,602] {logging_mixin.py:115} INFO - [2022-07-24 19:12:40,602] {dag.py:2915} INFO - Setting next_dagrun for example_external_task_marker_parent to None, run_after=None
[2022-07-24 19:12:40,642] {processor.py:161} INFO - Processing /home/osboxes/.local/lib/python3.8/site-packages/airflow/example_dags/example_external_task_marker_dag.py took 0.101 seconds
[2022-07-24 19:13:21,226] {processor.py:153} INFO - Started process (PID=1343089) to work on /home/osboxes/.local/lib/python3.8/site-packages/airflow/example_dags/example_external_task_marker_dag.py
[2022-07-24 19:13:21,230] {processor.py:641} INFO - Processing file /home/osboxes/.local/lib/python3.8/site-packages/airflow/example_dags/example_external_task_marker_dag.py for tasks to queue
[2022-07-24 19:13:21,231] {logging_mixin.py:115} INFO - [2022-07-24 19:13:21,231] {dagbag.py:507} INFO - Filling up the DagBag from /home/osboxes/.local/lib/python3.8/site-packages/airflow/example_dags/example_external_task_marker_dag.py
[2022-07-24 19:13:21,235] {processor.py:651} INFO - DAG(s) dict_keys(['example_external_task_marker_parent', 'example_external_task_marker_child']) retrieved from /home/osboxes/.local/lib/python3.8/site-packages/airflow/example_dags/example_external_task_marker_dag.py
[2022-07-24 19:13:21,276] {logging_mixin.py:115} INFO - [2022-07-24 19:13:21,276] {dag.py:2371} INFO - Sync 2 DAGs
[2022-07-24 19:13:21,290] {logging_mixin.py:115} INFO - [2022-07-24 19:13:21,290] {dag.py:2915} INFO - Setting next_dagrun for example_external_task_marker_child to None, run_after=None
[2022-07-24 19:13:21,290] {logging_mixin.py:115} INFO - [2022-07-24 19:13:21,290] {dag.py:2915} INFO - Setting next_dagrun for example_external_task_marker_parent to None, run_after=None
[2022-07-24 19:13:21,319] {processor.py:161} INFO - Processing /home/osboxes/.local/lib/python3.8/site-packages/airflow/example_dags/example_external_task_marker_dag.py took 0.095 seconds
[2022-07-24 19:13:58,862] {processor.py:153} INFO - Started process (PID=1343378) to work on /home/osboxes/.local/lib/python3.8/site-packages/airflow/example_dags/example_external_task_marker_dag.py
[2022-07-24 19:13:58,864] {processor.py:641} INFO - Processing file /home/osboxes/.local/lib/python3.8/site-packages/airflow/example_dags/example_external_task_marker_dag.py for tasks to queue
[2022-07-24 19:13:58,865] {logging_mixin.py:115} INFO - [2022-07-24 19:13:58,865] {dagbag.py:507} INFO - Filling up the DagBag from /home/osboxes/.local/lib/python3.8/site-packages/airflow/example_dags/example_external_task_marker_dag.py
[2022-07-24 19:13:58,868] {processor.py:651} INFO - DAG(s) dict_keys(['example_external_task_marker_parent', 'example_external_task_marker_child']) retrieved from /home/osboxes/.local/lib/python3.8/site-packages/airflow/example_dags/example_external_task_marker_dag.py
[2022-07-24 19:13:58,905] {logging_mixin.py:115} INFO - [2022-07-24 19:13:58,905] {dag.py:2371} INFO - Sync 2 DAGs
[2022-07-24 19:13:58,919] {logging_mixin.py:115} INFO - [2022-07-24 19:13:58,919] {dag.py:2915} INFO - Setting next_dagrun for example_external_task_marker_child to None, run_after=None
[2022-07-24 19:13:58,919] {logging_mixin.py:115} INFO - [2022-07-24 19:13:58,919] {dag.py:2915} INFO - Setting next_dagrun for example_external_task_marker_parent to None, run_after=None
[2022-07-24 19:13:58,949] {processor.py:161} INFO - Processing /home/osboxes/.local/lib/python3.8/site-packages/airflow/example_dags/example_external_task_marker_dag.py took 0.089 seconds
[2022-07-24 19:14:42,433] {processor.py:153} INFO - Started process (PID=1343784) to work on /home/osboxes/.local/lib/python3.8/site-packages/airflow/example_dags/example_external_task_marker_dag.py
[2022-07-24 19:14:42,456] {processor.py:641} INFO - Processing file /home/osboxes/.local/lib/python3.8/site-packages/airflow/example_dags/example_external_task_marker_dag.py for tasks to queue
[2022-07-24 19:14:42,456] {logging_mixin.py:115} INFO - [2022-07-24 19:14:42,456] {dagbag.py:507} INFO - Filling up the DagBag from /home/osboxes/.local/lib/python3.8/site-packages/airflow/example_dags/example_external_task_marker_dag.py
[2022-07-24 19:14:42,460] {processor.py:651} INFO - DAG(s) dict_keys(['example_external_task_marker_parent', 'example_external_task_marker_child']) retrieved from /home/osboxes/.local/lib/python3.8/site-packages/airflow/example_dags/example_external_task_marker_dag.py
[2022-07-24 19:14:42,522] {logging_mixin.py:115} INFO - [2022-07-24 19:14:42,522] {dag.py:2371} INFO - Sync 2 DAGs
[2022-07-24 19:14:42,538] {logging_mixin.py:115} INFO - [2022-07-24 19:14:42,538] {dag.py:2915} INFO - Setting next_dagrun for example_external_task_marker_child to None, run_after=None
[2022-07-24 19:14:42,538] {logging_mixin.py:115} INFO - [2022-07-24 19:14:42,538] {dag.py:2915} INFO - Setting next_dagrun for example_external_task_marker_parent to None, run_after=None
[2022-07-24 19:14:42,578] {processor.py:161} INFO - Processing /home/osboxes/.local/lib/python3.8/site-packages/airflow/example_dags/example_external_task_marker_dag.py took 0.147 seconds
[2022-07-24 19:15:22,103] {processor.py:153} INFO - Started process (PID=1344091) to work on /home/osboxes/.local/lib/python3.8/site-packages/airflow/example_dags/example_external_task_marker_dag.py
[2022-07-24 19:15:22,107] {processor.py:641} INFO - Processing file /home/osboxes/.local/lib/python3.8/site-packages/airflow/example_dags/example_external_task_marker_dag.py for tasks to queue
[2022-07-24 19:15:22,107] {logging_mixin.py:115} INFO - [2022-07-24 19:15:22,107] {dagbag.py:507} INFO - Filling up the DagBag from /home/osboxes/.local/lib/python3.8/site-packages/airflow/example_dags/example_external_task_marker_dag.py
[2022-07-24 19:15:22,110] {processor.py:651} INFO - DAG(s) dict_keys(['example_external_task_marker_parent', 'example_external_task_marker_child']) retrieved from /home/osboxes/.local/lib/python3.8/site-packages/airflow/example_dags/example_external_task_marker_dag.py
[2022-07-24 19:15:22,148] {logging_mixin.py:115} INFO - [2022-07-24 19:15:22,148] {dag.py:2371} INFO - Sync 2 DAGs
[2022-07-24 19:15:22,163] {logging_mixin.py:115} INFO - [2022-07-24 19:15:22,163] {dag.py:2915} INFO - Setting next_dagrun for example_external_task_marker_child to None, run_after=None
[2022-07-24 19:15:22,164] {logging_mixin.py:115} INFO - [2022-07-24 19:15:22,164] {dag.py:2915} INFO - Setting next_dagrun for example_external_task_marker_parent to None, run_after=None
[2022-07-24 19:15:22,202] {processor.py:161} INFO - Processing /home/osboxes/.local/lib/python3.8/site-packages/airflow/example_dags/example_external_task_marker_dag.py took 0.101 seconds
[2022-07-24 19:16:05,743] {processor.py:153} INFO - Started process (PID=1344435) to work on /home/osboxes/.local/lib/python3.8/site-packages/airflow/example_dags/example_external_task_marker_dag.py
[2022-07-24 19:16:05,746] {processor.py:641} INFO - Processing file /home/osboxes/.local/lib/python3.8/site-packages/airflow/example_dags/example_external_task_marker_dag.py for tasks to queue
[2022-07-24 19:16:05,747] {logging_mixin.py:115} INFO - [2022-07-24 19:16:05,746] {dagbag.py:507} INFO - Filling up the DagBag from /home/osboxes/.local/lib/python3.8/site-packages/airflow/example_dags/example_external_task_marker_dag.py
[2022-07-24 19:16:05,750] {processor.py:651} INFO - DAG(s) dict_keys(['example_external_task_marker_parent', 'example_external_task_marker_child']) retrieved from /home/osboxes/.local/lib/python3.8/site-packages/airflow/example_dags/example_external_task_marker_dag.py
[2022-07-24 19:16:05,786] {logging_mixin.py:115} INFO - [2022-07-24 19:16:05,786] {dag.py:2371} INFO - Sync 2 DAGs
[2022-07-24 19:16:05,799] {logging_mixin.py:115} INFO - [2022-07-24 19:16:05,799] {dag.py:2915} INFO - Setting next_dagrun for example_external_task_marker_child to None, run_after=None
[2022-07-24 19:16:05,799] {logging_mixin.py:115} INFO - [2022-07-24 19:16:05,799] {dag.py:2915} INFO - Setting next_dagrun for example_external_task_marker_parent to None, run_after=None
[2022-07-24 19:16:05,833] {processor.py:161} INFO - Processing /home/osboxes/.local/lib/python3.8/site-packages/airflow/example_dags/example_external_task_marker_dag.py took 0.092 seconds
[2022-07-24 19:16:43,429] {processor.py:153} INFO - Started process (PID=1344743) to work on /home/osboxes/.local/lib/python3.8/site-packages/airflow/example_dags/example_external_task_marker_dag.py
[2022-07-24 19:16:43,430] {processor.py:641} INFO - Processing file /home/osboxes/.local/lib/python3.8/site-packages/airflow/example_dags/example_external_task_marker_dag.py for tasks to queue
[2022-07-24 19:16:43,431] {logging_mixin.py:115} INFO - [2022-07-24 19:16:43,430] {dagbag.py:507} INFO - Filling up the DagBag from /home/osboxes/.local/lib/python3.8/site-packages/airflow/example_dags/example_external_task_marker_dag.py
[2022-07-24 19:16:43,434] {processor.py:651} INFO - DAG(s) dict_keys(['example_external_task_marker_parent', 'example_external_task_marker_child']) retrieved from /home/osboxes/.local/lib/python3.8/site-packages/airflow/example_dags/example_external_task_marker_dag.py
[2022-07-24 19:16:43,473] {logging_mixin.py:115} INFO - [2022-07-24 19:16:43,473] {dag.py:2371} INFO - Sync 2 DAGs
[2022-07-24 19:16:43,489] {logging_mixin.py:115} INFO - [2022-07-24 19:16:43,489] {dag.py:2915} INFO - Setting next_dagrun for example_external_task_marker_child to None, run_after=None
[2022-07-24 19:16:43,489] {logging_mixin.py:115} INFO - [2022-07-24 19:16:43,489] {dag.py:2915} INFO - Setting next_dagrun for example_external_task_marker_parent to None, run_after=None
[2022-07-24 19:16:43,518] {processor.py:161} INFO - Processing /home/osboxes/.local/lib/python3.8/site-packages/airflow/example_dags/example_external_task_marker_dag.py took 0.092 seconds
[2022-07-24 19:17:26,906] {processor.py:153} INFO - Started process (PID=1345071) to work on /home/osboxes/.local/lib/python3.8/site-packages/airflow/example_dags/example_external_task_marker_dag.py
[2022-07-24 19:17:26,909] {processor.py:641} INFO - Processing file /home/osboxes/.local/lib/python3.8/site-packages/airflow/example_dags/example_external_task_marker_dag.py for tasks to queue
[2022-07-24 19:17:26,909] {logging_mixin.py:115} INFO - [2022-07-24 19:17:26,909] {dagbag.py:507} INFO - Filling up the DagBag from /home/osboxes/.local/lib/python3.8/site-packages/airflow/example_dags/example_external_task_marker_dag.py
[2022-07-24 19:17:26,913] {processor.py:651} INFO - DAG(s) dict_keys(['example_external_task_marker_parent', 'example_external_task_marker_child']) retrieved from /home/osboxes/.local/lib/python3.8/site-packages/airflow/example_dags/example_external_task_marker_dag.py
[2022-07-24 19:17:26,950] {logging_mixin.py:115} INFO - [2022-07-24 19:17:26,950] {dag.py:2371} INFO - Sync 2 DAGs
[2022-07-24 19:17:26,964] {logging_mixin.py:115} INFO - [2022-07-24 19:17:26,964] {dag.py:2915} INFO - Setting next_dagrun for example_external_task_marker_child to None, run_after=None
[2022-07-24 19:17:26,965] {logging_mixin.py:115} INFO - [2022-07-24 19:17:26,965] {dag.py:2915} INFO - Setting next_dagrun for example_external_task_marker_parent to None, run_after=None
[2022-07-24 19:17:27,006] {processor.py:161} INFO - Processing /home/osboxes/.local/lib/python3.8/site-packages/airflow/example_dags/example_external_task_marker_dag.py took 0.102 seconds
[2022-07-24 19:18:08,793] {processor.py:153} INFO - Started process (PID=1345397) to work on /home/osboxes/.local/lib/python3.8/site-packages/airflow/example_dags/example_external_task_marker_dag.py
[2022-07-24 19:18:08,794] {processor.py:641} INFO - Processing file /home/osboxes/.local/lib/python3.8/site-packages/airflow/example_dags/example_external_task_marker_dag.py for tasks to queue
[2022-07-24 19:18:08,795] {logging_mixin.py:115} INFO - [2022-07-24 19:18:08,795] {dagbag.py:507} INFO - Filling up the DagBag from /home/osboxes/.local/lib/python3.8/site-packages/airflow/example_dags/example_external_task_marker_dag.py
[2022-07-24 19:18:08,800] {processor.py:651} INFO - DAG(s) dict_keys(['example_external_task_marker_parent', 'example_external_task_marker_child']) retrieved from /home/osboxes/.local/lib/python3.8/site-packages/airflow/example_dags/example_external_task_marker_dag.py
[2022-07-24 19:18:08,837] {logging_mixin.py:115} INFO - [2022-07-24 19:18:08,837] {dag.py:2371} INFO - Sync 2 DAGs
[2022-07-24 19:18:08,850] {logging_mixin.py:115} INFO - [2022-07-24 19:18:08,850] {dag.py:2915} INFO - Setting next_dagrun for example_external_task_marker_child to None, run_after=None
[2022-07-24 19:18:08,851] {logging_mixin.py:115} INFO - [2022-07-24 19:18:08,851] {dag.py:2915} INFO - Setting next_dagrun for example_external_task_marker_parent to None, run_after=None
[2022-07-24 19:18:08,886] {processor.py:161} INFO - Processing /home/osboxes/.local/lib/python3.8/site-packages/airflow/example_dags/example_external_task_marker_dag.py took 0.096 seconds
[2022-07-24 19:18:48,162] {processor.py:153} INFO - Started process (PID=1345718) to work on /home/osboxes/.local/lib/python3.8/site-packages/airflow/example_dags/example_external_task_marker_dag.py
[2022-07-24 19:18:48,165] {processor.py:641} INFO - Processing file /home/osboxes/.local/lib/python3.8/site-packages/airflow/example_dags/example_external_task_marker_dag.py for tasks to queue
[2022-07-24 19:18:48,166] {logging_mixin.py:115} INFO - [2022-07-24 19:18:48,166] {dagbag.py:507} INFO - Filling up the DagBag from /home/osboxes/.local/lib/python3.8/site-packages/airflow/example_dags/example_external_task_marker_dag.py
[2022-07-24 19:18:48,169] {processor.py:651} INFO - DAG(s) dict_keys(['example_external_task_marker_parent', 'example_external_task_marker_child']) retrieved from /home/osboxes/.local/lib/python3.8/site-packages/airflow/example_dags/example_external_task_marker_dag.py
[2022-07-24 19:18:48,209] {logging_mixin.py:115} INFO - [2022-07-24 19:18:48,209] {dag.py:2371} INFO - Sync 2 DAGs
[2022-07-24 19:18:48,222] {logging_mixin.py:115} INFO - [2022-07-24 19:18:48,222] {dag.py:2915} INFO - Setting next_dagrun for example_external_task_marker_child to None, run_after=None
[2022-07-24 19:18:48,222] {logging_mixin.py:115} INFO - [2022-07-24 19:18:48,222] {dag.py:2915} INFO - Setting next_dagrun for example_external_task_marker_parent to None, run_after=None
[2022-07-24 19:18:48,257] {processor.py:161} INFO - Processing /home/osboxes/.local/lib/python3.8/site-packages/airflow/example_dags/example_external_task_marker_dag.py took 0.098 seconds
[2022-07-24 19:19:27,481] {processor.py:153} INFO - Started process (PID=1346055) to work on /home/osboxes/.local/lib/python3.8/site-packages/airflow/example_dags/example_external_task_marker_dag.py
[2022-07-24 19:19:27,493] {processor.py:641} INFO - Processing file /home/osboxes/.local/lib/python3.8/site-packages/airflow/example_dags/example_external_task_marker_dag.py for tasks to queue
[2022-07-24 19:19:27,494] {logging_mixin.py:115} INFO - [2022-07-24 19:19:27,494] {dagbag.py:507} INFO - Filling up the DagBag from /home/osboxes/.local/lib/python3.8/site-packages/airflow/example_dags/example_external_task_marker_dag.py
[2022-07-24 19:19:27,498] {processor.py:651} INFO - DAG(s) dict_keys(['example_external_task_marker_parent', 'example_external_task_marker_child']) retrieved from /home/osboxes/.local/lib/python3.8/site-packages/airflow/example_dags/example_external_task_marker_dag.py
[2022-07-24 19:19:27,537] {logging_mixin.py:115} INFO - [2022-07-24 19:19:27,537] {dag.py:2371} INFO - Sync 2 DAGs
[2022-07-24 19:19:27,551] {logging_mixin.py:115} INFO - [2022-07-24 19:19:27,551] {dag.py:2915} INFO - Setting next_dagrun for example_external_task_marker_child to None, run_after=None
[2022-07-24 19:19:27,551] {logging_mixin.py:115} INFO - [2022-07-24 19:19:27,551] {dag.py:2915} INFO - Setting next_dagrun for example_external_task_marker_parent to None, run_after=None
[2022-07-24 19:19:27,577] {processor.py:161} INFO - Processing /home/osboxes/.local/lib/python3.8/site-packages/airflow/example_dags/example_external_task_marker_dag.py took 0.099 seconds
[2022-07-24 19:20:06,426] {processor.py:153} INFO - Started process (PID=1346364) to work on /home/osboxes/.local/lib/python3.8/site-packages/airflow/example_dags/example_external_task_marker_dag.py
[2022-07-24 19:20:06,429] {processor.py:641} INFO - Processing file /home/osboxes/.local/lib/python3.8/site-packages/airflow/example_dags/example_external_task_marker_dag.py for tasks to queue
[2022-07-24 19:20:06,430] {logging_mixin.py:115} INFO - [2022-07-24 19:20:06,430] {dagbag.py:507} INFO - Filling up the DagBag from /home/osboxes/.local/lib/python3.8/site-packages/airflow/example_dags/example_external_task_marker_dag.py
[2022-07-24 19:20:06,435] {processor.py:651} INFO - DAG(s) dict_keys(['example_external_task_marker_parent', 'example_external_task_marker_child']) retrieved from /home/osboxes/.local/lib/python3.8/site-packages/airflow/example_dags/example_external_task_marker_dag.py
[2022-07-24 19:20:06,490] {logging_mixin.py:115} INFO - [2022-07-24 19:20:06,490] {dag.py:2371} INFO - Sync 2 DAGs
[2022-07-24 19:20:06,513] {logging_mixin.py:115} INFO - [2022-07-24 19:20:06,513] {dag.py:2915} INFO - Setting next_dagrun for example_external_task_marker_child to None, run_after=None
[2022-07-24 19:20:06,514] {logging_mixin.py:115} INFO - [2022-07-24 19:20:06,514] {dag.py:2915} INFO - Setting next_dagrun for example_external_task_marker_parent to None, run_after=None
[2022-07-24 19:20:06,697] {processor.py:161} INFO - Processing /home/osboxes/.local/lib/python3.8/site-packages/airflow/example_dags/example_external_task_marker_dag.py took 0.274 seconds
[2022-07-24 19:20:48,136] {processor.py:153} INFO - Started process (PID=1346694) to work on /home/osboxes/.local/lib/python3.8/site-packages/airflow/example_dags/example_external_task_marker_dag.py
[2022-07-24 19:20:48,137] {processor.py:641} INFO - Processing file /home/osboxes/.local/lib/python3.8/site-packages/airflow/example_dags/example_external_task_marker_dag.py for tasks to queue
[2022-07-24 19:20:48,138] {logging_mixin.py:115} INFO - [2022-07-24 19:20:48,138] {dagbag.py:507} INFO - Filling up the DagBag from /home/osboxes/.local/lib/python3.8/site-packages/airflow/example_dags/example_external_task_marker_dag.py
[2022-07-24 19:20:48,141] {processor.py:651} INFO - DAG(s) dict_keys(['example_external_task_marker_parent', 'example_external_task_marker_child']) retrieved from /home/osboxes/.local/lib/python3.8/site-packages/airflow/example_dags/example_external_task_marker_dag.py
[2022-07-24 19:20:48,179] {logging_mixin.py:115} INFO - [2022-07-24 19:20:48,179] {dag.py:2371} INFO - Sync 2 DAGs
[2022-07-24 19:20:48,192] {logging_mixin.py:115} INFO - [2022-07-24 19:20:48,192] {dag.py:2915} INFO - Setting next_dagrun for example_external_task_marker_child to None, run_after=None
[2022-07-24 19:20:48,193] {logging_mixin.py:115} INFO - [2022-07-24 19:20:48,193] {dag.py:2915} INFO - Setting next_dagrun for example_external_task_marker_parent to None, run_after=None
[2022-07-24 19:20:48,243] {processor.py:161} INFO - Processing /home/osboxes/.local/lib/python3.8/site-packages/airflow/example_dags/example_external_task_marker_dag.py took 0.110 seconds
[2022-07-24 19:21:29,920] {processor.py:153} INFO - Started process (PID=1347017) to work on /home/osboxes/.local/lib/python3.8/site-packages/airflow/example_dags/example_external_task_marker_dag.py
[2022-07-24 19:21:29,924] {processor.py:641} INFO - Processing file /home/osboxes/.local/lib/python3.8/site-packages/airflow/example_dags/example_external_task_marker_dag.py for tasks to queue
[2022-07-24 19:21:29,924] {logging_mixin.py:115} INFO - [2022-07-24 19:21:29,924] {dagbag.py:507} INFO - Filling up the DagBag from /home/osboxes/.local/lib/python3.8/site-packages/airflow/example_dags/example_external_task_marker_dag.py
[2022-07-24 19:21:29,928] {processor.py:651} INFO - DAG(s) dict_keys(['example_external_task_marker_parent', 'example_external_task_marker_child']) retrieved from /home/osboxes/.local/lib/python3.8/site-packages/airflow/example_dags/example_external_task_marker_dag.py
[2022-07-24 19:21:29,971] {logging_mixin.py:115} INFO - [2022-07-24 19:21:29,971] {dag.py:2371} INFO - Sync 2 DAGs
[2022-07-24 19:21:29,986] {logging_mixin.py:115} INFO - [2022-07-24 19:21:29,986] {dag.py:2915} INFO - Setting next_dagrun for example_external_task_marker_child to None, run_after=None
[2022-07-24 19:21:29,987] {logging_mixin.py:115} INFO - [2022-07-24 19:21:29,987] {dag.py:2915} INFO - Setting next_dagrun for example_external_task_marker_parent to None, run_after=None
[2022-07-24 19:21:30,038] {processor.py:161} INFO - Processing /home/osboxes/.local/lib/python3.8/site-packages/airflow/example_dags/example_external_task_marker_dag.py took 0.119 seconds
[2022-07-24 19:22:06,789] {processor.py:153} INFO - Started process (PID=1347302) to work on /home/osboxes/.local/lib/python3.8/site-packages/airflow/example_dags/example_external_task_marker_dag.py
[2022-07-24 19:22:06,790] {processor.py:641} INFO - Processing file /home/osboxes/.local/lib/python3.8/site-packages/airflow/example_dags/example_external_task_marker_dag.py for tasks to queue
[2022-07-24 19:22:06,790] {logging_mixin.py:115} INFO - [2022-07-24 19:22:06,790] {dagbag.py:507} INFO - Filling up the DagBag from /home/osboxes/.local/lib/python3.8/site-packages/airflow/example_dags/example_external_task_marker_dag.py
[2022-07-24 19:22:06,794] {processor.py:651} INFO - DAG(s) dict_keys(['example_external_task_marker_parent', 'example_external_task_marker_child']) retrieved from /home/osboxes/.local/lib/python3.8/site-packages/airflow/example_dags/example_external_task_marker_dag.py
[2022-07-24 19:22:06,833] {logging_mixin.py:115} INFO - [2022-07-24 19:22:06,833] {dag.py:2371} INFO - Sync 2 DAGs
[2022-07-24 19:22:06,847] {logging_mixin.py:115} INFO - [2022-07-24 19:22:06,847] {dag.py:2915} INFO - Setting next_dagrun for example_external_task_marker_child to None, run_after=None
[2022-07-24 19:22:06,848] {logging_mixin.py:115} INFO - [2022-07-24 19:22:06,848] {dag.py:2915} INFO - Setting next_dagrun for example_external_task_marker_parent to None, run_after=None
[2022-07-24 19:22:06,885] {processor.py:161} INFO - Processing /home/osboxes/.local/lib/python3.8/site-packages/airflow/example_dags/example_external_task_marker_dag.py took 0.099 seconds
[2022-07-24 19:22:44,292] {processor.py:153} INFO - Started process (PID=1347603) to work on /home/osboxes/.local/lib/python3.8/site-packages/airflow/example_dags/example_external_task_marker_dag.py
[2022-07-24 19:22:44,294] {processor.py:641} INFO - Processing file /home/osboxes/.local/lib/python3.8/site-packages/airflow/example_dags/example_external_task_marker_dag.py for tasks to queue
[2022-07-24 19:22:44,295] {logging_mixin.py:115} INFO - [2022-07-24 19:22:44,294] {dagbag.py:507} INFO - Filling up the DagBag from /home/osboxes/.local/lib/python3.8/site-packages/airflow/example_dags/example_external_task_marker_dag.py
[2022-07-24 19:22:44,298] {processor.py:651} INFO - DAG(s) dict_keys(['example_external_task_marker_parent', 'example_external_task_marker_child']) retrieved from /home/osboxes/.local/lib/python3.8/site-packages/airflow/example_dags/example_external_task_marker_dag.py
[2022-07-24 19:22:44,345] {logging_mixin.py:115} INFO - [2022-07-24 19:22:44,345] {dag.py:2371} INFO - Sync 2 DAGs
[2022-07-24 19:22:44,358] {logging_mixin.py:115} INFO - [2022-07-24 19:22:44,358] {dag.py:2915} INFO - Setting next_dagrun for example_external_task_marker_child to None, run_after=None
[2022-07-24 19:22:44,359] {logging_mixin.py:115} INFO - [2022-07-24 19:22:44,359] {dag.py:2915} INFO - Setting next_dagrun for example_external_task_marker_parent to None, run_after=None
[2022-07-24 19:22:44,404] {processor.py:161} INFO - Processing /home/osboxes/.local/lib/python3.8/site-packages/airflow/example_dags/example_external_task_marker_dag.py took 0.114 seconds
[2022-07-24 19:23:22,797] {processor.py:153} INFO - Started process (PID=1347908) to work on /home/osboxes/.local/lib/python3.8/site-packages/airflow/example_dags/example_external_task_marker_dag.py
[2022-07-24 19:23:22,801] {processor.py:641} INFO - Processing file /home/osboxes/.local/lib/python3.8/site-packages/airflow/example_dags/example_external_task_marker_dag.py for tasks to queue
[2022-07-24 19:23:22,801] {logging_mixin.py:115} INFO - [2022-07-24 19:23:22,801] {dagbag.py:507} INFO - Filling up the DagBag from /home/osboxes/.local/lib/python3.8/site-packages/airflow/example_dags/example_external_task_marker_dag.py
[2022-07-24 19:23:22,805] {processor.py:651} INFO - DAG(s) dict_keys(['example_external_task_marker_parent', 'example_external_task_marker_child']) retrieved from /home/osboxes/.local/lib/python3.8/site-packages/airflow/example_dags/example_external_task_marker_dag.py
[2022-07-24 19:23:22,841] {logging_mixin.py:115} INFO - [2022-07-24 19:23:22,841] {dag.py:2371} INFO - Sync 2 DAGs
[2022-07-24 19:23:22,857] {logging_mixin.py:115} INFO - [2022-07-24 19:23:22,857] {dag.py:2915} INFO - Setting next_dagrun for example_external_task_marker_child to None, run_after=None
[2022-07-24 19:23:22,858] {logging_mixin.py:115} INFO - [2022-07-24 19:23:22,858] {dag.py:2915} INFO - Setting next_dagrun for example_external_task_marker_parent to None, run_after=None
[2022-07-24 19:23:22,898] {processor.py:161} INFO - Processing /home/osboxes/.local/lib/python3.8/site-packages/airflow/example_dags/example_external_task_marker_dag.py took 0.104 seconds
[2022-07-24 19:24:04,237] {processor.py:153} INFO - Started process (PID=1348233) to work on /home/osboxes/.local/lib/python3.8/site-packages/airflow/example_dags/example_external_task_marker_dag.py
[2022-07-24 19:24:04,239] {processor.py:641} INFO - Processing file /home/osboxes/.local/lib/python3.8/site-packages/airflow/example_dags/example_external_task_marker_dag.py for tasks to queue
[2022-07-24 19:24:04,239] {logging_mixin.py:115} INFO - [2022-07-24 19:24:04,239] {dagbag.py:507} INFO - Filling up the DagBag from /home/osboxes/.local/lib/python3.8/site-packages/airflow/example_dags/example_external_task_marker_dag.py
[2022-07-24 19:24:04,243] {processor.py:651} INFO - DAG(s) dict_keys(['example_external_task_marker_parent', 'example_external_task_marker_child']) retrieved from /home/osboxes/.local/lib/python3.8/site-packages/airflow/example_dags/example_external_task_marker_dag.py
[2022-07-24 19:24:04,284] {logging_mixin.py:115} INFO - [2022-07-24 19:24:04,284] {dag.py:2371} INFO - Sync 2 DAGs
[2022-07-24 19:24:04,312] {logging_mixin.py:115} INFO - [2022-07-24 19:24:04,312] {dag.py:2915} INFO - Setting next_dagrun for example_external_task_marker_child to None, run_after=None
[2022-07-24 19:24:04,312] {logging_mixin.py:115} INFO - [2022-07-24 19:24:04,312] {dag.py:2915} INFO - Setting next_dagrun for example_external_task_marker_parent to None, run_after=None
[2022-07-24 19:24:04,362] {processor.py:161} INFO - Processing /home/osboxes/.local/lib/python3.8/site-packages/airflow/example_dags/example_external_task_marker_dag.py took 0.126 seconds
[2022-07-24 19:24:41,017] {processor.py:153} INFO - Started process (PID=1348572) to work on /home/osboxes/.local/lib/python3.8/site-packages/airflow/example_dags/example_external_task_marker_dag.py
[2022-07-24 19:24:41,018] {processor.py:641} INFO - Processing file /home/osboxes/.local/lib/python3.8/site-packages/airflow/example_dags/example_external_task_marker_dag.py for tasks to queue
[2022-07-24 19:24:41,019] {logging_mixin.py:115} INFO - [2022-07-24 19:24:41,019] {dagbag.py:507} INFO - Filling up the DagBag from /home/osboxes/.local/lib/python3.8/site-packages/airflow/example_dags/example_external_task_marker_dag.py
[2022-07-24 19:24:41,022] {processor.py:651} INFO - DAG(s) dict_keys(['example_external_task_marker_parent', 'example_external_task_marker_child']) retrieved from /home/osboxes/.local/lib/python3.8/site-packages/airflow/example_dags/example_external_task_marker_dag.py
[2022-07-24 19:24:41,062] {logging_mixin.py:115} INFO - [2022-07-24 19:24:41,062] {dag.py:2371} INFO - Sync 2 DAGs
[2022-07-24 19:24:41,075] {logging_mixin.py:115} INFO - [2022-07-24 19:24:41,075] {dag.py:2915} INFO - Setting next_dagrun for example_external_task_marker_child to None, run_after=None
[2022-07-24 19:24:41,076] {logging_mixin.py:115} INFO - [2022-07-24 19:24:41,076] {dag.py:2915} INFO - Setting next_dagrun for example_external_task_marker_parent to None, run_after=None
[2022-07-24 19:24:41,116] {processor.py:161} INFO - Processing /home/osboxes/.local/lib/python3.8/site-packages/airflow/example_dags/example_external_task_marker_dag.py took 0.101 seconds
[2022-07-24 19:25:23,052] {processor.py:153} INFO - Started process (PID=1348908) to work on /home/osboxes/.local/lib/python3.8/site-packages/airflow/example_dags/example_external_task_marker_dag.py
[2022-07-24 19:25:23,053] {processor.py:641} INFO - Processing file /home/osboxes/.local/lib/python3.8/site-packages/airflow/example_dags/example_external_task_marker_dag.py for tasks to queue
[2022-07-24 19:25:23,053] {logging_mixin.py:115} INFO - [2022-07-24 19:25:23,053] {dagbag.py:507} INFO - Filling up the DagBag from /home/osboxes/.local/lib/python3.8/site-packages/airflow/example_dags/example_external_task_marker_dag.py
[2022-07-24 19:25:23,057] {processor.py:651} INFO - DAG(s) dict_keys(['example_external_task_marker_parent', 'example_external_task_marker_child']) retrieved from /home/osboxes/.local/lib/python3.8/site-packages/airflow/example_dags/example_external_task_marker_dag.py
[2022-07-24 19:25:23,095] {logging_mixin.py:115} INFO - [2022-07-24 19:25:23,095] {dag.py:2371} INFO - Sync 2 DAGs
[2022-07-24 19:25:23,108] {logging_mixin.py:115} INFO - [2022-07-24 19:25:23,108] {dag.py:2915} INFO - Setting next_dagrun for example_external_task_marker_child to None, run_after=None
[2022-07-24 19:25:23,109] {logging_mixin.py:115} INFO - [2022-07-24 19:25:23,109] {dag.py:2915} INFO - Setting next_dagrun for example_external_task_marker_parent to None, run_after=None
[2022-07-24 19:25:23,148] {processor.py:161} INFO - Processing /home/osboxes/.local/lib/python3.8/site-packages/airflow/example_dags/example_external_task_marker_dag.py took 0.098 seconds
[2022-07-24 19:26:03,119] {processor.py:153} INFO - Started process (PID=1349234) to work on /home/osboxes/.local/lib/python3.8/site-packages/airflow/example_dags/example_external_task_marker_dag.py
[2022-07-24 19:26:03,120] {processor.py:641} INFO - Processing file /home/osboxes/.local/lib/python3.8/site-packages/airflow/example_dags/example_external_task_marker_dag.py for tasks to queue
[2022-07-24 19:26:03,120] {logging_mixin.py:115} INFO - [2022-07-24 19:26:03,120] {dagbag.py:507} INFO - Filling up the DagBag from /home/osboxes/.local/lib/python3.8/site-packages/airflow/example_dags/example_external_task_marker_dag.py
[2022-07-24 19:26:03,124] {processor.py:651} INFO - DAG(s) dict_keys(['example_external_task_marker_parent', 'example_external_task_marker_child']) retrieved from /home/osboxes/.local/lib/python3.8/site-packages/airflow/example_dags/example_external_task_marker_dag.py
[2022-07-24 19:26:03,163] {logging_mixin.py:115} INFO - [2022-07-24 19:26:03,163] {dag.py:2371} INFO - Sync 2 DAGs
[2022-07-24 19:26:03,176] {logging_mixin.py:115} INFO - [2022-07-24 19:26:03,176] {dag.py:2915} INFO - Setting next_dagrun for example_external_task_marker_child to None, run_after=None
[2022-07-24 19:26:03,176] {logging_mixin.py:115} INFO - [2022-07-24 19:26:03,176] {dag.py:2915} INFO - Setting next_dagrun for example_external_task_marker_parent to None, run_after=None
[2022-07-24 19:26:03,225] {processor.py:161} INFO - Processing /home/osboxes/.local/lib/python3.8/site-packages/airflow/example_dags/example_external_task_marker_dag.py took 0.109 seconds
[2022-07-24 19:26:40,805] {processor.py:153} INFO - Started process (PID=1349519) to work on /home/osboxes/.local/lib/python3.8/site-packages/airflow/example_dags/example_external_task_marker_dag.py
[2022-07-24 19:26:40,806] {processor.py:641} INFO - Processing file /home/osboxes/.local/lib/python3.8/site-packages/airflow/example_dags/example_external_task_marker_dag.py for tasks to queue
[2022-07-24 19:26:40,807] {logging_mixin.py:115} INFO - [2022-07-24 19:26:40,807] {dagbag.py:507} INFO - Filling up the DagBag from /home/osboxes/.local/lib/python3.8/site-packages/airflow/example_dags/example_external_task_marker_dag.py
[2022-07-24 19:26:40,810] {processor.py:651} INFO - DAG(s) dict_keys(['example_external_task_marker_parent', 'example_external_task_marker_child']) retrieved from /home/osboxes/.local/lib/python3.8/site-packages/airflow/example_dags/example_external_task_marker_dag.py
[2022-07-24 19:26:40,850] {logging_mixin.py:115} INFO - [2022-07-24 19:26:40,846] {dag.py:2371} INFO - Sync 2 DAGs
[2022-07-24 19:26:40,863] {logging_mixin.py:115} INFO - [2022-07-24 19:26:40,863] {dag.py:2915} INFO - Setting next_dagrun for example_external_task_marker_child to None, run_after=None
[2022-07-24 19:26:40,864] {logging_mixin.py:115} INFO - [2022-07-24 19:26:40,864] {dag.py:2915} INFO - Setting next_dagrun for example_external_task_marker_parent to None, run_after=None
[2022-07-24 19:26:40,908] {processor.py:161} INFO - Processing /home/osboxes/.local/lib/python3.8/site-packages/airflow/example_dags/example_external_task_marker_dag.py took 0.106 seconds
[2022-07-24 19:27:23,553] {processor.py:153} INFO - Started process (PID=1349843) to work on /home/osboxes/.local/lib/python3.8/site-packages/airflow/example_dags/example_external_task_marker_dag.py
[2022-07-24 19:27:23,555] {processor.py:641} INFO - Processing file /home/osboxes/.local/lib/python3.8/site-packages/airflow/example_dags/example_external_task_marker_dag.py for tasks to queue
[2022-07-24 19:27:23,555] {logging_mixin.py:115} INFO - [2022-07-24 19:27:23,555] {dagbag.py:507} INFO - Filling up the DagBag from /home/osboxes/.local/lib/python3.8/site-packages/airflow/example_dags/example_external_task_marker_dag.py
[2022-07-24 19:27:23,559] {processor.py:651} INFO - DAG(s) dict_keys(['example_external_task_marker_parent', 'example_external_task_marker_child']) retrieved from /home/osboxes/.local/lib/python3.8/site-packages/airflow/example_dags/example_external_task_marker_dag.py
[2022-07-24 19:27:23,599] {logging_mixin.py:115} INFO - [2022-07-24 19:27:23,599] {dag.py:2371} INFO - Sync 2 DAGs
[2022-07-24 19:27:23,615] {logging_mixin.py:115} INFO - [2022-07-24 19:27:23,615] {dag.py:2915} INFO - Setting next_dagrun for example_external_task_marker_child to None, run_after=None
[2022-07-24 19:27:23,615] {logging_mixin.py:115} INFO - [2022-07-24 19:27:23,615] {dag.py:2915} INFO - Setting next_dagrun for example_external_task_marker_parent to None, run_after=None
[2022-07-24 19:27:23,659] {processor.py:161} INFO - Processing /home/osboxes/.local/lib/python3.8/site-packages/airflow/example_dags/example_external_task_marker_dag.py took 0.109 seconds
[2022-07-24 19:28:04,747] {processor.py:153} INFO - Started process (PID=1350169) to work on /home/osboxes/.local/lib/python3.8/site-packages/airflow/example_dags/example_external_task_marker_dag.py
[2022-07-24 19:28:04,750] {processor.py:641} INFO - Processing file /home/osboxes/.local/lib/python3.8/site-packages/airflow/example_dags/example_external_task_marker_dag.py for tasks to queue
[2022-07-24 19:28:04,750] {logging_mixin.py:115} INFO - [2022-07-24 19:28:04,750] {dagbag.py:507} INFO - Filling up the DagBag from /home/osboxes/.local/lib/python3.8/site-packages/airflow/example_dags/example_external_task_marker_dag.py
[2022-07-24 19:28:04,755] {processor.py:651} INFO - DAG(s) dict_keys(['example_external_task_marker_parent', 'example_external_task_marker_child']) retrieved from /home/osboxes/.local/lib/python3.8/site-packages/airflow/example_dags/example_external_task_marker_dag.py
[2022-07-24 19:28:04,816] {logging_mixin.py:115} INFO - [2022-07-24 19:28:04,816] {dag.py:2371} INFO - Sync 2 DAGs
[2022-07-24 19:28:04,832] {logging_mixin.py:115} INFO - [2022-07-24 19:28:04,832] {dag.py:2915} INFO - Setting next_dagrun for example_external_task_marker_child to None, run_after=None
[2022-07-24 19:28:04,832] {logging_mixin.py:115} INFO - [2022-07-24 19:28:04,832] {dag.py:2915} INFO - Setting next_dagrun for example_external_task_marker_parent to None, run_after=None
[2022-07-24 19:28:04,874] {processor.py:161} INFO - Processing /home/osboxes/.local/lib/python3.8/site-packages/airflow/example_dags/example_external_task_marker_dag.py took 0.129 seconds
[2022-07-24 19:28:42,171] {processor.py:153} INFO - Started process (PID=1350470) to work on /home/osboxes/.local/lib/python3.8/site-packages/airflow/example_dags/example_external_task_marker_dag.py
[2022-07-24 19:28:42,228] {processor.py:641} INFO - Processing file /home/osboxes/.local/lib/python3.8/site-packages/airflow/example_dags/example_external_task_marker_dag.py for tasks to queue
[2022-07-24 19:28:42,229] {logging_mixin.py:115} INFO - [2022-07-24 19:28:42,229] {dagbag.py:507} INFO - Filling up the DagBag from /home/osboxes/.local/lib/python3.8/site-packages/airflow/example_dags/example_external_task_marker_dag.py
[2022-07-24 19:28:42,232] {processor.py:651} INFO - DAG(s) dict_keys(['example_external_task_marker_parent', 'example_external_task_marker_child']) retrieved from /home/osboxes/.local/lib/python3.8/site-packages/airflow/example_dags/example_external_task_marker_dag.py
[2022-07-24 19:28:42,282] {logging_mixin.py:115} INFO - [2022-07-24 19:28:42,282] {dag.py:2371} INFO - Sync 2 DAGs
[2022-07-24 19:28:42,300] {logging_mixin.py:115} INFO - [2022-07-24 19:28:42,300] {dag.py:2915} INFO - Setting next_dagrun for example_external_task_marker_child to None, run_after=None
[2022-07-24 19:28:42,300] {logging_mixin.py:115} INFO - [2022-07-24 19:28:42,300] {dag.py:2915} INFO - Setting next_dagrun for example_external_task_marker_parent to None, run_after=None
[2022-07-24 19:28:42,344] {processor.py:161} INFO - Processing /home/osboxes/.local/lib/python3.8/site-packages/airflow/example_dags/example_external_task_marker_dag.py took 0.176 seconds
[2022-07-24 19:29:28,282] {processor.py:153} INFO - Started process (PID=1350876) to work on /home/osboxes/.local/lib/python3.8/site-packages/airflow/example_dags/example_external_task_marker_dag.py
[2022-07-24 19:29:28,283] {processor.py:641} INFO - Processing file /home/osboxes/.local/lib/python3.8/site-packages/airflow/example_dags/example_external_task_marker_dag.py for tasks to queue
[2022-07-24 19:29:28,284] {logging_mixin.py:115} INFO - [2022-07-24 19:29:28,284] {dagbag.py:507} INFO - Filling up the DagBag from /home/osboxes/.local/lib/python3.8/site-packages/airflow/example_dags/example_external_task_marker_dag.py
[2022-07-24 19:29:28,287] {processor.py:651} INFO - DAG(s) dict_keys(['example_external_task_marker_parent', 'example_external_task_marker_child']) retrieved from /home/osboxes/.local/lib/python3.8/site-packages/airflow/example_dags/example_external_task_marker_dag.py
[2022-07-24 19:29:28,324] {logging_mixin.py:115} INFO - [2022-07-24 19:29:28,324] {dag.py:2371} INFO - Sync 2 DAGs
[2022-07-24 19:29:28,338] {logging_mixin.py:115} INFO - [2022-07-24 19:29:28,338] {dag.py:2915} INFO - Setting next_dagrun for example_external_task_marker_child to None, run_after=None
[2022-07-24 19:29:28,338] {logging_mixin.py:115} INFO - [2022-07-24 19:29:28,338] {dag.py:2915} INFO - Setting next_dagrun for example_external_task_marker_parent to None, run_after=None
[2022-07-24 19:29:28,387] {processor.py:161} INFO - Processing /home/osboxes/.local/lib/python3.8/site-packages/airflow/example_dags/example_external_task_marker_dag.py took 0.107 seconds
[2022-07-24 19:30:14,718] {processor.py:153} INFO - Started process (PID=1351247) to work on /home/osboxes/.local/lib/python3.8/site-packages/airflow/example_dags/example_external_task_marker_dag.py
[2022-07-24 19:30:14,720] {processor.py:641} INFO - Processing file /home/osboxes/.local/lib/python3.8/site-packages/airflow/example_dags/example_external_task_marker_dag.py for tasks to queue
[2022-07-24 19:30:14,721] {logging_mixin.py:115} INFO - [2022-07-24 19:30:14,721] {dagbag.py:507} INFO - Filling up the DagBag from /home/osboxes/.local/lib/python3.8/site-packages/airflow/example_dags/example_external_task_marker_dag.py
[2022-07-24 19:30:14,724] {processor.py:651} INFO - DAG(s) dict_keys(['example_external_task_marker_parent', 'example_external_task_marker_child']) retrieved from /home/osboxes/.local/lib/python3.8/site-packages/airflow/example_dags/example_external_task_marker_dag.py
[2022-07-24 19:30:14,763] {logging_mixin.py:115} INFO - [2022-07-24 19:30:14,763] {dag.py:2371} INFO - Sync 2 DAGs
[2022-07-24 19:30:14,777] {logging_mixin.py:115} INFO - [2022-07-24 19:30:14,777] {dag.py:2915} INFO - Setting next_dagrun for example_external_task_marker_child to None, run_after=None
[2022-07-24 19:30:14,777] {logging_mixin.py:115} INFO - [2022-07-24 19:30:14,777] {dag.py:2915} INFO - Setting next_dagrun for example_external_task_marker_parent to None, run_after=None
[2022-07-24 19:30:14,826] {processor.py:161} INFO - Processing /home/osboxes/.local/lib/python3.8/site-packages/airflow/example_dags/example_external_task_marker_dag.py took 0.110 seconds
[2022-07-24 19:30:53,415] {processor.py:153} INFO - Started process (PID=1351553) to work on /home/osboxes/.local/lib/python3.8/site-packages/airflow/example_dags/example_external_task_marker_dag.py
[2022-07-24 19:30:53,418] {processor.py:641} INFO - Processing file /home/osboxes/.local/lib/python3.8/site-packages/airflow/example_dags/example_external_task_marker_dag.py for tasks to queue
[2022-07-24 19:30:53,418] {logging_mixin.py:115} INFO - [2022-07-24 19:30:53,418] {dagbag.py:507} INFO - Filling up the DagBag from /home/osboxes/.local/lib/python3.8/site-packages/airflow/example_dags/example_external_task_marker_dag.py
[2022-07-24 19:30:53,422] {processor.py:651} INFO - DAG(s) dict_keys(['example_external_task_marker_parent', 'example_external_task_marker_child']) retrieved from /home/osboxes/.local/lib/python3.8/site-packages/airflow/example_dags/example_external_task_marker_dag.py
[2022-07-24 19:30:53,459] {logging_mixin.py:115} INFO - [2022-07-24 19:30:53,459] {dag.py:2371} INFO - Sync 2 DAGs
[2022-07-24 19:30:53,473] {logging_mixin.py:115} INFO - [2022-07-24 19:30:53,473] {dag.py:2915} INFO - Setting next_dagrun for example_external_task_marker_child to None, run_after=None
[2022-07-24 19:30:53,473] {logging_mixin.py:115} INFO - [2022-07-24 19:30:53,473] {dag.py:2915} INFO - Setting next_dagrun for example_external_task_marker_parent to None, run_after=None
[2022-07-24 19:30:53,522] {processor.py:161} INFO - Processing /home/osboxes/.local/lib/python3.8/site-packages/airflow/example_dags/example_external_task_marker_dag.py took 0.109 seconds
[2022-07-24 19:31:31,281] {processor.py:153} INFO - Started process (PID=1351857) to work on /home/osboxes/.local/lib/python3.8/site-packages/airflow/example_dags/example_external_task_marker_dag.py
[2022-07-24 19:31:31,288] {processor.py:641} INFO - Processing file /home/osboxes/.local/lib/python3.8/site-packages/airflow/example_dags/example_external_task_marker_dag.py for tasks to queue
[2022-07-24 19:31:31,288] {logging_mixin.py:115} INFO - [2022-07-24 19:31:31,288] {dagbag.py:507} INFO - Filling up the DagBag from /home/osboxes/.local/lib/python3.8/site-packages/airflow/example_dags/example_external_task_marker_dag.py
[2022-07-24 19:31:31,292] {processor.py:651} INFO - DAG(s) dict_keys(['example_external_task_marker_parent', 'example_external_task_marker_child']) retrieved from /home/osboxes/.local/lib/python3.8/site-packages/airflow/example_dags/example_external_task_marker_dag.py
[2022-07-24 19:31:31,343] {logging_mixin.py:115} INFO - [2022-07-24 19:31:31,343] {dag.py:2371} INFO - Sync 2 DAGs
[2022-07-24 19:31:31,361] {logging_mixin.py:115} INFO - [2022-07-24 19:31:31,361] {dag.py:2915} INFO - Setting next_dagrun for example_external_task_marker_child to None, run_after=None
[2022-07-24 19:31:31,361] {logging_mixin.py:115} INFO - [2022-07-24 19:31:31,361] {dag.py:2915} INFO - Setting next_dagrun for example_external_task_marker_parent to None, run_after=None
[2022-07-24 19:31:31,422] {processor.py:161} INFO - Processing /home/osboxes/.local/lib/python3.8/site-packages/airflow/example_dags/example_external_task_marker_dag.py took 0.143 seconds
[2022-07-24 19:32:14,538] {processor.py:153} INFO - Started process (PID=1352183) to work on /home/osboxes/.local/lib/python3.8/site-packages/airflow/example_dags/example_external_task_marker_dag.py
[2022-07-24 19:32:14,539] {processor.py:641} INFO - Processing file /home/osboxes/.local/lib/python3.8/site-packages/airflow/example_dags/example_external_task_marker_dag.py for tasks to queue
[2022-07-24 19:32:14,540] {logging_mixin.py:115} INFO - [2022-07-24 19:32:14,539] {dagbag.py:507} INFO - Filling up the DagBag from /home/osboxes/.local/lib/python3.8/site-packages/airflow/example_dags/example_external_task_marker_dag.py
[2022-07-24 19:32:14,543] {processor.py:651} INFO - DAG(s) dict_keys(['example_external_task_marker_parent', 'example_external_task_marker_child']) retrieved from /home/osboxes/.local/lib/python3.8/site-packages/airflow/example_dags/example_external_task_marker_dag.py
[2022-07-24 19:32:14,596] {logging_mixin.py:115} INFO - [2022-07-24 19:32:14,596] {dag.py:2371} INFO - Sync 2 DAGs
[2022-07-24 19:32:14,616] {logging_mixin.py:115} INFO - [2022-07-24 19:32:14,616] {dag.py:2915} INFO - Setting next_dagrun for example_external_task_marker_child to None, run_after=None
[2022-07-24 19:32:14,616] {logging_mixin.py:115} INFO - [2022-07-24 19:32:14,616] {dag.py:2915} INFO - Setting next_dagrun for example_external_task_marker_parent to None, run_after=None
[2022-07-24 19:32:14,657] {processor.py:161} INFO - Processing /home/osboxes/.local/lib/python3.8/site-packages/airflow/example_dags/example_external_task_marker_dag.py took 0.122 seconds
[2022-07-24 19:32:55,381] {processor.py:153} INFO - Started process (PID=1352504) to work on /home/osboxes/.local/lib/python3.8/site-packages/airflow/example_dags/example_external_task_marker_dag.py
[2022-07-24 19:32:55,383] {processor.py:641} INFO - Processing file /home/osboxes/.local/lib/python3.8/site-packages/airflow/example_dags/example_external_task_marker_dag.py for tasks to queue
[2022-07-24 19:32:55,383] {logging_mixin.py:115} INFO - [2022-07-24 19:32:55,383] {dagbag.py:507} INFO - Filling up the DagBag from /home/osboxes/.local/lib/python3.8/site-packages/airflow/example_dags/example_external_task_marker_dag.py
[2022-07-24 19:32:55,387] {processor.py:651} INFO - DAG(s) dict_keys(['example_external_task_marker_parent', 'example_external_task_marker_child']) retrieved from /home/osboxes/.local/lib/python3.8/site-packages/airflow/example_dags/example_external_task_marker_dag.py
[2022-07-24 19:32:55,429] {logging_mixin.py:115} INFO - [2022-07-24 19:32:55,429] {dag.py:2371} INFO - Sync 2 DAGs
[2022-07-24 19:32:55,443] {logging_mixin.py:115} INFO - [2022-07-24 19:32:55,443] {dag.py:2915} INFO - Setting next_dagrun for example_external_task_marker_child to None, run_after=None
[2022-07-24 19:32:55,443] {logging_mixin.py:115} INFO - [2022-07-24 19:32:55,443] {dag.py:2915} INFO - Setting next_dagrun for example_external_task_marker_parent to None, run_after=None
[2022-07-24 19:32:55,477] {processor.py:161} INFO - Processing /home/osboxes/.local/lib/python3.8/site-packages/airflow/example_dags/example_external_task_marker_dag.py took 0.098 seconds
[2022-07-24 19:33:33,781] {processor.py:153} INFO - Started process (PID=1352805) to work on /home/osboxes/.local/lib/python3.8/site-packages/airflow/example_dags/example_external_task_marker_dag.py
[2022-07-24 19:33:33,785] {processor.py:641} INFO - Processing file /home/osboxes/.local/lib/python3.8/site-packages/airflow/example_dags/example_external_task_marker_dag.py for tasks to queue
[2022-07-24 19:33:33,786] {logging_mixin.py:115} INFO - [2022-07-24 19:33:33,786] {dagbag.py:507} INFO - Filling up the DagBag from /home/osboxes/.local/lib/python3.8/site-packages/airflow/example_dags/example_external_task_marker_dag.py
[2022-07-24 19:33:33,789] {processor.py:651} INFO - DAG(s) dict_keys(['example_external_task_marker_parent', 'example_external_task_marker_child']) retrieved from /home/osboxes/.local/lib/python3.8/site-packages/airflow/example_dags/example_external_task_marker_dag.py
[2022-07-24 19:33:33,829] {logging_mixin.py:115} INFO - [2022-07-24 19:33:33,829] {dag.py:2371} INFO - Sync 2 DAGs
[2022-07-24 19:33:33,845] {logging_mixin.py:115} INFO - [2022-07-24 19:33:33,844] {dag.py:2915} INFO - Setting next_dagrun for example_external_task_marker_child to None, run_after=None
[2022-07-24 19:33:33,845] {logging_mixin.py:115} INFO - [2022-07-24 19:33:33,845] {dag.py:2915} INFO - Setting next_dagrun for example_external_task_marker_parent to None, run_after=None
[2022-07-24 19:33:33,886] {processor.py:161} INFO - Processing /home/osboxes/.local/lib/python3.8/site-packages/airflow/example_dags/example_external_task_marker_dag.py took 0.108 seconds
[2022-07-24 19:34:15,284] {processor.py:153} INFO - Started process (PID=1353131) to work on /home/osboxes/.local/lib/python3.8/site-packages/airflow/example_dags/example_external_task_marker_dag.py
[2022-07-24 19:34:15,295] {processor.py:641} INFO - Processing file /home/osboxes/.local/lib/python3.8/site-packages/airflow/example_dags/example_external_task_marker_dag.py for tasks to queue
[2022-07-24 19:34:15,295] {logging_mixin.py:115} INFO - [2022-07-24 19:34:15,295] {dagbag.py:507} INFO - Filling up the DagBag from /home/osboxes/.local/lib/python3.8/site-packages/airflow/example_dags/example_external_task_marker_dag.py
[2022-07-24 19:34:15,299] {processor.py:651} INFO - DAG(s) dict_keys(['example_external_task_marker_parent', 'example_external_task_marker_child']) retrieved from /home/osboxes/.local/lib/python3.8/site-packages/airflow/example_dags/example_external_task_marker_dag.py
[2022-07-24 19:34:15,347] {logging_mixin.py:115} INFO - [2022-07-24 19:34:15,346] {dag.py:2371} INFO - Sync 2 DAGs
[2022-07-24 19:34:15,366] {logging_mixin.py:115} INFO - [2022-07-24 19:34:15,366] {dag.py:2915} INFO - Setting next_dagrun for example_external_task_marker_child to None, run_after=None
[2022-07-24 19:34:15,369] {logging_mixin.py:115} INFO - [2022-07-24 19:34:15,368] {dag.py:2915} INFO - Setting next_dagrun for example_external_task_marker_parent to None, run_after=None
[2022-07-24 19:34:15,407] {processor.py:161} INFO - Processing /home/osboxes/.local/lib/python3.8/site-packages/airflow/example_dags/example_external_task_marker_dag.py took 0.133 seconds
[2022-07-24 19:34:57,725] {processor.py:153} INFO - Started process (PID=1353510) to work on /home/osboxes/.local/lib/python3.8/site-packages/airflow/example_dags/example_external_task_marker_dag.py
[2022-07-24 19:34:57,727] {processor.py:641} INFO - Processing file /home/osboxes/.local/lib/python3.8/site-packages/airflow/example_dags/example_external_task_marker_dag.py for tasks to queue
[2022-07-24 19:34:57,728] {logging_mixin.py:115} INFO - [2022-07-24 19:34:57,728] {dagbag.py:507} INFO - Filling up the DagBag from /home/osboxes/.local/lib/python3.8/site-packages/airflow/example_dags/example_external_task_marker_dag.py
[2022-07-24 19:34:57,732] {processor.py:651} INFO - DAG(s) dict_keys(['example_external_task_marker_parent', 'example_external_task_marker_child']) retrieved from /home/osboxes/.local/lib/python3.8/site-packages/airflow/example_dags/example_external_task_marker_dag.py
[2022-07-24 19:34:57,772] {logging_mixin.py:115} INFO - [2022-07-24 19:34:57,772] {dag.py:2371} INFO - Sync 2 DAGs
[2022-07-24 19:34:57,788] {logging_mixin.py:115} INFO - [2022-07-24 19:34:57,788] {dag.py:2915} INFO - Setting next_dagrun for example_external_task_marker_child to None, run_after=None
[2022-07-24 19:34:57,788] {logging_mixin.py:115} INFO - [2022-07-24 19:34:57,788] {dag.py:2915} INFO - Setting next_dagrun for example_external_task_marker_parent to None, run_after=None
[2022-07-24 19:34:57,821] {processor.py:161} INFO - Processing /home/osboxes/.local/lib/python3.8/site-packages/airflow/example_dags/example_external_task_marker_dag.py took 0.099 seconds
[2022-07-24 19:35:36,314] {processor.py:153} INFO - Started process (PID=1353799) to work on /home/osboxes/.local/lib/python3.8/site-packages/airflow/example_dags/example_external_task_marker_dag.py
[2022-07-24 19:35:36,318] {processor.py:641} INFO - Processing file /home/osboxes/.local/lib/python3.8/site-packages/airflow/example_dags/example_external_task_marker_dag.py for tasks to queue
[2022-07-24 19:35:36,319] {logging_mixin.py:115} INFO - [2022-07-24 19:35:36,319] {dagbag.py:507} INFO - Filling up the DagBag from /home/osboxes/.local/lib/python3.8/site-packages/airflow/example_dags/example_external_task_marker_dag.py
[2022-07-24 19:35:36,322] {processor.py:651} INFO - DAG(s) dict_keys(['example_external_task_marker_parent', 'example_external_task_marker_child']) retrieved from /home/osboxes/.local/lib/python3.8/site-packages/airflow/example_dags/example_external_task_marker_dag.py
[2022-07-24 19:35:36,358] {logging_mixin.py:115} INFO - [2022-07-24 19:35:36,358] {dag.py:2371} INFO - Sync 2 DAGs
[2022-07-24 19:35:36,372] {logging_mixin.py:115} INFO - [2022-07-24 19:35:36,372] {dag.py:2915} INFO - Setting next_dagrun for example_external_task_marker_child to None, run_after=None
[2022-07-24 19:35:36,372] {logging_mixin.py:115} INFO - [2022-07-24 19:35:36,372] {dag.py:2915} INFO - Setting next_dagrun for example_external_task_marker_parent to None, run_after=None
[2022-07-24 19:35:36,421] {processor.py:161} INFO - Processing /home/osboxes/.local/lib/python3.8/site-packages/airflow/example_dags/example_external_task_marker_dag.py took 0.109 seconds
[2022-07-24 19:36:16,984] {processor.py:153} INFO - Started process (PID=1354122) to work on /home/osboxes/.local/lib/python3.8/site-packages/airflow/example_dags/example_external_task_marker_dag.py
[2022-07-24 19:36:16,985] {processor.py:641} INFO - Processing file /home/osboxes/.local/lib/python3.8/site-packages/airflow/example_dags/example_external_task_marker_dag.py for tasks to queue
[2022-07-24 19:36:16,986] {logging_mixin.py:115} INFO - [2022-07-24 19:36:16,986] {dagbag.py:507} INFO - Filling up the DagBag from /home/osboxes/.local/lib/python3.8/site-packages/airflow/example_dags/example_external_task_marker_dag.py
[2022-07-24 19:36:16,990] {processor.py:651} INFO - DAG(s) dict_keys(['example_external_task_marker_parent', 'example_external_task_marker_child']) retrieved from /home/osboxes/.local/lib/python3.8/site-packages/airflow/example_dags/example_external_task_marker_dag.py
[2022-07-24 19:36:17,033] {logging_mixin.py:115} INFO - [2022-07-24 19:36:17,032] {dag.py:2371} INFO - Sync 2 DAGs
[2022-07-24 19:36:17,047] {logging_mixin.py:115} INFO - [2022-07-24 19:36:17,046] {dag.py:2915} INFO - Setting next_dagrun for example_external_task_marker_child to None, run_after=None
[2022-07-24 19:36:17,047] {logging_mixin.py:115} INFO - [2022-07-24 19:36:17,047] {dag.py:2915} INFO - Setting next_dagrun for example_external_task_marker_parent to None, run_after=None
[2022-07-24 19:36:17,094] {processor.py:161} INFO - Processing /home/osboxes/.local/lib/python3.8/site-packages/airflow/example_dags/example_external_task_marker_dag.py took 0.113 seconds
[2022-07-24 19:36:59,092] {processor.py:153} INFO - Started process (PID=1354443) to work on /home/osboxes/.local/lib/python3.8/site-packages/airflow/example_dags/example_external_task_marker_dag.py
[2022-07-24 19:36:59,094] {processor.py:641} INFO - Processing file /home/osboxes/.local/lib/python3.8/site-packages/airflow/example_dags/example_external_task_marker_dag.py for tasks to queue
[2022-07-24 19:36:59,094] {logging_mixin.py:115} INFO - [2022-07-24 19:36:59,094] {dagbag.py:507} INFO - Filling up the DagBag from /home/osboxes/.local/lib/python3.8/site-packages/airflow/example_dags/example_external_task_marker_dag.py
[2022-07-24 19:36:59,098] {processor.py:651} INFO - DAG(s) dict_keys(['example_external_task_marker_parent', 'example_external_task_marker_child']) retrieved from /home/osboxes/.local/lib/python3.8/site-packages/airflow/example_dags/example_external_task_marker_dag.py
[2022-07-24 19:36:59,153] {logging_mixin.py:115} INFO - [2022-07-24 19:36:59,153] {dag.py:2371} INFO - Sync 2 DAGs
[2022-07-24 19:36:59,171] {logging_mixin.py:115} INFO - [2022-07-24 19:36:59,171] {dag.py:2915} INFO - Setting next_dagrun for example_external_task_marker_child to None, run_after=None
[2022-07-24 19:36:59,171] {logging_mixin.py:115} INFO - [2022-07-24 19:36:59,171] {dag.py:2915} INFO - Setting next_dagrun for example_external_task_marker_parent to None, run_after=None
[2022-07-24 19:36:59,208] {processor.py:161} INFO - Processing /home/osboxes/.local/lib/python3.8/site-packages/airflow/example_dags/example_external_task_marker_dag.py took 0.118 seconds
[2022-07-24 19:37:36,533] {processor.py:153} INFO - Started process (PID=1354726) to work on /home/osboxes/.local/lib/python3.8/site-packages/airflow/example_dags/example_external_task_marker_dag.py
[2022-07-24 19:37:36,534] {processor.py:641} INFO - Processing file /home/osboxes/.local/lib/python3.8/site-packages/airflow/example_dags/example_external_task_marker_dag.py for tasks to queue
[2022-07-24 19:37:36,534] {logging_mixin.py:115} INFO - [2022-07-24 19:37:36,534] {dagbag.py:507} INFO - Filling up the DagBag from /home/osboxes/.local/lib/python3.8/site-packages/airflow/example_dags/example_external_task_marker_dag.py
[2022-07-24 19:37:36,538] {processor.py:651} INFO - DAG(s) dict_keys(['example_external_task_marker_parent', 'example_external_task_marker_child']) retrieved from /home/osboxes/.local/lib/python3.8/site-packages/airflow/example_dags/example_external_task_marker_dag.py
[2022-07-24 19:37:36,586] {logging_mixin.py:115} INFO - [2022-07-24 19:37:36,585] {dag.py:2371} INFO - Sync 2 DAGs
[2022-07-24 19:37:36,600] {logging_mixin.py:115} INFO - [2022-07-24 19:37:36,600] {dag.py:2915} INFO - Setting next_dagrun for example_external_task_marker_child to None, run_after=None
[2022-07-24 19:37:36,600] {logging_mixin.py:115} INFO - [2022-07-24 19:37:36,600] {dag.py:2915} INFO - Setting next_dagrun for example_external_task_marker_parent to None, run_after=None
[2022-07-24 19:37:36,639] {processor.py:161} INFO - Processing /home/osboxes/.local/lib/python3.8/site-packages/airflow/example_dags/example_external_task_marker_dag.py took 0.108 seconds
[2022-07-24 19:38:19,410] {processor.py:153} INFO - Started process (PID=1355053) to work on /home/osboxes/.local/lib/python3.8/site-packages/airflow/example_dags/example_external_task_marker_dag.py
[2022-07-24 19:38:19,412] {processor.py:641} INFO - Processing file /home/osboxes/.local/lib/python3.8/site-packages/airflow/example_dags/example_external_task_marker_dag.py for tasks to queue
[2022-07-24 19:38:19,412] {logging_mixin.py:115} INFO - [2022-07-24 19:38:19,412] {dagbag.py:507} INFO - Filling up the DagBag from /home/osboxes/.local/lib/python3.8/site-packages/airflow/example_dags/example_external_task_marker_dag.py
[2022-07-24 19:38:19,415] {processor.py:651} INFO - DAG(s) dict_keys(['example_external_task_marker_parent', 'example_external_task_marker_child']) retrieved from /home/osboxes/.local/lib/python3.8/site-packages/airflow/example_dags/example_external_task_marker_dag.py
[2022-07-24 19:38:19,454] {logging_mixin.py:115} INFO - [2022-07-24 19:38:19,454] {dag.py:2371} INFO - Sync 2 DAGs
[2022-07-24 19:38:19,468] {logging_mixin.py:115} INFO - [2022-07-24 19:38:19,468] {dag.py:2915} INFO - Setting next_dagrun for example_external_task_marker_child to None, run_after=None
[2022-07-24 19:38:19,468] {logging_mixin.py:115} INFO - [2022-07-24 19:38:19,468] {dag.py:2915} INFO - Setting next_dagrun for example_external_task_marker_parent to None, run_after=None
[2022-07-24 19:38:19,583] {processor.py:161} INFO - Processing /home/osboxes/.local/lib/python3.8/site-packages/airflow/example_dags/example_external_task_marker_dag.py took 0.175 seconds
[2022-07-24 19:39:01,795] {processor.py:153} INFO - Started process (PID=1355401) to work on /home/osboxes/.local/lib/python3.8/site-packages/airflow/example_dags/example_external_task_marker_dag.py
[2022-07-24 19:39:01,872] {processor.py:641} INFO - Processing file /home/osboxes/.local/lib/python3.8/site-packages/airflow/example_dags/example_external_task_marker_dag.py for tasks to queue
[2022-07-24 19:39:01,873] {logging_mixin.py:115} INFO - [2022-07-24 19:39:01,872] {dagbag.py:507} INFO - Filling up the DagBag from /home/osboxes/.local/lib/python3.8/site-packages/airflow/example_dags/example_external_task_marker_dag.py
[2022-07-24 19:39:01,876] {processor.py:651} INFO - DAG(s) dict_keys(['example_external_task_marker_parent', 'example_external_task_marker_child']) retrieved from /home/osboxes/.local/lib/python3.8/site-packages/airflow/example_dags/example_external_task_marker_dag.py
[2022-07-24 19:39:01,972] {logging_mixin.py:115} INFO - [2022-07-24 19:39:01,972] {dag.py:2371} INFO - Sync 2 DAGs
[2022-07-24 19:39:01,996] {logging_mixin.py:115} INFO - [2022-07-24 19:39:01,996] {dag.py:2915} INFO - Setting next_dagrun for example_external_task_marker_child to None, run_after=None
[2022-07-24 19:39:01,996] {logging_mixin.py:115} INFO - [2022-07-24 19:39:01,996] {dag.py:2915} INFO - Setting next_dagrun for example_external_task_marker_parent to None, run_after=None
[2022-07-24 19:39:02,038] {processor.py:161} INFO - Processing /home/osboxes/.local/lib/python3.8/site-packages/airflow/example_dags/example_external_task_marker_dag.py took 0.245 seconds
[2022-07-24 19:39:45,051] {processor.py:153} INFO - Started process (PID=1355796) to work on /home/osboxes/.local/lib/python3.8/site-packages/airflow/example_dags/example_external_task_marker_dag.py
[2022-07-24 19:39:45,056] {processor.py:641} INFO - Processing file /home/osboxes/.local/lib/python3.8/site-packages/airflow/example_dags/example_external_task_marker_dag.py for tasks to queue
[2022-07-24 19:39:45,059] {logging_mixin.py:115} INFO - [2022-07-24 19:39:45,058] {dagbag.py:507} INFO - Filling up the DagBag from /home/osboxes/.local/lib/python3.8/site-packages/airflow/example_dags/example_external_task_marker_dag.py
[2022-07-24 19:39:45,092] {processor.py:651} INFO - DAG(s) dict_keys(['example_external_task_marker_parent', 'example_external_task_marker_child']) retrieved from /home/osboxes/.local/lib/python3.8/site-packages/airflow/example_dags/example_external_task_marker_dag.py
[2022-07-24 19:39:51,423] {logging_mixin.py:115} INFO - [2022-07-24 19:39:51,422] {dag.py:2371} INFO - Sync 2 DAGs
[2022-07-24 19:39:57,453] {logging_mixin.py:115} INFO - [2022-07-24 19:39:57,452] {dag.py:2915} INFO - Setting next_dagrun for example_external_task_marker_child to None, run_after=None
[2022-07-24 19:39:57,504] {logging_mixin.py:115} INFO - [2022-07-24 19:39:57,503] {dag.py:2915} INFO - Setting next_dagrun for example_external_task_marker_parent to None, run_after=None
[2022-07-24 19:39:58,001] {processor.py:161} INFO - Processing /home/osboxes/.local/lib/python3.8/site-packages/airflow/example_dags/example_external_task_marker_dag.py took 12.993 seconds
[2022-07-24 19:40:39,517] {processor.py:153} INFO - Started process (PID=1356180) to work on /home/osboxes/.local/lib/python3.8/site-packages/airflow/example_dags/example_external_task_marker_dag.py
[2022-07-24 19:40:39,519] {processor.py:641} INFO - Processing file /home/osboxes/.local/lib/python3.8/site-packages/airflow/example_dags/example_external_task_marker_dag.py for tasks to queue
[2022-07-24 19:40:39,519] {logging_mixin.py:115} INFO - [2022-07-24 19:40:39,519] {dagbag.py:507} INFO - Filling up the DagBag from /home/osboxes/.local/lib/python3.8/site-packages/airflow/example_dags/example_external_task_marker_dag.py
[2022-07-24 19:40:39,523] {processor.py:651} INFO - DAG(s) dict_keys(['example_external_task_marker_parent', 'example_external_task_marker_child']) retrieved from /home/osboxes/.local/lib/python3.8/site-packages/airflow/example_dags/example_external_task_marker_dag.py
[2022-07-24 19:40:39,575] {logging_mixin.py:115} INFO - [2022-07-24 19:40:39,574] {dag.py:2371} INFO - Sync 2 DAGs
[2022-07-24 19:40:39,590] {logging_mixin.py:115} INFO - [2022-07-24 19:40:39,590] {dag.py:2915} INFO - Setting next_dagrun for example_external_task_marker_child to None, run_after=None
[2022-07-24 19:40:39,591] {logging_mixin.py:115} INFO - [2022-07-24 19:40:39,591] {dag.py:2915} INFO - Setting next_dagrun for example_external_task_marker_parent to None, run_after=None
[2022-07-24 19:40:39,619] {processor.py:161} INFO - Processing /home/osboxes/.local/lib/python3.8/site-packages/airflow/example_dags/example_external_task_marker_dag.py took 0.106 seconds
[2022-07-24 19:41:17,434] {processor.py:153} INFO - Started process (PID=1356477) to work on /home/osboxes/.local/lib/python3.8/site-packages/airflow/example_dags/example_external_task_marker_dag.py
[2022-07-24 19:41:17,436] {processor.py:641} INFO - Processing file /home/osboxes/.local/lib/python3.8/site-packages/airflow/example_dags/example_external_task_marker_dag.py for tasks to queue
[2022-07-24 19:41:17,436] {logging_mixin.py:115} INFO - [2022-07-24 19:41:17,436] {dagbag.py:507} INFO - Filling up the DagBag from /home/osboxes/.local/lib/python3.8/site-packages/airflow/example_dags/example_external_task_marker_dag.py
[2022-07-24 19:41:17,440] {processor.py:651} INFO - DAG(s) dict_keys(['example_external_task_marker_parent', 'example_external_task_marker_child']) retrieved from /home/osboxes/.local/lib/python3.8/site-packages/airflow/example_dags/example_external_task_marker_dag.py
[2022-07-24 19:41:17,475] {logging_mixin.py:115} INFO - [2022-07-24 19:41:17,475] {dag.py:2371} INFO - Sync 2 DAGs
[2022-07-24 19:41:17,488] {logging_mixin.py:115} INFO - [2022-07-24 19:41:17,488] {dag.py:2915} INFO - Setting next_dagrun for example_external_task_marker_child to None, run_after=None
[2022-07-24 19:41:17,488] {logging_mixin.py:115} INFO - [2022-07-24 19:41:17,488] {dag.py:2915} INFO - Setting next_dagrun for example_external_task_marker_parent to None, run_after=None
[2022-07-24 19:41:17,514] {processor.py:161} INFO - Processing /home/osboxes/.local/lib/python3.8/site-packages/airflow/example_dags/example_external_task_marker_dag.py took 0.083 seconds
[2022-07-24 19:41:58,235] {processor.py:153} INFO - Started process (PID=1356798) to work on /home/osboxes/.local/lib/python3.8/site-packages/airflow/example_dags/example_external_task_marker_dag.py
[2022-07-24 19:41:58,236] {processor.py:641} INFO - Processing file /home/osboxes/.local/lib/python3.8/site-packages/airflow/example_dags/example_external_task_marker_dag.py for tasks to queue
[2022-07-24 19:41:58,237] {logging_mixin.py:115} INFO - [2022-07-24 19:41:58,237] {dagbag.py:507} INFO - Filling up the DagBag from /home/osboxes/.local/lib/python3.8/site-packages/airflow/example_dags/example_external_task_marker_dag.py
[2022-07-24 19:41:58,240] {processor.py:651} INFO - DAG(s) dict_keys(['example_external_task_marker_parent', 'example_external_task_marker_child']) retrieved from /home/osboxes/.local/lib/python3.8/site-packages/airflow/example_dags/example_external_task_marker_dag.py
[2022-07-24 19:41:58,272] {logging_mixin.py:115} INFO - [2022-07-24 19:41:58,272] {dag.py:2371} INFO - Sync 2 DAGs
[2022-07-24 19:41:58,286] {logging_mixin.py:115} INFO - [2022-07-24 19:41:58,286] {dag.py:2915} INFO - Setting next_dagrun for example_external_task_marker_child to None, run_after=None
[2022-07-24 19:41:58,286] {logging_mixin.py:115} INFO - [2022-07-24 19:41:58,286] {dag.py:2915} INFO - Setting next_dagrun for example_external_task_marker_parent to None, run_after=None
[2022-07-24 19:41:58,313] {processor.py:161} INFO - Processing /home/osboxes/.local/lib/python3.8/site-packages/airflow/example_dags/example_external_task_marker_dag.py took 0.081 seconds
[2022-07-24 19:42:35,040] {processor.py:153} INFO - Started process (PID=1357080) to work on /home/osboxes/.local/lib/python3.8/site-packages/airflow/example_dags/example_external_task_marker_dag.py
[2022-07-24 19:42:35,041] {processor.py:641} INFO - Processing file /home/osboxes/.local/lib/python3.8/site-packages/airflow/example_dags/example_external_task_marker_dag.py for tasks to queue
[2022-07-24 19:42:35,041] {logging_mixin.py:115} INFO - [2022-07-24 19:42:35,041] {dagbag.py:507} INFO - Filling up the DagBag from /home/osboxes/.local/lib/python3.8/site-packages/airflow/example_dags/example_external_task_marker_dag.py
[2022-07-24 19:42:35,045] {processor.py:651} INFO - DAG(s) dict_keys(['example_external_task_marker_parent', 'example_external_task_marker_child']) retrieved from /home/osboxes/.local/lib/python3.8/site-packages/airflow/example_dags/example_external_task_marker_dag.py
[2022-07-24 19:42:35,084] {logging_mixin.py:115} INFO - [2022-07-24 19:42:35,083] {dag.py:2371} INFO - Sync 2 DAGs
[2022-07-24 19:42:35,098] {logging_mixin.py:115} INFO - [2022-07-24 19:42:35,098] {dag.py:2915} INFO - Setting next_dagrun for example_external_task_marker_child to None, run_after=None
[2022-07-24 19:42:35,098] {logging_mixin.py:115} INFO - [2022-07-24 19:42:35,098] {dag.py:2915} INFO - Setting next_dagrun for example_external_task_marker_parent to None, run_after=None
[2022-07-24 19:42:35,130] {processor.py:161} INFO - Processing /home/osboxes/.local/lib/python3.8/site-packages/airflow/example_dags/example_external_task_marker_dag.py took 0.094 seconds
[2022-07-24 19:43:15,753] {processor.py:153} INFO - Started process (PID=1357404) to work on /home/osboxes/.local/lib/python3.8/site-packages/airflow/example_dags/example_external_task_marker_dag.py
[2022-07-24 19:43:15,754] {processor.py:641} INFO - Processing file /home/osboxes/.local/lib/python3.8/site-packages/airflow/example_dags/example_external_task_marker_dag.py for tasks to queue
[2022-07-24 19:43:15,755] {logging_mixin.py:115} INFO - [2022-07-24 19:43:15,755] {dagbag.py:507} INFO - Filling up the DagBag from /home/osboxes/.local/lib/python3.8/site-packages/airflow/example_dags/example_external_task_marker_dag.py
[2022-07-24 19:43:15,759] {processor.py:651} INFO - DAG(s) dict_keys(['example_external_task_marker_parent', 'example_external_task_marker_child']) retrieved from /home/osboxes/.local/lib/python3.8/site-packages/airflow/example_dags/example_external_task_marker_dag.py
[2022-07-24 19:43:15,805] {logging_mixin.py:115} INFO - [2022-07-24 19:43:15,805] {dag.py:2371} INFO - Sync 2 DAGs
[2022-07-24 19:43:15,825] {logging_mixin.py:115} INFO - [2022-07-24 19:43:15,825] {dag.py:2915} INFO - Setting next_dagrun for example_external_task_marker_child to None, run_after=None
[2022-07-24 19:43:15,826] {logging_mixin.py:115} INFO - [2022-07-24 19:43:15,825] {dag.py:2915} INFO - Setting next_dagrun for example_external_task_marker_parent to None, run_after=None
[2022-07-24 19:43:15,866] {processor.py:161} INFO - Processing /home/osboxes/.local/lib/python3.8/site-packages/airflow/example_dags/example_external_task_marker_dag.py took 0.116 seconds
[2022-07-24 19:44:00,519] {processor.py:153} INFO - Started process (PID=1357736) to work on /home/osboxes/.local/lib/python3.8/site-packages/airflow/example_dags/example_external_task_marker_dag.py
[2022-07-24 19:44:00,523] {processor.py:641} INFO - Processing file /home/osboxes/.local/lib/python3.8/site-packages/airflow/example_dags/example_external_task_marker_dag.py for tasks to queue
[2022-07-24 19:44:00,525] {logging_mixin.py:115} INFO - [2022-07-24 19:44:00,524] {dagbag.py:507} INFO - Filling up the DagBag from /home/osboxes/.local/lib/python3.8/site-packages/airflow/example_dags/example_external_task_marker_dag.py
[2022-07-24 19:44:00,528] {processor.py:651} INFO - DAG(s) dict_keys(['example_external_task_marker_parent', 'example_external_task_marker_child']) retrieved from /home/osboxes/.local/lib/python3.8/site-packages/airflow/example_dags/example_external_task_marker_dag.py
[2022-07-24 19:44:00,561] {logging_mixin.py:115} INFO - [2022-07-24 19:44:00,561] {dag.py:2371} INFO - Sync 2 DAGs
[2022-07-24 19:44:00,574] {logging_mixin.py:115} INFO - [2022-07-24 19:44:00,574] {dag.py:2915} INFO - Setting next_dagrun for example_external_task_marker_child to None, run_after=None
[2022-07-24 19:44:00,574] {logging_mixin.py:115} INFO - [2022-07-24 19:44:00,574] {dag.py:2915} INFO - Setting next_dagrun for example_external_task_marker_parent to None, run_after=None
[2022-07-24 19:44:00,602] {processor.py:161} INFO - Processing /home/osboxes/.local/lib/python3.8/site-packages/airflow/example_dags/example_external_task_marker_dag.py took 0.085 seconds
[2022-07-24 19:44:37,423] {processor.py:153} INFO - Started process (PID=1358079) to work on /home/osboxes/.local/lib/python3.8/site-packages/airflow/example_dags/example_external_task_marker_dag.py
[2022-07-24 19:44:37,425] {processor.py:641} INFO - Processing file /home/osboxes/.local/lib/python3.8/site-packages/airflow/example_dags/example_external_task_marker_dag.py for tasks to queue
[2022-07-24 19:44:37,426] {logging_mixin.py:115} INFO - [2022-07-24 19:44:37,425] {dagbag.py:507} INFO - Filling up the DagBag from /home/osboxes/.local/lib/python3.8/site-packages/airflow/example_dags/example_external_task_marker_dag.py
[2022-07-24 19:44:37,429] {processor.py:651} INFO - DAG(s) dict_keys(['example_external_task_marker_parent', 'example_external_task_marker_child']) retrieved from /home/osboxes/.local/lib/python3.8/site-packages/airflow/example_dags/example_external_task_marker_dag.py
[2022-07-24 19:44:37,462] {logging_mixin.py:115} INFO - [2022-07-24 19:44:37,462] {dag.py:2371} INFO - Sync 2 DAGs
[2022-07-24 19:44:37,474] {logging_mixin.py:115} INFO - [2022-07-24 19:44:37,474] {dag.py:2915} INFO - Setting next_dagrun for example_external_task_marker_child to None, run_after=None
[2022-07-24 19:44:37,474] {logging_mixin.py:115} INFO - [2022-07-24 19:44:37,474] {dag.py:2915} INFO - Setting next_dagrun for example_external_task_marker_parent to None, run_after=None
[2022-07-24 19:44:37,501] {processor.py:161} INFO - Processing /home/osboxes/.local/lib/python3.8/site-packages/airflow/example_dags/example_external_task_marker_dag.py took 0.081 seconds
[2022-07-24 19:45:17,977] {processor.py:153} INFO - Started process (PID=1358410) to work on /home/osboxes/.local/lib/python3.8/site-packages/airflow/example_dags/example_external_task_marker_dag.py
[2022-07-24 19:45:17,981] {processor.py:641} INFO - Processing file /home/osboxes/.local/lib/python3.8/site-packages/airflow/example_dags/example_external_task_marker_dag.py for tasks to queue
[2022-07-24 19:45:17,981] {logging_mixin.py:115} INFO - [2022-07-24 19:45:17,981] {dagbag.py:507} INFO - Filling up the DagBag from /home/osboxes/.local/lib/python3.8/site-packages/airflow/example_dags/example_external_task_marker_dag.py
[2022-07-24 19:45:17,985] {processor.py:651} INFO - DAG(s) dict_keys(['example_external_task_marker_parent', 'example_external_task_marker_child']) retrieved from /home/osboxes/.local/lib/python3.8/site-packages/airflow/example_dags/example_external_task_marker_dag.py
[2022-07-24 19:45:18,018] {logging_mixin.py:115} INFO - [2022-07-24 19:45:18,018] {dag.py:2371} INFO - Sync 2 DAGs
[2022-07-24 19:45:18,030] {logging_mixin.py:115} INFO - [2022-07-24 19:45:18,030] {dag.py:2915} INFO - Setting next_dagrun for example_external_task_marker_child to None, run_after=None
[2022-07-24 19:45:18,030] {logging_mixin.py:115} INFO - [2022-07-24 19:45:18,030] {dag.py:2915} INFO - Setting next_dagrun for example_external_task_marker_parent to None, run_after=None
[2022-07-24 19:45:18,062] {processor.py:161} INFO - Processing /home/osboxes/.local/lib/python3.8/site-packages/airflow/example_dags/example_external_task_marker_dag.py took 0.088 seconds
[2022-07-24 19:45:56,745] {processor.py:153} INFO - Started process (PID=1358738) to work on /home/osboxes/.local/lib/python3.8/site-packages/airflow/example_dags/example_external_task_marker_dag.py
[2022-07-24 19:45:56,747] {processor.py:641} INFO - Processing file /home/osboxes/.local/lib/python3.8/site-packages/airflow/example_dags/example_external_task_marker_dag.py for tasks to queue
[2022-07-24 19:45:56,747] {logging_mixin.py:115} INFO - [2022-07-24 19:45:56,747] {dagbag.py:507} INFO - Filling up the DagBag from /home/osboxes/.local/lib/python3.8/site-packages/airflow/example_dags/example_external_task_marker_dag.py
[2022-07-24 19:45:56,750] {processor.py:651} INFO - DAG(s) dict_keys(['example_external_task_marker_parent', 'example_external_task_marker_child']) retrieved from /home/osboxes/.local/lib/python3.8/site-packages/airflow/example_dags/example_external_task_marker_dag.py
[2022-07-24 19:45:56,787] {logging_mixin.py:115} INFO - [2022-07-24 19:45:56,786] {dag.py:2371} INFO - Sync 2 DAGs
[2022-07-24 19:45:56,799] {logging_mixin.py:115} INFO - [2022-07-24 19:45:56,799] {dag.py:2915} INFO - Setting next_dagrun for example_external_task_marker_child to None, run_after=None
[2022-07-24 19:45:56,800] {logging_mixin.py:115} INFO - [2022-07-24 19:45:56,800] {dag.py:2915} INFO - Setting next_dagrun for example_external_task_marker_parent to None, run_after=None
[2022-07-24 19:45:56,827] {processor.py:161} INFO - Processing /home/osboxes/.local/lib/python3.8/site-packages/airflow/example_dags/example_external_task_marker_dag.py took 0.084 seconds
[2022-07-24 19:46:32,505] {processor.py:153} INFO - Started process (PID=1359027) to work on /home/osboxes/.local/lib/python3.8/site-packages/airflow/example_dags/example_external_task_marker_dag.py
[2022-07-24 19:46:32,508] {processor.py:641} INFO - Processing file /home/osboxes/.local/lib/python3.8/site-packages/airflow/example_dags/example_external_task_marker_dag.py for tasks to queue
[2022-07-24 19:46:32,509] {logging_mixin.py:115} INFO - [2022-07-24 19:46:32,509] {dagbag.py:507} INFO - Filling up the DagBag from /home/osboxes/.local/lib/python3.8/site-packages/airflow/example_dags/example_external_task_marker_dag.py
[2022-07-24 19:46:32,512] {processor.py:651} INFO - DAG(s) dict_keys(['example_external_task_marker_parent', 'example_external_task_marker_child']) retrieved from /home/osboxes/.local/lib/python3.8/site-packages/airflow/example_dags/example_external_task_marker_dag.py
[2022-07-24 19:46:32,545] {logging_mixin.py:115} INFO - [2022-07-24 19:46:32,545] {dag.py:2371} INFO - Sync 2 DAGs
[2022-07-24 19:46:32,556] {logging_mixin.py:115} INFO - [2022-07-24 19:46:32,556] {dag.py:2915} INFO - Setting next_dagrun for example_external_task_marker_child to None, run_after=None
[2022-07-24 19:46:32,557] {logging_mixin.py:115} INFO - [2022-07-24 19:46:32,557] {dag.py:2915} INFO - Setting next_dagrun for example_external_task_marker_parent to None, run_after=None
[2022-07-24 19:46:32,582] {processor.py:161} INFO - Processing /home/osboxes/.local/lib/python3.8/site-packages/airflow/example_dags/example_external_task_marker_dag.py took 0.079 seconds
[2022-07-24 19:47:10,039] {processor.py:153} INFO - Started process (PID=1359310) to work on /home/osboxes/.local/lib/python3.8/site-packages/airflow/example_dags/example_external_task_marker_dag.py
[2022-07-24 19:47:10,042] {processor.py:641} INFO - Processing file /home/osboxes/.local/lib/python3.8/site-packages/airflow/example_dags/example_external_task_marker_dag.py for tasks to queue
[2022-07-24 19:47:10,042] {logging_mixin.py:115} INFO - [2022-07-24 19:47:10,042] {dagbag.py:507} INFO - Filling up the DagBag from /home/osboxes/.local/lib/python3.8/site-packages/airflow/example_dags/example_external_task_marker_dag.py
[2022-07-24 19:47:10,045] {processor.py:651} INFO - DAG(s) dict_keys(['example_external_task_marker_parent', 'example_external_task_marker_child']) retrieved from /home/osboxes/.local/lib/python3.8/site-packages/airflow/example_dags/example_external_task_marker_dag.py
[2022-07-24 19:47:10,078] {logging_mixin.py:115} INFO - [2022-07-24 19:47:10,078] {dag.py:2371} INFO - Sync 2 DAGs
[2022-07-24 19:47:10,090] {logging_mixin.py:115} INFO - [2022-07-24 19:47:10,090] {dag.py:2915} INFO - Setting next_dagrun for example_external_task_marker_child to None, run_after=None
[2022-07-24 19:47:10,090] {logging_mixin.py:115} INFO - [2022-07-24 19:47:10,090] {dag.py:2915} INFO - Setting next_dagrun for example_external_task_marker_parent to None, run_after=None
[2022-07-24 19:47:10,132] {processor.py:161} INFO - Processing /home/osboxes/.local/lib/python3.8/site-packages/airflow/example_dags/example_external_task_marker_dag.py took 0.096 seconds
[2022-07-24 19:47:48,177] {processor.py:153} INFO - Started process (PID=1359617) to work on /home/osboxes/.local/lib/python3.8/site-packages/airflow/example_dags/example_external_task_marker_dag.py
[2022-07-24 19:47:48,179] {processor.py:641} INFO - Processing file /home/osboxes/.local/lib/python3.8/site-packages/airflow/example_dags/example_external_task_marker_dag.py for tasks to queue
[2022-07-24 19:47:48,179] {logging_mixin.py:115} INFO - [2022-07-24 19:47:48,179] {dagbag.py:507} INFO - Filling up the DagBag from /home/osboxes/.local/lib/python3.8/site-packages/airflow/example_dags/example_external_task_marker_dag.py
[2022-07-24 19:47:48,183] {processor.py:651} INFO - DAG(s) dict_keys(['example_external_task_marker_parent', 'example_external_task_marker_child']) retrieved from /home/osboxes/.local/lib/python3.8/site-packages/airflow/example_dags/example_external_task_marker_dag.py
[2022-07-24 19:47:48,217] {logging_mixin.py:115} INFO - [2022-07-24 19:47:48,217] {dag.py:2371} INFO - Sync 2 DAGs
[2022-07-24 19:47:48,228] {logging_mixin.py:115} INFO - [2022-07-24 19:47:48,228] {dag.py:2915} INFO - Setting next_dagrun for example_external_task_marker_child to None, run_after=None
[2022-07-24 19:47:48,228] {logging_mixin.py:115} INFO - [2022-07-24 19:47:48,228] {dag.py:2915} INFO - Setting next_dagrun for example_external_task_marker_parent to None, run_after=None
[2022-07-24 19:47:48,254] {processor.py:161} INFO - Processing /home/osboxes/.local/lib/python3.8/site-packages/airflow/example_dags/example_external_task_marker_dag.py took 0.079 seconds
[2022-07-24 19:48:28,601] {processor.py:153} INFO - Started process (PID=1359918) to work on /home/osboxes/.local/lib/python3.8/site-packages/airflow/example_dags/example_external_task_marker_dag.py
[2022-07-24 19:48:28,603] {processor.py:641} INFO - Processing file /home/osboxes/.local/lib/python3.8/site-packages/airflow/example_dags/example_external_task_marker_dag.py for tasks to queue
[2022-07-24 19:48:28,604] {logging_mixin.py:115} INFO - [2022-07-24 19:48:28,604] {dagbag.py:507} INFO - Filling up the DagBag from /home/osboxes/.local/lib/python3.8/site-packages/airflow/example_dags/example_external_task_marker_dag.py
[2022-07-24 19:48:28,610] {processor.py:651} INFO - DAG(s) dict_keys(['example_external_task_marker_parent', 'example_external_task_marker_child']) retrieved from /home/osboxes/.local/lib/python3.8/site-packages/airflow/example_dags/example_external_task_marker_dag.py
[2022-07-24 19:48:28,649] {logging_mixin.py:115} INFO - [2022-07-24 19:48:28,649] {dag.py:2371} INFO - Sync 2 DAGs
[2022-07-24 19:48:28,663] {logging_mixin.py:115} INFO - [2022-07-24 19:48:28,663] {dag.py:2915} INFO - Setting next_dagrun for example_external_task_marker_child to None, run_after=None
[2022-07-24 19:48:28,663] {logging_mixin.py:115} INFO - [2022-07-24 19:48:28,663] {dag.py:2915} INFO - Setting next_dagrun for example_external_task_marker_parent to None, run_after=None
[2022-07-24 19:48:28,688] {processor.py:161} INFO - Processing /home/osboxes/.local/lib/python3.8/site-packages/airflow/example_dags/example_external_task_marker_dag.py took 0.089 seconds
[2022-07-24 19:49:03,312] {processor.py:153} INFO - Started process (PID=1360203) to work on /home/osboxes/.local/lib/python3.8/site-packages/airflow/example_dags/example_external_task_marker_dag.py
[2022-07-24 19:49:03,314] {processor.py:641} INFO - Processing file /home/osboxes/.local/lib/python3.8/site-packages/airflow/example_dags/example_external_task_marker_dag.py for tasks to queue
[2022-07-24 19:49:03,314] {logging_mixin.py:115} INFO - [2022-07-24 19:49:03,314] {dagbag.py:507} INFO - Filling up the DagBag from /home/osboxes/.local/lib/python3.8/site-packages/airflow/example_dags/example_external_task_marker_dag.py
[2022-07-24 19:49:03,318] {processor.py:651} INFO - DAG(s) dict_keys(['example_external_task_marker_parent', 'example_external_task_marker_child']) retrieved from /home/osboxes/.local/lib/python3.8/site-packages/airflow/example_dags/example_external_task_marker_dag.py
[2022-07-24 19:49:03,355] {logging_mixin.py:115} INFO - [2022-07-24 19:49:03,355] {dag.py:2371} INFO - Sync 2 DAGs
[2022-07-24 19:49:03,367] {logging_mixin.py:115} INFO - [2022-07-24 19:49:03,366] {dag.py:2915} INFO - Setting next_dagrun for example_external_task_marker_child to None, run_after=None
[2022-07-24 19:49:03,367] {logging_mixin.py:115} INFO - [2022-07-24 19:49:03,367] {dag.py:2915} INFO - Setting next_dagrun for example_external_task_marker_parent to None, run_after=None
[2022-07-24 19:49:03,400] {processor.py:161} INFO - Processing /home/osboxes/.local/lib/python3.8/site-packages/airflow/example_dags/example_external_task_marker_dag.py took 0.091 seconds
[2022-07-24 19:49:40,786] {processor.py:153} INFO - Started process (PID=1360558) to work on /home/osboxes/.local/lib/python3.8/site-packages/airflow/example_dags/example_external_task_marker_dag.py
[2022-07-24 19:49:40,788] {processor.py:641} INFO - Processing file /home/osboxes/.local/lib/python3.8/site-packages/airflow/example_dags/example_external_task_marker_dag.py for tasks to queue
[2022-07-24 19:49:40,789] {logging_mixin.py:115} INFO - [2022-07-24 19:49:40,789] {dagbag.py:507} INFO - Filling up the DagBag from /home/osboxes/.local/lib/python3.8/site-packages/airflow/example_dags/example_external_task_marker_dag.py
[2022-07-24 19:49:40,792] {processor.py:651} INFO - DAG(s) dict_keys(['example_external_task_marker_parent', 'example_external_task_marker_child']) retrieved from /home/osboxes/.local/lib/python3.8/site-packages/airflow/example_dags/example_external_task_marker_dag.py
[2022-07-24 19:49:40,823] {logging_mixin.py:115} INFO - [2022-07-24 19:49:40,823] {dag.py:2371} INFO - Sync 2 DAGs
[2022-07-24 19:49:40,837] {logging_mixin.py:115} INFO - [2022-07-24 19:49:40,837] {dag.py:2915} INFO - Setting next_dagrun for example_external_task_marker_child to None, run_after=None
[2022-07-24 19:49:40,838] {logging_mixin.py:115} INFO - [2022-07-24 19:49:40,838] {dag.py:2915} INFO - Setting next_dagrun for example_external_task_marker_parent to None, run_after=None
[2022-07-24 19:49:40,864] {processor.py:161} INFO - Processing /home/osboxes/.local/lib/python3.8/site-packages/airflow/example_dags/example_external_task_marker_dag.py took 0.084 seconds
[2022-07-24 19:50:15,853] {processor.py:153} INFO - Started process (PID=1360838) to work on /home/osboxes/.local/lib/python3.8/site-packages/airflow/example_dags/example_external_task_marker_dag.py
[2022-07-24 19:50:15,855] {processor.py:641} INFO - Processing file /home/osboxes/.local/lib/python3.8/site-packages/airflow/example_dags/example_external_task_marker_dag.py for tasks to queue
[2022-07-24 19:50:15,855] {logging_mixin.py:115} INFO - [2022-07-24 19:50:15,855] {dagbag.py:507} INFO - Filling up the DagBag from /home/osboxes/.local/lib/python3.8/site-packages/airflow/example_dags/example_external_task_marker_dag.py
[2022-07-24 19:50:15,858] {processor.py:651} INFO - DAG(s) dict_keys(['example_external_task_marker_parent', 'example_external_task_marker_child']) retrieved from /home/osboxes/.local/lib/python3.8/site-packages/airflow/example_dags/example_external_task_marker_dag.py
[2022-07-24 19:50:15,893] {logging_mixin.py:115} INFO - [2022-07-24 19:50:15,893] {dag.py:2371} INFO - Sync 2 DAGs
[2022-07-24 19:50:15,908] {logging_mixin.py:115} INFO - [2022-07-24 19:50:15,908] {dag.py:2915} INFO - Setting next_dagrun for example_external_task_marker_child to None, run_after=None
[2022-07-24 19:50:15,909] {logging_mixin.py:115} INFO - [2022-07-24 19:50:15,909] {dag.py:2915} INFO - Setting next_dagrun for example_external_task_marker_parent to None, run_after=None
[2022-07-24 19:50:15,942] {processor.py:161} INFO - Processing /home/osboxes/.local/lib/python3.8/site-packages/airflow/example_dags/example_external_task_marker_dag.py took 0.091 seconds
[2022-07-24 19:50:52,014] {processor.py:153} INFO - Started process (PID=1361131) to work on /home/osboxes/.local/lib/python3.8/site-packages/airflow/example_dags/example_external_task_marker_dag.py
[2022-07-24 19:50:52,016] {processor.py:641} INFO - Processing file /home/osboxes/.local/lib/python3.8/site-packages/airflow/example_dags/example_external_task_marker_dag.py for tasks to queue
[2022-07-24 19:50:52,016] {logging_mixin.py:115} INFO - [2022-07-24 19:50:52,016] {dagbag.py:507} INFO - Filling up the DagBag from /home/osboxes/.local/lib/python3.8/site-packages/airflow/example_dags/example_external_task_marker_dag.py
[2022-07-24 19:50:52,020] {processor.py:651} INFO - DAG(s) dict_keys(['example_external_task_marker_parent', 'example_external_task_marker_child']) retrieved from /home/osboxes/.local/lib/python3.8/site-packages/airflow/example_dags/example_external_task_marker_dag.py
[2022-07-24 19:50:52,053] {logging_mixin.py:115} INFO - [2022-07-24 19:50:52,053] {dag.py:2371} INFO - Sync 2 DAGs
[2022-07-24 19:50:52,065] {logging_mixin.py:115} INFO - [2022-07-24 19:50:52,065] {dag.py:2915} INFO - Setting next_dagrun for example_external_task_marker_child to None, run_after=None
[2022-07-24 19:50:52,065] {logging_mixin.py:115} INFO - [2022-07-24 19:50:52,065] {dag.py:2915} INFO - Setting next_dagrun for example_external_task_marker_parent to None, run_after=None
[2022-07-24 19:50:52,123] {processor.py:161} INFO - Processing /home/osboxes/.local/lib/python3.8/site-packages/airflow/example_dags/example_external_task_marker_dag.py took 0.111 seconds
[2022-07-24 19:51:35,148] {processor.py:153} INFO - Started process (PID=1361472) to work on /home/osboxes/.local/lib/python3.8/site-packages/airflow/example_dags/example_external_task_marker_dag.py
[2022-07-24 19:51:35,150] {processor.py:641} INFO - Processing file /home/osboxes/.local/lib/python3.8/site-packages/airflow/example_dags/example_external_task_marker_dag.py for tasks to queue
[2022-07-24 19:51:35,151] {logging_mixin.py:115} INFO - [2022-07-24 19:51:35,150] {dagbag.py:507} INFO - Filling up the DagBag from /home/osboxes/.local/lib/python3.8/site-packages/airflow/example_dags/example_external_task_marker_dag.py
[2022-07-24 19:51:35,155] {processor.py:651} INFO - DAG(s) dict_keys(['example_external_task_marker_parent', 'example_external_task_marker_child']) retrieved from /home/osboxes/.local/lib/python3.8/site-packages/airflow/example_dags/example_external_task_marker_dag.py
[2022-07-24 19:51:35,191] {logging_mixin.py:115} INFO - [2022-07-24 19:51:35,191] {dag.py:2371} INFO - Sync 2 DAGs
[2022-07-24 19:51:35,203] {logging_mixin.py:115} INFO - [2022-07-24 19:51:35,202] {dag.py:2915} INFO - Setting next_dagrun for example_external_task_marker_child to None, run_after=None
[2022-07-24 19:51:35,203] {logging_mixin.py:115} INFO - [2022-07-24 19:51:35,203] {dag.py:2915} INFO - Setting next_dagrun for example_external_task_marker_parent to None, run_after=None
[2022-07-24 19:51:35,231] {processor.py:161} INFO - Processing /home/osboxes/.local/lib/python3.8/site-packages/airflow/example_dags/example_external_task_marker_dag.py took 0.085 seconds
