[2022-07-24 19:08:52,557] {processor.py:153} INFO - Started process (PID=1340812) to work on /home/osboxes/.local/lib/python3.8/site-packages/airflow/example_dags/example_short_circuit_operator.py
[2022-07-24 19:08:52,657] {processor.py:641} INFO - Processing file /home/osboxes/.local/lib/python3.8/site-packages/airflow/example_dags/example_short_circuit_operator.py for tasks to queue
[2022-07-24 19:08:52,658] {logging_mixin.py:115} INFO - [2022-07-24 19:08:52,658] {dagbag.py:507} INFO - Filling up the DagBag from /home/osboxes/.local/lib/python3.8/site-packages/airflow/example_dags/example_short_circuit_operator.py
[2022-07-24 19:08:52,978] {processor.py:651} INFO - DAG(s) dict_keys(['example_short_circuit_operator']) retrieved from /home/osboxes/.local/lib/python3.8/site-packages/airflow/example_dags/example_short_circuit_operator.py
[2022-07-24 19:08:53,537] {logging_mixin.py:115} INFO - [2022-07-24 19:08:53,537] {dag.py:2371} INFO - Sync 1 DAGs
[2022-07-24 19:08:59,711] {logging_mixin.py:115} INFO - [2022-07-24 19:08:59,710] {dag.py:2915} INFO - Setting next_dagrun for example_short_circuit_operator to 2022-07-23T23:08:59.710282+00:00, run_after=2022-07-24T23:08:59.710282+00:00
[2022-07-24 19:09:00,578] {processor.py:161} INFO - Processing /home/osboxes/.local/lib/python3.8/site-packages/airflow/example_dags/example_short_circuit_operator.py took 8.025 seconds
[2022-07-24 19:10:39,132] {processor.py:153} INFO - Started process (PID=1341816) to work on /home/osboxes/.local/lib/python3.8/site-packages/airflow/example_dags/example_short_circuit_operator.py
[2022-07-24 19:10:39,143] {processor.py:641} INFO - Processing file /home/osboxes/.local/lib/python3.8/site-packages/airflow/example_dags/example_short_circuit_operator.py for tasks to queue
[2022-07-24 19:10:39,143] {logging_mixin.py:115} INFO - [2022-07-24 19:10:39,143] {dagbag.py:507} INFO - Filling up the DagBag from /home/osboxes/.local/lib/python3.8/site-packages/airflow/example_dags/example_short_circuit_operator.py
[2022-07-24 19:10:39,151] {processor.py:651} INFO - DAG(s) dict_keys(['example_short_circuit_operator']) retrieved from /home/osboxes/.local/lib/python3.8/site-packages/airflow/example_dags/example_short_circuit_operator.py
[2022-07-24 19:10:39,169] {logging_mixin.py:115} INFO - [2022-07-24 19:10:39,169] {dag.py:2371} INFO - Sync 1 DAGs
[2022-07-24 19:10:39,186] {logging_mixin.py:115} INFO - [2022-07-24 19:10:39,186] {dag.py:2915} INFO - Setting next_dagrun for example_short_circuit_operator to 2022-07-23T23:10:39.186235+00:00, run_after=2022-07-24T23:10:39.186235+00:00
[2022-07-24 19:10:39,220] {processor.py:161} INFO - Processing /home/osboxes/.local/lib/python3.8/site-packages/airflow/example_dags/example_short_circuit_operator.py took 0.090 seconds
[2022-07-24 19:11:21,063] {processor.py:153} INFO - Started process (PID=1342145) to work on /home/osboxes/.local/lib/python3.8/site-packages/airflow/example_dags/example_short_circuit_operator.py
[2022-07-24 19:11:21,065] {processor.py:641} INFO - Processing file /home/osboxes/.local/lib/python3.8/site-packages/airflow/example_dags/example_short_circuit_operator.py for tasks to queue
[2022-07-24 19:11:21,066] {logging_mixin.py:115} INFO - [2022-07-24 19:11:21,065] {dagbag.py:507} INFO - Filling up the DagBag from /home/osboxes/.local/lib/python3.8/site-packages/airflow/example_dags/example_short_circuit_operator.py
[2022-07-24 19:11:21,073] {processor.py:651} INFO - DAG(s) dict_keys(['example_short_circuit_operator']) retrieved from /home/osboxes/.local/lib/python3.8/site-packages/airflow/example_dags/example_short_circuit_operator.py
[2022-07-24 19:11:21,091] {logging_mixin.py:115} INFO - [2022-07-24 19:11:21,091] {dag.py:2371} INFO - Sync 1 DAGs
[2022-07-24 19:11:21,120] {logging_mixin.py:115} INFO - [2022-07-24 19:11:21,120] {dag.py:2915} INFO - Setting next_dagrun for example_short_circuit_operator to 2022-07-23T23:11:21.120403+00:00, run_after=2022-07-24T23:11:21.120403+00:00
[2022-07-24 19:11:21,160] {processor.py:161} INFO - Processing /home/osboxes/.local/lib/python3.8/site-packages/airflow/example_dags/example_short_circuit_operator.py took 0.100 seconds
[2022-07-24 19:12:00,218] {processor.py:153} INFO - Started process (PID=1342467) to work on /home/osboxes/.local/lib/python3.8/site-packages/airflow/example_dags/example_short_circuit_operator.py
[2022-07-24 19:12:00,221] {processor.py:641} INFO - Processing file /home/osboxes/.local/lib/python3.8/site-packages/airflow/example_dags/example_short_circuit_operator.py for tasks to queue
[2022-07-24 19:12:00,222] {logging_mixin.py:115} INFO - [2022-07-24 19:12:00,222] {dagbag.py:507} INFO - Filling up the DagBag from /home/osboxes/.local/lib/python3.8/site-packages/airflow/example_dags/example_short_circuit_operator.py
[2022-07-24 19:12:00,229] {processor.py:651} INFO - DAG(s) dict_keys(['example_short_circuit_operator']) retrieved from /home/osboxes/.local/lib/python3.8/site-packages/airflow/example_dags/example_short_circuit_operator.py
[2022-07-24 19:12:00,251] {logging_mixin.py:115} INFO - [2022-07-24 19:12:00,251] {dag.py:2371} INFO - Sync 1 DAGs
[2022-07-24 19:12:00,264] {logging_mixin.py:115} INFO - [2022-07-24 19:12:00,264] {dag.py:2915} INFO - Setting next_dagrun for example_short_circuit_operator to 2022-07-23T23:12:00.264393+00:00, run_after=2022-07-24T23:12:00.264393+00:00
[2022-07-24 19:12:00,294] {processor.py:161} INFO - Processing /home/osboxes/.local/lib/python3.8/site-packages/airflow/example_dags/example_short_circuit_operator.py took 0.078 seconds
[2022-07-24 19:12:38,269] {processor.py:153} INFO - Started process (PID=1342748) to work on /home/osboxes/.local/lib/python3.8/site-packages/airflow/example_dags/example_short_circuit_operator.py
[2022-07-24 19:12:38,270] {processor.py:641} INFO - Processing file /home/osboxes/.local/lib/python3.8/site-packages/airflow/example_dags/example_short_circuit_operator.py for tasks to queue
[2022-07-24 19:12:38,271] {logging_mixin.py:115} INFO - [2022-07-24 19:12:38,271] {dagbag.py:507} INFO - Filling up the DagBag from /home/osboxes/.local/lib/python3.8/site-packages/airflow/example_dags/example_short_circuit_operator.py
[2022-07-24 19:12:38,278] {processor.py:651} INFO - DAG(s) dict_keys(['example_short_circuit_operator']) retrieved from /home/osboxes/.local/lib/python3.8/site-packages/airflow/example_dags/example_short_circuit_operator.py
[2022-07-24 19:12:38,297] {logging_mixin.py:115} INFO - [2022-07-24 19:12:38,297] {dag.py:2371} INFO - Sync 1 DAGs
[2022-07-24 19:12:38,313] {logging_mixin.py:115} INFO - [2022-07-24 19:12:38,313] {dag.py:2915} INFO - Setting next_dagrun for example_short_circuit_operator to 2022-07-23T23:12:38.313430+00:00, run_after=2022-07-24T23:12:38.313430+00:00
[2022-07-24 19:12:38,342] {processor.py:161} INFO - Processing /home/osboxes/.local/lib/python3.8/site-packages/airflow/example_dags/example_short_circuit_operator.py took 0.075 seconds
[2022-07-24 19:13:18,812] {processor.py:153} INFO - Started process (PID=1343069) to work on /home/osboxes/.local/lib/python3.8/site-packages/airflow/example_dags/example_short_circuit_operator.py
[2022-07-24 19:13:18,818] {processor.py:641} INFO - Processing file /home/osboxes/.local/lib/python3.8/site-packages/airflow/example_dags/example_short_circuit_operator.py for tasks to queue
[2022-07-24 19:13:18,819] {logging_mixin.py:115} INFO - [2022-07-24 19:13:18,819] {dagbag.py:507} INFO - Filling up the DagBag from /home/osboxes/.local/lib/python3.8/site-packages/airflow/example_dags/example_short_circuit_operator.py
[2022-07-24 19:13:18,830] {processor.py:651} INFO - DAG(s) dict_keys(['example_short_circuit_operator']) retrieved from /home/osboxes/.local/lib/python3.8/site-packages/airflow/example_dags/example_short_circuit_operator.py
[2022-07-24 19:13:18,855] {logging_mixin.py:115} INFO - [2022-07-24 19:13:18,855] {dag.py:2371} INFO - Sync 1 DAGs
[2022-07-24 19:13:18,871] {logging_mixin.py:115} INFO - [2022-07-24 19:13:18,870] {dag.py:2915} INFO - Setting next_dagrun for example_short_circuit_operator to 2022-07-23T23:13:18.870668+00:00, run_after=2022-07-24T23:13:18.870668+00:00
[2022-07-24 19:13:18,925] {processor.py:161} INFO - Processing /home/osboxes/.local/lib/python3.8/site-packages/airflow/example_dags/example_short_circuit_operator.py took 0.115 seconds
[2022-07-24 19:13:57,327] {processor.py:153} INFO - Started process (PID=1343360) to work on /home/osboxes/.local/lib/python3.8/site-packages/airflow/example_dags/example_short_circuit_operator.py
[2022-07-24 19:13:57,329] {processor.py:641} INFO - Processing file /home/osboxes/.local/lib/python3.8/site-packages/airflow/example_dags/example_short_circuit_operator.py for tasks to queue
[2022-07-24 19:13:57,330] {logging_mixin.py:115} INFO - [2022-07-24 19:13:57,329] {dagbag.py:507} INFO - Filling up the DagBag from /home/osboxes/.local/lib/python3.8/site-packages/airflow/example_dags/example_short_circuit_operator.py
[2022-07-24 19:13:57,337] {processor.py:651} INFO - DAG(s) dict_keys(['example_short_circuit_operator']) retrieved from /home/osboxes/.local/lib/python3.8/site-packages/airflow/example_dags/example_short_circuit_operator.py
[2022-07-24 19:13:57,356] {logging_mixin.py:115} INFO - [2022-07-24 19:13:57,355] {dag.py:2371} INFO - Sync 1 DAGs
[2022-07-24 19:13:57,369] {logging_mixin.py:115} INFO - [2022-07-24 19:13:57,369] {dag.py:2915} INFO - Setting next_dagrun for example_short_circuit_operator to 2022-07-23T23:13:57.369447+00:00, run_after=2022-07-24T23:13:57.369447+00:00
[2022-07-24 19:13:57,407] {processor.py:161} INFO - Processing /home/osboxes/.local/lib/python3.8/site-packages/airflow/example_dags/example_short_circuit_operator.py took 0.085 seconds
[2022-07-24 19:14:32,789] {processor.py:153} INFO - Started process (PID=1343699) to work on /home/osboxes/.local/lib/python3.8/site-packages/airflow/example_dags/example_short_circuit_operator.py
[2022-07-24 19:14:32,791] {processor.py:641} INFO - Processing file /home/osboxes/.local/lib/python3.8/site-packages/airflow/example_dags/example_short_circuit_operator.py for tasks to queue
[2022-07-24 19:14:32,792] {logging_mixin.py:115} INFO - [2022-07-24 19:14:32,792] {dagbag.py:507} INFO - Filling up the DagBag from /home/osboxes/.local/lib/python3.8/site-packages/airflow/example_dags/example_short_circuit_operator.py
[2022-07-24 19:14:32,798] {processor.py:651} INFO - DAG(s) dict_keys(['example_short_circuit_operator']) retrieved from /home/osboxes/.local/lib/python3.8/site-packages/airflow/example_dags/example_short_circuit_operator.py
[2022-07-24 19:14:32,818] {logging_mixin.py:115} INFO - [2022-07-24 19:14:32,818] {dag.py:2371} INFO - Sync 1 DAGs
[2022-07-24 19:14:32,832] {logging_mixin.py:115} INFO - [2022-07-24 19:14:32,832] {dag.py:2915} INFO - Setting next_dagrun for example_short_circuit_operator to 2022-07-23T23:14:32.832570+00:00, run_after=2022-07-24T23:14:32.832570+00:00
[2022-07-24 19:14:32,878] {processor.py:161} INFO - Processing /home/osboxes/.local/lib/python3.8/site-packages/airflow/example_dags/example_short_circuit_operator.py took 0.092 seconds
[2022-07-24 19:15:10,691] {processor.py:153} INFO - Started process (PID=1344010) to work on /home/osboxes/.local/lib/python3.8/site-packages/airflow/example_dags/example_short_circuit_operator.py
[2022-07-24 19:15:10,693] {processor.py:641} INFO - Processing file /home/osboxes/.local/lib/python3.8/site-packages/airflow/example_dags/example_short_circuit_operator.py for tasks to queue
[2022-07-24 19:15:10,694] {logging_mixin.py:115} INFO - [2022-07-24 19:15:10,694] {dagbag.py:507} INFO - Filling up the DagBag from /home/osboxes/.local/lib/python3.8/site-packages/airflow/example_dags/example_short_circuit_operator.py
[2022-07-24 19:15:10,707] {processor.py:651} INFO - DAG(s) dict_keys(['example_short_circuit_operator']) retrieved from /home/osboxes/.local/lib/python3.8/site-packages/airflow/example_dags/example_short_circuit_operator.py
[2022-07-24 19:15:10,733] {logging_mixin.py:115} INFO - [2022-07-24 19:15:10,733] {dag.py:2371} INFO - Sync 1 DAGs
[2022-07-24 19:15:10,758] {logging_mixin.py:115} INFO - [2022-07-24 19:15:10,758] {dag.py:2915} INFO - Setting next_dagrun for example_short_circuit_operator to 2022-07-23T23:15:10.757557+00:00, run_after=2022-07-24T23:15:10.757557+00:00
[2022-07-24 19:15:10,789] {processor.py:161} INFO - Processing /home/osboxes/.local/lib/python3.8/site-packages/airflow/example_dags/example_short_circuit_operator.py took 0.102 seconds
[2022-07-24 19:15:49,386] {processor.py:153} INFO - Started process (PID=1344297) to work on /home/osboxes/.local/lib/python3.8/site-packages/airflow/example_dags/example_short_circuit_operator.py
[2022-07-24 19:15:49,388] {processor.py:641} INFO - Processing file /home/osboxes/.local/lib/python3.8/site-packages/airflow/example_dags/example_short_circuit_operator.py for tasks to queue
[2022-07-24 19:15:49,388] {logging_mixin.py:115} INFO - [2022-07-24 19:15:49,388] {dagbag.py:507} INFO - Filling up the DagBag from /home/osboxes/.local/lib/python3.8/site-packages/airflow/example_dags/example_short_circuit_operator.py
[2022-07-24 19:15:49,396] {processor.py:651} INFO - DAG(s) dict_keys(['example_short_circuit_operator']) retrieved from /home/osboxes/.local/lib/python3.8/site-packages/airflow/example_dags/example_short_circuit_operator.py
[2022-07-24 19:15:49,417] {logging_mixin.py:115} INFO - [2022-07-24 19:15:49,417] {dag.py:2371} INFO - Sync 1 DAGs
[2022-07-24 19:15:49,441] {logging_mixin.py:115} INFO - [2022-07-24 19:15:49,441] {dag.py:2915} INFO - Setting next_dagrun for example_short_circuit_operator to 2022-07-23T23:15:49.441305+00:00, run_after=2022-07-24T23:15:49.441305+00:00
[2022-07-24 19:15:49,490] {processor.py:161} INFO - Processing /home/osboxes/.local/lib/python3.8/site-packages/airflow/example_dags/example_short_circuit_operator.py took 0.107 seconds
[2022-07-24 19:16:33,187] {processor.py:153} INFO - Started process (PID=1344662) to work on /home/osboxes/.local/lib/python3.8/site-packages/airflow/example_dags/example_short_circuit_operator.py
[2022-07-24 19:16:33,190] {processor.py:641} INFO - Processing file /home/osboxes/.local/lib/python3.8/site-packages/airflow/example_dags/example_short_circuit_operator.py for tasks to queue
[2022-07-24 19:16:33,190] {logging_mixin.py:115} INFO - [2022-07-24 19:16:33,190] {dagbag.py:507} INFO - Filling up the DagBag from /home/osboxes/.local/lib/python3.8/site-packages/airflow/example_dags/example_short_circuit_operator.py
[2022-07-24 19:16:33,198] {processor.py:651} INFO - DAG(s) dict_keys(['example_short_circuit_operator']) retrieved from /home/osboxes/.local/lib/python3.8/site-packages/airflow/example_dags/example_short_circuit_operator.py
[2022-07-24 19:16:33,217] {logging_mixin.py:115} INFO - [2022-07-24 19:16:33,217] {dag.py:2371} INFO - Sync 1 DAGs
[2022-07-24 19:16:33,231] {logging_mixin.py:115} INFO - [2022-07-24 19:16:33,231] {dag.py:2915} INFO - Setting next_dagrun for example_short_circuit_operator to 2022-07-23T23:16:33.231305+00:00, run_after=2022-07-24T23:16:33.231305+00:00
[2022-07-24 19:16:33,264] {processor.py:161} INFO - Processing /home/osboxes/.local/lib/python3.8/site-packages/airflow/example_dags/example_short_circuit_operator.py took 0.080 seconds
[2022-07-24 19:17:10,554] {processor.py:153} INFO - Started process (PID=1344948) to work on /home/osboxes/.local/lib/python3.8/site-packages/airflow/example_dags/example_short_circuit_operator.py
[2022-07-24 19:17:10,555] {processor.py:641} INFO - Processing file /home/osboxes/.local/lib/python3.8/site-packages/airflow/example_dags/example_short_circuit_operator.py for tasks to queue
[2022-07-24 19:17:10,556] {logging_mixin.py:115} INFO - [2022-07-24 19:17:10,556] {dagbag.py:507} INFO - Filling up the DagBag from /home/osboxes/.local/lib/python3.8/site-packages/airflow/example_dags/example_short_circuit_operator.py
[2022-07-24 19:17:10,564] {processor.py:651} INFO - DAG(s) dict_keys(['example_short_circuit_operator']) retrieved from /home/osboxes/.local/lib/python3.8/site-packages/airflow/example_dags/example_short_circuit_operator.py
[2022-07-24 19:17:10,593] {logging_mixin.py:115} INFO - [2022-07-24 19:17:10,593] {dag.py:2371} INFO - Sync 1 DAGs
[2022-07-24 19:17:10,613] {logging_mixin.py:115} INFO - [2022-07-24 19:17:10,613] {dag.py:2915} INFO - Setting next_dagrun for example_short_circuit_operator to 2022-07-23T23:17:10.613247+00:00, run_after=2022-07-24T23:17:10.613247+00:00
[2022-07-24 19:17:10,662] {processor.py:161} INFO - Processing /home/osboxes/.local/lib/python3.8/site-packages/airflow/example_dags/example_short_circuit_operator.py took 0.111 seconds
[2022-07-24 19:17:53,681] {processor.py:153} INFO - Started process (PID=1345276) to work on /home/osboxes/.local/lib/python3.8/site-packages/airflow/example_dags/example_short_circuit_operator.py
[2022-07-24 19:17:53,683] {processor.py:641} INFO - Processing file /home/osboxes/.local/lib/python3.8/site-packages/airflow/example_dags/example_short_circuit_operator.py for tasks to queue
[2022-07-24 19:17:53,683] {logging_mixin.py:115} INFO - [2022-07-24 19:17:53,683] {dagbag.py:507} INFO - Filling up the DagBag from /home/osboxes/.local/lib/python3.8/site-packages/airflow/example_dags/example_short_circuit_operator.py
[2022-07-24 19:17:53,690] {processor.py:651} INFO - DAG(s) dict_keys(['example_short_circuit_operator']) retrieved from /home/osboxes/.local/lib/python3.8/site-packages/airflow/example_dags/example_short_circuit_operator.py
[2022-07-24 19:17:53,712] {logging_mixin.py:115} INFO - [2022-07-24 19:17:53,712] {dag.py:2371} INFO - Sync 1 DAGs
[2022-07-24 19:17:53,726] {logging_mixin.py:115} INFO - [2022-07-24 19:17:53,726] {dag.py:2915} INFO - Setting next_dagrun for example_short_circuit_operator to 2022-07-23T23:17:53.725943+00:00, run_after=2022-07-24T23:17:53.725943+00:00
[2022-07-24 19:17:53,764] {processor.py:161} INFO - Processing /home/osboxes/.local/lib/python3.8/site-packages/airflow/example_dags/example_short_circuit_operator.py took 0.086 seconds
[2022-07-24 19:18:33,990] {processor.py:153} INFO - Started process (PID=1345601) to work on /home/osboxes/.local/lib/python3.8/site-packages/airflow/example_dags/example_short_circuit_operator.py
[2022-07-24 19:18:33,992] {processor.py:641} INFO - Processing file /home/osboxes/.local/lib/python3.8/site-packages/airflow/example_dags/example_short_circuit_operator.py for tasks to queue
[2022-07-24 19:18:33,992] {logging_mixin.py:115} INFO - [2022-07-24 19:18:33,992] {dagbag.py:507} INFO - Filling up the DagBag from /home/osboxes/.local/lib/python3.8/site-packages/airflow/example_dags/example_short_circuit_operator.py
[2022-07-24 19:18:34,002] {processor.py:651} INFO - DAG(s) dict_keys(['example_short_circuit_operator']) retrieved from /home/osboxes/.local/lib/python3.8/site-packages/airflow/example_dags/example_short_circuit_operator.py
[2022-07-24 19:18:34,020] {logging_mixin.py:115} INFO - [2022-07-24 19:18:34,020] {dag.py:2371} INFO - Sync 1 DAGs
[2022-07-24 19:18:34,034] {logging_mixin.py:115} INFO - [2022-07-24 19:18:34,034] {dag.py:2915} INFO - Setting next_dagrun for example_short_circuit_operator to 2022-07-23T23:18:34.033802+00:00, run_after=2022-07-24T23:18:34.033802+00:00
[2022-07-24 19:18:34,083] {processor.py:161} INFO - Processing /home/osboxes/.local/lib/python3.8/site-packages/airflow/example_dags/example_short_circuit_operator.py took 0.095 seconds
[2022-07-24 19:19:14,704] {processor.py:153} INFO - Started process (PID=1345915) to work on /home/osboxes/.local/lib/python3.8/site-packages/airflow/example_dags/example_short_circuit_operator.py
[2022-07-24 19:19:14,716] {processor.py:641} INFO - Processing file /home/osboxes/.local/lib/python3.8/site-packages/airflow/example_dags/example_short_circuit_operator.py for tasks to queue
[2022-07-24 19:19:14,717] {logging_mixin.py:115} INFO - [2022-07-24 19:19:14,717] {dagbag.py:507} INFO - Filling up the DagBag from /home/osboxes/.local/lib/python3.8/site-packages/airflow/example_dags/example_short_circuit_operator.py
[2022-07-24 19:19:14,724] {processor.py:651} INFO - DAG(s) dict_keys(['example_short_circuit_operator']) retrieved from /home/osboxes/.local/lib/python3.8/site-packages/airflow/example_dags/example_short_circuit_operator.py
[2022-07-24 19:19:14,754] {logging_mixin.py:115} INFO - [2022-07-24 19:19:14,754] {dag.py:2371} INFO - Sync 1 DAGs
[2022-07-24 19:19:14,773] {logging_mixin.py:115} INFO - [2022-07-24 19:19:14,773] {dag.py:2915} INFO - Setting next_dagrun for example_short_circuit_operator to 2022-07-23T23:19:14.772840+00:00, run_after=2022-07-24T23:19:14.772840+00:00
[2022-07-24 19:19:14,804] {processor.py:161} INFO - Processing /home/osboxes/.local/lib/python3.8/site-packages/airflow/example_dags/example_short_circuit_operator.py took 0.103 seconds
[2022-07-24 19:19:53,990] {processor.py:153} INFO - Started process (PID=1346265) to work on /home/osboxes/.local/lib/python3.8/site-packages/airflow/example_dags/example_short_circuit_operator.py
[2022-07-24 19:19:53,991] {processor.py:641} INFO - Processing file /home/osboxes/.local/lib/python3.8/site-packages/airflow/example_dags/example_short_circuit_operator.py for tasks to queue
[2022-07-24 19:19:53,992] {logging_mixin.py:115} INFO - [2022-07-24 19:19:53,992] {dagbag.py:507} INFO - Filling up the DagBag from /home/osboxes/.local/lib/python3.8/site-packages/airflow/example_dags/example_short_circuit_operator.py
[2022-07-24 19:19:53,998] {processor.py:651} INFO - DAG(s) dict_keys(['example_short_circuit_operator']) retrieved from /home/osboxes/.local/lib/python3.8/site-packages/airflow/example_dags/example_short_circuit_operator.py
[2022-07-24 19:19:54,019] {logging_mixin.py:115} INFO - [2022-07-24 19:19:54,019] {dag.py:2371} INFO - Sync 1 DAGs
[2022-07-24 19:19:54,032] {logging_mixin.py:115} INFO - [2022-07-24 19:19:54,032] {dag.py:2915} INFO - Setting next_dagrun for example_short_circuit_operator to 2022-07-23T23:19:54.032486+00:00, run_after=2022-07-24T23:19:54.032486+00:00
[2022-07-24 19:19:54,060] {processor.py:161} INFO - Processing /home/osboxes/.local/lib/python3.8/site-packages/airflow/example_dags/example_short_circuit_operator.py took 0.072 seconds
[2022-07-24 19:20:34,187] {processor.py:153} INFO - Started process (PID=1346591) to work on /home/osboxes/.local/lib/python3.8/site-packages/airflow/example_dags/example_short_circuit_operator.py
[2022-07-24 19:20:34,189] {processor.py:641} INFO - Processing file /home/osboxes/.local/lib/python3.8/site-packages/airflow/example_dags/example_short_circuit_operator.py for tasks to queue
[2022-07-24 19:20:34,189] {logging_mixin.py:115} INFO - [2022-07-24 19:20:34,189] {dagbag.py:507} INFO - Filling up the DagBag from /home/osboxes/.local/lib/python3.8/site-packages/airflow/example_dags/example_short_circuit_operator.py
[2022-07-24 19:20:34,196] {processor.py:651} INFO - DAG(s) dict_keys(['example_short_circuit_operator']) retrieved from /home/osboxes/.local/lib/python3.8/site-packages/airflow/example_dags/example_short_circuit_operator.py
[2022-07-24 19:20:34,214] {logging_mixin.py:115} INFO - [2022-07-24 19:20:34,214] {dag.py:2371} INFO - Sync 1 DAGs
[2022-07-24 19:20:34,230] {logging_mixin.py:115} INFO - [2022-07-24 19:20:34,229] {dag.py:2915} INFO - Setting next_dagrun for example_short_circuit_operator to 2022-07-23T23:20:34.229789+00:00, run_after=2022-07-24T23:20:34.229789+00:00
[2022-07-24 19:20:34,261] {processor.py:161} INFO - Processing /home/osboxes/.local/lib/python3.8/site-packages/airflow/example_dags/example_short_circuit_operator.py took 0.076 seconds
[2022-07-24 19:21:16,282] {processor.py:153} INFO - Started process (PID=1346917) to work on /home/osboxes/.local/lib/python3.8/site-packages/airflow/example_dags/example_short_circuit_operator.py
[2022-07-24 19:21:16,283] {processor.py:641} INFO - Processing file /home/osboxes/.local/lib/python3.8/site-packages/airflow/example_dags/example_short_circuit_operator.py for tasks to queue
[2022-07-24 19:21:16,284] {logging_mixin.py:115} INFO - [2022-07-24 19:21:16,284] {dagbag.py:507} INFO - Filling up the DagBag from /home/osboxes/.local/lib/python3.8/site-packages/airflow/example_dags/example_short_circuit_operator.py
[2022-07-24 19:21:16,290] {processor.py:651} INFO - DAG(s) dict_keys(['example_short_circuit_operator']) retrieved from /home/osboxes/.local/lib/python3.8/site-packages/airflow/example_dags/example_short_circuit_operator.py
[2022-07-24 19:21:16,306] {logging_mixin.py:115} INFO - [2022-07-24 19:21:16,306] {dag.py:2371} INFO - Sync 1 DAGs
[2022-07-24 19:21:16,319] {logging_mixin.py:115} INFO - [2022-07-24 19:21:16,319] {dag.py:2915} INFO - Setting next_dagrun for example_short_circuit_operator to 2022-07-23T23:21:16.319576+00:00, run_after=2022-07-24T23:21:16.319576+00:00
[2022-07-24 19:21:16,350] {processor.py:161} INFO - Processing /home/osboxes/.local/lib/python3.8/site-packages/airflow/example_dags/example_short_circuit_operator.py took 0.070 seconds
[2022-07-24 19:21:55,386] {processor.py:153} INFO - Started process (PID=1347217) to work on /home/osboxes/.local/lib/python3.8/site-packages/airflow/example_dags/example_short_circuit_operator.py
[2022-07-24 19:21:55,388] {processor.py:641} INFO - Processing file /home/osboxes/.local/lib/python3.8/site-packages/airflow/example_dags/example_short_circuit_operator.py for tasks to queue
[2022-07-24 19:21:55,388] {logging_mixin.py:115} INFO - [2022-07-24 19:21:55,388] {dagbag.py:507} INFO - Filling up the DagBag from /home/osboxes/.local/lib/python3.8/site-packages/airflow/example_dags/example_short_circuit_operator.py
[2022-07-24 19:21:55,396] {processor.py:651} INFO - DAG(s) dict_keys(['example_short_circuit_operator']) retrieved from /home/osboxes/.local/lib/python3.8/site-packages/airflow/example_dags/example_short_circuit_operator.py
[2022-07-24 19:21:55,416] {logging_mixin.py:115} INFO - [2022-07-24 19:21:55,416] {dag.py:2371} INFO - Sync 1 DAGs
[2022-07-24 19:21:55,429] {logging_mixin.py:115} INFO - [2022-07-24 19:21:55,429] {dag.py:2915} INFO - Setting next_dagrun for example_short_circuit_operator to 2022-07-23T23:21:55.429416+00:00, run_after=2022-07-24T23:21:55.429416+00:00
[2022-07-24 19:21:55,478] {processor.py:161} INFO - Processing /home/osboxes/.local/lib/python3.8/site-packages/airflow/example_dags/example_short_circuit_operator.py took 0.094 seconds
[2022-07-24 19:22:34,476] {processor.py:153} INFO - Started process (PID=1347526) to work on /home/osboxes/.local/lib/python3.8/site-packages/airflow/example_dags/example_short_circuit_operator.py
[2022-07-24 19:22:34,478] {processor.py:641} INFO - Processing file /home/osboxes/.local/lib/python3.8/site-packages/airflow/example_dags/example_short_circuit_operator.py for tasks to queue
[2022-07-24 19:22:34,478] {logging_mixin.py:115} INFO - [2022-07-24 19:22:34,478] {dagbag.py:507} INFO - Filling up the DagBag from /home/osboxes/.local/lib/python3.8/site-packages/airflow/example_dags/example_short_circuit_operator.py
[2022-07-24 19:22:34,485] {processor.py:651} INFO - DAG(s) dict_keys(['example_short_circuit_operator']) retrieved from /home/osboxes/.local/lib/python3.8/site-packages/airflow/example_dags/example_short_circuit_operator.py
[2022-07-24 19:22:34,504] {logging_mixin.py:115} INFO - [2022-07-24 19:22:34,504] {dag.py:2371} INFO - Sync 1 DAGs
[2022-07-24 19:22:34,521] {logging_mixin.py:115} INFO - [2022-07-24 19:22:34,521] {dag.py:2915} INFO - Setting next_dagrun for example_short_circuit_operator to 2022-07-23T23:22:34.521225+00:00, run_after=2022-07-24T23:22:34.521225+00:00
[2022-07-24 19:22:34,566] {processor.py:161} INFO - Processing /home/osboxes/.local/lib/python3.8/site-packages/airflow/example_dags/example_short_circuit_operator.py took 0.092 seconds
[2022-07-24 19:23:12,392] {processor.py:153} INFO - Started process (PID=1347826) to work on /home/osboxes/.local/lib/python3.8/site-packages/airflow/example_dags/example_short_circuit_operator.py
[2022-07-24 19:23:12,393] {processor.py:641} INFO - Processing file /home/osboxes/.local/lib/python3.8/site-packages/airflow/example_dags/example_short_circuit_operator.py for tasks to queue
[2022-07-24 19:23:12,393] {logging_mixin.py:115} INFO - [2022-07-24 19:23:12,393] {dagbag.py:507} INFO - Filling up the DagBag from /home/osboxes/.local/lib/python3.8/site-packages/airflow/example_dags/example_short_circuit_operator.py
[2022-07-24 19:23:12,403] {processor.py:651} INFO - DAG(s) dict_keys(['example_short_circuit_operator']) retrieved from /home/osboxes/.local/lib/python3.8/site-packages/airflow/example_dags/example_short_circuit_operator.py
[2022-07-24 19:23:12,426] {logging_mixin.py:115} INFO - [2022-07-24 19:23:12,426] {dag.py:2371} INFO - Sync 1 DAGs
[2022-07-24 19:23:12,442] {logging_mixin.py:115} INFO - [2022-07-24 19:23:12,441] {dag.py:2915} INFO - Setting next_dagrun for example_short_circuit_operator to 2022-07-23T23:23:12.441664+00:00, run_after=2022-07-24T23:23:12.441664+00:00
[2022-07-24 19:23:12,480] {processor.py:161} INFO - Processing /home/osboxes/.local/lib/python3.8/site-packages/airflow/example_dags/example_short_circuit_operator.py took 0.091 seconds
[2022-07-24 19:23:54,148] {processor.py:153} INFO - Started process (PID=1348151) to work on /home/osboxes/.local/lib/python3.8/site-packages/airflow/example_dags/example_short_circuit_operator.py
[2022-07-24 19:23:54,149] {processor.py:641} INFO - Processing file /home/osboxes/.local/lib/python3.8/site-packages/airflow/example_dags/example_short_circuit_operator.py for tasks to queue
[2022-07-24 19:23:54,150] {logging_mixin.py:115} INFO - [2022-07-24 19:23:54,150] {dagbag.py:507} INFO - Filling up the DagBag from /home/osboxes/.local/lib/python3.8/site-packages/airflow/example_dags/example_short_circuit_operator.py
[2022-07-24 19:23:54,158] {processor.py:651} INFO - DAG(s) dict_keys(['example_short_circuit_operator']) retrieved from /home/osboxes/.local/lib/python3.8/site-packages/airflow/example_dags/example_short_circuit_operator.py
[2022-07-24 19:23:54,188] {logging_mixin.py:115} INFO - [2022-07-24 19:23:54,188] {dag.py:2371} INFO - Sync 1 DAGs
[2022-07-24 19:23:54,201] {logging_mixin.py:115} INFO - [2022-07-24 19:23:54,201] {dag.py:2915} INFO - Setting next_dagrun for example_short_circuit_operator to 2022-07-23T23:23:54.201397+00:00, run_after=2022-07-24T23:23:54.201397+00:00
[2022-07-24 19:23:54,241] {processor.py:161} INFO - Processing /home/osboxes/.local/lib/python3.8/site-packages/airflow/example_dags/example_short_circuit_operator.py took 0.096 seconds
[2022-07-24 19:24:32,055] {processor.py:153} INFO - Started process (PID=1348493) to work on /home/osboxes/.local/lib/python3.8/site-packages/airflow/example_dags/example_short_circuit_operator.py
[2022-07-24 19:24:32,056] {processor.py:641} INFO - Processing file /home/osboxes/.local/lib/python3.8/site-packages/airflow/example_dags/example_short_circuit_operator.py for tasks to queue
[2022-07-24 19:24:32,057] {logging_mixin.py:115} INFO - [2022-07-24 19:24:32,056] {dagbag.py:507} INFO - Filling up the DagBag from /home/osboxes/.local/lib/python3.8/site-packages/airflow/example_dags/example_short_circuit_operator.py
[2022-07-24 19:24:32,065] {processor.py:651} INFO - DAG(s) dict_keys(['example_short_circuit_operator']) retrieved from /home/osboxes/.local/lib/python3.8/site-packages/airflow/example_dags/example_short_circuit_operator.py
[2022-07-24 19:24:32,083] {logging_mixin.py:115} INFO - [2022-07-24 19:24:32,083] {dag.py:2371} INFO - Sync 1 DAGs
[2022-07-24 19:24:32,102] {logging_mixin.py:115} INFO - [2022-07-24 19:24:32,101] {dag.py:2915} INFO - Setting next_dagrun for example_short_circuit_operator to 2022-07-23T23:24:32.101661+00:00, run_after=2022-07-24T23:24:32.101661+00:00
[2022-07-24 19:24:32,152] {processor.py:161} INFO - Processing /home/osboxes/.local/lib/python3.8/site-packages/airflow/example_dags/example_short_circuit_operator.py took 0.099 seconds
[2022-07-24 19:25:14,055] {processor.py:153} INFO - Started process (PID=1348830) to work on /home/osboxes/.local/lib/python3.8/site-packages/airflow/example_dags/example_short_circuit_operator.py
[2022-07-24 19:25:14,061] {processor.py:641} INFO - Processing file /home/osboxes/.local/lib/python3.8/site-packages/airflow/example_dags/example_short_circuit_operator.py for tasks to queue
[2022-07-24 19:25:14,061] {logging_mixin.py:115} INFO - [2022-07-24 19:25:14,061] {dagbag.py:507} INFO - Filling up the DagBag from /home/osboxes/.local/lib/python3.8/site-packages/airflow/example_dags/example_short_circuit_operator.py
[2022-07-24 19:25:14,069] {processor.py:651} INFO - DAG(s) dict_keys(['example_short_circuit_operator']) retrieved from /home/osboxes/.local/lib/python3.8/site-packages/airflow/example_dags/example_short_circuit_operator.py
[2022-07-24 19:25:14,165] {logging_mixin.py:115} INFO - [2022-07-24 19:25:14,165] {dag.py:2371} INFO - Sync 1 DAGs
[2022-07-24 19:25:14,225] {logging_mixin.py:115} INFO - [2022-07-24 19:25:14,225] {dag.py:2915} INFO - Setting next_dagrun for example_short_circuit_operator to 2022-07-23T23:25:14.224897+00:00, run_after=2022-07-24T23:25:14.224897+00:00
[2022-07-24 19:25:14,294] {processor.py:161} INFO - Processing /home/osboxes/.local/lib/python3.8/site-packages/airflow/example_dags/example_short_circuit_operator.py took 0.242 seconds
[2022-07-24 19:25:54,310] {processor.py:153} INFO - Started process (PID=1349155) to work on /home/osboxes/.local/lib/python3.8/site-packages/airflow/example_dags/example_short_circuit_operator.py
[2022-07-24 19:25:54,311] {processor.py:641} INFO - Processing file /home/osboxes/.local/lib/python3.8/site-packages/airflow/example_dags/example_short_circuit_operator.py for tasks to queue
[2022-07-24 19:25:54,312] {logging_mixin.py:115} INFO - [2022-07-24 19:25:54,312] {dagbag.py:507} INFO - Filling up the DagBag from /home/osboxes/.local/lib/python3.8/site-packages/airflow/example_dags/example_short_circuit_operator.py
[2022-07-24 19:25:54,319] {processor.py:651} INFO - DAG(s) dict_keys(['example_short_circuit_operator']) retrieved from /home/osboxes/.local/lib/python3.8/site-packages/airflow/example_dags/example_short_circuit_operator.py
[2022-07-24 19:25:54,337] {logging_mixin.py:115} INFO - [2022-07-24 19:25:54,337] {dag.py:2371} INFO - Sync 1 DAGs
[2022-07-24 19:25:54,354] {logging_mixin.py:115} INFO - [2022-07-24 19:25:54,354] {dag.py:2915} INFO - Setting next_dagrun for example_short_circuit_operator to 2022-07-23T23:25:54.354251+00:00, run_after=2022-07-24T23:25:54.354251+00:00
[2022-07-24 19:25:54,388] {processor.py:161} INFO - Processing /home/osboxes/.local/lib/python3.8/site-packages/airflow/example_dags/example_short_circuit_operator.py took 0.080 seconds
[2022-07-24 19:26:32,785] {processor.py:153} INFO - Started process (PID=1349459) to work on /home/osboxes/.local/lib/python3.8/site-packages/airflow/example_dags/example_short_circuit_operator.py
[2022-07-24 19:26:32,787] {processor.py:641} INFO - Processing file /home/osboxes/.local/lib/python3.8/site-packages/airflow/example_dags/example_short_circuit_operator.py for tasks to queue
[2022-07-24 19:26:32,788] {logging_mixin.py:115} INFO - [2022-07-24 19:26:32,788] {dagbag.py:507} INFO - Filling up the DagBag from /home/osboxes/.local/lib/python3.8/site-packages/airflow/example_dags/example_short_circuit_operator.py
[2022-07-24 19:26:32,795] {processor.py:651} INFO - DAG(s) dict_keys(['example_short_circuit_operator']) retrieved from /home/osboxes/.local/lib/python3.8/site-packages/airflow/example_dags/example_short_circuit_operator.py
[2022-07-24 19:26:32,817] {logging_mixin.py:115} INFO - [2022-07-24 19:26:32,817] {dag.py:2371} INFO - Sync 1 DAGs
[2022-07-24 19:26:32,830] {logging_mixin.py:115} INFO - [2022-07-24 19:26:32,830] {dag.py:2915} INFO - Setting next_dagrun for example_short_circuit_operator to 2022-07-23T23:26:32.830124+00:00, run_after=2022-07-24T23:26:32.830124+00:00
[2022-07-24 19:26:32,883] {processor.py:161} INFO - Processing /home/osboxes/.local/lib/python3.8/site-packages/airflow/example_dags/example_short_circuit_operator.py took 0.100 seconds
[2022-07-24 19:27:13,941] {processor.py:153} INFO - Started process (PID=1349779) to work on /home/osboxes/.local/lib/python3.8/site-packages/airflow/example_dags/example_short_circuit_operator.py
[2022-07-24 19:27:13,943] {processor.py:641} INFO - Processing file /home/osboxes/.local/lib/python3.8/site-packages/airflow/example_dags/example_short_circuit_operator.py for tasks to queue
[2022-07-24 19:27:13,943] {logging_mixin.py:115} INFO - [2022-07-24 19:27:13,943] {dagbag.py:507} INFO - Filling up the DagBag from /home/osboxes/.local/lib/python3.8/site-packages/airflow/example_dags/example_short_circuit_operator.py
[2022-07-24 19:27:13,950] {processor.py:651} INFO - DAG(s) dict_keys(['example_short_circuit_operator']) retrieved from /home/osboxes/.local/lib/python3.8/site-packages/airflow/example_dags/example_short_circuit_operator.py
[2022-07-24 19:27:13,972] {logging_mixin.py:115} INFO - [2022-07-24 19:27:13,972] {dag.py:2371} INFO - Sync 1 DAGs
[2022-07-24 19:27:13,986] {logging_mixin.py:115} INFO - [2022-07-24 19:27:13,986] {dag.py:2915} INFO - Setting next_dagrun for example_short_circuit_operator to 2022-07-23T23:27:13.985246+00:00, run_after=2022-07-24T23:27:13.985246+00:00
[2022-07-24 19:27:14,017] {processor.py:161} INFO - Processing /home/osboxes/.local/lib/python3.8/site-packages/airflow/example_dags/example_short_circuit_operator.py took 0.078 seconds
[2022-07-24 19:27:49,582] {processor.py:153} INFO - Started process (PID=1350042) to work on /home/osboxes/.local/lib/python3.8/site-packages/airflow/example_dags/example_short_circuit_operator.py
[2022-07-24 19:27:49,584] {processor.py:641} INFO - Processing file /home/osboxes/.local/lib/python3.8/site-packages/airflow/example_dags/example_short_circuit_operator.py for tasks to queue
[2022-07-24 19:27:49,584] {logging_mixin.py:115} INFO - [2022-07-24 19:27:49,584] {dagbag.py:507} INFO - Filling up the DagBag from /home/osboxes/.local/lib/python3.8/site-packages/airflow/example_dags/example_short_circuit_operator.py
[2022-07-24 19:27:49,592] {processor.py:651} INFO - DAG(s) dict_keys(['example_short_circuit_operator']) retrieved from /home/osboxes/.local/lib/python3.8/site-packages/airflow/example_dags/example_short_circuit_operator.py
[2022-07-24 19:27:49,611] {logging_mixin.py:115} INFO - [2022-07-24 19:27:49,611] {dag.py:2371} INFO - Sync 1 DAGs
[2022-07-24 19:27:49,629] {logging_mixin.py:115} INFO - [2022-07-24 19:27:49,629] {dag.py:2915} INFO - Setting next_dagrun for example_short_circuit_operator to 2022-07-23T23:27:49.628933+00:00, run_after=2022-07-24T23:27:49.628933+00:00
[2022-07-24 19:27:49,666] {processor.py:161} INFO - Processing /home/osboxes/.local/lib/python3.8/site-packages/airflow/example_dags/example_short_circuit_operator.py took 0.086 seconds
[2022-07-24 19:28:26,299] {processor.py:153} INFO - Started process (PID=1350331) to work on /home/osboxes/.local/lib/python3.8/site-packages/airflow/example_dags/example_short_circuit_operator.py
[2022-07-24 19:28:26,301] {processor.py:641} INFO - Processing file /home/osboxes/.local/lib/python3.8/site-packages/airflow/example_dags/example_short_circuit_operator.py for tasks to queue
[2022-07-24 19:28:26,302] {logging_mixin.py:115} INFO - [2022-07-24 19:28:26,302] {dagbag.py:507} INFO - Filling up the DagBag from /home/osboxes/.local/lib/python3.8/site-packages/airflow/example_dags/example_short_circuit_operator.py
[2022-07-24 19:28:26,310] {processor.py:651} INFO - DAG(s) dict_keys(['example_short_circuit_operator']) retrieved from /home/osboxes/.local/lib/python3.8/site-packages/airflow/example_dags/example_short_circuit_operator.py
[2022-07-24 19:28:26,328] {logging_mixin.py:115} INFO - [2022-07-24 19:28:26,328] {dag.py:2371} INFO - Sync 1 DAGs
[2022-07-24 19:28:26,343] {logging_mixin.py:115} INFO - [2022-07-24 19:28:26,343] {dag.py:2915} INFO - Setting next_dagrun for example_short_circuit_operator to 2022-07-23T23:28:26.343332+00:00, run_after=2022-07-24T23:28:26.343332+00:00
[2022-07-24 19:28:26,380] {processor.py:161} INFO - Processing /home/osboxes/.local/lib/python3.8/site-packages/airflow/example_dags/example_short_circuit_operator.py took 0.083 seconds
[2022-07-24 19:29:07,997] {processor.py:153} INFO - Started process (PID=1350660) to work on /home/osboxes/.local/lib/python3.8/site-packages/airflow/example_dags/example_short_circuit_operator.py
[2022-07-24 19:29:08,001] {processor.py:641} INFO - Processing file /home/osboxes/.local/lib/python3.8/site-packages/airflow/example_dags/example_short_circuit_operator.py for tasks to queue
[2022-07-24 19:29:08,001] {logging_mixin.py:115} INFO - [2022-07-24 19:29:08,001] {dagbag.py:507} INFO - Filling up the DagBag from /home/osboxes/.local/lib/python3.8/site-packages/airflow/example_dags/example_short_circuit_operator.py
[2022-07-24 19:29:08,008] {processor.py:651} INFO - DAG(s) dict_keys(['example_short_circuit_operator']) retrieved from /home/osboxes/.local/lib/python3.8/site-packages/airflow/example_dags/example_short_circuit_operator.py
[2022-07-24 19:29:08,043] {logging_mixin.py:115} INFO - [2022-07-24 19:29:08,043] {dag.py:2371} INFO - Sync 1 DAGs
[2022-07-24 19:29:08,062] {logging_mixin.py:115} INFO - [2022-07-24 19:29:08,062] {dag.py:2915} INFO - Setting next_dagrun for example_short_circuit_operator to 2022-07-23T23:29:08.061852+00:00, run_after=2022-07-24T23:29:08.061852+00:00
[2022-07-24 19:29:08,096] {processor.py:161} INFO - Processing /home/osboxes/.local/lib/python3.8/site-packages/airflow/example_dags/example_short_circuit_operator.py took 0.102 seconds
[2022-07-24 19:29:52,389] {processor.py:153} INFO - Started process (PID=1351077) to work on /home/osboxes/.local/lib/python3.8/site-packages/airflow/example_dags/example_short_circuit_operator.py
[2022-07-24 19:29:52,392] {processor.py:641} INFO - Processing file /home/osboxes/.local/lib/python3.8/site-packages/airflow/example_dags/example_short_circuit_operator.py for tasks to queue
[2022-07-24 19:29:52,392] {logging_mixin.py:115} INFO - [2022-07-24 19:29:52,392] {dagbag.py:507} INFO - Filling up the DagBag from /home/osboxes/.local/lib/python3.8/site-packages/airflow/example_dags/example_short_circuit_operator.py
[2022-07-24 19:29:52,399] {processor.py:651} INFO - DAG(s) dict_keys(['example_short_circuit_operator']) retrieved from /home/osboxes/.local/lib/python3.8/site-packages/airflow/example_dags/example_short_circuit_operator.py
[2022-07-24 19:29:52,418] {logging_mixin.py:115} INFO - [2022-07-24 19:29:52,418] {dag.py:2371} INFO - Sync 1 DAGs
[2022-07-24 19:29:52,432] {logging_mixin.py:115} INFO - [2022-07-24 19:29:52,432] {dag.py:2915} INFO - Setting next_dagrun for example_short_circuit_operator to 2022-07-23T23:29:52.431987+00:00, run_after=2022-07-24T23:29:52.431987+00:00
[2022-07-24 19:29:52,481] {processor.py:161} INFO - Processing /home/osboxes/.local/lib/python3.8/site-packages/airflow/example_dags/example_short_circuit_operator.py took 0.094 seconds
[2022-07-24 19:30:34,516] {processor.py:153} INFO - Started process (PID=1351407) to work on /home/osboxes/.local/lib/python3.8/site-packages/airflow/example_dags/example_short_circuit_operator.py
[2022-07-24 19:30:34,517] {processor.py:641} INFO - Processing file /home/osboxes/.local/lib/python3.8/site-packages/airflow/example_dags/example_short_circuit_operator.py for tasks to queue
[2022-07-24 19:30:34,518] {logging_mixin.py:115} INFO - [2022-07-24 19:30:34,518] {dagbag.py:507} INFO - Filling up the DagBag from /home/osboxes/.local/lib/python3.8/site-packages/airflow/example_dags/example_short_circuit_operator.py
[2022-07-24 19:30:34,525] {processor.py:651} INFO - DAG(s) dict_keys(['example_short_circuit_operator']) retrieved from /home/osboxes/.local/lib/python3.8/site-packages/airflow/example_dags/example_short_circuit_operator.py
[2022-07-24 19:30:34,553] {logging_mixin.py:115} INFO - [2022-07-24 19:30:34,553] {dag.py:2371} INFO - Sync 1 DAGs
[2022-07-24 19:30:34,568] {logging_mixin.py:115} INFO - [2022-07-24 19:30:34,568] {dag.py:2915} INFO - Setting next_dagrun for example_short_circuit_operator to 2022-07-23T23:30:34.568126+00:00, run_after=2022-07-24T23:30:34.568126+00:00
[2022-07-24 19:30:34,617] {processor.py:161} INFO - Processing /home/osboxes/.local/lib/python3.8/site-packages/airflow/example_dags/example_short_circuit_operator.py took 0.104 seconds
[2022-07-24 19:31:11,386] {processor.py:153} INFO - Started process (PID=1351694) to work on /home/osboxes/.local/lib/python3.8/site-packages/airflow/example_dags/example_short_circuit_operator.py
[2022-07-24 19:31:11,389] {processor.py:641} INFO - Processing file /home/osboxes/.local/lib/python3.8/site-packages/airflow/example_dags/example_short_circuit_operator.py for tasks to queue
[2022-07-24 19:31:11,390] {logging_mixin.py:115} INFO - [2022-07-24 19:31:11,390] {dagbag.py:507} INFO - Filling up the DagBag from /home/osboxes/.local/lib/python3.8/site-packages/airflow/example_dags/example_short_circuit_operator.py
[2022-07-24 19:31:11,397] {processor.py:651} INFO - DAG(s) dict_keys(['example_short_circuit_operator']) retrieved from /home/osboxes/.local/lib/python3.8/site-packages/airflow/example_dags/example_short_circuit_operator.py
[2022-07-24 19:31:11,416] {logging_mixin.py:115} INFO - [2022-07-24 19:31:11,416] {dag.py:2371} INFO - Sync 1 DAGs
[2022-07-24 19:31:11,429] {logging_mixin.py:115} INFO - [2022-07-24 19:31:11,429] {dag.py:2915} INFO - Setting next_dagrun for example_short_circuit_operator to 2022-07-23T23:31:11.428809+00:00, run_after=2022-07-24T23:31:11.428809+00:00
[2022-07-24 19:31:11,467] {processor.py:161} INFO - Processing /home/osboxes/.local/lib/python3.8/site-packages/airflow/example_dags/example_short_circuit_operator.py took 0.083 seconds
[2022-07-24 19:31:49,381] {processor.py:153} INFO - Started process (PID=1351983) to work on /home/osboxes/.local/lib/python3.8/site-packages/airflow/example_dags/example_short_circuit_operator.py
[2022-07-24 19:31:49,383] {processor.py:641} INFO - Processing file /home/osboxes/.local/lib/python3.8/site-packages/airflow/example_dags/example_short_circuit_operator.py for tasks to queue
[2022-07-24 19:31:49,384] {logging_mixin.py:115} INFO - [2022-07-24 19:31:49,383] {dagbag.py:507} INFO - Filling up the DagBag from /home/osboxes/.local/lib/python3.8/site-packages/airflow/example_dags/example_short_circuit_operator.py
[2022-07-24 19:31:49,391] {processor.py:651} INFO - DAG(s) dict_keys(['example_short_circuit_operator']) retrieved from /home/osboxes/.local/lib/python3.8/site-packages/airflow/example_dags/example_short_circuit_operator.py
[2022-07-24 19:31:49,410] {logging_mixin.py:115} INFO - [2022-07-24 19:31:49,410] {dag.py:2371} INFO - Sync 1 DAGs
[2022-07-24 19:31:49,444] {logging_mixin.py:115} INFO - [2022-07-24 19:31:49,444] {dag.py:2915} INFO - Setting next_dagrun for example_short_circuit_operator to 2022-07-23T23:31:49.443914+00:00, run_after=2022-07-24T23:31:49.443914+00:00
[2022-07-24 19:31:49,482] {processor.py:161} INFO - Processing /home/osboxes/.local/lib/python3.8/site-packages/airflow/example_dags/example_short_circuit_operator.py took 0.103 seconds
[2022-07-24 19:32:32,837] {processor.py:153} INFO - Started process (PID=1352326) to work on /home/osboxes/.local/lib/python3.8/site-packages/airflow/example_dags/example_short_circuit_operator.py
[2022-07-24 19:32:32,838] {processor.py:641} INFO - Processing file /home/osboxes/.local/lib/python3.8/site-packages/airflow/example_dags/example_short_circuit_operator.py for tasks to queue
[2022-07-24 19:32:32,838] {logging_mixin.py:115} INFO - [2022-07-24 19:32:32,838] {dagbag.py:507} INFO - Filling up the DagBag from /home/osboxes/.local/lib/python3.8/site-packages/airflow/example_dags/example_short_circuit_operator.py
[2022-07-24 19:32:32,846] {processor.py:651} INFO - DAG(s) dict_keys(['example_short_circuit_operator']) retrieved from /home/osboxes/.local/lib/python3.8/site-packages/airflow/example_dags/example_short_circuit_operator.py
[2022-07-24 19:32:32,867] {logging_mixin.py:115} INFO - [2022-07-24 19:32:32,867] {dag.py:2371} INFO - Sync 1 DAGs
[2022-07-24 19:32:32,881] {logging_mixin.py:115} INFO - [2022-07-24 19:32:32,880] {dag.py:2915} INFO - Setting next_dagrun for example_short_circuit_operator to 2022-07-23T23:32:32.880741+00:00, run_after=2022-07-24T23:32:32.880741+00:00
[2022-07-24 19:32:32,919] {processor.py:161} INFO - Processing /home/osboxes/.local/lib/python3.8/site-packages/airflow/example_dags/example_short_circuit_operator.py took 0.085 seconds
[2022-07-24 19:33:12,352] {processor.py:153} INFO - Started process (PID=1352625) to work on /home/osboxes/.local/lib/python3.8/site-packages/airflow/example_dags/example_short_circuit_operator.py
[2022-07-24 19:33:12,353] {processor.py:641} INFO - Processing file /home/osboxes/.local/lib/python3.8/site-packages/airflow/example_dags/example_short_circuit_operator.py for tasks to queue
[2022-07-24 19:33:12,354] {logging_mixin.py:115} INFO - [2022-07-24 19:33:12,354] {dagbag.py:507} INFO - Filling up the DagBag from /home/osboxes/.local/lib/python3.8/site-packages/airflow/example_dags/example_short_circuit_operator.py
[2022-07-24 19:33:12,362] {processor.py:651} INFO - DAG(s) dict_keys(['example_short_circuit_operator']) retrieved from /home/osboxes/.local/lib/python3.8/site-packages/airflow/example_dags/example_short_circuit_operator.py
[2022-07-24 19:33:12,381] {logging_mixin.py:115} INFO - [2022-07-24 19:33:12,380] {dag.py:2371} INFO - Sync 1 DAGs
[2022-07-24 19:33:12,394] {logging_mixin.py:115} INFO - [2022-07-24 19:33:12,393] {dag.py:2915} INFO - Setting next_dagrun for example_short_circuit_operator to 2022-07-23T23:33:12.393690+00:00, run_after=2022-07-24T23:33:12.393690+00:00
[2022-07-24 19:33:12,434] {processor.py:161} INFO - Processing /home/osboxes/.local/lib/python3.8/site-packages/airflow/example_dags/example_short_circuit_operator.py took 0.084 seconds
[2022-07-24 19:33:52,174] {processor.py:153} INFO - Started process (PID=1352930) to work on /home/osboxes/.local/lib/python3.8/site-packages/airflow/example_dags/example_short_circuit_operator.py
[2022-07-24 19:33:52,176] {processor.py:641} INFO - Processing file /home/osboxes/.local/lib/python3.8/site-packages/airflow/example_dags/example_short_circuit_operator.py for tasks to queue
[2022-07-24 19:33:52,176] {logging_mixin.py:115} INFO - [2022-07-24 19:33:52,176] {dagbag.py:507} INFO - Filling up the DagBag from /home/osboxes/.local/lib/python3.8/site-packages/airflow/example_dags/example_short_circuit_operator.py
[2022-07-24 19:33:52,183] {processor.py:651} INFO - DAG(s) dict_keys(['example_short_circuit_operator']) retrieved from /home/osboxes/.local/lib/python3.8/site-packages/airflow/example_dags/example_short_circuit_operator.py
[2022-07-24 19:33:52,203] {logging_mixin.py:115} INFO - [2022-07-24 19:33:52,203] {dag.py:2371} INFO - Sync 1 DAGs
[2022-07-24 19:33:52,217] {logging_mixin.py:115} INFO - [2022-07-24 19:33:52,217] {dag.py:2915} INFO - Setting next_dagrun for example_short_circuit_operator to 2022-07-23T23:33:52.216790+00:00, run_after=2022-07-24T23:33:52.216790+00:00
[2022-07-24 19:33:52,270] {processor.py:161} INFO - Processing /home/osboxes/.local/lib/python3.8/site-packages/airflow/example_dags/example_short_circuit_operator.py took 0.102 seconds
[2022-07-24 19:34:33,407] {processor.py:153} INFO - Started process (PID=1353311) to work on /home/osboxes/.local/lib/python3.8/site-packages/airflow/example_dags/example_short_circuit_operator.py
[2022-07-24 19:34:33,409] {processor.py:641} INFO - Processing file /home/osboxes/.local/lib/python3.8/site-packages/airflow/example_dags/example_short_circuit_operator.py for tasks to queue
[2022-07-24 19:34:33,409] {logging_mixin.py:115} INFO - [2022-07-24 19:34:33,409] {dagbag.py:507} INFO - Filling up the DagBag from /home/osboxes/.local/lib/python3.8/site-packages/airflow/example_dags/example_short_circuit_operator.py
[2022-07-24 19:34:33,417] {processor.py:651} INFO - DAG(s) dict_keys(['example_short_circuit_operator']) retrieved from /home/osboxes/.local/lib/python3.8/site-packages/airflow/example_dags/example_short_circuit_operator.py
[2022-07-24 19:34:33,436] {logging_mixin.py:115} INFO - [2022-07-24 19:34:33,436] {dag.py:2371} INFO - Sync 1 DAGs
[2022-07-24 19:34:33,454] {logging_mixin.py:115} INFO - [2022-07-24 19:34:33,454] {dag.py:2915} INFO - Setting next_dagrun for example_short_circuit_operator to 2022-07-23T23:34:33.454537+00:00, run_after=2022-07-24T23:34:33.454537+00:00
[2022-07-24 19:34:33,496] {processor.py:161} INFO - Processing /home/osboxes/.local/lib/python3.8/site-packages/airflow/example_dags/example_short_circuit_operator.py took 0.090 seconds
[2022-07-24 19:35:15,948] {processor.py:153} INFO - Started process (PID=1353646) to work on /home/osboxes/.local/lib/python3.8/site-packages/airflow/example_dags/example_short_circuit_operator.py
[2022-07-24 19:35:15,969] {processor.py:641} INFO - Processing file /home/osboxes/.local/lib/python3.8/site-packages/airflow/example_dags/example_short_circuit_operator.py for tasks to queue
[2022-07-24 19:35:15,985] {logging_mixin.py:115} INFO - [2022-07-24 19:35:15,985] {dagbag.py:507} INFO - Filling up the DagBag from /home/osboxes/.local/lib/python3.8/site-packages/airflow/example_dags/example_short_circuit_operator.py
[2022-07-24 19:35:15,992] {processor.py:651} INFO - DAG(s) dict_keys(['example_short_circuit_operator']) retrieved from /home/osboxes/.local/lib/python3.8/site-packages/airflow/example_dags/example_short_circuit_operator.py
[2022-07-24 19:35:16,062] {logging_mixin.py:115} INFO - [2022-07-24 19:35:16,062] {dag.py:2371} INFO - Sync 1 DAGs
[2022-07-24 19:35:16,075] {logging_mixin.py:115} INFO - [2022-07-24 19:35:16,075] {dag.py:2915} INFO - Setting next_dagrun for example_short_circuit_operator to 2022-07-23T23:35:16.074966+00:00, run_after=2022-07-24T23:35:16.074966+00:00
[2022-07-24 19:35:16,151] {processor.py:161} INFO - Processing /home/osboxes/.local/lib/python3.8/site-packages/airflow/example_dags/example_short_circuit_operator.py took 0.205 seconds
[2022-07-24 19:35:57,749] {processor.py:153} INFO - Started process (PID=1353962) to work on /home/osboxes/.local/lib/python3.8/site-packages/airflow/example_dags/example_short_circuit_operator.py
[2022-07-24 19:35:57,750] {processor.py:641} INFO - Processing file /home/osboxes/.local/lib/python3.8/site-packages/airflow/example_dags/example_short_circuit_operator.py for tasks to queue
[2022-07-24 19:35:57,751] {logging_mixin.py:115} INFO - [2022-07-24 19:35:57,751] {dagbag.py:507} INFO - Filling up the DagBag from /home/osboxes/.local/lib/python3.8/site-packages/airflow/example_dags/example_short_circuit_operator.py
[2022-07-24 19:35:57,758] {processor.py:651} INFO - DAG(s) dict_keys(['example_short_circuit_operator']) retrieved from /home/osboxes/.local/lib/python3.8/site-packages/airflow/example_dags/example_short_circuit_operator.py
[2022-07-24 19:35:57,777] {logging_mixin.py:115} INFO - [2022-07-24 19:35:57,777] {dag.py:2371} INFO - Sync 1 DAGs
[2022-07-24 19:35:57,789] {logging_mixin.py:115} INFO - [2022-07-24 19:35:57,789] {dag.py:2915} INFO - Setting next_dagrun for example_short_circuit_operator to 2022-07-23T23:35:57.789643+00:00, run_after=2022-07-24T23:35:57.789643+00:00
[2022-07-24 19:35:57,836] {processor.py:161} INFO - Processing /home/osboxes/.local/lib/python3.8/site-packages/airflow/example_dags/example_short_circuit_operator.py took 0.090 seconds
[2022-07-24 19:36:35,575] {processor.py:153} INFO - Started process (PID=1354266) to work on /home/osboxes/.local/lib/python3.8/site-packages/airflow/example_dags/example_short_circuit_operator.py
[2022-07-24 19:36:35,586] {processor.py:641} INFO - Processing file /home/osboxes/.local/lib/python3.8/site-packages/airflow/example_dags/example_short_circuit_operator.py for tasks to queue
[2022-07-24 19:36:35,587] {logging_mixin.py:115} INFO - [2022-07-24 19:36:35,587] {dagbag.py:507} INFO - Filling up the DagBag from /home/osboxes/.local/lib/python3.8/site-packages/airflow/example_dags/example_short_circuit_operator.py
[2022-07-24 19:36:35,612] {processor.py:651} INFO - DAG(s) dict_keys(['example_short_circuit_operator']) retrieved from /home/osboxes/.local/lib/python3.8/site-packages/airflow/example_dags/example_short_circuit_operator.py
[2022-07-24 19:36:35,645] {logging_mixin.py:115} INFO - [2022-07-24 19:36:35,645] {dag.py:2371} INFO - Sync 1 DAGs
[2022-07-24 19:36:35,704] {logging_mixin.py:115} INFO - [2022-07-24 19:36:35,704] {dag.py:2915} INFO - Setting next_dagrun for example_short_circuit_operator to 2022-07-23T23:36:35.704277+00:00, run_after=2022-07-24T23:36:35.704277+00:00
[2022-07-24 19:36:35,770] {processor.py:161} INFO - Processing /home/osboxes/.local/lib/python3.8/site-packages/airflow/example_dags/example_short_circuit_operator.py took 0.198 seconds
[2022-07-24 19:37:15,468] {processor.py:153} INFO - Started process (PID=1354565) to work on /home/osboxes/.local/lib/python3.8/site-packages/airflow/example_dags/example_short_circuit_operator.py
[2022-07-24 19:37:15,470] {processor.py:641} INFO - Processing file /home/osboxes/.local/lib/python3.8/site-packages/airflow/example_dags/example_short_circuit_operator.py for tasks to queue
[2022-07-24 19:37:15,471] {logging_mixin.py:115} INFO - [2022-07-24 19:37:15,471] {dagbag.py:507} INFO - Filling up the DagBag from /home/osboxes/.local/lib/python3.8/site-packages/airflow/example_dags/example_short_circuit_operator.py
[2022-07-24 19:37:15,478] {processor.py:651} INFO - DAG(s) dict_keys(['example_short_circuit_operator']) retrieved from /home/osboxes/.local/lib/python3.8/site-packages/airflow/example_dags/example_short_circuit_operator.py
[2022-07-24 19:37:15,499] {logging_mixin.py:115} INFO - [2022-07-24 19:37:15,499] {dag.py:2371} INFO - Sync 1 DAGs
[2022-07-24 19:37:15,512] {logging_mixin.py:115} INFO - [2022-07-24 19:37:15,512] {dag.py:2915} INFO - Setting next_dagrun for example_short_circuit_operator to 2022-07-23T23:37:15.511882+00:00, run_after=2022-07-24T23:37:15.511882+00:00
[2022-07-24 19:37:15,540] {processor.py:161} INFO - Processing /home/osboxes/.local/lib/python3.8/site-packages/airflow/example_dags/example_short_circuit_operator.py took 0.073 seconds
[2022-07-24 19:37:53,302] {processor.py:153} INFO - Started process (PID=1354849) to work on /home/osboxes/.local/lib/python3.8/site-packages/airflow/example_dags/example_short_circuit_operator.py
[2022-07-24 19:37:53,304] {processor.py:641} INFO - Processing file /home/osboxes/.local/lib/python3.8/site-packages/airflow/example_dags/example_short_circuit_operator.py for tasks to queue
[2022-07-24 19:37:53,304] {logging_mixin.py:115} INFO - [2022-07-24 19:37:53,304] {dagbag.py:507} INFO - Filling up the DagBag from /home/osboxes/.local/lib/python3.8/site-packages/airflow/example_dags/example_short_circuit_operator.py
[2022-07-24 19:37:53,311] {processor.py:651} INFO - DAG(s) dict_keys(['example_short_circuit_operator']) retrieved from /home/osboxes/.local/lib/python3.8/site-packages/airflow/example_dags/example_short_circuit_operator.py
[2022-07-24 19:37:53,329] {logging_mixin.py:115} INFO - [2022-07-24 19:37:53,329] {dag.py:2371} INFO - Sync 1 DAGs
[2022-07-24 19:37:53,347] {logging_mixin.py:115} INFO - [2022-07-24 19:37:53,347] {dag.py:2915} INFO - Setting next_dagrun for example_short_circuit_operator to 2022-07-23T23:37:53.347382+00:00, run_after=2022-07-24T23:37:53.347382+00:00
[2022-07-24 19:37:53,402] {processor.py:161} INFO - Processing /home/osboxes/.local/lib/python3.8/site-packages/airflow/example_dags/example_short_circuit_operator.py took 0.102 seconds
[2022-07-24 19:38:37,015] {processor.py:153} INFO - Started process (PID=1355215) to work on /home/osboxes/.local/lib/python3.8/site-packages/airflow/example_dags/example_short_circuit_operator.py
[2022-07-24 19:38:37,025] {processor.py:641} INFO - Processing file /home/osboxes/.local/lib/python3.8/site-packages/airflow/example_dags/example_short_circuit_operator.py for tasks to queue
[2022-07-24 19:38:37,026] {logging_mixin.py:115} INFO - [2022-07-24 19:38:37,026] {dagbag.py:507} INFO - Filling up the DagBag from /home/osboxes/.local/lib/python3.8/site-packages/airflow/example_dags/example_short_circuit_operator.py
[2022-07-24 19:38:37,033] {processor.py:651} INFO - DAG(s) dict_keys(['example_short_circuit_operator']) retrieved from /home/osboxes/.local/lib/python3.8/site-packages/airflow/example_dags/example_short_circuit_operator.py
[2022-07-24 19:38:37,053] {logging_mixin.py:115} INFO - [2022-07-24 19:38:37,052] {dag.py:2371} INFO - Sync 1 DAGs
[2022-07-24 19:38:37,067] {logging_mixin.py:115} INFO - [2022-07-24 19:38:37,066] {dag.py:2915} INFO - Setting next_dagrun for example_short_circuit_operator to 2022-07-23T23:38:37.066688+00:00, run_after=2022-07-24T23:38:37.066688+00:00
[2022-07-24 19:38:37,111] {processor.py:161} INFO - Processing /home/osboxes/.local/lib/python3.8/site-packages/airflow/example_dags/example_short_circuit_operator.py took 0.099 seconds
[2022-07-24 19:39:17,028] {processor.py:153} INFO - Started process (PID=1355541) to work on /home/osboxes/.local/lib/python3.8/site-packages/airflow/example_dags/example_short_circuit_operator.py
[2022-07-24 19:39:17,029] {processor.py:641} INFO - Processing file /home/osboxes/.local/lib/python3.8/site-packages/airflow/example_dags/example_short_circuit_operator.py for tasks to queue
[2022-07-24 19:39:17,029] {logging_mixin.py:115} INFO - [2022-07-24 19:39:17,029] {dagbag.py:507} INFO - Filling up the DagBag from /home/osboxes/.local/lib/python3.8/site-packages/airflow/example_dags/example_short_circuit_operator.py
[2022-07-24 19:39:17,036] {processor.py:651} INFO - DAG(s) dict_keys(['example_short_circuit_operator']) retrieved from /home/osboxes/.local/lib/python3.8/site-packages/airflow/example_dags/example_short_circuit_operator.py
[2022-07-24 19:39:17,055] {logging_mixin.py:115} INFO - [2022-07-24 19:39:17,055] {dag.py:2371} INFO - Sync 1 DAGs
[2022-07-24 19:39:17,072] {logging_mixin.py:115} INFO - [2022-07-24 19:39:17,072] {dag.py:2915} INFO - Setting next_dagrun for example_short_circuit_operator to 2022-07-23T23:39:17.071774+00:00, run_after=2022-07-24T23:39:17.071774+00:00
[2022-07-24 19:39:17,110] {processor.py:161} INFO - Processing /home/osboxes/.local/lib/python3.8/site-packages/airflow/example_dags/example_short_circuit_operator.py took 0.085 seconds
[2022-07-24 19:40:20,481] {processor.py:153} INFO - Started process (PID=1356012) to work on /home/osboxes/.local/lib/python3.8/site-packages/airflow/example_dags/example_short_circuit_operator.py
[2022-07-24 19:40:20,483] {processor.py:641} INFO - Processing file /home/osboxes/.local/lib/python3.8/site-packages/airflow/example_dags/example_short_circuit_operator.py for tasks to queue
[2022-07-24 19:40:20,484] {logging_mixin.py:115} INFO - [2022-07-24 19:40:20,483] {dagbag.py:507} INFO - Filling up the DagBag from /home/osboxes/.local/lib/python3.8/site-packages/airflow/example_dags/example_short_circuit_operator.py
[2022-07-24 19:40:20,492] {processor.py:651} INFO - DAG(s) dict_keys(['example_short_circuit_operator']) retrieved from /home/osboxes/.local/lib/python3.8/site-packages/airflow/example_dags/example_short_circuit_operator.py
[2022-07-24 19:40:20,509] {logging_mixin.py:115} INFO - [2022-07-24 19:40:20,509] {dag.py:2371} INFO - Sync 1 DAGs
[2022-07-24 19:40:20,521] {logging_mixin.py:115} INFO - [2022-07-24 19:40:20,520] {dag.py:2915} INFO - Setting next_dagrun for example_short_circuit_operator to 2022-07-23T23:40:20.520706+00:00, run_after=2022-07-24T23:40:20.520706+00:00
[2022-07-24 19:40:20,546] {processor.py:161} INFO - Processing /home/osboxes/.local/lib/python3.8/site-packages/airflow/example_dags/example_short_circuit_operator.py took 0.068 seconds
[2022-07-24 19:40:57,963] {processor.py:153} INFO - Started process (PID=1356309) to work on /home/osboxes/.local/lib/python3.8/site-packages/airflow/example_dags/example_short_circuit_operator.py
[2022-07-24 19:40:57,965] {processor.py:641} INFO - Processing file /home/osboxes/.local/lib/python3.8/site-packages/airflow/example_dags/example_short_circuit_operator.py for tasks to queue
[2022-07-24 19:40:57,966] {logging_mixin.py:115} INFO - [2022-07-24 19:40:57,966] {dagbag.py:507} INFO - Filling up the DagBag from /home/osboxes/.local/lib/python3.8/site-packages/airflow/example_dags/example_short_circuit_operator.py
[2022-07-24 19:40:57,972] {processor.py:651} INFO - DAG(s) dict_keys(['example_short_circuit_operator']) retrieved from /home/osboxes/.local/lib/python3.8/site-packages/airflow/example_dags/example_short_circuit_operator.py
[2022-07-24 19:40:57,989] {logging_mixin.py:115} INFO - [2022-07-24 19:40:57,989] {dag.py:2371} INFO - Sync 1 DAGs
[2022-07-24 19:40:58,002] {logging_mixin.py:115} INFO - [2022-07-24 19:40:58,002] {dag.py:2915} INFO - Setting next_dagrun for example_short_circuit_operator to 2022-07-23T23:40:58.002701+00:00, run_after=2022-07-24T23:40:58.002701+00:00
[2022-07-24 19:40:58,026] {processor.py:161} INFO - Processing /home/osboxes/.local/lib/python3.8/site-packages/airflow/example_dags/example_short_circuit_operator.py took 0.065 seconds
[2022-07-24 19:41:34,185] {processor.py:153} INFO - Started process (PID=1356597) to work on /home/osboxes/.local/lib/python3.8/site-packages/airflow/example_dags/example_short_circuit_operator.py
[2022-07-24 19:41:34,186] {processor.py:641} INFO - Processing file /home/osboxes/.local/lib/python3.8/site-packages/airflow/example_dags/example_short_circuit_operator.py for tasks to queue
[2022-07-24 19:41:34,187] {logging_mixin.py:115} INFO - [2022-07-24 19:41:34,187] {dagbag.py:507} INFO - Filling up the DagBag from /home/osboxes/.local/lib/python3.8/site-packages/airflow/example_dags/example_short_circuit_operator.py
[2022-07-24 19:41:34,194] {processor.py:651} INFO - DAG(s) dict_keys(['example_short_circuit_operator']) retrieved from /home/osboxes/.local/lib/python3.8/site-packages/airflow/example_dags/example_short_circuit_operator.py
[2022-07-24 19:41:34,210] {logging_mixin.py:115} INFO - [2022-07-24 19:41:34,210] {dag.py:2371} INFO - Sync 1 DAGs
[2022-07-24 19:41:34,223] {logging_mixin.py:115} INFO - [2022-07-24 19:41:34,223] {dag.py:2915} INFO - Setting next_dagrun for example_short_circuit_operator to 2022-07-23T23:41:34.223464+00:00, run_after=2022-07-24T23:41:34.223464+00:00
[2022-07-24 19:41:34,267] {processor.py:161} INFO - Processing /home/osboxes/.local/lib/python3.8/site-packages/airflow/example_dags/example_short_circuit_operator.py took 0.085 seconds
[2022-07-24 19:42:12,495] {processor.py:153} INFO - Started process (PID=1356918) to work on /home/osboxes/.local/lib/python3.8/site-packages/airflow/example_dags/example_short_circuit_operator.py
[2022-07-24 19:42:12,497] {processor.py:641} INFO - Processing file /home/osboxes/.local/lib/python3.8/site-packages/airflow/example_dags/example_short_circuit_operator.py for tasks to queue
[2022-07-24 19:42:12,497] {logging_mixin.py:115} INFO - [2022-07-24 19:42:12,497] {dagbag.py:507} INFO - Filling up the DagBag from /home/osboxes/.local/lib/python3.8/site-packages/airflow/example_dags/example_short_circuit_operator.py
[2022-07-24 19:42:12,505] {processor.py:651} INFO - DAG(s) dict_keys(['example_short_circuit_operator']) retrieved from /home/osboxes/.local/lib/python3.8/site-packages/airflow/example_dags/example_short_circuit_operator.py
[2022-07-24 19:42:12,521] {logging_mixin.py:115} INFO - [2022-07-24 19:42:12,521] {dag.py:2371} INFO - Sync 1 DAGs
[2022-07-24 19:42:12,534] {logging_mixin.py:115} INFO - [2022-07-24 19:42:12,533] {dag.py:2915} INFO - Setting next_dagrun for example_short_circuit_operator to 2022-07-23T23:42:12.533757+00:00, run_after=2022-07-24T23:42:12.533757+00:00
[2022-07-24 19:42:12,561] {processor.py:161} INFO - Processing /home/osboxes/.local/lib/python3.8/site-packages/airflow/example_dags/example_short_circuit_operator.py took 0.068 seconds
[2022-07-24 19:42:48,927] {processor.py:153} INFO - Started process (PID=1357203) to work on /home/osboxes/.local/lib/python3.8/site-packages/airflow/example_dags/example_short_circuit_operator.py
[2022-07-24 19:42:48,929] {processor.py:641} INFO - Processing file /home/osboxes/.local/lib/python3.8/site-packages/airflow/example_dags/example_short_circuit_operator.py for tasks to queue
[2022-07-24 19:42:48,929] {logging_mixin.py:115} INFO - [2022-07-24 19:42:48,929] {dagbag.py:507} INFO - Filling up the DagBag from /home/osboxes/.local/lib/python3.8/site-packages/airflow/example_dags/example_short_circuit_operator.py
[2022-07-24 19:42:48,938] {processor.py:651} INFO - DAG(s) dict_keys(['example_short_circuit_operator']) retrieved from /home/osboxes/.local/lib/python3.8/site-packages/airflow/example_dags/example_short_circuit_operator.py
[2022-07-24 19:42:48,957] {logging_mixin.py:115} INFO - [2022-07-24 19:42:48,957] {dag.py:2371} INFO - Sync 1 DAGs
[2022-07-24 19:42:48,970] {logging_mixin.py:115} INFO - [2022-07-24 19:42:48,970] {dag.py:2915} INFO - Setting next_dagrun for example_short_circuit_operator to 2022-07-23T23:42:48.970518+00:00, run_after=2022-07-24T23:42:48.970518+00:00
[2022-07-24 19:42:49,002] {processor.py:161} INFO - Processing /home/osboxes/.local/lib/python3.8/site-packages/airflow/example_dags/example_short_circuit_operator.py took 0.077 seconds
[2022-07-24 19:43:31,016] {processor.py:153} INFO - Started process (PID=1357533) to work on /home/osboxes/.local/lib/python3.8/site-packages/airflow/example_dags/example_short_circuit_operator.py
[2022-07-24 19:43:31,038] {processor.py:641} INFO - Processing file /home/osboxes/.local/lib/python3.8/site-packages/airflow/example_dags/example_short_circuit_operator.py for tasks to queue
[2022-07-24 19:43:31,038] {logging_mixin.py:115} INFO - [2022-07-24 19:43:31,038] {dagbag.py:507} INFO - Filling up the DagBag from /home/osboxes/.local/lib/python3.8/site-packages/airflow/example_dags/example_short_circuit_operator.py
[2022-07-24 19:43:31,047] {processor.py:651} INFO - DAG(s) dict_keys(['example_short_circuit_operator']) retrieved from /home/osboxes/.local/lib/python3.8/site-packages/airflow/example_dags/example_short_circuit_operator.py
[2022-07-24 19:43:31,065] {logging_mixin.py:115} INFO - [2022-07-24 19:43:31,065] {dag.py:2371} INFO - Sync 1 DAGs
[2022-07-24 19:43:31,079] {logging_mixin.py:115} INFO - [2022-07-24 19:43:31,078] {dag.py:2915} INFO - Setting next_dagrun for example_short_circuit_operator to 2022-07-23T23:43:31.078727+00:00, run_after=2022-07-24T23:43:31.078727+00:00
[2022-07-24 19:43:31,118] {processor.py:161} INFO - Processing /home/osboxes/.local/lib/python3.8/site-packages/airflow/example_dags/example_short_circuit_operator.py took 0.104 seconds
[2022-07-24 19:44:08,853] {processor.py:153} INFO - Started process (PID=1357812) to work on /home/osboxes/.local/lib/python3.8/site-packages/airflow/example_dags/example_short_circuit_operator.py
[2022-07-24 19:44:08,856] {processor.py:641} INFO - Processing file /home/osboxes/.local/lib/python3.8/site-packages/airflow/example_dags/example_short_circuit_operator.py for tasks to queue
[2022-07-24 19:44:08,856] {logging_mixin.py:115} INFO - [2022-07-24 19:44:08,856] {dagbag.py:507} INFO - Filling up the DagBag from /home/osboxes/.local/lib/python3.8/site-packages/airflow/example_dags/example_short_circuit_operator.py
[2022-07-24 19:44:08,863] {processor.py:651} INFO - DAG(s) dict_keys(['example_short_circuit_operator']) retrieved from /home/osboxes/.local/lib/python3.8/site-packages/airflow/example_dags/example_short_circuit_operator.py
[2022-07-24 19:44:08,881] {logging_mixin.py:115} INFO - [2022-07-24 19:44:08,880] {dag.py:2371} INFO - Sync 1 DAGs
[2022-07-24 19:44:08,894] {logging_mixin.py:115} INFO - [2022-07-24 19:44:08,894] {dag.py:2915} INFO - Setting next_dagrun for example_short_circuit_operator to 2022-07-23T23:44:08.893903+00:00, run_after=2022-07-24T23:44:08.893903+00:00
[2022-07-24 19:44:08,931] {processor.py:161} INFO - Processing /home/osboxes/.local/lib/python3.8/site-packages/airflow/example_dags/example_short_circuit_operator.py took 0.080 seconds
[2022-07-24 19:44:46,434] {processor.py:153} INFO - Started process (PID=1358159) to work on /home/osboxes/.local/lib/python3.8/site-packages/airflow/example_dags/example_short_circuit_operator.py
[2022-07-24 19:44:46,438] {processor.py:641} INFO - Processing file /home/osboxes/.local/lib/python3.8/site-packages/airflow/example_dags/example_short_circuit_operator.py for tasks to queue
[2022-07-24 19:44:46,439] {logging_mixin.py:115} INFO - [2022-07-24 19:44:46,439] {dagbag.py:507} INFO - Filling up the DagBag from /home/osboxes/.local/lib/python3.8/site-packages/airflow/example_dags/example_short_circuit_operator.py
[2022-07-24 19:44:46,449] {processor.py:651} INFO - DAG(s) dict_keys(['example_short_circuit_operator']) retrieved from /home/osboxes/.local/lib/python3.8/site-packages/airflow/example_dags/example_short_circuit_operator.py
[2022-07-24 19:44:46,478] {logging_mixin.py:115} INFO - [2022-07-24 19:44:46,478] {dag.py:2371} INFO - Sync 1 DAGs
[2022-07-24 19:44:46,496] {logging_mixin.py:115} INFO - [2022-07-24 19:44:46,495] {dag.py:2915} INFO - Setting next_dagrun for example_short_circuit_operator to 2022-07-23T23:44:46.495694+00:00, run_after=2022-07-24T23:44:46.495694+00:00
[2022-07-24 19:44:46,528] {processor.py:161} INFO - Processing /home/osboxes/.local/lib/python3.8/site-packages/airflow/example_dags/example_short_circuit_operator.py took 0.096 seconds
[2022-07-24 19:45:28,110] {processor.py:153} INFO - Started process (PID=1358492) to work on /home/osboxes/.local/lib/python3.8/site-packages/airflow/example_dags/example_short_circuit_operator.py
[2022-07-24 19:45:28,112] {processor.py:641} INFO - Processing file /home/osboxes/.local/lib/python3.8/site-packages/airflow/example_dags/example_short_circuit_operator.py for tasks to queue
[2022-07-24 19:45:28,113] {logging_mixin.py:115} INFO - [2022-07-24 19:45:28,113] {dagbag.py:507} INFO - Filling up the DagBag from /home/osboxes/.local/lib/python3.8/site-packages/airflow/example_dags/example_short_circuit_operator.py
[2022-07-24 19:45:28,121] {processor.py:651} INFO - DAG(s) dict_keys(['example_short_circuit_operator']) retrieved from /home/osboxes/.local/lib/python3.8/site-packages/airflow/example_dags/example_short_circuit_operator.py
[2022-07-24 19:45:28,144] {logging_mixin.py:115} INFO - [2022-07-24 19:45:28,143] {dag.py:2371} INFO - Sync 1 DAGs
[2022-07-24 19:45:28,157] {logging_mixin.py:115} INFO - [2022-07-24 19:45:28,157] {dag.py:2915} INFO - Setting next_dagrun for example_short_circuit_operator to 2022-07-23T23:45:28.157607+00:00, run_after=2022-07-24T23:45:28.157607+00:00
[2022-07-24 19:45:28,202] {processor.py:161} INFO - Processing /home/osboxes/.local/lib/python3.8/site-packages/airflow/example_dags/example_short_circuit_operator.py took 0.095 seconds
[2022-07-24 19:46:03,374] {processor.py:153} INFO - Started process (PID=1358781) to work on /home/osboxes/.local/lib/python3.8/site-packages/airflow/example_dags/example_short_circuit_operator.py
[2022-07-24 19:46:03,375] {processor.py:641} INFO - Processing file /home/osboxes/.local/lib/python3.8/site-packages/airflow/example_dags/example_short_circuit_operator.py for tasks to queue
[2022-07-24 19:46:03,376] {logging_mixin.py:115} INFO - [2022-07-24 19:46:03,376] {dagbag.py:507} INFO - Filling up the DagBag from /home/osboxes/.local/lib/python3.8/site-packages/airflow/example_dags/example_short_circuit_operator.py
[2022-07-24 19:46:03,382] {processor.py:651} INFO - DAG(s) dict_keys(['example_short_circuit_operator']) retrieved from /home/osboxes/.local/lib/python3.8/site-packages/airflow/example_dags/example_short_circuit_operator.py
[2022-07-24 19:46:03,399] {logging_mixin.py:115} INFO - [2022-07-24 19:46:03,399] {dag.py:2371} INFO - Sync 1 DAGs
[2022-07-24 19:46:03,412] {logging_mixin.py:115} INFO - [2022-07-24 19:46:03,412] {dag.py:2915} INFO - Setting next_dagrun for example_short_circuit_operator to 2022-07-23T23:46:03.412634+00:00, run_after=2022-07-24T23:46:03.412634+00:00
[2022-07-24 19:46:03,456] {processor.py:161} INFO - Processing /home/osboxes/.local/lib/python3.8/site-packages/airflow/example_dags/example_short_circuit_operator.py took 0.084 seconds
[2022-07-24 19:46:38,397] {processor.py:153} INFO - Started process (PID=1359067) to work on /home/osboxes/.local/lib/python3.8/site-packages/airflow/example_dags/example_short_circuit_operator.py
[2022-07-24 19:46:38,399] {processor.py:641} INFO - Processing file /home/osboxes/.local/lib/python3.8/site-packages/airflow/example_dags/example_short_circuit_operator.py for tasks to queue
[2022-07-24 19:46:38,399] {logging_mixin.py:115} INFO - [2022-07-24 19:46:38,399] {dagbag.py:507} INFO - Filling up the DagBag from /home/osboxes/.local/lib/python3.8/site-packages/airflow/example_dags/example_short_circuit_operator.py
[2022-07-24 19:46:38,406] {processor.py:651} INFO - DAG(s) dict_keys(['example_short_circuit_operator']) retrieved from /home/osboxes/.local/lib/python3.8/site-packages/airflow/example_dags/example_short_circuit_operator.py
[2022-07-24 19:46:38,422] {logging_mixin.py:115} INFO - [2022-07-24 19:46:38,422] {dag.py:2371} INFO - Sync 1 DAGs
[2022-07-24 19:46:38,438] {logging_mixin.py:115} INFO - [2022-07-24 19:46:38,438] {dag.py:2915} INFO - Setting next_dagrun for example_short_circuit_operator to 2022-07-23T23:46:38.438319+00:00, run_after=2022-07-24T23:46:38.438319+00:00
[2022-07-24 19:46:38,473] {processor.py:161} INFO - Processing /home/osboxes/.local/lib/python3.8/site-packages/airflow/example_dags/example_short_circuit_operator.py took 0.078 seconds
[2022-07-24 19:47:19,046] {processor.py:153} INFO - Started process (PID=1359389) to work on /home/osboxes/.local/lib/python3.8/site-packages/airflow/example_dags/example_short_circuit_operator.py
[2022-07-24 19:47:19,047] {processor.py:641} INFO - Processing file /home/osboxes/.local/lib/python3.8/site-packages/airflow/example_dags/example_short_circuit_operator.py for tasks to queue
[2022-07-24 19:47:19,048] {logging_mixin.py:115} INFO - [2022-07-24 19:47:19,047] {dagbag.py:507} INFO - Filling up the DagBag from /home/osboxes/.local/lib/python3.8/site-packages/airflow/example_dags/example_short_circuit_operator.py
[2022-07-24 19:47:19,054] {processor.py:651} INFO - DAG(s) dict_keys(['example_short_circuit_operator']) retrieved from /home/osboxes/.local/lib/python3.8/site-packages/airflow/example_dags/example_short_circuit_operator.py
[2022-07-24 19:47:19,070] {logging_mixin.py:115} INFO - [2022-07-24 19:47:19,070] {dag.py:2371} INFO - Sync 1 DAGs
[2022-07-24 19:47:19,083] {logging_mixin.py:115} INFO - [2022-07-24 19:47:19,082] {dag.py:2915} INFO - Setting next_dagrun for example_short_circuit_operator to 2022-07-23T23:47:19.082751+00:00, run_after=2022-07-24T23:47:19.082751+00:00
[2022-07-24 19:47:19,132] {processor.py:161} INFO - Processing /home/osboxes/.local/lib/python3.8/site-packages/airflow/example_dags/example_short_circuit_operator.py took 0.090 seconds
[2022-07-24 19:47:55,264] {processor.py:153} INFO - Started process (PID=1359676) to work on /home/osboxes/.local/lib/python3.8/site-packages/airflow/example_dags/example_short_circuit_operator.py
[2022-07-24 19:47:55,265] {processor.py:641} INFO - Processing file /home/osboxes/.local/lib/python3.8/site-packages/airflow/example_dags/example_short_circuit_operator.py for tasks to queue
[2022-07-24 19:47:55,265] {logging_mixin.py:115} INFO - [2022-07-24 19:47:55,265] {dagbag.py:507} INFO - Filling up the DagBag from /home/osboxes/.local/lib/python3.8/site-packages/airflow/example_dags/example_short_circuit_operator.py
[2022-07-24 19:47:55,272] {processor.py:651} INFO - DAG(s) dict_keys(['example_short_circuit_operator']) retrieved from /home/osboxes/.local/lib/python3.8/site-packages/airflow/example_dags/example_short_circuit_operator.py
[2022-07-24 19:47:55,289] {logging_mixin.py:115} INFO - [2022-07-24 19:47:55,289] {dag.py:2371} INFO - Sync 1 DAGs
[2022-07-24 19:47:55,302] {logging_mixin.py:115} INFO - [2022-07-24 19:47:55,302] {dag.py:2915} INFO - Setting next_dagrun for example_short_circuit_operator to 2022-07-23T23:47:55.302290+00:00, run_after=2022-07-24T23:47:55.302290+00:00
[2022-07-24 19:47:55,340] {processor.py:161} INFO - Processing /home/osboxes/.local/lib/python3.8/site-packages/airflow/example_dags/example_short_circuit_operator.py took 0.078 seconds
[2022-07-24 19:48:35,582] {processor.py:153} INFO - Started process (PID=1359982) to work on /home/osboxes/.local/lib/python3.8/site-packages/airflow/example_dags/example_short_circuit_operator.py
[2022-07-24 19:48:35,583] {processor.py:641} INFO - Processing file /home/osboxes/.local/lib/python3.8/site-packages/airflow/example_dags/example_short_circuit_operator.py for tasks to queue
[2022-07-24 19:48:35,584] {logging_mixin.py:115} INFO - [2022-07-24 19:48:35,584] {dagbag.py:507} INFO - Filling up the DagBag from /home/osboxes/.local/lib/python3.8/site-packages/airflow/example_dags/example_short_circuit_operator.py
[2022-07-24 19:48:35,590] {processor.py:651} INFO - DAG(s) dict_keys(['example_short_circuit_operator']) retrieved from /home/osboxes/.local/lib/python3.8/site-packages/airflow/example_dags/example_short_circuit_operator.py
[2022-07-24 19:48:35,610] {logging_mixin.py:115} INFO - [2022-07-24 19:48:35,610] {dag.py:2371} INFO - Sync 1 DAGs
[2022-07-24 19:48:35,621] {logging_mixin.py:115} INFO - [2022-07-24 19:48:35,621] {dag.py:2915} INFO - Setting next_dagrun for example_short_circuit_operator to 2022-07-23T23:48:35.621391+00:00, run_after=2022-07-24T23:48:35.621391+00:00
[2022-07-24 19:48:35,649] {processor.py:161} INFO - Processing /home/osboxes/.local/lib/python3.8/site-packages/airflow/example_dags/example_short_circuit_operator.py took 0.069 seconds
[2022-07-24 19:49:14,494] {processor.py:153} INFO - Started process (PID=1360290) to work on /home/osboxes/.local/lib/python3.8/site-packages/airflow/example_dags/example_short_circuit_operator.py
[2022-07-24 19:49:14,495] {processor.py:641} INFO - Processing file /home/osboxes/.local/lib/python3.8/site-packages/airflow/example_dags/example_short_circuit_operator.py for tasks to queue
[2022-07-24 19:49:14,496] {logging_mixin.py:115} INFO - [2022-07-24 19:49:14,495] {dagbag.py:507} INFO - Filling up the DagBag from /home/osboxes/.local/lib/python3.8/site-packages/airflow/example_dags/example_short_circuit_operator.py
[2022-07-24 19:49:14,502] {processor.py:651} INFO - DAG(s) dict_keys(['example_short_circuit_operator']) retrieved from /home/osboxes/.local/lib/python3.8/site-packages/airflow/example_dags/example_short_circuit_operator.py
[2022-07-24 19:49:14,520] {logging_mixin.py:115} INFO - [2022-07-24 19:49:14,520] {dag.py:2371} INFO - Sync 1 DAGs
[2022-07-24 19:49:14,531] {logging_mixin.py:115} INFO - [2022-07-24 19:49:14,531] {dag.py:2915} INFO - Setting next_dagrun for example_short_circuit_operator to 2022-07-23T23:49:14.531146+00:00, run_after=2022-07-24T23:49:14.531146+00:00
[2022-07-24 19:49:14,561] {processor.py:161} INFO - Processing /home/osboxes/.local/lib/python3.8/site-packages/airflow/example_dags/example_short_circuit_operator.py took 0.069 seconds
[2022-07-24 19:49:51,523] {processor.py:153} INFO - Started process (PID=1360636) to work on /home/osboxes/.local/lib/python3.8/site-packages/airflow/example_dags/example_short_circuit_operator.py
[2022-07-24 19:49:51,525] {processor.py:641} INFO - Processing file /home/osboxes/.local/lib/python3.8/site-packages/airflow/example_dags/example_short_circuit_operator.py for tasks to queue
[2022-07-24 19:49:51,525] {logging_mixin.py:115} INFO - [2022-07-24 19:49:51,525] {dagbag.py:507} INFO - Filling up the DagBag from /home/osboxes/.local/lib/python3.8/site-packages/airflow/example_dags/example_short_circuit_operator.py
[2022-07-24 19:49:51,531] {processor.py:651} INFO - DAG(s) dict_keys(['example_short_circuit_operator']) retrieved from /home/osboxes/.local/lib/python3.8/site-packages/airflow/example_dags/example_short_circuit_operator.py
[2022-07-24 19:49:51,548] {logging_mixin.py:115} INFO - [2022-07-24 19:49:51,548] {dag.py:2371} INFO - Sync 1 DAGs
[2022-07-24 19:49:51,560] {logging_mixin.py:115} INFO - [2022-07-24 19:49:51,560] {dag.py:2915} INFO - Setting next_dagrun for example_short_circuit_operator to 2022-07-23T23:49:51.560005+00:00, run_after=2022-07-24T23:49:51.560005+00:00
[2022-07-24 19:49:51,596] {processor.py:161} INFO - Processing /home/osboxes/.local/lib/python3.8/site-packages/airflow/example_dags/example_short_circuit_operator.py took 0.076 seconds
[2022-07-24 19:50:31,673] {processor.py:153} INFO - Started process (PID=1360961) to work on /home/osboxes/.local/lib/python3.8/site-packages/airflow/example_dags/example_short_circuit_operator.py
[2022-07-24 19:50:31,674] {processor.py:641} INFO - Processing file /home/osboxes/.local/lib/python3.8/site-packages/airflow/example_dags/example_short_circuit_operator.py for tasks to queue
[2022-07-24 19:50:31,675] {logging_mixin.py:115} INFO - [2022-07-24 19:50:31,675] {dagbag.py:507} INFO - Filling up the DagBag from /home/osboxes/.local/lib/python3.8/site-packages/airflow/example_dags/example_short_circuit_operator.py
[2022-07-24 19:50:31,682] {processor.py:651} INFO - DAG(s) dict_keys(['example_short_circuit_operator']) retrieved from /home/osboxes/.local/lib/python3.8/site-packages/airflow/example_dags/example_short_circuit_operator.py
[2022-07-24 19:50:31,698] {logging_mixin.py:115} INFO - [2022-07-24 19:50:31,698] {dag.py:2371} INFO - Sync 1 DAGs
[2022-07-24 19:50:31,725] {logging_mixin.py:115} INFO - [2022-07-24 19:50:31,725] {dag.py:2915} INFO - Setting next_dagrun for example_short_circuit_operator to 2022-07-23T23:50:31.724966+00:00, run_after=2022-07-24T23:50:31.724966+00:00
[2022-07-24 19:50:31,768] {processor.py:161} INFO - Processing /home/osboxes/.local/lib/python3.8/site-packages/airflow/example_dags/example_short_circuit_operator.py took 0.098 seconds
[2022-07-24 19:51:07,253] {processor.py:153} INFO - Started process (PID=1361252) to work on /home/osboxes/.local/lib/python3.8/site-packages/airflow/example_dags/example_short_circuit_operator.py
[2022-07-24 19:51:07,254] {processor.py:641} INFO - Processing file /home/osboxes/.local/lib/python3.8/site-packages/airflow/example_dags/example_short_circuit_operator.py for tasks to queue
[2022-07-24 19:51:07,255] {logging_mixin.py:115} INFO - [2022-07-24 19:51:07,255] {dagbag.py:507} INFO - Filling up the DagBag from /home/osboxes/.local/lib/python3.8/site-packages/airflow/example_dags/example_short_circuit_operator.py
[2022-07-24 19:51:07,261] {processor.py:651} INFO - DAG(s) dict_keys(['example_short_circuit_operator']) retrieved from /home/osboxes/.local/lib/python3.8/site-packages/airflow/example_dags/example_short_circuit_operator.py
[2022-07-24 19:51:07,282] {logging_mixin.py:115} INFO - [2022-07-24 19:51:07,282] {dag.py:2371} INFO - Sync 1 DAGs
[2022-07-24 19:51:07,293] {logging_mixin.py:115} INFO - [2022-07-24 19:51:07,293] {dag.py:2915} INFO - Setting next_dagrun for example_short_circuit_operator to 2022-07-23T23:51:07.293185+00:00, run_after=2022-07-24T23:51:07.293185+00:00
[2022-07-24 19:51:07,333] {processor.py:161} INFO - Processing /home/osboxes/.local/lib/python3.8/site-packages/airflow/example_dags/example_short_circuit_operator.py took 0.082 seconds
[2022-07-24 19:51:52,015] {processor.py:153} INFO - Started process (PID=1361591) to work on /home/osboxes/.local/lib/python3.8/site-packages/airflow/example_dags/example_short_circuit_operator.py
[2022-07-24 19:51:52,016] {processor.py:641} INFO - Processing file /home/osboxes/.local/lib/python3.8/site-packages/airflow/example_dags/example_short_circuit_operator.py for tasks to queue
[2022-07-24 19:51:52,017] {logging_mixin.py:115} INFO - [2022-07-24 19:51:52,017] {dagbag.py:507} INFO - Filling up the DagBag from /home/osboxes/.local/lib/python3.8/site-packages/airflow/example_dags/example_short_circuit_operator.py
[2022-07-24 19:51:52,026] {processor.py:651} INFO - DAG(s) dict_keys(['example_short_circuit_operator']) retrieved from /home/osboxes/.local/lib/python3.8/site-packages/airflow/example_dags/example_short_circuit_operator.py
[2022-07-24 19:51:52,045] {logging_mixin.py:115} INFO - [2022-07-24 19:51:52,045] {dag.py:2371} INFO - Sync 1 DAGs
[2022-07-24 19:51:52,058] {logging_mixin.py:115} INFO - [2022-07-24 19:51:52,058] {dag.py:2915} INFO - Setting next_dagrun for example_short_circuit_operator to 2022-07-23T23:51:52.058303+00:00, run_after=2022-07-24T23:51:52.058303+00:00
[2022-07-24 19:51:52,092] {processor.py:161} INFO - Processing /home/osboxes/.local/lib/python3.8/site-packages/airflow/example_dags/example_short_circuit_operator.py took 0.079 seconds
