[2022-08-11 23:48:21,116] {taskinstance.py:1159} INFO - Dependencies all met for <TaskInstance: nse_daily_data_load.old_files_clear manual__2022-08-12T03:48:09.936426+00:00 [queued]>
[2022-08-11 23:48:21,122] {taskinstance.py:1159} INFO - Dependencies all met for <TaskInstance: nse_daily_data_load.old_files_clear manual__2022-08-12T03:48:09.936426+00:00 [queued]>
[2022-08-11 23:48:21,142] {taskinstance.py:1356} INFO - 
--------------------------------------------------------------------------------
[2022-08-11 23:48:21,147] {taskinstance.py:1357} INFO - Starting attempt 1 of 1
[2022-08-11 23:48:21,148] {taskinstance.py:1358} INFO - 
--------------------------------------------------------------------------------
[2022-08-11 23:48:21,255] {taskinstance.py:1377} INFO - Executing <Task(PythonOperator): old_files_clear> on 2022-08-12 03:48:09.936426+00:00
[2022-08-11 23:48:21,264] {standard_task_runner.py:52} INFO - Started process 53965 to run task
[2022-08-11 23:48:21,278] {standard_task_runner.py:79} INFO - Running: ['airflow', 'tasks', 'run', 'nse_daily_data_load', 'old_files_clear', 'manual__2022-08-12T03:48:09.936426+00:00', '--job-id', '273', '--raw', '--subdir', 'DAGS_FOLDER/nse_daily_load_stg.py', '--cfg-path', '/tmp/tmpj6s8le64', '--error-file', '/tmp/tmpwoem1uoi']
[2022-08-11 23:48:21,279] {standard_task_runner.py:80} INFO - Job 273: Subtask old_files_clear
[2022-08-11 23:48:21,415] {task_command.py:369} INFO - Running <TaskInstance: nse_daily_data_load.old_files_clear manual__2022-08-12T03:48:09.936426+00:00 [running]> on host osboxes
[2022-08-11 23:48:21,527] {taskinstance.py:1569} INFO - Exporting the following env vars:
AIRFLOW_CTX_DAG_OWNER=Airflow
AIRFLOW_CTX_DAG_ID=nse_daily_data_load
AIRFLOW_CTX_TASK_ID=old_files_clear
AIRFLOW_CTX_EXECUTION_DATE=2022-08-12T03:48:09.936426+00:00
AIRFLOW_CTX_TRY_NUMBER=1
AIRFLOW_CTX_DAG_RUN_ID=manual__2022-08-12T03:48:09.936426+00:00
[2022-08-11 23:48:21,535] {logging_mixin.py:115} INFO - directory already available
[2022-08-11 23:48:21,535] {logging_mixin.py:115} INFO - directory already available
[2022-08-11 23:48:21,535] {logging_mixin.py:115} INFO - get sub dir []
[2022-08-11 23:48:21,535] {logging_mixin.py:115} INFO - /home/osboxes/Desktop/bkp/2022-08-11/ c-1
[2022-08-11 23:48:21,535] {logging_mixin.py:115} INFO - new tgt /home/osboxes/Desktop/bkp/2022-08-11/c-1
[2022-08-11 23:48:21,535] {logging_mixin.py:115} INFO - 2022-08-11
[2022-08-11 23:48:21,536] {logging_mixin.py:115} INFO - ['cm29JUL2022bhav.csv.zip', 'cm03AUG2022bhav.csv (3).zip', 'cm01AUG2022bhav.csv (3).zip', 'cm28JUL2022bhav.csv (3).zip', 'cm29JUL2022bhav.csv (9).zip', '.env', 'cm10AUG2022bhav.csv (1).zip', 'cm29JUL2022bhav.csv (10).zip', 'cm28JUL2022bhav.csv (2).zip', 'cm01AUG2022bhav.csv (1).zip', 'cm28JUL2022bhav.csv (1).zip', 'airflow.cfg', 'dags', 'cm27JUL2022bhav.csv (2).zip', 'cm29JUL2022bhav.csv (3).zip', 'cm08AUG2022bhav.csv (1).zip', 'cm29JUL2022bhav.csv (7).zip', 'cm04AUG2022bhav.csv (1).zip', 'cm05AUG2022bhav.csv (1).zip', 'plugins', 'logs', 'cm25JUL2022bhav.csv (2).zip', 'cm25JUL2022bhav.csv (1).zip', 'webserver_config.py', 'cm02AUG2022bhav.csv (3).zip', 'cm29JUL2022bhav.csv (6).zip', 'README.md', 'cm02AUG2022bhav.csv (1).zip', 'cm26JUL2022bhav.csv (3).zip', '.git', 'cm27JUL2022bhav.csv (1).zip', 'cm26JUL2022bhav.csv (1).zip', 'docker-compose.yml', 'cm11AUG2022bhav.csv (1).zip', 'airflow.db', 'cm04AUG2022bhav.csv (2).zip', 'airflow-webserver.pid', 'cm27JUL2022bhav.csv (3).zip', 'cm02AUG2022bhav.csv (2).zip', 'cm29JUL2022bhav.csv (1).zip', 'cm03AUG2022bhav.csv (2).zip', 'cm29JUL2022bhav.csv (2).zip', 'cm26JUL2022bhav.csv (2).zip', 'cm29JUL2022bhav.csv (4).zip', 'cm29JUL2022bhav.csv (8).zip', 'cm05AUG2022bhav.csv (2).zip', 'cm03AUG2022bhav.csv (1).zip', 'cm01AUG2022bhav.csv (2).zip', 'cm29JUL2022bhav.csv (5).zip', 'cm25JUL2022bhav.csv (3).zip'] get current directory
[2022-08-11 23:48:21,536] {logging_mixin.py:115} INFO - Testin ------------- <module 'posixpath' from '/usr/lib/python3.8/posixpath.py'> ------- /home/osboxes/airflow/dags
[2022-08-11 23:48:21,536] {logging_mixin.py:115} INFO - cm29JUL2022bhav.csv.zip file1 ====== /home/osboxes/airflow/dags
[2022-08-11 23:48:21,537] {logging_mixin.py:115} INFO - cm03AUG2022bhav.csv (3).zip file1 ====== /home/osboxes/airflow/dags
[2022-08-11 23:48:21,537] {logging_mixin.py:115} INFO - cm01AUG2022bhav.csv (3).zip file1 ====== /home/osboxes/airflow/dags
[2022-08-11 23:48:21,537] {logging_mixin.py:115} INFO - cm28JUL2022bhav.csv (3).zip file1 ====== /home/osboxes/airflow/dags
[2022-08-11 23:48:21,537] {logging_mixin.py:115} INFO - cm29JUL2022bhav.csv (9).zip file1 ====== /home/osboxes/airflow/dags
[2022-08-11 23:48:21,537] {logging_mixin.py:115} INFO - cm10AUG2022bhav.csv (1).zip file1 ====== /home/osboxes/airflow/dags
[2022-08-11 23:48:21,537] {logging_mixin.py:115} INFO - cm29JUL2022bhav.csv (10).zip file1 ====== /home/osboxes/airflow/dags
[2022-08-11 23:48:21,538] {logging_mixin.py:115} INFO - cm28JUL2022bhav.csv (2).zip file1 ====== /home/osboxes/airflow/dags
[2022-08-11 23:48:21,538] {logging_mixin.py:115} INFO - cm01AUG2022bhav.csv (1).zip file1 ====== /home/osboxes/airflow/dags
[2022-08-11 23:48:21,538] {logging_mixin.py:115} INFO - cm28JUL2022bhav.csv (1).zip file1 ====== /home/osboxes/airflow/dags
[2022-08-11 23:48:21,538] {logging_mixin.py:115} INFO - cm27JUL2022bhav.csv (2).zip file1 ====== /home/osboxes/airflow/dags
[2022-08-11 23:48:21,538] {logging_mixin.py:115} INFO - cm29JUL2022bhav.csv (3).zip file1 ====== /home/osboxes/airflow/dags
[2022-08-11 23:48:21,539] {logging_mixin.py:115} INFO - cm08AUG2022bhav.csv (1).zip file1 ====== /home/osboxes/airflow/dags
[2022-08-11 23:48:21,539] {logging_mixin.py:115} INFO - cm29JUL2022bhav.csv (7).zip file1 ====== /home/osboxes/airflow/dags
[2022-08-11 23:48:21,544] {logging_mixin.py:115} INFO - cm04AUG2022bhav.csv (1).zip file1 ====== /home/osboxes/airflow/dags
[2022-08-11 23:48:21,544] {logging_mixin.py:115} INFO - cm05AUG2022bhav.csv (1).zip file1 ====== /home/osboxes/airflow/dags
[2022-08-11 23:48:21,544] {logging_mixin.py:115} INFO - cm25JUL2022bhav.csv (2).zip file1 ====== /home/osboxes/airflow/dags
[2022-08-11 23:48:21,544] {logging_mixin.py:115} INFO - cm25JUL2022bhav.csv (1).zip file1 ====== /home/osboxes/airflow/dags
[2022-08-11 23:48:21,544] {logging_mixin.py:115} INFO - cm02AUG2022bhav.csv (3).zip file1 ====== /home/osboxes/airflow/dags
[2022-08-11 23:48:21,544] {logging_mixin.py:115} INFO - cm29JUL2022bhav.csv (6).zip file1 ====== /home/osboxes/airflow/dags
[2022-08-11 23:48:21,545] {logging_mixin.py:115} INFO - cm02AUG2022bhav.csv (1).zip file1 ====== /home/osboxes/airflow/dags
[2022-08-11 23:48:21,545] {logging_mixin.py:115} INFO - cm26JUL2022bhav.csv (3).zip file1 ====== /home/osboxes/airflow/dags
[2022-08-11 23:48:21,545] {logging_mixin.py:115} INFO - cm27JUL2022bhav.csv (1).zip file1 ====== /home/osboxes/airflow/dags
[2022-08-11 23:48:21,546] {logging_mixin.py:115} INFO - cm26JUL2022bhav.csv (1).zip file1 ====== /home/osboxes/airflow/dags
[2022-08-11 23:48:21,546] {logging_mixin.py:115} INFO - cm11AUG2022bhav.csv (1).zip file1 ====== /home/osboxes/airflow/dags
[2022-08-11 23:48:21,546] {logging_mixin.py:115} INFO - cm04AUG2022bhav.csv (2).zip file1 ====== /home/osboxes/airflow/dags
[2022-08-11 23:48:21,546] {logging_mixin.py:115} INFO - cm27JUL2022bhav.csv (3).zip file1 ====== /home/osboxes/airflow/dags
[2022-08-11 23:48:21,546] {logging_mixin.py:115} INFO - cm02AUG2022bhav.csv (2).zip file1 ====== /home/osboxes/airflow/dags
[2022-08-11 23:48:21,547] {logging_mixin.py:115} INFO - cm29JUL2022bhav.csv (1).zip file1 ====== /home/osboxes/airflow/dags
[2022-08-11 23:48:21,547] {logging_mixin.py:115} INFO - cm03AUG2022bhav.csv (2).zip file1 ====== /home/osboxes/airflow/dags
[2022-08-11 23:48:21,547] {logging_mixin.py:115} INFO - cm29JUL2022bhav.csv (2).zip file1 ====== /home/osboxes/airflow/dags
[2022-08-11 23:48:21,547] {logging_mixin.py:115} INFO - cm26JUL2022bhav.csv (2).zip file1 ====== /home/osboxes/airflow/dags
[2022-08-11 23:48:21,548] {logging_mixin.py:115} INFO - cm29JUL2022bhav.csv (4).zip file1 ====== /home/osboxes/airflow/dags
[2022-08-11 23:48:21,548] {logging_mixin.py:115} INFO - cm29JUL2022bhav.csv (8).zip file1 ====== /home/osboxes/airflow/dags
[2022-08-11 23:48:21,548] {logging_mixin.py:115} INFO - cm05AUG2022bhav.csv (2).zip file1 ====== /home/osboxes/airflow/dags
[2022-08-11 23:48:21,548] {logging_mixin.py:115} INFO - cm03AUG2022bhav.csv (1).zip file1 ====== /home/osboxes/airflow/dags
[2022-08-11 23:48:21,548] {logging_mixin.py:115} INFO - cm01AUG2022bhav.csv (2).zip file1 ====== /home/osboxes/airflow/dags
[2022-08-11 23:48:21,549] {logging_mixin.py:115} INFO - cm29JUL2022bhav.csv (5).zip file1 ====== /home/osboxes/airflow/dags
[2022-08-11 23:48:21,549] {logging_mixin.py:115} INFO - cm25JUL2022bhav.csv (3).zip file1 ====== /home/osboxes/airflow/dags
[2022-08-11 23:48:21,549] {python.py:173} INFO - Done. Returned value was: None
[2022-08-11 23:48:21,566] {taskinstance.py:1395} INFO - Marking task as SUCCESS. dag_id=nse_daily_data_load, task_id=old_files_clear, execution_date=20220812T034809, start_date=20220812T034821, end_date=20220812T034821
[2022-08-11 23:48:21,620] {local_task_job.py:156} INFO - Task exited with return code 0
[2022-08-11 23:48:21,691] {local_task_job.py:273} INFO - 1 downstream tasks scheduled from follow-on schedule check
