[2022-08-01 11:44:37,900] {taskinstance.py:1159} INFO - Dependencies all met for <TaskInstance: nse_daily_data_load.nse_download_files scheduled__2022-07-31T13:37:00+00:00 [queued]>
[2022-08-01 11:44:37,905] {taskinstance.py:1159} INFO - Dependencies all met for <TaskInstance: nse_daily_data_load.nse_download_files scheduled__2022-07-31T13:37:00+00:00 [queued]>
[2022-08-01 11:44:37,905] {taskinstance.py:1356} INFO - 
--------------------------------------------------------------------------------
[2022-08-01 11:44:37,905] {taskinstance.py:1357} INFO - Starting attempt 1 of 1
[2022-08-01 11:44:37,906] {taskinstance.py:1358} INFO - 
--------------------------------------------------------------------------------
[2022-08-01 11:44:37,941] {taskinstance.py:1377} INFO - Executing <Task(PythonOperator): nse_download_files> on 2022-07-31 13:37:00+00:00
[2022-08-01 11:44:37,945] {standard_task_runner.py:52} INFO - Started process 997337 to run task
[2022-08-01 11:44:37,949] {standard_task_runner.py:79} INFO - Running: ['airflow', 'tasks', 'run', 'nse_daily_data_load', 'nse_download_files', 'scheduled__2022-07-31T13:37:00+00:00', '--job-id', '149', '--raw', '--subdir', 'DAGS_FOLDER/nse_daily_load_stg.py', '--cfg-path', '/tmp/tmpcvqovt0a', '--error-file', '/tmp/tmprqisgegg']
[2022-08-01 11:44:37,950] {standard_task_runner.py:80} INFO - Job 149: Subtask nse_download_files
[2022-08-01 11:44:38,021] {task_command.py:369} INFO - Running <TaskInstance: nse_daily_data_load.nse_download_files scheduled__2022-07-31T13:37:00+00:00 [running]> on host osboxes
[2022-08-01 11:44:38,099] {taskinstance.py:1569} INFO - Exporting the following env vars:
AIRFLOW_CTX_DAG_OWNER=Airflow
AIRFLOW_CTX_DAG_ID=nse_daily_data_load
AIRFLOW_CTX_TASK_ID=nse_download_files
AIRFLOW_CTX_EXECUTION_DATE=2022-07-31T13:37:00+00:00
AIRFLOW_CTX_TRY_NUMBER=1
AIRFLOW_CTX_DAG_RUN_ID=scheduled__2022-07-31T13:37:00+00:00
[2022-08-01 11:44:38,100] {logging_mixin.py:115} INFO - 
cm25JUL2022bhav
[2022-08-01 11:44:38,100] {logging_mixin.py:115} INFO - enter try in loop
[2022-08-01 11:44:38,100] {logging_mixin.py:115} INFO - https://www1.nseindia.com/content/historical/EQUITIES/2022/JUL/cm25JUL2022bhav.csv.zip
[2022-08-01 11:44:39,135] {logging_mixin.py:115} INFO - https://www1.nseindia.com/content/historical/EQUITIES/2022/JUL/cm25JUL2022bhav.csv.zip
[2022-08-01 11:44:39,135] {logging_mixin.py:115} INFO - 
cm26JUL2022bhav
[2022-08-01 11:44:39,135] {logging_mixin.py:115} INFO - enter try in loop
[2022-08-01 11:44:39,135] {logging_mixin.py:115} INFO - https://www1.nseindia.com/content/historical/EQUITIES/2022/JUL/cm26JUL2022bhav.csv.zip
[2022-08-01 11:44:40,532] {logging_mixin.py:115} INFO - https://www1.nseindia.com/content/historical/EQUITIES/2022/JUL/cm26JUL2022bhav.csv.zip
[2022-08-01 11:44:40,532] {logging_mixin.py:115} INFO - 
cm27JUL2022bhav
[2022-08-01 11:44:40,532] {logging_mixin.py:115} INFO - enter try in loop
[2022-08-01 11:44:40,532] {logging_mixin.py:115} INFO - https://www1.nseindia.com/content/historical/EQUITIES/2022/JUL/cm27JUL2022bhav.csv.zip
[2022-08-01 11:44:42,112] {logging_mixin.py:115} INFO - https://www1.nseindia.com/content/historical/EQUITIES/2022/JUL/cm27JUL2022bhav.csv.zip
[2022-08-01 11:44:42,112] {logging_mixin.py:115} INFO - 
cm28JUL2022bhav
[2022-08-01 11:44:42,112] {logging_mixin.py:115} INFO - enter try in loop
[2022-08-01 11:44:42,112] {logging_mixin.py:115} INFO - https://www1.nseindia.com/content/historical/EQUITIES/2022/JUL/cm28JUL2022bhav.csv.zip
[2022-08-01 11:44:43,539] {logging_mixin.py:115} INFO - https://www1.nseindia.com/content/historical/EQUITIES/2022/JUL/cm28JUL2022bhav.csv.zip
[2022-08-01 11:44:43,539] {logging_mixin.py:115} INFO - 
cm29JUL2022bhav
[2022-08-01 11:44:43,539] {logging_mixin.py:115} INFO - enter try in loop
[2022-08-01 11:44:43,539] {logging_mixin.py:115} INFO - https://www1.nseindia.com/content/historical/EQUITIES/2022/JUL/cm29JUL2022bhav.csv.zip
[2022-08-01 11:44:44,310] {logging_mixin.py:115} INFO - https://www1.nseindia.com/content/historical/EQUITIES/2022/JUL/cm29JUL2022bhav.csv.zip
[2022-08-01 11:44:44,310] {logging_mixin.py:115} INFO - 
cm30JUL2022bhav
[2022-08-01 11:44:44,310] {logging_mixin.py:115} INFO - enter try in loop
[2022-08-01 11:44:44,310] {logging_mixin.py:115} INFO - https://www1.nseindia.com/content/historical/EQUITIES/2022/JUL/cm30JUL2022bhav.csv.zip
[2022-08-01 11:44:45,459] {logging_mixin.py:115} INFO - issue occured
[2022-08-01 11:44:45,460] {logging_mixin.py:115} INFO - 
cm01AUG2022bhav
[2022-08-01 11:44:45,460] {logging_mixin.py:115} INFO - enter try in loop
[2022-08-01 11:44:45,460] {logging_mixin.py:115} INFO - https://www1.nseindia.com/content/historical/EQUITIES/2022/AUG/cm01AUG2022bhav.csv.zip
[2022-08-01 11:44:47,440] {logging_mixin.py:115} INFO - https://www1.nseindia.com/content/historical/EQUITIES/2022/AUG/cm01AUG2022bhav.csv.zip
[2022-08-01 11:44:47,440] {logging_mixin.py:115} INFO - ['cm25JUL2022bhav.csv.zip', 'cm26JUL2022bhav.csv.zip', 'cm27JUL2022bhav.csv.zip', 'cm28JUL2022bhav.csv.zip', 'cm29JUL2022bhav.csv.zip', 'cm01AUG2022bhav.csv.zip']
[2022-08-01 11:44:47,440] {logging_mixin.py:115} INFO - cm25JUL2022bhav.csv.zip
[2022-08-01 11:44:47,442] {logging_mixin.py:115} INFO - cm26JUL2022bhav.csv.zip
[2022-08-01 11:44:47,444] {logging_mixin.py:115} INFO - cm27JUL2022bhav.csv.zip
[2022-08-01 11:44:47,445] {logging_mixin.py:115} INFO - cm28JUL2022bhav.csv.zip
[2022-08-01 11:44:47,447] {logging_mixin.py:115} INFO - cm29JUL2022bhav.csv.zip
[2022-08-01 11:44:47,463] {logging_mixin.py:115} INFO - cm01AUG2022bhav.csv.zip
[2022-08-01 11:44:47,466] {python.py:173} INFO - Done. Returned value was: None
[2022-08-01 11:44:47,471] {taskinstance.py:1395} INFO - Marking task as SUCCESS. dag_id=nse_daily_data_load, task_id=nse_download_files, execution_date=20220731T133700, start_date=20220801T154437, end_date=20220801T154447
[2022-08-01 11:44:47,547] {local_task_job.py:156} INFO - Task exited with return code 0
[2022-08-01 11:44:48,391] {local_task_job.py:273} INFO - 1 downstream tasks scheduled from follow-on schedule check
