[2022-08-24 00:01:15,135] {processor.py:153} INFO - Started process (PID=12235) to work on /home/osboxes/airflow/dags/stock_scd2.py
[2022-08-24 00:01:15,144] {processor.py:641} INFO - Processing file /home/osboxes/airflow/dags/stock_scd2.py for tasks to queue
[2022-08-24 00:01:15,145] {logging_mixin.py:115} INFO - [2022-08-24 00:01:15,144] {dagbag.py:507} INFO - Filling up the DagBag from /home/osboxes/airflow/dags/stock_scd2.py
[2022-08-24 00:01:18,525] {logging_mixin.py:115} INFO - [2022-08-24 00:01:18,524] {backend.py:193} INFO - Loading KWallet
[2022-08-24 00:01:18,531] {logging_mixin.py:115} INFO - [2022-08-24 00:01:18,531] {backend.py:193} INFO - Loading SecretService
[2022-08-24 00:01:18,577] {logging_mixin.py:115} WARNING - /usr/lib/python3/dist-packages/secretstorage/dhcrypto.py:15 CryptographyDeprecationWarning: int_from_bytes is deprecated, use int.from_bytes instead
[2022-08-24 00:01:18,578] {logging_mixin.py:115} WARNING - /usr/lib/python3/dist-packages/secretstorage/util.py:19 CryptographyDeprecationWarning: int_from_bytes is deprecated, use int.from_bytes instead
[2022-08-24 00:01:18,579] {logging_mixin.py:115} INFO - [2022-08-24 00:01:18,579] {backend.py:193} INFO - Loading Windows
[2022-08-24 00:01:18,589] {logging_mixin.py:115} INFO - [2022-08-24 00:01:18,589] {backend.py:193} INFO - Loading chainer
[2022-08-24 00:01:18,592] {logging_mixin.py:115} INFO - [2022-08-24 00:01:18,592] {backend.py:193} INFO - Loading macOS
[2022-08-24 00:01:19,756] {processor.py:651} INFO - DAG(s) dict_keys(['Stockdim_update']) retrieved from /home/osboxes/airflow/dags/stock_scd2.py
[2022-08-24 00:01:19,929] {logging_mixin.py:115} INFO - [2022-08-24 00:01:19,928] {dag.py:2371} INFO - Sync 1 DAGs
[2022-08-24 00:01:20,099] {logging_mixin.py:115} INFO - [2022-08-24 00:01:20,099] {dag.py:2915} INFO - Setting next_dagrun for Stockdim_update to None, run_after=None
[2022-08-24 00:01:20,173] {processor.py:161} INFO - Processing /home/osboxes/airflow/dags/stock_scd2.py took 5.039 seconds
[2022-08-24 00:03:36,286] {processor.py:153} INFO - Started process (PID=14366) to work on /home/osboxes/airflow/dags/stock_scd2.py
[2022-08-24 00:03:36,313] {processor.py:641} INFO - Processing file /home/osboxes/airflow/dags/stock_scd2.py for tasks to queue
[2022-08-24 00:03:36,326] {logging_mixin.py:115} INFO - [2022-08-24 00:03:36,326] {dagbag.py:507} INFO - Filling up the DagBag from /home/osboxes/airflow/dags/stock_scd2.py
[2022-08-24 00:03:37,757] {logging_mixin.py:115} INFO - [2022-08-24 00:03:37,757] {backend.py:193} INFO - Loading KWallet
[2022-08-24 00:03:37,762] {logging_mixin.py:115} INFO - [2022-08-24 00:03:37,762] {backend.py:193} INFO - Loading SecretService
[2022-08-24 00:03:37,767] {logging_mixin.py:115} WARNING - /usr/lib/python3/dist-packages/secretstorage/dhcrypto.py:15 CryptographyDeprecationWarning: int_from_bytes is deprecated, use int.from_bytes instead
[2022-08-24 00:03:37,768] {logging_mixin.py:115} WARNING - /usr/lib/python3/dist-packages/secretstorage/util.py:19 CryptographyDeprecationWarning: int_from_bytes is deprecated, use int.from_bytes instead
[2022-08-24 00:03:37,768] {logging_mixin.py:115} INFO - [2022-08-24 00:03:37,768] {backend.py:193} INFO - Loading Windows
[2022-08-24 00:03:37,769] {logging_mixin.py:115} INFO - [2022-08-24 00:03:37,769] {backend.py:193} INFO - Loading chainer
[2022-08-24 00:03:37,769] {logging_mixin.py:115} INFO - [2022-08-24 00:03:37,769] {backend.py:193} INFO - Loading macOS
[2022-08-24 00:03:37,937] {processor.py:651} INFO - DAG(s) dict_keys(['Stockdim_update']) retrieved from /home/osboxes/airflow/dags/stock_scd2.py
[2022-08-24 00:03:37,947] {logging_mixin.py:115} INFO - [2022-08-24 00:03:37,947] {dag.py:2371} INFO - Sync 1 DAGs
[2022-08-24 00:03:37,963] {logging_mixin.py:115} INFO - [2022-08-24 00:03:37,962] {dag.py:2915} INFO - Setting next_dagrun for Stockdim_update to None, run_after=None
[2022-08-24 00:03:37,993] {processor.py:161} INFO - Processing /home/osboxes/airflow/dags/stock_scd2.py took 1.710 seconds
[2022-08-24 00:07:42,805] {processor.py:153} INFO - Started process (PID=18019) to work on /home/osboxes/airflow/dags/stock_scd2.py
[2022-08-24 00:07:42,813] {processor.py:641} INFO - Processing file /home/osboxes/airflow/dags/stock_scd2.py for tasks to queue
[2022-08-24 00:07:42,813] {logging_mixin.py:115} INFO - [2022-08-24 00:07:42,813] {dagbag.py:507} INFO - Filling up the DagBag from /home/osboxes/airflow/dags/stock_scd2.py
[2022-08-24 00:07:45,044] {logging_mixin.py:115} INFO - [2022-08-24 00:07:45,043] {backend.py:193} INFO - Loading KWallet
[2022-08-24 00:07:45,066] {logging_mixin.py:115} INFO - [2022-08-24 00:07:45,066] {backend.py:193} INFO - Loading SecretService
[2022-08-24 00:07:45,075] {logging_mixin.py:115} WARNING - /usr/lib/python3/dist-packages/secretstorage/dhcrypto.py:15 CryptographyDeprecationWarning: int_from_bytes is deprecated, use int.from_bytes instead
[2022-08-24 00:07:45,077] {logging_mixin.py:115} WARNING - /usr/lib/python3/dist-packages/secretstorage/util.py:19 CryptographyDeprecationWarning: int_from_bytes is deprecated, use int.from_bytes instead
[2022-08-24 00:07:45,078] {logging_mixin.py:115} INFO - [2022-08-24 00:07:45,078] {backend.py:193} INFO - Loading Windows
[2022-08-24 00:07:45,079] {logging_mixin.py:115} INFO - [2022-08-24 00:07:45,079] {backend.py:193} INFO - Loading chainer
[2022-08-24 00:07:45,079] {logging_mixin.py:115} INFO - [2022-08-24 00:07:45,079] {backend.py:193} INFO - Loading macOS
[2022-08-24 00:07:45,260] {processor.py:651} INFO - DAG(s) dict_keys(['Stockdim_update']) retrieved from /home/osboxes/airflow/dags/stock_scd2.py
[2022-08-24 00:07:45,276] {logging_mixin.py:115} INFO - [2022-08-24 00:07:45,276] {dag.py:2371} INFO - Sync 1 DAGs
[2022-08-24 00:07:45,296] {logging_mixin.py:115} INFO - [2022-08-24 00:07:45,296] {dag.py:2915} INFO - Setting next_dagrun for Stockdim_update to None, run_after=None
[2022-08-24 00:07:45,330] {processor.py:161} INFO - Processing /home/osboxes/airflow/dags/stock_scd2.py took 2.566 seconds
[2022-08-24 00:08:37,507] {processor.py:153} INFO - Started process (PID=18519) to work on /home/osboxes/airflow/dags/stock_scd2.py
[2022-08-24 00:08:37,508] {processor.py:641} INFO - Processing file /home/osboxes/airflow/dags/stock_scd2.py for tasks to queue
[2022-08-24 00:08:37,509] {logging_mixin.py:115} INFO - [2022-08-24 00:08:37,509] {dagbag.py:507} INFO - Filling up the DagBag from /home/osboxes/airflow/dags/stock_scd2.py
[2022-08-24 00:08:38,205] {logging_mixin.py:115} INFO - [2022-08-24 00:08:38,205] {backend.py:193} INFO - Loading KWallet
[2022-08-24 00:08:38,213] {logging_mixin.py:115} INFO - [2022-08-24 00:08:38,213] {backend.py:193} INFO - Loading SecretService
[2022-08-24 00:08:38,222] {logging_mixin.py:115} WARNING - /usr/lib/python3/dist-packages/secretstorage/dhcrypto.py:15 CryptographyDeprecationWarning: int_from_bytes is deprecated, use int.from_bytes instead
[2022-08-24 00:08:38,224] {logging_mixin.py:115} WARNING - /usr/lib/python3/dist-packages/secretstorage/util.py:19 CryptographyDeprecationWarning: int_from_bytes is deprecated, use int.from_bytes instead
[2022-08-24 00:08:38,225] {logging_mixin.py:115} INFO - [2022-08-24 00:08:38,224] {backend.py:193} INFO - Loading Windows
[2022-08-24 00:08:38,228] {logging_mixin.py:115} INFO - [2022-08-24 00:08:38,228] {backend.py:193} INFO - Loading chainer
[2022-08-24 00:08:38,228] {logging_mixin.py:115} INFO - [2022-08-24 00:08:38,228] {backend.py:193} INFO - Loading macOS
[2022-08-24 00:08:38,390] {processor.py:651} INFO - DAG(s) dict_keys(['Stockdim_update']) retrieved from /home/osboxes/airflow/dags/stock_scd2.py
[2022-08-24 00:08:38,407] {logging_mixin.py:115} INFO - [2022-08-24 00:08:38,407] {dag.py:2371} INFO - Sync 1 DAGs
[2022-08-24 00:08:38,428] {logging_mixin.py:115} INFO - [2022-08-24 00:08:38,428] {dag.py:2915} INFO - Setting next_dagrun for Stockdim_update to None, run_after=None
[2022-08-24 00:08:38,470] {processor.py:161} INFO - Processing /home/osboxes/airflow/dags/stock_scd2.py took 0.965 seconds
[2022-08-24 00:09:12,895] {processor.py:153} INFO - Started process (PID=18810) to work on /home/osboxes/airflow/dags/stock_scd2.py
[2022-08-24 00:09:12,897] {processor.py:641} INFO - Processing file /home/osboxes/airflow/dags/stock_scd2.py for tasks to queue
[2022-08-24 00:09:12,897] {logging_mixin.py:115} INFO - [2022-08-24 00:09:12,897] {dagbag.py:507} INFO - Filling up the DagBag from /home/osboxes/airflow/dags/stock_scd2.py
[2022-08-24 00:09:13,544] {logging_mixin.py:115} INFO - [2022-08-24 00:09:13,543] {backend.py:193} INFO - Loading KWallet
[2022-08-24 00:09:13,552] {logging_mixin.py:115} INFO - [2022-08-24 00:09:13,552] {backend.py:193} INFO - Loading SecretService
[2022-08-24 00:09:13,563] {logging_mixin.py:115} WARNING - /usr/lib/python3/dist-packages/secretstorage/dhcrypto.py:15 CryptographyDeprecationWarning: int_from_bytes is deprecated, use int.from_bytes instead
[2022-08-24 00:09:13,564] {logging_mixin.py:115} WARNING - /usr/lib/python3/dist-packages/secretstorage/util.py:19 CryptographyDeprecationWarning: int_from_bytes is deprecated, use int.from_bytes instead
[2022-08-24 00:09:13,565] {logging_mixin.py:115} INFO - [2022-08-24 00:09:13,565] {backend.py:193} INFO - Loading Windows
[2022-08-24 00:09:13,566] {logging_mixin.py:115} INFO - [2022-08-24 00:09:13,566] {backend.py:193} INFO - Loading chainer
[2022-08-24 00:09:13,568] {logging_mixin.py:115} INFO - [2022-08-24 00:09:13,568] {backend.py:193} INFO - Loading macOS
[2022-08-24 00:09:13,724] {processor.py:651} INFO - DAG(s) dict_keys(['Stockdim_update']) retrieved from /home/osboxes/airflow/dags/stock_scd2.py
[2022-08-24 00:09:13,745] {logging_mixin.py:115} INFO - [2022-08-24 00:09:13,745] {dag.py:2371} INFO - Sync 1 DAGs
[2022-08-24 00:09:13,763] {logging_mixin.py:115} INFO - [2022-08-24 00:09:13,763] {dag.py:2915} INFO - Setting next_dagrun for Stockdim_update to None, run_after=None
[2022-08-24 00:09:13,792] {processor.py:161} INFO - Processing /home/osboxes/airflow/dags/stock_scd2.py took 0.899 seconds
[2022-08-24 00:09:49,236] {processor.py:153} INFO - Started process (PID=19148) to work on /home/osboxes/airflow/dags/stock_scd2.py
[2022-08-24 00:09:49,239] {processor.py:641} INFO - Processing file /home/osboxes/airflow/dags/stock_scd2.py for tasks to queue
[2022-08-24 00:09:49,239] {logging_mixin.py:115} INFO - [2022-08-24 00:09:49,239] {dagbag.py:507} INFO - Filling up the DagBag from /home/osboxes/airflow/dags/stock_scd2.py
[2022-08-24 00:09:50,017] {logging_mixin.py:115} INFO - [2022-08-24 00:09:50,016] {backend.py:193} INFO - Loading KWallet
[2022-08-24 00:09:50,025] {logging_mixin.py:115} INFO - [2022-08-24 00:09:50,025] {backend.py:193} INFO - Loading SecretService
[2022-08-24 00:09:50,033] {logging_mixin.py:115} WARNING - /usr/lib/python3/dist-packages/secretstorage/dhcrypto.py:15 CryptographyDeprecationWarning: int_from_bytes is deprecated, use int.from_bytes instead
[2022-08-24 00:09:50,034] {logging_mixin.py:115} WARNING - /usr/lib/python3/dist-packages/secretstorage/util.py:19 CryptographyDeprecationWarning: int_from_bytes is deprecated, use int.from_bytes instead
[2022-08-24 00:09:50,035] {logging_mixin.py:115} INFO - [2022-08-24 00:09:50,035] {backend.py:193} INFO - Loading Windows
[2022-08-24 00:09:50,037] {logging_mixin.py:115} INFO - [2022-08-24 00:09:50,037] {backend.py:193} INFO - Loading chainer
[2022-08-24 00:09:50,037] {logging_mixin.py:115} INFO - [2022-08-24 00:09:50,037] {backend.py:193} INFO - Loading macOS
[2022-08-24 00:09:50,228] {processor.py:651} INFO - DAG(s) dict_keys(['Stockdim_update']) retrieved from /home/osboxes/airflow/dags/stock_scd2.py
[2022-08-24 00:09:50,258] {logging_mixin.py:115} INFO - [2022-08-24 00:09:50,257] {dag.py:2371} INFO - Sync 1 DAGs
[2022-08-24 00:09:50,277] {logging_mixin.py:115} INFO - [2022-08-24 00:09:50,277] {dag.py:2915} INFO - Setting next_dagrun for Stockdim_update to None, run_after=None
[2022-08-24 00:09:50,316] {processor.py:161} INFO - Processing /home/osboxes/airflow/dags/stock_scd2.py took 1.084 seconds
[2022-08-24 00:10:25,828] {processor.py:153} INFO - Started process (PID=19416) to work on /home/osboxes/airflow/dags/stock_scd2.py
[2022-08-24 00:10:25,832] {processor.py:641} INFO - Processing file /home/osboxes/airflow/dags/stock_scd2.py for tasks to queue
[2022-08-24 00:10:25,833] {logging_mixin.py:115} INFO - [2022-08-24 00:10:25,833] {dagbag.py:507} INFO - Filling up the DagBag from /home/osboxes/airflow/dags/stock_scd2.py
[2022-08-24 00:10:26,871] {logging_mixin.py:115} INFO - [2022-08-24 00:10:26,870] {backend.py:193} INFO - Loading KWallet
[2022-08-24 00:10:26,881] {logging_mixin.py:115} INFO - [2022-08-24 00:10:26,881] {backend.py:193} INFO - Loading SecretService
[2022-08-24 00:10:26,893] {logging_mixin.py:115} WARNING - /usr/lib/python3/dist-packages/secretstorage/dhcrypto.py:15 CryptographyDeprecationWarning: int_from_bytes is deprecated, use int.from_bytes instead
[2022-08-24 00:10:26,894] {logging_mixin.py:115} WARNING - /usr/lib/python3/dist-packages/secretstorage/util.py:19 CryptographyDeprecationWarning: int_from_bytes is deprecated, use int.from_bytes instead
[2022-08-24 00:10:26,894] {logging_mixin.py:115} INFO - [2022-08-24 00:10:26,894] {backend.py:193} INFO - Loading Windows
[2022-08-24 00:10:26,895] {logging_mixin.py:115} INFO - [2022-08-24 00:10:26,895] {backend.py:193} INFO - Loading chainer
[2022-08-24 00:10:26,899] {logging_mixin.py:115} INFO - [2022-08-24 00:10:26,898] {backend.py:193} INFO - Loading macOS
[2022-08-24 00:10:27,095] {processor.py:651} INFO - DAG(s) dict_keys(['Stockdim_update']) retrieved from /home/osboxes/airflow/dags/stock_scd2.py
[2022-08-24 00:10:27,114] {logging_mixin.py:115} INFO - [2022-08-24 00:10:27,113] {dag.py:2371} INFO - Sync 1 DAGs
[2022-08-24 00:10:27,129] {logging_mixin.py:115} INFO - [2022-08-24 00:10:27,129] {dag.py:2915} INFO - Setting next_dagrun for Stockdim_update to None, run_after=None
[2022-08-24 00:10:27,187] {processor.py:161} INFO - Processing /home/osboxes/airflow/dags/stock_scd2.py took 1.361 seconds
[2022-08-24 00:11:14,434] {processor.py:153} INFO - Started process (PID=19801) to work on /home/osboxes/airflow/dags/stock_scd2.py
[2022-08-24 00:11:14,437] {processor.py:641} INFO - Processing file /home/osboxes/airflow/dags/stock_scd2.py for tasks to queue
[2022-08-24 00:11:14,438] {logging_mixin.py:115} INFO - [2022-08-24 00:11:14,437] {dagbag.py:507} INFO - Filling up the DagBag from /home/osboxes/airflow/dags/stock_scd2.py
[2022-08-24 00:11:15,716] {logging_mixin.py:115} INFO - [2022-08-24 00:11:15,715] {backend.py:193} INFO - Loading KWallet
[2022-08-24 00:11:15,725] {logging_mixin.py:115} INFO - [2022-08-24 00:11:15,724] {backend.py:193} INFO - Loading SecretService
[2022-08-24 00:11:15,732] {logging_mixin.py:115} WARNING - /usr/lib/python3/dist-packages/secretstorage/dhcrypto.py:15 CryptographyDeprecationWarning: int_from_bytes is deprecated, use int.from_bytes instead
[2022-08-24 00:11:15,734] {logging_mixin.py:115} WARNING - /usr/lib/python3/dist-packages/secretstorage/util.py:19 CryptographyDeprecationWarning: int_from_bytes is deprecated, use int.from_bytes instead
[2022-08-24 00:11:15,734] {logging_mixin.py:115} INFO - [2022-08-24 00:11:15,734] {backend.py:193} INFO - Loading Windows
[2022-08-24 00:11:15,735] {logging_mixin.py:115} INFO - [2022-08-24 00:11:15,735] {backend.py:193} INFO - Loading chainer
[2022-08-24 00:11:15,736] {logging_mixin.py:115} INFO - [2022-08-24 00:11:15,736] {backend.py:193} INFO - Loading macOS
[2022-08-24 00:11:15,933] {processor.py:651} INFO - DAG(s) dict_keys(['Stockdim_update']) retrieved from /home/osboxes/airflow/dags/stock_scd2.py
[2022-08-24 00:11:15,950] {logging_mixin.py:115} INFO - [2022-08-24 00:11:15,949] {dag.py:2371} INFO - Sync 1 DAGs
[2022-08-24 00:11:15,967] {logging_mixin.py:115} INFO - [2022-08-24 00:11:15,967] {dag.py:2915} INFO - Setting next_dagrun for Stockdim_update to None, run_after=None
[2022-08-24 00:11:16,015] {processor.py:161} INFO - Processing /home/osboxes/airflow/dags/stock_scd2.py took 1.587 seconds
[2022-08-24 00:11:48,421] {processor.py:153} INFO - Started process (PID=20052) to work on /home/osboxes/airflow/dags/stock_scd2.py
[2022-08-24 00:11:48,421] {processor.py:641} INFO - Processing file /home/osboxes/airflow/dags/stock_scd2.py for tasks to queue
[2022-08-24 00:11:48,422] {logging_mixin.py:115} INFO - [2022-08-24 00:11:48,422] {dagbag.py:507} INFO - Filling up the DagBag from /home/osboxes/airflow/dags/stock_scd2.py
[2022-08-24 00:11:49,265] {logging_mixin.py:115} INFO - [2022-08-24 00:11:49,264] {backend.py:193} INFO - Loading KWallet
[2022-08-24 00:11:49,273] {logging_mixin.py:115} INFO - [2022-08-24 00:11:49,272] {backend.py:193} INFO - Loading SecretService
[2022-08-24 00:11:49,282] {logging_mixin.py:115} WARNING - /usr/lib/python3/dist-packages/secretstorage/dhcrypto.py:15 CryptographyDeprecationWarning: int_from_bytes is deprecated, use int.from_bytes instead
[2022-08-24 00:11:49,283] {logging_mixin.py:115} WARNING - /usr/lib/python3/dist-packages/secretstorage/util.py:19 CryptographyDeprecationWarning: int_from_bytes is deprecated, use int.from_bytes instead
[2022-08-24 00:11:49,283] {logging_mixin.py:115} INFO - [2022-08-24 00:11:49,283] {backend.py:193} INFO - Loading Windows
[2022-08-24 00:11:49,284] {logging_mixin.py:115} INFO - [2022-08-24 00:11:49,284] {backend.py:193} INFO - Loading chainer
[2022-08-24 00:11:49,285] {logging_mixin.py:115} INFO - [2022-08-24 00:11:49,285] {backend.py:193} INFO - Loading macOS
[2022-08-24 00:11:49,459] {processor.py:651} INFO - DAG(s) dict_keys(['Stockdim_update']) retrieved from /home/osboxes/airflow/dags/stock_scd2.py
[2022-08-24 00:11:49,489] {logging_mixin.py:115} INFO - [2022-08-24 00:11:49,488] {dag.py:2371} INFO - Sync 1 DAGs
[2022-08-24 00:11:49,507] {logging_mixin.py:115} INFO - [2022-08-24 00:11:49,507] {dag.py:2915} INFO - Setting next_dagrun for Stockdim_update to None, run_after=None
[2022-08-24 00:11:49,554] {processor.py:161} INFO - Processing /home/osboxes/airflow/dags/stock_scd2.py took 1.136 seconds
[2022-08-24 00:12:44,227] {processor.py:153} INFO - Started process (PID=20506) to work on /home/osboxes/airflow/dags/stock_scd2.py
[2022-08-24 00:12:44,233] {processor.py:641} INFO - Processing file /home/osboxes/airflow/dags/stock_scd2.py for tasks to queue
[2022-08-24 00:12:44,234] {logging_mixin.py:115} INFO - [2022-08-24 00:12:44,234] {dagbag.py:507} INFO - Filling up the DagBag from /home/osboxes/airflow/dags/stock_scd2.py
[2022-08-24 00:12:45,661] {logging_mixin.py:115} INFO - [2022-08-24 00:12:45,660] {backend.py:193} INFO - Loading KWallet
[2022-08-24 00:12:45,699] {logging_mixin.py:115} INFO - [2022-08-24 00:12:45,698] {backend.py:193} INFO - Loading SecretService
[2022-08-24 00:12:45,743] {logging_mixin.py:115} WARNING - /usr/lib/python3/dist-packages/secretstorage/dhcrypto.py:15 CryptographyDeprecationWarning: int_from_bytes is deprecated, use int.from_bytes instead
[2022-08-24 00:12:45,759] {logging_mixin.py:115} WARNING - /usr/lib/python3/dist-packages/secretstorage/util.py:19 CryptographyDeprecationWarning: int_from_bytes is deprecated, use int.from_bytes instead
[2022-08-24 00:12:45,762] {logging_mixin.py:115} INFO - [2022-08-24 00:12:45,762] {backend.py:193} INFO - Loading Windows
[2022-08-24 00:12:45,764] {logging_mixin.py:115} INFO - [2022-08-24 00:12:45,764] {backend.py:193} INFO - Loading chainer
[2022-08-24 00:12:45,769] {logging_mixin.py:115} INFO - [2022-08-24 00:12:45,769] {backend.py:193} INFO - Loading macOS
[2022-08-24 00:12:46,117] {processor.py:651} INFO - DAG(s) dict_keys(['Stockdim_update']) retrieved from /home/osboxes/airflow/dags/stock_scd2.py
[2022-08-24 00:12:46,155] {logging_mixin.py:115} INFO - [2022-08-24 00:12:46,154] {dag.py:2371} INFO - Sync 1 DAGs
[2022-08-24 00:12:46,197] {logging_mixin.py:115} INFO - [2022-08-24 00:12:46,196] {dag.py:2915} INFO - Setting next_dagrun for Stockdim_update to None, run_after=None
[2022-08-24 00:12:46,495] {processor.py:161} INFO - Processing /home/osboxes/airflow/dags/stock_scd2.py took 2.279 seconds
[2022-08-24 00:13:20,265] {processor.py:153} INFO - Started process (PID=20784) to work on /home/osboxes/airflow/dags/stock_scd2.py
[2022-08-24 00:13:20,268] {processor.py:641} INFO - Processing file /home/osboxes/airflow/dags/stock_scd2.py for tasks to queue
[2022-08-24 00:13:20,269] {logging_mixin.py:115} INFO - [2022-08-24 00:13:20,269] {dagbag.py:507} INFO - Filling up the DagBag from /home/osboxes/airflow/dags/stock_scd2.py
[2022-08-24 00:13:21,223] {logging_mixin.py:115} INFO - [2022-08-24 00:13:21,221] {backend.py:193} INFO - Loading KWallet
[2022-08-24 00:13:21,228] {logging_mixin.py:115} INFO - [2022-08-24 00:13:21,228] {backend.py:193} INFO - Loading SecretService
[2022-08-24 00:13:21,235] {logging_mixin.py:115} WARNING - /usr/lib/python3/dist-packages/secretstorage/dhcrypto.py:15 CryptographyDeprecationWarning: int_from_bytes is deprecated, use int.from_bytes instead
[2022-08-24 00:13:21,236] {logging_mixin.py:115} WARNING - /usr/lib/python3/dist-packages/secretstorage/util.py:19 CryptographyDeprecationWarning: int_from_bytes is deprecated, use int.from_bytes instead
[2022-08-24 00:13:21,237] {logging_mixin.py:115} INFO - [2022-08-24 00:13:21,237] {backend.py:193} INFO - Loading Windows
[2022-08-24 00:13:21,238] {logging_mixin.py:115} INFO - [2022-08-24 00:13:21,238] {backend.py:193} INFO - Loading chainer
[2022-08-24 00:13:21,238] {logging_mixin.py:115} INFO - [2022-08-24 00:13:21,238] {backend.py:193} INFO - Loading macOS
[2022-08-24 00:13:21,465] {processor.py:651} INFO - DAG(s) dict_keys(['Stockdim_update']) retrieved from /home/osboxes/airflow/dags/stock_scd2.py
[2022-08-24 00:13:21,484] {logging_mixin.py:115} INFO - [2022-08-24 00:13:21,484] {dag.py:2371} INFO - Sync 1 DAGs
[2022-08-24 00:13:21,501] {logging_mixin.py:115} INFO - [2022-08-24 00:13:21,501] {dag.py:2915} INFO - Setting next_dagrun for Stockdim_update to None, run_after=None
[2022-08-24 00:13:21,543] {processor.py:161} INFO - Processing /home/osboxes/airflow/dags/stock_scd2.py took 1.279 seconds
[2022-08-24 00:13:57,541] {processor.py:153} INFO - Started process (PID=21074) to work on /home/osboxes/airflow/dags/stock_scd2.py
[2022-08-24 00:13:57,542] {processor.py:641} INFO - Processing file /home/osboxes/airflow/dags/stock_scd2.py for tasks to queue
[2022-08-24 00:13:57,543] {logging_mixin.py:115} INFO - [2022-08-24 00:13:57,543] {dagbag.py:507} INFO - Filling up the DagBag from /home/osboxes/airflow/dags/stock_scd2.py
[2022-08-24 00:13:58,626] {logging_mixin.py:115} INFO - [2022-08-24 00:13:58,625] {backend.py:193} INFO - Loading KWallet
[2022-08-24 00:13:58,634] {logging_mixin.py:115} INFO - [2022-08-24 00:13:58,634] {backend.py:193} INFO - Loading SecretService
[2022-08-24 00:13:58,641] {logging_mixin.py:115} WARNING - /usr/lib/python3/dist-packages/secretstorage/dhcrypto.py:15 CryptographyDeprecationWarning: int_from_bytes is deprecated, use int.from_bytes instead
[2022-08-24 00:13:58,642] {logging_mixin.py:115} WARNING - /usr/lib/python3/dist-packages/secretstorage/util.py:19 CryptographyDeprecationWarning: int_from_bytes is deprecated, use int.from_bytes instead
[2022-08-24 00:13:58,642] {logging_mixin.py:115} INFO - [2022-08-24 00:13:58,642] {backend.py:193} INFO - Loading Windows
[2022-08-24 00:13:58,663] {logging_mixin.py:115} INFO - [2022-08-24 00:13:58,663] {backend.py:193} INFO - Loading chainer
[2022-08-24 00:13:58,665] {logging_mixin.py:115} INFO - [2022-08-24 00:13:58,665] {backend.py:193} INFO - Loading macOS
[2022-08-24 00:13:59,010] {processor.py:651} INFO - DAG(s) dict_keys(['Stockdim_update']) retrieved from /home/osboxes/airflow/dags/stock_scd2.py
[2022-08-24 00:13:59,029] {logging_mixin.py:115} INFO - [2022-08-24 00:13:59,028] {dag.py:2371} INFO - Sync 1 DAGs
[2022-08-24 00:13:59,044] {logging_mixin.py:115} INFO - [2022-08-24 00:13:59,043] {dag.py:2915} INFO - Setting next_dagrun for Stockdim_update to None, run_after=None
[2022-08-24 00:13:59,075] {processor.py:161} INFO - Processing /home/osboxes/airflow/dags/stock_scd2.py took 1.537 seconds
[2022-08-24 00:14:42,970] {processor.py:153} INFO - Started process (PID=21451) to work on /home/osboxes/airflow/dags/stock_scd2.py
[2022-08-24 00:14:42,972] {processor.py:641} INFO - Processing file /home/osboxes/airflow/dags/stock_scd2.py for tasks to queue
[2022-08-24 00:14:42,973] {logging_mixin.py:115} INFO - [2022-08-24 00:14:42,973] {dagbag.py:507} INFO - Filling up the DagBag from /home/osboxes/airflow/dags/stock_scd2.py
[2022-08-24 00:14:43,773] {logging_mixin.py:115} INFO - [2022-08-24 00:14:43,773] {backend.py:193} INFO - Loading KWallet
[2022-08-24 00:14:43,783] {logging_mixin.py:115} INFO - [2022-08-24 00:14:43,783] {backend.py:193} INFO - Loading SecretService
[2022-08-24 00:14:43,791] {logging_mixin.py:115} WARNING - /usr/lib/python3/dist-packages/secretstorage/dhcrypto.py:15 CryptographyDeprecationWarning: int_from_bytes is deprecated, use int.from_bytes instead
[2022-08-24 00:14:43,792] {logging_mixin.py:115} WARNING - /usr/lib/python3/dist-packages/secretstorage/util.py:19 CryptographyDeprecationWarning: int_from_bytes is deprecated, use int.from_bytes instead
[2022-08-24 00:14:43,793] {logging_mixin.py:115} INFO - [2022-08-24 00:14:43,793] {backend.py:193} INFO - Loading Windows
[2022-08-24 00:14:43,794] {logging_mixin.py:115} INFO - [2022-08-24 00:14:43,794] {backend.py:193} INFO - Loading chainer
[2022-08-24 00:14:43,795] {logging_mixin.py:115} INFO - [2022-08-24 00:14:43,795] {backend.py:193} INFO - Loading macOS
[2022-08-24 00:14:43,968] {processor.py:651} INFO - DAG(s) dict_keys(['Stockdim_update']) retrieved from /home/osboxes/airflow/dags/stock_scd2.py
[2022-08-24 00:14:43,987] {logging_mixin.py:115} INFO - [2022-08-24 00:14:43,986] {dag.py:2371} INFO - Sync 1 DAGs
[2022-08-24 00:14:44,004] {logging_mixin.py:115} INFO - [2022-08-24 00:14:44,004] {dag.py:2915} INFO - Setting next_dagrun for Stockdim_update to None, run_after=None
[2022-08-24 00:14:44,042] {processor.py:161} INFO - Processing /home/osboxes/airflow/dags/stock_scd2.py took 1.074 seconds
[2022-08-24 00:15:19,177] {processor.py:153} INFO - Started process (PID=21729) to work on /home/osboxes/airflow/dags/stock_scd2.py
[2022-08-24 00:15:19,181] {processor.py:641} INFO - Processing file /home/osboxes/airflow/dags/stock_scd2.py for tasks to queue
[2022-08-24 00:15:19,182] {logging_mixin.py:115} INFO - [2022-08-24 00:15:19,181] {dagbag.py:507} INFO - Filling up the DagBag from /home/osboxes/airflow/dags/stock_scd2.py
[2022-08-24 00:15:19,800] {logging_mixin.py:115} INFO - [2022-08-24 00:15:19,799] {backend.py:193} INFO - Loading KWallet
[2022-08-24 00:15:19,806] {logging_mixin.py:115} INFO - [2022-08-24 00:15:19,806] {backend.py:193} INFO - Loading SecretService
[2022-08-24 00:15:19,814] {logging_mixin.py:115} WARNING - /usr/lib/python3/dist-packages/secretstorage/dhcrypto.py:15 CryptographyDeprecationWarning: int_from_bytes is deprecated, use int.from_bytes instead
[2022-08-24 00:15:19,815] {logging_mixin.py:115} WARNING - /usr/lib/python3/dist-packages/secretstorage/util.py:19 CryptographyDeprecationWarning: int_from_bytes is deprecated, use int.from_bytes instead
[2022-08-24 00:15:19,815] {logging_mixin.py:115} INFO - [2022-08-24 00:15:19,815] {backend.py:193} INFO - Loading Windows
[2022-08-24 00:15:19,816] {logging_mixin.py:115} INFO - [2022-08-24 00:15:19,816] {backend.py:193} INFO - Loading chainer
[2022-08-24 00:15:19,817] {logging_mixin.py:115} INFO - [2022-08-24 00:15:19,817] {backend.py:193} INFO - Loading macOS
[2022-08-24 00:15:19,969] {processor.py:651} INFO - DAG(s) dict_keys(['Stockdim_update']) retrieved from /home/osboxes/airflow/dags/stock_scd2.py
[2022-08-24 00:15:19,987] {logging_mixin.py:115} INFO - [2022-08-24 00:15:19,987] {dag.py:2371} INFO - Sync 1 DAGs
[2022-08-24 00:15:20,001] {logging_mixin.py:115} INFO - [2022-08-24 00:15:20,001] {dag.py:2915} INFO - Setting next_dagrun for Stockdim_update to None, run_after=None
[2022-08-24 00:15:20,037] {processor.py:161} INFO - Processing /home/osboxes/airflow/dags/stock_scd2.py took 0.863 seconds
[2022-08-24 00:16:04,204] {processor.py:153} INFO - Started process (PID=22058) to work on /home/osboxes/airflow/dags/stock_scd2.py
[2022-08-24 00:16:04,211] {processor.py:641} INFO - Processing file /home/osboxes/airflow/dags/stock_scd2.py for tasks to queue
[2022-08-24 00:16:04,214] {logging_mixin.py:115} INFO - [2022-08-24 00:16:04,213] {dagbag.py:507} INFO - Filling up the DagBag from /home/osboxes/airflow/dags/stock_scd2.py
[2022-08-24 00:16:05,001] {logging_mixin.py:115} INFO - [2022-08-24 00:16:05,000] {backend.py:193} INFO - Loading KWallet
[2022-08-24 00:16:05,011] {logging_mixin.py:115} INFO - [2022-08-24 00:16:05,011] {backend.py:193} INFO - Loading SecretService
[2022-08-24 00:16:05,018] {logging_mixin.py:115} WARNING - /usr/lib/python3/dist-packages/secretstorage/dhcrypto.py:15 CryptographyDeprecationWarning: int_from_bytes is deprecated, use int.from_bytes instead
[2022-08-24 00:16:05,019] {logging_mixin.py:115} WARNING - /usr/lib/python3/dist-packages/secretstorage/util.py:19 CryptographyDeprecationWarning: int_from_bytes is deprecated, use int.from_bytes instead
[2022-08-24 00:16:05,019] {logging_mixin.py:115} INFO - [2022-08-24 00:16:05,019] {backend.py:193} INFO - Loading Windows
[2022-08-24 00:16:05,020] {logging_mixin.py:115} INFO - [2022-08-24 00:16:05,020] {backend.py:193} INFO - Loading chainer
[2022-08-24 00:16:05,021] {logging_mixin.py:115} INFO - [2022-08-24 00:16:05,021] {backend.py:193} INFO - Loading macOS
[2022-08-24 00:16:05,415] {processor.py:651} INFO - DAG(s) dict_keys(['Stockdim_update']) retrieved from /home/osboxes/airflow/dags/stock_scd2.py
[2022-08-24 00:16:05,433] {logging_mixin.py:115} INFO - [2022-08-24 00:16:05,433] {dag.py:2371} INFO - Sync 1 DAGs
[2022-08-24 00:16:05,447] {logging_mixin.py:115} INFO - [2022-08-24 00:16:05,447] {dag.py:2915} INFO - Setting next_dagrun for Stockdim_update to None, run_after=None
[2022-08-24 00:16:05,529] {processor.py:161} INFO - Processing /home/osboxes/airflow/dags/stock_scd2.py took 1.330 seconds
[2022-08-24 00:16:59,118] {processor.py:153} INFO - Started process (PID=22481) to work on /home/osboxes/airflow/dags/stock_scd2.py
[2022-08-24 00:16:59,122] {processor.py:641} INFO - Processing file /home/osboxes/airflow/dags/stock_scd2.py for tasks to queue
[2022-08-24 00:16:59,123] {logging_mixin.py:115} INFO - [2022-08-24 00:16:59,123] {dagbag.py:507} INFO - Filling up the DagBag from /home/osboxes/airflow/dags/stock_scd2.py
[2022-08-24 00:17:00,070] {logging_mixin.py:115} INFO - [2022-08-24 00:17:00,069] {backend.py:193} INFO - Loading KWallet
[2022-08-24 00:17:00,077] {logging_mixin.py:115} INFO - [2022-08-24 00:17:00,077] {backend.py:193} INFO - Loading SecretService
[2022-08-24 00:17:00,089] {logging_mixin.py:115} WARNING - /usr/lib/python3/dist-packages/secretstorage/dhcrypto.py:15 CryptographyDeprecationWarning: int_from_bytes is deprecated, use int.from_bytes instead
[2022-08-24 00:17:00,090] {logging_mixin.py:115} WARNING - /usr/lib/python3/dist-packages/secretstorage/util.py:19 CryptographyDeprecationWarning: int_from_bytes is deprecated, use int.from_bytes instead
[2022-08-24 00:17:00,090] {logging_mixin.py:115} INFO - [2022-08-24 00:17:00,090] {backend.py:193} INFO - Loading Windows
[2022-08-24 00:17:00,091] {logging_mixin.py:115} INFO - [2022-08-24 00:17:00,091] {backend.py:193} INFO - Loading chainer
[2022-08-24 00:17:00,091] {logging_mixin.py:115} INFO - [2022-08-24 00:17:00,091] {backend.py:193} INFO - Loading macOS
[2022-08-24 00:17:00,408] {processor.py:651} INFO - DAG(s) dict_keys(['Stockdim_update']) retrieved from /home/osboxes/airflow/dags/stock_scd2.py
[2022-08-24 00:17:00,422] {logging_mixin.py:115} INFO - [2022-08-24 00:17:00,421] {dag.py:2371} INFO - Sync 1 DAGs
[2022-08-24 00:17:00,440] {logging_mixin.py:115} INFO - [2022-08-24 00:17:00,439] {dag.py:2915} INFO - Setting next_dagrun for Stockdim_update to None, run_after=None
[2022-08-24 00:17:00,497] {processor.py:161} INFO - Processing /home/osboxes/airflow/dags/stock_scd2.py took 1.383 seconds
[2022-08-24 00:17:38,400] {processor.py:153} INFO - Started process (PID=22792) to work on /home/osboxes/airflow/dags/stock_scd2.py
[2022-08-24 00:17:38,404] {processor.py:641} INFO - Processing file /home/osboxes/airflow/dags/stock_scd2.py for tasks to queue
[2022-08-24 00:17:38,405] {logging_mixin.py:115} INFO - [2022-08-24 00:17:38,405] {dagbag.py:507} INFO - Filling up the DagBag from /home/osboxes/airflow/dags/stock_scd2.py
[2022-08-24 00:17:39,736] {logging_mixin.py:115} INFO - [2022-08-24 00:17:39,735] {backend.py:193} INFO - Loading KWallet
[2022-08-24 00:17:39,754] {logging_mixin.py:115} INFO - [2022-08-24 00:17:39,754] {backend.py:193} INFO - Loading SecretService
[2022-08-24 00:17:39,771] {logging_mixin.py:115} WARNING - /usr/lib/python3/dist-packages/secretstorage/dhcrypto.py:15 CryptographyDeprecationWarning: int_from_bytes is deprecated, use int.from_bytes instead
[2022-08-24 00:17:39,777] {logging_mixin.py:115} WARNING - /usr/lib/python3/dist-packages/secretstorage/util.py:19 CryptographyDeprecationWarning: int_from_bytes is deprecated, use int.from_bytes instead
[2022-08-24 00:17:39,779] {logging_mixin.py:115} INFO - [2022-08-24 00:17:39,778] {backend.py:193} INFO - Loading Windows
[2022-08-24 00:17:39,782] {logging_mixin.py:115} INFO - [2022-08-24 00:17:39,781] {backend.py:193} INFO - Loading chainer
[2022-08-24 00:17:39,783] {logging_mixin.py:115} INFO - [2022-08-24 00:17:39,783] {backend.py:193} INFO - Loading macOS
[2022-08-24 00:17:40,181] {processor.py:651} INFO - DAG(s) dict_keys(['Stockdim_update']) retrieved from /home/osboxes/airflow/dags/stock_scd2.py
[2022-08-24 00:17:40,206] {logging_mixin.py:115} INFO - [2022-08-24 00:17:40,205] {dag.py:2371} INFO - Sync 1 DAGs
[2022-08-24 00:17:40,231] {logging_mixin.py:115} INFO - [2022-08-24 00:17:40,231] {dag.py:2915} INFO - Setting next_dagrun for Stockdim_update to None, run_after=None
[2022-08-24 00:17:40,269] {processor.py:161} INFO - Processing /home/osboxes/airflow/dags/stock_scd2.py took 1.871 seconds
[2022-08-24 00:18:24,517] {processor.py:153} INFO - Started process (PID=23188) to work on /home/osboxes/airflow/dags/stock_scd2.py
[2022-08-24 00:18:24,524] {processor.py:641} INFO - Processing file /home/osboxes/airflow/dags/stock_scd2.py for tasks to queue
[2022-08-24 00:18:24,525] {logging_mixin.py:115} INFO - [2022-08-24 00:18:24,525] {dagbag.py:507} INFO - Filling up the DagBag from /home/osboxes/airflow/dags/stock_scd2.py
[2022-08-24 00:18:26,332] {logging_mixin.py:115} INFO - [2022-08-24 00:18:26,330] {backend.py:193} INFO - Loading KWallet
[2022-08-24 00:18:26,347] {logging_mixin.py:115} INFO - [2022-08-24 00:18:26,347] {backend.py:193} INFO - Loading SecretService
[2022-08-24 00:18:26,365] {logging_mixin.py:115} WARNING - /usr/lib/python3/dist-packages/secretstorage/dhcrypto.py:15 CryptographyDeprecationWarning: int_from_bytes is deprecated, use int.from_bytes instead
[2022-08-24 00:18:26,367] {logging_mixin.py:115} WARNING - /usr/lib/python3/dist-packages/secretstorage/util.py:19 CryptographyDeprecationWarning: int_from_bytes is deprecated, use int.from_bytes instead
[2022-08-24 00:18:26,369] {logging_mixin.py:115} INFO - [2022-08-24 00:18:26,368] {backend.py:193} INFO - Loading Windows
[2022-08-24 00:18:26,375] {logging_mixin.py:115} INFO - [2022-08-24 00:18:26,374] {backend.py:193} INFO - Loading chainer
[2022-08-24 00:18:26,376] {logging_mixin.py:115} INFO - [2022-08-24 00:18:26,375] {backend.py:193} INFO - Loading macOS
[2022-08-24 00:18:26,815] {processor.py:651} INFO - DAG(s) dict_keys(['Stockdim_update']) retrieved from /home/osboxes/airflow/dags/stock_scd2.py
[2022-08-24 00:18:26,898] {logging_mixin.py:115} INFO - [2022-08-24 00:18:26,897] {dag.py:2371} INFO - Sync 1 DAGs
[2022-08-24 00:18:26,942] {logging_mixin.py:115} INFO - [2022-08-24 00:18:26,942] {dag.py:2915} INFO - Setting next_dagrun for Stockdim_update to None, run_after=None
[2022-08-24 00:18:26,991] {processor.py:161} INFO - Processing /home/osboxes/airflow/dags/stock_scd2.py took 2.535 seconds
[2022-08-24 00:18:59,803] {processor.py:153} INFO - Started process (PID=23459) to work on /home/osboxes/airflow/dags/stock_scd2.py
[2022-08-24 00:18:59,811] {processor.py:641} INFO - Processing file /home/osboxes/airflow/dags/stock_scd2.py for tasks to queue
[2022-08-24 00:18:59,812] {logging_mixin.py:115} INFO - [2022-08-24 00:18:59,812] {dagbag.py:507} INFO - Filling up the DagBag from /home/osboxes/airflow/dags/stock_scd2.py
[2022-08-24 00:19:01,139] {logging_mixin.py:115} INFO - [2022-08-24 00:19:01,138] {backend.py:193} INFO - Loading KWallet
[2022-08-24 00:19:01,154] {logging_mixin.py:115} INFO - [2022-08-24 00:19:01,154] {backend.py:193} INFO - Loading SecretService
[2022-08-24 00:19:01,168] {logging_mixin.py:115} WARNING - /usr/lib/python3/dist-packages/secretstorage/dhcrypto.py:15 CryptographyDeprecationWarning: int_from_bytes is deprecated, use int.from_bytes instead
[2022-08-24 00:19:01,171] {logging_mixin.py:115} WARNING - /usr/lib/python3/dist-packages/secretstorage/util.py:19 CryptographyDeprecationWarning: int_from_bytes is deprecated, use int.from_bytes instead
[2022-08-24 00:19:01,173] {logging_mixin.py:115} INFO - [2022-08-24 00:19:01,173] {backend.py:193} INFO - Loading Windows
[2022-08-24 00:19:01,174] {logging_mixin.py:115} INFO - [2022-08-24 00:19:01,174] {backend.py:193} INFO - Loading chainer
[2022-08-24 00:19:01,175] {logging_mixin.py:115} INFO - [2022-08-24 00:19:01,175] {backend.py:193} INFO - Loading macOS
[2022-08-24 00:19:01,655] {processor.py:651} INFO - DAG(s) dict_keys(['Stockdim_update']) retrieved from /home/osboxes/airflow/dags/stock_scd2.py
[2022-08-24 00:19:01,762] {logging_mixin.py:115} INFO - [2022-08-24 00:19:01,760] {dag.py:2371} INFO - Sync 1 DAGs
[2022-08-24 00:19:01,833] {logging_mixin.py:115} INFO - [2022-08-24 00:19:01,833] {dag.py:2915} INFO - Setting next_dagrun for Stockdim_update to None, run_after=None
[2022-08-24 00:19:01,891] {processor.py:161} INFO - Processing /home/osboxes/airflow/dags/stock_scd2.py took 2.183 seconds
[2022-08-24 00:20:02,327] {processor.py:153} INFO - Started process (PID=23922) to work on /home/osboxes/airflow/dags/stock_scd2.py
[2022-08-24 00:20:02,330] {processor.py:641} INFO - Processing file /home/osboxes/airflow/dags/stock_scd2.py for tasks to queue
[2022-08-24 00:20:02,331] {logging_mixin.py:115} INFO - [2022-08-24 00:20:02,330] {dagbag.py:507} INFO - Filling up the DagBag from /home/osboxes/airflow/dags/stock_scd2.py
[2022-08-24 00:20:02,799] {logging_mixin.py:115} INFO - [2022-08-24 00:20:02,798] {backend.py:193} INFO - Loading KWallet
[2022-08-24 00:20:02,804] {logging_mixin.py:115} INFO - [2022-08-24 00:20:02,804] {backend.py:193} INFO - Loading SecretService
[2022-08-24 00:20:02,810] {logging_mixin.py:115} WARNING - /usr/lib/python3/dist-packages/secretstorage/dhcrypto.py:15 CryptographyDeprecationWarning: int_from_bytes is deprecated, use int.from_bytes instead
[2022-08-24 00:20:02,811] {logging_mixin.py:115} WARNING - /usr/lib/python3/dist-packages/secretstorage/util.py:19 CryptographyDeprecationWarning: int_from_bytes is deprecated, use int.from_bytes instead
[2022-08-24 00:20:02,811] {logging_mixin.py:115} INFO - [2022-08-24 00:20:02,811] {backend.py:193} INFO - Loading Windows
[2022-08-24 00:20:02,812] {logging_mixin.py:115} INFO - [2022-08-24 00:20:02,812] {backend.py:193} INFO - Loading chainer
[2022-08-24 00:20:02,812] {logging_mixin.py:115} INFO - [2022-08-24 00:20:02,812] {backend.py:193} INFO - Loading macOS
[2022-08-24 00:20:02,917] {processor.py:651} INFO - DAG(s) dict_keys(['Stockdim_update']) retrieved from /home/osboxes/airflow/dags/stock_scd2.py
[2022-08-24 00:20:02,929] {logging_mixin.py:115} INFO - [2022-08-24 00:20:02,928] {dag.py:2371} INFO - Sync 1 DAGs
[2022-08-24 00:20:02,944] {logging_mixin.py:115} INFO - [2022-08-24 00:20:02,944] {dag.py:2915} INFO - Setting next_dagrun for Stockdim_update to None, run_after=None
[2022-08-24 00:20:02,968] {processor.py:161} INFO - Processing /home/osboxes/airflow/dags/stock_scd2.py took 0.643 seconds
[2022-08-24 00:20:34,042] {processor.py:153} INFO - Started process (PID=24175) to work on /home/osboxes/airflow/dags/stock_scd2.py
[2022-08-24 00:20:34,043] {processor.py:641} INFO - Processing file /home/osboxes/airflow/dags/stock_scd2.py for tasks to queue
[2022-08-24 00:20:34,043] {logging_mixin.py:115} INFO - [2022-08-24 00:20:34,043] {dagbag.py:507} INFO - Filling up the DagBag from /home/osboxes/airflow/dags/stock_scd2.py
[2022-08-24 00:20:34,540] {logging_mixin.py:115} INFO - [2022-08-24 00:20:34,540] {backend.py:193} INFO - Loading KWallet
[2022-08-24 00:20:34,549] {logging_mixin.py:115} INFO - [2022-08-24 00:20:34,549] {backend.py:193} INFO - Loading SecretService
[2022-08-24 00:20:34,555] {logging_mixin.py:115} WARNING - /usr/lib/python3/dist-packages/secretstorage/dhcrypto.py:15 CryptographyDeprecationWarning: int_from_bytes is deprecated, use int.from_bytes instead
[2022-08-24 00:20:34,555] {logging_mixin.py:115} WARNING - /usr/lib/python3/dist-packages/secretstorage/util.py:19 CryptographyDeprecationWarning: int_from_bytes is deprecated, use int.from_bytes instead
[2022-08-24 00:20:34,556] {logging_mixin.py:115} INFO - [2022-08-24 00:20:34,556] {backend.py:193} INFO - Loading Windows
[2022-08-24 00:20:34,557] {logging_mixin.py:115} INFO - [2022-08-24 00:20:34,557] {backend.py:193} INFO - Loading chainer
[2022-08-24 00:20:34,557] {logging_mixin.py:115} INFO - [2022-08-24 00:20:34,557] {backend.py:193} INFO - Loading macOS
[2022-08-24 00:20:34,672] {processor.py:651} INFO - DAG(s) dict_keys(['Stockdim_update']) retrieved from /home/osboxes/airflow/dags/stock_scd2.py
[2022-08-24 00:20:34,685] {logging_mixin.py:115} INFO - [2022-08-24 00:20:34,684] {dag.py:2371} INFO - Sync 1 DAGs
[2022-08-24 00:20:34,716] {logging_mixin.py:115} INFO - [2022-08-24 00:20:34,716] {dag.py:2915} INFO - Setting next_dagrun for Stockdim_update to None, run_after=None
[2022-08-24 00:20:34,745] {processor.py:161} INFO - Processing /home/osboxes/airflow/dags/stock_scd2.py took 0.705 seconds
[2022-08-24 00:21:40,375] {processor.py:153} INFO - Started process (PID=24612) to work on /home/osboxes/airflow/dags/stock_scd2.py
[2022-08-24 00:21:40,416] {processor.py:641} INFO - Processing file /home/osboxes/airflow/dags/stock_scd2.py for tasks to queue
[2022-08-24 00:21:40,419] {logging_mixin.py:115} INFO - [2022-08-24 00:21:40,418] {dagbag.py:507} INFO - Filling up the DagBag from /home/osboxes/airflow/dags/stock_scd2.py
[2022-08-24 00:21:44,136] {logging_mixin.py:115} INFO - [2022-08-24 00:21:44,135] {backend.py:193} INFO - Loading KWallet
[2022-08-24 00:21:44,149] {logging_mixin.py:115} INFO - [2022-08-24 00:21:44,149] {backend.py:193} INFO - Loading SecretService
[2022-08-24 00:21:44,164] {logging_mixin.py:115} WARNING - /usr/lib/python3/dist-packages/secretstorage/dhcrypto.py:15 CryptographyDeprecationWarning: int_from_bytes is deprecated, use int.from_bytes instead
[2022-08-24 00:21:44,166] {logging_mixin.py:115} WARNING - /usr/lib/python3/dist-packages/secretstorage/util.py:19 CryptographyDeprecationWarning: int_from_bytes is deprecated, use int.from_bytes instead
[2022-08-24 00:21:44,167] {logging_mixin.py:115} INFO - [2022-08-24 00:21:44,166] {backend.py:193} INFO - Loading Windows
[2022-08-24 00:21:44,168] {logging_mixin.py:115} INFO - [2022-08-24 00:21:44,168] {backend.py:193} INFO - Loading chainer
[2022-08-24 00:21:44,173] {logging_mixin.py:115} INFO - [2022-08-24 00:21:44,173] {backend.py:193} INFO - Loading macOS
[2022-08-24 00:21:44,633] {processor.py:651} INFO - DAG(s) dict_keys(['Stockdim_update']) retrieved from /home/osboxes/airflow/dags/stock_scd2.py
[2022-08-24 00:21:44,684] {logging_mixin.py:115} INFO - [2022-08-24 00:21:44,683] {dag.py:2371} INFO - Sync 1 DAGs
[2022-08-24 00:21:44,748] {logging_mixin.py:115} INFO - [2022-08-24 00:21:44,748] {dag.py:2915} INFO - Setting next_dagrun for Stockdim_update to None, run_after=None
[2022-08-24 00:21:44,835] {processor.py:161} INFO - Processing /home/osboxes/airflow/dags/stock_scd2.py took 4.651 seconds
[2022-08-24 00:22:21,951] {processor.py:153} INFO - Started process (PID=24917) to work on /home/osboxes/airflow/dags/stock_scd2.py
[2022-08-24 00:22:21,954] {processor.py:641} INFO - Processing file /home/osboxes/airflow/dags/stock_scd2.py for tasks to queue
[2022-08-24 00:22:21,956] {logging_mixin.py:115} INFO - [2022-08-24 00:22:21,956] {dagbag.py:507} INFO - Filling up the DagBag from /home/osboxes/airflow/dags/stock_scd2.py
[2022-08-24 00:22:24,545] {logging_mixin.py:115} INFO - [2022-08-24 00:22:24,544] {backend.py:193} INFO - Loading KWallet
[2022-08-24 00:22:24,556] {logging_mixin.py:115} INFO - [2022-08-24 00:22:24,556] {backend.py:193} INFO - Loading SecretService
[2022-08-24 00:22:24,571] {logging_mixin.py:115} WARNING - /usr/lib/python3/dist-packages/secretstorage/dhcrypto.py:15 CryptographyDeprecationWarning: int_from_bytes is deprecated, use int.from_bytes instead
[2022-08-24 00:22:24,573] {logging_mixin.py:115} WARNING - /usr/lib/python3/dist-packages/secretstorage/util.py:19 CryptographyDeprecationWarning: int_from_bytes is deprecated, use int.from_bytes instead
[2022-08-24 00:22:24,574] {logging_mixin.py:115} INFO - [2022-08-24 00:22:24,574] {backend.py:193} INFO - Loading Windows
[2022-08-24 00:22:24,576] {logging_mixin.py:115} INFO - [2022-08-24 00:22:24,576] {backend.py:193} INFO - Loading chainer
[2022-08-24 00:22:24,576] {logging_mixin.py:115} INFO - [2022-08-24 00:22:24,576] {backend.py:193} INFO - Loading macOS
[2022-08-24 00:22:24,871] {processor.py:651} INFO - DAG(s) dict_keys(['Stockdim_update']) retrieved from /home/osboxes/airflow/dags/stock_scd2.py
[2022-08-24 00:22:24,898] {logging_mixin.py:115} INFO - [2022-08-24 00:22:24,897] {dag.py:2371} INFO - Sync 1 DAGs
[2022-08-24 00:22:24,929] {logging_mixin.py:115} INFO - [2022-08-24 00:22:24,929] {dag.py:2915} INFO - Setting next_dagrun for Stockdim_update to None, run_after=None
[2022-08-24 00:22:24,981] {processor.py:161} INFO - Processing /home/osboxes/airflow/dags/stock_scd2.py took 3.038 seconds
