[2022-08-21 21:09:40,083] {taskinstance.py:1159} INFO - Dependencies all met for <TaskInstance: nse_daily_data_load.nse_download_files scheduled__2022-08-19T13:37:00+00:00 [queued]>
[2022-08-21 21:09:40,105] {taskinstance.py:1159} INFO - Dependencies all met for <TaskInstance: nse_daily_data_load.nse_download_files scheduled__2022-08-19T13:37:00+00:00 [queued]>
[2022-08-21 21:09:40,106] {taskinstance.py:1356} INFO - 
--------------------------------------------------------------------------------
[2022-08-21 21:09:40,106] {taskinstance.py:1357} INFO - Starting attempt 1 of 1
[2022-08-21 21:09:40,106] {taskinstance.py:1358} INFO - 
--------------------------------------------------------------------------------
[2022-08-21 21:09:40,186] {taskinstance.py:1377} INFO - Executing <Task(PythonOperator): nse_download_files> on 2022-08-19 13:37:00+00:00
[2022-08-21 21:09:40,189] {standard_task_runner.py:52} INFO - Started process 10666 to run task
[2022-08-21 21:09:40,199] {standard_task_runner.py:79} INFO - Running: ['airflow', 'tasks', 'run', 'nse_daily_data_load', 'nse_download_files', 'scheduled__2022-08-19T13:37:00+00:00', '--job-id', '346', '--raw', '--subdir', 'DAGS_FOLDER/nse_daily_load_stg.py', '--cfg-path', '/tmp/tmpqqgpqvgd', '--error-file', '/tmp/tmpq9rkw061']
[2022-08-21 21:09:40,200] {standard_task_runner.py:80} INFO - Job 346: Subtask nse_download_files
[2022-08-21 21:09:40,279] {task_command.py:369} INFO - Running <TaskInstance: nse_daily_data_load.nse_download_files scheduled__2022-08-19T13:37:00+00:00 [running]> on host osboxes
[2022-08-21 21:09:40,420] {taskinstance.py:1569} INFO - Exporting the following env vars:
AIRFLOW_CTX_DAG_OWNER=Airflow
AIRFLOW_CTX_DAG_ID=nse_daily_data_load
AIRFLOW_CTX_TASK_ID=nse_download_files
AIRFLOW_CTX_EXECUTION_DATE=2022-08-19T13:37:00+00:00
AIRFLOW_CTX_TRY_NUMBER=1
AIRFLOW_CTX_DAG_RUN_ID=scheduled__2022-08-19T13:37:00+00:00
[2022-08-21 21:09:40,421] {logging_mixin.py:115} INFO - 
cm25JUL2022bhav
[2022-08-21 21:09:40,421] {logging_mixin.py:115} INFO - enter try in loop
[2022-08-21 21:09:40,421] {logging_mixin.py:115} INFO - https://www1.nseindia.com/content/historical/EQUITIES/2022/JUL/cm25JUL2022bhav.csv.zip
[2022-08-21 21:09:40,693] {logging_mixin.py:115} INFO - https://www1.nseindia.com/content/historical/EQUITIES/2022/JUL/cm25JUL2022bhav.csv.zip
[2022-08-21 21:09:40,696] {logging_mixin.py:115} INFO - 
cm26JUL2022bhav
[2022-08-21 21:09:40,696] {logging_mixin.py:115} INFO - enter try in loop
[2022-08-21 21:09:40,696] {logging_mixin.py:115} INFO - https://www1.nseindia.com/content/historical/EQUITIES/2022/JUL/cm26JUL2022bhav.csv.zip
[2022-08-21 21:09:40,858] {logging_mixin.py:115} INFO - https://www1.nseindia.com/content/historical/EQUITIES/2022/JUL/cm26JUL2022bhav.csv.zip
[2022-08-21 21:09:40,859] {logging_mixin.py:115} INFO - 
cm27JUL2022bhav
[2022-08-21 21:09:40,859] {logging_mixin.py:115} INFO - enter try in loop
[2022-08-21 21:09:40,859] {logging_mixin.py:115} INFO - https://www1.nseindia.com/content/historical/EQUITIES/2022/JUL/cm27JUL2022bhav.csv.zip
[2022-08-21 21:09:41,005] {logging_mixin.py:115} INFO - https://www1.nseindia.com/content/historical/EQUITIES/2022/JUL/cm27JUL2022bhav.csv.zip
[2022-08-21 21:09:41,005] {logging_mixin.py:115} INFO - 
cm28JUL2022bhav
[2022-08-21 21:09:41,005] {logging_mixin.py:115} INFO - enter try in loop
[2022-08-21 21:09:41,005] {logging_mixin.py:115} INFO - https://www1.nseindia.com/content/historical/EQUITIES/2022/JUL/cm28JUL2022bhav.csv.zip
[2022-08-21 21:09:41,144] {logging_mixin.py:115} INFO - https://www1.nseindia.com/content/historical/EQUITIES/2022/JUL/cm28JUL2022bhav.csv.zip
[2022-08-21 21:09:41,144] {logging_mixin.py:115} INFO - 
cm29JUL2022bhav
[2022-08-21 21:09:41,144] {logging_mixin.py:115} INFO - enter try in loop
[2022-08-21 21:09:41,144] {logging_mixin.py:115} INFO - https://www1.nseindia.com/content/historical/EQUITIES/2022/JUL/cm29JUL2022bhav.csv.zip
[2022-08-21 21:09:41,307] {logging_mixin.py:115} INFO - https://www1.nseindia.com/content/historical/EQUITIES/2022/JUL/cm29JUL2022bhav.csv.zip
[2022-08-21 21:09:41,307] {logging_mixin.py:115} INFO - 
cm30JUL2022bhav
[2022-08-21 21:09:41,307] {logging_mixin.py:115} INFO - enter try in loop
[2022-08-21 21:09:41,307] {logging_mixin.py:115} INFO - https://www1.nseindia.com/content/historical/EQUITIES/2022/JUL/cm30JUL2022bhav.csv.zip
[2022-08-21 21:09:41,542] {logging_mixin.py:115} INFO - issue occured
[2022-08-21 21:09:41,543] {logging_mixin.py:115} INFO - 
cm01AUG2022bhav
[2022-08-21 21:09:41,543] {logging_mixin.py:115} INFO - enter try in loop
[2022-08-21 21:09:41,543] {logging_mixin.py:115} INFO - https://www1.nseindia.com/content/historical/EQUITIES/2022/AUG/cm01AUG2022bhav.csv.zip
[2022-08-21 21:09:41,675] {logging_mixin.py:115} INFO - https://www1.nseindia.com/content/historical/EQUITIES/2022/AUG/cm01AUG2022bhav.csv.zip
[2022-08-21 21:09:41,675] {logging_mixin.py:115} INFO - 
cm02AUG2022bhav
[2022-08-21 21:09:41,675] {logging_mixin.py:115} INFO - enter try in loop
[2022-08-21 21:09:41,675] {logging_mixin.py:115} INFO - https://www1.nseindia.com/content/historical/EQUITIES/2022/AUG/cm02AUG2022bhav.csv.zip
[2022-08-21 21:09:41,846] {logging_mixin.py:115} INFO - https://www1.nseindia.com/content/historical/EQUITIES/2022/AUG/cm02AUG2022bhav.csv.zip
[2022-08-21 21:09:41,846] {logging_mixin.py:115} INFO - 
cm03AUG2022bhav
[2022-08-21 21:09:41,846] {logging_mixin.py:115} INFO - enter try in loop
[2022-08-21 21:09:41,846] {logging_mixin.py:115} INFO - https://www1.nseindia.com/content/historical/EQUITIES/2022/AUG/cm03AUG2022bhav.csv.zip
[2022-08-21 21:09:42,008] {logging_mixin.py:115} INFO - https://www1.nseindia.com/content/historical/EQUITIES/2022/AUG/cm03AUG2022bhav.csv.zip
[2022-08-21 21:09:42,008] {logging_mixin.py:115} INFO - 
cm04AUG2022bhav
[2022-08-21 21:09:42,008] {logging_mixin.py:115} INFO - enter try in loop
[2022-08-21 21:09:42,008] {logging_mixin.py:115} INFO - https://www1.nseindia.com/content/historical/EQUITIES/2022/AUG/cm04AUG2022bhav.csv.zip
[2022-08-21 21:09:42,234] {logging_mixin.py:115} INFO - https://www1.nseindia.com/content/historical/EQUITIES/2022/AUG/cm04AUG2022bhav.csv.zip
[2022-08-21 21:09:42,234] {logging_mixin.py:115} INFO - 
cm05AUG2022bhav
[2022-08-21 21:09:42,234] {logging_mixin.py:115} INFO - enter try in loop
[2022-08-21 21:09:42,234] {logging_mixin.py:115} INFO - https://www1.nseindia.com/content/historical/EQUITIES/2022/AUG/cm05AUG2022bhav.csv.zip
[2022-08-21 21:09:42,425] {logging_mixin.py:115} INFO - https://www1.nseindia.com/content/historical/EQUITIES/2022/AUG/cm05AUG2022bhav.csv.zip
[2022-08-21 21:09:42,425] {logging_mixin.py:115} INFO - 
cm06AUG2022bhav
[2022-08-21 21:09:42,425] {logging_mixin.py:115} INFO - enter try in loop
[2022-08-21 21:09:42,425] {logging_mixin.py:115} INFO - https://www1.nseindia.com/content/historical/EQUITIES/2022/AUG/cm06AUG2022bhav.csv.zip
[2022-08-21 21:09:42,841] {logging_mixin.py:115} INFO - issue occured
[2022-08-21 21:09:42,843] {logging_mixin.py:115} INFO - 
cm07AUG2022bhav
[2022-08-21 21:09:42,843] {logging_mixin.py:115} INFO - enter try in loop
[2022-08-21 21:09:42,844] {logging_mixin.py:115} INFO - https://www1.nseindia.com/content/historical/EQUITIES/2022/AUG/cm07AUG2022bhav.csv.zip
[2022-08-21 21:09:43,120] {logging_mixin.py:115} INFO - issue occured
[2022-08-21 21:09:43,120] {logging_mixin.py:115} INFO - 
cm08AUG2022bhav
[2022-08-21 21:09:43,121] {logging_mixin.py:115} INFO - enter try in loop
[2022-08-21 21:09:43,121] {logging_mixin.py:115} INFO - https://www1.nseindia.com/content/historical/EQUITIES/2022/AUG/cm08AUG2022bhav.csv.zip
[2022-08-21 21:09:43,296] {logging_mixin.py:115} INFO - https://www1.nseindia.com/content/historical/EQUITIES/2022/AUG/cm08AUG2022bhav.csv.zip
[2022-08-21 21:09:43,296] {logging_mixin.py:115} INFO - 
cm09AUG2022bhav
[2022-08-21 21:09:43,296] {logging_mixin.py:115} INFO - enter try in loop
[2022-08-21 21:09:43,297] {logging_mixin.py:115} INFO - https://www1.nseindia.com/content/historical/EQUITIES/2022/AUG/cm09AUG2022bhav.csv.zip
[2022-08-21 21:09:43,550] {logging_mixin.py:115} INFO - issue occured
[2022-08-21 21:09:43,551] {logging_mixin.py:115} INFO - 
cm10AUG2022bhav
[2022-08-21 21:09:43,551] {logging_mixin.py:115} INFO - enter try in loop
[2022-08-21 21:09:43,551] {logging_mixin.py:115} INFO - https://www1.nseindia.com/content/historical/EQUITIES/2022/AUG/cm10AUG2022bhav.csv.zip
[2022-08-21 21:09:43,745] {logging_mixin.py:115} INFO - https://www1.nseindia.com/content/historical/EQUITIES/2022/AUG/cm10AUG2022bhav.csv.zip
[2022-08-21 21:09:43,745] {logging_mixin.py:115} INFO - 
cm11AUG2022bhav
[2022-08-21 21:09:43,746] {logging_mixin.py:115} INFO - enter try in loop
[2022-08-21 21:09:43,746] {logging_mixin.py:115} INFO - https://www1.nseindia.com/content/historical/EQUITIES/2022/AUG/cm11AUG2022bhav.csv.zip
[2022-08-21 21:09:43,922] {logging_mixin.py:115} INFO - https://www1.nseindia.com/content/historical/EQUITIES/2022/AUG/cm11AUG2022bhav.csv.zip
[2022-08-21 21:09:43,922] {logging_mixin.py:115} INFO - 
cm12AUG2022bhav
[2022-08-21 21:09:43,922] {logging_mixin.py:115} INFO - enter try in loop
[2022-08-21 21:09:43,922] {logging_mixin.py:115} INFO - https://www1.nseindia.com/content/historical/EQUITIES/2022/AUG/cm12AUG2022bhav.csv.zip
[2022-08-21 21:09:44,083] {logging_mixin.py:115} INFO - https://www1.nseindia.com/content/historical/EQUITIES/2022/AUG/cm12AUG2022bhav.csv.zip
[2022-08-21 21:09:44,083] {logging_mixin.py:115} INFO - 
cm13AUG2022bhav
[2022-08-21 21:09:44,083] {logging_mixin.py:115} INFO - enter try in loop
[2022-08-21 21:09:44,083] {logging_mixin.py:115} INFO - https://www1.nseindia.com/content/historical/EQUITIES/2022/AUG/cm13AUG2022bhav.csv.zip
[2022-08-21 21:09:44,365] {logging_mixin.py:115} INFO - issue occured
[2022-08-21 21:09:44,372] {logging_mixin.py:115} INFO - 
cm14AUG2022bhav
[2022-08-21 21:09:44,373] {logging_mixin.py:115} INFO - enter try in loop
[2022-08-21 21:09:44,373] {logging_mixin.py:115} INFO - https://www1.nseindia.com/content/historical/EQUITIES/2022/AUG/cm14AUG2022bhav.csv.zip
[2022-08-21 21:09:44,608] {logging_mixin.py:115} INFO - issue occured
[2022-08-21 21:09:44,614] {logging_mixin.py:115} INFO - 
cm15AUG2022bhav
[2022-08-21 21:09:44,614] {logging_mixin.py:115} INFO - enter try in loop
[2022-08-21 21:09:44,614] {logging_mixin.py:115} INFO - https://www1.nseindia.com/content/historical/EQUITIES/2022/AUG/cm15AUG2022bhav.csv.zip
[2022-08-21 21:09:44,872] {logging_mixin.py:115} INFO - issue occured
[2022-08-21 21:09:44,873] {logging_mixin.py:115} INFO - 
cm16AUG2022bhav
[2022-08-21 21:09:44,875] {logging_mixin.py:115} INFO - enter try in loop
[2022-08-21 21:09:44,876] {logging_mixin.py:115} INFO - https://www1.nseindia.com/content/historical/EQUITIES/2022/AUG/cm16AUG2022bhav.csv.zip
[2022-08-21 21:09:45,050] {logging_mixin.py:115} INFO - https://www1.nseindia.com/content/historical/EQUITIES/2022/AUG/cm16AUG2022bhav.csv.zip
[2022-08-21 21:09:45,050] {logging_mixin.py:115} INFO - 
cm17AUG2022bhav
[2022-08-21 21:09:45,050] {logging_mixin.py:115} INFO - enter try in loop
[2022-08-21 21:09:45,050] {logging_mixin.py:115} INFO - https://www1.nseindia.com/content/historical/EQUITIES/2022/AUG/cm17AUG2022bhav.csv.zip
[2022-08-21 21:09:45,224] {logging_mixin.py:115} INFO - https://www1.nseindia.com/content/historical/EQUITIES/2022/AUG/cm17AUG2022bhav.csv.zip
[2022-08-21 21:09:45,224] {logging_mixin.py:115} INFO - 
cm18AUG2022bhav
[2022-08-21 21:09:45,224] {logging_mixin.py:115} INFO - enter try in loop
[2022-08-21 21:09:45,224] {logging_mixin.py:115} INFO - https://www1.nseindia.com/content/historical/EQUITIES/2022/AUG/cm18AUG2022bhav.csv.zip
[2022-08-21 21:09:45,396] {logging_mixin.py:115} INFO - https://www1.nseindia.com/content/historical/EQUITIES/2022/AUG/cm18AUG2022bhav.csv.zip
[2022-08-21 21:09:45,396] {logging_mixin.py:115} INFO - 
cm19AUG2022bhav
[2022-08-21 21:09:45,396] {logging_mixin.py:115} INFO - enter try in loop
[2022-08-21 21:09:45,396] {logging_mixin.py:115} INFO - https://www1.nseindia.com/content/historical/EQUITIES/2022/AUG/cm19AUG2022bhav.csv.zip
[2022-08-21 21:09:45,572] {logging_mixin.py:115} INFO - https://www1.nseindia.com/content/historical/EQUITIES/2022/AUG/cm19AUG2022bhav.csv.zip
[2022-08-21 21:09:45,572] {logging_mixin.py:115} INFO - 
cm20AUG2022bhav
[2022-08-21 21:09:45,572] {logging_mixin.py:115} INFO - enter try in loop
[2022-08-21 21:09:45,572] {logging_mixin.py:115} INFO - https://www1.nseindia.com/content/historical/EQUITIES/2022/AUG/cm20AUG2022bhav.csv.zip
[2022-08-21 21:09:45,839] {logging_mixin.py:115} INFO - issue occured
[2022-08-21 21:09:45,840] {logging_mixin.py:115} INFO - 
cm21AUG2022bhav
[2022-08-21 21:09:45,865] {logging_mixin.py:115} INFO - enter try in loop
[2022-08-21 21:09:45,865] {logging_mixin.py:115} INFO - https://www1.nseindia.com/content/historical/EQUITIES/2022/AUG/cm21AUG2022bhav.csv.zip
[2022-08-21 21:09:46,145] {logging_mixin.py:115} INFO - issue occured
[2022-08-21 21:09:46,152] {logging_mixin.py:115} INFO - ['cm25JUL2022bhav.csv.zip', 'cm26JUL2022bhav.csv.zip', 'cm27JUL2022bhav.csv.zip', 'cm28JUL2022bhav.csv.zip', 'cm29JUL2022bhav.csv.zip', 'cm01AUG2022bhav.csv.zip', 'cm02AUG2022bhav.csv.zip', 'cm03AUG2022bhav.csv.zip', 'cm04AUG2022bhav.csv.zip', 'cm05AUG2022bhav.csv.zip', 'cm08AUG2022bhav.csv.zip', 'cm10AUG2022bhav.csv.zip', 'cm11AUG2022bhav.csv.zip', 'cm12AUG2022bhav.csv.zip', 'cm16AUG2022bhav.csv.zip', 'cm17AUG2022bhav.csv.zip', 'cm18AUG2022bhav.csv.zip', 'cm19AUG2022bhav.csv.zip']
[2022-08-21 21:09:46,153] {logging_mixin.py:115} INFO - cm25JUL2022bhav.csv.zip
[2022-08-21 21:09:46,190] {logging_mixin.py:115} INFO - cm26JUL2022bhav.csv.zip
[2022-08-21 21:09:46,224] {logging_mixin.py:115} INFO - cm27JUL2022bhav.csv.zip
[2022-08-21 21:09:46,270] {logging_mixin.py:115} INFO - cm28JUL2022bhav.csv.zip
[2022-08-21 21:09:46,274] {logging_mixin.py:115} INFO - cm29JUL2022bhav.csv.zip
[2022-08-21 21:09:46,331] {logging_mixin.py:115} INFO - cm01AUG2022bhav.csv.zip
[2022-08-21 21:09:46,341] {logging_mixin.py:115} INFO - cm02AUG2022bhav.csv.zip
[2022-08-21 21:09:46,378] {logging_mixin.py:115} INFO - cm03AUG2022bhav.csv.zip
[2022-08-21 21:09:46,394] {logging_mixin.py:115} INFO - cm04AUG2022bhav.csv.zip
[2022-08-21 21:09:46,399] {logging_mixin.py:115} INFO - cm05AUG2022bhav.csv.zip
[2022-08-21 21:09:46,452] {logging_mixin.py:115} INFO - cm08AUG2022bhav.csv.zip
[2022-08-21 21:09:46,454] {logging_mixin.py:115} INFO - cm10AUG2022bhav.csv.zip
[2022-08-21 21:09:46,484] {logging_mixin.py:115} INFO - cm11AUG2022bhav.csv.zip
[2022-08-21 21:09:46,485] {logging_mixin.py:115} INFO - cm12AUG2022bhav.csv.zip
[2022-08-21 21:09:46,502] {logging_mixin.py:115} INFO - cm16AUG2022bhav.csv.zip
[2022-08-21 21:09:46,557] {logging_mixin.py:115} INFO - cm17AUG2022bhav.csv.zip
[2022-08-21 21:09:46,583] {logging_mixin.py:115} INFO - cm18AUG2022bhav.csv.zip
[2022-08-21 21:09:46,600] {logging_mixin.py:115} INFO - cm19AUG2022bhav.csv.zip
[2022-08-21 21:09:46,621] {python.py:173} INFO - Done. Returned value was: None
[2022-08-21 21:09:46,661] {taskinstance.py:1395} INFO - Marking task as SUCCESS. dag_id=nse_daily_data_load, task_id=nse_download_files, execution_date=20220819T133700, start_date=20220822T010940, end_date=20220822T010946
[2022-08-21 21:09:46,744] {local_task_job.py:156} INFO - Task exited with return code 0
[2022-08-21 21:09:46,849] {local_task_job.py:273} INFO - 1 downstream tasks scheduled from follow-on schedule check
