[2022-07-30 20:00:16,861] {taskinstance.py:1159} INFO - Dependencies all met for <TaskInstance: Hands_pract_v1.first_task scheduled__2022-07-30T00:00:00+00:00 [queued]>
[2022-07-30 20:00:16,866] {taskinstance.py:1159} INFO - Dependencies all met for <TaskInstance: Hands_pract_v1.first_task scheduled__2022-07-30T00:00:00+00:00 [queued]>
[2022-07-30 20:00:16,868] {taskinstance.py:1356} INFO - 
--------------------------------------------------------------------------------
[2022-07-30 20:00:16,868] {taskinstance.py:1357} INFO - Starting attempt 1 of 6
[2022-07-30 20:00:16,868] {taskinstance.py:1358} INFO - 
--------------------------------------------------------------------------------
[2022-07-30 20:00:16,913] {taskinstance.py:1377} INFO - Executing <Task(BashOperator): first_task> on 2022-07-30 00:00:00+00:00
[2022-07-30 20:00:16,915] {standard_task_runner.py:52} INFO - Started process 582476 to run task
[2022-07-30 20:00:16,920] {standard_task_runner.py:79} INFO - Running: ['airflow', 'tasks', 'run', 'Hands_pract_v1', 'first_task', 'scheduled__2022-07-30T00:00:00+00:00', '--job-id', '85', '--raw', '--subdir', 'DAGS_FOLDER/dag_hand1.py', '--cfg-path', '/tmp/tmp2rcqdul0', '--error-file', '/tmp/tmpix9gaigo']
[2022-07-30 20:00:16,921] {standard_task_runner.py:80} INFO - Job 85: Subtask first_task
[2022-07-30 20:00:17,021] {task_command.py:369} INFO - Running <TaskInstance: Hands_pract_v1.first_task scheduled__2022-07-30T00:00:00+00:00 [running]> on host osboxes
[2022-07-30 20:00:18,240] {taskinstance.py:1569} INFO - Exporting the following env vars:
AIRFLOW_CTX_DAG_OWNER=SFAFDE
AIRFLOW_CTX_DAG_ID=Hands_pract_v1
AIRFLOW_CTX_TASK_ID=first_task
AIRFLOW_CTX_EXECUTION_DATE=2022-07-30T00:00:00+00:00
AIRFLOW_CTX_TRY_NUMBER=1
AIRFLOW_CTX_DAG_RUN_ID=scheduled__2022-07-30T00:00:00+00:00
[2022-07-30 20:00:18,299] {subprocess.py:62} INFO - Tmp dir root location: 
 /tmp
[2022-07-30 20:00:18,355] {subprocess.py:74} INFO - Running command: ['bash', '-c', ' echo Hello world this is my first task in this hands on!']
[2022-07-30 20:00:18,438] {subprocess.py:85} INFO - Output:
[2022-07-30 20:00:18,448] {subprocess.py:92} INFO - Hello world this is my first task in this hands on!
[2022-07-30 20:00:18,454] {subprocess.py:96} INFO - Command exited with return code 0
[2022-07-30 20:00:19,458] {taskinstance.py:1395} INFO - Marking task as SUCCESS. dag_id=Hands_pract_v1, task_id=first_task, execution_date=20220730T000000, start_date=20220731T000016, end_date=20220731T000019
[2022-07-30 20:00:20,374] {local_task_job.py:156} INFO - Task exited with return code 0
[2022-07-30 20:00:20,480] {local_task_job.py:273} INFO - 0 downstream tasks scheduled from follow-on schedule check
