[2022-08-28 11:04:06,515] {taskinstance.py:1159} INFO - Dependencies all met for <TaskInstance: nse_daily_data_load.nse_download_files scheduled__2022-08-23T13:37:00+00:00 [queued]>
[2022-08-28 11:04:06,577] {taskinstance.py:1159} INFO - Dependencies all met for <TaskInstance: nse_daily_data_load.nse_download_files scheduled__2022-08-23T13:37:00+00:00 [queued]>
[2022-08-28 11:04:06,584] {taskinstance.py:1356} INFO - 
--------------------------------------------------------------------------------
[2022-08-28 11:04:06,585] {taskinstance.py:1357} INFO - Starting attempt 1 of 1
[2022-08-28 11:04:06,585] {taskinstance.py:1358} INFO - 
--------------------------------------------------------------------------------
[2022-08-28 11:04:06,661] {taskinstance.py:1377} INFO - Executing <Task(PythonOperator): nse_download_files> on 2022-08-23 13:37:00+00:00
[2022-08-28 11:04:06,695] {standard_task_runner.py:52} INFO - Started process 8963 to run task
[2022-08-28 11:04:06,778] {standard_task_runner.py:79} INFO - Running: ['airflow', 'tasks', 'run', 'nse_daily_data_load', 'nse_download_files', 'scheduled__2022-08-23T13:37:00+00:00', '--job-id', '387', '--raw', '--subdir', 'DAGS_FOLDER/nse_daily_load_stg.py', '--cfg-path', '/tmp/tmp7vwj_n76', '--error-file', '/tmp/tmpy2oyywg_']
[2022-08-28 11:04:06,850] {standard_task_runner.py:80} INFO - Job 387: Subtask nse_download_files
[2022-08-28 11:04:07,503] {task_command.py:369} INFO - Running <TaskInstance: nse_daily_data_load.nse_download_files scheduled__2022-08-23T13:37:00+00:00 [running]> on host osboxes
[2022-08-28 11:04:07,960] {taskinstance.py:1569} INFO - Exporting the following env vars:
AIRFLOW_CTX_DAG_OWNER=Airflow
AIRFLOW_CTX_DAG_ID=nse_daily_data_load
AIRFLOW_CTX_TASK_ID=nse_download_files
AIRFLOW_CTX_EXECUTION_DATE=2022-08-23T13:37:00+00:00
AIRFLOW_CTX_TRY_NUMBER=1
AIRFLOW_CTX_DAG_RUN_ID=scheduled__2022-08-23T13:37:00+00:00
[2022-08-28 11:04:07,961] {logging_mixin.py:115} INFO - 
cm25JUL2022bhav
[2022-08-28 11:04:07,961] {logging_mixin.py:115} INFO - enter try in loop
[2022-08-28 11:04:07,961] {logging_mixin.py:115} INFO - https://www1.nseindia.com/content/historical/EQUITIES/2022/JUL/cm25JUL2022bhav.csv.zip
[2022-08-28 11:04:09,075] {logging_mixin.py:115} INFO - https://www1.nseindia.com/content/historical/EQUITIES/2022/JUL/cm25JUL2022bhav.csv.zip
[2022-08-28 11:04:09,075] {logging_mixin.py:115} INFO - 
cm26JUL2022bhav
[2022-08-28 11:04:09,075] {logging_mixin.py:115} INFO - enter try in loop
[2022-08-28 11:04:09,075] {logging_mixin.py:115} INFO - https://www1.nseindia.com/content/historical/EQUITIES/2022/JUL/cm26JUL2022bhav.csv.zip
[2022-08-28 11:04:09,739] {logging_mixin.py:115} INFO - https://www1.nseindia.com/content/historical/EQUITIES/2022/JUL/cm26JUL2022bhav.csv.zip
[2022-08-28 11:04:09,739] {logging_mixin.py:115} INFO - 
cm27JUL2022bhav
[2022-08-28 11:04:09,739] {logging_mixin.py:115} INFO - enter try in loop
[2022-08-28 11:04:09,740] {logging_mixin.py:115} INFO - https://www1.nseindia.com/content/historical/EQUITIES/2022/JUL/cm27JUL2022bhav.csv.zip
[2022-08-28 11:04:10,607] {logging_mixin.py:115} INFO - https://www1.nseindia.com/content/historical/EQUITIES/2022/JUL/cm27JUL2022bhav.csv.zip
[2022-08-28 11:04:10,607] {logging_mixin.py:115} INFO - 
cm28JUL2022bhav
[2022-08-28 11:04:10,607] {logging_mixin.py:115} INFO - enter try in loop
[2022-08-28 11:04:10,607] {logging_mixin.py:115} INFO - https://www1.nseindia.com/content/historical/EQUITIES/2022/JUL/cm28JUL2022bhav.csv.zip
[2022-08-28 11:04:11,336] {logging_mixin.py:115} INFO - https://www1.nseindia.com/content/historical/EQUITIES/2022/JUL/cm28JUL2022bhav.csv.zip
[2022-08-28 11:04:11,336] {logging_mixin.py:115} INFO - 
cm29JUL2022bhav
[2022-08-28 11:04:11,336] {logging_mixin.py:115} INFO - enter try in loop
[2022-08-28 11:04:11,336] {logging_mixin.py:115} INFO - https://www1.nseindia.com/content/historical/EQUITIES/2022/JUL/cm29JUL2022bhav.csv.zip
[2022-08-28 11:04:12,025] {logging_mixin.py:115} INFO - https://www1.nseindia.com/content/historical/EQUITIES/2022/JUL/cm29JUL2022bhav.csv.zip
[2022-08-28 11:04:12,026] {logging_mixin.py:115} INFO - 
cm30JUL2022bhav
[2022-08-28 11:04:12,026] {logging_mixin.py:115} INFO - enter try in loop
[2022-08-28 11:04:12,026] {logging_mixin.py:115} INFO - https://www1.nseindia.com/content/historical/EQUITIES/2022/JUL/cm30JUL2022bhav.csv.zip
[2022-08-28 11:04:12,665] {logging_mixin.py:115} INFO - issue occured
[2022-08-28 11:04:12,666] {logging_mixin.py:115} INFO - 
cm01AUG2022bhav
[2022-08-28 11:04:12,666] {logging_mixin.py:115} INFO - enter try in loop
[2022-08-28 11:04:12,666] {logging_mixin.py:115} INFO - https://www1.nseindia.com/content/historical/EQUITIES/2022/AUG/cm01AUG2022bhav.csv.zip
[2022-08-28 11:04:13,329] {logging_mixin.py:115} INFO - https://www1.nseindia.com/content/historical/EQUITIES/2022/AUG/cm01AUG2022bhav.csv.zip
[2022-08-28 11:04:13,329] {logging_mixin.py:115} INFO - 
cm02AUG2022bhav
[2022-08-28 11:04:13,329] {logging_mixin.py:115} INFO - enter try in loop
[2022-08-28 11:04:13,329] {logging_mixin.py:115} INFO - https://www1.nseindia.com/content/historical/EQUITIES/2022/AUG/cm02AUG2022bhav.csv.zip
[2022-08-28 11:04:14,039] {logging_mixin.py:115} INFO - https://www1.nseindia.com/content/historical/EQUITIES/2022/AUG/cm02AUG2022bhav.csv.zip
[2022-08-28 11:04:14,040] {logging_mixin.py:115} INFO - 
cm03AUG2022bhav
[2022-08-28 11:04:14,040] {logging_mixin.py:115} INFO - enter try in loop
[2022-08-28 11:04:14,040] {logging_mixin.py:115} INFO - https://www1.nseindia.com/content/historical/EQUITIES/2022/AUG/cm03AUG2022bhav.csv.zip
[2022-08-28 11:04:14,689] {logging_mixin.py:115} INFO - https://www1.nseindia.com/content/historical/EQUITIES/2022/AUG/cm03AUG2022bhav.csv.zip
[2022-08-28 11:04:14,689] {logging_mixin.py:115} INFO - 
cm04AUG2022bhav
[2022-08-28 11:04:14,689] {logging_mixin.py:115} INFO - enter try in loop
[2022-08-28 11:04:14,689] {logging_mixin.py:115} INFO - https://www1.nseindia.com/content/historical/EQUITIES/2022/AUG/cm04AUG2022bhav.csv.zip
[2022-08-28 11:04:15,413] {logging_mixin.py:115} INFO - https://www1.nseindia.com/content/historical/EQUITIES/2022/AUG/cm04AUG2022bhav.csv.zip
[2022-08-28 11:04:15,413] {logging_mixin.py:115} INFO - 
cm05AUG2022bhav
[2022-08-28 11:04:15,413] {logging_mixin.py:115} INFO - enter try in loop
[2022-08-28 11:04:15,413] {logging_mixin.py:115} INFO - https://www1.nseindia.com/content/historical/EQUITIES/2022/AUG/cm05AUG2022bhav.csv.zip
[2022-08-28 11:04:16,026] {logging_mixin.py:115} INFO - https://www1.nseindia.com/content/historical/EQUITIES/2022/AUG/cm05AUG2022bhav.csv.zip
[2022-08-28 11:04:16,026] {logging_mixin.py:115} INFO - 
cm06AUG2022bhav
[2022-08-28 11:04:16,026] {logging_mixin.py:115} INFO - enter try in loop
[2022-08-28 11:04:16,027] {logging_mixin.py:115} INFO - https://www1.nseindia.com/content/historical/EQUITIES/2022/AUG/cm06AUG2022bhav.csv.zip
[2022-08-28 11:04:16,579] {logging_mixin.py:115} INFO - issue occured
[2022-08-28 11:04:16,580] {logging_mixin.py:115} INFO - 
cm07AUG2022bhav
[2022-08-28 11:04:16,581] {logging_mixin.py:115} INFO - enter try in loop
[2022-08-28 11:04:16,581] {logging_mixin.py:115} INFO - https://www1.nseindia.com/content/historical/EQUITIES/2022/AUG/cm07AUG2022bhav.csv.zip
[2022-08-28 11:04:17,128] {logging_mixin.py:115} INFO - issue occured
[2022-08-28 11:04:17,129] {logging_mixin.py:115} INFO - 
cm08AUG2022bhav
[2022-08-28 11:04:17,129] {logging_mixin.py:115} INFO - enter try in loop
[2022-08-28 11:04:17,129] {logging_mixin.py:115} INFO - https://www1.nseindia.com/content/historical/EQUITIES/2022/AUG/cm08AUG2022bhav.csv.zip
[2022-08-28 11:04:17,789] {logging_mixin.py:115} INFO - https://www1.nseindia.com/content/historical/EQUITIES/2022/AUG/cm08AUG2022bhav.csv.zip
[2022-08-28 11:04:17,789] {logging_mixin.py:115} INFO - 
cm09AUG2022bhav
[2022-08-28 11:04:17,789] {logging_mixin.py:115} INFO - enter try in loop
[2022-08-28 11:04:17,789] {logging_mixin.py:115} INFO - https://www1.nseindia.com/content/historical/EQUITIES/2022/AUG/cm09AUG2022bhav.csv.zip
[2022-08-28 11:04:18,367] {logging_mixin.py:115} INFO - issue occured
[2022-08-28 11:04:18,368] {logging_mixin.py:115} INFO - 
cm10AUG2022bhav
[2022-08-28 11:04:18,368] {logging_mixin.py:115} INFO - enter try in loop
[2022-08-28 11:04:18,368] {logging_mixin.py:115} INFO - https://www1.nseindia.com/content/historical/EQUITIES/2022/AUG/cm10AUG2022bhav.csv.zip
[2022-08-28 11:04:18,997] {logging_mixin.py:115} INFO - https://www1.nseindia.com/content/historical/EQUITIES/2022/AUG/cm10AUG2022bhav.csv.zip
[2022-08-28 11:04:18,997] {logging_mixin.py:115} INFO - 
cm11AUG2022bhav
[2022-08-28 11:04:18,997] {logging_mixin.py:115} INFO - enter try in loop
[2022-08-28 11:04:18,997] {logging_mixin.py:115} INFO - https://www1.nseindia.com/content/historical/EQUITIES/2022/AUG/cm11AUG2022bhav.csv.zip
[2022-08-28 11:04:19,670] {logging_mixin.py:115} INFO - https://www1.nseindia.com/content/historical/EQUITIES/2022/AUG/cm11AUG2022bhav.csv.zip
[2022-08-28 11:04:19,670] {logging_mixin.py:115} INFO - 
cm12AUG2022bhav
[2022-08-28 11:04:19,671] {logging_mixin.py:115} INFO - enter try in loop
[2022-08-28 11:04:19,671] {logging_mixin.py:115} INFO - https://www1.nseindia.com/content/historical/EQUITIES/2022/AUG/cm12AUG2022bhav.csv.zip
[2022-08-28 11:04:20,320] {logging_mixin.py:115} INFO - https://www1.nseindia.com/content/historical/EQUITIES/2022/AUG/cm12AUG2022bhav.csv.zip
[2022-08-28 11:04:20,320] {logging_mixin.py:115} INFO - 
cm13AUG2022bhav
[2022-08-28 11:04:20,320] {logging_mixin.py:115} INFO - enter try in loop
[2022-08-28 11:04:20,320] {logging_mixin.py:115} INFO - https://www1.nseindia.com/content/historical/EQUITIES/2022/AUG/cm13AUG2022bhav.csv.zip
[2022-08-28 11:04:20,888] {logging_mixin.py:115} INFO - issue occured
[2022-08-28 11:04:20,897] {logging_mixin.py:115} INFO - 
cm14AUG2022bhav
[2022-08-28 11:04:20,897] {logging_mixin.py:115} INFO - enter try in loop
[2022-08-28 11:04:20,897] {logging_mixin.py:115} INFO - https://www1.nseindia.com/content/historical/EQUITIES/2022/AUG/cm14AUG2022bhav.csv.zip
[2022-08-28 11:04:21,506] {logging_mixin.py:115} INFO - issue occured
[2022-08-28 11:04:21,508] {logging_mixin.py:115} INFO - 
cm15AUG2022bhav
[2022-08-28 11:04:21,510] {logging_mixin.py:115} INFO - enter try in loop
[2022-08-28 11:04:21,524] {logging_mixin.py:115} INFO - https://www1.nseindia.com/content/historical/EQUITIES/2022/AUG/cm15AUG2022bhav.csv.zip
[2022-08-28 11:04:22,164] {logging_mixin.py:115} INFO - issue occured
[2022-08-28 11:04:22,165] {logging_mixin.py:115} INFO - 
cm16AUG2022bhav
[2022-08-28 11:04:22,165] {logging_mixin.py:115} INFO - enter try in loop
[2022-08-28 11:04:22,165] {logging_mixin.py:115} INFO - https://www1.nseindia.com/content/historical/EQUITIES/2022/AUG/cm16AUG2022bhav.csv.zip
[2022-08-28 11:04:23,070] {logging_mixin.py:115} INFO - https://www1.nseindia.com/content/historical/EQUITIES/2022/AUG/cm16AUG2022bhav.csv.zip
[2022-08-28 11:04:23,070] {logging_mixin.py:115} INFO - 
cm17AUG2022bhav
[2022-08-28 11:04:23,070] {logging_mixin.py:115} INFO - enter try in loop
[2022-08-28 11:04:23,070] {logging_mixin.py:115} INFO - https://www1.nseindia.com/content/historical/EQUITIES/2022/AUG/cm17AUG2022bhav.csv.zip
[2022-08-28 11:04:23,773] {logging_mixin.py:115} INFO - https://www1.nseindia.com/content/historical/EQUITIES/2022/AUG/cm17AUG2022bhav.csv.zip
[2022-08-28 11:04:23,773] {logging_mixin.py:115} INFO - 
cm18AUG2022bhav
[2022-08-28 11:04:23,773] {logging_mixin.py:115} INFO - enter try in loop
[2022-08-28 11:04:23,773] {logging_mixin.py:115} INFO - https://www1.nseindia.com/content/historical/EQUITIES/2022/AUG/cm18AUG2022bhav.csv.zip
[2022-08-28 11:04:24,410] {logging_mixin.py:115} INFO - https://www1.nseindia.com/content/historical/EQUITIES/2022/AUG/cm18AUG2022bhav.csv.zip
[2022-08-28 11:04:24,410] {logging_mixin.py:115} INFO - 
cm19AUG2022bhav
[2022-08-28 11:04:24,410] {logging_mixin.py:115} INFO - enter try in loop
[2022-08-28 11:04:24,410] {logging_mixin.py:115} INFO - https://www1.nseindia.com/content/historical/EQUITIES/2022/AUG/cm19AUG2022bhav.csv.zip
[2022-08-28 11:04:25,120] {logging_mixin.py:115} INFO - https://www1.nseindia.com/content/historical/EQUITIES/2022/AUG/cm19AUG2022bhav.csv.zip
[2022-08-28 11:04:25,120] {logging_mixin.py:115} INFO - 
cm20AUG2022bhav
[2022-08-28 11:04:25,120] {logging_mixin.py:115} INFO - enter try in loop
[2022-08-28 11:04:25,120] {logging_mixin.py:115} INFO - https://www1.nseindia.com/content/historical/EQUITIES/2022/AUG/cm20AUG2022bhav.csv.zip
[2022-08-28 11:04:25,740] {logging_mixin.py:115} INFO - issue occured
[2022-08-28 11:04:25,741] {logging_mixin.py:115} INFO - 
cm21AUG2022bhav
[2022-08-28 11:04:25,741] {logging_mixin.py:115} INFO - enter try in loop
[2022-08-28 11:04:25,741] {logging_mixin.py:115} INFO - https://www1.nseindia.com/content/historical/EQUITIES/2022/AUG/cm21AUG2022bhav.csv.zip
[2022-08-28 11:04:26,284] {logging_mixin.py:115} INFO - issue occured
[2022-08-28 11:04:26,284] {logging_mixin.py:115} INFO - 
cm22AUG2022bhav
[2022-08-28 11:04:26,285] {logging_mixin.py:115} INFO - enter try in loop
[2022-08-28 11:04:26,285] {logging_mixin.py:115} INFO - https://www1.nseindia.com/content/historical/EQUITIES/2022/AUG/cm22AUG2022bhav.csv.zip
[2022-08-28 11:04:27,007] {logging_mixin.py:115} INFO - https://www1.nseindia.com/content/historical/EQUITIES/2022/AUG/cm22AUG2022bhav.csv.zip
[2022-08-28 11:04:27,007] {logging_mixin.py:115} INFO - 
cm23AUG2022bhav
[2022-08-28 11:04:27,007] {logging_mixin.py:115} INFO - enter try in loop
[2022-08-28 11:04:27,007] {logging_mixin.py:115} INFO - https://www1.nseindia.com/content/historical/EQUITIES/2022/AUG/cm23AUG2022bhav.csv.zip
[2022-08-28 11:04:27,724] {logging_mixin.py:115} INFO - https://www1.nseindia.com/content/historical/EQUITIES/2022/AUG/cm23AUG2022bhav.csv.zip
[2022-08-28 11:04:27,724] {logging_mixin.py:115} INFO - 
cm24AUG2022bhav
[2022-08-28 11:04:27,724] {logging_mixin.py:115} INFO - enter try in loop
[2022-08-28 11:04:27,724] {logging_mixin.py:115} INFO - https://www1.nseindia.com/content/historical/EQUITIES/2022/AUG/cm24AUG2022bhav.csv.zip
[2022-08-28 11:04:28,413] {logging_mixin.py:115} INFO - https://www1.nseindia.com/content/historical/EQUITIES/2022/AUG/cm24AUG2022bhav.csv.zip
[2022-08-28 11:04:28,413] {logging_mixin.py:115} INFO - 
cm25AUG2022bhav
[2022-08-28 11:04:28,413] {logging_mixin.py:115} INFO - enter try in loop
[2022-08-28 11:04:28,413] {logging_mixin.py:115} INFO - https://www1.nseindia.com/content/historical/EQUITIES/2022/AUG/cm25AUG2022bhav.csv.zip
[2022-08-28 11:04:29,209] {logging_mixin.py:115} INFO - https://www1.nseindia.com/content/historical/EQUITIES/2022/AUG/cm25AUG2022bhav.csv.zip
[2022-08-28 11:04:29,210] {logging_mixin.py:115} INFO - 
cm26AUG2022bhav
[2022-08-28 11:04:29,210] {logging_mixin.py:115} INFO - enter try in loop
[2022-08-28 11:04:29,210] {logging_mixin.py:115} INFO - https://www1.nseindia.com/content/historical/EQUITIES/2022/AUG/cm26AUG2022bhav.csv.zip
[2022-08-28 11:04:30,014] {logging_mixin.py:115} INFO - https://www1.nseindia.com/content/historical/EQUITIES/2022/AUG/cm26AUG2022bhav.csv.zip
[2022-08-28 11:04:30,015] {logging_mixin.py:115} INFO - 
cm27AUG2022bhav
[2022-08-28 11:04:30,015] {logging_mixin.py:115} INFO - enter try in loop
[2022-08-28 11:04:30,015] {logging_mixin.py:115} INFO - https://www1.nseindia.com/content/historical/EQUITIES/2022/AUG/cm27AUG2022bhav.csv.zip
[2022-08-28 11:04:30,718] {logging_mixin.py:115} INFO - issue occured
[2022-08-28 11:04:30,723] {logging_mixin.py:115} INFO - 
cm28AUG2022bhav
[2022-08-28 11:04:30,724] {logging_mixin.py:115} INFO - enter try in loop
[2022-08-28 11:04:30,724] {logging_mixin.py:115} INFO - https://www1.nseindia.com/content/historical/EQUITIES/2022/AUG/cm28AUG2022bhav.csv.zip
[2022-08-28 11:04:31,353] {logging_mixin.py:115} INFO - issue occured
[2022-08-28 11:04:31,361] {logging_mixin.py:115} INFO - ['cm25JUL2022bhav.csv.zip', 'cm26JUL2022bhav.csv.zip', 'cm27JUL2022bhav.csv.zip', 'cm28JUL2022bhav.csv.zip', 'cm29JUL2022bhav.csv.zip', 'cm01AUG2022bhav.csv.zip', 'cm02AUG2022bhav.csv.zip', 'cm03AUG2022bhav.csv.zip', 'cm04AUG2022bhav.csv.zip', 'cm05AUG2022bhav.csv.zip', 'cm08AUG2022bhav.csv.zip', 'cm10AUG2022bhav.csv.zip', 'cm11AUG2022bhav.csv.zip', 'cm12AUG2022bhav.csv.zip', 'cm16AUG2022bhav.csv.zip', 'cm17AUG2022bhav.csv.zip', 'cm18AUG2022bhav.csv.zip', 'cm19AUG2022bhav.csv.zip', 'cm22AUG2022bhav.csv.zip', 'cm23AUG2022bhav.csv.zip', 'cm24AUG2022bhav.csv.zip', 'cm25AUG2022bhav.csv.zip', 'cm26AUG2022bhav.csv.zip']
[2022-08-28 11:04:31,361] {logging_mixin.py:115} INFO - cm25JUL2022bhav.csv.zip
[2022-08-28 11:04:31,383] {logging_mixin.py:115} INFO - cm26JUL2022bhav.csv.zip
[2022-08-28 11:04:31,450] {logging_mixin.py:115} INFO - cm27JUL2022bhav.csv.zip
[2022-08-28 11:04:31,572] {logging_mixin.py:115} INFO - cm28JUL2022bhav.csv.zip
[2022-08-28 11:04:31,597] {logging_mixin.py:115} INFO - cm29JUL2022bhav.csv.zip
[2022-08-28 11:04:31,639] {logging_mixin.py:115} INFO - cm01AUG2022bhav.csv.zip
[2022-08-28 11:04:31,671] {logging_mixin.py:115} INFO - cm02AUG2022bhav.csv.zip
[2022-08-28 11:04:31,681] {logging_mixin.py:115} INFO - cm03AUG2022bhav.csv.zip
[2022-08-28 11:04:31,726] {logging_mixin.py:115} INFO - cm04AUG2022bhav.csv.zip
[2022-08-28 11:04:31,731] {logging_mixin.py:115} INFO - cm05AUG2022bhav.csv.zip
[2022-08-28 11:04:31,761] {logging_mixin.py:115} INFO - cm08AUG2022bhav.csv.zip
[2022-08-28 11:04:31,856] {logging_mixin.py:115} INFO - cm10AUG2022bhav.csv.zip
[2022-08-28 11:04:31,884] {logging_mixin.py:115} INFO - cm11AUG2022bhav.csv.zip
[2022-08-28 11:04:32,034] {logging_mixin.py:115} INFO - cm12AUG2022bhav.csv.zip
[2022-08-28 11:04:32,171] {logging_mixin.py:115} INFO - cm16AUG2022bhav.csv.zip
[2022-08-28 11:04:32,198] {logging_mixin.py:115} INFO - cm17AUG2022bhav.csv.zip
[2022-08-28 11:04:32,213] {logging_mixin.py:115} INFO - cm18AUG2022bhav.csv.zip
[2022-08-28 11:04:32,227] {logging_mixin.py:115} INFO - cm19AUG2022bhav.csv.zip
[2022-08-28 11:04:32,263] {logging_mixin.py:115} INFO - cm22AUG2022bhav.csv.zip
[2022-08-28 11:04:32,280] {logging_mixin.py:115} INFO - cm23AUG2022bhav.csv.zip
[2022-08-28 11:04:32,285] {logging_mixin.py:115} INFO - cm24AUG2022bhav.csv.zip
[2022-08-28 11:04:32,373] {logging_mixin.py:115} INFO - cm25AUG2022bhav.csv.zip
[2022-08-28 11:04:32,400] {logging_mixin.py:115} INFO - cm26AUG2022bhav.csv.zip
[2022-08-28 11:04:32,448] {python.py:173} INFO - Done. Returned value was: None
[2022-08-28 11:04:32,500] {taskinstance.py:1395} INFO - Marking task as SUCCESS. dag_id=nse_daily_data_load, task_id=nse_download_files, execution_date=20220823T133700, start_date=20220828T150406, end_date=20220828T150432
[2022-08-28 11:04:32,930] {local_task_job.py:156} INFO - Task exited with return code 0
[2022-08-28 11:04:33,238] {local_task_job.py:273} INFO - 1 downstream tasks scheduled from follow-on schedule check
