[2022-06-23 10:28:38,358] {processor.py:153} INFO - Started process (PID=27789) to work on /home/osboxes/.local/lib/python3.8/site-packages/airflow/example_dags/subdags/subdag.py
[2022-06-23 10:28:38,364] {processor.py:641} INFO - Processing file /home/osboxes/.local/lib/python3.8/site-packages/airflow/example_dags/subdags/subdag.py for tasks to queue
[2022-06-23 10:28:38,364] {logging_mixin.py:115} INFO - [2022-06-23 10:28:38,364] {dagbag.py:507} INFO - Filling up the DagBag from /home/osboxes/.local/lib/python3.8/site-packages/airflow/example_dags/subdags/subdag.py
[2022-06-23 10:28:38,366] {processor.py:653} WARNING - No viable dags retrieved from /home/osboxes/.local/lib/python3.8/site-packages/airflow/example_dags/subdags/subdag.py
[2022-06-23 10:28:38,375] {processor.py:161} INFO - Processing /home/osboxes/.local/lib/python3.8/site-packages/airflow/example_dags/subdags/subdag.py took 0.019 seconds
[2022-06-23 10:29:19,755] {processor.py:153} INFO - Started process (PID=28137) to work on /home/osboxes/.local/lib/python3.8/site-packages/airflow/example_dags/subdags/subdag.py
[2022-06-23 10:29:19,758] {processor.py:641} INFO - Processing file /home/osboxes/.local/lib/python3.8/site-packages/airflow/example_dags/subdags/subdag.py for tasks to queue
[2022-06-23 10:29:19,758] {logging_mixin.py:115} INFO - [2022-06-23 10:29:19,758] {dagbag.py:507} INFO - Filling up the DagBag from /home/osboxes/.local/lib/python3.8/site-packages/airflow/example_dags/subdags/subdag.py
[2022-06-23 10:29:19,759] {processor.py:653} WARNING - No viable dags retrieved from /home/osboxes/.local/lib/python3.8/site-packages/airflow/example_dags/subdags/subdag.py
[2022-06-23 10:29:19,768] {processor.py:161} INFO - Processing /home/osboxes/.local/lib/python3.8/site-packages/airflow/example_dags/subdags/subdag.py took 0.016 seconds
[2022-06-23 10:29:58,969] {processor.py:153} INFO - Started process (PID=28484) to work on /home/osboxes/.local/lib/python3.8/site-packages/airflow/example_dags/subdags/subdag.py
[2022-06-23 10:29:58,972] {processor.py:641} INFO - Processing file /home/osboxes/.local/lib/python3.8/site-packages/airflow/example_dags/subdags/subdag.py for tasks to queue
[2022-06-23 10:29:58,972] {logging_mixin.py:115} INFO - [2022-06-23 10:29:58,972] {dagbag.py:507} INFO - Filling up the DagBag from /home/osboxes/.local/lib/python3.8/site-packages/airflow/example_dags/subdags/subdag.py
[2022-06-23 10:29:58,973] {processor.py:653} WARNING - No viable dags retrieved from /home/osboxes/.local/lib/python3.8/site-packages/airflow/example_dags/subdags/subdag.py
[2022-06-23 10:29:58,981] {processor.py:161} INFO - Processing /home/osboxes/.local/lib/python3.8/site-packages/airflow/example_dags/subdags/subdag.py took 0.014 seconds
[2022-06-23 10:30:33,284] {processor.py:153} INFO - Started process (PID=28779) to work on /home/osboxes/.local/lib/python3.8/site-packages/airflow/example_dags/subdags/subdag.py
[2022-06-23 10:30:33,286] {processor.py:641} INFO - Processing file /home/osboxes/.local/lib/python3.8/site-packages/airflow/example_dags/subdags/subdag.py for tasks to queue
[2022-06-23 10:30:33,286] {logging_mixin.py:115} INFO - [2022-06-23 10:30:33,286] {dagbag.py:507} INFO - Filling up the DagBag from /home/osboxes/.local/lib/python3.8/site-packages/airflow/example_dags/subdags/subdag.py
[2022-06-23 10:30:33,288] {processor.py:653} WARNING - No viable dags retrieved from /home/osboxes/.local/lib/python3.8/site-packages/airflow/example_dags/subdags/subdag.py
[2022-06-23 10:30:33,295] {processor.py:161} INFO - Processing /home/osboxes/.local/lib/python3.8/site-packages/airflow/example_dags/subdags/subdag.py took 0.014 seconds
[2022-06-23 10:31:07,322] {processor.py:153} INFO - Started process (PID=29020) to work on /home/osboxes/.local/lib/python3.8/site-packages/airflow/example_dags/subdags/subdag.py
[2022-06-23 10:31:07,323] {processor.py:641} INFO - Processing file /home/osboxes/.local/lib/python3.8/site-packages/airflow/example_dags/subdags/subdag.py for tasks to queue
[2022-06-23 10:31:07,324] {logging_mixin.py:115} INFO - [2022-06-23 10:31:07,324] {dagbag.py:507} INFO - Filling up the DagBag from /home/osboxes/.local/lib/python3.8/site-packages/airflow/example_dags/subdags/subdag.py
[2022-06-23 10:31:07,325] {processor.py:653} WARNING - No viable dags retrieved from /home/osboxes/.local/lib/python3.8/site-packages/airflow/example_dags/subdags/subdag.py
[2022-06-23 10:31:07,333] {processor.py:161} INFO - Processing /home/osboxes/.local/lib/python3.8/site-packages/airflow/example_dags/subdags/subdag.py took 0.014 seconds
[2022-06-23 10:31:42,944] {processor.py:153} INFO - Started process (PID=29339) to work on /home/osboxes/.local/lib/python3.8/site-packages/airflow/example_dags/subdags/subdag.py
[2022-06-23 10:31:42,946] {processor.py:641} INFO - Processing file /home/osboxes/.local/lib/python3.8/site-packages/airflow/example_dags/subdags/subdag.py for tasks to queue
[2022-06-23 10:31:42,946] {logging_mixin.py:115} INFO - [2022-06-23 10:31:42,946] {dagbag.py:507} INFO - Filling up the DagBag from /home/osboxes/.local/lib/python3.8/site-packages/airflow/example_dags/subdags/subdag.py
[2022-06-23 10:31:42,948] {processor.py:653} WARNING - No viable dags retrieved from /home/osboxes/.local/lib/python3.8/site-packages/airflow/example_dags/subdags/subdag.py
[2022-06-23 10:31:42,955] {processor.py:161} INFO - Processing /home/osboxes/.local/lib/python3.8/site-packages/airflow/example_dags/subdags/subdag.py took 0.013 seconds
[2022-06-23 10:32:21,072] {processor.py:153} INFO - Started process (PID=29797) to work on /home/osboxes/.local/lib/python3.8/site-packages/airflow/example_dags/subdags/subdag.py
[2022-06-23 10:32:21,074] {processor.py:641} INFO - Processing file /home/osboxes/.local/lib/python3.8/site-packages/airflow/example_dags/subdags/subdag.py for tasks to queue
[2022-06-23 10:32:21,075] {logging_mixin.py:115} INFO - [2022-06-23 10:32:21,075] {dagbag.py:507} INFO - Filling up the DagBag from /home/osboxes/.local/lib/python3.8/site-packages/airflow/example_dags/subdags/subdag.py
[2022-06-23 10:32:21,076] {processor.py:653} WARNING - No viable dags retrieved from /home/osboxes/.local/lib/python3.8/site-packages/airflow/example_dags/subdags/subdag.py
[2022-06-23 10:32:21,085] {processor.py:161} INFO - Processing /home/osboxes/.local/lib/python3.8/site-packages/airflow/example_dags/subdags/subdag.py took 0.015 seconds
[2022-06-23 10:32:56,701] {processor.py:153} INFO - Started process (PID=30267) to work on /home/osboxes/.local/lib/python3.8/site-packages/airflow/example_dags/subdags/subdag.py
[2022-06-23 10:32:56,704] {processor.py:641} INFO - Processing file /home/osboxes/.local/lib/python3.8/site-packages/airflow/example_dags/subdags/subdag.py for tasks to queue
[2022-06-23 10:32:56,704] {logging_mixin.py:115} INFO - [2022-06-23 10:32:56,704] {dagbag.py:507} INFO - Filling up the DagBag from /home/osboxes/.local/lib/python3.8/site-packages/airflow/example_dags/subdags/subdag.py
[2022-06-23 10:32:56,705] {processor.py:653} WARNING - No viable dags retrieved from /home/osboxes/.local/lib/python3.8/site-packages/airflow/example_dags/subdags/subdag.py
[2022-06-23 10:32:56,718] {processor.py:161} INFO - Processing /home/osboxes/.local/lib/python3.8/site-packages/airflow/example_dags/subdags/subdag.py took 0.020 seconds
[2022-06-23 10:33:37,601] {processor.py:153} INFO - Started process (PID=30707) to work on /home/osboxes/.local/lib/python3.8/site-packages/airflow/example_dags/subdags/subdag.py
[2022-06-23 10:33:37,602] {processor.py:641} INFO - Processing file /home/osboxes/.local/lib/python3.8/site-packages/airflow/example_dags/subdags/subdag.py for tasks to queue
[2022-06-23 10:33:37,603] {logging_mixin.py:115} INFO - [2022-06-23 10:33:37,603] {dagbag.py:507} INFO - Filling up the DagBag from /home/osboxes/.local/lib/python3.8/site-packages/airflow/example_dags/subdags/subdag.py
[2022-06-23 10:33:37,605] {processor.py:653} WARNING - No viable dags retrieved from /home/osboxes/.local/lib/python3.8/site-packages/airflow/example_dags/subdags/subdag.py
[2022-06-23 10:33:37,617] {processor.py:161} INFO - Processing /home/osboxes/.local/lib/python3.8/site-packages/airflow/example_dags/subdags/subdag.py took 0.019 seconds
[2022-06-23 10:34:17,727] {processor.py:153} INFO - Started process (PID=31218) to work on /home/osboxes/.local/lib/python3.8/site-packages/airflow/example_dags/subdags/subdag.py
[2022-06-23 10:34:17,736] {processor.py:641} INFO - Processing file /home/osboxes/.local/lib/python3.8/site-packages/airflow/example_dags/subdags/subdag.py for tasks to queue
[2022-06-23 10:34:17,738] {logging_mixin.py:115} INFO - [2022-06-23 10:34:17,738] {dagbag.py:507} INFO - Filling up the DagBag from /home/osboxes/.local/lib/python3.8/site-packages/airflow/example_dags/subdags/subdag.py
[2022-06-23 10:34:17,739] {processor.py:653} WARNING - No viable dags retrieved from /home/osboxes/.local/lib/python3.8/site-packages/airflow/example_dags/subdags/subdag.py
[2022-06-23 10:34:17,755] {processor.py:161} INFO - Processing /home/osboxes/.local/lib/python3.8/site-packages/airflow/example_dags/subdags/subdag.py took 0.030 seconds
[2022-06-23 10:34:53,290] {processor.py:153} INFO - Started process (PID=31561) to work on /home/osboxes/.local/lib/python3.8/site-packages/airflow/example_dags/subdags/subdag.py
[2022-06-23 10:34:53,292] {processor.py:641} INFO - Processing file /home/osboxes/.local/lib/python3.8/site-packages/airflow/example_dags/subdags/subdag.py for tasks to queue
[2022-06-23 10:34:53,293] {logging_mixin.py:115} INFO - [2022-06-23 10:34:53,293] {dagbag.py:507} INFO - Filling up the DagBag from /home/osboxes/.local/lib/python3.8/site-packages/airflow/example_dags/subdags/subdag.py
[2022-06-23 10:34:53,294] {processor.py:653} WARNING - No viable dags retrieved from /home/osboxes/.local/lib/python3.8/site-packages/airflow/example_dags/subdags/subdag.py
[2022-06-23 10:34:53,305] {processor.py:161} INFO - Processing /home/osboxes/.local/lib/python3.8/site-packages/airflow/example_dags/subdags/subdag.py took 0.016 seconds
[2022-06-23 10:35:32,555] {processor.py:153} INFO - Started process (PID=32003) to work on /home/osboxes/.local/lib/python3.8/site-packages/airflow/example_dags/subdags/subdag.py
[2022-06-23 10:35:32,586] {processor.py:641} INFO - Processing file /home/osboxes/.local/lib/python3.8/site-packages/airflow/example_dags/subdags/subdag.py for tasks to queue
[2022-06-23 10:35:32,587] {logging_mixin.py:115} INFO - [2022-06-23 10:35:32,586] {dagbag.py:507} INFO - Filling up the DagBag from /home/osboxes/.local/lib/python3.8/site-packages/airflow/example_dags/subdags/subdag.py
[2022-06-23 10:35:32,588] {processor.py:653} WARNING - No viable dags retrieved from /home/osboxes/.local/lib/python3.8/site-packages/airflow/example_dags/subdags/subdag.py
[2022-06-23 10:35:32,636] {processor.py:161} INFO - Processing /home/osboxes/.local/lib/python3.8/site-packages/airflow/example_dags/subdags/subdag.py took 0.083 seconds
[2022-06-23 10:36:33,762] {processor.py:153} INFO - Started process (PID=32649) to work on /home/osboxes/.local/lib/python3.8/site-packages/airflow/example_dags/subdags/subdag.py
[2022-06-23 10:36:33,859] {processor.py:641} INFO - Processing file /home/osboxes/.local/lib/python3.8/site-packages/airflow/example_dags/subdags/subdag.py for tasks to queue
[2022-06-23 10:36:33,869] {logging_mixin.py:115} INFO - [2022-06-23 10:36:33,869] {dagbag.py:507} INFO - Filling up the DagBag from /home/osboxes/.local/lib/python3.8/site-packages/airflow/example_dags/subdags/subdag.py
[2022-06-23 10:36:33,870] {processor.py:653} WARNING - No viable dags retrieved from /home/osboxes/.local/lib/python3.8/site-packages/airflow/example_dags/subdags/subdag.py
[2022-06-23 10:36:33,880] {processor.py:161} INFO - Processing /home/osboxes/.local/lib/python3.8/site-packages/airflow/example_dags/subdags/subdag.py took 0.120 seconds
[2022-06-23 10:37:27,684] {processor.py:153} INFO - Started process (PID=33072) to work on /home/osboxes/.local/lib/python3.8/site-packages/airflow/example_dags/subdags/subdag.py
[2022-06-23 10:37:27,816] {processor.py:641} INFO - Processing file /home/osboxes/.local/lib/python3.8/site-packages/airflow/example_dags/subdags/subdag.py for tasks to queue
[2022-06-23 10:37:27,820] {logging_mixin.py:115} INFO - [2022-06-23 10:37:27,820] {dagbag.py:507} INFO - Filling up the DagBag from /home/osboxes/.local/lib/python3.8/site-packages/airflow/example_dags/subdags/subdag.py
[2022-06-23 10:37:27,838] {processor.py:653} WARNING - No viable dags retrieved from /home/osboxes/.local/lib/python3.8/site-packages/airflow/example_dags/subdags/subdag.py
[2022-06-23 10:37:28,015] {processor.py:161} INFO - Processing /home/osboxes/.local/lib/python3.8/site-packages/airflow/example_dags/subdags/subdag.py took 0.333 seconds
[2022-06-23 10:38:22,119] {processor.py:153} INFO - Started process (PID=33608) to work on /home/osboxes/.local/lib/python3.8/site-packages/airflow/example_dags/subdags/subdag.py
[2022-06-23 10:38:22,123] {processor.py:641} INFO - Processing file /home/osboxes/.local/lib/python3.8/site-packages/airflow/example_dags/subdags/subdag.py for tasks to queue
[2022-06-23 10:38:22,124] {logging_mixin.py:115} INFO - [2022-06-23 10:38:22,124] {dagbag.py:507} INFO - Filling up the DagBag from /home/osboxes/.local/lib/python3.8/site-packages/airflow/example_dags/subdags/subdag.py
[2022-06-23 10:38:22,125] {processor.py:653} WARNING - No viable dags retrieved from /home/osboxes/.local/lib/python3.8/site-packages/airflow/example_dags/subdags/subdag.py
[2022-06-23 10:38:22,134] {processor.py:161} INFO - Processing /home/osboxes/.local/lib/python3.8/site-packages/airflow/example_dags/subdags/subdag.py took 0.028 seconds
[2022-06-23 10:39:02,003] {processor.py:153} INFO - Started process (PID=33991) to work on /home/osboxes/.local/lib/python3.8/site-packages/airflow/example_dags/subdags/subdag.py
[2022-06-23 10:39:02,005] {processor.py:641} INFO - Processing file /home/osboxes/.local/lib/python3.8/site-packages/airflow/example_dags/subdags/subdag.py for tasks to queue
[2022-06-23 10:39:02,006] {logging_mixin.py:115} INFO - [2022-06-23 10:39:02,005] {dagbag.py:507} INFO - Filling up the DagBag from /home/osboxes/.local/lib/python3.8/site-packages/airflow/example_dags/subdags/subdag.py
[2022-06-23 10:39:02,007] {processor.py:653} WARNING - No viable dags retrieved from /home/osboxes/.local/lib/python3.8/site-packages/airflow/example_dags/subdags/subdag.py
[2022-06-23 10:39:02,018] {processor.py:161} INFO - Processing /home/osboxes/.local/lib/python3.8/site-packages/airflow/example_dags/subdags/subdag.py took 0.018 seconds
[2022-06-23 10:39:43,305] {processor.py:153} INFO - Started process (PID=34308) to work on /home/osboxes/.local/lib/python3.8/site-packages/airflow/example_dags/subdags/subdag.py
[2022-06-23 10:39:43,321] {processor.py:641} INFO - Processing file /home/osboxes/.local/lib/python3.8/site-packages/airflow/example_dags/subdags/subdag.py for tasks to queue
[2022-06-23 10:39:43,322] {logging_mixin.py:115} INFO - [2022-06-23 10:39:43,321] {dagbag.py:507} INFO - Filling up the DagBag from /home/osboxes/.local/lib/python3.8/site-packages/airflow/example_dags/subdags/subdag.py
[2022-06-23 10:39:43,323] {processor.py:653} WARNING - No viable dags retrieved from /home/osboxes/.local/lib/python3.8/site-packages/airflow/example_dags/subdags/subdag.py
[2022-06-23 10:39:43,449] {processor.py:161} INFO - Processing /home/osboxes/.local/lib/python3.8/site-packages/airflow/example_dags/subdags/subdag.py took 0.146 seconds
[2022-06-23 10:40:19,665] {processor.py:153} INFO - Started process (PID=34693) to work on /home/osboxes/.local/lib/python3.8/site-packages/airflow/example_dags/subdags/subdag.py
[2022-06-23 10:40:19,669] {processor.py:641} INFO - Processing file /home/osboxes/.local/lib/python3.8/site-packages/airflow/example_dags/subdags/subdag.py for tasks to queue
[2022-06-23 10:40:19,669] {logging_mixin.py:115} INFO - [2022-06-23 10:40:19,669] {dagbag.py:507} INFO - Filling up the DagBag from /home/osboxes/.local/lib/python3.8/site-packages/airflow/example_dags/subdags/subdag.py
[2022-06-23 10:40:19,670] {processor.py:653} WARNING - No viable dags retrieved from /home/osboxes/.local/lib/python3.8/site-packages/airflow/example_dags/subdags/subdag.py
[2022-06-23 10:40:19,678] {processor.py:161} INFO - Processing /home/osboxes/.local/lib/python3.8/site-packages/airflow/example_dags/subdags/subdag.py took 0.015 seconds
[2022-06-23 10:41:03,118] {processor.py:153} INFO - Started process (PID=35166) to work on /home/osboxes/.local/lib/python3.8/site-packages/airflow/example_dags/subdags/subdag.py
[2022-06-23 10:41:03,128] {processor.py:641} INFO - Processing file /home/osboxes/.local/lib/python3.8/site-packages/airflow/example_dags/subdags/subdag.py for tasks to queue
[2022-06-23 10:41:03,129] {logging_mixin.py:115} INFO - [2022-06-23 10:41:03,129] {dagbag.py:507} INFO - Filling up the DagBag from /home/osboxes/.local/lib/python3.8/site-packages/airflow/example_dags/subdags/subdag.py
[2022-06-23 10:41:03,130] {processor.py:653} WARNING - No viable dags retrieved from /home/osboxes/.local/lib/python3.8/site-packages/airflow/example_dags/subdags/subdag.py
[2022-06-23 10:41:03,140] {processor.py:161} INFO - Processing /home/osboxes/.local/lib/python3.8/site-packages/airflow/example_dags/subdags/subdag.py took 0.024 seconds
[2022-06-23 10:41:45,419] {processor.py:153} INFO - Started process (PID=35614) to work on /home/osboxes/.local/lib/python3.8/site-packages/airflow/example_dags/subdags/subdag.py
[2022-06-23 10:41:45,422] {processor.py:641} INFO - Processing file /home/osboxes/.local/lib/python3.8/site-packages/airflow/example_dags/subdags/subdag.py for tasks to queue
[2022-06-23 10:41:45,422] {logging_mixin.py:115} INFO - [2022-06-23 10:41:45,422] {dagbag.py:507} INFO - Filling up the DagBag from /home/osboxes/.local/lib/python3.8/site-packages/airflow/example_dags/subdags/subdag.py
[2022-06-23 10:41:45,424] {processor.py:653} WARNING - No viable dags retrieved from /home/osboxes/.local/lib/python3.8/site-packages/airflow/example_dags/subdags/subdag.py
[2022-06-23 10:41:45,433] {processor.py:161} INFO - Processing /home/osboxes/.local/lib/python3.8/site-packages/airflow/example_dags/subdags/subdag.py took 0.017 seconds
[2022-06-23 10:42:29,871] {processor.py:153} INFO - Started process (PID=36066) to work on /home/osboxes/.local/lib/python3.8/site-packages/airflow/example_dags/subdags/subdag.py
[2022-06-23 10:42:30,010] {processor.py:641} INFO - Processing file /home/osboxes/.local/lib/python3.8/site-packages/airflow/example_dags/subdags/subdag.py for tasks to queue
[2022-06-23 10:42:30,010] {logging_mixin.py:115} INFO - [2022-06-23 10:42:30,010] {dagbag.py:507} INFO - Filling up the DagBag from /home/osboxes/.local/lib/python3.8/site-packages/airflow/example_dags/subdags/subdag.py
[2022-06-23 10:42:30,011] {processor.py:653} WARNING - No viable dags retrieved from /home/osboxes/.local/lib/python3.8/site-packages/airflow/example_dags/subdags/subdag.py
[2022-06-23 10:42:30,031] {processor.py:161} INFO - Processing /home/osboxes/.local/lib/python3.8/site-packages/airflow/example_dags/subdags/subdag.py took 0.163 seconds
[2022-06-23 10:43:16,800] {processor.py:153} INFO - Started process (PID=36576) to work on /home/osboxes/.local/lib/python3.8/site-packages/airflow/example_dags/subdags/subdag.py
[2022-06-23 10:43:16,802] {processor.py:641} INFO - Processing file /home/osboxes/.local/lib/python3.8/site-packages/airflow/example_dags/subdags/subdag.py for tasks to queue
[2022-06-23 10:43:16,803] {logging_mixin.py:115} INFO - [2022-06-23 10:43:16,803] {dagbag.py:507} INFO - Filling up the DagBag from /home/osboxes/.local/lib/python3.8/site-packages/airflow/example_dags/subdags/subdag.py
[2022-06-23 10:43:16,804] {processor.py:653} WARNING - No viable dags retrieved from /home/osboxes/.local/lib/python3.8/site-packages/airflow/example_dags/subdags/subdag.py
[2022-06-23 10:43:16,812] {processor.py:161} INFO - Processing /home/osboxes/.local/lib/python3.8/site-packages/airflow/example_dags/subdags/subdag.py took 0.014 seconds
[2022-06-23 10:44:04,536] {processor.py:153} INFO - Started process (PID=37237) to work on /home/osboxes/.local/lib/python3.8/site-packages/airflow/example_dags/subdags/subdag.py
[2022-06-23 10:44:04,571] {processor.py:641} INFO - Processing file /home/osboxes/.local/lib/python3.8/site-packages/airflow/example_dags/subdags/subdag.py for tasks to queue
[2022-06-23 10:44:04,572] {logging_mixin.py:115} INFO - [2022-06-23 10:44:04,572] {dagbag.py:507} INFO - Filling up the DagBag from /home/osboxes/.local/lib/python3.8/site-packages/airflow/example_dags/subdags/subdag.py
[2022-06-23 10:44:04,575] {processor.py:653} WARNING - No viable dags retrieved from /home/osboxes/.local/lib/python3.8/site-packages/airflow/example_dags/subdags/subdag.py
[2022-06-23 10:44:04,590] {processor.py:161} INFO - Processing /home/osboxes/.local/lib/python3.8/site-packages/airflow/example_dags/subdags/subdag.py took 0.056 seconds
[2022-06-23 10:44:43,296] {processor.py:153} INFO - Started process (PID=37623) to work on /home/osboxes/.local/lib/python3.8/site-packages/airflow/example_dags/subdags/subdag.py
[2022-06-23 10:44:43,366] {processor.py:641} INFO - Processing file /home/osboxes/.local/lib/python3.8/site-packages/airflow/example_dags/subdags/subdag.py for tasks to queue
[2022-06-23 10:44:43,367] {logging_mixin.py:115} INFO - [2022-06-23 10:44:43,367] {dagbag.py:507} INFO - Filling up the DagBag from /home/osboxes/.local/lib/python3.8/site-packages/airflow/example_dags/subdags/subdag.py
[2022-06-23 10:44:43,368] {processor.py:653} WARNING - No viable dags retrieved from /home/osboxes/.local/lib/python3.8/site-packages/airflow/example_dags/subdags/subdag.py
[2022-06-23 10:44:43,397] {processor.py:161} INFO - Processing /home/osboxes/.local/lib/python3.8/site-packages/airflow/example_dags/subdags/subdag.py took 0.104 seconds
[2022-06-23 10:45:23,986] {processor.py:153} INFO - Started process (PID=38169) to work on /home/osboxes/.local/lib/python3.8/site-packages/airflow/example_dags/subdags/subdag.py
[2022-06-23 10:45:23,989] {processor.py:641} INFO - Processing file /home/osboxes/.local/lib/python3.8/site-packages/airflow/example_dags/subdags/subdag.py for tasks to queue
[2022-06-23 10:45:23,990] {logging_mixin.py:115} INFO - [2022-06-23 10:45:23,990] {dagbag.py:507} INFO - Filling up the DagBag from /home/osboxes/.local/lib/python3.8/site-packages/airflow/example_dags/subdags/subdag.py
[2022-06-23 10:45:23,991] {processor.py:653} WARNING - No viable dags retrieved from /home/osboxes/.local/lib/python3.8/site-packages/airflow/example_dags/subdags/subdag.py
[2022-06-23 10:45:24,004] {processor.py:161} INFO - Processing /home/osboxes/.local/lib/python3.8/site-packages/airflow/example_dags/subdags/subdag.py took 0.020 seconds
[2022-06-23 10:46:16,419] {processor.py:153} INFO - Started process (PID=38630) to work on /home/osboxes/.local/lib/python3.8/site-packages/airflow/example_dags/subdags/subdag.py
[2022-06-23 10:46:16,422] {processor.py:641} INFO - Processing file /home/osboxes/.local/lib/python3.8/site-packages/airflow/example_dags/subdags/subdag.py for tasks to queue
[2022-06-23 10:46:16,423] {logging_mixin.py:115} INFO - [2022-06-23 10:46:16,423] {dagbag.py:507} INFO - Filling up the DagBag from /home/osboxes/.local/lib/python3.8/site-packages/airflow/example_dags/subdags/subdag.py
[2022-06-23 10:46:16,424] {processor.py:653} WARNING - No viable dags retrieved from /home/osboxes/.local/lib/python3.8/site-packages/airflow/example_dags/subdags/subdag.py
[2022-06-23 10:46:16,434] {processor.py:161} INFO - Processing /home/osboxes/.local/lib/python3.8/site-packages/airflow/example_dags/subdags/subdag.py took 0.017 seconds
[2022-06-23 10:47:00,967] {processor.py:153} INFO - Started process (PID=39160) to work on /home/osboxes/.local/lib/python3.8/site-packages/airflow/example_dags/subdags/subdag.py
[2022-06-23 10:47:00,973] {processor.py:641} INFO - Processing file /home/osboxes/.local/lib/python3.8/site-packages/airflow/example_dags/subdags/subdag.py for tasks to queue
[2022-06-23 10:47:00,974] {logging_mixin.py:115} INFO - [2022-06-23 10:47:00,974] {dagbag.py:507} INFO - Filling up the DagBag from /home/osboxes/.local/lib/python3.8/site-packages/airflow/example_dags/subdags/subdag.py
[2022-06-23 10:47:00,975] {processor.py:653} WARNING - No viable dags retrieved from /home/osboxes/.local/lib/python3.8/site-packages/airflow/example_dags/subdags/subdag.py
[2022-06-23 10:47:00,985] {processor.py:161} INFO - Processing /home/osboxes/.local/lib/python3.8/site-packages/airflow/example_dags/subdags/subdag.py took 0.020 seconds
[2022-06-23 10:47:43,895] {processor.py:153} INFO - Started process (PID=39594) to work on /home/osboxes/.local/lib/python3.8/site-packages/airflow/example_dags/subdags/subdag.py
[2022-06-23 10:47:43,901] {processor.py:641} INFO - Processing file /home/osboxes/.local/lib/python3.8/site-packages/airflow/example_dags/subdags/subdag.py for tasks to queue
[2022-06-23 10:47:43,901] {logging_mixin.py:115} INFO - [2022-06-23 10:47:43,901] {dagbag.py:507} INFO - Filling up the DagBag from /home/osboxes/.local/lib/python3.8/site-packages/airflow/example_dags/subdags/subdag.py
[2022-06-23 10:47:43,902] {processor.py:653} WARNING - No viable dags retrieved from /home/osboxes/.local/lib/python3.8/site-packages/airflow/example_dags/subdags/subdag.py
[2022-06-23 10:47:43,946] {processor.py:161} INFO - Processing /home/osboxes/.local/lib/python3.8/site-packages/airflow/example_dags/subdags/subdag.py took 0.053 seconds
[2022-06-23 10:48:23,179] {processor.py:153} INFO - Started process (PID=39967) to work on /home/osboxes/.local/lib/python3.8/site-packages/airflow/example_dags/subdags/subdag.py
[2022-06-23 10:48:23,224] {processor.py:641} INFO - Processing file /home/osboxes/.local/lib/python3.8/site-packages/airflow/example_dags/subdags/subdag.py for tasks to queue
[2022-06-23 10:48:23,224] {logging_mixin.py:115} INFO - [2022-06-23 10:48:23,224] {dagbag.py:507} INFO - Filling up the DagBag from /home/osboxes/.local/lib/python3.8/site-packages/airflow/example_dags/subdags/subdag.py
[2022-06-23 10:48:23,225] {processor.py:653} WARNING - No viable dags retrieved from /home/osboxes/.local/lib/python3.8/site-packages/airflow/example_dags/subdags/subdag.py
[2022-06-23 10:48:23,359] {processor.py:161} INFO - Processing /home/osboxes/.local/lib/python3.8/site-packages/airflow/example_dags/subdags/subdag.py took 0.183 seconds
[2022-06-23 10:49:22,038] {processor.py:153} INFO - Started process (PID=40373) to work on /home/osboxes/.local/lib/python3.8/site-packages/airflow/example_dags/subdags/subdag.py
[2022-06-23 10:49:22,051] {processor.py:641} INFO - Processing file /home/osboxes/.local/lib/python3.8/site-packages/airflow/example_dags/subdags/subdag.py for tasks to queue
[2022-06-23 10:49:22,052] {logging_mixin.py:115} INFO - [2022-06-23 10:49:22,052] {dagbag.py:507} INFO - Filling up the DagBag from /home/osboxes/.local/lib/python3.8/site-packages/airflow/example_dags/subdags/subdag.py
[2022-06-23 10:49:22,053] {processor.py:653} WARNING - No viable dags retrieved from /home/osboxes/.local/lib/python3.8/site-packages/airflow/example_dags/subdags/subdag.py
[2022-06-23 10:49:22,077] {processor.py:161} INFO - Processing /home/osboxes/.local/lib/python3.8/site-packages/airflow/example_dags/subdags/subdag.py took 0.040 seconds
[2022-06-23 10:50:27,807] {processor.py:153} INFO - Started process (PID=40986) to work on /home/osboxes/.local/lib/python3.8/site-packages/airflow/example_dags/subdags/subdag.py
[2022-06-23 10:50:27,837] {processor.py:641} INFO - Processing file /home/osboxes/.local/lib/python3.8/site-packages/airflow/example_dags/subdags/subdag.py for tasks to queue
[2022-06-23 10:50:27,844] {logging_mixin.py:115} INFO - [2022-06-23 10:50:27,844] {dagbag.py:507} INFO - Filling up the DagBag from /home/osboxes/.local/lib/python3.8/site-packages/airflow/example_dags/subdags/subdag.py
[2022-06-23 10:50:27,905] {processor.py:653} WARNING - No viable dags retrieved from /home/osboxes/.local/lib/python3.8/site-packages/airflow/example_dags/subdags/subdag.py
[2022-06-23 10:50:27,927] {processor.py:161} INFO - Processing /home/osboxes/.local/lib/python3.8/site-packages/airflow/example_dags/subdags/subdag.py took 0.122 seconds
[2022-06-23 10:51:06,326] {processor.py:153} INFO - Started process (PID=41402) to work on /home/osboxes/.local/lib/python3.8/site-packages/airflow/example_dags/subdags/subdag.py
[2022-06-23 10:51:06,330] {processor.py:641} INFO - Processing file /home/osboxes/.local/lib/python3.8/site-packages/airflow/example_dags/subdags/subdag.py for tasks to queue
[2022-06-23 10:51:06,330] {logging_mixin.py:115} INFO - [2022-06-23 10:51:06,330] {dagbag.py:507} INFO - Filling up the DagBag from /home/osboxes/.local/lib/python3.8/site-packages/airflow/example_dags/subdags/subdag.py
[2022-06-23 10:51:06,331] {processor.py:653} WARNING - No viable dags retrieved from /home/osboxes/.local/lib/python3.8/site-packages/airflow/example_dags/subdags/subdag.py
[2022-06-23 10:51:06,340] {processor.py:161} INFO - Processing /home/osboxes/.local/lib/python3.8/site-packages/airflow/example_dags/subdags/subdag.py took 0.015 seconds
[2022-06-23 10:51:47,984] {processor.py:153} INFO - Started process (PID=41814) to work on /home/osboxes/.local/lib/python3.8/site-packages/airflow/example_dags/subdags/subdag.py
[2022-06-23 10:51:47,985] {processor.py:641} INFO - Processing file /home/osboxes/.local/lib/python3.8/site-packages/airflow/example_dags/subdags/subdag.py for tasks to queue
[2022-06-23 10:51:47,986] {logging_mixin.py:115} INFO - [2022-06-23 10:51:47,985] {dagbag.py:507} INFO - Filling up the DagBag from /home/osboxes/.local/lib/python3.8/site-packages/airflow/example_dags/subdags/subdag.py
[2022-06-23 10:51:47,987] {processor.py:653} WARNING - No viable dags retrieved from /home/osboxes/.local/lib/python3.8/site-packages/airflow/example_dags/subdags/subdag.py
[2022-06-23 10:51:47,995] {processor.py:161} INFO - Processing /home/osboxes/.local/lib/python3.8/site-packages/airflow/example_dags/subdags/subdag.py took 0.014 seconds
[2022-06-23 10:52:32,636] {processor.py:153} INFO - Started process (PID=42174) to work on /home/osboxes/.local/lib/python3.8/site-packages/airflow/example_dags/subdags/subdag.py
[2022-06-23 10:52:32,638] {processor.py:641} INFO - Processing file /home/osboxes/.local/lib/python3.8/site-packages/airflow/example_dags/subdags/subdag.py for tasks to queue
[2022-06-23 10:52:32,639] {logging_mixin.py:115} INFO - [2022-06-23 10:52:32,639] {dagbag.py:507} INFO - Filling up the DagBag from /home/osboxes/.local/lib/python3.8/site-packages/airflow/example_dags/subdags/subdag.py
[2022-06-23 10:52:32,640] {processor.py:653} WARNING - No viable dags retrieved from /home/osboxes/.local/lib/python3.8/site-packages/airflow/example_dags/subdags/subdag.py
[2022-06-23 10:52:32,648] {processor.py:161} INFO - Processing /home/osboxes/.local/lib/python3.8/site-packages/airflow/example_dags/subdags/subdag.py took 0.014 seconds
[2022-06-23 10:53:29,441] {processor.py:153} INFO - Started process (PID=42668) to work on /home/osboxes/.local/lib/python3.8/site-packages/airflow/example_dags/subdags/subdag.py
[2022-06-23 10:53:29,496] {processor.py:641} INFO - Processing file /home/osboxes/.local/lib/python3.8/site-packages/airflow/example_dags/subdags/subdag.py for tasks to queue
[2022-06-23 10:53:29,497] {logging_mixin.py:115} INFO - [2022-06-23 10:53:29,497] {dagbag.py:507} INFO - Filling up the DagBag from /home/osboxes/.local/lib/python3.8/site-packages/airflow/example_dags/subdags/subdag.py
[2022-06-23 10:53:29,499] {processor.py:653} WARNING - No viable dags retrieved from /home/osboxes/.local/lib/python3.8/site-packages/airflow/example_dags/subdags/subdag.py
[2022-06-23 10:53:29,512] {processor.py:161} INFO - Processing /home/osboxes/.local/lib/python3.8/site-packages/airflow/example_dags/subdags/subdag.py took 0.074 seconds
[2022-06-23 10:54:46,723] {processor.py:153} INFO - Started process (PID=43203) to work on /home/osboxes/.local/lib/python3.8/site-packages/airflow/example_dags/subdags/subdag.py
[2022-06-23 10:54:46,812] {processor.py:641} INFO - Processing file /home/osboxes/.local/lib/python3.8/site-packages/airflow/example_dags/subdags/subdag.py for tasks to queue
[2022-06-23 10:54:46,813] {logging_mixin.py:115} INFO - [2022-06-23 10:54:46,813] {dagbag.py:507} INFO - Filling up the DagBag from /home/osboxes/.local/lib/python3.8/site-packages/airflow/example_dags/subdags/subdag.py
[2022-06-23 10:54:46,814] {processor.py:653} WARNING - No viable dags retrieved from /home/osboxes/.local/lib/python3.8/site-packages/airflow/example_dags/subdags/subdag.py
[2022-06-23 10:54:46,887] {processor.py:161} INFO - Processing /home/osboxes/.local/lib/python3.8/site-packages/airflow/example_dags/subdags/subdag.py took 0.166 seconds
[2022-06-23 10:55:55,022] {processor.py:153} INFO - Started process (PID=43796) to work on /home/osboxes/.local/lib/python3.8/site-packages/airflow/example_dags/subdags/subdag.py
[2022-06-23 10:55:55,039] {processor.py:641} INFO - Processing file /home/osboxes/.local/lib/python3.8/site-packages/airflow/example_dags/subdags/subdag.py for tasks to queue
[2022-06-23 10:55:55,040] {logging_mixin.py:115} INFO - [2022-06-23 10:55:55,040] {dagbag.py:507} INFO - Filling up the DagBag from /home/osboxes/.local/lib/python3.8/site-packages/airflow/example_dags/subdags/subdag.py
[2022-06-23 10:55:55,041] {processor.py:653} WARNING - No viable dags retrieved from /home/osboxes/.local/lib/python3.8/site-packages/airflow/example_dags/subdags/subdag.py
[2022-06-23 10:55:55,052] {processor.py:161} INFO - Processing /home/osboxes/.local/lib/python3.8/site-packages/airflow/example_dags/subdags/subdag.py took 0.034 seconds
[2022-06-23 10:56:33,424] {processor.py:153} INFO - Started process (PID=44167) to work on /home/osboxes/.local/lib/python3.8/site-packages/airflow/example_dags/subdags/subdag.py
[2022-06-23 10:56:33,509] {processor.py:641} INFO - Processing file /home/osboxes/.local/lib/python3.8/site-packages/airflow/example_dags/subdags/subdag.py for tasks to queue
[2022-06-23 10:56:33,510] {logging_mixin.py:115} INFO - [2022-06-23 10:56:33,509] {dagbag.py:507} INFO - Filling up the DagBag from /home/osboxes/.local/lib/python3.8/site-packages/airflow/example_dags/subdags/subdag.py
[2022-06-23 10:56:33,511] {processor.py:653} WARNING - No viable dags retrieved from /home/osboxes/.local/lib/python3.8/site-packages/airflow/example_dags/subdags/subdag.py
[2022-06-23 10:56:33,521] {processor.py:161} INFO - Processing /home/osboxes/.local/lib/python3.8/site-packages/airflow/example_dags/subdags/subdag.py took 0.133 seconds
[2022-06-23 10:57:11,673] {processor.py:153} INFO - Started process (PID=44466) to work on /home/osboxes/.local/lib/python3.8/site-packages/airflow/example_dags/subdags/subdag.py
[2022-06-23 10:57:11,675] {processor.py:641} INFO - Processing file /home/osboxes/.local/lib/python3.8/site-packages/airflow/example_dags/subdags/subdag.py for tasks to queue
[2022-06-23 10:57:11,676] {logging_mixin.py:115} INFO - [2022-06-23 10:57:11,676] {dagbag.py:507} INFO - Filling up the DagBag from /home/osboxes/.local/lib/python3.8/site-packages/airflow/example_dags/subdags/subdag.py
[2022-06-23 10:57:11,677] {processor.py:653} WARNING - No viable dags retrieved from /home/osboxes/.local/lib/python3.8/site-packages/airflow/example_dags/subdags/subdag.py
[2022-06-23 10:57:11,684] {processor.py:161} INFO - Processing /home/osboxes/.local/lib/python3.8/site-packages/airflow/example_dags/subdags/subdag.py took 0.014 seconds
[2022-06-23 10:57:57,226] {processor.py:153} INFO - Started process (PID=44944) to work on /home/osboxes/.local/lib/python3.8/site-packages/airflow/example_dags/subdags/subdag.py
[2022-06-23 10:57:57,229] {processor.py:641} INFO - Processing file /home/osboxes/.local/lib/python3.8/site-packages/airflow/example_dags/subdags/subdag.py for tasks to queue
[2022-06-23 10:57:57,230] {logging_mixin.py:115} INFO - [2022-06-23 10:57:57,229] {dagbag.py:507} INFO - Filling up the DagBag from /home/osboxes/.local/lib/python3.8/site-packages/airflow/example_dags/subdags/subdag.py
[2022-06-23 10:57:57,231] {processor.py:653} WARNING - No viable dags retrieved from /home/osboxes/.local/lib/python3.8/site-packages/airflow/example_dags/subdags/subdag.py
[2022-06-23 10:57:57,242] {processor.py:161} INFO - Processing /home/osboxes/.local/lib/python3.8/site-packages/airflow/example_dags/subdags/subdag.py took 0.019 seconds
[2022-06-23 10:58:51,131] {processor.py:153} INFO - Started process (PID=45531) to work on /home/osboxes/.local/lib/python3.8/site-packages/airflow/example_dags/subdags/subdag.py
[2022-06-23 10:58:51,165] {processor.py:641} INFO - Processing file /home/osboxes/.local/lib/python3.8/site-packages/airflow/example_dags/subdags/subdag.py for tasks to queue
[2022-06-23 10:58:51,168] {logging_mixin.py:115} INFO - [2022-06-23 10:58:51,167] {dagbag.py:507} INFO - Filling up the DagBag from /home/osboxes/.local/lib/python3.8/site-packages/airflow/example_dags/subdags/subdag.py
[2022-06-23 10:58:51,171] {processor.py:653} WARNING - No viable dags retrieved from /home/osboxes/.local/lib/python3.8/site-packages/airflow/example_dags/subdags/subdag.py
[2022-06-23 10:58:51,216] {processor.py:161} INFO - Processing /home/osboxes/.local/lib/python3.8/site-packages/airflow/example_dags/subdags/subdag.py took 0.088 seconds
