[2022-07-26 23:36:18,999] {taskinstance.py:1159} INFO - Dependencies all met for <TaskInstance: nse_daily_data_load.Truncate_relaod_table manual__2022-07-26T06:25:27.559923+00:00 [queued]>
[2022-07-26 23:36:19,013] {taskinstance.py:1159} INFO - Dependencies all met for <TaskInstance: nse_daily_data_load.Truncate_relaod_table manual__2022-07-26T06:25:27.559923+00:00 [queued]>
[2022-07-26 23:36:19,013] {taskinstance.py:1356} INFO - 
--------------------------------------------------------------------------------
[2022-07-26 23:36:19,013] {taskinstance.py:1357} INFO - Starting attempt 2 of 2
[2022-07-26 23:36:19,013] {taskinstance.py:1358} INFO - 
--------------------------------------------------------------------------------
[2022-07-26 23:36:19,049] {taskinstance.py:1377} INFO - Executing <Task(SnowflakeOperator): Truncate_relaod_table> on 2022-07-26 06:25:27.559923+00:00
[2022-07-26 23:36:19,053] {standard_task_runner.py:52} INFO - Started process 1948568 to run task
[2022-07-26 23:36:19,059] {standard_task_runner.py:79} INFO - Running: ['airflow', 'tasks', 'run', 'nse_daily_data_load', 'Truncate_relaod_table', 'manual__2022-07-26T06:25:27.559923+00:00', '--job-id', '41', '--raw', '--subdir', 'DAGS_FOLDER/nse_daily_load_stg.py', '--cfg-path', '/tmp/tmpjw_4ljj5', '--error-file', '/tmp/tmp3o5vfhmc']
[2022-07-26 23:36:19,060] {standard_task_runner.py:80} INFO - Job 41: Subtask Truncate_relaod_table
[2022-07-26 23:36:19,150] {task_command.py:369} INFO - Running <TaskInstance: nse_daily_data_load.Truncate_relaod_table manual__2022-07-26T06:25:27.559923+00:00 [running]> on host osboxes
[2022-07-26 23:36:19,255] {taskinstance.py:1569} INFO - Exporting the following env vars:
AIRFLOW_CTX_DAG_OWNER=Airflow
AIRFLOW_CTX_DAG_ID=nse_daily_data_load
AIRFLOW_CTX_TASK_ID=Truncate_relaod_table
AIRFLOW_CTX_EXECUTION_DATE=2022-07-26T06:25:27.559923+00:00
AIRFLOW_CTX_TRY_NUMBER=2
AIRFLOW_CTX_DAG_RUN_ID=manual__2022-07-26T06:25:27.559923+00:00
[2022-07-26 23:36:19,260] {snowflake.py:118} INFO - Executing:  call EDW_DEV.EDW.LOAD_NSE_DAILY_DATA_WITH_MEASURES(); 
[2022-07-26 23:36:19,266] {base.py:68} INFO - Using connection ID 'snowflake_conn_id' for task execution.
[2022-07-26 23:36:19,273] {connection.py:257} INFO - Snowflake Connector for Python Version: 2.7.8, Python Version: 3.8.10, Platform: Linux-5.4.0-74-generic-x86_64-with-glibc2.29
[2022-07-26 23:36:19,274] {connection.py:876} INFO - This connection is in OCSP Fail Open Mode. TLS Certificates would be checked for validity and revocation status. Any other Certificate Revocation related exceptions or OCSP Responder failures would be disregarded in favor of connectivity.
[2022-07-26 23:36:19,274] {connection.py:894} INFO - Setting use_openssl_only mode to False
[2022-07-26 23:36:21,476] {cursor.py:710} INFO - query: [ALTER SESSION SET autocommit=True]
[2022-07-26 23:36:21,656] {cursor.py:734} INFO - query execution done
[2022-07-26 23:36:21,656] {snowflake.py:328} INFO - Running statement: call EDW_DEV.EDW.LOAD_NSE_DAILY_DATA_WITH_MEASURES();, parameters: None
[2022-07-26 23:36:21,657] {cursor.py:710} INFO - query: [call EDW_DEV.EDW.LOAD_NSE_DAILY_DATA_WITH_MEASURES();]
[2022-07-26 23:36:22,436] {cursor.py:734} INFO - query execution done
[2022-07-26 23:36:22,437] {connection.py:507} INFO - closed
[2022-07-26 23:36:22,475] {connection.py:510} INFO - No async queries seem to be running, deleting session
[2022-07-26 23:36:22,587] {taskinstance.py:1889} ERROR - Task failed with exception
Traceback (most recent call last):
  File "/home/osboxes/.local/lib/python3.8/site-packages/airflow/providers/snowflake/operators/snowflake.py", line 120, in execute
    execution_info = hook.run(self.sql, autocommit=self.autocommit, parameters=self.parameters)
  File "/home/osboxes/.local/lib/python3.8/site-packages/airflow/providers/snowflake/hooks/snowflake.py", line 332, in run
    cur.execute(sql_statement)
  File "/home/osboxes/.local/lib/python3.8/site-packages/snowflake/connector/cursor.py", line 799, in execute
    Error.errorhandler_wrapper(self.connection, self, error_class, errvalue)
  File "/home/osboxes/.local/lib/python3.8/site-packages/snowflake/connector/errors.py", line 273, in errorhandler_wrapper
    handed_over = Error.hand_to_other_handler(
  File "/home/osboxes/.local/lib/python3.8/site-packages/snowflake/connector/errors.py", line 328, in hand_to_other_handler
    cursor.errorhandler(connection, cursor, error_class, error_value)
  File "/home/osboxes/.local/lib/python3.8/site-packages/snowflake/connector/errors.py", line 207, in default_errorhandler
    raise error_class(
snowflake.connector.errors.ProgrammingError: 002003 (02000): 01a5e0d8-0601-abf7-0065-8803000722ea: Execution error in store procedure LOAD_NSE_DAILY_DATA_WITH_MEASURES:
SQL compilation error:
Database 'TEST_DB' does not exist or not authorized.
At Snowflake.execute, line 58 position 29
[2022-07-26 23:36:22,593] {taskinstance.py:1395} INFO - Marking task as FAILED. dag_id=nse_daily_data_load, task_id=Truncate_relaod_table, execution_date=20220726T062527, start_date=20220727T033619, end_date=20220727T033622
[2022-07-26 23:36:22,646] {standard_task_runner.py:92} ERROR - Failed to execute job 41 for task Truncate_relaod_table (002003 (02000): 01a5e0d8-0601-abf7-0065-8803000722ea: Execution error in store procedure LOAD_NSE_DAILY_DATA_WITH_MEASURES:
SQL compilation error:
Database 'TEST_DB' does not exist or not authorized.
At Snowflake.execute, line 58 position 29; 1948568)
[2022-07-26 23:36:22,675] {local_task_job.py:156} INFO - Task exited with return code 1
[2022-07-26 23:36:22,706] {local_task_job.py:273} INFO - 0 downstream tasks scheduled from follow-on schedule check
