[2022-07-26 18:36:39,950] {processor.py:153} INFO - Started process (PID=1910601) to work on /home/osboxes/airflow/dags/dag_hand1.py
[2022-07-26 18:36:39,950] {processor.py:641} INFO - Processing file /home/osboxes/airflow/dags/dag_hand1.py for tasks to queue
[2022-07-26 18:36:39,951] {logging_mixin.py:115} INFO - [2022-07-26 18:36:39,951] {dagbag.py:507} INFO - Filling up the DagBag from /home/osboxes/airflow/dags/dag_hand1.py
[2022-07-26 18:36:39,959] {logging_mixin.py:115} INFO - [2022-07-26 18:36:39,956] {dagbag.py:320} ERROR - Failed to import: /home/osboxes/airflow/dags/dag_hand1.py
Traceback (most recent call last):
  File "/home/osboxes/.local/lib/python3.8/site-packages/airflow/models/dagbag.py", line 317, in parse
    loader.exec_module(new_module)
  File "<frozen importlib._bootstrap_external>", line 848, in exec_module
  File "<frozen importlib._bootstrap>", line 219, in _call_with_frames_removed
  File "/home/osboxes/airflow/dags/dag_hand1.py", line 3, in <module>
    from airflow.operators.bash_operator import BashOperartor
ImportError: cannot import name 'BashOperartor' from 'airflow.operators.bash_operator' (/home/osboxes/.local/lib/python3.8/site-packages/airflow/operators/bash_operator.py)
[2022-07-26 18:36:39,959] {processor.py:653} WARNING - No viable dags retrieved from /home/osboxes/airflow/dags/dag_hand1.py
[2022-07-26 18:36:39,985] {processor.py:161} INFO - Processing /home/osboxes/airflow/dags/dag_hand1.py took 0.038 seconds
[2022-07-26 18:37:20,326] {processor.py:153} INFO - Started process (PID=1910973) to work on /home/osboxes/airflow/dags/dag_hand1.py
[2022-07-26 18:37:20,327] {processor.py:641} INFO - Processing file /home/osboxes/airflow/dags/dag_hand1.py for tasks to queue
[2022-07-26 18:37:20,328] {logging_mixin.py:115} INFO - [2022-07-26 18:37:20,328] {dagbag.py:507} INFO - Filling up the DagBag from /home/osboxes/airflow/dags/dag_hand1.py
[2022-07-26 18:37:20,333] {logging_mixin.py:115} INFO - [2022-07-26 18:37:20,333] {dagbag.py:320} ERROR - Failed to import: /home/osboxes/airflow/dags/dag_hand1.py
Traceback (most recent call last):
  File "/home/osboxes/.local/lib/python3.8/site-packages/airflow/models/dagbag.py", line 317, in parse
    loader.exec_module(new_module)
  File "<frozen importlib._bootstrap_external>", line 848, in exec_module
  File "<frozen importlib._bootstrap>", line 219, in _call_with_frames_removed
  File "/home/osboxes/airflow/dags/dag_hand1.py", line 3, in <module>
    from airflow.operators.bash_operator import BashOperartor
ImportError: cannot import name 'BashOperartor' from 'airflow.operators.bash_operator' (/home/osboxes/.local/lib/python3.8/site-packages/airflow/operators/bash_operator.py)
[2022-07-26 18:37:20,334] {processor.py:653} WARNING - No viable dags retrieved from /home/osboxes/airflow/dags/dag_hand1.py
[2022-07-26 18:37:20,385] {processor.py:161} INFO - Processing /home/osboxes/airflow/dags/dag_hand1.py took 0.066 seconds
[2022-07-26 18:37:53,116] {processor.py:153} INFO - Started process (PID=1911304) to work on /home/osboxes/airflow/dags/dag_hand1.py
[2022-07-26 18:37:53,150] {processor.py:641} INFO - Processing file /home/osboxes/airflow/dags/dag_hand1.py for tasks to queue
[2022-07-26 18:37:53,154] {logging_mixin.py:115} INFO - [2022-07-26 18:37:53,154] {dagbag.py:507} INFO - Filling up the DagBag from /home/osboxes/airflow/dags/dag_hand1.py
[2022-07-26 18:37:53,164] {logging_mixin.py:115} INFO - [2022-07-26 18:37:53,163] {dagbag.py:320} ERROR - Failed to import: /home/osboxes/airflow/dags/dag_hand1.py
Traceback (most recent call last):
  File "/home/osboxes/.local/lib/python3.8/site-packages/airflow/models/dagbag.py", line 317, in parse
    loader.exec_module(new_module)
  File "<frozen importlib._bootstrap_external>", line 848, in exec_module
  File "<frozen importlib._bootstrap>", line 219, in _call_with_frames_removed
  File "/home/osboxes/airflow/dags/dag_hand1.py", line 3, in <module>
    from airflow.operators.bash_operator import BashOperartor
ImportError: cannot import name 'BashOperartor' from 'airflow.operators.bash_operator' (/home/osboxes/.local/lib/python3.8/site-packages/airflow/operators/bash_operator.py)
[2022-07-26 18:37:53,204] {processor.py:653} WARNING - No viable dags retrieved from /home/osboxes/airflow/dags/dag_hand1.py
[2022-07-26 18:37:53,417] {processor.py:161} INFO - Processing /home/osboxes/airflow/dags/dag_hand1.py took 0.303 seconds
[2022-07-26 18:38:24,121] {processor.py:153} INFO - Started process (PID=1911587) to work on /home/osboxes/airflow/dags/dag_hand1.py
[2022-07-26 18:38:24,125] {processor.py:641} INFO - Processing file /home/osboxes/airflow/dags/dag_hand1.py for tasks to queue
[2022-07-26 18:38:24,125] {logging_mixin.py:115} INFO - [2022-07-26 18:38:24,125] {dagbag.py:507} INFO - Filling up the DagBag from /home/osboxes/airflow/dags/dag_hand1.py
[2022-07-26 18:38:24,130] {logging_mixin.py:115} INFO - [2022-07-26 18:38:24,130] {dagbag.py:320} ERROR - Failed to import: /home/osboxes/airflow/dags/dag_hand1.py
Traceback (most recent call last):
  File "/home/osboxes/.local/lib/python3.8/site-packages/airflow/models/dagbag.py", line 317, in parse
    loader.exec_module(new_module)
  File "<frozen importlib._bootstrap_external>", line 848, in exec_module
  File "<frozen importlib._bootstrap>", line 219, in _call_with_frames_removed
  File "/home/osboxes/airflow/dags/dag_hand1.py", line 3, in <module>
    from airflow.operators.bash_operator import BashOperartor
ImportError: cannot import name 'BashOperartor' from 'airflow.operators.bash_operator' (/home/osboxes/.local/lib/python3.8/site-packages/airflow/operators/bash_operator.py)
[2022-07-26 18:38:24,131] {processor.py:653} WARNING - No viable dags retrieved from /home/osboxes/airflow/dags/dag_hand1.py
[2022-07-26 18:38:24,190] {processor.py:161} INFO - Processing /home/osboxes/airflow/dags/dag_hand1.py took 0.071 seconds
[2022-07-26 18:39:00,655] {processor.py:153} INFO - Started process (PID=1911916) to work on /home/osboxes/airflow/dags/dag_hand1.py
[2022-07-26 18:39:00,657] {processor.py:641} INFO - Processing file /home/osboxes/airflow/dags/dag_hand1.py for tasks to queue
[2022-07-26 18:39:00,658] {logging_mixin.py:115} INFO - [2022-07-26 18:39:00,658] {dagbag.py:507} INFO - Filling up the DagBag from /home/osboxes/airflow/dags/dag_hand1.py
[2022-07-26 18:39:00,663] {logging_mixin.py:115} INFO - [2022-07-26 18:39:00,662] {dagbag.py:320} ERROR - Failed to import: /home/osboxes/airflow/dags/dag_hand1.py
Traceback (most recent call last):
  File "/home/osboxes/.local/lib/python3.8/site-packages/airflow/models/dagbag.py", line 317, in parse
    loader.exec_module(new_module)
  File "<frozen importlib._bootstrap_external>", line 848, in exec_module
  File "<frozen importlib._bootstrap>", line 219, in _call_with_frames_removed
  File "/home/osboxes/airflow/dags/dag_hand1.py", line 3, in <module>
    from airflow.operators.bash_operator import BashOperartor
ImportError: cannot import name 'BashOperartor' from 'airflow.operators.bash_operator' (/home/osboxes/.local/lib/python3.8/site-packages/airflow/operators/bash_operator.py)
[2022-07-26 18:39:00,663] {processor.py:653} WARNING - No viable dags retrieved from /home/osboxes/airflow/dags/dag_hand1.py
[2022-07-26 18:39:00,755] {processor.py:161} INFO - Processing /home/osboxes/airflow/dags/dag_hand1.py took 0.108 seconds
[2022-07-26 18:39:35,887] {processor.py:153} INFO - Started process (PID=1912367) to work on /home/osboxes/airflow/dags/dag_hand1.py
[2022-07-26 18:39:35,900] {processor.py:641} INFO - Processing file /home/osboxes/airflow/dags/dag_hand1.py for tasks to queue
[2022-07-26 18:39:35,908] {logging_mixin.py:115} INFO - [2022-07-26 18:39:35,908] {dagbag.py:507} INFO - Filling up the DagBag from /home/osboxes/airflow/dags/dag_hand1.py
[2022-07-26 18:39:35,927] {logging_mixin.py:115} INFO - [2022-07-26 18:39:35,926] {dagbag.py:320} ERROR - Failed to import: /home/osboxes/airflow/dags/dag_hand1.py
Traceback (most recent call last):
  File "/home/osboxes/.local/lib/python3.8/site-packages/airflow/models/dagbag.py", line 317, in parse
    loader.exec_module(new_module)
  File "<frozen importlib._bootstrap_external>", line 848, in exec_module
  File "<frozen importlib._bootstrap>", line 219, in _call_with_frames_removed
  File "/home/osboxes/airflow/dags/dag_hand1.py", line 13, in <module>
    with DAG(
TypeError: __init__() got an unexpected keyword argument 'start_time'
[2022-07-26 18:39:35,933] {processor.py:653} WARNING - No viable dags retrieved from /home/osboxes/airflow/dags/dag_hand1.py
[2022-07-26 18:39:36,146] {processor.py:161} INFO - Processing /home/osboxes/airflow/dags/dag_hand1.py took 0.262 seconds
[2022-07-26 18:40:18,815] {processor.py:153} INFO - Started process (PID=1912838) to work on /home/osboxes/airflow/dags/dag_hand1.py
[2022-07-26 18:40:18,822] {processor.py:641} INFO - Processing file /home/osboxes/airflow/dags/dag_hand1.py for tasks to queue
[2022-07-26 18:40:18,823] {logging_mixin.py:115} INFO - [2022-07-26 18:40:18,823] {dagbag.py:507} INFO - Filling up the DagBag from /home/osboxes/airflow/dags/dag_hand1.py
[2022-07-26 18:40:18,834] {processor.py:651} INFO - DAG(s) dict_keys(['Hands_pract_v1']) retrieved from /home/osboxes/airflow/dags/dag_hand1.py
[2022-07-26 18:40:19,002] {logging_mixin.py:115} INFO - [2022-07-26 18:40:19,002] {manager.py:508} INFO - Created Permission View: can edit on DAG:Hands_pract_v1
[2022-07-26 18:40:19,029] {logging_mixin.py:115} INFO - [2022-07-26 18:40:19,029] {manager.py:508} INFO - Created Permission View: can read on DAG:Hands_pract_v1
[2022-07-26 18:40:19,050] {logging_mixin.py:115} INFO - [2022-07-26 18:40:19,050] {manager.py:508} INFO - Created Permission View: can delete on DAG:Hands_pract_v1
[2022-07-26 18:40:19,050] {logging_mixin.py:115} INFO - [2022-07-26 18:40:19,050] {dag.py:2371} INFO - Sync 1 DAGs
[2022-07-26 18:40:19,056] {logging_mixin.py:115} INFO - [2022-07-26 18:40:19,056] {dag.py:2390} INFO - Creating ORM DAG for Hands_pract_v1
[2022-07-26 18:40:19,063] {logging_mixin.py:115} INFO - [2022-07-26 18:40:19,063] {dag.py:2915} INFO - Setting next_dagrun for Hands_pract_v1 to 2022-07-26T00:00:00+00:00, run_after=2022-07-27T00:00:00+00:00
[2022-07-26 18:40:19,113] {processor.py:161} INFO - Processing /home/osboxes/airflow/dags/dag_hand1.py took 0.302 seconds
[2022-07-26 18:41:07,717] {processor.py:153} INFO - Started process (PID=1913418) to work on /home/osboxes/airflow/dags/dag_hand1.py
[2022-07-26 18:41:07,718] {processor.py:641} INFO - Processing file /home/osboxes/airflow/dags/dag_hand1.py for tasks to queue
[2022-07-26 18:41:07,719] {logging_mixin.py:115} INFO - [2022-07-26 18:41:07,719] {dagbag.py:507} INFO - Filling up the DagBag from /home/osboxes/airflow/dags/dag_hand1.py
[2022-07-26 18:41:07,724] {processor.py:651} INFO - DAG(s) dict_keys(['Hands_pract_v1']) retrieved from /home/osboxes/airflow/dags/dag_hand1.py
[2022-07-26 18:41:07,770] {logging_mixin.py:115} INFO - [2022-07-26 18:41:07,770] {dag.py:2371} INFO - Sync 1 DAGs
[2022-07-26 18:41:07,797] {logging_mixin.py:115} INFO - [2022-07-26 18:41:07,797] {dag.py:2915} INFO - Setting next_dagrun for Hands_pract_v1 to 2022-07-26T00:00:00+00:00, run_after=2022-07-27T00:00:00+00:00
[2022-07-26 18:41:07,853] {processor.py:161} INFO - Processing /home/osboxes/airflow/dags/dag_hand1.py took 0.138 seconds
[2022-07-26 18:41:48,304] {processor.py:153} INFO - Started process (PID=1914117) to work on /home/osboxes/airflow/dags/dag_hand1.py
[2022-07-26 18:41:48,307] {processor.py:641} INFO - Processing file /home/osboxes/airflow/dags/dag_hand1.py for tasks to queue
[2022-07-26 18:41:48,308] {logging_mixin.py:115} INFO - [2022-07-26 18:41:48,308] {dagbag.py:507} INFO - Filling up the DagBag from /home/osboxes/airflow/dags/dag_hand1.py
[2022-07-26 18:41:48,316] {processor.py:651} INFO - DAG(s) dict_keys(['Hands_pract_v1']) retrieved from /home/osboxes/airflow/dags/dag_hand1.py
[2022-07-26 18:41:48,350] {logging_mixin.py:115} INFO - [2022-07-26 18:41:48,350] {dag.py:2371} INFO - Sync 1 DAGs
[2022-07-26 18:41:48,373] {logging_mixin.py:115} INFO - [2022-07-26 18:41:48,373] {dag.py:2915} INFO - Setting next_dagrun for Hands_pract_v1 to 2022-07-26T00:00:00+00:00, run_after=2022-07-27T00:00:00+00:00
[2022-07-26 18:41:48,408] {processor.py:161} INFO - Processing /home/osboxes/airflow/dags/dag_hand1.py took 0.107 seconds
[2022-07-26 18:42:25,403] {processor.py:153} INFO - Started process (PID=1914407) to work on /home/osboxes/airflow/dags/dag_hand1.py
[2022-07-26 18:42:25,426] {processor.py:641} INFO - Processing file /home/osboxes/airflow/dags/dag_hand1.py for tasks to queue
[2022-07-26 18:42:25,427] {logging_mixin.py:115} INFO - [2022-07-26 18:42:25,427] {dagbag.py:507} INFO - Filling up the DagBag from /home/osboxes/airflow/dags/dag_hand1.py
[2022-07-26 18:42:25,434] {processor.py:651} INFO - DAG(s) dict_keys(['Hands_pract_v1']) retrieved from /home/osboxes/airflow/dags/dag_hand1.py
[2022-07-26 18:42:25,491] {logging_mixin.py:115} INFO - [2022-07-26 18:42:25,491] {dag.py:2371} INFO - Sync 1 DAGs
[2022-07-26 18:42:25,514] {logging_mixin.py:115} INFO - [2022-07-26 18:42:25,513] {dag.py:2915} INFO - Setting next_dagrun for Hands_pract_v1 to 2022-07-26T00:00:00+00:00, run_after=2022-07-27T00:00:00+00:00
[2022-07-26 18:42:25,572] {processor.py:161} INFO - Processing /home/osboxes/airflow/dags/dag_hand1.py took 0.172 seconds
[2022-07-26 18:42:57,994] {processor.py:153} INFO - Started process (PID=1914653) to work on /home/osboxes/airflow/dags/dag_hand1.py
[2022-07-26 18:42:57,994] {processor.py:641} INFO - Processing file /home/osboxes/airflow/dags/dag_hand1.py for tasks to queue
[2022-07-26 18:42:57,995] {logging_mixin.py:115} INFO - [2022-07-26 18:42:57,995] {dagbag.py:507} INFO - Filling up the DagBag from /home/osboxes/airflow/dags/dag_hand1.py
[2022-07-26 18:42:58,001] {processor.py:651} INFO - DAG(s) dict_keys(['Hands_pract_v1']) retrieved from /home/osboxes/airflow/dags/dag_hand1.py
[2022-07-26 18:42:58,019] {logging_mixin.py:115} INFO - [2022-07-26 18:42:58,019] {dag.py:2371} INFO - Sync 1 DAGs
[2022-07-26 18:42:58,034] {logging_mixin.py:115} INFO - [2022-07-26 18:42:58,034] {dag.py:2915} INFO - Setting next_dagrun for Hands_pract_v1 to 2022-07-26T00:00:00+00:00, run_after=2022-07-27T00:00:00+00:00
[2022-07-26 18:42:58,057] {processor.py:161} INFO - Processing /home/osboxes/airflow/dags/dag_hand1.py took 0.066 seconds
[2022-07-26 18:43:29,253] {processor.py:153} INFO - Started process (PID=1914936) to work on /home/osboxes/airflow/dags/dag_hand1.py
[2022-07-26 18:43:29,255] {processor.py:641} INFO - Processing file /home/osboxes/airflow/dags/dag_hand1.py for tasks to queue
[2022-07-26 18:43:29,255] {logging_mixin.py:115} INFO - [2022-07-26 18:43:29,255] {dagbag.py:507} INFO - Filling up the DagBag from /home/osboxes/airflow/dags/dag_hand1.py
[2022-07-26 18:43:29,261] {processor.py:651} INFO - DAG(s) dict_keys(['Hands_pract_v1']) retrieved from /home/osboxes/airflow/dags/dag_hand1.py
[2022-07-26 18:43:29,282] {logging_mixin.py:115} INFO - [2022-07-26 18:43:29,281] {dag.py:2371} INFO - Sync 1 DAGs
[2022-07-26 18:43:29,298] {logging_mixin.py:115} INFO - [2022-07-26 18:43:29,298] {dag.py:2915} INFO - Setting next_dagrun for Hands_pract_v1 to 2022-07-26T00:00:00+00:00, run_after=2022-07-27T00:00:00+00:00
[2022-07-26 18:43:29,322] {processor.py:161} INFO - Processing /home/osboxes/airflow/dags/dag_hand1.py took 0.074 seconds
[2022-07-26 18:44:05,439] {processor.py:153} INFO - Started process (PID=1915275) to work on /home/osboxes/airflow/dags/dag_hand1.py
[2022-07-26 18:44:05,441] {processor.py:641} INFO - Processing file /home/osboxes/airflow/dags/dag_hand1.py for tasks to queue
[2022-07-26 18:44:05,441] {logging_mixin.py:115} INFO - [2022-07-26 18:44:05,441] {dagbag.py:507} INFO - Filling up the DagBag from /home/osboxes/airflow/dags/dag_hand1.py
[2022-07-26 18:44:05,447] {processor.py:651} INFO - DAG(s) dict_keys(['Hands_pract_v1']) retrieved from /home/osboxes/airflow/dags/dag_hand1.py
[2022-07-26 18:44:05,462] {logging_mixin.py:115} INFO - [2022-07-26 18:44:05,462] {dag.py:2371} INFO - Sync 1 DAGs
[2022-07-26 18:44:05,476] {logging_mixin.py:115} INFO - [2022-07-26 18:44:05,476] {dag.py:2915} INFO - Setting next_dagrun for Hands_pract_v1 to 2022-07-26T00:00:00+00:00, run_after=2022-07-27T00:00:00+00:00
[2022-07-26 18:44:05,509] {processor.py:161} INFO - Processing /home/osboxes/airflow/dags/dag_hand1.py took 0.072 seconds
[2022-07-26 18:44:39,802] {processor.py:153} INFO - Started process (PID=1915601) to work on /home/osboxes/airflow/dags/dag_hand1.py
[2022-07-26 18:44:39,803] {processor.py:641} INFO - Processing file /home/osboxes/airflow/dags/dag_hand1.py for tasks to queue
[2022-07-26 18:44:39,804] {logging_mixin.py:115} INFO - [2022-07-26 18:44:39,804] {dagbag.py:507} INFO - Filling up the DagBag from /home/osboxes/airflow/dags/dag_hand1.py
[2022-07-26 18:44:39,813] {processor.py:651} INFO - DAG(s) dict_keys(['Hands_pract_v1']) retrieved from /home/osboxes/airflow/dags/dag_hand1.py
[2022-07-26 18:44:39,841] {logging_mixin.py:115} INFO - [2022-07-26 18:44:39,841] {dag.py:2371} INFO - Sync 1 DAGs
[2022-07-26 18:44:39,855] {logging_mixin.py:115} INFO - [2022-07-26 18:44:39,855] {dag.py:2915} INFO - Setting next_dagrun for Hands_pract_v1 to 2022-07-26T00:00:00+00:00, run_after=2022-07-27T00:00:00+00:00
[2022-07-26 18:44:39,894] {processor.py:161} INFO - Processing /home/osboxes/airflow/dags/dag_hand1.py took 0.093 seconds
[2022-07-26 18:45:14,928] {processor.py:153} INFO - Started process (PID=1915886) to work on /home/osboxes/airflow/dags/dag_hand1.py
[2022-07-26 18:45:14,930] {processor.py:641} INFO - Processing file /home/osboxes/airflow/dags/dag_hand1.py for tasks to queue
[2022-07-26 18:45:14,931] {logging_mixin.py:115} INFO - [2022-07-26 18:45:14,931] {dagbag.py:507} INFO - Filling up the DagBag from /home/osboxes/airflow/dags/dag_hand1.py
[2022-07-26 18:45:14,936] {processor.py:651} INFO - DAG(s) dict_keys(['Hands_pract_v1']) retrieved from /home/osboxes/airflow/dags/dag_hand1.py
[2022-07-26 18:45:14,955] {logging_mixin.py:115} INFO - [2022-07-26 18:45:14,955] {dag.py:2371} INFO - Sync 1 DAGs
[2022-07-26 18:45:14,968] {logging_mixin.py:115} INFO - [2022-07-26 18:45:14,968] {dag.py:2915} INFO - Setting next_dagrun for Hands_pract_v1 to 2022-07-26T00:00:00+00:00, run_after=2022-07-27T00:00:00+00:00
[2022-07-26 18:45:15,003] {processor.py:161} INFO - Processing /home/osboxes/airflow/dags/dag_hand1.py took 0.077 seconds
[2022-07-26 18:45:45,654] {processor.py:153} INFO - Started process (PID=1916130) to work on /home/osboxes/airflow/dags/dag_hand1.py
[2022-07-26 18:45:45,654] {processor.py:641} INFO - Processing file /home/osboxes/airflow/dags/dag_hand1.py for tasks to queue
[2022-07-26 18:45:45,655] {logging_mixin.py:115} INFO - [2022-07-26 18:45:45,655] {dagbag.py:507} INFO - Filling up the DagBag from /home/osboxes/airflow/dags/dag_hand1.py
[2022-07-26 18:45:45,663] {processor.py:651} INFO - DAG(s) dict_keys(['Hands_pract_v1']) retrieved from /home/osboxes/airflow/dags/dag_hand1.py
[2022-07-26 18:45:45,680] {logging_mixin.py:115} INFO - [2022-07-26 18:45:45,680] {dag.py:2371} INFO - Sync 1 DAGs
[2022-07-26 18:45:45,696] {logging_mixin.py:115} INFO - [2022-07-26 18:45:45,696] {dag.py:2915} INFO - Setting next_dagrun for Hands_pract_v1 to 2022-07-26T00:00:00+00:00, run_after=2022-07-27T00:00:00+00:00
[2022-07-26 18:45:45,723] {processor.py:161} INFO - Processing /home/osboxes/airflow/dags/dag_hand1.py took 0.071 seconds
[2022-07-26 18:46:20,794] {processor.py:153} INFO - Started process (PID=1916414) to work on /home/osboxes/airflow/dags/dag_hand1.py
[2022-07-26 18:46:20,804] {processor.py:641} INFO - Processing file /home/osboxes/airflow/dags/dag_hand1.py for tasks to queue
[2022-07-26 18:46:20,805] {logging_mixin.py:115} INFO - [2022-07-26 18:46:20,805] {dagbag.py:507} INFO - Filling up the DagBag from /home/osboxes/airflow/dags/dag_hand1.py
[2022-07-26 18:46:20,810] {processor.py:651} INFO - DAG(s) dict_keys(['Hands_pract_v1']) retrieved from /home/osboxes/airflow/dags/dag_hand1.py
[2022-07-26 18:46:20,826] {logging_mixin.py:115} INFO - [2022-07-26 18:46:20,826] {dag.py:2371} INFO - Sync 1 DAGs
[2022-07-26 18:46:20,839] {logging_mixin.py:115} INFO - [2022-07-26 18:46:20,839] {dag.py:2915} INFO - Setting next_dagrun for Hands_pract_v1 to 2022-07-26T00:00:00+00:00, run_after=2022-07-27T00:00:00+00:00
[2022-07-26 18:46:20,866] {processor.py:161} INFO - Processing /home/osboxes/airflow/dags/dag_hand1.py took 0.074 seconds
[2022-07-26 18:46:52,590] {processor.py:153} INFO - Started process (PID=1916680) to work on /home/osboxes/airflow/dags/dag_hand1.py
[2022-07-26 18:46:52,590] {processor.py:641} INFO - Processing file /home/osboxes/airflow/dags/dag_hand1.py for tasks to queue
[2022-07-26 18:46:52,591] {logging_mixin.py:115} INFO - [2022-07-26 18:46:52,591] {dagbag.py:507} INFO - Filling up the DagBag from /home/osboxes/airflow/dags/dag_hand1.py
[2022-07-26 18:46:52,596] {processor.py:651} INFO - DAG(s) dict_keys(['Hands_pract_v1']) retrieved from /home/osboxes/airflow/dags/dag_hand1.py
[2022-07-26 18:46:52,615] {logging_mixin.py:115} INFO - [2022-07-26 18:46:52,614] {dag.py:2371} INFO - Sync 1 DAGs
[2022-07-26 18:46:52,629] {logging_mixin.py:115} INFO - [2022-07-26 18:46:52,629] {dag.py:2915} INFO - Setting next_dagrun for Hands_pract_v1 to 2022-07-26T00:00:00+00:00, run_after=2022-07-27T00:00:00+00:00
[2022-07-26 18:46:52,661] {processor.py:161} INFO - Processing /home/osboxes/airflow/dags/dag_hand1.py took 0.074 seconds
[2022-07-26 18:47:28,837] {processor.py:153} INFO - Started process (PID=1916964) to work on /home/osboxes/airflow/dags/dag_hand1.py
[2022-07-26 18:47:28,838] {processor.py:641} INFO - Processing file /home/osboxes/airflow/dags/dag_hand1.py for tasks to queue
[2022-07-26 18:47:28,839] {logging_mixin.py:115} INFO - [2022-07-26 18:47:28,839] {dagbag.py:507} INFO - Filling up the DagBag from /home/osboxes/airflow/dags/dag_hand1.py
[2022-07-26 18:47:28,844] {processor.py:651} INFO - DAG(s) dict_keys(['Hands_pract_v1']) retrieved from /home/osboxes/airflow/dags/dag_hand1.py
[2022-07-26 18:47:28,861] {logging_mixin.py:115} INFO - [2022-07-26 18:47:28,861] {dag.py:2371} INFO - Sync 1 DAGs
[2022-07-26 18:47:28,875] {logging_mixin.py:115} INFO - [2022-07-26 18:47:28,875] {dag.py:2915} INFO - Setting next_dagrun for Hands_pract_v1 to 2022-07-26T00:00:00+00:00, run_after=2022-07-27T00:00:00+00:00
[2022-07-26 18:47:28,897] {processor.py:161} INFO - Processing /home/osboxes/airflow/dags/dag_hand1.py took 0.063 seconds
[2022-07-26 18:48:01,823] {processor.py:153} INFO - Started process (PID=1917215) to work on /home/osboxes/airflow/dags/dag_hand1.py
[2022-07-26 18:48:01,823] {processor.py:641} INFO - Processing file /home/osboxes/airflow/dags/dag_hand1.py for tasks to queue
[2022-07-26 18:48:01,823] {logging_mixin.py:115} INFO - [2022-07-26 18:48:01,823] {dagbag.py:507} INFO - Filling up the DagBag from /home/osboxes/airflow/dags/dag_hand1.py
[2022-07-26 18:48:01,831] {processor.py:651} INFO - DAG(s) dict_keys(['Hands_pract_v1']) retrieved from /home/osboxes/airflow/dags/dag_hand1.py
[2022-07-26 18:48:01,846] {logging_mixin.py:115} INFO - [2022-07-26 18:48:01,846] {dag.py:2371} INFO - Sync 1 DAGs
[2022-07-26 18:48:01,858] {logging_mixin.py:115} INFO - [2022-07-26 18:48:01,858] {dag.py:2915} INFO - Setting next_dagrun for Hands_pract_v1 to 2022-07-26T00:00:00+00:00, run_after=2022-07-27T00:00:00+00:00
[2022-07-26 18:48:01,885] {processor.py:161} INFO - Processing /home/osboxes/airflow/dags/dag_hand1.py took 0.065 seconds
[2022-07-26 18:48:32,885] {processor.py:153} INFO - Started process (PID=1917469) to work on /home/osboxes/airflow/dags/dag_hand1.py
[2022-07-26 18:48:32,887] {processor.py:641} INFO - Processing file /home/osboxes/airflow/dags/dag_hand1.py for tasks to queue
[2022-07-26 18:48:32,887] {logging_mixin.py:115} INFO - [2022-07-26 18:48:32,887] {dagbag.py:507} INFO - Filling up the DagBag from /home/osboxes/airflow/dags/dag_hand1.py
[2022-07-26 18:48:32,894] {processor.py:651} INFO - DAG(s) dict_keys(['Hands_pract_v1']) retrieved from /home/osboxes/airflow/dags/dag_hand1.py
[2022-07-26 18:48:32,915] {logging_mixin.py:115} INFO - [2022-07-26 18:48:32,915] {dag.py:2371} INFO - Sync 1 DAGs
[2022-07-26 18:48:32,928] {logging_mixin.py:115} INFO - [2022-07-26 18:48:32,928] {dag.py:2915} INFO - Setting next_dagrun for Hands_pract_v1 to 2022-07-26T00:00:00+00:00, run_after=2022-07-27T00:00:00+00:00
[2022-07-26 18:48:32,950] {processor.py:161} INFO - Processing /home/osboxes/airflow/dags/dag_hand1.py took 0.067 seconds
[2022-07-26 18:49:09,008] {processor.py:153} INFO - Started process (PID=1917796) to work on /home/osboxes/airflow/dags/dag_hand1.py
[2022-07-26 18:49:09,009] {processor.py:641} INFO - Processing file /home/osboxes/airflow/dags/dag_hand1.py for tasks to queue
[2022-07-26 18:49:09,010] {logging_mixin.py:115} INFO - [2022-07-26 18:49:09,010] {dagbag.py:507} INFO - Filling up the DagBag from /home/osboxes/airflow/dags/dag_hand1.py
[2022-07-26 18:49:09,015] {processor.py:651} INFO - DAG(s) dict_keys(['Hands_pract_v1']) retrieved from /home/osboxes/airflow/dags/dag_hand1.py
[2022-07-26 18:49:09,031] {logging_mixin.py:115} INFO - [2022-07-26 18:49:09,030] {dag.py:2371} INFO - Sync 1 DAGs
[2022-07-26 18:49:09,043] {logging_mixin.py:115} INFO - [2022-07-26 18:49:09,043] {dag.py:2915} INFO - Setting next_dagrun for Hands_pract_v1 to 2022-07-26T00:00:00+00:00, run_after=2022-07-27T00:00:00+00:00
[2022-07-26 18:49:09,068] {processor.py:161} INFO - Processing /home/osboxes/airflow/dags/dag_hand1.py took 0.063 seconds
[2022-07-26 18:49:39,906] {processor.py:153} INFO - Started process (PID=1918094) to work on /home/osboxes/airflow/dags/dag_hand1.py
[2022-07-26 18:49:39,909] {processor.py:641} INFO - Processing file /home/osboxes/airflow/dags/dag_hand1.py for tasks to queue
[2022-07-26 18:49:39,910] {logging_mixin.py:115} INFO - [2022-07-26 18:49:39,910] {dagbag.py:507} INFO - Filling up the DagBag from /home/osboxes/airflow/dags/dag_hand1.py
[2022-07-26 18:49:39,916] {processor.py:651} INFO - DAG(s) dict_keys(['Hands_pract_v1']) retrieved from /home/osboxes/airflow/dags/dag_hand1.py
[2022-07-26 18:49:39,932] {logging_mixin.py:115} INFO - [2022-07-26 18:49:39,932] {dag.py:2371} INFO - Sync 1 DAGs
[2022-07-26 18:49:39,947] {logging_mixin.py:115} INFO - [2022-07-26 18:49:39,946] {dag.py:2915} INFO - Setting next_dagrun for Hands_pract_v1 to 2022-07-26T00:00:00+00:00, run_after=2022-07-27T00:00:00+00:00
[2022-07-26 18:49:39,982] {processor.py:161} INFO - Processing /home/osboxes/airflow/dags/dag_hand1.py took 0.079 seconds
[2022-07-26 18:50:16,368] {processor.py:153} INFO - Started process (PID=1918391) to work on /home/osboxes/airflow/dags/dag_hand1.py
[2022-07-26 18:50:16,371] {processor.py:641} INFO - Processing file /home/osboxes/airflow/dags/dag_hand1.py for tasks to queue
[2022-07-26 18:50:16,371] {logging_mixin.py:115} INFO - [2022-07-26 18:50:16,371] {dagbag.py:507} INFO - Filling up the DagBag from /home/osboxes/airflow/dags/dag_hand1.py
[2022-07-26 18:50:16,376] {processor.py:651} INFO - DAG(s) dict_keys(['Hands_pract_v1']) retrieved from /home/osboxes/airflow/dags/dag_hand1.py
[2022-07-26 18:50:16,391] {logging_mixin.py:115} INFO - [2022-07-26 18:50:16,391] {dag.py:2371} INFO - Sync 1 DAGs
[2022-07-26 18:50:16,404] {logging_mixin.py:115} INFO - [2022-07-26 18:50:16,404] {dag.py:2915} INFO - Setting next_dagrun for Hands_pract_v1 to 2022-07-26T00:00:00+00:00, run_after=2022-07-27T00:00:00+00:00
[2022-07-26 18:50:16,437] {processor.py:161} INFO - Processing /home/osboxes/airflow/dags/dag_hand1.py took 0.071 seconds
[2022-07-26 18:50:51,690] {processor.py:153} INFO - Started process (PID=1918678) to work on /home/osboxes/airflow/dags/dag_hand1.py
[2022-07-26 18:50:51,691] {processor.py:641} INFO - Processing file /home/osboxes/airflow/dags/dag_hand1.py for tasks to queue
[2022-07-26 18:50:51,692] {logging_mixin.py:115} INFO - [2022-07-26 18:50:51,691] {dagbag.py:507} INFO - Filling up the DagBag from /home/osboxes/airflow/dags/dag_hand1.py
[2022-07-26 18:50:51,698] {processor.py:651} INFO - DAG(s) dict_keys(['Hands_pract_v1']) retrieved from /home/osboxes/airflow/dags/dag_hand1.py
[2022-07-26 18:50:51,713] {logging_mixin.py:115} INFO - [2022-07-26 18:50:51,713] {dag.py:2371} INFO - Sync 1 DAGs
[2022-07-26 18:50:51,727] {logging_mixin.py:115} INFO - [2022-07-26 18:50:51,726] {dag.py:2915} INFO - Setting next_dagrun for Hands_pract_v1 to 2022-07-26T00:00:00+00:00, run_after=2022-07-27T00:00:00+00:00
[2022-07-26 18:50:51,768] {processor.py:161} INFO - Processing /home/osboxes/airflow/dags/dag_hand1.py took 0.080 seconds
[2022-07-26 18:51:26,012] {processor.py:153} INFO - Started process (PID=1918964) to work on /home/osboxes/airflow/dags/dag_hand1.py
[2022-07-26 18:51:26,013] {processor.py:641} INFO - Processing file /home/osboxes/airflow/dags/dag_hand1.py for tasks to queue
[2022-07-26 18:51:26,014] {logging_mixin.py:115} INFO - [2022-07-26 18:51:26,014] {dagbag.py:507} INFO - Filling up the DagBag from /home/osboxes/airflow/dags/dag_hand1.py
[2022-07-26 18:51:26,019] {processor.py:651} INFO - DAG(s) dict_keys(['Hands_pract_v1']) retrieved from /home/osboxes/airflow/dags/dag_hand1.py
[2022-07-26 18:51:26,035] {logging_mixin.py:115} INFO - [2022-07-26 18:51:26,035] {dag.py:2371} INFO - Sync 1 DAGs
[2022-07-26 18:51:26,047] {logging_mixin.py:115} INFO - [2022-07-26 18:51:26,047] {dag.py:2915} INFO - Setting next_dagrun for Hands_pract_v1 to 2022-07-26T00:00:00+00:00, run_after=2022-07-27T00:00:00+00:00
[2022-07-26 18:51:26,075] {processor.py:161} INFO - Processing /home/osboxes/airflow/dags/dag_hand1.py took 0.065 seconds
[2022-07-26 18:52:06,268] {processor.py:153} INFO - Started process (PID=1919249) to work on /home/osboxes/airflow/dags/dag_hand1.py
[2022-07-26 18:52:06,269] {processor.py:641} INFO - Processing file /home/osboxes/airflow/dags/dag_hand1.py for tasks to queue
[2022-07-26 18:52:06,269] {logging_mixin.py:115} INFO - [2022-07-26 18:52:06,269] {dagbag.py:507} INFO - Filling up the DagBag from /home/osboxes/airflow/dags/dag_hand1.py
[2022-07-26 18:52:06,274] {processor.py:651} INFO - DAG(s) dict_keys(['Hands_pract_v1']) retrieved from /home/osboxes/airflow/dags/dag_hand1.py
[2022-07-26 18:52:06,290] {logging_mixin.py:115} INFO - [2022-07-26 18:52:06,290] {dag.py:2371} INFO - Sync 1 DAGs
[2022-07-26 18:52:06,315] {logging_mixin.py:115} INFO - [2022-07-26 18:52:06,314] {dag.py:2915} INFO - Setting next_dagrun for Hands_pract_v1 to 2022-07-26T00:00:00+00:00, run_after=2022-07-27T00:00:00+00:00
[2022-07-26 18:52:06,337] {processor.py:161} INFO - Processing /home/osboxes/airflow/dags/dag_hand1.py took 0.072 seconds
[2022-07-26 18:52:43,843] {processor.py:153} INFO - Started process (PID=1919593) to work on /home/osboxes/airflow/dags/dag_hand1.py
[2022-07-26 18:52:43,844] {processor.py:641} INFO - Processing file /home/osboxes/airflow/dags/dag_hand1.py for tasks to queue
[2022-07-26 18:52:43,845] {logging_mixin.py:115} INFO - [2022-07-26 18:52:43,845] {dagbag.py:507} INFO - Filling up the DagBag from /home/osboxes/airflow/dags/dag_hand1.py
[2022-07-26 18:52:43,850] {processor.py:651} INFO - DAG(s) dict_keys(['Hands_pract_v1']) retrieved from /home/osboxes/airflow/dags/dag_hand1.py
[2022-07-26 18:52:43,866] {logging_mixin.py:115} INFO - [2022-07-26 18:52:43,866] {dag.py:2371} INFO - Sync 1 DAGs
[2022-07-26 18:52:43,879] {logging_mixin.py:115} INFO - [2022-07-26 18:52:43,879] {dag.py:2915} INFO - Setting next_dagrun for Hands_pract_v1 to 2022-07-26T00:00:00+00:00, run_after=2022-07-27T00:00:00+00:00
[2022-07-26 18:52:43,919] {processor.py:161} INFO - Processing /home/osboxes/airflow/dags/dag_hand1.py took 0.078 seconds
[2022-07-26 18:53:17,729] {processor.py:153} INFO - Started process (PID=1919841) to work on /home/osboxes/airflow/dags/dag_hand1.py
[2022-07-26 18:53:17,731] {processor.py:641} INFO - Processing file /home/osboxes/airflow/dags/dag_hand1.py for tasks to queue
[2022-07-26 18:53:17,732] {logging_mixin.py:115} INFO - [2022-07-26 18:53:17,732] {dagbag.py:507} INFO - Filling up the DagBag from /home/osboxes/airflow/dags/dag_hand1.py
[2022-07-26 18:53:17,737] {processor.py:651} INFO - DAG(s) dict_keys(['Hands_pract_v1']) retrieved from /home/osboxes/airflow/dags/dag_hand1.py
[2022-07-26 18:53:17,754] {logging_mixin.py:115} INFO - [2022-07-26 18:53:17,754] {dag.py:2371} INFO - Sync 1 DAGs
[2022-07-26 18:53:17,768] {logging_mixin.py:115} INFO - [2022-07-26 18:53:17,768] {dag.py:2915} INFO - Setting next_dagrun for Hands_pract_v1 to 2022-07-26T00:00:00+00:00, run_after=2022-07-27T00:00:00+00:00
[2022-07-26 18:53:17,809] {processor.py:161} INFO - Processing /home/osboxes/airflow/dags/dag_hand1.py took 0.082 seconds
[2022-07-26 18:53:52,751] {processor.py:153} INFO - Started process (PID=1920130) to work on /home/osboxes/airflow/dags/dag_hand1.py
[2022-07-26 18:53:52,754] {processor.py:641} INFO - Processing file /home/osboxes/airflow/dags/dag_hand1.py for tasks to queue
[2022-07-26 18:53:52,754] {logging_mixin.py:115} INFO - [2022-07-26 18:53:52,754] {dagbag.py:507} INFO - Filling up the DagBag from /home/osboxes/airflow/dags/dag_hand1.py
[2022-07-26 18:53:52,759] {processor.py:651} INFO - DAG(s) dict_keys(['Hands_pract_v1']) retrieved from /home/osboxes/airflow/dags/dag_hand1.py
[2022-07-26 18:53:52,775] {logging_mixin.py:115} INFO - [2022-07-26 18:53:52,774] {dag.py:2371} INFO - Sync 1 DAGs
[2022-07-26 18:53:52,788] {logging_mixin.py:115} INFO - [2022-07-26 18:53:52,788] {dag.py:2915} INFO - Setting next_dagrun for Hands_pract_v1 to 2022-07-26T00:00:00+00:00, run_after=2022-07-27T00:00:00+00:00
[2022-07-26 18:53:52,825] {processor.py:161} INFO - Processing /home/osboxes/airflow/dags/dag_hand1.py took 0.076 seconds
[2022-07-26 18:54:27,728] {processor.py:153} INFO - Started process (PID=1920474) to work on /home/osboxes/airflow/dags/dag_hand1.py
[2022-07-26 18:54:27,729] {processor.py:641} INFO - Processing file /home/osboxes/airflow/dags/dag_hand1.py for tasks to queue
[2022-07-26 18:54:27,730] {logging_mixin.py:115} INFO - [2022-07-26 18:54:27,730] {dagbag.py:507} INFO - Filling up the DagBag from /home/osboxes/airflow/dags/dag_hand1.py
[2022-07-26 18:54:27,735] {processor.py:651} INFO - DAG(s) dict_keys(['Hands_pract_v1']) retrieved from /home/osboxes/airflow/dags/dag_hand1.py
[2022-07-26 18:54:27,750] {logging_mixin.py:115} INFO - [2022-07-26 18:54:27,750] {dag.py:2371} INFO - Sync 1 DAGs
[2022-07-26 18:54:27,763] {logging_mixin.py:115} INFO - [2022-07-26 18:54:27,763] {dag.py:2915} INFO - Setting next_dagrun for Hands_pract_v1 to 2022-07-26T00:00:00+00:00, run_after=2022-07-27T00:00:00+00:00
[2022-07-26 18:54:27,787] {processor.py:161} INFO - Processing /home/osboxes/airflow/dags/dag_hand1.py took 0.062 seconds
[2022-07-26 18:55:00,289] {processor.py:153} INFO - Started process (PID=1920717) to work on /home/osboxes/airflow/dags/dag_hand1.py
[2022-07-26 18:55:00,290] {processor.py:641} INFO - Processing file /home/osboxes/airflow/dags/dag_hand1.py for tasks to queue
[2022-07-26 18:55:00,290] {logging_mixin.py:115} INFO - [2022-07-26 18:55:00,290] {dagbag.py:507} INFO - Filling up the DagBag from /home/osboxes/airflow/dags/dag_hand1.py
[2022-07-26 18:55:00,295] {processor.py:651} INFO - DAG(s) dict_keys(['Hands_pract_v1']) retrieved from /home/osboxes/airflow/dags/dag_hand1.py
[2022-07-26 18:55:00,311] {logging_mixin.py:115} INFO - [2022-07-26 18:55:00,311] {dag.py:2371} INFO - Sync 1 DAGs
[2022-07-26 18:55:00,326] {logging_mixin.py:115} INFO - [2022-07-26 18:55:00,325] {dag.py:2915} INFO - Setting next_dagrun for Hands_pract_v1 to 2022-07-26T00:00:00+00:00, run_after=2022-07-27T00:00:00+00:00
[2022-07-26 18:55:00,354] {processor.py:161} INFO - Processing /home/osboxes/airflow/dags/dag_hand1.py took 0.067 seconds
[2022-07-26 18:55:31,267] {processor.py:153} INFO - Started process (PID=1920960) to work on /home/osboxes/airflow/dags/dag_hand1.py
[2022-07-26 18:55:31,290] {processor.py:641} INFO - Processing file /home/osboxes/airflow/dags/dag_hand1.py for tasks to queue
[2022-07-26 18:55:31,290] {logging_mixin.py:115} INFO - [2022-07-26 18:55:31,290] {dagbag.py:507} INFO - Filling up the DagBag from /home/osboxes/airflow/dags/dag_hand1.py
[2022-07-26 18:55:31,295] {processor.py:651} INFO - DAG(s) dict_keys(['Hands_pract_v1']) retrieved from /home/osboxes/airflow/dags/dag_hand1.py
[2022-07-26 18:55:31,314] {logging_mixin.py:115} INFO - [2022-07-26 18:55:31,314] {dag.py:2371} INFO - Sync 1 DAGs
[2022-07-26 18:55:31,327] {logging_mixin.py:115} INFO - [2022-07-26 18:55:31,327] {dag.py:2915} INFO - Setting next_dagrun for Hands_pract_v1 to 2022-07-26T00:00:00+00:00, run_after=2022-07-27T00:00:00+00:00
[2022-07-26 18:55:31,361] {processor.py:161} INFO - Processing /home/osboxes/airflow/dags/dag_hand1.py took 0.096 seconds
[2022-07-26 18:56:07,286] {processor.py:153} INFO - Started process (PID=1921258) to work on /home/osboxes/airflow/dags/dag_hand1.py
[2022-07-26 18:56:07,288] {processor.py:641} INFO - Processing file /home/osboxes/airflow/dags/dag_hand1.py for tasks to queue
[2022-07-26 18:56:07,289] {logging_mixin.py:115} INFO - [2022-07-26 18:56:07,289] {dagbag.py:507} INFO - Filling up the DagBag from /home/osboxes/airflow/dags/dag_hand1.py
[2022-07-26 18:56:07,294] {processor.py:651} INFO - DAG(s) dict_keys(['Hands_pract_v1']) retrieved from /home/osboxes/airflow/dags/dag_hand1.py
[2022-07-26 18:56:07,309] {logging_mixin.py:115} INFO - [2022-07-26 18:56:07,309] {dag.py:2371} INFO - Sync 1 DAGs
[2022-07-26 18:56:07,324] {logging_mixin.py:115} INFO - [2022-07-26 18:56:07,324] {dag.py:2915} INFO - Setting next_dagrun for Hands_pract_v1 to 2022-07-26T00:00:00+00:00, run_after=2022-07-27T00:00:00+00:00
[2022-07-26 18:56:07,362] {processor.py:161} INFO - Processing /home/osboxes/airflow/dags/dag_hand1.py took 0.078 seconds
[2022-07-26 18:56:44,372] {processor.py:153} INFO - Started process (PID=1921549) to work on /home/osboxes/airflow/dags/dag_hand1.py
[2022-07-26 18:56:44,375] {processor.py:641} INFO - Processing file /home/osboxes/airflow/dags/dag_hand1.py for tasks to queue
[2022-07-26 18:56:44,376] {logging_mixin.py:115} INFO - [2022-07-26 18:56:44,376] {dagbag.py:507} INFO - Filling up the DagBag from /home/osboxes/airflow/dags/dag_hand1.py
[2022-07-26 18:56:44,381] {processor.py:651} INFO - DAG(s) dict_keys(['Hands_pract_v1']) retrieved from /home/osboxes/airflow/dags/dag_hand1.py
[2022-07-26 18:56:44,396] {logging_mixin.py:115} INFO - [2022-07-26 18:56:44,396] {dag.py:2371} INFO - Sync 1 DAGs
[2022-07-26 18:56:44,428] {logging_mixin.py:115} INFO - [2022-07-26 18:56:44,428] {dag.py:2915} INFO - Setting next_dagrun for Hands_pract_v1 to 2022-07-26T00:00:00+00:00, run_after=2022-07-27T00:00:00+00:00
[2022-07-26 18:56:44,457] {processor.py:161} INFO - Processing /home/osboxes/airflow/dags/dag_hand1.py took 0.087 seconds
[2022-07-26 18:57:14,689] {processor.py:153} INFO - Started process (PID=1921819) to work on /home/osboxes/airflow/dags/dag_hand1.py
[2022-07-26 18:57:14,691] {processor.py:641} INFO - Processing file /home/osboxes/airflow/dags/dag_hand1.py for tasks to queue
[2022-07-26 18:57:14,692] {logging_mixin.py:115} INFO - [2022-07-26 18:57:14,692] {dagbag.py:507} INFO - Filling up the DagBag from /home/osboxes/airflow/dags/dag_hand1.py
[2022-07-26 18:57:14,697] {processor.py:651} INFO - DAG(s) dict_keys(['Hands_pract_v1']) retrieved from /home/osboxes/airflow/dags/dag_hand1.py
[2022-07-26 18:57:14,715] {logging_mixin.py:115} INFO - [2022-07-26 18:57:14,715] {dag.py:2371} INFO - Sync 1 DAGs
[2022-07-26 18:57:14,727] {logging_mixin.py:115} INFO - [2022-07-26 18:57:14,727] {dag.py:2915} INFO - Setting next_dagrun for Hands_pract_v1 to 2022-07-26T00:00:00+00:00, run_after=2022-07-27T00:00:00+00:00
[2022-07-26 18:57:14,751] {processor.py:161} INFO - Processing /home/osboxes/airflow/dags/dag_hand1.py took 0.065 seconds
[2022-07-26 18:57:49,983] {processor.py:153} INFO - Started process (PID=1922102) to work on /home/osboxes/airflow/dags/dag_hand1.py
[2022-07-26 18:57:49,993] {processor.py:641} INFO - Processing file /home/osboxes/airflow/dags/dag_hand1.py for tasks to queue
[2022-07-26 18:57:49,993] {logging_mixin.py:115} INFO - [2022-07-26 18:57:49,993] {dagbag.py:507} INFO - Filling up the DagBag from /home/osboxes/airflow/dags/dag_hand1.py
[2022-07-26 18:57:49,998] {processor.py:651} INFO - DAG(s) dict_keys(['Hands_pract_v1']) retrieved from /home/osboxes/airflow/dags/dag_hand1.py
[2022-07-26 18:57:50,015] {logging_mixin.py:115} INFO - [2022-07-26 18:57:50,015] {dag.py:2371} INFO - Sync 1 DAGs
[2022-07-26 18:57:50,028] {logging_mixin.py:115} INFO - [2022-07-26 18:57:50,028] {dag.py:2915} INFO - Setting next_dagrun for Hands_pract_v1 to 2022-07-26T00:00:00+00:00, run_after=2022-07-27T00:00:00+00:00
[2022-07-26 18:57:50,053] {processor.py:161} INFO - Processing /home/osboxes/airflow/dags/dag_hand1.py took 0.072 seconds
[2022-07-26 18:58:25,768] {processor.py:153} INFO - Started process (PID=1922384) to work on /home/osboxes/airflow/dags/dag_hand1.py
[2022-07-26 18:58:25,769] {processor.py:641} INFO - Processing file /home/osboxes/airflow/dags/dag_hand1.py for tasks to queue
[2022-07-26 18:58:25,770] {logging_mixin.py:115} INFO - [2022-07-26 18:58:25,770] {dagbag.py:507} INFO - Filling up the DagBag from /home/osboxes/airflow/dags/dag_hand1.py
[2022-07-26 18:58:25,775] {processor.py:651} INFO - DAG(s) dict_keys(['Hands_pract_v1']) retrieved from /home/osboxes/airflow/dags/dag_hand1.py
[2022-07-26 18:58:25,791] {logging_mixin.py:115} INFO - [2022-07-26 18:58:25,790] {dag.py:2371} INFO - Sync 1 DAGs
[2022-07-26 18:58:25,806] {logging_mixin.py:115} INFO - [2022-07-26 18:58:25,806] {dag.py:2915} INFO - Setting next_dagrun for Hands_pract_v1 to 2022-07-26T00:00:00+00:00, run_after=2022-07-27T00:00:00+00:00
[2022-07-26 18:58:25,828] {processor.py:161} INFO - Processing /home/osboxes/airflow/dags/dag_hand1.py took 0.062 seconds
[2022-07-26 18:59:00,131] {processor.py:153} INFO - Started process (PID=1922668) to work on /home/osboxes/airflow/dags/dag_hand1.py
[2022-07-26 18:59:00,132] {processor.py:641} INFO - Processing file /home/osboxes/airflow/dags/dag_hand1.py for tasks to queue
[2022-07-26 18:59:00,133] {logging_mixin.py:115} INFO - [2022-07-26 18:59:00,133] {dagbag.py:507} INFO - Filling up the DagBag from /home/osboxes/airflow/dags/dag_hand1.py
[2022-07-26 18:59:00,138] {processor.py:651} INFO - DAG(s) dict_keys(['Hands_pract_v1']) retrieved from /home/osboxes/airflow/dags/dag_hand1.py
[2022-07-26 18:59:00,153] {logging_mixin.py:115} INFO - [2022-07-26 18:59:00,153] {dag.py:2371} INFO - Sync 1 DAGs
[2022-07-26 18:59:00,166] {logging_mixin.py:115} INFO - [2022-07-26 18:59:00,166] {dag.py:2915} INFO - Setting next_dagrun for Hands_pract_v1 to 2022-07-26T00:00:00+00:00, run_after=2022-07-27T00:00:00+00:00
[2022-07-26 18:59:00,204] {processor.py:161} INFO - Processing /home/osboxes/airflow/dags/dag_hand1.py took 0.076 seconds
[2022-07-26 18:59:33,256] {processor.py:153} INFO - Started process (PID=1922986) to work on /home/osboxes/airflow/dags/dag_hand1.py
[2022-07-26 18:59:33,274] {processor.py:641} INFO - Processing file /home/osboxes/airflow/dags/dag_hand1.py for tasks to queue
[2022-07-26 18:59:33,274] {logging_mixin.py:115} INFO - [2022-07-26 18:59:33,274] {dagbag.py:507} INFO - Filling up the DagBag from /home/osboxes/airflow/dags/dag_hand1.py
[2022-07-26 18:59:33,281] {processor.py:651} INFO - DAG(s) dict_keys(['Hands_pract_v1']) retrieved from /home/osboxes/airflow/dags/dag_hand1.py
[2022-07-26 18:59:33,310] {logging_mixin.py:115} INFO - [2022-07-26 18:59:33,310] {dag.py:2371} INFO - Sync 1 DAGs
[2022-07-26 18:59:33,334] {logging_mixin.py:115} INFO - [2022-07-26 18:59:33,334] {dag.py:2915} INFO - Setting next_dagrun for Hands_pract_v1 to 2022-07-26T00:00:00+00:00, run_after=2022-07-27T00:00:00+00:00
[2022-07-26 18:59:33,370] {processor.py:161} INFO - Processing /home/osboxes/airflow/dags/dag_hand1.py took 0.117 seconds
[2022-07-26 19:00:11,186] {processor.py:153} INFO - Started process (PID=1923290) to work on /home/osboxes/airflow/dags/dag_hand1.py
[2022-07-26 19:00:11,188] {processor.py:641} INFO - Processing file /home/osboxes/airflow/dags/dag_hand1.py for tasks to queue
[2022-07-26 19:00:11,188] {logging_mixin.py:115} INFO - [2022-07-26 19:00:11,188] {dagbag.py:507} INFO - Filling up the DagBag from /home/osboxes/airflow/dags/dag_hand1.py
[2022-07-26 19:00:11,196] {processor.py:651} INFO - DAG(s) dict_keys(['Hands_pract_v1']) retrieved from /home/osboxes/airflow/dags/dag_hand1.py
[2022-07-26 19:00:11,213] {logging_mixin.py:115} INFO - [2022-07-26 19:00:11,213] {dag.py:2371} INFO - Sync 1 DAGs
[2022-07-26 19:00:11,230] {logging_mixin.py:115} INFO - [2022-07-26 19:00:11,230] {dag.py:2915} INFO - Setting next_dagrun for Hands_pract_v1 to 2022-07-26T00:00:00+00:00, run_after=2022-07-27T00:00:00+00:00
[2022-07-26 19:00:11,256] {processor.py:161} INFO - Processing /home/osboxes/airflow/dags/dag_hand1.py took 0.072 seconds
[2022-07-26 19:00:50,730] {processor.py:153} INFO - Started process (PID=1923574) to work on /home/osboxes/airflow/dags/dag_hand1.py
[2022-07-26 19:00:50,730] {processor.py:641} INFO - Processing file /home/osboxes/airflow/dags/dag_hand1.py for tasks to queue
[2022-07-26 19:00:50,731] {logging_mixin.py:115} INFO - [2022-07-26 19:00:50,731] {dagbag.py:507} INFO - Filling up the DagBag from /home/osboxes/airflow/dags/dag_hand1.py
[2022-07-26 19:00:50,737] {processor.py:651} INFO - DAG(s) dict_keys(['Hands_pract_v1']) retrieved from /home/osboxes/airflow/dags/dag_hand1.py
[2022-07-26 19:00:50,752] {logging_mixin.py:115} INFO - [2022-07-26 19:00:50,752] {dag.py:2371} INFO - Sync 1 DAGs
[2022-07-26 19:00:50,765] {logging_mixin.py:115} INFO - [2022-07-26 19:00:50,765] {dag.py:2915} INFO - Setting next_dagrun for Hands_pract_v1 to 2022-07-26T00:00:00+00:00, run_after=2022-07-27T00:00:00+00:00
[2022-07-26 19:00:50,790] {processor.py:161} INFO - Processing /home/osboxes/airflow/dags/dag_hand1.py took 0.062 seconds
[2022-07-26 19:01:27,948] {processor.py:153} INFO - Started process (PID=1923878) to work on /home/osboxes/airflow/dags/dag_hand1.py
[2022-07-26 19:01:27,950] {processor.py:641} INFO - Processing file /home/osboxes/airflow/dags/dag_hand1.py for tasks to queue
[2022-07-26 19:01:27,950] {logging_mixin.py:115} INFO - [2022-07-26 19:01:27,950] {dagbag.py:507} INFO - Filling up the DagBag from /home/osboxes/airflow/dags/dag_hand1.py
[2022-07-26 19:01:27,955] {processor.py:651} INFO - DAG(s) dict_keys(['Hands_pract_v1']) retrieved from /home/osboxes/airflow/dags/dag_hand1.py
[2022-07-26 19:01:27,985] {logging_mixin.py:115} INFO - [2022-07-26 19:01:27,985] {dag.py:2371} INFO - Sync 1 DAGs
[2022-07-26 19:01:27,999] {logging_mixin.py:115} INFO - [2022-07-26 19:01:27,999] {dag.py:2915} INFO - Setting next_dagrun for Hands_pract_v1 to 2022-07-26T00:00:00+00:00, run_after=2022-07-27T00:00:00+00:00
[2022-07-26 19:01:28,080] {processor.py:161} INFO - Processing /home/osboxes/airflow/dags/dag_hand1.py took 0.134 seconds
[2022-07-26 19:02:03,342] {processor.py:153} INFO - Started process (PID=1924160) to work on /home/osboxes/airflow/dags/dag_hand1.py
[2022-07-26 19:02:03,344] {processor.py:641} INFO - Processing file /home/osboxes/airflow/dags/dag_hand1.py for tasks to queue
[2022-07-26 19:02:03,344] {logging_mixin.py:115} INFO - [2022-07-26 19:02:03,344] {dagbag.py:507} INFO - Filling up the DagBag from /home/osboxes/airflow/dags/dag_hand1.py
[2022-07-26 19:02:03,349] {processor.py:651} INFO - DAG(s) dict_keys(['Hands_pract_v1']) retrieved from /home/osboxes/airflow/dags/dag_hand1.py
[2022-07-26 19:02:03,365] {logging_mixin.py:115} INFO - [2022-07-26 19:02:03,365] {dag.py:2371} INFO - Sync 1 DAGs
[2022-07-26 19:02:03,378] {logging_mixin.py:115} INFO - [2022-07-26 19:02:03,378] {dag.py:2915} INFO - Setting next_dagrun for Hands_pract_v1 to 2022-07-26T00:00:00+00:00, run_after=2022-07-27T00:00:00+00:00
[2022-07-26 19:02:03,418] {processor.py:161} INFO - Processing /home/osboxes/airflow/dags/dag_hand1.py took 0.080 seconds
[2022-07-26 19:02:36,514] {processor.py:153} INFO - Started process (PID=1924478) to work on /home/osboxes/airflow/dags/dag_hand1.py
[2022-07-26 19:02:36,518] {processor.py:641} INFO - Processing file /home/osboxes/airflow/dags/dag_hand1.py for tasks to queue
[2022-07-26 19:02:36,519] {logging_mixin.py:115} INFO - [2022-07-26 19:02:36,519] {dagbag.py:507} INFO - Filling up the DagBag from /home/osboxes/airflow/dags/dag_hand1.py
[2022-07-26 19:02:36,523] {processor.py:651} INFO - DAG(s) dict_keys(['Hands_pract_v1']) retrieved from /home/osboxes/airflow/dags/dag_hand1.py
[2022-07-26 19:02:36,539] {logging_mixin.py:115} INFO - [2022-07-26 19:02:36,539] {dag.py:2371} INFO - Sync 1 DAGs
[2022-07-26 19:02:36,552] {logging_mixin.py:115} INFO - [2022-07-26 19:02:36,552] {dag.py:2915} INFO - Setting next_dagrun for Hands_pract_v1 to 2022-07-26T00:00:00+00:00, run_after=2022-07-27T00:00:00+00:00
[2022-07-26 19:02:36,596] {processor.py:161} INFO - Processing /home/osboxes/airflow/dags/dag_hand1.py took 0.084 seconds
[2022-07-26 19:03:10,931] {processor.py:153} INFO - Started process (PID=1924724) to work on /home/osboxes/airflow/dags/dag_hand1.py
[2022-07-26 19:03:10,932] {processor.py:641} INFO - Processing file /home/osboxes/airflow/dags/dag_hand1.py for tasks to queue
[2022-07-26 19:03:10,932] {logging_mixin.py:115} INFO - [2022-07-26 19:03:10,932] {dagbag.py:507} INFO - Filling up the DagBag from /home/osboxes/airflow/dags/dag_hand1.py
[2022-07-26 19:03:10,937] {processor.py:651} INFO - DAG(s) dict_keys(['Hands_pract_v1']) retrieved from /home/osboxes/airflow/dags/dag_hand1.py
[2022-07-26 19:03:10,967] {logging_mixin.py:115} INFO - [2022-07-26 19:03:10,967] {dag.py:2371} INFO - Sync 1 DAGs
[2022-07-26 19:03:10,982] {logging_mixin.py:115} INFO - [2022-07-26 19:03:10,982] {dag.py:2915} INFO - Setting next_dagrun for Hands_pract_v1 to 2022-07-26T00:00:00+00:00, run_after=2022-07-27T00:00:00+00:00
[2022-07-26 19:03:11,011] {processor.py:161} INFO - Processing /home/osboxes/airflow/dags/dag_hand1.py took 0.082 seconds
[2022-07-26 19:03:41,542] {processor.py:153} INFO - Started process (PID=1924978) to work on /home/osboxes/airflow/dags/dag_hand1.py
[2022-07-26 19:03:41,542] {processor.py:641} INFO - Processing file /home/osboxes/airflow/dags/dag_hand1.py for tasks to queue
[2022-07-26 19:03:41,543] {logging_mixin.py:115} INFO - [2022-07-26 19:03:41,542] {dagbag.py:507} INFO - Filling up the DagBag from /home/osboxes/airflow/dags/dag_hand1.py
[2022-07-26 19:03:41,547] {processor.py:651} INFO - DAG(s) dict_keys(['Hands_pract_v1']) retrieved from /home/osboxes/airflow/dags/dag_hand1.py
[2022-07-26 19:03:41,572] {logging_mixin.py:115} INFO - [2022-07-26 19:03:41,572] {dag.py:2371} INFO - Sync 1 DAGs
[2022-07-26 19:03:41,587] {logging_mixin.py:115} INFO - [2022-07-26 19:03:41,585] {dag.py:2915} INFO - Setting next_dagrun for Hands_pract_v1 to 2022-07-26T00:00:00+00:00, run_after=2022-07-27T00:00:00+00:00
[2022-07-26 19:03:41,620] {processor.py:161} INFO - Processing /home/osboxes/airflow/dags/dag_hand1.py took 0.081 seconds
[2022-07-26 19:04:13,087] {processor.py:153} INFO - Started process (PID=1925226) to work on /home/osboxes/airflow/dags/dag_hand1.py
[2022-07-26 19:04:13,097] {processor.py:641} INFO - Processing file /home/osboxes/airflow/dags/dag_hand1.py for tasks to queue
[2022-07-26 19:04:13,098] {logging_mixin.py:115} INFO - [2022-07-26 19:04:13,098] {dagbag.py:507} INFO - Filling up the DagBag from /home/osboxes/airflow/dags/dag_hand1.py
[2022-07-26 19:04:13,104] {processor.py:651} INFO - DAG(s) dict_keys(['Hands_pract_v1']) retrieved from /home/osboxes/airflow/dags/dag_hand1.py
[2022-07-26 19:04:13,120] {logging_mixin.py:115} INFO - [2022-07-26 19:04:13,120] {dag.py:2371} INFO - Sync 1 DAGs
[2022-07-26 19:04:13,132] {logging_mixin.py:115} INFO - [2022-07-26 19:04:13,132] {dag.py:2915} INFO - Setting next_dagrun for Hands_pract_v1 to 2022-07-26T00:00:00+00:00, run_after=2022-07-27T00:00:00+00:00
[2022-07-26 19:04:13,155] {processor.py:161} INFO - Processing /home/osboxes/airflow/dags/dag_hand1.py took 0.070 seconds
[2022-07-26 19:04:51,585] {processor.py:153} INFO - Started process (PID=1925619) to work on /home/osboxes/airflow/dags/dag_hand1.py
[2022-07-26 19:04:51,588] {processor.py:641} INFO - Processing file /home/osboxes/airflow/dags/dag_hand1.py for tasks to queue
[2022-07-26 19:04:51,588] {logging_mixin.py:115} INFO - [2022-07-26 19:04:51,588] {dagbag.py:507} INFO - Filling up the DagBag from /home/osboxes/airflow/dags/dag_hand1.py
[2022-07-26 19:04:51,593] {processor.py:651} INFO - DAG(s) dict_keys(['Hands_pract_v1']) retrieved from /home/osboxes/airflow/dags/dag_hand1.py
[2022-07-26 19:04:51,612] {logging_mixin.py:115} INFO - [2022-07-26 19:04:51,612] {dag.py:2371} INFO - Sync 1 DAGs
[2022-07-26 19:04:51,625] {logging_mixin.py:115} INFO - [2022-07-26 19:04:51,625] {dag.py:2915} INFO - Setting next_dagrun for Hands_pract_v1 to 2022-07-26T00:00:00+00:00, run_after=2022-07-27T00:00:00+00:00
[2022-07-26 19:04:51,654] {processor.py:161} INFO - Processing /home/osboxes/airflow/dags/dag_hand1.py took 0.072 seconds
[2022-07-26 19:05:23,672] {processor.py:153} INFO - Started process (PID=1925870) to work on /home/osboxes/airflow/dags/dag_hand1.py
[2022-07-26 19:05:23,675] {processor.py:641} INFO - Processing file /home/osboxes/airflow/dags/dag_hand1.py for tasks to queue
[2022-07-26 19:05:23,676] {logging_mixin.py:115} INFO - [2022-07-26 19:05:23,676] {dagbag.py:507} INFO - Filling up the DagBag from /home/osboxes/airflow/dags/dag_hand1.py
[2022-07-26 19:05:23,681] {processor.py:651} INFO - DAG(s) dict_keys(['Hands_pract_v1']) retrieved from /home/osboxes/airflow/dags/dag_hand1.py
[2022-07-26 19:05:23,697] {logging_mixin.py:115} INFO - [2022-07-26 19:05:23,697] {dag.py:2371} INFO - Sync 1 DAGs
[2022-07-26 19:05:23,711] {logging_mixin.py:115} INFO - [2022-07-26 19:05:23,710] {dag.py:2915} INFO - Setting next_dagrun for Hands_pract_v1 to 2022-07-26T00:00:00+00:00, run_after=2022-07-27T00:00:00+00:00
[2022-07-26 19:05:23,734] {processor.py:161} INFO - Processing /home/osboxes/airflow/dags/dag_hand1.py took 0.063 seconds
[2022-07-26 19:05:55,491] {processor.py:153} INFO - Started process (PID=1926121) to work on /home/osboxes/airflow/dags/dag_hand1.py
[2022-07-26 19:05:55,491] {processor.py:641} INFO - Processing file /home/osboxes/airflow/dags/dag_hand1.py for tasks to queue
[2022-07-26 19:05:55,491] {logging_mixin.py:115} INFO - [2022-07-26 19:05:55,491] {dagbag.py:507} INFO - Filling up the DagBag from /home/osboxes/airflow/dags/dag_hand1.py
[2022-07-26 19:05:55,497] {processor.py:651} INFO - DAG(s) dict_keys(['Hands_pract_v1']) retrieved from /home/osboxes/airflow/dags/dag_hand1.py
[2022-07-26 19:05:55,511] {logging_mixin.py:115} INFO - [2022-07-26 19:05:55,511] {dag.py:2371} INFO - Sync 1 DAGs
[2022-07-26 19:05:55,527] {logging_mixin.py:115} INFO - [2022-07-26 19:05:55,526] {dag.py:2915} INFO - Setting next_dagrun for Hands_pract_v1 to 2022-07-26T00:00:00+00:00, run_after=2022-07-27T00:00:00+00:00
[2022-07-26 19:05:55,567] {processor.py:161} INFO - Processing /home/osboxes/airflow/dags/dag_hand1.py took 0.078 seconds
[2022-07-26 19:06:32,954] {processor.py:153} INFO - Started process (PID=1926421) to work on /home/osboxes/airflow/dags/dag_hand1.py
[2022-07-26 19:06:32,958] {processor.py:641} INFO - Processing file /home/osboxes/airflow/dags/dag_hand1.py for tasks to queue
[2022-07-26 19:06:32,959] {logging_mixin.py:115} INFO - [2022-07-26 19:06:32,959] {dagbag.py:507} INFO - Filling up the DagBag from /home/osboxes/airflow/dags/dag_hand1.py
[2022-07-26 19:06:32,969] {processor.py:651} INFO - DAG(s) dict_keys(['Hands_pract_v1']) retrieved from /home/osboxes/airflow/dags/dag_hand1.py
[2022-07-26 19:06:33,001] {logging_mixin.py:115} INFO - [2022-07-26 19:06:33,001] {dag.py:2371} INFO - Sync 1 DAGs
[2022-07-26 19:06:33,030] {logging_mixin.py:115} INFO - [2022-07-26 19:06:33,030] {dag.py:2915} INFO - Setting next_dagrun for Hands_pract_v1 to 2022-07-26T00:00:00+00:00, run_after=2022-07-27T00:00:00+00:00
[2022-07-26 19:06:33,065] {processor.py:161} INFO - Processing /home/osboxes/airflow/dags/dag_hand1.py took 0.115 seconds
[2022-07-26 19:07:08,940] {processor.py:153} INFO - Started process (PID=1926701) to work on /home/osboxes/airflow/dags/dag_hand1.py
[2022-07-26 19:07:08,942] {processor.py:641} INFO - Processing file /home/osboxes/airflow/dags/dag_hand1.py for tasks to queue
[2022-07-26 19:07:08,942] {logging_mixin.py:115} INFO - [2022-07-26 19:07:08,942] {dagbag.py:507} INFO - Filling up the DagBag from /home/osboxes/airflow/dags/dag_hand1.py
[2022-07-26 19:07:08,948] {processor.py:651} INFO - DAG(s) dict_keys(['Hands_pract_v1']) retrieved from /home/osboxes/airflow/dags/dag_hand1.py
[2022-07-26 19:07:08,964] {logging_mixin.py:115} INFO - [2022-07-26 19:07:08,964] {dag.py:2371} INFO - Sync 1 DAGs
[2022-07-26 19:07:08,977] {logging_mixin.py:115} INFO - [2022-07-26 19:07:08,977] {dag.py:2915} INFO - Setting next_dagrun for Hands_pract_v1 to 2022-07-26T00:00:00+00:00, run_after=2022-07-27T00:00:00+00:00
[2022-07-26 19:07:09,002] {processor.py:161} INFO - Processing /home/osboxes/airflow/dags/dag_hand1.py took 0.064 seconds
[2022-07-26 19:07:42,856] {processor.py:153} INFO - Started process (PID=1926966) to work on /home/osboxes/airflow/dags/dag_hand1.py
[2022-07-26 19:07:42,859] {processor.py:641} INFO - Processing file /home/osboxes/airflow/dags/dag_hand1.py for tasks to queue
[2022-07-26 19:07:42,860] {logging_mixin.py:115} INFO - [2022-07-26 19:07:42,860] {dagbag.py:507} INFO - Filling up the DagBag from /home/osboxes/airflow/dags/dag_hand1.py
[2022-07-26 19:07:42,866] {processor.py:651} INFO - DAG(s) dict_keys(['Hands_pract_v1']) retrieved from /home/osboxes/airflow/dags/dag_hand1.py
[2022-07-26 19:07:42,881] {logging_mixin.py:115} INFO - [2022-07-26 19:07:42,881] {dag.py:2371} INFO - Sync 1 DAGs
[2022-07-26 19:07:42,894] {logging_mixin.py:115} INFO - [2022-07-26 19:07:42,894] {dag.py:2915} INFO - Setting next_dagrun for Hands_pract_v1 to 2022-07-26T00:00:00+00:00, run_after=2022-07-27T00:00:00+00:00
[2022-07-26 19:07:42,924] {processor.py:161} INFO - Processing /home/osboxes/airflow/dags/dag_hand1.py took 0.070 seconds
[2022-07-26 19:08:14,885] {processor.py:153} INFO - Started process (PID=1927233) to work on /home/osboxes/airflow/dags/dag_hand1.py
[2022-07-26 19:08:14,886] {processor.py:641} INFO - Processing file /home/osboxes/airflow/dags/dag_hand1.py for tasks to queue
[2022-07-26 19:08:14,886] {logging_mixin.py:115} INFO - [2022-07-26 19:08:14,886] {dagbag.py:507} INFO - Filling up the DagBag from /home/osboxes/airflow/dags/dag_hand1.py
[2022-07-26 19:08:14,892] {processor.py:651} INFO - DAG(s) dict_keys(['Hands_pract_v1']) retrieved from /home/osboxes/airflow/dags/dag_hand1.py
[2022-07-26 19:08:14,908] {logging_mixin.py:115} INFO - [2022-07-26 19:08:14,908] {dag.py:2371} INFO - Sync 1 DAGs
[2022-07-26 19:08:14,928] {logging_mixin.py:115} INFO - [2022-07-26 19:08:14,927] {dag.py:2915} INFO - Setting next_dagrun for Hands_pract_v1 to 2022-07-26T00:00:00+00:00, run_after=2022-07-27T00:00:00+00:00
[2022-07-26 19:08:14,977] {processor.py:161} INFO - Processing /home/osboxes/airflow/dags/dag_hand1.py took 0.095 seconds
[2022-07-26 19:08:52,344] {processor.py:153} INFO - Started process (PID=1927538) to work on /home/osboxes/airflow/dags/dag_hand1.py
[2022-07-26 19:08:52,346] {processor.py:641} INFO - Processing file /home/osboxes/airflow/dags/dag_hand1.py for tasks to queue
[2022-07-26 19:08:52,346] {logging_mixin.py:115} INFO - [2022-07-26 19:08:52,346] {dagbag.py:507} INFO - Filling up the DagBag from /home/osboxes/airflow/dags/dag_hand1.py
[2022-07-26 19:08:52,353] {processor.py:651} INFO - DAG(s) dict_keys(['Hands_pract_v1']) retrieved from /home/osboxes/airflow/dags/dag_hand1.py
[2022-07-26 19:08:52,368] {logging_mixin.py:115} INFO - [2022-07-26 19:08:52,368] {dag.py:2371} INFO - Sync 1 DAGs
[2022-07-26 19:08:52,380] {logging_mixin.py:115} INFO - [2022-07-26 19:08:52,380] {dag.py:2915} INFO - Setting next_dagrun for Hands_pract_v1 to 2022-07-26T00:00:00+00:00, run_after=2022-07-27T00:00:00+00:00
[2022-07-26 19:08:52,409] {processor.py:161} INFO - Processing /home/osboxes/airflow/dags/dag_hand1.py took 0.067 seconds
[2022-07-26 19:09:26,599] {processor.py:153} INFO - Started process (PID=1927864) to work on /home/osboxes/airflow/dags/dag_hand1.py
[2022-07-26 19:09:26,602] {processor.py:641} INFO - Processing file /home/osboxes/airflow/dags/dag_hand1.py for tasks to queue
[2022-07-26 19:09:26,602] {logging_mixin.py:115} INFO - [2022-07-26 19:09:26,602] {dagbag.py:507} INFO - Filling up the DagBag from /home/osboxes/airflow/dags/dag_hand1.py
[2022-07-26 19:09:26,607] {processor.py:651} INFO - DAG(s) dict_keys(['Hands_pract_v1']) retrieved from /home/osboxes/airflow/dags/dag_hand1.py
[2022-07-26 19:09:26,623] {logging_mixin.py:115} INFO - [2022-07-26 19:09:26,623] {dag.py:2371} INFO - Sync 1 DAGs
[2022-07-26 19:09:26,636] {logging_mixin.py:115} INFO - [2022-07-26 19:09:26,636] {dag.py:2915} INFO - Setting next_dagrun for Hands_pract_v1 to 2022-07-26T00:00:00+00:00, run_after=2022-07-27T00:00:00+00:00
[2022-07-26 19:09:26,662] {processor.py:161} INFO - Processing /home/osboxes/airflow/dags/dag_hand1.py took 0.065 seconds
[2022-07-26 19:10:02,625] {processor.py:153} INFO - Started process (PID=1928152) to work on /home/osboxes/airflow/dags/dag_hand1.py
[2022-07-26 19:10:02,626] {processor.py:641} INFO - Processing file /home/osboxes/airflow/dags/dag_hand1.py for tasks to queue
[2022-07-26 19:10:02,627] {logging_mixin.py:115} INFO - [2022-07-26 19:10:02,627] {dagbag.py:507} INFO - Filling up the DagBag from /home/osboxes/airflow/dags/dag_hand1.py
[2022-07-26 19:10:02,631] {processor.py:651} INFO - DAG(s) dict_keys(['Hands_pract_v1']) retrieved from /home/osboxes/airflow/dags/dag_hand1.py
[2022-07-26 19:10:02,649] {logging_mixin.py:115} INFO - [2022-07-26 19:10:02,649] {dag.py:2371} INFO - Sync 1 DAGs
[2022-07-26 19:10:02,664] {logging_mixin.py:115} INFO - [2022-07-26 19:10:02,664] {dag.py:2915} INFO - Setting next_dagrun for Hands_pract_v1 to 2022-07-26T00:00:00+00:00, run_after=2022-07-27T00:00:00+00:00
[2022-07-26 19:10:02,694] {processor.py:161} INFO - Processing /home/osboxes/airflow/dags/dag_hand1.py took 0.072 seconds
[2022-07-26 19:10:38,742] {processor.py:153} INFO - Started process (PID=1928443) to work on /home/osboxes/airflow/dags/dag_hand1.py
[2022-07-26 19:10:38,744] {processor.py:641} INFO - Processing file /home/osboxes/airflow/dags/dag_hand1.py for tasks to queue
[2022-07-26 19:10:38,744] {logging_mixin.py:115} INFO - [2022-07-26 19:10:38,744] {dagbag.py:507} INFO - Filling up the DagBag from /home/osboxes/airflow/dags/dag_hand1.py
[2022-07-26 19:10:38,749] {processor.py:651} INFO - DAG(s) dict_keys(['Hands_pract_v1']) retrieved from /home/osboxes/airflow/dags/dag_hand1.py
[2022-07-26 19:10:38,764] {logging_mixin.py:115} INFO - [2022-07-26 19:10:38,764] {dag.py:2371} INFO - Sync 1 DAGs
[2022-07-26 19:10:38,778] {logging_mixin.py:115} INFO - [2022-07-26 19:10:38,778] {dag.py:2915} INFO - Setting next_dagrun for Hands_pract_v1 to 2022-07-26T00:00:00+00:00, run_after=2022-07-27T00:00:00+00:00
[2022-07-26 19:10:38,822] {processor.py:161} INFO - Processing /home/osboxes/airflow/dags/dag_hand1.py took 0.083 seconds
[2022-07-26 19:11:09,336] {processor.py:153} INFO - Started process (PID=1928698) to work on /home/osboxes/airflow/dags/dag_hand1.py
[2022-07-26 19:11:09,336] {processor.py:641} INFO - Processing file /home/osboxes/airflow/dags/dag_hand1.py for tasks to queue
[2022-07-26 19:11:09,337] {logging_mixin.py:115} INFO - [2022-07-26 19:11:09,337] {dagbag.py:507} INFO - Filling up the DagBag from /home/osboxes/airflow/dags/dag_hand1.py
[2022-07-26 19:11:09,341] {processor.py:651} INFO - DAG(s) dict_keys(['Hands_pract_v1']) retrieved from /home/osboxes/airflow/dags/dag_hand1.py
[2022-07-26 19:11:09,359] {logging_mixin.py:115} INFO - [2022-07-26 19:11:09,359] {dag.py:2371} INFO - Sync 1 DAGs
[2022-07-26 19:11:09,372] {logging_mixin.py:115} INFO - [2022-07-26 19:11:09,371] {dag.py:2915} INFO - Setting next_dagrun for Hands_pract_v1 to 2022-07-26T00:00:00+00:00, run_after=2022-07-27T00:00:00+00:00
[2022-07-26 19:11:09,405] {processor.py:161} INFO - Processing /home/osboxes/airflow/dags/dag_hand1.py took 0.072 seconds
[2022-07-26 19:11:42,388] {processor.py:153} INFO - Started process (PID=1928966) to work on /home/osboxes/airflow/dags/dag_hand1.py
[2022-07-26 19:11:42,389] {processor.py:641} INFO - Processing file /home/osboxes/airflow/dags/dag_hand1.py for tasks to queue
[2022-07-26 19:11:42,390] {logging_mixin.py:115} INFO - [2022-07-26 19:11:42,390] {dagbag.py:507} INFO - Filling up the DagBag from /home/osboxes/airflow/dags/dag_hand1.py
[2022-07-26 19:11:42,396] {processor.py:651} INFO - DAG(s) dict_keys(['Hands_pract_v1']) retrieved from /home/osboxes/airflow/dags/dag_hand1.py
[2022-07-26 19:11:42,412] {logging_mixin.py:115} INFO - [2022-07-26 19:11:42,412] {dag.py:2371} INFO - Sync 1 DAGs
[2022-07-26 19:11:42,425] {logging_mixin.py:115} INFO - [2022-07-26 19:11:42,425] {dag.py:2915} INFO - Setting next_dagrun for Hands_pract_v1 to 2022-07-26T00:00:00+00:00, run_after=2022-07-27T00:00:00+00:00
[2022-07-26 19:11:42,451] {processor.py:161} INFO - Processing /home/osboxes/airflow/dags/dag_hand1.py took 0.066 seconds
[2022-07-26 19:12:12,750] {processor.py:153} INFO - Started process (PID=1929210) to work on /home/osboxes/airflow/dags/dag_hand1.py
[2022-07-26 19:12:12,751] {processor.py:641} INFO - Processing file /home/osboxes/airflow/dags/dag_hand1.py for tasks to queue
[2022-07-26 19:12:12,752] {logging_mixin.py:115} INFO - [2022-07-26 19:12:12,752] {dagbag.py:507} INFO - Filling up the DagBag from /home/osboxes/airflow/dags/dag_hand1.py
[2022-07-26 19:12:12,758] {processor.py:651} INFO - DAG(s) dict_keys(['Hands_pract_v1']) retrieved from /home/osboxes/airflow/dags/dag_hand1.py
[2022-07-26 19:12:12,775] {logging_mixin.py:115} INFO - [2022-07-26 19:12:12,775] {dag.py:2371} INFO - Sync 1 DAGs
[2022-07-26 19:12:12,792] {logging_mixin.py:115} INFO - [2022-07-26 19:12:12,792] {dag.py:2915} INFO - Setting next_dagrun for Hands_pract_v1 to 2022-07-26T00:00:00+00:00, run_after=2022-07-27T00:00:00+00:00
[2022-07-26 19:12:12,816] {processor.py:161} INFO - Processing /home/osboxes/airflow/dags/dag_hand1.py took 0.069 seconds
[2022-07-26 19:12:42,895] {processor.py:153} INFO - Started process (PID=1929437) to work on /home/osboxes/airflow/dags/dag_hand1.py
[2022-07-26 19:12:42,895] {processor.py:641} INFO - Processing file /home/osboxes/airflow/dags/dag_hand1.py for tasks to queue
[2022-07-26 19:12:42,896] {logging_mixin.py:115} INFO - [2022-07-26 19:12:42,896] {dagbag.py:507} INFO - Filling up the DagBag from /home/osboxes/airflow/dags/dag_hand1.py
[2022-07-26 19:12:42,900] {processor.py:651} INFO - DAG(s) dict_keys(['Hands_pract_v1']) retrieved from /home/osboxes/airflow/dags/dag_hand1.py
[2022-07-26 19:12:42,916] {logging_mixin.py:115} INFO - [2022-07-26 19:12:42,916] {dag.py:2371} INFO - Sync 1 DAGs
[2022-07-26 19:12:42,930] {logging_mixin.py:115} INFO - [2022-07-26 19:12:42,930] {dag.py:2915} INFO - Setting next_dagrun for Hands_pract_v1 to 2022-07-26T00:00:00+00:00, run_after=2022-07-27T00:00:00+00:00
[2022-07-26 19:12:42,954] {processor.py:161} INFO - Processing /home/osboxes/airflow/dags/dag_hand1.py took 0.061 seconds
[2022-07-26 19:13:16,195] {processor.py:153} INFO - Started process (PID=1929709) to work on /home/osboxes/airflow/dags/dag_hand1.py
[2022-07-26 19:13:16,196] {processor.py:641} INFO - Processing file /home/osboxes/airflow/dags/dag_hand1.py for tasks to queue
[2022-07-26 19:13:16,196] {logging_mixin.py:115} INFO - [2022-07-26 19:13:16,196] {dagbag.py:507} INFO - Filling up the DagBag from /home/osboxes/airflow/dags/dag_hand1.py
[2022-07-26 19:13:16,202] {processor.py:651} INFO - DAG(s) dict_keys(['Hands_pract_v1']) retrieved from /home/osboxes/airflow/dags/dag_hand1.py
[2022-07-26 19:13:16,218] {logging_mixin.py:115} INFO - [2022-07-26 19:13:16,218] {dag.py:2371} INFO - Sync 1 DAGs
[2022-07-26 19:13:16,232] {logging_mixin.py:115} INFO - [2022-07-26 19:13:16,231] {dag.py:2915} INFO - Setting next_dagrun for Hands_pract_v1 to 2022-07-26T00:00:00+00:00, run_after=2022-07-27T00:00:00+00:00
[2022-07-26 19:13:16,267] {processor.py:161} INFO - Processing /home/osboxes/airflow/dags/dag_hand1.py took 0.074 seconds
[2022-07-26 19:13:48,205] {processor.py:153} INFO - Started process (PID=1929934) to work on /home/osboxes/airflow/dags/dag_hand1.py
[2022-07-26 19:13:48,206] {processor.py:641} INFO - Processing file /home/osboxes/airflow/dags/dag_hand1.py for tasks to queue
[2022-07-26 19:13:48,207] {logging_mixin.py:115} INFO - [2022-07-26 19:13:48,206] {dagbag.py:507} INFO - Filling up the DagBag from /home/osboxes/airflow/dags/dag_hand1.py
[2022-07-26 19:13:48,215] {processor.py:651} INFO - DAG(s) dict_keys(['Hands_pract_v1']) retrieved from /home/osboxes/airflow/dags/dag_hand1.py
[2022-07-26 19:13:48,257] {logging_mixin.py:115} INFO - [2022-07-26 19:13:48,257] {dag.py:2371} INFO - Sync 1 DAGs
[2022-07-26 19:13:48,279] {logging_mixin.py:115} INFO - [2022-07-26 19:13:48,278] {dag.py:2915} INFO - Setting next_dagrun for Hands_pract_v1 to 2022-07-26T00:00:00+00:00, run_after=2022-07-27T00:00:00+00:00
[2022-07-26 19:13:48,323] {processor.py:161} INFO - Processing /home/osboxes/airflow/dags/dag_hand1.py took 0.121 seconds
[2022-07-26 19:14:20,241] {processor.py:153} INFO - Started process (PID=1930203) to work on /home/osboxes/airflow/dags/dag_hand1.py
[2022-07-26 19:14:20,243] {processor.py:641} INFO - Processing file /home/osboxes/airflow/dags/dag_hand1.py for tasks to queue
[2022-07-26 19:14:20,243] {logging_mixin.py:115} INFO - [2022-07-26 19:14:20,243] {dagbag.py:507} INFO - Filling up the DagBag from /home/osboxes/airflow/dags/dag_hand1.py
[2022-07-26 19:14:20,249] {processor.py:651} INFO - DAG(s) dict_keys(['Hands_pract_v1']) retrieved from /home/osboxes/airflow/dags/dag_hand1.py
[2022-07-26 19:14:20,266] {logging_mixin.py:115} INFO - [2022-07-26 19:14:20,266] {dag.py:2371} INFO - Sync 1 DAGs
[2022-07-26 19:14:20,278] {logging_mixin.py:115} INFO - [2022-07-26 19:14:20,278] {dag.py:2915} INFO - Setting next_dagrun for Hands_pract_v1 to 2022-07-26T00:00:00+00:00, run_after=2022-07-27T00:00:00+00:00
[2022-07-26 19:14:20,306] {processor.py:161} INFO - Processing /home/osboxes/airflow/dags/dag_hand1.py took 0.068 seconds
[2022-07-26 19:14:58,180] {processor.py:153} INFO - Started process (PID=1930548) to work on /home/osboxes/airflow/dags/dag_hand1.py
[2022-07-26 19:14:58,182] {processor.py:641} INFO - Processing file /home/osboxes/airflow/dags/dag_hand1.py for tasks to queue
[2022-07-26 19:14:58,183] {logging_mixin.py:115} INFO - [2022-07-26 19:14:58,183] {dagbag.py:507} INFO - Filling up the DagBag from /home/osboxes/airflow/dags/dag_hand1.py
[2022-07-26 19:14:58,193] {processor.py:651} INFO - DAG(s) dict_keys(['Hands_pract_v1']) retrieved from /home/osboxes/airflow/dags/dag_hand1.py
[2022-07-26 19:14:58,217] {logging_mixin.py:115} INFO - [2022-07-26 19:14:58,217] {dag.py:2371} INFO - Sync 1 DAGs
[2022-07-26 19:14:58,242] {logging_mixin.py:115} INFO - [2022-07-26 19:14:58,241] {dag.py:2915} INFO - Setting next_dagrun for Hands_pract_v1 to 2022-07-26T00:00:00+00:00, run_after=2022-07-27T00:00:00+00:00
[2022-07-26 19:14:58,271] {processor.py:161} INFO - Processing /home/osboxes/airflow/dags/dag_hand1.py took 0.094 seconds
[2022-07-26 19:15:28,705] {processor.py:153} INFO - Started process (PID=1930775) to work on /home/osboxes/airflow/dags/dag_hand1.py
[2022-07-26 19:15:28,710] {processor.py:641} INFO - Processing file /home/osboxes/airflow/dags/dag_hand1.py for tasks to queue
[2022-07-26 19:15:28,711] {logging_mixin.py:115} INFO - [2022-07-26 19:15:28,711] {dagbag.py:507} INFO - Filling up the DagBag from /home/osboxes/airflow/dags/dag_hand1.py
[2022-07-26 19:15:28,743] {processor.py:651} INFO - DAG(s) dict_keys(['Hands_pract_v1']) retrieved from /home/osboxes/airflow/dags/dag_hand1.py
[2022-07-26 19:15:28,816] {logging_mixin.py:115} INFO - [2022-07-26 19:15:28,816] {dag.py:2371} INFO - Sync 1 DAGs
[2022-07-26 19:15:28,848] {logging_mixin.py:115} INFO - [2022-07-26 19:15:28,848] {dag.py:2915} INFO - Setting next_dagrun for Hands_pract_v1 to 2022-07-26T00:00:00+00:00, run_after=2022-07-27T00:00:00+00:00
[2022-07-26 19:15:28,907] {processor.py:161} INFO - Processing /home/osboxes/airflow/dags/dag_hand1.py took 0.206 seconds
[2022-07-26 19:16:06,716] {processor.py:153} INFO - Started process (PID=1931079) to work on /home/osboxes/airflow/dags/dag_hand1.py
[2022-07-26 19:16:06,719] {processor.py:641} INFO - Processing file /home/osboxes/airflow/dags/dag_hand1.py for tasks to queue
[2022-07-26 19:16:06,720] {logging_mixin.py:115} INFO - [2022-07-26 19:16:06,720] {dagbag.py:507} INFO - Filling up the DagBag from /home/osboxes/airflow/dags/dag_hand1.py
[2022-07-26 19:16:06,731] {processor.py:651} INFO - DAG(s) dict_keys(['Hands_pract_v1']) retrieved from /home/osboxes/airflow/dags/dag_hand1.py
[2022-07-26 19:16:06,779] {logging_mixin.py:115} INFO - [2022-07-26 19:16:06,779] {dag.py:2371} INFO - Sync 1 DAGs
[2022-07-26 19:16:06,819] {logging_mixin.py:115} INFO - [2022-07-26 19:16:06,819] {dag.py:2915} INFO - Setting next_dagrun for Hands_pract_v1 to 2022-07-26T00:00:00+00:00, run_after=2022-07-27T00:00:00+00:00
[2022-07-26 19:16:06,854] {processor.py:161} INFO - Processing /home/osboxes/airflow/dags/dag_hand1.py took 0.144 seconds
[2022-07-26 19:16:42,374] {processor.py:153} INFO - Started process (PID=1931345) to work on /home/osboxes/airflow/dags/dag_hand1.py
[2022-07-26 19:16:42,376] {processor.py:641} INFO - Processing file /home/osboxes/airflow/dags/dag_hand1.py for tasks to queue
[2022-07-26 19:16:42,377] {logging_mixin.py:115} INFO - [2022-07-26 19:16:42,377] {dagbag.py:507} INFO - Filling up the DagBag from /home/osboxes/airflow/dags/dag_hand1.py
[2022-07-26 19:16:42,382] {processor.py:651} INFO - DAG(s) dict_keys(['Hands_pract_v1']) retrieved from /home/osboxes/airflow/dags/dag_hand1.py
[2022-07-26 19:16:42,415] {logging_mixin.py:115} INFO - [2022-07-26 19:16:42,415] {dag.py:2371} INFO - Sync 1 DAGs
[2022-07-26 19:16:42,430] {logging_mixin.py:115} INFO - [2022-07-26 19:16:42,430] {dag.py:2915} INFO - Setting next_dagrun for Hands_pract_v1 to 2022-07-26T00:00:00+00:00, run_after=2022-07-27T00:00:00+00:00
[2022-07-26 19:16:42,454] {processor.py:161} INFO - Processing /home/osboxes/airflow/dags/dag_hand1.py took 0.082 seconds
[2022-07-26 19:17:13,763] {processor.py:153} INFO - Started process (PID=1931607) to work on /home/osboxes/airflow/dags/dag_hand1.py
[2022-07-26 19:17:13,763] {processor.py:641} INFO - Processing file /home/osboxes/airflow/dags/dag_hand1.py for tasks to queue
[2022-07-26 19:17:13,764] {logging_mixin.py:115} INFO - [2022-07-26 19:17:13,764] {dagbag.py:507} INFO - Filling up the DagBag from /home/osboxes/airflow/dags/dag_hand1.py
[2022-07-26 19:17:13,778] {processor.py:651} INFO - DAG(s) dict_keys(['Hands_pract_v1']) retrieved from /home/osboxes/airflow/dags/dag_hand1.py
[2022-07-26 19:17:13,809] {logging_mixin.py:115} INFO - [2022-07-26 19:17:13,809] {dag.py:2371} INFO - Sync 1 DAGs
[2022-07-26 19:17:13,839] {logging_mixin.py:115} INFO - [2022-07-26 19:17:13,839] {dag.py:2915} INFO - Setting next_dagrun for Hands_pract_v1 to 2022-07-26T00:00:00+00:00, run_after=2022-07-27T00:00:00+00:00
[2022-07-26 19:17:13,875] {processor.py:161} INFO - Processing /home/osboxes/airflow/dags/dag_hand1.py took 0.116 seconds
[2022-07-26 19:17:44,933] {processor.py:153} INFO - Started process (PID=1931852) to work on /home/osboxes/airflow/dags/dag_hand1.py
[2022-07-26 19:17:44,936] {processor.py:641} INFO - Processing file /home/osboxes/airflow/dags/dag_hand1.py for tasks to queue
[2022-07-26 19:17:44,937] {logging_mixin.py:115} INFO - [2022-07-26 19:17:44,937] {dagbag.py:507} INFO - Filling up the DagBag from /home/osboxes/airflow/dags/dag_hand1.py
[2022-07-26 19:17:44,942] {processor.py:651} INFO - DAG(s) dict_keys(['Hands_pract_v1']) retrieved from /home/osboxes/airflow/dags/dag_hand1.py
[2022-07-26 19:17:44,959] {logging_mixin.py:115} INFO - [2022-07-26 19:17:44,959] {dag.py:2371} INFO - Sync 1 DAGs
[2022-07-26 19:17:44,974] {logging_mixin.py:115} INFO - [2022-07-26 19:17:44,974] {dag.py:2915} INFO - Setting next_dagrun for Hands_pract_v1 to 2022-07-26T00:00:00+00:00, run_after=2022-07-27T00:00:00+00:00
[2022-07-26 19:17:45,001] {processor.py:161} INFO - Processing /home/osboxes/airflow/dags/dag_hand1.py took 0.071 seconds
[2022-07-26 19:18:20,263] {processor.py:153} INFO - Started process (PID=1932135) to work on /home/osboxes/airflow/dags/dag_hand1.py
[2022-07-26 19:18:20,264] {processor.py:641} INFO - Processing file /home/osboxes/airflow/dags/dag_hand1.py for tasks to queue
[2022-07-26 19:18:20,264] {logging_mixin.py:115} INFO - [2022-07-26 19:18:20,264] {dagbag.py:507} INFO - Filling up the DagBag from /home/osboxes/airflow/dags/dag_hand1.py
[2022-07-26 19:18:20,269] {processor.py:651} INFO - DAG(s) dict_keys(['Hands_pract_v1']) retrieved from /home/osboxes/airflow/dags/dag_hand1.py
[2022-07-26 19:18:20,286] {logging_mixin.py:115} INFO - [2022-07-26 19:18:20,286] {dag.py:2371} INFO - Sync 1 DAGs
[2022-07-26 19:18:20,299] {logging_mixin.py:115} INFO - [2022-07-26 19:18:20,299] {dag.py:2915} INFO - Setting next_dagrun for Hands_pract_v1 to 2022-07-26T00:00:00+00:00, run_after=2022-07-27T00:00:00+00:00
[2022-07-26 19:18:20,325] {processor.py:161} INFO - Processing /home/osboxes/airflow/dags/dag_hand1.py took 0.065 seconds
[2022-07-26 19:18:54,575] {processor.py:153} INFO - Started process (PID=1932403) to work on /home/osboxes/airflow/dags/dag_hand1.py
[2022-07-26 19:18:54,578] {processor.py:641} INFO - Processing file /home/osboxes/airflow/dags/dag_hand1.py for tasks to queue
[2022-07-26 19:18:54,579] {logging_mixin.py:115} INFO - [2022-07-26 19:18:54,579] {dagbag.py:507} INFO - Filling up the DagBag from /home/osboxes/airflow/dags/dag_hand1.py
[2022-07-26 19:18:54,584] {processor.py:651} INFO - DAG(s) dict_keys(['Hands_pract_v1']) retrieved from /home/osboxes/airflow/dags/dag_hand1.py
[2022-07-26 19:18:54,601] {logging_mixin.py:115} INFO - [2022-07-26 19:18:54,601] {dag.py:2371} INFO - Sync 1 DAGs
[2022-07-26 19:18:54,615] {logging_mixin.py:115} INFO - [2022-07-26 19:18:54,615] {dag.py:2915} INFO - Setting next_dagrun for Hands_pract_v1 to 2022-07-26T00:00:00+00:00, run_after=2022-07-27T00:00:00+00:00
[2022-07-26 19:18:54,641] {processor.py:161} INFO - Processing /home/osboxes/airflow/dags/dag_hand1.py took 0.068 seconds
[2022-07-26 19:19:24,957] {processor.py:153} INFO - Started process (PID=1932684) to work on /home/osboxes/airflow/dags/dag_hand1.py
[2022-07-26 19:19:24,957] {processor.py:641} INFO - Processing file /home/osboxes/airflow/dags/dag_hand1.py for tasks to queue
[2022-07-26 19:19:24,958] {logging_mixin.py:115} INFO - [2022-07-26 19:19:24,958] {dagbag.py:507} INFO - Filling up the DagBag from /home/osboxes/airflow/dags/dag_hand1.py
[2022-07-26 19:19:24,963] {processor.py:651} INFO - DAG(s) dict_keys(['Hands_pract_v1']) retrieved from /home/osboxes/airflow/dags/dag_hand1.py
[2022-07-26 19:19:24,986] {logging_mixin.py:115} INFO - [2022-07-26 19:19:24,986] {dag.py:2371} INFO - Sync 1 DAGs
[2022-07-26 19:19:25,028] {logging_mixin.py:115} INFO - [2022-07-26 19:19:25,028] {dag.py:2915} INFO - Setting next_dagrun for Hands_pract_v1 to 2022-07-26T00:00:00+00:00, run_after=2022-07-27T00:00:00+00:00
[2022-07-26 19:19:25,079] {processor.py:161} INFO - Processing /home/osboxes/airflow/dags/dag_hand1.py took 0.125 seconds
[2022-07-26 19:19:55,430] {processor.py:153} INFO - Started process (PID=1932940) to work on /home/osboxes/airflow/dags/dag_hand1.py
[2022-07-26 19:19:55,433] {processor.py:641} INFO - Processing file /home/osboxes/airflow/dags/dag_hand1.py for tasks to queue
[2022-07-26 19:19:55,434] {logging_mixin.py:115} INFO - [2022-07-26 19:19:55,434] {dagbag.py:507} INFO - Filling up the DagBag from /home/osboxes/airflow/dags/dag_hand1.py
[2022-07-26 19:19:55,440] {processor.py:651} INFO - DAG(s) dict_keys(['Hands_pract_v1']) retrieved from /home/osboxes/airflow/dags/dag_hand1.py
[2022-07-26 19:19:55,463] {logging_mixin.py:115} INFO - [2022-07-26 19:19:55,463] {dag.py:2371} INFO - Sync 1 DAGs
[2022-07-26 19:19:55,486] {logging_mixin.py:115} INFO - [2022-07-26 19:19:55,485] {dag.py:2915} INFO - Setting next_dagrun for Hands_pract_v1 to 2022-07-26T00:00:00+00:00, run_after=2022-07-27T00:00:00+00:00
[2022-07-26 19:19:55,524] {processor.py:161} INFO - Processing /home/osboxes/airflow/dags/dag_hand1.py took 0.097 seconds
[2022-07-26 19:20:35,808] {processor.py:153} INFO - Started process (PID=1933239) to work on /home/osboxes/airflow/dags/dag_hand1.py
[2022-07-26 19:20:35,810] {processor.py:641} INFO - Processing file /home/osboxes/airflow/dags/dag_hand1.py for tasks to queue
[2022-07-26 19:20:35,811] {logging_mixin.py:115} INFO - [2022-07-26 19:20:35,811] {dagbag.py:507} INFO - Filling up the DagBag from /home/osboxes/airflow/dags/dag_hand1.py
[2022-07-26 19:20:35,816] {processor.py:651} INFO - DAG(s) dict_keys(['Hands_pract_v1']) retrieved from /home/osboxes/airflow/dags/dag_hand1.py
[2022-07-26 19:20:35,832] {logging_mixin.py:115} INFO - [2022-07-26 19:20:35,832] {dag.py:2371} INFO - Sync 1 DAGs
[2022-07-26 19:20:35,845] {logging_mixin.py:115} INFO - [2022-07-26 19:20:35,845] {dag.py:2915} INFO - Setting next_dagrun for Hands_pract_v1 to 2022-07-26T00:00:00+00:00, run_after=2022-07-27T00:00:00+00:00
[2022-07-26 19:20:35,874] {processor.py:161} INFO - Processing /home/osboxes/airflow/dags/dag_hand1.py took 0.067 seconds
[2022-07-26 19:21:06,690] {processor.py:153} INFO - Started process (PID=1933479) to work on /home/osboxes/airflow/dags/dag_hand1.py
[2022-07-26 19:21:06,691] {processor.py:641} INFO - Processing file /home/osboxes/airflow/dags/dag_hand1.py for tasks to queue
[2022-07-26 19:21:06,692] {logging_mixin.py:115} INFO - [2022-07-26 19:21:06,692] {dagbag.py:507} INFO - Filling up the DagBag from /home/osboxes/airflow/dags/dag_hand1.py
[2022-07-26 19:21:06,697] {processor.py:651} INFO - DAG(s) dict_keys(['Hands_pract_v1']) retrieved from /home/osboxes/airflow/dags/dag_hand1.py
[2022-07-26 19:21:06,718] {logging_mixin.py:115} INFO - [2022-07-26 19:21:06,718] {dag.py:2371} INFO - Sync 1 DAGs
[2022-07-26 19:21:06,739] {logging_mixin.py:115} INFO - [2022-07-26 19:21:06,739] {dag.py:2915} INFO - Setting next_dagrun for Hands_pract_v1 to 2022-07-26T00:00:00+00:00, run_after=2022-07-27T00:00:00+00:00
[2022-07-26 19:21:06,771] {processor.py:161} INFO - Processing /home/osboxes/airflow/dags/dag_hand1.py took 0.084 seconds
[2022-07-26 19:21:45,564] {processor.py:153} INFO - Started process (PID=1933785) to work on /home/osboxes/airflow/dags/dag_hand1.py
[2022-07-26 19:21:45,566] {processor.py:641} INFO - Processing file /home/osboxes/airflow/dags/dag_hand1.py for tasks to queue
[2022-07-26 19:21:45,567] {logging_mixin.py:115} INFO - [2022-07-26 19:21:45,567] {dagbag.py:507} INFO - Filling up the DagBag from /home/osboxes/airflow/dags/dag_hand1.py
[2022-07-26 19:21:45,573] {processor.py:651} INFO - DAG(s) dict_keys(['Hands_pract_v1']) retrieved from /home/osboxes/airflow/dags/dag_hand1.py
[2022-07-26 19:21:45,615] {logging_mixin.py:115} INFO - [2022-07-26 19:21:45,615] {dag.py:2371} INFO - Sync 1 DAGs
[2022-07-26 19:21:45,651] {logging_mixin.py:115} INFO - [2022-07-26 19:21:45,643] {dag.py:2915} INFO - Setting next_dagrun for Hands_pract_v1 to 2022-07-26T00:00:00+00:00, run_after=2022-07-27T00:00:00+00:00
[2022-07-26 19:21:45,748] {processor.py:161} INFO - Processing /home/osboxes/airflow/dags/dag_hand1.py took 0.186 seconds
[2022-07-26 19:22:23,563] {processor.py:153} INFO - Started process (PID=1934069) to work on /home/osboxes/airflow/dags/dag_hand1.py
[2022-07-26 19:22:23,565] {processor.py:641} INFO - Processing file /home/osboxes/airflow/dags/dag_hand1.py for tasks to queue
[2022-07-26 19:22:23,565] {logging_mixin.py:115} INFO - [2022-07-26 19:22:23,565] {dagbag.py:507} INFO - Filling up the DagBag from /home/osboxes/airflow/dags/dag_hand1.py
[2022-07-26 19:22:23,571] {processor.py:651} INFO - DAG(s) dict_keys(['Hands_pract_v1']) retrieved from /home/osboxes/airflow/dags/dag_hand1.py
[2022-07-26 19:22:23,588] {logging_mixin.py:115} INFO - [2022-07-26 19:22:23,588] {dag.py:2371} INFO - Sync 1 DAGs
[2022-07-26 19:22:23,603] {logging_mixin.py:115} INFO - [2022-07-26 19:22:23,603] {dag.py:2915} INFO - Setting next_dagrun for Hands_pract_v1 to 2022-07-26T00:00:00+00:00, run_after=2022-07-27T00:00:00+00:00
[2022-07-26 19:22:23,631] {processor.py:161} INFO - Processing /home/osboxes/airflow/dags/dag_hand1.py took 0.073 seconds
[2022-07-26 19:22:53,937] {processor.py:153} INFO - Started process (PID=1934326) to work on /home/osboxes/airflow/dags/dag_hand1.py
[2022-07-26 19:22:53,938] {processor.py:641} INFO - Processing file /home/osboxes/airflow/dags/dag_hand1.py for tasks to queue
[2022-07-26 19:22:53,938] {logging_mixin.py:115} INFO - [2022-07-26 19:22:53,938] {dagbag.py:507} INFO - Filling up the DagBag from /home/osboxes/airflow/dags/dag_hand1.py
[2022-07-26 19:22:53,944] {processor.py:651} INFO - DAG(s) dict_keys(['Hands_pract_v1']) retrieved from /home/osboxes/airflow/dags/dag_hand1.py
[2022-07-26 19:22:53,963] {logging_mixin.py:115} INFO - [2022-07-26 19:22:53,963] {dag.py:2371} INFO - Sync 1 DAGs
[2022-07-26 19:22:53,977] {logging_mixin.py:115} INFO - [2022-07-26 19:22:53,976] {dag.py:2915} INFO - Setting next_dagrun for Hands_pract_v1 to 2022-07-26T00:00:00+00:00, run_after=2022-07-27T00:00:00+00:00
[2022-07-26 19:22:54,001] {processor.py:161} INFO - Processing /home/osboxes/airflow/dags/dag_hand1.py took 0.066 seconds
[2022-07-26 19:23:27,789] {processor.py:153} INFO - Started process (PID=1934590) to work on /home/osboxes/airflow/dags/dag_hand1.py
[2022-07-26 19:23:27,792] {processor.py:641} INFO - Processing file /home/osboxes/airflow/dags/dag_hand1.py for tasks to queue
[2022-07-26 19:23:27,792] {logging_mixin.py:115} INFO - [2022-07-26 19:23:27,792] {dagbag.py:507} INFO - Filling up the DagBag from /home/osboxes/airflow/dags/dag_hand1.py
[2022-07-26 19:23:27,807] {processor.py:651} INFO - DAG(s) dict_keys(['Hands_pract_v1']) retrieved from /home/osboxes/airflow/dags/dag_hand1.py
[2022-07-26 19:23:27,823] {logging_mixin.py:115} INFO - [2022-07-26 19:23:27,823] {dag.py:2371} INFO - Sync 1 DAGs
[2022-07-26 19:23:27,839] {logging_mixin.py:115} INFO - [2022-07-26 19:23:27,839] {dag.py:2915} INFO - Setting next_dagrun for Hands_pract_v1 to 2022-07-26T00:00:00+00:00, run_after=2022-07-27T00:00:00+00:00
[2022-07-26 19:23:27,864] {processor.py:161} INFO - Processing /home/osboxes/airflow/dags/dag_hand1.py took 0.078 seconds
[2022-07-26 19:23:58,561] {processor.py:153} INFO - Started process (PID=1934832) to work on /home/osboxes/airflow/dags/dag_hand1.py
[2022-07-26 19:23:58,562] {processor.py:641} INFO - Processing file /home/osboxes/airflow/dags/dag_hand1.py for tasks to queue
[2022-07-26 19:23:58,562] {logging_mixin.py:115} INFO - [2022-07-26 19:23:58,562] {dagbag.py:507} INFO - Filling up the DagBag from /home/osboxes/airflow/dags/dag_hand1.py
[2022-07-26 19:23:58,567] {processor.py:651} INFO - DAG(s) dict_keys(['Hands_pract_v1']) retrieved from /home/osboxes/airflow/dags/dag_hand1.py
[2022-07-26 19:23:58,583] {logging_mixin.py:115} INFO - [2022-07-26 19:23:58,583] {dag.py:2371} INFO - Sync 1 DAGs
[2022-07-26 19:23:58,595] {logging_mixin.py:115} INFO - [2022-07-26 19:23:58,595] {dag.py:2915} INFO - Setting next_dagrun for Hands_pract_v1 to 2022-07-26T00:00:00+00:00, run_after=2022-07-27T00:00:00+00:00
[2022-07-26 19:23:58,623] {processor.py:161} INFO - Processing /home/osboxes/airflow/dags/dag_hand1.py took 0.064 seconds
