[2022-08-11 22:48:18,383] {taskinstance.py:1159} INFO - Dependencies all met for <TaskInstance: nse_daily_data_load.old_files_clear manual__2022-08-12T02:46:13.868910+00:00 [queued]>
[2022-08-11 22:48:18,389] {taskinstance.py:1159} INFO - Dependencies all met for <TaskInstance: nse_daily_data_load.old_files_clear manual__2022-08-12T02:46:13.868910+00:00 [queued]>
[2022-08-11 22:48:18,409] {taskinstance.py:1356} INFO - 
--------------------------------------------------------------------------------
[2022-08-11 22:48:18,409] {taskinstance.py:1357} INFO - Starting attempt 2 of 2
[2022-08-11 22:48:18,410] {taskinstance.py:1358} INFO - 
--------------------------------------------------------------------------------
[2022-08-11 22:48:18,478] {taskinstance.py:1377} INFO - Executing <Task(PythonOperator): old_files_clear> on 2022-08-12 02:46:13.868910+00:00
[2022-08-11 22:48:18,545] {standard_task_runner.py:79} INFO - Running: ['airflow', 'tasks', 'run', 'nse_daily_data_load', 'old_files_clear', 'manual__2022-08-12T02:46:13.868910+00:00', '--job-id', '266', '--raw', '--subdir', 'DAGS_FOLDER/nse_daily_load_stg.py', '--cfg-path', '/tmp/tmppbgu39l5', '--error-file', '/tmp/tmpcuszc44k']
[2022-08-11 22:48:18,576] {standard_task_runner.py:52} INFO - Started process 32802 to run task
[2022-08-11 22:48:18,605] {standard_task_runner.py:80} INFO - Job 266: Subtask old_files_clear
[2022-08-11 22:48:18,861] {task_command.py:369} INFO - Running <TaskInstance: nse_daily_data_load.old_files_clear manual__2022-08-12T02:46:13.868910+00:00 [running]> on host osboxes
[2022-08-11 22:48:19,101] {taskinstance.py:1569} INFO - Exporting the following env vars:
AIRFLOW_CTX_DAG_OWNER=Airflow
AIRFLOW_CTX_DAG_ID=nse_daily_data_load
AIRFLOW_CTX_TASK_ID=old_files_clear
AIRFLOW_CTX_EXECUTION_DATE=2022-08-12T02:46:13.868910+00:00
AIRFLOW_CTX_TRY_NUMBER=2
AIRFLOW_CTX_DAG_RUN_ID=manual__2022-08-12T02:46:13.868910+00:00
[2022-08-11 22:48:19,106] {logging_mixin.py:115} INFO - 2022-08-11
[2022-08-11 22:48:19,107] {logging_mixin.py:115} INFO - ['cm29JUL2022bhav.csv.zip', 'cm03AUG2022bhav.csv (3).zip', 'cm01AUG2022bhav.csv (3).zip', 'cm28JUL2022bhav.csv (3).zip', 'cm29JUL2022bhav.csv (9).zip', '.env', 'cm10AUG2022bhav.csv (1).zip', 'cm28JUL2022bhav.csv (2).zip', 'cm01AUG2022bhav.csv (1).zip', 'cm28JUL2022bhav.csv (1).zip', 'airflow.cfg', 'dags', 'cm27JUL2022bhav.csv (2).zip', 'cm29JUL2022bhav.csv (3).zip', 'cm08AUG2022bhav.csv (1).zip', 'cm29JUL2022bhav.csv (7).zip', 'cm04AUG2022bhav.csv (1).zip', 'cm05AUG2022bhav.csv (1).zip', 'plugins', 'logs', 'cm25JUL2022bhav.csv (2).zip', 'cm25JUL2022bhav.csv (1).zip', 'webserver_config.py', 'cm02AUG2022bhav.csv (3).zip', 'cm29JUL2022bhav.csv (6).zip', 'README.md', 'cm02AUG2022bhav.csv (1).zip', 'cm26JUL2022bhav.csv (3).zip', '.git', 'cm27JUL2022bhav.csv (1).zip', 'cm26JUL2022bhav.csv (1).zip', 'docker-compose.yml', 'cm11AUG2022bhav.csv (1).zip', 'airflow.db', 'cm04AUG2022bhav.csv (2).zip', 'airflow-webserver.pid', 'cm27JUL2022bhav.csv (3).zip', 'cm02AUG2022bhav.csv (2).zip', 'cm29JUL2022bhav.csv (1).zip', 'cm03AUG2022bhav.csv (2).zip', 'cm29JUL2022bhav.csv (2).zip', 'cm26JUL2022bhav.csv (2).zip', 'cm29JUL2022bhav.csv (4).zip', 'cm29JUL2022bhav.csv (8).zip', 'cm05AUG2022bhav.csv (2).zip', 'cm03AUG2022bhav.csv (1).zip', 'cm01AUG2022bhav.csv (2).zip', 'cm29JUL2022bhav.csv (5).zip', 'cm25JUL2022bhav.csv (3).zip'] get current directory
[2022-08-11 22:48:19,107] {logging_mixin.py:115} INFO - Testin ------------- <module 'posixpath' from '/usr/lib/python3.8/posixpath.py'> ------- /home/osboxes/airflow/dags
[2022-08-11 22:48:19,107] {logging_mixin.py:115} INFO - cm29JUL2022bhav.csv.zip file1 ====== /home/osboxes/airflow/dags
[2022-08-11 22:48:19,108] {logging_mixin.py:115} INFO - /home/osboxes/airflow/dags/cm29JUL2022bhav.csv.zip 
 error identified [Errno 2] No such file or directory: '/home/osboxes/airflow/dags/cm29JUL2022bhav.csv.zip'
[2022-08-11 22:48:19,108] {logging_mixin.py:115} INFO - cm03AUG2022bhav.csv (3).zip file1 ====== /home/osboxes/airflow/dags
[2022-08-11 22:48:19,108] {logging_mixin.py:115} INFO - /home/osboxes/airflow/dags/cm03AUG2022bhav.csv (3).zip 
 error identified [Errno 2] No such file or directory: '/home/osboxes/airflow/dags/cm03AUG2022bhav.csv (3).zip'
[2022-08-11 22:48:19,109] {logging_mixin.py:115} INFO - cm01AUG2022bhav.csv (3).zip file1 ====== /home/osboxes/airflow/dags
[2022-08-11 22:48:19,109] {logging_mixin.py:115} INFO - /home/osboxes/airflow/dags/cm01AUG2022bhav.csv (3).zip 
 error identified [Errno 2] No such file or directory: '/home/osboxes/airflow/dags/cm01AUG2022bhav.csv (3).zip'
[2022-08-11 22:48:19,109] {logging_mixin.py:115} INFO - cm28JUL2022bhav.csv (3).zip file1 ====== /home/osboxes/airflow/dags
[2022-08-11 22:48:19,109] {logging_mixin.py:115} INFO - /home/osboxes/airflow/dags/cm28JUL2022bhav.csv (3).zip 
 error identified [Errno 2] No such file or directory: '/home/osboxes/airflow/dags/cm28JUL2022bhav.csv (3).zip'
[2022-08-11 22:48:19,116] {logging_mixin.py:115} INFO - cm29JUL2022bhav.csv (9).zip file1 ====== /home/osboxes/airflow/dags
[2022-08-11 22:48:19,117] {logging_mixin.py:115} INFO - /home/osboxes/airflow/dags/cm29JUL2022bhav.csv (9).zip 
 error identified [Errno 2] No such file or directory: '/home/osboxes/airflow/dags/cm29JUL2022bhav.csv (9).zip'
[2022-08-11 22:48:19,117] {logging_mixin.py:115} INFO - cm10AUG2022bhav.csv (1).zip file1 ====== /home/osboxes/airflow/dags
[2022-08-11 22:48:19,118] {logging_mixin.py:115} INFO - /home/osboxes/airflow/dags/cm10AUG2022bhav.csv (1).zip 
 error identified [Errno 2] No such file or directory: '/home/osboxes/airflow/dags/cm10AUG2022bhav.csv (1).zip'
[2022-08-11 22:48:19,118] {logging_mixin.py:115} INFO - cm28JUL2022bhav.csv (2).zip file1 ====== /home/osboxes/airflow/dags
[2022-08-11 22:48:19,124] {logging_mixin.py:115} INFO - /home/osboxes/airflow/dags/cm28JUL2022bhav.csv (2).zip 
 error identified [Errno 2] No such file or directory: '/home/osboxes/airflow/dags/cm28JUL2022bhav.csv (2).zip'
[2022-08-11 22:48:19,134] {logging_mixin.py:115} INFO - cm01AUG2022bhav.csv (1).zip file1 ====== /home/osboxes/airflow/dags
[2022-08-11 22:48:19,134] {logging_mixin.py:115} INFO - /home/osboxes/airflow/dags/cm01AUG2022bhav.csv (1).zip 
 error identified [Errno 2] No such file or directory: '/home/osboxes/airflow/dags/cm01AUG2022bhav.csv (1).zip'
[2022-08-11 22:48:19,134] {logging_mixin.py:115} INFO - cm28JUL2022bhav.csv (1).zip file1 ====== /home/osboxes/airflow/dags
[2022-08-11 22:48:19,134] {logging_mixin.py:115} INFO - /home/osboxes/airflow/dags/cm28JUL2022bhav.csv (1).zip 
 error identified [Errno 2] No such file or directory: '/home/osboxes/airflow/dags/cm28JUL2022bhav.csv (1).zip'
[2022-08-11 22:48:19,135] {logging_mixin.py:115} INFO - cm27JUL2022bhav.csv (2).zip file1 ====== /home/osboxes/airflow/dags
[2022-08-11 22:48:19,135] {logging_mixin.py:115} INFO - /home/osboxes/airflow/dags/cm27JUL2022bhav.csv (2).zip 
 error identified [Errno 2] No such file or directory: '/home/osboxes/airflow/dags/cm27JUL2022bhav.csv (2).zip'
[2022-08-11 22:48:19,135] {logging_mixin.py:115} INFO - cm29JUL2022bhav.csv (3).zip file1 ====== /home/osboxes/airflow/dags
[2022-08-11 22:48:19,135] {logging_mixin.py:115} INFO - /home/osboxes/airflow/dags/cm29JUL2022bhav.csv (3).zip 
 error identified [Errno 2] No such file or directory: '/home/osboxes/airflow/dags/cm29JUL2022bhav.csv (3).zip'
[2022-08-11 22:48:19,135] {logging_mixin.py:115} INFO - cm08AUG2022bhav.csv (1).zip file1 ====== /home/osboxes/airflow/dags
[2022-08-11 22:48:19,135] {logging_mixin.py:115} INFO - /home/osboxes/airflow/dags/cm08AUG2022bhav.csv (1).zip 
 error identified [Errno 2] No such file or directory: '/home/osboxes/airflow/dags/cm08AUG2022bhav.csv (1).zip'
[2022-08-11 22:48:19,135] {logging_mixin.py:115} INFO - cm29JUL2022bhav.csv (7).zip file1 ====== /home/osboxes/airflow/dags
[2022-08-11 22:48:19,135] {logging_mixin.py:115} INFO - /home/osboxes/airflow/dags/cm29JUL2022bhav.csv (7).zip 
 error identified [Errno 2] No such file or directory: '/home/osboxes/airflow/dags/cm29JUL2022bhav.csv (7).zip'
[2022-08-11 22:48:19,135] {logging_mixin.py:115} INFO - cm04AUG2022bhav.csv (1).zip file1 ====== /home/osboxes/airflow/dags
[2022-08-11 22:48:19,135] {logging_mixin.py:115} INFO - /home/osboxes/airflow/dags/cm04AUG2022bhav.csv (1).zip 
 error identified [Errno 2] No such file or directory: '/home/osboxes/airflow/dags/cm04AUG2022bhav.csv (1).zip'
[2022-08-11 22:48:19,135] {logging_mixin.py:115} INFO - cm05AUG2022bhav.csv (1).zip file1 ====== /home/osboxes/airflow/dags
[2022-08-11 22:48:19,136] {logging_mixin.py:115} INFO - /home/osboxes/airflow/dags/cm05AUG2022bhav.csv (1).zip 
 error identified [Errno 2] No such file or directory: '/home/osboxes/airflow/dags/cm05AUG2022bhav.csv (1).zip'
[2022-08-11 22:48:19,136] {logging_mixin.py:115} INFO - cm25JUL2022bhav.csv (2).zip file1 ====== /home/osboxes/airflow/dags
[2022-08-11 22:48:19,136] {logging_mixin.py:115} INFO - /home/osboxes/airflow/dags/cm25JUL2022bhav.csv (2).zip 
 error identified [Errno 2] No such file or directory: '/home/osboxes/airflow/dags/cm25JUL2022bhav.csv (2).zip'
[2022-08-11 22:48:19,136] {logging_mixin.py:115} INFO - cm25JUL2022bhav.csv (1).zip file1 ====== /home/osboxes/airflow/dags
[2022-08-11 22:48:19,136] {logging_mixin.py:115} INFO - /home/osboxes/airflow/dags/cm25JUL2022bhav.csv (1).zip 
 error identified [Errno 2] No such file or directory: '/home/osboxes/airflow/dags/cm25JUL2022bhav.csv (1).zip'
[2022-08-11 22:48:19,136] {logging_mixin.py:115} INFO - cm02AUG2022bhav.csv (3).zip file1 ====== /home/osboxes/airflow/dags
[2022-08-11 22:48:19,138] {logging_mixin.py:115} INFO - /home/osboxes/airflow/dags/cm02AUG2022bhav.csv (3).zip 
 error identified [Errno 2] No such file or directory: '/home/osboxes/airflow/dags/cm02AUG2022bhav.csv (3).zip'
[2022-08-11 22:48:19,154] {logging_mixin.py:115} INFO - cm29JUL2022bhav.csv (6).zip file1 ====== /home/osboxes/airflow/dags
[2022-08-11 22:48:19,155] {logging_mixin.py:115} INFO - /home/osboxes/airflow/dags/cm29JUL2022bhav.csv (6).zip 
 error identified [Errno 2] No such file or directory: '/home/osboxes/airflow/dags/cm29JUL2022bhav.csv (6).zip'
[2022-08-11 22:48:19,156] {logging_mixin.py:115} INFO - cm02AUG2022bhav.csv (1).zip file1 ====== /home/osboxes/airflow/dags
[2022-08-11 22:48:19,156] {logging_mixin.py:115} INFO - /home/osboxes/airflow/dags/cm02AUG2022bhav.csv (1).zip 
 error identified [Errno 2] No such file or directory: '/home/osboxes/airflow/dags/cm02AUG2022bhav.csv (1).zip'
[2022-08-11 22:48:19,156] {logging_mixin.py:115} INFO - cm26JUL2022bhav.csv (3).zip file1 ====== /home/osboxes/airflow/dags
[2022-08-11 22:48:19,156] {logging_mixin.py:115} INFO - /home/osboxes/airflow/dags/cm26JUL2022bhav.csv (3).zip 
 error identified [Errno 2] No such file or directory: '/home/osboxes/airflow/dags/cm26JUL2022bhav.csv (3).zip'
[2022-08-11 22:48:19,157] {logging_mixin.py:115} INFO - cm27JUL2022bhav.csv (1).zip file1 ====== /home/osboxes/airflow/dags
[2022-08-11 22:48:19,157] {logging_mixin.py:115} INFO - /home/osboxes/airflow/dags/cm27JUL2022bhav.csv (1).zip 
 error identified [Errno 2] No such file or directory: '/home/osboxes/airflow/dags/cm27JUL2022bhav.csv (1).zip'
[2022-08-11 22:48:19,157] {logging_mixin.py:115} INFO - cm26JUL2022bhav.csv (1).zip file1 ====== /home/osboxes/airflow/dags
[2022-08-11 22:48:19,157] {logging_mixin.py:115} INFO - /home/osboxes/airflow/dags/cm26JUL2022bhav.csv (1).zip 
 error identified [Errno 2] No such file or directory: '/home/osboxes/airflow/dags/cm26JUL2022bhav.csv (1).zip'
[2022-08-11 22:48:19,158] {logging_mixin.py:115} INFO - cm11AUG2022bhav.csv (1).zip file1 ====== /home/osboxes/airflow/dags
[2022-08-11 22:48:19,158] {logging_mixin.py:115} INFO - /home/osboxes/airflow/dags/cm11AUG2022bhav.csv (1).zip 
 error identified [Errno 2] No such file or directory: '/home/osboxes/airflow/dags/cm11AUG2022bhav.csv (1).zip'
[2022-08-11 22:48:19,158] {logging_mixin.py:115} INFO - cm04AUG2022bhav.csv (2).zip file1 ====== /home/osboxes/airflow/dags
[2022-08-11 22:48:19,158] {logging_mixin.py:115} INFO - /home/osboxes/airflow/dags/cm04AUG2022bhav.csv (2).zip 
 error identified [Errno 2] No such file or directory: '/home/osboxes/airflow/dags/cm04AUG2022bhav.csv (2).zip'
[2022-08-11 22:48:19,159] {logging_mixin.py:115} INFO - cm27JUL2022bhav.csv (3).zip file1 ====== /home/osboxes/airflow/dags
[2022-08-11 22:48:19,159] {logging_mixin.py:115} INFO - /home/osboxes/airflow/dags/cm27JUL2022bhav.csv (3).zip 
 error identified [Errno 2] No such file or directory: '/home/osboxes/airflow/dags/cm27JUL2022bhav.csv (3).zip'
[2022-08-11 22:48:19,159] {logging_mixin.py:115} INFO - cm02AUG2022bhav.csv (2).zip file1 ====== /home/osboxes/airflow/dags
[2022-08-11 22:48:19,159] {logging_mixin.py:115} INFO - /home/osboxes/airflow/dags/cm02AUG2022bhav.csv (2).zip 
 error identified [Errno 2] No such file or directory: '/home/osboxes/airflow/dags/cm02AUG2022bhav.csv (2).zip'
[2022-08-11 22:48:19,160] {logging_mixin.py:115} INFO - cm29JUL2022bhav.csv (1).zip file1 ====== /home/osboxes/airflow/dags
[2022-08-11 22:48:19,160] {logging_mixin.py:115} INFO - /home/osboxes/airflow/dags/cm29JUL2022bhav.csv (1).zip 
 error identified [Errno 2] No such file or directory: '/home/osboxes/airflow/dags/cm29JUL2022bhav.csv (1).zip'
[2022-08-11 22:48:19,160] {logging_mixin.py:115} INFO - cm03AUG2022bhav.csv (2).zip file1 ====== /home/osboxes/airflow/dags
[2022-08-11 22:48:19,160] {logging_mixin.py:115} INFO - /home/osboxes/airflow/dags/cm03AUG2022bhav.csv (2).zip 
 error identified [Errno 2] No such file or directory: '/home/osboxes/airflow/dags/cm03AUG2022bhav.csv (2).zip'
[2022-08-11 22:48:19,161] {logging_mixin.py:115} INFO - cm29JUL2022bhav.csv (2).zip file1 ====== /home/osboxes/airflow/dags
[2022-08-11 22:48:19,161] {logging_mixin.py:115} INFO - /home/osboxes/airflow/dags/cm29JUL2022bhav.csv (2).zip 
 error identified [Errno 2] No such file or directory: '/home/osboxes/airflow/dags/cm29JUL2022bhav.csv (2).zip'
[2022-08-11 22:48:19,161] {logging_mixin.py:115} INFO - cm26JUL2022bhav.csv (2).zip file1 ====== /home/osboxes/airflow/dags
[2022-08-11 22:48:19,161] {logging_mixin.py:115} INFO - /home/osboxes/airflow/dags/cm26JUL2022bhav.csv (2).zip 
 error identified [Errno 2] No such file or directory: '/home/osboxes/airflow/dags/cm26JUL2022bhav.csv (2).zip'
[2022-08-11 22:48:19,162] {logging_mixin.py:115} INFO - cm29JUL2022bhav.csv (4).zip file1 ====== /home/osboxes/airflow/dags
[2022-08-11 22:48:19,162] {logging_mixin.py:115} INFO - /home/osboxes/airflow/dags/cm29JUL2022bhav.csv (4).zip 
 error identified [Errno 2] No such file or directory: '/home/osboxes/airflow/dags/cm29JUL2022bhav.csv (4).zip'
[2022-08-11 22:48:19,162] {logging_mixin.py:115} INFO - cm29JUL2022bhav.csv (8).zip file1 ====== /home/osboxes/airflow/dags
[2022-08-11 22:48:19,162] {logging_mixin.py:115} INFO - /home/osboxes/airflow/dags/cm29JUL2022bhav.csv (8).zip 
 error identified [Errno 2] No such file or directory: '/home/osboxes/airflow/dags/cm29JUL2022bhav.csv (8).zip'
[2022-08-11 22:48:19,163] {logging_mixin.py:115} INFO - cm05AUG2022bhav.csv (2).zip file1 ====== /home/osboxes/airflow/dags
[2022-08-11 22:48:19,163] {logging_mixin.py:115} INFO - /home/osboxes/airflow/dags/cm05AUG2022bhav.csv (2).zip 
 error identified [Errno 2] No such file or directory: '/home/osboxes/airflow/dags/cm05AUG2022bhav.csv (2).zip'
[2022-08-11 22:48:19,163] {logging_mixin.py:115} INFO - cm03AUG2022bhav.csv (1).zip file1 ====== /home/osboxes/airflow/dags
[2022-08-11 22:48:19,167] {logging_mixin.py:115} INFO - /home/osboxes/airflow/dags/cm03AUG2022bhav.csv (1).zip 
 error identified [Errno 2] No such file or directory: '/home/osboxes/airflow/dags/cm03AUG2022bhav.csv (1).zip'
[2022-08-11 22:48:19,168] {logging_mixin.py:115} INFO - cm01AUG2022bhav.csv (2).zip file1 ====== /home/osboxes/airflow/dags
[2022-08-11 22:48:19,168] {logging_mixin.py:115} INFO - /home/osboxes/airflow/dags/cm01AUG2022bhav.csv (2).zip 
 error identified [Errno 2] No such file or directory: '/home/osboxes/airflow/dags/cm01AUG2022bhav.csv (2).zip'
[2022-08-11 22:48:19,168] {logging_mixin.py:115} INFO - cm29JUL2022bhav.csv (5).zip file1 ====== /home/osboxes/airflow/dags
[2022-08-11 22:48:19,169] {logging_mixin.py:115} INFO - /home/osboxes/airflow/dags/cm29JUL2022bhav.csv (5).zip 
 error identified [Errno 2] No such file or directory: '/home/osboxes/airflow/dags/cm29JUL2022bhav.csv (5).zip'
[2022-08-11 22:48:19,169] {logging_mixin.py:115} INFO - cm25JUL2022bhav.csv (3).zip file1 ====== /home/osboxes/airflow/dags
[2022-08-11 22:48:19,169] {logging_mixin.py:115} INFO - /home/osboxes/airflow/dags/cm25JUL2022bhav.csv (3).zip 
 error identified [Errno 2] No such file or directory: '/home/osboxes/airflow/dags/cm25JUL2022bhav.csv (3).zip'
[2022-08-11 22:48:19,170] {python.py:173} INFO - Done. Returned value was: None
[2022-08-11 22:48:19,210] {taskinstance.py:1395} INFO - Marking task as SUCCESS. dag_id=nse_daily_data_load, task_id=old_files_clear, execution_date=20220812T024613, start_date=20220812T024818, end_date=20220812T024819
[2022-08-11 22:48:19,297] {local_task_job.py:156} INFO - Task exited with return code 0
[2022-08-11 22:48:19,367] {local_task_job.py:273} INFO - 1 downstream tasks scheduled from follow-on schedule check
