[2022-08-17 00:29:55,733] {taskinstance.py:1159} INFO - Dependencies all met for <TaskInstance: Hands_pract_v1.first_task scheduled__2022-08-14T00:00:00+00:00 [queued]>
[2022-08-17 00:29:55,741] {taskinstance.py:1159} INFO - Dependencies all met for <TaskInstance: Hands_pract_v1.first_task scheduled__2022-08-14T00:00:00+00:00 [queued]>
[2022-08-17 00:29:55,741] {taskinstance.py:1356} INFO - 
--------------------------------------------------------------------------------
[2022-08-17 00:29:55,741] {taskinstance.py:1357} INFO - Starting attempt 1 of 6
[2022-08-17 00:29:55,741] {taskinstance.py:1358} INFO - 
--------------------------------------------------------------------------------
[2022-08-17 00:29:55,791] {taskinstance.py:1377} INFO - Executing <Task(BashOperator): first_task> on 2022-08-14 00:00:00+00:00
[2022-08-17 00:29:55,796] {standard_task_runner.py:52} INFO - Started process 7715 to run task
[2022-08-17 00:29:55,837] {standard_task_runner.py:79} INFO - Running: ['airflow', 'tasks', 'run', 'Hands_pract_v1', 'first_task', 'scheduled__2022-08-14T00:00:00+00:00', '--job-id', '298', '--raw', '--subdir', 'DAGS_FOLDER/dag_hand1.py', '--cfg-path', '/tmp/tmpni3acyqk', '--error-file', '/tmp/tmpmldi74xn']
[2022-08-17 00:29:55,838] {standard_task_runner.py:80} INFO - Job 298: Subtask first_task
[2022-08-17 00:29:56,011] {task_command.py:369} INFO - Running <TaskInstance: Hands_pract_v1.first_task scheduled__2022-08-14T00:00:00+00:00 [running]> on host osboxes
[2022-08-17 00:29:56,128] {taskinstance.py:1569} INFO - Exporting the following env vars:
AIRFLOW_CTX_DAG_OWNER=SFAFDE
AIRFLOW_CTX_DAG_ID=Hands_pract_v1
AIRFLOW_CTX_TASK_ID=first_task
AIRFLOW_CTX_EXECUTION_DATE=2022-08-14T00:00:00+00:00
AIRFLOW_CTX_TRY_NUMBER=1
AIRFLOW_CTX_DAG_RUN_ID=scheduled__2022-08-14T00:00:00+00:00
[2022-08-17 00:29:56,133] {subprocess.py:62} INFO - Tmp dir root location: 
 /tmp
[2022-08-17 00:29:56,134] {subprocess.py:74} INFO - Running command: ['bash', '-c', ' echo Hello world this is my first task in this hands on!']
[2022-08-17 00:29:56,147] {subprocess.py:85} INFO - Output:
[2022-08-17 00:29:56,150] {subprocess.py:92} INFO - Hello world this is my first task in this hands on!
[2022-08-17 00:29:56,151] {subprocess.py:96} INFO - Command exited with return code 0
[2022-08-17 00:29:56,182] {taskinstance.py:1395} INFO - Marking task as SUCCESS. dag_id=Hands_pract_v1, task_id=first_task, execution_date=20220814T000000, start_date=20220817T042955, end_date=20220817T042956
[2022-08-17 00:29:56,226] {local_task_job.py:156} INFO - Task exited with return code 0
[2022-08-17 00:29:56,273] {local_task_job.py:273} INFO - 0 downstream tasks scheduled from follow-on schedule check
