[2022-07-29 21:15:03,345] {taskinstance.py:1159} INFO - Dependencies all met for <TaskInstance: nse_daily_data_load.nse_download_files manual__2022-07-30T01:09:24.752685+00:00 [queued]>
[2022-07-29 21:15:03,351] {taskinstance.py:1159} INFO - Dependencies all met for <TaskInstance: nse_daily_data_load.nse_download_files manual__2022-07-30T01:09:24.752685+00:00 [queued]>
[2022-07-29 21:15:03,352] {taskinstance.py:1356} INFO - 
--------------------------------------------------------------------------------
[2022-07-29 21:15:03,359] {taskinstance.py:1357} INFO - Starting attempt 2 of 2
[2022-07-29 21:15:03,359] {taskinstance.py:1358} INFO - 
--------------------------------------------------------------------------------
[2022-07-29 21:15:03,397] {taskinstance.py:1377} INFO - Executing <Task(PythonOperator): nse_download_files> on 2022-07-30 01:09:24.752685+00:00
[2022-07-29 21:15:03,401] {standard_task_runner.py:52} INFO - Started process 367893 to run task
[2022-07-29 21:15:03,421] {standard_task_runner.py:79} INFO - Running: ['airflow', 'tasks', 'run', 'nse_daily_data_load', 'nse_download_files', 'manual__2022-07-30T01:09:24.752685+00:00', '--job-id', '80', '--raw', '--subdir', 'DAGS_FOLDER/nse_daily_load_stg.py', '--cfg-path', '/tmp/tmpe3h__qpp', '--error-file', '/tmp/tmpykwalj67']
[2022-07-29 21:15:03,422] {standard_task_runner.py:80} INFO - Job 80: Subtask nse_download_files
[2022-07-29 21:15:03,490] {task_command.py:369} INFO - Running <TaskInstance: nse_daily_data_load.nse_download_files manual__2022-07-30T01:09:24.752685+00:00 [running]> on host osboxes
[2022-07-29 21:15:03,554] {taskinstance.py:1569} INFO - Exporting the following env vars:
AIRFLOW_CTX_DAG_OWNER=Airflow
AIRFLOW_CTX_DAG_ID=nse_daily_data_load
AIRFLOW_CTX_TASK_ID=nse_download_files
AIRFLOW_CTX_EXECUTION_DATE=2022-07-30T01:09:24.752685+00:00
AIRFLOW_CTX_TRY_NUMBER=2
AIRFLOW_CTX_DAG_RUN_ID=manual__2022-07-30T01:09:24.752685+00:00
[2022-07-29 21:15:03,556] {logging_mixin.py:115} INFO - 
cm25JUL2022bhav
[2022-07-29 21:15:03,556] {logging_mixin.py:115} INFO - enter try in loop
[2022-07-29 21:15:03,556] {logging_mixin.py:115} INFO - https://www1.nseindia.com/content/historical/EQUITIES/2022/JUL/cm25JUL2022bhav.csv.zip
[2022-07-29 21:15:04,289] {logging_mixin.py:115} INFO - https://www1.nseindia.com/content/historical/EQUITIES/2022/JUL/cm25JUL2022bhav.csv.zip
[2022-07-29 21:15:04,290] {logging_mixin.py:115} INFO - 
cm26JUL2022bhav
[2022-07-29 21:15:04,290] {logging_mixin.py:115} INFO - enter try in loop
[2022-07-29 21:15:04,290] {logging_mixin.py:115} INFO - https://www1.nseindia.com/content/historical/EQUITIES/2022/JUL/cm26JUL2022bhav.csv.zip
[2022-07-29 21:15:05,230] {logging_mixin.py:115} INFO - https://www1.nseindia.com/content/historical/EQUITIES/2022/JUL/cm26JUL2022bhav.csv.zip
[2022-07-29 21:15:05,230] {logging_mixin.py:115} INFO - 
cm27JUL2022bhav
[2022-07-29 21:15:05,230] {logging_mixin.py:115} INFO - enter try in loop
[2022-07-29 21:15:05,230] {logging_mixin.py:115} INFO - https://www1.nseindia.com/content/historical/EQUITIES/2022/JUL/cm27JUL2022bhav.csv.zip
[2022-07-29 21:15:06,181] {logging_mixin.py:115} INFO - https://www1.nseindia.com/content/historical/EQUITIES/2022/JUL/cm27JUL2022bhav.csv.zip
[2022-07-29 21:15:06,181] {logging_mixin.py:115} INFO - 
cm28JUL2022bhav
[2022-07-29 21:15:06,181] {logging_mixin.py:115} INFO - enter try in loop
[2022-07-29 21:15:06,181] {logging_mixin.py:115} INFO - https://www1.nseindia.com/content/historical/EQUITIES/2022/JUL/cm28JUL2022bhav.csv.zip
[2022-07-29 21:15:06,776] {logging_mixin.py:115} INFO - https://www1.nseindia.com/content/historical/EQUITIES/2022/JUL/cm28JUL2022bhav.csv.zip
[2022-07-29 21:15:06,777] {logging_mixin.py:115} INFO - 
cm29JUL2022bhav
[2022-07-29 21:15:06,777] {logging_mixin.py:115} INFO - enter try in loop
[2022-07-29 21:15:06,777] {logging_mixin.py:115} INFO - https://www1.nseindia.com/content/historical/EQUITIES/2022/JUL/cm29JUL2022bhav.csv.zip
[2022-07-29 21:15:07,595] {logging_mixin.py:115} INFO - https://www1.nseindia.com/content/historical/EQUITIES/2022/JUL/cm29JUL2022bhav.csv.zip
[2022-07-29 21:15:07,595] {logging_mixin.py:115} INFO - ['cm25JUL2022bhav.csv.zip', 'cm26JUL2022bhav.csv.zip', 'cm27JUL2022bhav.csv.zip', 'cm28JUL2022bhav.csv.zip', 'cm29JUL2022bhav.csv.zip']
[2022-07-29 21:15:07,595] {logging_mixin.py:115} INFO - cm25JUL2022bhav.csv.zip
[2022-07-29 21:15:07,630] {logging_mixin.py:115} INFO - cm26JUL2022bhav.csv.zip
[2022-07-29 21:15:07,696] {logging_mixin.py:115} INFO - cm27JUL2022bhav.csv.zip
[2022-07-29 21:15:07,754] {logging_mixin.py:115} INFO - cm28JUL2022bhav.csv.zip
[2022-07-29 21:15:07,765] {logging_mixin.py:115} INFO - cm29JUL2022bhav.csv.zip
[2022-07-29 21:15:07,788] {python.py:173} INFO - Done. Returned value was: None
[2022-07-29 21:15:07,805] {taskinstance.py:1395} INFO - Marking task as SUCCESS. dag_id=nse_daily_data_load, task_id=nse_download_files, execution_date=20220730T010924, start_date=20220730T011503, end_date=20220730T011507
[2022-07-29 21:15:08,052] {local_task_job.py:156} INFO - Task exited with return code 0
[2022-07-29 21:15:08,247] {local_task_job.py:273} INFO - 1 downstream tasks scheduled from follow-on schedule check
