[2022-09-02 09:37:07,165] {taskinstance.py:1159} INFO - Dependencies all met for <TaskInstance: nse_daily_data_load.old_files_clear scheduled__2022-09-01T13:37:00+00:00 [queued]>
[2022-09-02 09:37:07,171] {taskinstance.py:1159} INFO - Dependencies all met for <TaskInstance: nse_daily_data_load.old_files_clear scheduled__2022-09-01T13:37:00+00:00 [queued]>
[2022-09-02 09:37:07,171] {taskinstance.py:1356} INFO - 
--------------------------------------------------------------------------------
[2022-09-02 09:37:07,171] {taskinstance.py:1357} INFO - Starting attempt 1 of 1
[2022-09-02 09:37:07,171] {taskinstance.py:1358} INFO - 
--------------------------------------------------------------------------------
[2022-09-02 09:37:07,202] {taskinstance.py:1377} INFO - Executing <Task(PythonOperator): old_files_clear> on 2022-09-01 13:37:00+00:00
[2022-09-02 09:37:07,206] {standard_task_runner.py:52} INFO - Started process 101953 to run task
[2022-09-02 09:37:07,213] {standard_task_runner.py:79} INFO - Running: ['airflow', 'tasks', 'run', 'nse_daily_data_load', 'old_files_clear', 'scheduled__2022-09-01T13:37:00+00:00', '--job-id', '459', '--raw', '--subdir', 'DAGS_FOLDER/nse_daily_load_stg.py', '--cfg-path', '/tmp/tmpdwddetm1', '--error-file', '/tmp/tmpbiha8iwz']
[2022-09-02 09:37:07,214] {standard_task_runner.py:80} INFO - Job 459: Subtask old_files_clear
[2022-09-02 09:37:07,275] {task_command.py:369} INFO - Running <TaskInstance: nse_daily_data_load.old_files_clear scheduled__2022-09-01T13:37:00+00:00 [running]> on host osboxes
[2022-09-02 09:37:07,369] {taskinstance.py:1569} INFO - Exporting the following env vars:
AIRFLOW_CTX_DAG_OWNER=Airflow
AIRFLOW_CTX_DAG_ID=nse_daily_data_load
AIRFLOW_CTX_TASK_ID=old_files_clear
AIRFLOW_CTX_EXECUTION_DATE=2022-09-01T13:37:00+00:00
AIRFLOW_CTX_TRY_NUMBER=1
AIRFLOW_CTX_DAG_RUN_ID=scheduled__2022-09-01T13:37:00+00:00
[2022-09-02 09:37:07,370] {logging_mixin.py:115} INFO - directory already available
[2022-09-02 09:37:07,371] {logging_mixin.py:115} INFO - directory already available
[2022-09-02 09:37:07,371] {logging_mixin.py:115} INFO - get sub dir ['c-1']
[2022-09-02 09:37:07,371] {logging_mixin.py:115} INFO - /home/osboxes/Desktop/bkp/2022-09-02/ c0
[2022-09-02 09:37:07,373] {logging_mixin.py:115} INFO - new tgt /home/osboxes/Desktop/bkp/2022-09-02/c0
[2022-09-02 09:37:07,373] {logging_mixin.py:115} INFO - 2022-09-02
[2022-09-02 09:37:07,373] {logging_mixin.py:115} INFO - ['cm02SEP2022bhav.csv.zip', '.env', 'airflow.cfg', 'cm29AUG2022bhav.csv.zip', 'dags', 'cm25AUG2022bhav.csv.zip', 'plugins', 'logs', 'webserver_config.py', 'README.md', 'cm01SEP2022bhav.csv.zip', '.git', 'docker-compose.yml', 'cm30AUG2022bhav.csv.zip', 'cm26AUG2022bhav.csv.zip', 'airflow.db', 'airflow-webserver.pid'] get current directory
[2022-09-02 09:37:07,373] {logging_mixin.py:115} INFO - Testin ------------- <module 'posixpath' from '/usr/lib/python3.8/posixpath.py'> ------- /home/osboxes/airflow/dags
[2022-09-02 09:37:07,373] {logging_mixin.py:115} INFO - cm02SEP2022bhav.csv.zip file1 ====== /home/osboxes/airflow/dags
[2022-09-02 09:37:07,374] {logging_mixin.py:115} INFO - cm29AUG2022bhav.csv.zip file1 ====== /home/osboxes/airflow/dags
[2022-09-02 09:37:07,374] {logging_mixin.py:115} INFO - cm25AUG2022bhav.csv.zip file1 ====== /home/osboxes/airflow/dags
[2022-09-02 09:37:07,374] {logging_mixin.py:115} INFO - cm01SEP2022bhav.csv.zip file1 ====== /home/osboxes/airflow/dags
[2022-09-02 09:37:07,374] {logging_mixin.py:115} INFO - cm30AUG2022bhav.csv.zip file1 ====== /home/osboxes/airflow/dags
[2022-09-02 09:37:07,374] {logging_mixin.py:115} INFO - cm26AUG2022bhav.csv.zip file1 ====== /home/osboxes/airflow/dags
[2022-09-02 09:37:07,375] {python.py:173} INFO - Done. Returned value was: None
[2022-09-02 09:37:07,384] {taskinstance.py:1395} INFO - Marking task as SUCCESS. dag_id=nse_daily_data_load, task_id=old_files_clear, execution_date=20220901T133700, start_date=20220902T133707, end_date=20220902T133707
[2022-09-02 09:37:07,463] {local_task_job.py:156} INFO - Task exited with return code 0
[2022-09-02 09:37:07,503] {local_task_job.py:273} INFO - 1 downstream tasks scheduled from follow-on schedule check
