[2022-08-12 09:37:05,065] {taskinstance.py:1159} INFO - Dependencies all met for <TaskInstance: nse_daily_data_load.old_files_clear scheduled__2022-08-11T13:37:00+00:00 [queued]>
[2022-08-12 09:37:05,070] {taskinstance.py:1159} INFO - Dependencies all met for <TaskInstance: nse_daily_data_load.old_files_clear scheduled__2022-08-11T13:37:00+00:00 [queued]>
[2022-08-12 09:37:05,071] {taskinstance.py:1356} INFO - 
--------------------------------------------------------------------------------
[2022-08-12 09:37:05,071] {taskinstance.py:1357} INFO - Starting attempt 1 of 1
[2022-08-12 09:37:05,071] {taskinstance.py:1358} INFO - 
--------------------------------------------------------------------------------
[2022-08-12 09:37:05,103] {taskinstance.py:1377} INFO - Executing <Task(PythonOperator): old_files_clear> on 2022-08-11 13:37:00+00:00
[2022-08-12 09:37:05,106] {standard_task_runner.py:52} INFO - Started process 184202 to run task
[2022-08-12 09:37:05,110] {standard_task_runner.py:79} INFO - Running: ['airflow', 'tasks', 'run', 'nse_daily_data_load', 'old_files_clear', 'scheduled__2022-08-11T13:37:00+00:00', '--job-id', '280', '--raw', '--subdir', 'DAGS_FOLDER/nse_daily_load_stg.py', '--cfg-path', '/tmp/tmpr8q2i5cn', '--error-file', '/tmp/tmp801oaiem']
[2022-08-12 09:37:05,111] {standard_task_runner.py:80} INFO - Job 280: Subtask old_files_clear
[2022-08-12 09:37:05,222] {task_command.py:369} INFO - Running <TaskInstance: nse_daily_data_load.old_files_clear scheduled__2022-08-11T13:37:00+00:00 [running]> on host osboxes
[2022-08-12 09:37:05,300] {taskinstance.py:1569} INFO - Exporting the following env vars:
AIRFLOW_CTX_DAG_OWNER=Airflow
AIRFLOW_CTX_DAG_ID=nse_daily_data_load
AIRFLOW_CTX_TASK_ID=old_files_clear
AIRFLOW_CTX_EXECUTION_DATE=2022-08-11T13:37:00+00:00
AIRFLOW_CTX_TRY_NUMBER=1
AIRFLOW_CTX_DAG_RUN_ID=scheduled__2022-08-11T13:37:00+00:00
[2022-08-12 09:37:05,305] {logging_mixin.py:115} INFO - 2022-08-12
[2022-08-12 09:37:05,306] {logging_mixin.py:115} INFO - ['cm29JUL2022bhav.csv.zip', '.env', 'airflow.cfg', 'dags', 'plugins', 'logs', 'webserver_config.py', 'README.md', '.git', 'docker-compose.yml', 'airflow.db', 'airflow-webserver.pid'] get current directory
[2022-08-12 09:37:05,306] {logging_mixin.py:115} INFO - Testin ------------- <module 'posixpath' from '/usr/lib/python3.8/posixpath.py'> ------- /home/osboxes/airflow/dags
[2022-08-12 09:37:05,309] {logging_mixin.py:115} INFO - cm29JUL2022bhav.csv.zip file1 ====== /home/osboxes/airflow/dags
[2022-08-12 09:37:05,309] {python.py:173} INFO - Done. Returned value was: None
[2022-08-12 09:37:05,328] {taskinstance.py:1395} INFO - Marking task as SUCCESS. dag_id=nse_daily_data_load, task_id=old_files_clear, execution_date=20220811T133700, start_date=20220812T133705, end_date=20220812T133705
[2022-08-12 09:37:05,400] {local_task_job.py:156} INFO - Task exited with return code 0
[2022-08-12 09:37:05,507] {local_task_job.py:273} INFO - 1 downstream tasks scheduled from follow-on schedule check
