[2022-08-09 21:18:39,158] {processor.py:153} INFO - Started process (PID=337271) to work on /home/osboxes/.local/lib/python3.8/site-packages/airflow/example_dags/plugins/workday.py
[2022-08-09 21:18:39,158] {processor.py:641} INFO - Processing file /home/osboxes/.local/lib/python3.8/site-packages/airflow/example_dags/plugins/workday.py for tasks to queue
[2022-08-09 21:18:39,159] {logging_mixin.py:115} INFO - [2022-08-09 21:18:39,159] {dagbag.py:507} INFO - Filling up the DagBag from /home/osboxes/.local/lib/python3.8/site-packages/airflow/example_dags/plugins/workday.py
[2022-08-09 21:18:39,161] {processor.py:653} WARNING - No viable dags retrieved from /home/osboxes/.local/lib/python3.8/site-packages/airflow/example_dags/plugins/workday.py
[2022-08-09 21:18:39,169] {processor.py:161} INFO - Processing /home/osboxes/.local/lib/python3.8/site-packages/airflow/example_dags/plugins/workday.py took 0.013 seconds
[2022-08-09 21:19:20,899] {processor.py:153} INFO - Started process (PID=337644) to work on /home/osboxes/.local/lib/python3.8/site-packages/airflow/example_dags/plugins/workday.py
[2022-08-09 21:19:20,902] {processor.py:641} INFO - Processing file /home/osboxes/.local/lib/python3.8/site-packages/airflow/example_dags/plugins/workday.py for tasks to queue
[2022-08-09 21:19:20,903] {logging_mixin.py:115} INFO - [2022-08-09 21:19:20,903] {dagbag.py:507} INFO - Filling up the DagBag from /home/osboxes/.local/lib/python3.8/site-packages/airflow/example_dags/plugins/workday.py
[2022-08-09 21:19:20,904] {processor.py:653} WARNING - No viable dags retrieved from /home/osboxes/.local/lib/python3.8/site-packages/airflow/example_dags/plugins/workday.py
[2022-08-09 21:19:20,912] {processor.py:161} INFO - Processing /home/osboxes/.local/lib/python3.8/site-packages/airflow/example_dags/plugins/workday.py took 0.015 seconds
[2022-08-09 21:20:01,862] {processor.py:153} INFO - Started process (PID=338014) to work on /home/osboxes/.local/lib/python3.8/site-packages/airflow/example_dags/plugins/workday.py
[2022-08-09 21:20:01,863] {processor.py:641} INFO - Processing file /home/osboxes/.local/lib/python3.8/site-packages/airflow/example_dags/plugins/workday.py for tasks to queue
[2022-08-09 21:20:01,864] {logging_mixin.py:115} INFO - [2022-08-09 21:20:01,864] {dagbag.py:507} INFO - Filling up the DagBag from /home/osboxes/.local/lib/python3.8/site-packages/airflow/example_dags/plugins/workday.py
[2022-08-09 21:20:01,865] {processor.py:653} WARNING - No viable dags retrieved from /home/osboxes/.local/lib/python3.8/site-packages/airflow/example_dags/plugins/workday.py
[2022-08-09 21:20:01,876] {processor.py:161} INFO - Processing /home/osboxes/.local/lib/python3.8/site-packages/airflow/example_dags/plugins/workday.py took 0.016 seconds
[2022-08-09 21:20:48,404] {processor.py:153} INFO - Started process (PID=338447) to work on /home/osboxes/.local/lib/python3.8/site-packages/airflow/example_dags/plugins/workday.py
[2022-08-09 21:20:48,406] {processor.py:641} INFO - Processing file /home/osboxes/.local/lib/python3.8/site-packages/airflow/example_dags/plugins/workday.py for tasks to queue
[2022-08-09 21:20:48,407] {logging_mixin.py:115} INFO - [2022-08-09 21:20:48,407] {dagbag.py:507} INFO - Filling up the DagBag from /home/osboxes/.local/lib/python3.8/site-packages/airflow/example_dags/plugins/workday.py
[2022-08-09 21:20:48,408] {processor.py:653} WARNING - No viable dags retrieved from /home/osboxes/.local/lib/python3.8/site-packages/airflow/example_dags/plugins/workday.py
[2022-08-09 21:20:48,420] {processor.py:161} INFO - Processing /home/osboxes/.local/lib/python3.8/site-packages/airflow/example_dags/plugins/workday.py took 0.019 seconds
[2022-08-09 21:21:36,094] {processor.py:153} INFO - Started process (PID=338894) to work on /home/osboxes/.local/lib/python3.8/site-packages/airflow/example_dags/plugins/workday.py
[2022-08-09 21:21:36,096] {processor.py:641} INFO - Processing file /home/osboxes/.local/lib/python3.8/site-packages/airflow/example_dags/plugins/workday.py for tasks to queue
[2022-08-09 21:21:36,097] {logging_mixin.py:115} INFO - [2022-08-09 21:21:36,097] {dagbag.py:507} INFO - Filling up the DagBag from /home/osboxes/.local/lib/python3.8/site-packages/airflow/example_dags/plugins/workday.py
[2022-08-09 21:21:36,098] {processor.py:653} WARNING - No viable dags retrieved from /home/osboxes/.local/lib/python3.8/site-packages/airflow/example_dags/plugins/workday.py
[2022-08-09 21:21:36,106] {processor.py:161} INFO - Processing /home/osboxes/.local/lib/python3.8/site-packages/airflow/example_dags/plugins/workday.py took 0.014 seconds
[2022-08-09 21:22:18,266] {processor.py:153} INFO - Started process (PID=339295) to work on /home/osboxes/.local/lib/python3.8/site-packages/airflow/example_dags/plugins/workday.py
[2022-08-09 21:22:18,277] {processor.py:641} INFO - Processing file /home/osboxes/.local/lib/python3.8/site-packages/airflow/example_dags/plugins/workday.py for tasks to queue
[2022-08-09 21:22:18,278] {logging_mixin.py:115} INFO - [2022-08-09 21:22:18,278] {dagbag.py:507} INFO - Filling up the DagBag from /home/osboxes/.local/lib/python3.8/site-packages/airflow/example_dags/plugins/workday.py
[2022-08-09 21:22:18,280] {processor.py:653} WARNING - No viable dags retrieved from /home/osboxes/.local/lib/python3.8/site-packages/airflow/example_dags/plugins/workday.py
[2022-08-09 21:22:18,295] {processor.py:161} INFO - Processing /home/osboxes/.local/lib/python3.8/site-packages/airflow/example_dags/plugins/workday.py took 0.041 seconds
[2022-08-09 21:23:00,834] {processor.py:153} INFO - Started process (PID=339685) to work on /home/osboxes/.local/lib/python3.8/site-packages/airflow/example_dags/plugins/workday.py
[2022-08-09 21:23:00,835] {processor.py:641} INFO - Processing file /home/osboxes/.local/lib/python3.8/site-packages/airflow/example_dags/plugins/workday.py for tasks to queue
[2022-08-09 21:23:00,835] {logging_mixin.py:115} INFO - [2022-08-09 21:23:00,835] {dagbag.py:507} INFO - Filling up the DagBag from /home/osboxes/.local/lib/python3.8/site-packages/airflow/example_dags/plugins/workday.py
[2022-08-09 21:23:00,837] {processor.py:653} WARNING - No viable dags retrieved from /home/osboxes/.local/lib/python3.8/site-packages/airflow/example_dags/plugins/workday.py
[2022-08-09 21:23:00,846] {processor.py:161} INFO - Processing /home/osboxes/.local/lib/python3.8/site-packages/airflow/example_dags/plugins/workday.py took 0.015 seconds
[2022-08-09 21:23:50,811] {processor.py:153} INFO - Started process (PID=340193) to work on /home/osboxes/.local/lib/python3.8/site-packages/airflow/example_dags/plugins/workday.py
[2022-08-09 21:23:50,813] {processor.py:641} INFO - Processing file /home/osboxes/.local/lib/python3.8/site-packages/airflow/example_dags/plugins/workday.py for tasks to queue
[2022-08-09 21:23:50,813] {logging_mixin.py:115} INFO - [2022-08-09 21:23:50,813] {dagbag.py:507} INFO - Filling up the DagBag from /home/osboxes/.local/lib/python3.8/site-packages/airflow/example_dags/plugins/workday.py
[2022-08-09 21:23:50,815] {processor.py:653} WARNING - No viable dags retrieved from /home/osboxes/.local/lib/python3.8/site-packages/airflow/example_dags/plugins/workday.py
[2022-08-09 21:23:50,825] {processor.py:161} INFO - Processing /home/osboxes/.local/lib/python3.8/site-packages/airflow/example_dags/plugins/workday.py took 0.017 seconds
[2022-08-09 21:24:38,093] {processor.py:153} INFO - Started process (PID=340643) to work on /home/osboxes/.local/lib/python3.8/site-packages/airflow/example_dags/plugins/workday.py
[2022-08-09 21:24:38,095] {processor.py:641} INFO - Processing file /home/osboxes/.local/lib/python3.8/site-packages/airflow/example_dags/plugins/workday.py for tasks to queue
[2022-08-09 21:24:38,095] {logging_mixin.py:115} INFO - [2022-08-09 21:24:38,095] {dagbag.py:507} INFO - Filling up the DagBag from /home/osboxes/.local/lib/python3.8/site-packages/airflow/example_dags/plugins/workday.py
[2022-08-09 21:24:38,097] {processor.py:653} WARNING - No viable dags retrieved from /home/osboxes/.local/lib/python3.8/site-packages/airflow/example_dags/plugins/workday.py
[2022-08-09 21:24:38,105] {processor.py:161} INFO - Processing /home/osboxes/.local/lib/python3.8/site-packages/airflow/example_dags/plugins/workday.py took 0.014 seconds
[2022-08-09 21:25:21,213] {processor.py:153} INFO - Started process (PID=341047) to work on /home/osboxes/.local/lib/python3.8/site-packages/airflow/example_dags/plugins/workday.py
[2022-08-09 21:25:21,214] {processor.py:641} INFO - Processing file /home/osboxes/.local/lib/python3.8/site-packages/airflow/example_dags/plugins/workday.py for tasks to queue
[2022-08-09 21:25:21,215] {logging_mixin.py:115} INFO - [2022-08-09 21:25:21,215] {dagbag.py:507} INFO - Filling up the DagBag from /home/osboxes/.local/lib/python3.8/site-packages/airflow/example_dags/plugins/workday.py
[2022-08-09 21:25:21,216] {processor.py:653} WARNING - No viable dags retrieved from /home/osboxes/.local/lib/python3.8/site-packages/airflow/example_dags/plugins/workday.py
[2022-08-09 21:25:21,225] {processor.py:161} INFO - Processing /home/osboxes/.local/lib/python3.8/site-packages/airflow/example_dags/plugins/workday.py took 0.015 seconds
[2022-08-09 21:26:08,788] {processor.py:153} INFO - Started process (PID=341474) to work on /home/osboxes/.local/lib/python3.8/site-packages/airflow/example_dags/plugins/workday.py
[2022-08-09 21:26:08,790] {processor.py:641} INFO - Processing file /home/osboxes/.local/lib/python3.8/site-packages/airflow/example_dags/plugins/workday.py for tasks to queue
[2022-08-09 21:26:08,790] {logging_mixin.py:115} INFO - [2022-08-09 21:26:08,790] {dagbag.py:507} INFO - Filling up the DagBag from /home/osboxes/.local/lib/python3.8/site-packages/airflow/example_dags/plugins/workday.py
[2022-08-09 21:26:08,792] {processor.py:653} WARNING - No viable dags retrieved from /home/osboxes/.local/lib/python3.8/site-packages/airflow/example_dags/plugins/workday.py
[2022-08-09 21:26:08,801] {processor.py:161} INFO - Processing /home/osboxes/.local/lib/python3.8/site-packages/airflow/example_dags/plugins/workday.py took 0.016 seconds
[2022-08-09 21:26:59,848] {processor.py:153} INFO - Started process (PID=341967) to work on /home/osboxes/.local/lib/python3.8/site-packages/airflow/example_dags/plugins/workday.py
[2022-08-09 21:26:59,849] {processor.py:641} INFO - Processing file /home/osboxes/.local/lib/python3.8/site-packages/airflow/example_dags/plugins/workday.py for tasks to queue
[2022-08-09 21:26:59,850] {logging_mixin.py:115} INFO - [2022-08-09 21:26:59,850] {dagbag.py:507} INFO - Filling up the DagBag from /home/osboxes/.local/lib/python3.8/site-packages/airflow/example_dags/plugins/workday.py
[2022-08-09 21:26:59,851] {processor.py:653} WARNING - No viable dags retrieved from /home/osboxes/.local/lib/python3.8/site-packages/airflow/example_dags/plugins/workday.py
[2022-08-09 21:26:59,861] {processor.py:161} INFO - Processing /home/osboxes/.local/lib/python3.8/site-packages/airflow/example_dags/plugins/workday.py took 0.016 seconds
[2022-08-09 21:27:45,283] {processor.py:153} INFO - Started process (PID=342411) to work on /home/osboxes/.local/lib/python3.8/site-packages/airflow/example_dags/plugins/workday.py
[2022-08-09 21:27:45,285] {processor.py:641} INFO - Processing file /home/osboxes/.local/lib/python3.8/site-packages/airflow/example_dags/plugins/workday.py for tasks to queue
[2022-08-09 21:27:45,285] {logging_mixin.py:115} INFO - [2022-08-09 21:27:45,285] {dagbag.py:507} INFO - Filling up the DagBag from /home/osboxes/.local/lib/python3.8/site-packages/airflow/example_dags/plugins/workday.py
[2022-08-09 21:27:45,287] {processor.py:653} WARNING - No viable dags retrieved from /home/osboxes/.local/lib/python3.8/site-packages/airflow/example_dags/plugins/workday.py
[2022-08-09 21:27:45,294] {processor.py:161} INFO - Processing /home/osboxes/.local/lib/python3.8/site-packages/airflow/example_dags/plugins/workday.py took 0.013 seconds
[2022-08-09 21:28:29,687] {processor.py:153} INFO - Started process (PID=342828) to work on /home/osboxes/.local/lib/python3.8/site-packages/airflow/example_dags/plugins/workday.py
[2022-08-09 21:28:29,688] {processor.py:641} INFO - Processing file /home/osboxes/.local/lib/python3.8/site-packages/airflow/example_dags/plugins/workday.py for tasks to queue
[2022-08-09 21:28:29,689] {logging_mixin.py:115} INFO - [2022-08-09 21:28:29,688] {dagbag.py:507} INFO - Filling up the DagBag from /home/osboxes/.local/lib/python3.8/site-packages/airflow/example_dags/plugins/workday.py
[2022-08-09 21:28:29,690] {processor.py:653} WARNING - No viable dags retrieved from /home/osboxes/.local/lib/python3.8/site-packages/airflow/example_dags/plugins/workday.py
[2022-08-09 21:28:29,700] {processor.py:161} INFO - Processing /home/osboxes/.local/lib/python3.8/site-packages/airflow/example_dags/plugins/workday.py took 0.015 seconds
[2022-08-09 21:29:09,223] {processor.py:153} INFO - Started process (PID=343251) to work on /home/osboxes/.local/lib/python3.8/site-packages/airflow/example_dags/plugins/workday.py
[2022-08-09 21:29:09,225] {processor.py:641} INFO - Processing file /home/osboxes/.local/lib/python3.8/site-packages/airflow/example_dags/plugins/workday.py for tasks to queue
[2022-08-09 21:29:09,225] {logging_mixin.py:115} INFO - [2022-08-09 21:29:09,225] {dagbag.py:507} INFO - Filling up the DagBag from /home/osboxes/.local/lib/python3.8/site-packages/airflow/example_dags/plugins/workday.py
[2022-08-09 21:29:09,227] {processor.py:653} WARNING - No viable dags retrieved from /home/osboxes/.local/lib/python3.8/site-packages/airflow/example_dags/plugins/workday.py
[2022-08-09 21:29:09,236] {processor.py:161} INFO - Processing /home/osboxes/.local/lib/python3.8/site-packages/airflow/example_dags/plugins/workday.py took 0.017 seconds
[2022-08-09 21:30:00,077] {processor.py:153} INFO - Started process (PID=343712) to work on /home/osboxes/.local/lib/python3.8/site-packages/airflow/example_dags/plugins/workday.py
[2022-08-09 21:30:00,079] {processor.py:641} INFO - Processing file /home/osboxes/.local/lib/python3.8/site-packages/airflow/example_dags/plugins/workday.py for tasks to queue
[2022-08-09 21:30:00,079] {logging_mixin.py:115} INFO - [2022-08-09 21:30:00,079] {dagbag.py:507} INFO - Filling up the DagBag from /home/osboxes/.local/lib/python3.8/site-packages/airflow/example_dags/plugins/workday.py
[2022-08-09 21:30:00,081] {processor.py:653} WARNING - No viable dags retrieved from /home/osboxes/.local/lib/python3.8/site-packages/airflow/example_dags/plugins/workday.py
[2022-08-09 21:30:00,093] {processor.py:161} INFO - Processing /home/osboxes/.local/lib/python3.8/site-packages/airflow/example_dags/plugins/workday.py took 0.018 seconds
[2022-08-09 21:30:39,631] {processor.py:153} INFO - Started process (PID=344071) to work on /home/osboxes/.local/lib/python3.8/site-packages/airflow/example_dags/plugins/workday.py
[2022-08-09 21:30:39,632] {processor.py:641} INFO - Processing file /home/osboxes/.local/lib/python3.8/site-packages/airflow/example_dags/plugins/workday.py for tasks to queue
[2022-08-09 21:30:39,632] {logging_mixin.py:115} INFO - [2022-08-09 21:30:39,632] {dagbag.py:507} INFO - Filling up the DagBag from /home/osboxes/.local/lib/python3.8/site-packages/airflow/example_dags/plugins/workday.py
[2022-08-09 21:30:39,634] {processor.py:653} WARNING - No viable dags retrieved from /home/osboxes/.local/lib/python3.8/site-packages/airflow/example_dags/plugins/workday.py
[2022-08-09 21:30:39,643] {processor.py:161} INFO - Processing /home/osboxes/.local/lib/python3.8/site-packages/airflow/example_dags/plugins/workday.py took 0.015 seconds
[2022-08-09 21:31:26,584] {processor.py:153} INFO - Started process (PID=344536) to work on /home/osboxes/.local/lib/python3.8/site-packages/airflow/example_dags/plugins/workday.py
[2022-08-09 21:31:26,586] {processor.py:641} INFO - Processing file /home/osboxes/.local/lib/python3.8/site-packages/airflow/example_dags/plugins/workday.py for tasks to queue
[2022-08-09 21:31:26,586] {logging_mixin.py:115} INFO - [2022-08-09 21:31:26,586] {dagbag.py:507} INFO - Filling up the DagBag from /home/osboxes/.local/lib/python3.8/site-packages/airflow/example_dags/plugins/workday.py
[2022-08-09 21:31:26,587] {processor.py:653} WARNING - No viable dags retrieved from /home/osboxes/.local/lib/python3.8/site-packages/airflow/example_dags/plugins/workday.py
[2022-08-09 21:31:26,598] {processor.py:161} INFO - Processing /home/osboxes/.local/lib/python3.8/site-packages/airflow/example_dags/plugins/workday.py took 0.016 seconds
[2022-08-09 21:32:11,167] {processor.py:153} INFO - Started process (PID=344927) to work on /home/osboxes/.local/lib/python3.8/site-packages/airflow/example_dags/plugins/workday.py
[2022-08-09 21:32:11,169] {processor.py:641} INFO - Processing file /home/osboxes/.local/lib/python3.8/site-packages/airflow/example_dags/plugins/workday.py for tasks to queue
[2022-08-09 21:32:11,169] {logging_mixin.py:115} INFO - [2022-08-09 21:32:11,169] {dagbag.py:507} INFO - Filling up the DagBag from /home/osboxes/.local/lib/python3.8/site-packages/airflow/example_dags/plugins/workday.py
[2022-08-09 21:32:11,171] {processor.py:653} WARNING - No viable dags retrieved from /home/osboxes/.local/lib/python3.8/site-packages/airflow/example_dags/plugins/workday.py
[2022-08-09 21:32:11,180] {processor.py:161} INFO - Processing /home/osboxes/.local/lib/python3.8/site-packages/airflow/example_dags/plugins/workday.py took 0.015 seconds
[2022-08-09 21:32:53,621] {processor.py:153} INFO - Started process (PID=345302) to work on /home/osboxes/.local/lib/python3.8/site-packages/airflow/example_dags/plugins/workday.py
[2022-08-09 21:32:53,625] {processor.py:641} INFO - Processing file /home/osboxes/.local/lib/python3.8/site-packages/airflow/example_dags/plugins/workday.py for tasks to queue
[2022-08-09 21:32:53,626] {logging_mixin.py:115} INFO - [2022-08-09 21:32:53,626] {dagbag.py:507} INFO - Filling up the DagBag from /home/osboxes/.local/lib/python3.8/site-packages/airflow/example_dags/plugins/workday.py
[2022-08-09 21:32:53,627] {processor.py:653} WARNING - No viable dags retrieved from /home/osboxes/.local/lib/python3.8/site-packages/airflow/example_dags/plugins/workday.py
[2022-08-09 21:32:53,636] {processor.py:161} INFO - Processing /home/osboxes/.local/lib/python3.8/site-packages/airflow/example_dags/plugins/workday.py took 0.017 seconds
[2022-08-09 21:33:44,281] {processor.py:153} INFO - Started process (PID=345823) to work on /home/osboxes/.local/lib/python3.8/site-packages/airflow/example_dags/plugins/workday.py
[2022-08-09 21:33:44,282] {processor.py:641} INFO - Processing file /home/osboxes/.local/lib/python3.8/site-packages/airflow/example_dags/plugins/workday.py for tasks to queue
[2022-08-09 21:33:44,283] {logging_mixin.py:115} INFO - [2022-08-09 21:33:44,283] {dagbag.py:507} INFO - Filling up the DagBag from /home/osboxes/.local/lib/python3.8/site-packages/airflow/example_dags/plugins/workday.py
[2022-08-09 21:33:44,284] {processor.py:653} WARNING - No viable dags retrieved from /home/osboxes/.local/lib/python3.8/site-packages/airflow/example_dags/plugins/workday.py
[2022-08-09 21:33:44,292] {processor.py:161} INFO - Processing /home/osboxes/.local/lib/python3.8/site-packages/airflow/example_dags/plugins/workday.py took 0.014 seconds
[2022-08-09 21:34:23,222] {processor.py:153} INFO - Started process (PID=346199) to work on /home/osboxes/.local/lib/python3.8/site-packages/airflow/example_dags/plugins/workday.py
[2022-08-09 21:34:23,236] {processor.py:641} INFO - Processing file /home/osboxes/.local/lib/python3.8/site-packages/airflow/example_dags/plugins/workday.py for tasks to queue
[2022-08-09 21:34:23,237] {logging_mixin.py:115} INFO - [2022-08-09 21:34:23,237] {dagbag.py:507} INFO - Filling up the DagBag from /home/osboxes/.local/lib/python3.8/site-packages/airflow/example_dags/plugins/workday.py
[2022-08-09 21:34:23,238] {processor.py:653} WARNING - No viable dags retrieved from /home/osboxes/.local/lib/python3.8/site-packages/airflow/example_dags/plugins/workday.py
[2022-08-09 21:34:23,255] {processor.py:161} INFO - Processing /home/osboxes/.local/lib/python3.8/site-packages/airflow/example_dags/plugins/workday.py took 0.035 seconds
[2022-08-09 21:35:08,857] {processor.py:153} INFO - Started process (PID=346592) to work on /home/osboxes/.local/lib/python3.8/site-packages/airflow/example_dags/plugins/workday.py
[2022-08-09 21:35:08,859] {processor.py:641} INFO - Processing file /home/osboxes/.local/lib/python3.8/site-packages/airflow/example_dags/plugins/workday.py for tasks to queue
[2022-08-09 21:35:08,860] {logging_mixin.py:115} INFO - [2022-08-09 21:35:08,860] {dagbag.py:507} INFO - Filling up the DagBag from /home/osboxes/.local/lib/python3.8/site-packages/airflow/example_dags/plugins/workday.py
[2022-08-09 21:35:08,861] {processor.py:653} WARNING - No viable dags retrieved from /home/osboxes/.local/lib/python3.8/site-packages/airflow/example_dags/plugins/workday.py
[2022-08-09 21:35:08,871] {processor.py:161} INFO - Processing /home/osboxes/.local/lib/python3.8/site-packages/airflow/example_dags/plugins/workday.py took 0.016 seconds
[2022-08-09 21:35:57,199] {processor.py:153} INFO - Started process (PID=347054) to work on /home/osboxes/.local/lib/python3.8/site-packages/airflow/example_dags/plugins/workday.py
[2022-08-09 21:35:57,201] {processor.py:641} INFO - Processing file /home/osboxes/.local/lib/python3.8/site-packages/airflow/example_dags/plugins/workday.py for tasks to queue
[2022-08-09 21:35:57,201] {logging_mixin.py:115} INFO - [2022-08-09 21:35:57,201] {dagbag.py:507} INFO - Filling up the DagBag from /home/osboxes/.local/lib/python3.8/site-packages/airflow/example_dags/plugins/workday.py
[2022-08-09 21:35:57,202] {processor.py:653} WARNING - No viable dags retrieved from /home/osboxes/.local/lib/python3.8/site-packages/airflow/example_dags/plugins/workday.py
[2022-08-09 21:35:57,212] {processor.py:161} INFO - Processing /home/osboxes/.local/lib/python3.8/site-packages/airflow/example_dags/plugins/workday.py took 0.015 seconds
[2022-08-09 21:36:39,973] {processor.py:153} INFO - Started process (PID=347440) to work on /home/osboxes/.local/lib/python3.8/site-packages/airflow/example_dags/plugins/workday.py
[2022-08-09 21:36:39,975] {processor.py:641} INFO - Processing file /home/osboxes/.local/lib/python3.8/site-packages/airflow/example_dags/plugins/workday.py for tasks to queue
[2022-08-09 21:36:39,976] {logging_mixin.py:115} INFO - [2022-08-09 21:36:39,976] {dagbag.py:507} INFO - Filling up the DagBag from /home/osboxes/.local/lib/python3.8/site-packages/airflow/example_dags/plugins/workday.py
[2022-08-09 21:36:39,977] {processor.py:653} WARNING - No viable dags retrieved from /home/osboxes/.local/lib/python3.8/site-packages/airflow/example_dags/plugins/workday.py
[2022-08-09 21:36:39,985] {processor.py:161} INFO - Processing /home/osboxes/.local/lib/python3.8/site-packages/airflow/example_dags/plugins/workday.py took 0.015 seconds
[2022-08-09 21:37:25,235] {processor.py:153} INFO - Started process (PID=347859) to work on /home/osboxes/.local/lib/python3.8/site-packages/airflow/example_dags/plugins/workday.py
[2022-08-09 21:37:25,238] {processor.py:641} INFO - Processing file /home/osboxes/.local/lib/python3.8/site-packages/airflow/example_dags/plugins/workday.py for tasks to queue
[2022-08-09 21:37:25,238] {logging_mixin.py:115} INFO - [2022-08-09 21:37:25,238] {dagbag.py:507} INFO - Filling up the DagBag from /home/osboxes/.local/lib/python3.8/site-packages/airflow/example_dags/plugins/workday.py
[2022-08-09 21:37:25,239] {processor.py:653} WARNING - No viable dags retrieved from /home/osboxes/.local/lib/python3.8/site-packages/airflow/example_dags/plugins/workday.py
[2022-08-09 21:37:25,249] {processor.py:161} INFO - Processing /home/osboxes/.local/lib/python3.8/site-packages/airflow/example_dags/plugins/workday.py took 0.017 seconds
[2022-08-09 21:38:14,969] {processor.py:153} INFO - Started process (PID=348330) to work on /home/osboxes/.local/lib/python3.8/site-packages/airflow/example_dags/plugins/workday.py
[2022-08-09 21:38:14,971] {processor.py:641} INFO - Processing file /home/osboxes/.local/lib/python3.8/site-packages/airflow/example_dags/plugins/workday.py for tasks to queue
[2022-08-09 21:38:14,972] {logging_mixin.py:115} INFO - [2022-08-09 21:38:14,972] {dagbag.py:507} INFO - Filling up the DagBag from /home/osboxes/.local/lib/python3.8/site-packages/airflow/example_dags/plugins/workday.py
[2022-08-09 21:38:14,973] {processor.py:653} WARNING - No viable dags retrieved from /home/osboxes/.local/lib/python3.8/site-packages/airflow/example_dags/plugins/workday.py
[2022-08-09 21:38:14,982] {processor.py:161} INFO - Processing /home/osboxes/.local/lib/python3.8/site-packages/airflow/example_dags/plugins/workday.py took 0.015 seconds
[2022-08-09 21:39:01,787] {processor.py:153} INFO - Started process (PID=348807) to work on /home/osboxes/.local/lib/python3.8/site-packages/airflow/example_dags/plugins/workday.py
[2022-08-09 21:39:01,788] {processor.py:641} INFO - Processing file /home/osboxes/.local/lib/python3.8/site-packages/airflow/example_dags/plugins/workday.py for tasks to queue
[2022-08-09 21:39:01,788] {logging_mixin.py:115} INFO - [2022-08-09 21:39:01,788] {dagbag.py:507} INFO - Filling up the DagBag from /home/osboxes/.local/lib/python3.8/site-packages/airflow/example_dags/plugins/workday.py
[2022-08-09 21:39:01,789] {processor.py:653} WARNING - No viable dags retrieved from /home/osboxes/.local/lib/python3.8/site-packages/airflow/example_dags/plugins/workday.py
[2022-08-09 21:39:01,798] {processor.py:161} INFO - Processing /home/osboxes/.local/lib/python3.8/site-packages/airflow/example_dags/plugins/workday.py took 0.014 seconds
[2022-08-09 21:39:48,240] {processor.py:153} INFO - Started process (PID=349228) to work on /home/osboxes/.local/lib/python3.8/site-packages/airflow/example_dags/plugins/workday.py
[2022-08-09 21:39:48,243] {processor.py:641} INFO - Processing file /home/osboxes/.local/lib/python3.8/site-packages/airflow/example_dags/plugins/workday.py for tasks to queue
[2022-08-09 21:39:48,244] {logging_mixin.py:115} INFO - [2022-08-09 21:39:48,244] {dagbag.py:507} INFO - Filling up the DagBag from /home/osboxes/.local/lib/python3.8/site-packages/airflow/example_dags/plugins/workday.py
[2022-08-09 21:39:48,245] {processor.py:653} WARNING - No viable dags retrieved from /home/osboxes/.local/lib/python3.8/site-packages/airflow/example_dags/plugins/workday.py
[2022-08-09 21:39:48,254] {processor.py:161} INFO - Processing /home/osboxes/.local/lib/python3.8/site-packages/airflow/example_dags/plugins/workday.py took 0.016 seconds
[2022-08-09 21:40:39,192] {processor.py:153} INFO - Started process (PID=349686) to work on /home/osboxes/.local/lib/python3.8/site-packages/airflow/example_dags/plugins/workday.py
[2022-08-09 21:40:39,194] {processor.py:641} INFO - Processing file /home/osboxes/.local/lib/python3.8/site-packages/airflow/example_dags/plugins/workday.py for tasks to queue
[2022-08-09 21:40:39,194] {logging_mixin.py:115} INFO - [2022-08-09 21:40:39,194] {dagbag.py:507} INFO - Filling up the DagBag from /home/osboxes/.local/lib/python3.8/site-packages/airflow/example_dags/plugins/workday.py
[2022-08-09 21:40:39,196] {processor.py:653} WARNING - No viable dags retrieved from /home/osboxes/.local/lib/python3.8/site-packages/airflow/example_dags/plugins/workday.py
[2022-08-09 21:40:39,205] {processor.py:161} INFO - Processing /home/osboxes/.local/lib/python3.8/site-packages/airflow/example_dags/plugins/workday.py took 0.015 seconds
[2022-08-09 21:41:30,388] {processor.py:153} INFO - Started process (PID=350160) to work on /home/osboxes/.local/lib/python3.8/site-packages/airflow/example_dags/plugins/workday.py
[2022-08-09 21:41:30,390] {processor.py:641} INFO - Processing file /home/osboxes/.local/lib/python3.8/site-packages/airflow/example_dags/plugins/workday.py for tasks to queue
[2022-08-09 21:41:30,390] {logging_mixin.py:115} INFO - [2022-08-09 21:41:30,390] {dagbag.py:507} INFO - Filling up the DagBag from /home/osboxes/.local/lib/python3.8/site-packages/airflow/example_dags/plugins/workday.py
[2022-08-09 21:41:30,392] {processor.py:653} WARNING - No viable dags retrieved from /home/osboxes/.local/lib/python3.8/site-packages/airflow/example_dags/plugins/workday.py
[2022-08-09 21:41:30,400] {processor.py:161} INFO - Processing /home/osboxes/.local/lib/python3.8/site-packages/airflow/example_dags/plugins/workday.py took 0.014 seconds
[2022-08-09 21:42:15,549] {processor.py:153} INFO - Started process (PID=350590) to work on /home/osboxes/.local/lib/python3.8/site-packages/airflow/example_dags/plugins/workday.py
[2022-08-09 21:42:15,551] {processor.py:641} INFO - Processing file /home/osboxes/.local/lib/python3.8/site-packages/airflow/example_dags/plugins/workday.py for tasks to queue
[2022-08-09 21:42:15,551] {logging_mixin.py:115} INFO - [2022-08-09 21:42:15,551] {dagbag.py:507} INFO - Filling up the DagBag from /home/osboxes/.local/lib/python3.8/site-packages/airflow/example_dags/plugins/workday.py
[2022-08-09 21:42:15,553] {processor.py:653} WARNING - No viable dags retrieved from /home/osboxes/.local/lib/python3.8/site-packages/airflow/example_dags/plugins/workday.py
[2022-08-09 21:42:15,561] {processor.py:161} INFO - Processing /home/osboxes/.local/lib/python3.8/site-packages/airflow/example_dags/plugins/workday.py took 0.014 seconds
[2022-08-09 21:43:01,445] {processor.py:153} INFO - Started process (PID=351007) to work on /home/osboxes/.local/lib/python3.8/site-packages/airflow/example_dags/plugins/workday.py
[2022-08-09 21:43:01,507] {processor.py:641} INFO - Processing file /home/osboxes/.local/lib/python3.8/site-packages/airflow/example_dags/plugins/workday.py for tasks to queue
[2022-08-09 21:43:01,507] {logging_mixin.py:115} INFO - [2022-08-09 21:43:01,507] {dagbag.py:507} INFO - Filling up the DagBag from /home/osboxes/.local/lib/python3.8/site-packages/airflow/example_dags/plugins/workday.py
[2022-08-09 21:43:01,511] {processor.py:653} WARNING - No viable dags retrieved from /home/osboxes/.local/lib/python3.8/site-packages/airflow/example_dags/plugins/workday.py
[2022-08-09 21:43:01,522] {processor.py:161} INFO - Processing /home/osboxes/.local/lib/python3.8/site-packages/airflow/example_dags/plugins/workday.py took 0.079 seconds
[2022-08-09 21:43:51,331] {processor.py:153} INFO - Started process (PID=351513) to work on /home/osboxes/.local/lib/python3.8/site-packages/airflow/example_dags/plugins/workday.py
[2022-08-09 21:43:51,332] {processor.py:641} INFO - Processing file /home/osboxes/.local/lib/python3.8/site-packages/airflow/example_dags/plugins/workday.py for tasks to queue
[2022-08-09 21:43:51,333] {logging_mixin.py:115} INFO - [2022-08-09 21:43:51,333] {dagbag.py:507} INFO - Filling up the DagBag from /home/osboxes/.local/lib/python3.8/site-packages/airflow/example_dags/plugins/workday.py
[2022-08-09 21:43:51,334] {processor.py:653} WARNING - No viable dags retrieved from /home/osboxes/.local/lib/python3.8/site-packages/airflow/example_dags/plugins/workday.py
[2022-08-09 21:43:51,343] {processor.py:161} INFO - Processing /home/osboxes/.local/lib/python3.8/site-packages/airflow/example_dags/plugins/workday.py took 0.014 seconds
[2022-08-09 21:44:34,796] {processor.py:153} INFO - Started process (PID=351926) to work on /home/osboxes/.local/lib/python3.8/site-packages/airflow/example_dags/plugins/workday.py
[2022-08-09 21:44:34,798] {processor.py:641} INFO - Processing file /home/osboxes/.local/lib/python3.8/site-packages/airflow/example_dags/plugins/workday.py for tasks to queue
[2022-08-09 21:44:34,799] {logging_mixin.py:115} INFO - [2022-08-09 21:44:34,799] {dagbag.py:507} INFO - Filling up the DagBag from /home/osboxes/.local/lib/python3.8/site-packages/airflow/example_dags/plugins/workday.py
[2022-08-09 21:44:34,800] {processor.py:653} WARNING - No viable dags retrieved from /home/osboxes/.local/lib/python3.8/site-packages/airflow/example_dags/plugins/workday.py
[2022-08-09 21:44:34,809] {processor.py:161} INFO - Processing /home/osboxes/.local/lib/python3.8/site-packages/airflow/example_dags/plugins/workday.py took 0.015 seconds
[2022-08-09 21:45:25,395] {processor.py:153} INFO - Started process (PID=352397) to work on /home/osboxes/.local/lib/python3.8/site-packages/airflow/example_dags/plugins/workday.py
[2022-08-09 21:45:25,397] {processor.py:641} INFO - Processing file /home/osboxes/.local/lib/python3.8/site-packages/airflow/example_dags/plugins/workday.py for tasks to queue
[2022-08-09 21:45:25,397] {logging_mixin.py:115} INFO - [2022-08-09 21:45:25,397] {dagbag.py:507} INFO - Filling up the DagBag from /home/osboxes/.local/lib/python3.8/site-packages/airflow/example_dags/plugins/workday.py
[2022-08-09 21:45:25,399] {processor.py:653} WARNING - No viable dags retrieved from /home/osboxes/.local/lib/python3.8/site-packages/airflow/example_dags/plugins/workday.py
[2022-08-09 21:45:25,408] {processor.py:161} INFO - Processing /home/osboxes/.local/lib/python3.8/site-packages/airflow/example_dags/plugins/workday.py took 0.014 seconds
[2022-08-09 21:46:13,216] {processor.py:153} INFO - Started process (PID=352834) to work on /home/osboxes/.local/lib/python3.8/site-packages/airflow/example_dags/plugins/workday.py
[2022-08-09 21:46:13,219] {processor.py:641} INFO - Processing file /home/osboxes/.local/lib/python3.8/site-packages/airflow/example_dags/plugins/workday.py for tasks to queue
[2022-08-09 21:46:13,220] {logging_mixin.py:115} INFO - [2022-08-09 21:46:13,220] {dagbag.py:507} INFO - Filling up the DagBag from /home/osboxes/.local/lib/python3.8/site-packages/airflow/example_dags/plugins/workday.py
[2022-08-09 21:46:13,221] {processor.py:653} WARNING - No viable dags retrieved from /home/osboxes/.local/lib/python3.8/site-packages/airflow/example_dags/plugins/workday.py
[2022-08-09 21:46:13,230] {processor.py:161} INFO - Processing /home/osboxes/.local/lib/python3.8/site-packages/airflow/example_dags/plugins/workday.py took 0.016 seconds
[2022-08-09 21:46:55,698] {processor.py:153} INFO - Started process (PID=353214) to work on /home/osboxes/.local/lib/python3.8/site-packages/airflow/example_dags/plugins/workday.py
[2022-08-09 21:46:55,699] {processor.py:641} INFO - Processing file /home/osboxes/.local/lib/python3.8/site-packages/airflow/example_dags/plugins/workday.py for tasks to queue
[2022-08-09 21:46:55,699] {logging_mixin.py:115} INFO - [2022-08-09 21:46:55,699] {dagbag.py:507} INFO - Filling up the DagBag from /home/osboxes/.local/lib/python3.8/site-packages/airflow/example_dags/plugins/workday.py
[2022-08-09 21:46:55,701] {processor.py:653} WARNING - No viable dags retrieved from /home/osboxes/.local/lib/python3.8/site-packages/airflow/example_dags/plugins/workday.py
[2022-08-09 21:46:55,707] {processor.py:161} INFO - Processing /home/osboxes/.local/lib/python3.8/site-packages/airflow/example_dags/plugins/workday.py took 0.012 seconds
[2022-08-09 21:47:48,330] {processor.py:153} INFO - Started process (PID=353711) to work on /home/osboxes/.local/lib/python3.8/site-packages/airflow/example_dags/plugins/workday.py
[2022-08-09 21:47:48,332] {processor.py:641} INFO - Processing file /home/osboxes/.local/lib/python3.8/site-packages/airflow/example_dags/plugins/workday.py for tasks to queue
[2022-08-09 21:47:48,332] {logging_mixin.py:115} INFO - [2022-08-09 21:47:48,332] {dagbag.py:507} INFO - Filling up the DagBag from /home/osboxes/.local/lib/python3.8/site-packages/airflow/example_dags/plugins/workday.py
[2022-08-09 21:47:48,334] {processor.py:653} WARNING - No viable dags retrieved from /home/osboxes/.local/lib/python3.8/site-packages/airflow/example_dags/plugins/workday.py
[2022-08-09 21:47:48,343] {processor.py:161} INFO - Processing /home/osboxes/.local/lib/python3.8/site-packages/airflow/example_dags/plugins/workday.py took 0.015 seconds
[2022-08-09 21:48:29,539] {processor.py:153} INFO - Started process (PID=354071) to work on /home/osboxes/.local/lib/python3.8/site-packages/airflow/example_dags/plugins/workday.py
[2022-08-09 21:48:29,570] {processor.py:641} INFO - Processing file /home/osboxes/.local/lib/python3.8/site-packages/airflow/example_dags/plugins/workday.py for tasks to queue
[2022-08-09 21:48:29,571] {logging_mixin.py:115} INFO - [2022-08-09 21:48:29,570] {dagbag.py:507} INFO - Filling up the DagBag from /home/osboxes/.local/lib/python3.8/site-packages/airflow/example_dags/plugins/workday.py
[2022-08-09 21:48:29,572] {processor.py:653} WARNING - No viable dags retrieved from /home/osboxes/.local/lib/python3.8/site-packages/airflow/example_dags/plugins/workday.py
[2022-08-09 21:48:29,601] {processor.py:161} INFO - Processing /home/osboxes/.local/lib/python3.8/site-packages/airflow/example_dags/plugins/workday.py took 0.063 seconds
[2022-08-09 21:49:14,640] {processor.py:153} INFO - Started process (PID=354538) to work on /home/osboxes/.local/lib/python3.8/site-packages/airflow/example_dags/plugins/workday.py
[2022-08-09 21:49:14,647] {processor.py:641} INFO - Processing file /home/osboxes/.local/lib/python3.8/site-packages/airflow/example_dags/plugins/workday.py for tasks to queue
[2022-08-09 21:49:14,650] {logging_mixin.py:115} INFO - [2022-08-09 21:49:14,649] {dagbag.py:507} INFO - Filling up the DagBag from /home/osboxes/.local/lib/python3.8/site-packages/airflow/example_dags/plugins/workday.py
[2022-08-09 21:49:14,680] {processor.py:653} WARNING - No viable dags retrieved from /home/osboxes/.local/lib/python3.8/site-packages/airflow/example_dags/plugins/workday.py
[2022-08-09 21:49:14,720] {processor.py:161} INFO - Processing /home/osboxes/.local/lib/python3.8/site-packages/airflow/example_dags/plugins/workday.py took 0.090 seconds
[2022-08-09 21:50:07,901] {processor.py:153} INFO - Started process (PID=355005) to work on /home/osboxes/.local/lib/python3.8/site-packages/airflow/example_dags/plugins/workday.py
[2022-08-09 21:50:07,919] {processor.py:641} INFO - Processing file /home/osboxes/.local/lib/python3.8/site-packages/airflow/example_dags/plugins/workday.py for tasks to queue
[2022-08-09 21:50:07,920] {logging_mixin.py:115} INFO - [2022-08-09 21:50:07,920] {dagbag.py:507} INFO - Filling up the DagBag from /home/osboxes/.local/lib/python3.8/site-packages/airflow/example_dags/plugins/workday.py
[2022-08-09 21:50:07,922] {processor.py:653} WARNING - No viable dags retrieved from /home/osboxes/.local/lib/python3.8/site-packages/airflow/example_dags/plugins/workday.py
[2022-08-09 21:50:07,931] {processor.py:161} INFO - Processing /home/osboxes/.local/lib/python3.8/site-packages/airflow/example_dags/plugins/workday.py took 0.032 seconds
[2022-08-09 21:50:56,374] {processor.py:153} INFO - Started process (PID=355474) to work on /home/osboxes/.local/lib/python3.8/site-packages/airflow/example_dags/plugins/workday.py
[2022-08-09 21:50:56,375] {processor.py:641} INFO - Processing file /home/osboxes/.local/lib/python3.8/site-packages/airflow/example_dags/plugins/workday.py for tasks to queue
[2022-08-09 21:50:56,376] {logging_mixin.py:115} INFO - [2022-08-09 21:50:56,376] {dagbag.py:507} INFO - Filling up the DagBag from /home/osboxes/.local/lib/python3.8/site-packages/airflow/example_dags/plugins/workday.py
[2022-08-09 21:50:56,377] {processor.py:653} WARNING - No viable dags retrieved from /home/osboxes/.local/lib/python3.8/site-packages/airflow/example_dags/plugins/workday.py
[2022-08-09 21:50:56,386] {processor.py:161} INFO - Processing /home/osboxes/.local/lib/python3.8/site-packages/airflow/example_dags/plugins/workday.py took 0.015 seconds
[2022-08-09 22:10:03,158] {processor.py:153} INFO - Started process (PID=356221) to work on /home/osboxes/.local/lib/python3.8/site-packages/airflow/example_dags/plugins/workday.py
[2022-08-09 22:10:03,161] {processor.py:641} INFO - Processing file /home/osboxes/.local/lib/python3.8/site-packages/airflow/example_dags/plugins/workday.py for tasks to queue
[2022-08-09 22:10:03,161] {logging_mixin.py:115} INFO - [2022-08-09 22:10:03,161] {dagbag.py:507} INFO - Filling up the DagBag from /home/osboxes/.local/lib/python3.8/site-packages/airflow/example_dags/plugins/workday.py
[2022-08-09 22:10:03,163] {processor.py:653} WARNING - No viable dags retrieved from /home/osboxes/.local/lib/python3.8/site-packages/airflow/example_dags/plugins/workday.py
[2022-08-09 22:10:03,171] {processor.py:161} INFO - Processing /home/osboxes/.local/lib/python3.8/site-packages/airflow/example_dags/plugins/workday.py took 0.015 seconds
[2022-08-09 22:10:43,697] {processor.py:153} INFO - Started process (PID=356597) to work on /home/osboxes/.local/lib/python3.8/site-packages/airflow/example_dags/plugins/workday.py
[2022-08-09 22:10:43,699] {processor.py:641} INFO - Processing file /home/osboxes/.local/lib/python3.8/site-packages/airflow/example_dags/plugins/workday.py for tasks to queue
[2022-08-09 22:10:43,700] {logging_mixin.py:115} INFO - [2022-08-09 22:10:43,700] {dagbag.py:507} INFO - Filling up the DagBag from /home/osboxes/.local/lib/python3.8/site-packages/airflow/example_dags/plugins/workday.py
[2022-08-09 22:10:43,701] {processor.py:653} WARNING - No viable dags retrieved from /home/osboxes/.local/lib/python3.8/site-packages/airflow/example_dags/plugins/workday.py
[2022-08-09 22:10:43,711] {processor.py:161} INFO - Processing /home/osboxes/.local/lib/python3.8/site-packages/airflow/example_dags/plugins/workday.py took 0.016 seconds
[2022-08-09 22:11:27,155] {processor.py:153} INFO - Started process (PID=356995) to work on /home/osboxes/.local/lib/python3.8/site-packages/airflow/example_dags/plugins/workday.py
[2022-08-09 22:11:27,156] {processor.py:641} INFO - Processing file /home/osboxes/.local/lib/python3.8/site-packages/airflow/example_dags/plugins/workday.py for tasks to queue
[2022-08-09 22:11:27,157] {logging_mixin.py:115} INFO - [2022-08-09 22:11:27,156] {dagbag.py:507} INFO - Filling up the DagBag from /home/osboxes/.local/lib/python3.8/site-packages/airflow/example_dags/plugins/workday.py
[2022-08-09 22:11:27,158] {processor.py:653} WARNING - No viable dags retrieved from /home/osboxes/.local/lib/python3.8/site-packages/airflow/example_dags/plugins/workday.py
[2022-08-09 22:11:27,167] {processor.py:161} INFO - Processing /home/osboxes/.local/lib/python3.8/site-packages/airflow/example_dags/plugins/workday.py took 0.015 seconds
[2022-08-09 22:12:15,005] {processor.py:153} INFO - Started process (PID=357482) to work on /home/osboxes/.local/lib/python3.8/site-packages/airflow/example_dags/plugins/workday.py
[2022-08-09 22:12:15,006] {processor.py:641} INFO - Processing file /home/osboxes/.local/lib/python3.8/site-packages/airflow/example_dags/plugins/workday.py for tasks to queue
[2022-08-09 22:12:15,007] {logging_mixin.py:115} INFO - [2022-08-09 22:12:15,007] {dagbag.py:507} INFO - Filling up the DagBag from /home/osboxes/.local/lib/python3.8/site-packages/airflow/example_dags/plugins/workday.py
[2022-08-09 22:12:15,008] {processor.py:653} WARNING - No viable dags retrieved from /home/osboxes/.local/lib/python3.8/site-packages/airflow/example_dags/plugins/workday.py
[2022-08-09 22:12:15,018] {processor.py:161} INFO - Processing /home/osboxes/.local/lib/python3.8/site-packages/airflow/example_dags/plugins/workday.py took 0.016 seconds
[2022-08-09 22:12:56,439] {processor.py:153} INFO - Started process (PID=357867) to work on /home/osboxes/.local/lib/python3.8/site-packages/airflow/example_dags/plugins/workday.py
[2022-08-09 22:12:56,441] {processor.py:641} INFO - Processing file /home/osboxes/.local/lib/python3.8/site-packages/airflow/example_dags/plugins/workday.py for tasks to queue
[2022-08-09 22:12:56,441] {logging_mixin.py:115} INFO - [2022-08-09 22:12:56,441] {dagbag.py:507} INFO - Filling up the DagBag from /home/osboxes/.local/lib/python3.8/site-packages/airflow/example_dags/plugins/workday.py
[2022-08-09 22:12:56,442] {processor.py:653} WARNING - No viable dags retrieved from /home/osboxes/.local/lib/python3.8/site-packages/airflow/example_dags/plugins/workday.py
[2022-08-09 22:12:56,453] {processor.py:161} INFO - Processing /home/osboxes/.local/lib/python3.8/site-packages/airflow/example_dags/plugins/workday.py took 0.016 seconds
                                                                                                                                                                                                                                                                                                                                                                                                                                                                                                                                                                                                                                                                                                                                                                                