[2022-08-09 11:36:57,875] {taskinstance.py:1159} INFO - Dependencies all met for <TaskInstance: nse_daily_data_load.Truncate_relaod_table scheduled__2022-08-08T13:37:00+00:00 [queued]>
[2022-08-09 11:36:57,922] {taskinstance.py:1159} INFO - Dependencies all met for <TaskInstance: nse_daily_data_load.Truncate_relaod_table scheduled__2022-08-08T13:37:00+00:00 [queued]>
[2022-08-09 11:36:57,923] {taskinstance.py:1356} INFO - 
--------------------------------------------------------------------------------
[2022-08-09 11:36:57,923] {taskinstance.py:1357} INFO - Starting attempt 2 of 2
[2022-08-09 11:36:57,923] {taskinstance.py:1358} INFO - 
--------------------------------------------------------------------------------
[2022-08-09 11:36:58,147] {taskinstance.py:1377} INFO - Executing <Task(SnowflakeOperator): Truncate_relaod_table> on 2022-08-08 13:37:00+00:00
[2022-08-09 11:36:58,189] {standard_task_runner.py:52} INFO - Started process 196263 to run task
[2022-08-09 11:36:58,195] {standard_task_runner.py:79} INFO - Running: ['airflow', 'tasks', 'run', 'nse_daily_data_load', 'Truncate_relaod_table', 'scheduled__2022-08-08T13:37:00+00:00', '--job-id', '220', '--raw', '--subdir', 'DAGS_FOLDER/nse_daily_load_stg.py', '--cfg-path', '/tmp/tmppn5b9k82', '--error-file', '/tmp/tmppl34_n32']
[2022-08-09 11:36:58,210] {standard_task_runner.py:80} INFO - Job 220: Subtask Truncate_relaod_table
[2022-08-09 11:36:58,407] {task_command.py:369} INFO - Running <TaskInstance: nse_daily_data_load.Truncate_relaod_table scheduled__2022-08-08T13:37:00+00:00 [running]> on host osboxes
[2022-08-09 11:36:58,678] {taskinstance.py:1569} INFO - Exporting the following env vars:
AIRFLOW_CTX_DAG_OWNER=Airflow
AIRFLOW_CTX_DAG_ID=nse_daily_data_load
AIRFLOW_CTX_TASK_ID=Truncate_relaod_table
AIRFLOW_CTX_EXECUTION_DATE=2022-08-08T13:37:00+00:00
AIRFLOW_CTX_TRY_NUMBER=2
AIRFLOW_CTX_DAG_RUN_ID=scheduled__2022-08-08T13:37:00+00:00
[2022-08-09 11:36:58,827] {snowflake.py:118} INFO - Executing:  call EDW_DEV.EDW.LOAD_NSE_DAILY_DATA_WITH_MEASURES(); 
[2022-08-09 11:36:58,878] {base.py:68} INFO - Using connection ID 'snowflake_conn_id' for task execution.
[2022-08-09 11:36:58,881] {connection.py:257} INFO - Snowflake Connector for Python Version: 2.7.8, Python Version: 3.8.10, Platform: Linux-5.4.0-74-generic-x86_64-with-glibc2.29
[2022-08-09 11:36:58,926] {connection.py:876} INFO - This connection is in OCSP Fail Open Mode. TLS Certificates would be checked for validity and revocation status. Any other Certificate Revocation related exceptions or OCSP Responder failures would be disregarded in favor of connectivity.
[2022-08-09 11:36:58,926] {connection.py:894} INFO - Setting use_openssl_only mode to False
[2022-08-09 11:37:00,247] {cursor.py:710} INFO - query: [ALTER SESSION SET autocommit=True]
[2022-08-09 11:37:00,319] {cursor.py:734} INFO - query execution done
[2022-08-09 11:37:00,320] {snowflake.py:328} INFO - Running statement: call EDW_DEV.EDW.LOAD_NSE_DAILY_DATA_WITH_MEASURES();, parameters: None
[2022-08-09 11:37:00,321] {cursor.py:710} INFO - query: [call EDW_DEV.EDW.LOAD_NSE_DAILY_DATA_WITH_MEASURES();]
[2022-08-09 11:39:06,539] {cursor.py:734} INFO - query execution done
[2022-08-09 11:39:06,540] {snowflake.py:338} INFO - Statement execution info - {'LOAD_NSE_DAILY_DATA_WITH_MEASURES': 'ZYDUSLIFE'}
[2022-08-09 11:39:06,540] {snowflake.py:342} INFO - Rows affected: 1
[2022-08-09 11:39:06,540] {snowflake.py:343} INFO - Snowflake query id: 01a62cc9-0501-b52a-006e-0a830001e1b6
[2022-08-09 11:39:06,540] {connection.py:507} INFO - closed
[2022-08-09 11:39:06,578] {connection.py:510} INFO - No async queries seem to be running, deleting session
[2022-08-09 11:39:06,735] {taskinstance.py:1395} INFO - Marking task as SUCCESS. dag_id=nse_daily_data_load, task_id=Truncate_relaod_table, execution_date=20220808T133700, start_date=20220809T153657, end_date=20220809T153906
[2022-08-09 11:39:06,783] {local_task_job.py:156} INFO - Task exited with return code 0
[2022-08-09 11:39:06,794] {local_task_job.py:273} INFO - 0 downstream tasks scheduled from follow-on schedule check
