[2022-08-28 11:08:41,704] {taskinstance.py:1159} INFO - Dependencies all met for <TaskInstance: Hands_pract_v1.first_task scheduled__2022-08-27T00:00:00+00:00 [queued]>
[2022-08-28 11:08:41,738] {taskinstance.py:1159} INFO - Dependencies all met for <TaskInstance: Hands_pract_v1.first_task scheduled__2022-08-27T00:00:00+00:00 [queued]>
[2022-08-28 11:08:41,738] {taskinstance.py:1356} INFO - 
--------------------------------------------------------------------------------
[2022-08-28 11:08:41,739] {taskinstance.py:1357} INFO - Starting attempt 1 of 6
[2022-08-28 11:08:41,739] {taskinstance.py:1358} INFO - 
--------------------------------------------------------------------------------
[2022-08-28 11:08:41,772] {taskinstance.py:1377} INFO - Executing <Task(BashOperator): first_task> on 2022-08-27 00:00:00+00:00
[2022-08-28 11:08:41,774] {standard_task_runner.py:52} INFO - Started process 14272 to run task
[2022-08-28 11:08:41,787] {standard_task_runner.py:79} INFO - Running: ['airflow', 'tasks', 'run', 'Hands_pract_v1', 'first_task', 'scheduled__2022-08-27T00:00:00+00:00', '--job-id', '397', '--raw', '--subdir', 'DAGS_FOLDER/dag_hand1.py', '--cfg-path', '/tmp/tmpli0b7bwq', '--error-file', '/tmp/tmp0gg5y_oi']
[2022-08-28 11:08:41,789] {standard_task_runner.py:80} INFO - Job 397: Subtask first_task
[2022-08-28 11:08:41,921] {task_command.py:369} INFO - Running <TaskInstance: Hands_pract_v1.first_task scheduled__2022-08-27T00:00:00+00:00 [running]> on host osboxes
[2022-08-28 11:08:42,136] {taskinstance.py:1569} INFO - Exporting the following env vars:
AIRFLOW_CTX_DAG_OWNER=SFAFDE
AIRFLOW_CTX_DAG_ID=Hands_pract_v1
AIRFLOW_CTX_TASK_ID=first_task
AIRFLOW_CTX_EXECUTION_DATE=2022-08-27T00:00:00+00:00
AIRFLOW_CTX_TRY_NUMBER=1
AIRFLOW_CTX_DAG_RUN_ID=scheduled__2022-08-27T00:00:00+00:00
[2022-08-28 11:08:42,136] {subprocess.py:62} INFO - Tmp dir root location: 
 /tmp
[2022-08-28 11:08:42,137] {subprocess.py:74} INFO - Running command: ['bash', '-c', ' echo Hello world this is my first task in this hands on!']
[2022-08-28 11:08:42,156] {subprocess.py:85} INFO - Output:
[2022-08-28 11:08:42,183] {subprocess.py:92} INFO - Hello world this is my first task in this hands on!
[2022-08-28 11:08:42,184] {subprocess.py:96} INFO - Command exited with return code 0
[2022-08-28 11:08:42,223] {taskinstance.py:1395} INFO - Marking task as SUCCESS. dag_id=Hands_pract_v1, task_id=first_task, execution_date=20220827T000000, start_date=20220828T150841, end_date=20220828T150842
[2022-08-28 11:08:42,327] {local_task_job.py:156} INFO - Task exited with return code 0
[2022-08-28 11:08:42,386] {local_task_job.py:273} INFO - 0 downstream tasks scheduled from follow-on schedule check
