[2022-08-17 00:30:26,282] {taskinstance.py:1159} INFO - Dependencies all met for <TaskInstance: nse_daily_data_load.nse_files_move scheduled__2022-08-13T13:37:00+00:00 [queued]>
[2022-08-17 00:30:26,299] {taskinstance.py:1159} INFO - Dependencies all met for <TaskInstance: nse_daily_data_load.nse_files_move scheduled__2022-08-13T13:37:00+00:00 [queued]>
[2022-08-17 00:30:26,299] {taskinstance.py:1356} INFO - 
--------------------------------------------------------------------------------
[2022-08-17 00:30:26,299] {taskinstance.py:1357} INFO - Starting attempt 1 of 1
[2022-08-17 00:30:26,300] {taskinstance.py:1358} INFO - 
--------------------------------------------------------------------------------
[2022-08-17 00:30:26,362] {taskinstance.py:1377} INFO - Executing <Task(PythonOperator): nse_files_move> on 2022-08-13 13:37:00+00:00
[2022-08-17 00:30:26,372] {standard_task_runner.py:52} INFO - Started process 8142 to run task
[2022-08-17 00:30:26,408] {standard_task_runner.py:79} INFO - Running: ['airflow', 'tasks', 'run', 'nse_daily_data_load', 'nse_files_move', 'scheduled__2022-08-13T13:37:00+00:00', '--job-id', '300', '--raw', '--subdir', 'DAGS_FOLDER/nse_daily_load_stg.py', '--cfg-path', '/tmp/tmpmuum6989', '--error-file', '/tmp/tmp57vvqzrj']
[2022-08-17 00:30:26,426] {standard_task_runner.py:80} INFO - Job 300: Subtask nse_files_move
[2022-08-17 00:30:27,460] {task_command.py:369} INFO - Running <TaskInstance: nse_daily_data_load.nse_files_move scheduled__2022-08-13T13:37:00+00:00 [running]> on host osboxes
[2022-08-17 00:30:27,848] {taskinstance.py:1569} INFO - Exporting the following env vars:
AIRFLOW_CTX_DAG_OWNER=Airflow
AIRFLOW_CTX_DAG_ID=nse_daily_data_load
AIRFLOW_CTX_TASK_ID=nse_files_move
AIRFLOW_CTX_EXECUTION_DATE=2022-08-13T13:37:00+00:00
AIRFLOW_CTX_TRY_NUMBER=1
AIRFLOW_CTX_DAG_RUN_ID=scheduled__2022-08-13T13:37:00+00:00
[2022-08-17 00:30:27,861] {logging_mixin.py:115} INFO - 2022-08-17
[2022-08-17 00:30:27,881] {logging_mixin.py:115} INFO - /home/osboxes/Desktop/archives_files/2022-08-17 target file location
[2022-08-17 00:30:27,902] {python.py:173} INFO - Done. Returned value was: None
[2022-08-17 00:30:27,988] {taskinstance.py:1395} INFO - Marking task as SUCCESS. dag_id=nse_daily_data_load, task_id=nse_files_move, execution_date=20220813T133700, start_date=20220817T043026, end_date=20220817T043027
[2022-08-17 00:30:28,145] {local_task_job.py:156} INFO - Task exited with return code 0
[2022-08-17 00:30:28,415] {local_task_job.py:273} INFO - 1 downstream tasks scheduled from follow-on schedule check
