[2022-09-05 00:19:15,751] {taskinstance.py:1159} INFO - Dependencies all met for <TaskInstance: nse_daily_data_load.old_files_clear scheduled__2022-09-02T13:37:00+00:00 [queued]>
[2022-09-05 00:19:16,058] {taskinstance.py:1159} INFO - Dependencies all met for <TaskInstance: nse_daily_data_load.old_files_clear scheduled__2022-09-02T13:37:00+00:00 [queued]>
[2022-09-05 00:19:16,087] {taskinstance.py:1356} INFO - 
--------------------------------------------------------------------------------
[2022-09-05 00:19:16,088] {taskinstance.py:1357} INFO - Starting attempt 1 of 1
[2022-09-05 00:19:16,088] {taskinstance.py:1358} INFO - 
--------------------------------------------------------------------------------
[2022-09-05 00:19:16,604] {taskinstance.py:1377} INFO - Executing <Task(PythonOperator): old_files_clear> on 2022-09-02 13:37:00+00:00
[2022-09-05 00:19:16,706] {standard_task_runner.py:52} INFO - Started process 10668 to run task
[2022-09-05 00:19:17,396] {standard_task_runner.py:79} INFO - Running: ['airflow', 'tasks', 'run', 'nse_daily_data_load', 'old_files_clear', 'scheduled__2022-09-02T13:37:00+00:00', '--job-id', '467', '--raw', '--subdir', 'DAGS_FOLDER/nse_daily_load_stg.py', '--cfg-path', '/tmp/tmpte39g18x', '--error-file', '/tmp/tmpg6173z0w']
[2022-09-05 00:19:17,428] {standard_task_runner.py:80} INFO - Job 467: Subtask old_files_clear
[2022-09-05 00:19:18,328] {task_command.py:369} INFO - Running <TaskInstance: nse_daily_data_load.old_files_clear scheduled__2022-09-02T13:37:00+00:00 [running]> on host osboxes
[2022-09-05 00:19:20,959] {taskinstance.py:1569} INFO - Exporting the following env vars:
AIRFLOW_CTX_DAG_OWNER=Airflow
AIRFLOW_CTX_DAG_ID=nse_daily_data_load
AIRFLOW_CTX_TASK_ID=old_files_clear
AIRFLOW_CTX_EXECUTION_DATE=2022-09-02T13:37:00+00:00
AIRFLOW_CTX_TRY_NUMBER=1
AIRFLOW_CTX_DAG_RUN_ID=scheduled__2022-09-02T13:37:00+00:00
[2022-09-05 00:19:21,040] {logging_mixin.py:115} INFO - 2022-09-05
[2022-09-05 00:19:21,040] {logging_mixin.py:115} INFO - ['.env', 'airflow.cfg', 'dags', 'plugins', 'logs', 'webserver_config.py', 'README.md', '.git', 'docker-compose.yml', 'airflow.db', 'airflow-webserver.pid'] get current directory
[2022-09-05 00:19:21,041] {logging_mixin.py:115} INFO - Testin ------------- <module 'posixpath' from '/usr/lib/python3.8/posixpath.py'> ------- /home/osboxes/airflow/dags
[2022-09-05 00:19:21,041] {python.py:173} INFO - Done. Returned value was: None
[2022-09-05 00:19:21,176] {taskinstance.py:1395} INFO - Marking task as SUCCESS. dag_id=nse_daily_data_load, task_id=old_files_clear, execution_date=20220902T133700, start_date=20220905T041915, end_date=20220905T041921
[2022-09-05 00:19:21,567] {local_task_job.py:156} INFO - Task exited with return code 0
[2022-09-05 00:19:22,087] {local_task_job.py:273} INFO - 1 downstream tasks scheduled from follow-on schedule check
