[2022-08-30 06:57:53,935] {taskinstance.py:1159} INFO - Dependencies all met for <TaskInstance: nse_daily_data_load.nse_download_files scheduled__2022-08-28T13:37:00+00:00 [queued]>
[2022-08-30 06:57:54,005] {taskinstance.py:1159} INFO - Dependencies all met for <TaskInstance: nse_daily_data_load.nse_download_files scheduled__2022-08-28T13:37:00+00:00 [queued]>
[2022-08-30 06:57:54,007] {taskinstance.py:1356} INFO - 
--------------------------------------------------------------------------------
[2022-08-30 06:57:54,007] {taskinstance.py:1357} INFO - Starting attempt 2 of 2
[2022-08-30 06:57:54,007] {taskinstance.py:1358} INFO - 
--------------------------------------------------------------------------------
[2022-08-30 06:57:54,065] {taskinstance.py:1377} INFO - Executing <Task(PythonOperator): nse_download_files> on 2022-08-28 13:37:00+00:00
[2022-08-30 06:57:54,074] {standard_task_runner.py:52} INFO - Started process 15424 to run task
[2022-08-30 06:57:54,085] {standard_task_runner.py:79} INFO - Running: ['airflow', 'tasks', 'run', 'nse_daily_data_load', 'nse_download_files', 'scheduled__2022-08-28T13:37:00+00:00', '--job-id', '430', '--raw', '--subdir', 'DAGS_FOLDER/nse_daily_load_stg.py', '--cfg-path', '/tmp/tmphigg_zt2', '--error-file', '/tmp/tmpcns633oz']
[2022-08-30 06:57:54,098] {standard_task_runner.py:80} INFO - Job 430: Subtask nse_download_files
[2022-08-30 06:57:54,232] {task_command.py:369} INFO - Running <TaskInstance: nse_daily_data_load.nse_download_files scheduled__2022-08-28T13:37:00+00:00 [running]> on host osboxes
[2022-08-30 06:57:54,361] {taskinstance.py:1569} INFO - Exporting the following env vars:
AIRFLOW_CTX_DAG_OWNER=Airflow
AIRFLOW_CTX_DAG_ID=nse_daily_data_load
AIRFLOW_CTX_TASK_ID=nse_download_files
AIRFLOW_CTX_EXECUTION_DATE=2022-08-28T13:37:00+00:00
AIRFLOW_CTX_TRY_NUMBER=2
AIRFLOW_CTX_DAG_RUN_ID=scheduled__2022-08-28T13:37:00+00:00
[2022-08-30 06:57:54,370] {logging_mixin.py:115} INFO - 
cm25AUG2022bhav
[2022-08-30 06:57:54,371] {logging_mixin.py:115} INFO - enter try in loop
[2022-08-30 06:57:54,371] {logging_mixin.py:115} INFO - https://www1.nseindia.com/content/historical/EQUITIES/2022/AUG/cm25AUG2022bhav.csv.zip
[2022-08-30 06:57:55,021] {logging_mixin.py:115} INFO - https://www1.nseindia.com/content/historical/EQUITIES/2022/AUG/cm25AUG2022bhav.csv.zip
[2022-08-30 06:57:55,022] {logging_mixin.py:115} INFO - 
cm26AUG2022bhav
[2022-08-30 06:57:55,022] {logging_mixin.py:115} INFO - enter try in loop
[2022-08-30 06:57:55,022] {logging_mixin.py:115} INFO - https://www1.nseindia.com/content/historical/EQUITIES/2022/AUG/cm26AUG2022bhav.csv.zip
[2022-08-30 06:57:55,580] {logging_mixin.py:115} INFO - https://www1.nseindia.com/content/historical/EQUITIES/2022/AUG/cm26AUG2022bhav.csv.zip
[2022-08-30 06:57:55,580] {logging_mixin.py:115} INFO - 
cm27AUG2022bhav
[2022-08-30 06:57:55,580] {logging_mixin.py:115} INFO - enter try in loop
[2022-08-30 06:57:55,580] {logging_mixin.py:115} INFO - https://www1.nseindia.com/content/historical/EQUITIES/2022/AUG/cm27AUG2022bhav.csv.zip
[2022-08-30 06:57:55,677] {logging_mixin.py:115} INFO - issue occured
[2022-08-30 06:57:55,678] {logging_mixin.py:115} INFO - 
cm28AUG2022bhav
[2022-08-30 06:57:55,678] {logging_mixin.py:115} INFO - enter try in loop
[2022-08-30 06:57:55,679] {logging_mixin.py:115} INFO - https://www1.nseindia.com/content/historical/EQUITIES/2022/AUG/cm28AUG2022bhav.csv.zip
[2022-08-30 06:57:55,775] {logging_mixin.py:115} INFO - issue occured
[2022-08-30 06:57:55,775] {logging_mixin.py:115} INFO - 
cm29AUG2022bhav
[2022-08-30 06:57:55,776] {logging_mixin.py:115} INFO - enter try in loop
[2022-08-30 06:57:55,776] {logging_mixin.py:115} INFO - https://www1.nseindia.com/content/historical/EQUITIES/2022/AUG/cm29AUG2022bhav.csv.zip
[2022-08-30 06:57:56,337] {logging_mixin.py:115} INFO - https://www1.nseindia.com/content/historical/EQUITIES/2022/AUG/cm29AUG2022bhav.csv.zip
[2022-08-30 06:57:56,339] {logging_mixin.py:115} INFO - 
cm30AUG2022bhav
[2022-08-30 06:57:56,339] {logging_mixin.py:115} INFO - enter try in loop
[2022-08-30 06:57:56,339] {logging_mixin.py:115} INFO - https://www1.nseindia.com/content/historical/EQUITIES/2022/AUG/cm30AUG2022bhav.csv.zip
[2022-08-30 06:57:56,434] {logging_mixin.py:115} INFO - issue occured
[2022-08-30 06:57:56,435] {logging_mixin.py:115} INFO - ['cm25AUG2022bhav.csv.zip', 'cm26AUG2022bhav.csv.zip', 'cm29AUG2022bhav.csv.zip']
[2022-08-30 06:57:56,436] {logging_mixin.py:115} INFO - cm25AUG2022bhav.csv.zip
[2022-08-30 06:57:56,476] {logging_mixin.py:115} INFO - cm26AUG2022bhav.csv.zip
[2022-08-30 06:57:56,484] {logging_mixin.py:115} INFO - cm29AUG2022bhav.csv.zip
[2022-08-30 06:57:56,517] {python.py:173} INFO - Done. Returned value was: None
[2022-08-30 06:57:56,525] {taskinstance.py:1395} INFO - Marking task as SUCCESS. dag_id=nse_daily_data_load, task_id=nse_download_files, execution_date=20220828T133700, start_date=20220830T105753, end_date=20220830T105756
[2022-08-30 06:57:56,632] {local_task_job.py:156} INFO - Task exited with return code 0
[2022-08-30 06:57:56,806] {local_task_job.py:273} INFO - 1 downstream tasks scheduled from follow-on schedule check
