[2022-08-24 00:08:12,455] {processor.py:153} INFO - Started process (PID=18305) to work on /home/osboxes/.local/lib/python3.8/site-packages/airflow/example_dags/example_latest_only.py
[2022-08-24 00:08:12,456] {processor.py:641} INFO - Processing file /home/osboxes/.local/lib/python3.8/site-packages/airflow/example_dags/example_latest_only.py for tasks to queue
[2022-08-24 00:08:12,457] {logging_mixin.py:115} INFO - [2022-08-24 00:08:12,457] {dagbag.py:507} INFO - Filling up the DagBag from /home/osboxes/.local/lib/python3.8/site-packages/airflow/example_dags/example_latest_only.py
[2022-08-24 00:08:12,465] {processor.py:651} INFO - DAG(s) dict_keys(['latest_only']) retrieved from /home/osboxes/.local/lib/python3.8/site-packages/airflow/example_dags/example_latest_only.py
[2022-08-24 00:08:12,497] {logging_mixin.py:115} INFO - [2022-08-24 00:08:12,497] {dag.py:2371} INFO - Sync 1 DAGs
[2022-08-24 00:08:12,524] {logging_mixin.py:115} INFO - [2022-08-24 00:08:12,524] {dag.py:2915} INFO - Setting next_dagrun for latest_only to 2022-08-24T00:08:12.524025+00:00, run_after=2022-08-24T04:08:12.524025+00:00
[2022-08-24 00:08:12,577] {processor.py:161} INFO - Processing /home/osboxes/.local/lib/python3.8/site-packages/airflow/example_dags/example_latest_only.py took 0.128 seconds
[2022-08-24 00:09:01,418] {processor.py:153} INFO - Started process (PID=18718) to work on /home/osboxes/.local/lib/python3.8/site-packages/airflow/example_dags/example_latest_only.py
[2022-08-24 00:09:01,420] {processor.py:641} INFO - Processing file /home/osboxes/.local/lib/python3.8/site-packages/airflow/example_dags/example_latest_only.py for tasks to queue
[2022-08-24 00:09:01,421] {logging_mixin.py:115} INFO - [2022-08-24 00:09:01,421] {dagbag.py:507} INFO - Filling up the DagBag from /home/osboxes/.local/lib/python3.8/site-packages/airflow/example_dags/example_latest_only.py
[2022-08-24 00:09:01,426] {processor.py:651} INFO - DAG(s) dict_keys(['latest_only']) retrieved from /home/osboxes/.local/lib/python3.8/site-packages/airflow/example_dags/example_latest_only.py
[2022-08-24 00:09:01,455] {logging_mixin.py:115} INFO - [2022-08-24 00:09:01,455] {dag.py:2371} INFO - Sync 1 DAGs
[2022-08-24 00:09:01,472] {logging_mixin.py:115} INFO - [2022-08-24 00:09:01,472] {dag.py:2915} INFO - Setting next_dagrun for latest_only to 2022-08-24T00:09:01.472395+00:00, run_after=2022-08-24T04:09:01.472395+00:00
[2022-08-24 00:09:01,506] {processor.py:161} INFO - Processing /home/osboxes/.local/lib/python3.8/site-packages/airflow/example_dags/example_latest_only.py took 0.091 seconds
[2022-08-24 00:09:57,148] {processor.py:153} INFO - Started process (PID=19193) to work on /home/osboxes/.local/lib/python3.8/site-packages/airflow/example_dags/example_latest_only.py
[2022-08-24 00:09:57,150] {processor.py:641} INFO - Processing file /home/osboxes/.local/lib/python3.8/site-packages/airflow/example_dags/example_latest_only.py for tasks to queue
[2022-08-24 00:09:57,150] {logging_mixin.py:115} INFO - [2022-08-24 00:09:57,150] {dagbag.py:507} INFO - Filling up the DagBag from /home/osboxes/.local/lib/python3.8/site-packages/airflow/example_dags/example_latest_only.py
[2022-08-24 00:09:57,155] {processor.py:651} INFO - DAG(s) dict_keys(['latest_only']) retrieved from /home/osboxes/.local/lib/python3.8/site-packages/airflow/example_dags/example_latest_only.py
[2022-08-24 00:09:57,176] {logging_mixin.py:115} INFO - [2022-08-24 00:09:57,176] {dag.py:2371} INFO - Sync 1 DAGs
[2022-08-24 00:09:57,192] {logging_mixin.py:115} INFO - [2022-08-24 00:09:57,192] {dag.py:2915} INFO - Setting next_dagrun for latest_only to 2022-08-24T00:09:57.191902+00:00, run_after=2022-08-24T04:09:57.191902+00:00
[2022-08-24 00:09:57,240] {processor.py:161} INFO - Processing /home/osboxes/.local/lib/python3.8/site-packages/airflow/example_dags/example_latest_only.py took 0.094 seconds
[2022-08-24 00:10:46,236] {processor.py:153} INFO - Started process (PID=19579) to work on /home/osboxes/.local/lib/python3.8/site-packages/airflow/example_dags/example_latest_only.py
[2022-08-24 00:10:46,238] {processor.py:641} INFO - Processing file /home/osboxes/.local/lib/python3.8/site-packages/airflow/example_dags/example_latest_only.py for tasks to queue
[2022-08-24 00:10:46,238] {logging_mixin.py:115} INFO - [2022-08-24 00:10:46,238] {dagbag.py:507} INFO - Filling up the DagBag from /home/osboxes/.local/lib/python3.8/site-packages/airflow/example_dags/example_latest_only.py
[2022-08-24 00:10:46,246] {processor.py:651} INFO - DAG(s) dict_keys(['latest_only']) retrieved from /home/osboxes/.local/lib/python3.8/site-packages/airflow/example_dags/example_latest_only.py
[2022-08-24 00:10:46,263] {logging_mixin.py:115} INFO - [2022-08-24 00:10:46,263] {dag.py:2371} INFO - Sync 1 DAGs
[2022-08-24 00:10:46,275] {logging_mixin.py:115} INFO - [2022-08-24 00:10:46,275] {dag.py:2915} INFO - Setting next_dagrun for latest_only to 2022-08-24T00:10:46.275359+00:00, run_after=2022-08-24T04:10:46.275359+00:00
[2022-08-24 00:10:46,313] {processor.py:161} INFO - Processing /home/osboxes/.local/lib/python3.8/site-packages/airflow/example_dags/example_latest_only.py took 0.086 seconds
[2022-08-24 00:11:38,477] {processor.py:153} INFO - Started process (PID=19987) to work on /home/osboxes/.local/lib/python3.8/site-packages/airflow/example_dags/example_latest_only.py
[2022-08-24 00:11:38,479] {processor.py:641} INFO - Processing file /home/osboxes/.local/lib/python3.8/site-packages/airflow/example_dags/example_latest_only.py for tasks to queue
[2022-08-24 00:11:38,480] {logging_mixin.py:115} INFO - [2022-08-24 00:11:38,480] {dagbag.py:507} INFO - Filling up the DagBag from /home/osboxes/.local/lib/python3.8/site-packages/airflow/example_dags/example_latest_only.py
[2022-08-24 00:11:38,488] {processor.py:651} INFO - DAG(s) dict_keys(['latest_only']) retrieved from /home/osboxes/.local/lib/python3.8/site-packages/airflow/example_dags/example_latest_only.py
[2022-08-24 00:11:38,508] {logging_mixin.py:115} INFO - [2022-08-24 00:11:38,508] {dag.py:2371} INFO - Sync 1 DAGs
[2022-08-24 00:11:38,529] {logging_mixin.py:115} INFO - [2022-08-24 00:11:38,529] {dag.py:2915} INFO - Setting next_dagrun for latest_only to 2022-08-24T00:11:38.526704+00:00, run_after=2022-08-24T04:11:38.526704+00:00
[2022-08-24 00:11:38,564] {processor.py:161} INFO - Processing /home/osboxes/.local/lib/python3.8/site-packages/airflow/example_dags/example_latest_only.py took 0.092 seconds
[2022-08-24 00:12:56,885] {processor.py:153} INFO - Started process (PID=20618) to work on /home/osboxes/.local/lib/python3.8/site-packages/airflow/example_dags/example_latest_only.py
[2022-08-24 00:12:56,889] {processor.py:641} INFO - Processing file /home/osboxes/.local/lib/python3.8/site-packages/airflow/example_dags/example_latest_only.py for tasks to queue
[2022-08-24 00:12:56,889] {logging_mixin.py:115} INFO - [2022-08-24 00:12:56,889] {dagbag.py:507} INFO - Filling up the DagBag from /home/osboxes/.local/lib/python3.8/site-packages/airflow/example_dags/example_latest_only.py
[2022-08-24 00:12:56,899] {processor.py:651} INFO - DAG(s) dict_keys(['latest_only']) retrieved from /home/osboxes/.local/lib/python3.8/site-packages/airflow/example_dags/example_latest_only.py
[2022-08-24 00:12:56,933] {logging_mixin.py:115} INFO - [2022-08-24 00:12:56,933] {dag.py:2371} INFO - Sync 1 DAGs
[2022-08-24 00:12:56,958] {logging_mixin.py:115} INFO - [2022-08-24 00:12:56,958] {dag.py:2915} INFO - Setting next_dagrun for latest_only to 2022-08-24T00:12:56.957759+00:00, run_after=2022-08-24T04:12:56.957759+00:00
[2022-08-24 00:12:56,999] {processor.py:161} INFO - Processing /home/osboxes/.local/lib/python3.8/site-packages/airflow/example_dags/example_latest_only.py took 0.118 seconds
[2022-08-24 00:13:44,267] {processor.py:153} INFO - Started process (PID=20988) to work on /home/osboxes/.local/lib/python3.8/site-packages/airflow/example_dags/example_latest_only.py
[2022-08-24 00:13:44,268] {processor.py:641} INFO - Processing file /home/osboxes/.local/lib/python3.8/site-packages/airflow/example_dags/example_latest_only.py for tasks to queue
[2022-08-24 00:13:44,269] {logging_mixin.py:115} INFO - [2022-08-24 00:13:44,269] {dagbag.py:507} INFO - Filling up the DagBag from /home/osboxes/.local/lib/python3.8/site-packages/airflow/example_dags/example_latest_only.py
[2022-08-24 00:13:44,273] {processor.py:651} INFO - DAG(s) dict_keys(['latest_only']) retrieved from /home/osboxes/.local/lib/python3.8/site-packages/airflow/example_dags/example_latest_only.py
[2022-08-24 00:13:44,293] {logging_mixin.py:115} INFO - [2022-08-24 00:13:44,293] {dag.py:2371} INFO - Sync 1 DAGs
[2022-08-24 00:13:44,311] {logging_mixin.py:115} INFO - [2022-08-24 00:13:44,310] {dag.py:2915} INFO - Setting next_dagrun for latest_only to 2022-08-24T00:13:44.310754+00:00, run_after=2022-08-24T04:13:44.310754+00:00
[2022-08-24 00:13:44,362] {processor.py:161} INFO - Processing /home/osboxes/.local/lib/python3.8/site-packages/airflow/example_dags/example_latest_only.py took 0.097 seconds
[2022-08-24 00:14:32,355] {processor.py:153} INFO - Started process (PID=21372) to work on /home/osboxes/.local/lib/python3.8/site-packages/airflow/example_dags/example_latest_only.py
[2022-08-24 00:14:32,357] {processor.py:641} INFO - Processing file /home/osboxes/.local/lib/python3.8/site-packages/airflow/example_dags/example_latest_only.py for tasks to queue
[2022-08-24 00:14:32,357] {logging_mixin.py:115} INFO - [2022-08-24 00:14:32,357] {dagbag.py:507} INFO - Filling up the DagBag from /home/osboxes/.local/lib/python3.8/site-packages/airflow/example_dags/example_latest_only.py
[2022-08-24 00:14:32,364] {processor.py:651} INFO - DAG(s) dict_keys(['latest_only']) retrieved from /home/osboxes/.local/lib/python3.8/site-packages/airflow/example_dags/example_latest_only.py
[2022-08-24 00:14:32,386] {logging_mixin.py:115} INFO - [2022-08-24 00:14:32,386] {dag.py:2371} INFO - Sync 1 DAGs
[2022-08-24 00:14:32,403] {logging_mixin.py:115} INFO - [2022-08-24 00:14:32,402] {dag.py:2915} INFO - Setting next_dagrun for latest_only to 2022-08-24T00:14:32.402757+00:00, run_after=2022-08-24T04:14:32.402757+00:00
[2022-08-24 00:14:32,440] {processor.py:161} INFO - Processing /home/osboxes/.local/lib/python3.8/site-packages/airflow/example_dags/example_latest_only.py took 0.087 seconds
[2022-08-24 00:15:23,215] {processor.py:153} INFO - Started process (PID=21734) to work on /home/osboxes/.local/lib/python3.8/site-packages/airflow/example_dags/example_latest_only.py
[2022-08-24 00:15:23,217] {processor.py:641} INFO - Processing file /home/osboxes/.local/lib/python3.8/site-packages/airflow/example_dags/example_latest_only.py for tasks to queue
[2022-08-24 00:15:23,217] {logging_mixin.py:115} INFO - [2022-08-24 00:15:23,217] {dagbag.py:507} INFO - Filling up the DagBag from /home/osboxes/.local/lib/python3.8/site-packages/airflow/example_dags/example_latest_only.py
[2022-08-24 00:15:23,221] {processor.py:651} INFO - DAG(s) dict_keys(['latest_only']) retrieved from /home/osboxes/.local/lib/python3.8/site-packages/airflow/example_dags/example_latest_only.py
[2022-08-24 00:15:23,243] {logging_mixin.py:115} INFO - [2022-08-24 00:15:23,243] {dag.py:2371} INFO - Sync 1 DAGs
[2022-08-24 00:15:23,264] {logging_mixin.py:115} INFO - [2022-08-24 00:15:23,264] {dag.py:2915} INFO - Setting next_dagrun for latest_only to 2022-08-24T00:15:23.264028+00:00, run_after=2022-08-24T04:15:23.264028+00:00
[2022-08-24 00:15:23,298] {processor.py:161} INFO - Processing /home/osboxes/.local/lib/python3.8/site-packages/airflow/example_dags/example_latest_only.py took 0.085 seconds
[2022-08-24 00:16:08,190] {processor.py:153} INFO - Started process (PID=22101) to work on /home/osboxes/.local/lib/python3.8/site-packages/airflow/example_dags/example_latest_only.py
[2022-08-24 00:16:08,194] {processor.py:641} INFO - Processing file /home/osboxes/.local/lib/python3.8/site-packages/airflow/example_dags/example_latest_only.py for tasks to queue
[2022-08-24 00:16:08,195] {logging_mixin.py:115} INFO - [2022-08-24 00:16:08,195] {dagbag.py:507} INFO - Filling up the DagBag from /home/osboxes/.local/lib/python3.8/site-packages/airflow/example_dags/example_latest_only.py
[2022-08-24 00:16:08,200] {processor.py:651} INFO - DAG(s) dict_keys(['latest_only']) retrieved from /home/osboxes/.local/lib/python3.8/site-packages/airflow/example_dags/example_latest_only.py
[2022-08-24 00:16:08,223] {logging_mixin.py:115} INFO - [2022-08-24 00:16:08,223] {dag.py:2371} INFO - Sync 1 DAGs
[2022-08-24 00:16:08,261] {logging_mixin.py:115} INFO - [2022-08-24 00:16:08,261] {dag.py:2915} INFO - Setting next_dagrun for latest_only to 2022-08-24T00:16:08.260714+00:00, run_after=2022-08-24T04:16:08.260714+00:00
[2022-08-24 00:16:08,297] {processor.py:161} INFO - Processing /home/osboxes/.local/lib/python3.8/site-packages/airflow/example_dags/example_latest_only.py took 0.110 seconds
[2022-08-24 00:17:09,667] {processor.py:153} INFO - Started process (PID=22569) to work on /home/osboxes/.local/lib/python3.8/site-packages/airflow/example_dags/example_latest_only.py
[2022-08-24 00:17:09,671] {processor.py:641} INFO - Processing file /home/osboxes/.local/lib/python3.8/site-packages/airflow/example_dags/example_latest_only.py for tasks to queue
[2022-08-24 00:17:09,672] {logging_mixin.py:115} INFO - [2022-08-24 00:17:09,671] {dagbag.py:507} INFO - Filling up the DagBag from /home/osboxes/.local/lib/python3.8/site-packages/airflow/example_dags/example_latest_only.py
[2022-08-24 00:17:09,678] {processor.py:651} INFO - DAG(s) dict_keys(['latest_only']) retrieved from /home/osboxes/.local/lib/python3.8/site-packages/airflow/example_dags/example_latest_only.py
[2022-08-24 00:17:09,703] {logging_mixin.py:115} INFO - [2022-08-24 00:17:09,702] {dag.py:2371} INFO - Sync 1 DAGs
[2022-08-24 00:17:09,723] {logging_mixin.py:115} INFO - [2022-08-24 00:17:09,723] {dag.py:2915} INFO - Setting next_dagrun for latest_only to 2022-08-24T00:17:09.722929+00:00, run_after=2022-08-24T04:17:09.722929+00:00
[2022-08-24 00:17:09,759] {processor.py:161} INFO - Processing /home/osboxes/.local/lib/python3.8/site-packages/airflow/example_dags/example_latest_only.py took 0.095 seconds
[2022-08-24 00:18:06,474] {processor.py:153} INFO - Started process (PID=23056) to work on /home/osboxes/.local/lib/python3.8/site-packages/airflow/example_dags/example_latest_only.py
[2022-08-24 00:18:06,476] {processor.py:641} INFO - Processing file /home/osboxes/.local/lib/python3.8/site-packages/airflow/example_dags/example_latest_only.py for tasks to queue
[2022-08-24 00:18:06,477] {logging_mixin.py:115} INFO - [2022-08-24 00:18:06,477] {dagbag.py:507} INFO - Filling up the DagBag from /home/osboxes/.local/lib/python3.8/site-packages/airflow/example_dags/example_latest_only.py
[2022-08-24 00:18:06,484] {processor.py:651} INFO - DAG(s) dict_keys(['latest_only']) retrieved from /home/osboxes/.local/lib/python3.8/site-packages/airflow/example_dags/example_latest_only.py
[2022-08-24 00:18:06,523] {logging_mixin.py:115} INFO - [2022-08-24 00:18:06,523] {dag.py:2371} INFO - Sync 1 DAGs
[2022-08-24 00:18:06,551] {logging_mixin.py:115} INFO - [2022-08-24 00:18:06,550] {dag.py:2915} INFO - Setting next_dagrun for latest_only to 2022-08-24T00:18:06.550556+00:00, run_after=2022-08-24T04:18:06.550556+00:00
[2022-08-24 00:18:06,597] {processor.py:161} INFO - Processing /home/osboxes/.local/lib/python3.8/site-packages/airflow/example_dags/example_latest_only.py took 0.126 seconds
[2022-08-24 00:19:11,465] {processor.py:153} INFO - Started process (PID=23543) to work on /home/osboxes/.local/lib/python3.8/site-packages/airflow/example_dags/example_latest_only.py
[2022-08-24 00:19:11,468] {processor.py:641} INFO - Processing file /home/osboxes/.local/lib/python3.8/site-packages/airflow/example_dags/example_latest_only.py for tasks to queue
[2022-08-24 00:19:11,469] {logging_mixin.py:115} INFO - [2022-08-24 00:19:11,469] {dagbag.py:507} INFO - Filling up the DagBag from /home/osboxes/.local/lib/python3.8/site-packages/airflow/example_dags/example_latest_only.py
[2022-08-24 00:19:11,482] {processor.py:651} INFO - DAG(s) dict_keys(['latest_only']) retrieved from /home/osboxes/.local/lib/python3.8/site-packages/airflow/example_dags/example_latest_only.py
[2022-08-24 00:19:11,565] {logging_mixin.py:115} INFO - [2022-08-24 00:19:11,565] {dag.py:2371} INFO - Sync 1 DAGs
[2022-08-24 00:19:11,598] {logging_mixin.py:115} INFO - [2022-08-24 00:19:11,598] {dag.py:2915} INFO - Setting next_dagrun for latest_only to 2022-08-24T00:19:11.597764+00:00, run_after=2022-08-24T04:19:11.597764+00:00
[2022-08-24 00:19:11,664] {processor.py:161} INFO - Processing /home/osboxes/.local/lib/python3.8/site-packages/airflow/example_dags/example_latest_only.py took 0.205 seconds
[2022-08-24 00:20:11,658] {processor.py:153} INFO - Started process (PID=23969) to work on /home/osboxes/.local/lib/python3.8/site-packages/airflow/example_dags/example_latest_only.py
[2022-08-24 00:20:11,675] {processor.py:641} INFO - Processing file /home/osboxes/.local/lib/python3.8/site-packages/airflow/example_dags/example_latest_only.py for tasks to queue
[2022-08-24 00:20:11,676] {logging_mixin.py:115} INFO - [2022-08-24 00:20:11,676] {dagbag.py:507} INFO - Filling up the DagBag from /home/osboxes/.local/lib/python3.8/site-packages/airflow/example_dags/example_latest_only.py
[2022-08-24 00:20:11,679] {processor.py:651} INFO - DAG(s) dict_keys(['latest_only']) retrieved from /home/osboxes/.local/lib/python3.8/site-packages/airflow/example_dags/example_latest_only.py
[2022-08-24 00:20:11,700] {logging_mixin.py:115} INFO - [2022-08-24 00:20:11,700] {dag.py:2371} INFO - Sync 1 DAGs
[2022-08-24 00:20:11,714] {logging_mixin.py:115} INFO - [2022-08-24 00:20:11,714] {dag.py:2915} INFO - Setting next_dagrun for latest_only to 2022-08-24T00:20:11.714136+00:00, run_after=2022-08-24T04:20:11.714136+00:00
[2022-08-24 00:20:11,751] {processor.py:161} INFO - Processing /home/osboxes/.local/lib/python3.8/site-packages/airflow/example_dags/example_latest_only.py took 0.095 seconds
[2022-08-24 00:20:52,832] {processor.py:153} INFO - Started process (PID=24303) to work on /home/osboxes/.local/lib/python3.8/site-packages/airflow/example_dags/example_latest_only.py
[2022-08-24 00:20:52,834] {processor.py:641} INFO - Processing file /home/osboxes/.local/lib/python3.8/site-packages/airflow/example_dags/example_latest_only.py for tasks to queue
[2022-08-24 00:20:52,836] {logging_mixin.py:115} INFO - [2022-08-24 00:20:52,835] {dagbag.py:507} INFO - Filling up the DagBag from /home/osboxes/.local/lib/python3.8/site-packages/airflow/example_dags/example_latest_only.py
[2022-08-24 00:20:52,842] {processor.py:651} INFO - DAG(s) dict_keys(['latest_only']) retrieved from /home/osboxes/.local/lib/python3.8/site-packages/airflow/example_dags/example_latest_only.py
[2022-08-24 00:20:52,866] {logging_mixin.py:115} INFO - [2022-08-24 00:20:52,866] {dag.py:2371} INFO - Sync 1 DAGs
[2022-08-24 00:20:52,884] {logging_mixin.py:115} INFO - [2022-08-24 00:20:52,884] {dag.py:2915} INFO - Setting next_dagrun for latest_only to 2022-08-24T00:20:52.884363+00:00, run_after=2022-08-24T04:20:52.884363+00:00
[2022-08-24 00:20:52,926] {processor.py:161} INFO - Processing /home/osboxes/.local/lib/python3.8/site-packages/airflow/example_dags/example_latest_only.py took 0.096 seconds
[2022-08-24 00:22:07,429] {processor.py:153} INFO - Started process (PID=24812) to work on /home/osboxes/.local/lib/python3.8/site-packages/airflow/example_dags/example_latest_only.py
[2022-08-24 00:22:07,432] {processor.py:641} INFO - Processing file /home/osboxes/.local/lib/python3.8/site-packages/airflow/example_dags/example_latest_only.py for tasks to queue
[2022-08-24 00:22:07,433] {logging_mixin.py:115} INFO - [2022-08-24 00:22:07,433] {dagbag.py:507} INFO - Filling up the DagBag from /home/osboxes/.local/lib/python3.8/site-packages/airflow/example_dags/example_latest_only.py
[2022-08-24 00:22:07,437] {processor.py:651} INFO - DAG(s) dict_keys(['latest_only']) retrieved from /home/osboxes/.local/lib/python3.8/site-packages/airflow/example_dags/example_latest_only.py
[2022-08-24 00:22:07,463] {logging_mixin.py:115} INFO - [2022-08-24 00:22:07,463] {dag.py:2371} INFO - Sync 1 DAGs
[2022-08-24 00:22:07,480] {logging_mixin.py:115} INFO - [2022-08-24 00:22:07,480] {dag.py:2915} INFO - Setting next_dagrun for latest_only to 2022-08-24T00:22:07.479806+00:00, run_after=2022-08-24T04:22:07.479806+00:00
[2022-08-24 00:22:07,516] {processor.py:161} INFO - Processing /home/osboxes/.local/lib/python3.8/site-packages/airflow/example_dags/example_latest_only.py took 0.089 seconds
