[2022-08-24 00:08:09,311] {processor.py:153} INFO - Started process (PID=18302) to work on /home/osboxes/.local/lib/python3.8/site-packages/airflow/example_dags/example_time_delta_sensor_async.py
[2022-08-24 00:08:09,311] {processor.py:641} INFO - Processing file /home/osboxes/.local/lib/python3.8/site-packages/airflow/example_dags/example_time_delta_sensor_async.py for tasks to queue
[2022-08-24 00:08:09,312] {logging_mixin.py:115} INFO - [2022-08-24 00:08:09,312] {dagbag.py:507} INFO - Filling up the DagBag from /home/osboxes/.local/lib/python3.8/site-packages/airflow/example_dags/example_time_delta_sensor_async.py
[2022-08-24 00:08:09,319] {processor.py:651} INFO - DAG(s) dict_keys(['example_time_delta_sensor_async']) retrieved from /home/osboxes/.local/lib/python3.8/site-packages/airflow/example_dags/example_time_delta_sensor_async.py
[2022-08-24 00:08:09,380] {logging_mixin.py:115} INFO - [2022-08-24 00:08:09,376] {dag.py:2371} INFO - Sync 1 DAGs
[2022-08-24 00:08:09,401] {logging_mixin.py:115} INFO - [2022-08-24 00:08:09,401] {dag.py:2915} INFO - Setting next_dagrun for example_time_delta_sensor_async to None, run_after=None
[2022-08-24 00:08:09,450] {processor.py:161} INFO - Processing /home/osboxes/.local/lib/python3.8/site-packages/airflow/example_dags/example_time_delta_sensor_async.py took 0.142 seconds
[2022-08-24 00:08:58,571] {processor.py:153} INFO - Started process (PID=18681) to work on /home/osboxes/.local/lib/python3.8/site-packages/airflow/example_dags/example_time_delta_sensor_async.py
[2022-08-24 00:08:58,573] {processor.py:641} INFO - Processing file /home/osboxes/.local/lib/python3.8/site-packages/airflow/example_dags/example_time_delta_sensor_async.py for tasks to queue
[2022-08-24 00:08:58,573] {logging_mixin.py:115} INFO - [2022-08-24 00:08:58,573] {dagbag.py:507} INFO - Filling up the DagBag from /home/osboxes/.local/lib/python3.8/site-packages/airflow/example_dags/example_time_delta_sensor_async.py
[2022-08-24 00:08:58,580] {processor.py:651} INFO - DAG(s) dict_keys(['example_time_delta_sensor_async']) retrieved from /home/osboxes/.local/lib/python3.8/site-packages/airflow/example_dags/example_time_delta_sensor_async.py
[2022-08-24 00:08:58,613] {logging_mixin.py:115} INFO - [2022-08-24 00:08:58,613] {dag.py:2371} INFO - Sync 1 DAGs
[2022-08-24 00:08:58,634] {logging_mixin.py:115} INFO - [2022-08-24 00:08:58,633] {dag.py:2915} INFO - Setting next_dagrun for example_time_delta_sensor_async to None, run_after=None
[2022-08-24 00:08:58,670] {processor.py:161} INFO - Processing /home/osboxes/.local/lib/python3.8/site-packages/airflow/example_dags/example_time_delta_sensor_async.py took 0.102 seconds
[2022-08-24 00:09:53,500] {processor.py:153} INFO - Started process (PID=19156) to work on /home/osboxes/.local/lib/python3.8/site-packages/airflow/example_dags/example_time_delta_sensor_async.py
[2022-08-24 00:09:53,502] {processor.py:641} INFO - Processing file /home/osboxes/.local/lib/python3.8/site-packages/airflow/example_dags/example_time_delta_sensor_async.py for tasks to queue
[2022-08-24 00:09:53,503] {logging_mixin.py:115} INFO - [2022-08-24 00:09:53,503] {dagbag.py:507} INFO - Filling up the DagBag from /home/osboxes/.local/lib/python3.8/site-packages/airflow/example_dags/example_time_delta_sensor_async.py
[2022-08-24 00:09:53,508] {processor.py:651} INFO - DAG(s) dict_keys(['example_time_delta_sensor_async']) retrieved from /home/osboxes/.local/lib/python3.8/site-packages/airflow/example_dags/example_time_delta_sensor_async.py
[2022-08-24 00:09:53,547] {logging_mixin.py:115} INFO - [2022-08-24 00:09:53,547] {dag.py:2371} INFO - Sync 1 DAGs
[2022-08-24 00:09:53,565] {logging_mixin.py:115} INFO - [2022-08-24 00:09:53,565] {dag.py:2915} INFO - Setting next_dagrun for example_time_delta_sensor_async to None, run_after=None
[2022-08-24 00:09:53,618] {processor.py:161} INFO - Processing /home/osboxes/.local/lib/python3.8/site-packages/airflow/example_dags/example_time_delta_sensor_async.py took 0.120 seconds
[2022-08-24 00:10:42,871] {processor.py:153} INFO - Started process (PID=19560) to work on /home/osboxes/.local/lib/python3.8/site-packages/airflow/example_dags/example_time_delta_sensor_async.py
[2022-08-24 00:10:42,874] {processor.py:641} INFO - Processing file /home/osboxes/.local/lib/python3.8/site-packages/airflow/example_dags/example_time_delta_sensor_async.py for tasks to queue
[2022-08-24 00:10:42,875] {logging_mixin.py:115} INFO - [2022-08-24 00:10:42,875] {dagbag.py:507} INFO - Filling up the DagBag from /home/osboxes/.local/lib/python3.8/site-packages/airflow/example_dags/example_time_delta_sensor_async.py
[2022-08-24 00:10:42,886] {processor.py:651} INFO - DAG(s) dict_keys(['example_time_delta_sensor_async']) retrieved from /home/osboxes/.local/lib/python3.8/site-packages/airflow/example_dags/example_time_delta_sensor_async.py
[2022-08-24 00:10:43,015] {logging_mixin.py:115} INFO - [2022-08-24 00:10:43,015] {dag.py:2371} INFO - Sync 1 DAGs
[2022-08-24 00:10:43,050] {logging_mixin.py:115} INFO - [2022-08-24 00:10:43,050] {dag.py:2915} INFO - Setting next_dagrun for example_time_delta_sensor_async to None, run_after=None
[2022-08-24 00:10:43,098] {processor.py:161} INFO - Processing /home/osboxes/.local/lib/python3.8/site-packages/airflow/example_dags/example_time_delta_sensor_async.py took 0.231 seconds
[2022-08-24 00:11:30,285] {processor.py:153} INFO - Started process (PID=19925) to work on /home/osboxes/.local/lib/python3.8/site-packages/airflow/example_dags/example_time_delta_sensor_async.py
[2022-08-24 00:11:30,286] {processor.py:641} INFO - Processing file /home/osboxes/.local/lib/python3.8/site-packages/airflow/example_dags/example_time_delta_sensor_async.py for tasks to queue
[2022-08-24 00:11:30,287] {logging_mixin.py:115} INFO - [2022-08-24 00:11:30,287] {dagbag.py:507} INFO - Filling up the DagBag from /home/osboxes/.local/lib/python3.8/site-packages/airflow/example_dags/example_time_delta_sensor_async.py
[2022-08-24 00:11:30,291] {processor.py:651} INFO - DAG(s) dict_keys(['example_time_delta_sensor_async']) retrieved from /home/osboxes/.local/lib/python3.8/site-packages/airflow/example_dags/example_time_delta_sensor_async.py
[2022-08-24 00:11:30,321] {logging_mixin.py:115} INFO - [2022-08-24 00:11:30,321] {dag.py:2371} INFO - Sync 1 DAGs
[2022-08-24 00:11:30,347] {logging_mixin.py:115} INFO - [2022-08-24 00:11:30,347] {dag.py:2915} INFO - Setting next_dagrun for example_time_delta_sensor_async to None, run_after=None
[2022-08-24 00:11:30,390] {processor.py:161} INFO - Processing /home/osboxes/.local/lib/python3.8/site-packages/airflow/example_dags/example_time_delta_sensor_async.py took 0.107 seconds
[2022-08-24 00:12:43,639] {processor.py:153} INFO - Started process (PID=20505) to work on /home/osboxes/.local/lib/python3.8/site-packages/airflow/example_dags/example_time_delta_sensor_async.py
[2022-08-24 00:12:43,649] {processor.py:641} INFO - Processing file /home/osboxes/.local/lib/python3.8/site-packages/airflow/example_dags/example_time_delta_sensor_async.py for tasks to queue
[2022-08-24 00:12:43,650] {logging_mixin.py:115} INFO - [2022-08-24 00:12:43,649] {dagbag.py:507} INFO - Filling up the DagBag from /home/osboxes/.local/lib/python3.8/site-packages/airflow/example_dags/example_time_delta_sensor_async.py
[2022-08-24 00:12:43,658] {processor.py:651} INFO - DAG(s) dict_keys(['example_time_delta_sensor_async']) retrieved from /home/osboxes/.local/lib/python3.8/site-packages/airflow/example_dags/example_time_delta_sensor_async.py
[2022-08-24 00:12:43,701] {logging_mixin.py:115} INFO - [2022-08-24 00:12:43,701] {dag.py:2371} INFO - Sync 1 DAGs
[2022-08-24 00:12:43,741] {logging_mixin.py:115} INFO - [2022-08-24 00:12:43,741] {dag.py:2915} INFO - Setting next_dagrun for example_time_delta_sensor_async to None, run_after=None
[2022-08-24 00:12:43,774] {processor.py:161} INFO - Processing /home/osboxes/.local/lib/python3.8/site-packages/airflow/example_dags/example_time_delta_sensor_async.py took 0.137 seconds
[2022-08-24 00:13:36,496] {processor.py:153} INFO - Started process (PID=20939) to work on /home/osboxes/.local/lib/python3.8/site-packages/airflow/example_dags/example_time_delta_sensor_async.py
[2022-08-24 00:13:36,511] {processor.py:641} INFO - Processing file /home/osboxes/.local/lib/python3.8/site-packages/airflow/example_dags/example_time_delta_sensor_async.py for tasks to queue
[2022-08-24 00:13:36,515] {logging_mixin.py:115} INFO - [2022-08-24 00:13:36,515] {dagbag.py:507} INFO - Filling up the DagBag from /home/osboxes/.local/lib/python3.8/site-packages/airflow/example_dags/example_time_delta_sensor_async.py
[2022-08-24 00:13:36,526] {processor.py:651} INFO - DAG(s) dict_keys(['example_time_delta_sensor_async']) retrieved from /home/osboxes/.local/lib/python3.8/site-packages/airflow/example_dags/example_time_delta_sensor_async.py
[2022-08-24 00:13:36,636] {logging_mixin.py:115} INFO - [2022-08-24 00:13:36,636] {dag.py:2371} INFO - Sync 1 DAGs
[2022-08-24 00:13:36,760] {logging_mixin.py:115} INFO - [2022-08-24 00:13:36,760] {dag.py:2915} INFO - Setting next_dagrun for example_time_delta_sensor_async to None, run_after=None
[2022-08-24 00:13:36,809] {processor.py:161} INFO - Processing /home/osboxes/.local/lib/python3.8/site-packages/airflow/example_dags/example_time_delta_sensor_async.py took 0.316 seconds
[2022-08-24 00:14:27,657] {processor.py:153} INFO - Started process (PID=21328) to work on /home/osboxes/.local/lib/python3.8/site-packages/airflow/example_dags/example_time_delta_sensor_async.py
[2022-08-24 00:14:27,659] {processor.py:641} INFO - Processing file /home/osboxes/.local/lib/python3.8/site-packages/airflow/example_dags/example_time_delta_sensor_async.py for tasks to queue
[2022-08-24 00:14:27,659] {logging_mixin.py:115} INFO - [2022-08-24 00:14:27,659] {dagbag.py:507} INFO - Filling up the DagBag from /home/osboxes/.local/lib/python3.8/site-packages/airflow/example_dags/example_time_delta_sensor_async.py
[2022-08-24 00:14:27,664] {processor.py:651} INFO - DAG(s) dict_keys(['example_time_delta_sensor_async']) retrieved from /home/osboxes/.local/lib/python3.8/site-packages/airflow/example_dags/example_time_delta_sensor_async.py
[2022-08-24 00:14:27,696] {logging_mixin.py:115} INFO - [2022-08-24 00:14:27,696] {dag.py:2371} INFO - Sync 1 DAGs
[2022-08-24 00:14:27,712] {logging_mixin.py:115} INFO - [2022-08-24 00:14:27,712] {dag.py:2915} INFO - Setting next_dagrun for example_time_delta_sensor_async to None, run_after=None
[2022-08-24 00:14:27,746] {processor.py:161} INFO - Processing /home/osboxes/.local/lib/python3.8/site-packages/airflow/example_dags/example_time_delta_sensor_async.py took 0.091 seconds
[2022-08-24 00:15:14,779] {processor.py:153} INFO - Started process (PID=21688) to work on /home/osboxes/.local/lib/python3.8/site-packages/airflow/example_dags/example_time_delta_sensor_async.py
[2022-08-24 00:15:14,781] {processor.py:641} INFO - Processing file /home/osboxes/.local/lib/python3.8/site-packages/airflow/example_dags/example_time_delta_sensor_async.py for tasks to queue
[2022-08-24 00:15:14,782] {logging_mixin.py:115} INFO - [2022-08-24 00:15:14,781] {dagbag.py:507} INFO - Filling up the DagBag from /home/osboxes/.local/lib/python3.8/site-packages/airflow/example_dags/example_time_delta_sensor_async.py
[2022-08-24 00:15:14,786] {processor.py:651} INFO - DAG(s) dict_keys(['example_time_delta_sensor_async']) retrieved from /home/osboxes/.local/lib/python3.8/site-packages/airflow/example_dags/example_time_delta_sensor_async.py
[2022-08-24 00:15:14,831] {logging_mixin.py:115} INFO - [2022-08-24 00:15:14,831] {dag.py:2371} INFO - Sync 1 DAGs
[2022-08-24 00:15:14,854] {logging_mixin.py:115} INFO - [2022-08-24 00:15:14,853] {dag.py:2915} INFO - Setting next_dagrun for example_time_delta_sensor_async to None, run_after=None
[2022-08-24 00:15:14,890] {processor.py:161} INFO - Processing /home/osboxes/.local/lib/python3.8/site-packages/airflow/example_dags/example_time_delta_sensor_async.py took 0.114 seconds
[2022-08-24 00:16:00,546] {processor.py:153} INFO - Started process (PID=22032) to work on /home/osboxes/.local/lib/python3.8/site-packages/airflow/example_dags/example_time_delta_sensor_async.py
[2022-08-24 00:16:00,548] {processor.py:641} INFO - Processing file /home/osboxes/.local/lib/python3.8/site-packages/airflow/example_dags/example_time_delta_sensor_async.py for tasks to queue
[2022-08-24 00:16:00,549] {logging_mixin.py:115} INFO - [2022-08-24 00:16:00,549] {dagbag.py:507} INFO - Filling up the DagBag from /home/osboxes/.local/lib/python3.8/site-packages/airflow/example_dags/example_time_delta_sensor_async.py
[2022-08-24 00:16:00,558] {processor.py:651} INFO - DAG(s) dict_keys(['example_time_delta_sensor_async']) retrieved from /home/osboxes/.local/lib/python3.8/site-packages/airflow/example_dags/example_time_delta_sensor_async.py
[2022-08-24 00:16:00,603] {logging_mixin.py:115} INFO - [2022-08-24 00:16:00,603] {dag.py:2371} INFO - Sync 1 DAGs
[2022-08-24 00:16:00,622] {logging_mixin.py:115} INFO - [2022-08-24 00:16:00,622] {dag.py:2915} INFO - Setting next_dagrun for example_time_delta_sensor_async to None, run_after=None
[2022-08-24 00:16:00,655] {processor.py:161} INFO - Processing /home/osboxes/.local/lib/python3.8/site-packages/airflow/example_dags/example_time_delta_sensor_async.py took 0.113 seconds
[2022-08-24 00:16:56,535] {processor.py:153} INFO - Started process (PID=22463) to work on /home/osboxes/.local/lib/python3.8/site-packages/airflow/example_dags/example_time_delta_sensor_async.py
[2022-08-24 00:16:56,536] {processor.py:641} INFO - Processing file /home/osboxes/.local/lib/python3.8/site-packages/airflow/example_dags/example_time_delta_sensor_async.py for tasks to queue
[2022-08-24 00:16:56,537] {logging_mixin.py:115} INFO - [2022-08-24 00:16:56,537] {dagbag.py:507} INFO - Filling up the DagBag from /home/osboxes/.local/lib/python3.8/site-packages/airflow/example_dags/example_time_delta_sensor_async.py
[2022-08-24 00:16:56,543] {processor.py:651} INFO - DAG(s) dict_keys(['example_time_delta_sensor_async']) retrieved from /home/osboxes/.local/lib/python3.8/site-packages/airflow/example_dags/example_time_delta_sensor_async.py
[2022-08-24 00:16:56,591] {logging_mixin.py:115} INFO - [2022-08-24 00:16:56,591] {dag.py:2371} INFO - Sync 1 DAGs
[2022-08-24 00:16:56,612] {logging_mixin.py:115} INFO - [2022-08-24 00:16:56,611] {dag.py:2915} INFO - Setting next_dagrun for example_time_delta_sensor_async to None, run_after=None
[2022-08-24 00:16:56,652] {processor.py:161} INFO - Processing /home/osboxes/.local/lib/python3.8/site-packages/airflow/example_dags/example_time_delta_sensor_async.py took 0.123 seconds
[2022-08-24 00:17:56,247] {processor.py:153} INFO - Started process (PID=22975) to work on /home/osboxes/.local/lib/python3.8/site-packages/airflow/example_dags/example_time_delta_sensor_async.py
[2022-08-24 00:17:56,250] {processor.py:641} INFO - Processing file /home/osboxes/.local/lib/python3.8/site-packages/airflow/example_dags/example_time_delta_sensor_async.py for tasks to queue
[2022-08-24 00:17:56,251] {logging_mixin.py:115} INFO - [2022-08-24 00:17:56,251] {dagbag.py:507} INFO - Filling up the DagBag from /home/osboxes/.local/lib/python3.8/site-packages/airflow/example_dags/example_time_delta_sensor_async.py
[2022-08-24 00:17:56,260] {processor.py:651} INFO - DAG(s) dict_keys(['example_time_delta_sensor_async']) retrieved from /home/osboxes/.local/lib/python3.8/site-packages/airflow/example_dags/example_time_delta_sensor_async.py
[2022-08-24 00:17:56,331] {logging_mixin.py:115} INFO - [2022-08-24 00:17:56,330] {dag.py:2371} INFO - Sync 1 DAGs
[2022-08-24 00:17:56,359] {logging_mixin.py:115} INFO - [2022-08-24 00:17:56,359] {dag.py:2915} INFO - Setting next_dagrun for example_time_delta_sensor_async to None, run_after=None
[2022-08-24 00:17:56,397] {processor.py:161} INFO - Processing /home/osboxes/.local/lib/python3.8/site-packages/airflow/example_dags/example_time_delta_sensor_async.py took 0.154 seconds
[2022-08-24 00:19:08,529] {processor.py:153} INFO - Started process (PID=23521) to work on /home/osboxes/.local/lib/python3.8/site-packages/airflow/example_dags/example_time_delta_sensor_async.py
[2022-08-24 00:19:08,530] {processor.py:641} INFO - Processing file /home/osboxes/.local/lib/python3.8/site-packages/airflow/example_dags/example_time_delta_sensor_async.py for tasks to queue
[2022-08-24 00:19:08,531] {logging_mixin.py:115} INFO - [2022-08-24 00:19:08,531] {dagbag.py:507} INFO - Filling up the DagBag from /home/osboxes/.local/lib/python3.8/site-packages/airflow/example_dags/example_time_delta_sensor_async.py
[2022-08-24 00:19:08,536] {processor.py:651} INFO - DAG(s) dict_keys(['example_time_delta_sensor_async']) retrieved from /home/osboxes/.local/lib/python3.8/site-packages/airflow/example_dags/example_time_delta_sensor_async.py
[2022-08-24 00:19:08,572] {logging_mixin.py:115} INFO - [2022-08-24 00:19:08,572] {dag.py:2371} INFO - Sync 1 DAGs
[2022-08-24 00:19:08,587] {logging_mixin.py:115} INFO - [2022-08-24 00:19:08,587] {dag.py:2915} INFO - Setting next_dagrun for example_time_delta_sensor_async to None, run_after=None
[2022-08-24 00:19:08,687] {processor.py:161} INFO - Processing /home/osboxes/.local/lib/python3.8/site-packages/airflow/example_dags/example_time_delta_sensor_async.py took 0.160 seconds
[2022-08-24 00:20:08,117] {processor.py:153} INFO - Started process (PID=23966) to work on /home/osboxes/.local/lib/python3.8/site-packages/airflow/example_dags/example_time_delta_sensor_async.py
[2022-08-24 00:20:08,121] {processor.py:641} INFO - Processing file /home/osboxes/.local/lib/python3.8/site-packages/airflow/example_dags/example_time_delta_sensor_async.py for tasks to queue
[2022-08-24 00:20:08,122] {logging_mixin.py:115} INFO - [2022-08-24 00:20:08,122] {dagbag.py:507} INFO - Filling up the DagBag from /home/osboxes/.local/lib/python3.8/site-packages/airflow/example_dags/example_time_delta_sensor_async.py
[2022-08-24 00:20:08,126] {processor.py:651} INFO - DAG(s) dict_keys(['example_time_delta_sensor_async']) retrieved from /home/osboxes/.local/lib/python3.8/site-packages/airflow/example_dags/example_time_delta_sensor_async.py
[2022-08-24 00:20:08,158] {logging_mixin.py:115} INFO - [2022-08-24 00:20:08,158] {dag.py:2371} INFO - Sync 1 DAGs
[2022-08-24 00:20:08,172] {logging_mixin.py:115} INFO - [2022-08-24 00:20:08,172] {dag.py:2915} INFO - Setting next_dagrun for example_time_delta_sensor_async to None, run_after=None
[2022-08-24 00:20:08,203] {processor.py:161} INFO - Processing /home/osboxes/.local/lib/python3.8/site-packages/airflow/example_dags/example_time_delta_sensor_async.py took 0.088 seconds
[2022-08-24 00:20:50,047] {processor.py:153} INFO - Started process (PID=24299) to work on /home/osboxes/.local/lib/python3.8/site-packages/airflow/example_dags/example_time_delta_sensor_async.py
[2022-08-24 00:20:50,050] {processor.py:641} INFO - Processing file /home/osboxes/.local/lib/python3.8/site-packages/airflow/example_dags/example_time_delta_sensor_async.py for tasks to queue
[2022-08-24 00:20:50,050] {logging_mixin.py:115} INFO - [2022-08-24 00:20:50,050] {dagbag.py:507} INFO - Filling up the DagBag from /home/osboxes/.local/lib/python3.8/site-packages/airflow/example_dags/example_time_delta_sensor_async.py
[2022-08-24 00:20:50,054] {processor.py:651} INFO - DAG(s) dict_keys(['example_time_delta_sensor_async']) retrieved from /home/osboxes/.local/lib/python3.8/site-packages/airflow/example_dags/example_time_delta_sensor_async.py
[2022-08-24 00:20:50,087] {logging_mixin.py:115} INFO - [2022-08-24 00:20:50,087] {dag.py:2371} INFO - Sync 1 DAGs
[2022-08-24 00:20:50,100] {logging_mixin.py:115} INFO - [2022-08-24 00:20:50,099] {dag.py:2915} INFO - Setting next_dagrun for example_time_delta_sensor_async to None, run_after=None
[2022-08-24 00:20:50,131] {processor.py:161} INFO - Processing /home/osboxes/.local/lib/python3.8/site-packages/airflow/example_dags/example_time_delta_sensor_async.py took 0.087 seconds
[2022-08-24 00:22:03,479] {processor.py:153} INFO - Started process (PID=24774) to work on /home/osboxes/.local/lib/python3.8/site-packages/airflow/example_dags/example_time_delta_sensor_async.py
[2022-08-24 00:22:03,481] {processor.py:641} INFO - Processing file /home/osboxes/.local/lib/python3.8/site-packages/airflow/example_dags/example_time_delta_sensor_async.py for tasks to queue
[2022-08-24 00:22:03,482] {logging_mixin.py:115} INFO - [2022-08-24 00:22:03,482] {dagbag.py:507} INFO - Filling up the DagBag from /home/osboxes/.local/lib/python3.8/site-packages/airflow/example_dags/example_time_delta_sensor_async.py
[2022-08-24 00:22:03,488] {processor.py:651} INFO - DAG(s) dict_keys(['example_time_delta_sensor_async']) retrieved from /home/osboxes/.local/lib/python3.8/site-packages/airflow/example_dags/example_time_delta_sensor_async.py
[2022-08-24 00:22:03,592] {logging_mixin.py:115} INFO - [2022-08-24 00:22:03,592] {dag.py:2371} INFO - Sync 1 DAGs
[2022-08-24 00:22:03,623] {logging_mixin.py:115} INFO - [2022-08-24 00:22:03,623] {dag.py:2915} INFO - Setting next_dagrun for example_time_delta_sensor_async to None, run_after=None
[2022-08-24 00:22:03,668] {processor.py:161} INFO - Processing /home/osboxes/.local/lib/python3.8/site-packages/airflow/example_dags/example_time_delta_sensor_async.py took 0.194 seconds
