[2022-08-24 00:08:30,080] {processor.py:153} INFO - Started process (PID=18454) to work on /home/osboxes/.local/lib/python3.8/site-packages/airflow/example_dags/example_branch_labels.py
[2022-08-24 00:08:30,081] {processor.py:641} INFO - Processing file /home/osboxes/.local/lib/python3.8/site-packages/airflow/example_dags/example_branch_labels.py for tasks to queue
[2022-08-24 00:08:30,144] {logging_mixin.py:115} INFO - [2022-08-24 00:08:30,144] {dagbag.py:507} INFO - Filling up the DagBag from /home/osboxes/.local/lib/python3.8/site-packages/airflow/example_dags/example_branch_labels.py
[2022-08-24 00:08:30,215] {processor.py:651} INFO - DAG(s) dict_keys(['example_branch_labels']) retrieved from /home/osboxes/.local/lib/python3.8/site-packages/airflow/example_dags/example_branch_labels.py
[2022-08-24 00:08:30,305] {logging_mixin.py:115} INFO - [2022-08-24 00:08:30,304] {dag.py:2371} INFO - Sync 1 DAGs
[2022-08-24 00:08:30,357] {logging_mixin.py:115} INFO - [2022-08-24 00:08:30,357] {dag.py:2915} INFO - Setting next_dagrun for example_branch_labels to 2022-08-23T00:00:00+00:00, run_after=2022-08-24T00:00:00+00:00
[2022-08-24 00:08:30,417] {processor.py:161} INFO - Processing /home/osboxes/.local/lib/python3.8/site-packages/airflow/example_dags/example_branch_labels.py took 0.422 seconds
[2022-08-24 00:09:23,927] {processor.py:153} INFO - Started process (PID=18892) to work on /home/osboxes/.local/lib/python3.8/site-packages/airflow/example_dags/example_branch_labels.py
[2022-08-24 00:09:23,929] {processor.py:641} INFO - Processing file /home/osboxes/.local/lib/python3.8/site-packages/airflow/example_dags/example_branch_labels.py for tasks to queue
[2022-08-24 00:09:23,930] {logging_mixin.py:115} INFO - [2022-08-24 00:09:23,929] {dagbag.py:507} INFO - Filling up the DagBag from /home/osboxes/.local/lib/python3.8/site-packages/airflow/example_dags/example_branch_labels.py
[2022-08-24 00:09:23,935] {processor.py:651} INFO - DAG(s) dict_keys(['example_branch_labels']) retrieved from /home/osboxes/.local/lib/python3.8/site-packages/airflow/example_dags/example_branch_labels.py
[2022-08-24 00:09:23,956] {logging_mixin.py:115} INFO - [2022-08-24 00:09:23,956] {dag.py:2371} INFO - Sync 1 DAGs
[2022-08-24 00:09:23,985] {logging_mixin.py:115} INFO - [2022-08-24 00:09:23,975] {dag.py:2915} INFO - Setting next_dagrun for example_branch_labels to 2022-08-23T00:00:00+00:00, run_after=2022-08-24T00:00:00+00:00
[2022-08-24 00:09:24,024] {processor.py:161} INFO - Processing /home/osboxes/.local/lib/python3.8/site-packages/airflow/example_dags/example_branch_labels.py took 0.099 seconds
[2022-08-24 00:10:20,062] {processor.py:153} INFO - Started process (PID=19356) to work on /home/osboxes/.local/lib/python3.8/site-packages/airflow/example_dags/example_branch_labels.py
[2022-08-24 00:10:20,064] {processor.py:641} INFO - Processing file /home/osboxes/.local/lib/python3.8/site-packages/airflow/example_dags/example_branch_labels.py for tasks to queue
[2022-08-24 00:10:20,064] {logging_mixin.py:115} INFO - [2022-08-24 00:10:20,064] {dagbag.py:507} INFO - Filling up the DagBag from /home/osboxes/.local/lib/python3.8/site-packages/airflow/example_dags/example_branch_labels.py
[2022-08-24 00:10:20,069] {processor.py:651} INFO - DAG(s) dict_keys(['example_branch_labels']) retrieved from /home/osboxes/.local/lib/python3.8/site-packages/airflow/example_dags/example_branch_labels.py
[2022-08-24 00:10:20,090] {logging_mixin.py:115} INFO - [2022-08-24 00:10:20,090] {dag.py:2371} INFO - Sync 1 DAGs
[2022-08-24 00:10:20,106] {logging_mixin.py:115} INFO - [2022-08-24 00:10:20,106] {dag.py:2915} INFO - Setting next_dagrun for example_branch_labels to 2022-08-23T00:00:00+00:00, run_after=2022-08-24T00:00:00+00:00
[2022-08-24 00:10:20,155] {processor.py:161} INFO - Processing /home/osboxes/.local/lib/python3.8/site-packages/airflow/example_dags/example_branch_labels.py took 0.095 seconds
[2022-08-24 00:11:11,622] {processor.py:153} INFO - Started process (PID=19761) to work on /home/osboxes/.local/lib/python3.8/site-packages/airflow/example_dags/example_branch_labels.py
[2022-08-24 00:11:11,626] {processor.py:641} INFO - Processing file /home/osboxes/.local/lib/python3.8/site-packages/airflow/example_dags/example_branch_labels.py for tasks to queue
[2022-08-24 00:11:11,627] {logging_mixin.py:115} INFO - [2022-08-24 00:11:11,626] {dagbag.py:507} INFO - Filling up the DagBag from /home/osboxes/.local/lib/python3.8/site-packages/airflow/example_dags/example_branch_labels.py
[2022-08-24 00:11:11,631] {processor.py:651} INFO - DAG(s) dict_keys(['example_branch_labels']) retrieved from /home/osboxes/.local/lib/python3.8/site-packages/airflow/example_dags/example_branch_labels.py
[2022-08-24 00:11:11,656] {logging_mixin.py:115} INFO - [2022-08-24 00:11:11,656] {dag.py:2371} INFO - Sync 1 DAGs
[2022-08-24 00:11:11,679] {logging_mixin.py:115} INFO - [2022-08-24 00:11:11,679] {dag.py:2915} INFO - Setting next_dagrun for example_branch_labels to 2022-08-23T00:00:00+00:00, run_after=2022-08-24T00:00:00+00:00
[2022-08-24 00:11:11,722] {processor.py:161} INFO - Processing /home/osboxes/.local/lib/python3.8/site-packages/airflow/example_dags/example_branch_labels.py took 0.103 seconds
[2022-08-24 00:12:02,437] {processor.py:153} INFO - Started process (PID=20178) to work on /home/osboxes/.local/lib/python3.8/site-packages/airflow/example_dags/example_branch_labels.py
[2022-08-24 00:12:02,444] {processor.py:641} INFO - Processing file /home/osboxes/.local/lib/python3.8/site-packages/airflow/example_dags/example_branch_labels.py for tasks to queue
[2022-08-24 00:12:02,445] {logging_mixin.py:115} INFO - [2022-08-24 00:12:02,445] {dagbag.py:507} INFO - Filling up the DagBag from /home/osboxes/.local/lib/python3.8/site-packages/airflow/example_dags/example_branch_labels.py
[2022-08-24 00:12:02,457] {processor.py:651} INFO - DAG(s) dict_keys(['example_branch_labels']) retrieved from /home/osboxes/.local/lib/python3.8/site-packages/airflow/example_dags/example_branch_labels.py
[2022-08-24 00:12:02,554] {logging_mixin.py:115} INFO - [2022-08-24 00:12:02,554] {dag.py:2371} INFO - Sync 1 DAGs
[2022-08-24 00:12:02,597] {logging_mixin.py:115} INFO - [2022-08-24 00:12:02,596] {dag.py:2915} INFO - Setting next_dagrun for example_branch_labels to 2022-08-23T00:00:00+00:00, run_after=2022-08-24T00:00:00+00:00
[2022-08-24 00:12:02,637] {processor.py:161} INFO - Processing /home/osboxes/.local/lib/python3.8/site-packages/airflow/example_dags/example_branch_labels.py took 0.207 seconds
[2022-08-24 00:13:14,966] {processor.py:153} INFO - Started process (PID=20751) to work on /home/osboxes/.local/lib/python3.8/site-packages/airflow/example_dags/example_branch_labels.py
[2022-08-24 00:13:14,985] {processor.py:641} INFO - Processing file /home/osboxes/.local/lib/python3.8/site-packages/airflow/example_dags/example_branch_labels.py for tasks to queue
[2022-08-24 00:13:14,987] {logging_mixin.py:115} INFO - [2022-08-24 00:13:14,986] {dagbag.py:507} INFO - Filling up the DagBag from /home/osboxes/.local/lib/python3.8/site-packages/airflow/example_dags/example_branch_labels.py
[2022-08-24 00:13:15,019] {processor.py:651} INFO - DAG(s) dict_keys(['example_branch_labels']) retrieved from /home/osboxes/.local/lib/python3.8/site-packages/airflow/example_dags/example_branch_labels.py
[2022-08-24 00:13:15,140] {logging_mixin.py:115} INFO - [2022-08-24 00:13:15,139] {dag.py:2371} INFO - Sync 1 DAGs
[2022-08-24 00:13:15,375] {logging_mixin.py:115} INFO - [2022-08-24 00:13:15,375] {dag.py:2915} INFO - Setting next_dagrun for example_branch_labels to 2022-08-23T00:00:00+00:00, run_after=2022-08-24T00:00:00+00:00
[2022-08-24 00:13:15,438] {processor.py:161} INFO - Processing /home/osboxes/.local/lib/python3.8/site-packages/airflow/example_dags/example_branch_labels.py took 0.474 seconds
[2022-08-24 00:14:08,294] {processor.py:153} INFO - Started process (PID=21158) to work on /home/osboxes/.local/lib/python3.8/site-packages/airflow/example_dags/example_branch_labels.py
[2022-08-24 00:14:08,298] {processor.py:641} INFO - Processing file /home/osboxes/.local/lib/python3.8/site-packages/airflow/example_dags/example_branch_labels.py for tasks to queue
[2022-08-24 00:14:08,299] {logging_mixin.py:115} INFO - [2022-08-24 00:14:08,298] {dagbag.py:507} INFO - Filling up the DagBag from /home/osboxes/.local/lib/python3.8/site-packages/airflow/example_dags/example_branch_labels.py
[2022-08-24 00:14:08,306] {processor.py:651} INFO - DAG(s) dict_keys(['example_branch_labels']) retrieved from /home/osboxes/.local/lib/python3.8/site-packages/airflow/example_dags/example_branch_labels.py
[2022-08-24 00:14:08,390] {logging_mixin.py:115} INFO - [2022-08-24 00:14:08,390] {dag.py:2371} INFO - Sync 1 DAGs
[2022-08-24 00:14:08,580] {logging_mixin.py:115} INFO - [2022-08-24 00:14:08,580] {dag.py:2915} INFO - Setting next_dagrun for example_branch_labels to 2022-08-23T00:00:00+00:00, run_after=2022-08-24T00:00:00+00:00
[2022-08-24 00:14:08,644] {processor.py:161} INFO - Processing /home/osboxes/.local/lib/python3.8/site-packages/airflow/example_dags/example_branch_labels.py took 0.357 seconds
[2022-08-24 00:14:55,677] {processor.py:153} INFO - Started process (PID=21530) to work on /home/osboxes/.local/lib/python3.8/site-packages/airflow/example_dags/example_branch_labels.py
[2022-08-24 00:14:55,686] {processor.py:641} INFO - Processing file /home/osboxes/.local/lib/python3.8/site-packages/airflow/example_dags/example_branch_labels.py for tasks to queue
[2022-08-24 00:14:55,688] {logging_mixin.py:115} INFO - [2022-08-24 00:14:55,688] {dagbag.py:507} INFO - Filling up the DagBag from /home/osboxes/.local/lib/python3.8/site-packages/airflow/example_dags/example_branch_labels.py
[2022-08-24 00:14:55,710] {processor.py:651} INFO - DAG(s) dict_keys(['example_branch_labels']) retrieved from /home/osboxes/.local/lib/python3.8/site-packages/airflow/example_dags/example_branch_labels.py
[2022-08-24 00:14:55,809] {logging_mixin.py:115} INFO - [2022-08-24 00:14:55,809] {dag.py:2371} INFO - Sync 1 DAGs
[2022-08-24 00:14:55,877] {logging_mixin.py:115} INFO - [2022-08-24 00:14:55,876] {dag.py:2915} INFO - Setting next_dagrun for example_branch_labels to 2022-08-23T00:00:00+00:00, run_after=2022-08-24T00:00:00+00:00
[2022-08-24 00:14:55,941] {processor.py:161} INFO - Processing /home/osboxes/.local/lib/python3.8/site-packages/airflow/example_dags/example_branch_labels.py took 0.279 seconds
[2022-08-24 00:15:43,437] {processor.py:153} INFO - Started process (PID=21894) to work on /home/osboxes/.local/lib/python3.8/site-packages/airflow/example_dags/example_branch_labels.py
[2022-08-24 00:15:43,441] {processor.py:641} INFO - Processing file /home/osboxes/.local/lib/python3.8/site-packages/airflow/example_dags/example_branch_labels.py for tasks to queue
[2022-08-24 00:15:43,442] {logging_mixin.py:115} INFO - [2022-08-24 00:15:43,441] {dagbag.py:507} INFO - Filling up the DagBag from /home/osboxes/.local/lib/python3.8/site-packages/airflow/example_dags/example_branch_labels.py
[2022-08-24 00:15:43,446] {processor.py:651} INFO - DAG(s) dict_keys(['example_branch_labels']) retrieved from /home/osboxes/.local/lib/python3.8/site-packages/airflow/example_dags/example_branch_labels.py
[2022-08-24 00:15:43,470] {logging_mixin.py:115} INFO - [2022-08-24 00:15:43,470] {dag.py:2371} INFO - Sync 1 DAGs
[2022-08-24 00:15:43,498] {logging_mixin.py:115} INFO - [2022-08-24 00:15:43,498] {dag.py:2915} INFO - Setting next_dagrun for example_branch_labels to 2022-08-23T00:00:00+00:00, run_after=2022-08-24T00:00:00+00:00
[2022-08-24 00:15:43,535] {processor.py:161} INFO - Processing /home/osboxes/.local/lib/python3.8/site-packages/airflow/example_dags/example_branch_labels.py took 0.101 seconds
[2022-08-24 00:16:31,984] {processor.py:153} INFO - Started process (PID=22281) to work on /home/osboxes/.local/lib/python3.8/site-packages/airflow/example_dags/example_branch_labels.py
[2022-08-24 00:16:31,986] {processor.py:641} INFO - Processing file /home/osboxes/.local/lib/python3.8/site-packages/airflow/example_dags/example_branch_labels.py for tasks to queue
[2022-08-24 00:16:31,987] {logging_mixin.py:115} INFO - [2022-08-24 00:16:31,986] {dagbag.py:507} INFO - Filling up the DagBag from /home/osboxes/.local/lib/python3.8/site-packages/airflow/example_dags/example_branch_labels.py
[2022-08-24 00:16:31,991] {processor.py:651} INFO - DAG(s) dict_keys(['example_branch_labels']) retrieved from /home/osboxes/.local/lib/python3.8/site-packages/airflow/example_dags/example_branch_labels.py
[2022-08-24 00:16:32,010] {logging_mixin.py:115} INFO - [2022-08-24 00:16:32,010] {dag.py:2371} INFO - Sync 1 DAGs
[2022-08-24 00:16:32,032] {logging_mixin.py:115} INFO - [2022-08-24 00:16:32,032] {dag.py:2915} INFO - Setting next_dagrun for example_branch_labels to 2022-08-23T00:00:00+00:00, run_after=2022-08-24T00:00:00+00:00
[2022-08-24 00:16:32,063] {processor.py:161} INFO - Processing /home/osboxes/.local/lib/python3.8/site-packages/airflow/example_dags/example_branch_labels.py took 0.083 seconds
[2022-08-24 00:17:35,197] {processor.py:153} INFO - Started process (PID=22754) to work on /home/osboxes/.local/lib/python3.8/site-packages/airflow/example_dags/example_branch_labels.py
[2022-08-24 00:17:35,198] {processor.py:641} INFO - Processing file /home/osboxes/.local/lib/python3.8/site-packages/airflow/example_dags/example_branch_labels.py for tasks to queue
[2022-08-24 00:17:35,199] {logging_mixin.py:115} INFO - [2022-08-24 00:17:35,199] {dagbag.py:507} INFO - Filling up the DagBag from /home/osboxes/.local/lib/python3.8/site-packages/airflow/example_dags/example_branch_labels.py
[2022-08-24 00:17:35,204] {processor.py:651} INFO - DAG(s) dict_keys(['example_branch_labels']) retrieved from /home/osboxes/.local/lib/python3.8/site-packages/airflow/example_dags/example_branch_labels.py
[2022-08-24 00:17:35,220] {logging_mixin.py:115} INFO - [2022-08-24 00:17:35,219] {dag.py:2371} INFO - Sync 1 DAGs
[2022-08-24 00:17:35,237] {logging_mixin.py:115} INFO - [2022-08-24 00:17:35,237] {dag.py:2915} INFO - Setting next_dagrun for example_branch_labels to 2022-08-23T00:00:00+00:00, run_after=2022-08-24T00:00:00+00:00
[2022-08-24 00:17:35,273] {processor.py:161} INFO - Processing /home/osboxes/.local/lib/python3.8/site-packages/airflow/example_dags/example_branch_labels.py took 0.078 seconds
[2022-08-24 00:18:53,209] {processor.py:153} INFO - Started process (PID=23399) to work on /home/osboxes/.local/lib/python3.8/site-packages/airflow/example_dags/example_branch_labels.py
[2022-08-24 00:18:53,211] {processor.py:641} INFO - Processing file /home/osboxes/.local/lib/python3.8/site-packages/airflow/example_dags/example_branch_labels.py for tasks to queue
[2022-08-24 00:18:53,212] {logging_mixin.py:115} INFO - [2022-08-24 00:18:53,212] {dagbag.py:507} INFO - Filling up the DagBag from /home/osboxes/.local/lib/python3.8/site-packages/airflow/example_dags/example_branch_labels.py
[2022-08-24 00:18:53,217] {processor.py:651} INFO - DAG(s) dict_keys(['example_branch_labels']) retrieved from /home/osboxes/.local/lib/python3.8/site-packages/airflow/example_dags/example_branch_labels.py
[2022-08-24 00:18:53,241] {logging_mixin.py:115} INFO - [2022-08-24 00:18:53,241] {dag.py:2371} INFO - Sync 1 DAGs
[2022-08-24 00:18:53,263] {logging_mixin.py:115} INFO - [2022-08-24 00:18:53,263] {dag.py:2915} INFO - Setting next_dagrun for example_branch_labels to 2022-08-23T00:00:00+00:00, run_after=2022-08-24T00:00:00+00:00
[2022-08-24 00:18:53,322] {processor.py:161} INFO - Processing /home/osboxes/.local/lib/python3.8/site-packages/airflow/example_dags/example_branch_labels.py took 0.116 seconds
[2022-08-24 00:19:59,623] {processor.py:153} INFO - Started process (PID=23884) to work on /home/osboxes/.local/lib/python3.8/site-packages/airflow/example_dags/example_branch_labels.py
[2022-08-24 00:19:59,626] {processor.py:641} INFO - Processing file /home/osboxes/.local/lib/python3.8/site-packages/airflow/example_dags/example_branch_labels.py for tasks to queue
[2022-08-24 00:19:59,626] {logging_mixin.py:115} INFO - [2022-08-24 00:19:59,626] {dagbag.py:507} INFO - Filling up the DagBag from /home/osboxes/.local/lib/python3.8/site-packages/airflow/example_dags/example_branch_labels.py
[2022-08-24 00:19:59,630] {processor.py:651} INFO - DAG(s) dict_keys(['example_branch_labels']) retrieved from /home/osboxes/.local/lib/python3.8/site-packages/airflow/example_dags/example_branch_labels.py
[2022-08-24 00:19:59,647] {logging_mixin.py:115} INFO - [2022-08-24 00:19:59,647] {dag.py:2371} INFO - Sync 1 DAGs
[2022-08-24 00:19:59,663] {logging_mixin.py:115} INFO - [2022-08-24 00:19:59,663] {dag.py:2915} INFO - Setting next_dagrun for example_branch_labels to 2022-08-23T00:00:00+00:00, run_after=2022-08-24T00:00:00+00:00
[2022-08-24 00:19:59,697] {processor.py:161} INFO - Processing /home/osboxes/.local/lib/python3.8/site-packages/airflow/example_dags/example_branch_labels.py took 0.091 seconds
[2022-08-24 00:20:42,038] {processor.py:153} INFO - Started process (PID=24219) to work on /home/osboxes/.local/lib/python3.8/site-packages/airflow/example_dags/example_branch_labels.py
[2022-08-24 00:20:42,040] {processor.py:641} INFO - Processing file /home/osboxes/.local/lib/python3.8/site-packages/airflow/example_dags/example_branch_labels.py for tasks to queue
[2022-08-24 00:20:42,040] {logging_mixin.py:115} INFO - [2022-08-24 00:20:42,040] {dagbag.py:507} INFO - Filling up the DagBag from /home/osboxes/.local/lib/python3.8/site-packages/airflow/example_dags/example_branch_labels.py
[2022-08-24 00:20:42,045] {processor.py:651} INFO - DAG(s) dict_keys(['example_branch_labels']) retrieved from /home/osboxes/.local/lib/python3.8/site-packages/airflow/example_dags/example_branch_labels.py
[2022-08-24 00:20:42,062] {logging_mixin.py:115} INFO - [2022-08-24 00:20:42,062] {dag.py:2371} INFO - Sync 1 DAGs
[2022-08-24 00:20:42,077] {logging_mixin.py:115} INFO - [2022-08-24 00:20:42,077] {dag.py:2915} INFO - Setting next_dagrun for example_branch_labels to 2022-08-23T00:00:00+00:00, run_after=2022-08-24T00:00:00+00:00
[2022-08-24 00:20:42,120] {processor.py:161} INFO - Processing /home/osboxes/.local/lib/python3.8/site-packages/airflow/example_dags/example_branch_labels.py took 0.084 seconds
[2022-08-24 00:22:14,866] {processor.py:153} INFO - Started process (PID=24857) to work on /home/osboxes/.local/lib/python3.8/site-packages/airflow/example_dags/example_branch_labels.py
[2022-08-24 00:22:14,869] {processor.py:641} INFO - Processing file /home/osboxes/.local/lib/python3.8/site-packages/airflow/example_dags/example_branch_labels.py for tasks to queue
[2022-08-24 00:22:14,870] {logging_mixin.py:115} INFO - [2022-08-24 00:22:14,870] {dagbag.py:507} INFO - Filling up the DagBag from /home/osboxes/.local/lib/python3.8/site-packages/airflow/example_dags/example_branch_labels.py
[2022-08-24 00:22:14,875] {processor.py:651} INFO - DAG(s) dict_keys(['example_branch_labels']) retrieved from /home/osboxes/.local/lib/python3.8/site-packages/airflow/example_dags/example_branch_labels.py
[2022-08-24 00:22:14,903] {logging_mixin.py:115} INFO - [2022-08-24 00:22:14,903] {dag.py:2371} INFO - Sync 1 DAGs
[2022-08-24 00:22:14,947] {logging_mixin.py:115} INFO - [2022-08-24 00:22:14,947] {dag.py:2915} INFO - Setting next_dagrun for example_branch_labels to 2022-08-23T00:00:00+00:00, run_after=2022-08-24T00:00:00+00:00
[2022-08-24 00:22:15,097] {processor.py:161} INFO - Processing /home/osboxes/.local/lib/python3.8/site-packages/airflow/example_dags/example_branch_labels.py took 0.233 seconds
