[2022-08-09 11:14:32,759] {taskinstance.py:1159} INFO - Dependencies all met for <TaskInstance: Stockdim_update.named_stg_tab_stg_l manual__2022-08-09T06:36:46.184026+00:00 [queued]>
[2022-08-09 11:14:32,771] {taskinstance.py:1159} INFO - Dependencies all met for <TaskInstance: Stockdim_update.named_stg_tab_stg_l manual__2022-08-09T06:36:46.184026+00:00 [queued]>
[2022-08-09 11:14:32,771] {taskinstance.py:1356} INFO - 
--------------------------------------------------------------------------------
[2022-08-09 11:14:32,771] {taskinstance.py:1357} INFO - Starting attempt 2 of 2
[2022-08-09 11:14:32,771] {taskinstance.py:1358} INFO - 
--------------------------------------------------------------------------------
[2022-08-09 11:14:32,818] {taskinstance.py:1377} INFO - Executing <Task(SnowflakeOperator): named_stg_tab_stg_l> on 2022-08-09 06:36:46.184026+00:00
[2022-08-09 11:14:32,824] {standard_task_runner.py:52} INFO - Started process 182135 to run task
[2022-08-09 11:14:32,835] {standard_task_runner.py:79} INFO - Running: ['airflow', 'tasks', 'run', 'Stockdim_update', 'named_stg_tab_stg_l', 'manual__2022-08-09T06:36:46.184026+00:00', '--job-id', '215', '--raw', '--subdir', 'DAGS_FOLDER/stock_scd2.py', '--cfg-path', '/tmp/tmp334in0zr', '--error-file', '/tmp/tmppi6495xz']
[2022-08-09 11:14:32,836] {standard_task_runner.py:80} INFO - Job 215: Subtask named_stg_tab_stg_l
[2022-08-09 11:14:32,901] {task_command.py:369} INFO - Running <TaskInstance: Stockdim_update.named_stg_tab_stg_l manual__2022-08-09T06:36:46.184026+00:00 [running]> on host osboxes
[2022-08-09 11:14:33,155] {taskinstance.py:1569} INFO - Exporting the following env vars:
AIRFLOW_CTX_DAG_OWNER=NSEstock
AIRFLOW_CTX_DAG_ID=Stockdim_update
AIRFLOW_CTX_TASK_ID=named_stg_tab_stg_l
AIRFLOW_CTX_EXECUTION_DATE=2022-08-09T06:36:46.184026+00:00
AIRFLOW_CTX_TRY_NUMBER=2
AIRFLOW_CTX_DAG_RUN_ID=manual__2022-08-09T06:36:46.184026+00:00
[2022-08-09 11:14:33,158] {snowflake.py:118} INFO - Executing:  COPY into EDW_DEV.EDW.STOCK_DIM_STG from (select $1,$2,$3,$4,$5,metadata$filename from @EDW_DEV.EDW.NSE_DAILY_STG)
 pattern= '.*ind_nifty.*'  file_format = 'EDW_DEV.EDW.NSE_SD_FMT_CSV' purge =true;
[2022-08-09 11:14:33,169] {base.py:68} INFO - Using connection ID 'snowflake_conn_id' for task execution.
[2022-08-09 11:14:33,179] {connection.py:257} INFO - Snowflake Connector for Python Version: 2.7.8, Python Version: 3.8.10, Platform: Linux-5.4.0-74-generic-x86_64-with-glibc2.29
[2022-08-09 11:14:33,188] {connection.py:876} INFO - This connection is in OCSP Fail Open Mode. TLS Certificates would be checked for validity and revocation status. Any other Certificate Revocation related exceptions or OCSP Responder failures would be disregarded in favor of connectivity.
[2022-08-09 11:14:33,190] {connection.py:894} INFO - Setting use_openssl_only mode to False
[2022-08-09 11:14:34,688] {cursor.py:710} INFO - query: [ALTER SESSION SET autocommit=True]
[2022-08-09 11:14:34,778] {cursor.py:734} INFO - query execution done
[2022-08-09 11:14:34,780] {snowflake.py:328} INFO - Running statement: COPY into EDW_DEV.EDW.STOCK_DIM_STG from (select $1,$2,$3,$4,$5,metadata$filename from @EDW_DEV.EDW.NSE_DAILY_STG)
 pattern= '.*ind_nifty.*'  file_format = 'EDW_DEV.EDW.NSE_SD_FMT_CSV' purge =true;, parameters: None
[2022-08-09 11:14:34,782] {cursor.py:710} INFO - query: [COPY into EDW_DEV.EDW.STOCK_DIM_STG from (select $1,$2,$3,$4,$5,metadata$filenam...]
[2022-08-09 11:14:36,607] {cursor.py:734} INFO - query execution done
[2022-08-09 11:14:36,607] {snowflake.py:338} INFO - Statement execution info - {'file': 'nse_daily_stg/ind_nifty200list.csv.gz', 'status': 'LOADED', 'rows_parsed': 200, 'rows_loaded': 200, 'error_limit': 1, 'errors_seen': 0, 'first_error': None, 'first_error_line': None, 'first_error_character': None, 'first_error_column_name': None}
[2022-08-09 11:14:36,608] {snowflake.py:342} INFO - Rows affected: 1
[2022-08-09 11:14:36,612] {snowflake.py:343} INFO - Snowflake query id: 01a62cb2-0501-b528-006e-0a83000231aa
[2022-08-09 11:14:36,612] {connection.py:507} INFO - closed
[2022-08-09 11:14:36,750] {connection.py:510} INFO - No async queries seem to be running, deleting session
[2022-08-09 11:14:36,980] {taskinstance.py:1395} INFO - Marking task as SUCCESS. dag_id=Stockdim_update, task_id=named_stg_tab_stg_l, execution_date=20220809T063646, start_date=20220809T151432, end_date=20220809T151436
[2022-08-09 11:14:37,044] {local_task_job.py:156} INFO - Task exited with return code 0
[2022-08-09 11:14:37,092] {local_task_job.py:273} INFO - 1 downstream tasks scheduled from follow-on schedule check
