[2022-08-30 06:46:13,250] {taskinstance.py:1159} INFO - Dependencies all met for <TaskInstance: nse_daily_data_load.old_files_clear scheduled__2022-08-28T13:37:00+00:00 [queued]>
[2022-08-30 06:46:13,348] {taskinstance.py:1159} INFO - Dependencies all met for <TaskInstance: nse_daily_data_load.old_files_clear scheduled__2022-08-28T13:37:00+00:00 [queued]>
[2022-08-30 06:46:13,352] {taskinstance.py:1356} INFO - 
--------------------------------------------------------------------------------
[2022-08-30 06:46:13,353] {taskinstance.py:1357} INFO - Starting attempt 1 of 1
[2022-08-30 06:46:13,353] {taskinstance.py:1358} INFO - 
--------------------------------------------------------------------------------
[2022-08-30 06:46:13,473] {taskinstance.py:1377} INFO - Executing <Task(PythonOperator): old_files_clear> on 2022-08-28 13:37:00+00:00
[2022-08-30 06:46:13,525] {standard_task_runner.py:79} INFO - Running: ['airflow', 'tasks', 'run', 'nse_daily_data_load', 'old_files_clear', 'scheduled__2022-08-28T13:37:00+00:00', '--job-id', '421', '--raw', '--subdir', 'DAGS_FOLDER/nse_daily_load_stg.py', '--cfg-path', '/tmp/tmpofuz5i83', '--error-file', '/tmp/tmpecqbjx0t']
[2022-08-30 06:46:13,553] {standard_task_runner.py:52} INFO - Started process 5796 to run task
[2022-08-30 06:46:13,558] {standard_task_runner.py:80} INFO - Job 421: Subtask old_files_clear
[2022-08-30 06:46:15,402] {task_command.py:369} INFO - Running <TaskInstance: nse_daily_data_load.old_files_clear scheduled__2022-08-28T13:37:00+00:00 [running]> on host osboxes
[2022-08-30 06:46:16,814] {taskinstance.py:1569} INFO - Exporting the following env vars:
AIRFLOW_CTX_DAG_OWNER=Airflow
AIRFLOW_CTX_DAG_ID=nse_daily_data_load
AIRFLOW_CTX_TASK_ID=old_files_clear
AIRFLOW_CTX_EXECUTION_DATE=2022-08-28T13:37:00+00:00
AIRFLOW_CTX_TRY_NUMBER=1
AIRFLOW_CTX_DAG_RUN_ID=scheduled__2022-08-28T13:37:00+00:00
[2022-08-30 06:46:16,900] {logging_mixin.py:115} INFO - 2022-08-30
[2022-08-30 06:46:16,900] {logging_mixin.py:115} INFO - ['.env', 'cm18AUG2022bhav.csv (1).zip', 'cm23AUG2022bhav.csv (1).zip', 'cm10AUG2022bhav.csv (1).zip', 'cm16AUG2022bhav.csv (1).zip', 'cm19AUG2022bhav.csv (1).zip', 'cm01AUG2022bhav.csv (1).zip', 'cm25AUG2022bhav.csv (1).zip', 'cm28JUL2022bhav.csv (1).zip', 'airflow.cfg', 'dags', 'cm22AUG2022bhav.csv (1).zip', 'cm17AUG2022bhav.csv (1).zip', 'cm08AUG2022bhav.csv (1).zip', 'cm24AUG2022bhav.csv (1).zip', 'cm04AUG2022bhav.csv (1).zip', 'cm05AUG2022bhav.csv (1).zip', 'plugins', 'logs', 'cm25JUL2022bhav.csv (1).zip', 'webserver_config.py', 'README.md', 'cm02AUG2022bhav.csv (1).zip', '.git', 'cm27JUL2022bhav.csv (1).zip', 'cm26JUL2022bhav.csv (1).zip', 'docker-compose.yml', 'cm11AUG2022bhav.csv (1).zip', 'airflow.db', 'airflow-webserver.pid', 'cm29JUL2022bhav.csv (1).zip', 'cm03AUG2022bhav.csv (1).zip', 'cm12AUG2022bhav.csv (1).zip', 'cm26AUG2022bhav.csv (1).zip'] get current directory
[2022-08-30 06:46:16,918] {logging_mixin.py:115} INFO - Testin ------------- <module 'posixpath' from '/usr/lib/python3.8/posixpath.py'> ------- /home/osboxes/airflow/dags
[2022-08-30 06:46:16,931] {logging_mixin.py:115} INFO - cm18AUG2022bhav.csv (1).zip file1 ====== /home/osboxes/airflow/dags
[2022-08-30 06:46:16,932] {logging_mixin.py:115} INFO - cm23AUG2022bhav.csv (1).zip file1 ====== /home/osboxes/airflow/dags
[2022-08-30 06:46:16,932] {logging_mixin.py:115} INFO - cm10AUG2022bhav.csv (1).zip file1 ====== /home/osboxes/airflow/dags
[2022-08-30 06:46:16,932] {logging_mixin.py:115} INFO - cm16AUG2022bhav.csv (1).zip file1 ====== /home/osboxes/airflow/dags
[2022-08-30 06:46:16,933] {logging_mixin.py:115} INFO - cm19AUG2022bhav.csv (1).zip file1 ====== /home/osboxes/airflow/dags
[2022-08-30 06:46:16,933] {logging_mixin.py:115} INFO - cm01AUG2022bhav.csv (1).zip file1 ====== /home/osboxes/airflow/dags
[2022-08-30 06:46:16,934] {logging_mixin.py:115} INFO - cm25AUG2022bhav.csv (1).zip file1 ====== /home/osboxes/airflow/dags
[2022-08-30 06:46:16,934] {logging_mixin.py:115} INFO - cm28JUL2022bhav.csv (1).zip file1 ====== /home/osboxes/airflow/dags
[2022-08-30 06:46:16,950] {logging_mixin.py:115} INFO - cm22AUG2022bhav.csv (1).zip file1 ====== /home/osboxes/airflow/dags
[2022-08-30 06:46:16,966] {logging_mixin.py:115} INFO - cm17AUG2022bhav.csv (1).zip file1 ====== /home/osboxes/airflow/dags
[2022-08-30 06:46:16,967] {logging_mixin.py:115} INFO - cm08AUG2022bhav.csv (1).zip file1 ====== /home/osboxes/airflow/dags
[2022-08-30 06:46:16,967] {logging_mixin.py:115} INFO - cm24AUG2022bhav.csv (1).zip file1 ====== /home/osboxes/airflow/dags
[2022-08-30 06:46:16,967] {logging_mixin.py:115} INFO - cm04AUG2022bhav.csv (1).zip file1 ====== /home/osboxes/airflow/dags
[2022-08-30 06:46:16,967] {logging_mixin.py:115} INFO - cm05AUG2022bhav.csv (1).zip file1 ====== /home/osboxes/airflow/dags
[2022-08-30 06:46:16,968] {logging_mixin.py:115} INFO - cm25JUL2022bhav.csv (1).zip file1 ====== /home/osboxes/airflow/dags
[2022-08-30 06:46:16,968] {logging_mixin.py:115} INFO - cm02AUG2022bhav.csv (1).zip file1 ====== /home/osboxes/airflow/dags
[2022-08-30 06:46:16,968] {logging_mixin.py:115} INFO - cm27JUL2022bhav.csv (1).zip file1 ====== /home/osboxes/airflow/dags
[2022-08-30 06:46:17,003] {logging_mixin.py:115} INFO - cm26JUL2022bhav.csv (1).zip file1 ====== /home/osboxes/airflow/dags
[2022-08-30 06:46:17,003] {logging_mixin.py:115} INFO - cm11AUG2022bhav.csv (1).zip file1 ====== /home/osboxes/airflow/dags
[2022-08-30 06:46:17,003] {logging_mixin.py:115} INFO - cm29JUL2022bhav.csv (1).zip file1 ====== /home/osboxes/airflow/dags
[2022-08-30 06:46:17,003] {logging_mixin.py:115} INFO - cm03AUG2022bhav.csv (1).zip file1 ====== /home/osboxes/airflow/dags
[2022-08-30 06:46:17,004] {logging_mixin.py:115} INFO - cm12AUG2022bhav.csv (1).zip file1 ====== /home/osboxes/airflow/dags
[2022-08-30 06:46:17,004] {logging_mixin.py:115} INFO - cm26AUG2022bhav.csv (1).zip file1 ====== /home/osboxes/airflow/dags
[2022-08-30 06:46:17,004] {python.py:173} INFO - Done. Returned value was: None
[2022-08-30 06:46:17,047] {taskinstance.py:1395} INFO - Marking task as SUCCESS. dag_id=nse_daily_data_load, task_id=old_files_clear, execution_date=20220828T133700, start_date=20220830T104613, end_date=20220830T104617
[2022-08-30 06:46:17,430] {local_task_job.py:156} INFO - Task exited with return code 0
[2022-08-30 06:46:18,036] {local_task_job.py:273} INFO - 1 downstream tasks scheduled from follow-on schedule check
