[2022-08-11 21:55:33,588] {taskinstance.py:1159} INFO - Dependencies all met for <TaskInstance: nse_daily_data_load.Truncate_relaod_table scheduled__2022-08-10T13:37:00+00:00 [queued]>
[2022-08-11 21:55:33,595] {taskinstance.py:1159} INFO - Dependencies all met for <TaskInstance: nse_daily_data_load.Truncate_relaod_table scheduled__2022-08-10T13:37:00+00:00 [queued]>
[2022-08-11 21:55:33,595] {taskinstance.py:1356} INFO - 
--------------------------------------------------------------------------------
[2022-08-11 21:55:33,595] {taskinstance.py:1357} INFO - Starting attempt 2 of 1
[2022-08-11 21:55:33,596] {taskinstance.py:1358} INFO - 
--------------------------------------------------------------------------------
[2022-08-11 21:55:33,630] {taskinstance.py:1377} INFO - Executing <Task(SnowflakeOperator): Truncate_relaod_table> on 2022-08-10 13:37:00+00:00
[2022-08-11 21:55:33,633] {standard_task_runner.py:52} INFO - Started process 10117 to run task
[2022-08-11 21:55:33,638] {standard_task_runner.py:79} INFO - Running: ['airflow', 'tasks', 'run', 'nse_daily_data_load', 'Truncate_relaod_table', 'scheduled__2022-08-10T13:37:00+00:00', '--job-id', '238', '--raw', '--subdir', 'DAGS_FOLDER/nse_daily_load_stg.py', '--cfg-path', '/tmp/tmphsdf9lcq', '--error-file', '/tmp/tmpp3a16tng']
[2022-08-11 21:55:33,638] {standard_task_runner.py:80} INFO - Job 238: Subtask Truncate_relaod_table
[2022-08-11 21:55:33,697] {task_command.py:369} INFO - Running <TaskInstance: nse_daily_data_load.Truncate_relaod_table scheduled__2022-08-10T13:37:00+00:00 [running]> on host osboxes
[2022-08-11 21:55:33,756] {taskinstance.py:1569} INFO - Exporting the following env vars:
AIRFLOW_CTX_DAG_OWNER=Airflow
AIRFLOW_CTX_DAG_ID=nse_daily_data_load
AIRFLOW_CTX_TASK_ID=Truncate_relaod_table
AIRFLOW_CTX_EXECUTION_DATE=2022-08-10T13:37:00+00:00
AIRFLOW_CTX_TRY_NUMBER=2
AIRFLOW_CTX_DAG_RUN_ID=scheduled__2022-08-10T13:37:00+00:00
[2022-08-11 21:55:33,757] {snowflake.py:118} INFO - Executing:  call EDW_DEV.EDW.LOAD_NSE_DAILY_DATA_WITH_MEASURES(); 
[2022-08-11 21:55:33,763] {base.py:68} INFO - Using connection ID 'snowflake_conn_id' for task execution.
[2022-08-11 21:55:33,766] {connection.py:257} INFO - Snowflake Connector for Python Version: 2.7.8, Python Version: 3.8.10, Platform: Linux-5.4.0-74-generic-x86_64-with-glibc2.29
[2022-08-11 21:55:33,767] {connection.py:876} INFO - This connection is in OCSP Fail Open Mode. TLS Certificates would be checked for validity and revocation status. Any other Certificate Revocation related exceptions or OCSP Responder failures would be disregarded in favor of connectivity.
[2022-08-11 21:55:33,767] {connection.py:894} INFO - Setting use_openssl_only mode to False
[2022-08-11 21:55:34,579] {cursor.py:710} INFO - query: [ALTER SESSION SET autocommit=True]
[2022-08-11 21:55:34,660] {cursor.py:734} INFO - query execution done
[2022-08-11 21:55:34,660] {snowflake.py:328} INFO - Running statement: call EDW_DEV.EDW.LOAD_NSE_DAILY_DATA_WITH_MEASURES();, parameters: None
[2022-08-11 21:55:34,660] {cursor.py:710} INFO - query: [call EDW_DEV.EDW.LOAD_NSE_DAILY_DATA_WITH_MEASURES();]
[2022-08-11 21:55:38,663] {local_task_job.py:220} WARNING - State of this instance has been externally set to failed. Terminating instance.
[2022-08-11 21:55:38,668] {process_utils.py:125} INFO - Sending Signals.SIGTERM to group 10117. PIDs of all processes in the group: [10117]
[2022-08-11 21:55:38,668] {process_utils.py:80} INFO - Sending the signal Signals.SIGTERM to group 10117
[2022-08-11 21:55:38,668] {taskinstance.py:1541} ERROR - Received SIGTERM. Terminating subprocesses.
[2022-08-11 21:55:38,673] {connection.py:507} INFO - closed
[2022-08-11 21:55:39,098] {connection.py:510} INFO - No async queries seem to be running, deleting session
[2022-08-11 21:55:39,294] {process_utils.py:75} INFO - Process psutil.Process(pid=10117, status='terminated', exitcode=0, started='21:55:32') (10117) terminated with exit code 0
