[2022-08-11 21:49:34,665] {taskinstance.py:1159} INFO - Dependencies all met for <TaskInstance: nse_daily_data_load.nse_download_files scheduled__2022-08-10T13:37:00+00:00 [queued]>
[2022-08-11 21:49:34,678] {taskinstance.py:1159} INFO - Dependencies all met for <TaskInstance: nse_daily_data_load.nse_download_files scheduled__2022-08-10T13:37:00+00:00 [queued]>
[2022-08-11 21:49:34,678] {taskinstance.py:1356} INFO - 
--------------------------------------------------------------------------------
[2022-08-11 21:49:34,678] {taskinstance.py:1357} INFO - Starting attempt 1 of 1
[2022-08-11 21:49:34,678] {taskinstance.py:1358} INFO - 
--------------------------------------------------------------------------------
[2022-08-11 21:49:34,717] {taskinstance.py:1377} INFO - Executing <Task(PythonOperator): nse_download_files> on 2022-08-10 13:37:00+00:00
[2022-08-11 21:49:34,722] {standard_task_runner.py:52} INFO - Started process 6372 to run task
[2022-08-11 21:49:34,754] {standard_task_runner.py:79} INFO - Running: ['airflow', 'tasks', 'run', 'nse_daily_data_load', 'nse_download_files', 'scheduled__2022-08-10T13:37:00+00:00', '--job-id', '228', '--raw', '--subdir', 'DAGS_FOLDER/nse_daily_load_stg.py', '--cfg-path', '/tmp/tmpvwpevorh', '--error-file', '/tmp/tmplxyazknr']
[2022-08-11 21:49:34,762] {standard_task_runner.py:80} INFO - Job 228: Subtask nse_download_files
[2022-08-11 21:49:34,959] {task_command.py:369} INFO - Running <TaskInstance: nse_daily_data_load.nse_download_files scheduled__2022-08-10T13:37:00+00:00 [running]> on host osboxes
[2022-08-11 21:49:35,280] {taskinstance.py:1569} INFO - Exporting the following env vars:
AIRFLOW_CTX_DAG_OWNER=Airflow
AIRFLOW_CTX_DAG_ID=nse_daily_data_load
AIRFLOW_CTX_TASK_ID=nse_download_files
AIRFLOW_CTX_EXECUTION_DATE=2022-08-10T13:37:00+00:00
AIRFLOW_CTX_TRY_NUMBER=1
AIRFLOW_CTX_DAG_RUN_ID=scheduled__2022-08-10T13:37:00+00:00
[2022-08-11 21:49:35,299] {logging_mixin.py:115} INFO - 
cm25JUL2022bhav
[2022-08-11 21:49:35,303] {logging_mixin.py:115} INFO - enter try in loop
[2022-08-11 21:49:35,303] {logging_mixin.py:115} INFO - https://www1.nseindia.com/content/historical/EQUITIES/2022/JUL/cm25JUL2022bhav.csv.zip
[2022-08-11 21:49:36,355] {logging_mixin.py:115} INFO - https://www1.nseindia.com/content/historical/EQUITIES/2022/JUL/cm25JUL2022bhav.csv.zip
[2022-08-11 21:49:36,355] {logging_mixin.py:115} INFO - 
cm26JUL2022bhav
[2022-08-11 21:49:36,356] {logging_mixin.py:115} INFO - enter try in loop
[2022-08-11 21:49:36,356] {logging_mixin.py:115} INFO - https://www1.nseindia.com/content/historical/EQUITIES/2022/JUL/cm26JUL2022bhav.csv.zip
[2022-08-11 21:49:37,366] {logging_mixin.py:115} INFO - https://www1.nseindia.com/content/historical/EQUITIES/2022/JUL/cm26JUL2022bhav.csv.zip
[2022-08-11 21:49:37,374] {logging_mixin.py:115} INFO - 
cm27JUL2022bhav
[2022-08-11 21:49:37,374] {logging_mixin.py:115} INFO - enter try in loop
[2022-08-11 21:49:37,375] {logging_mixin.py:115} INFO - https://www1.nseindia.com/content/historical/EQUITIES/2022/JUL/cm27JUL2022bhav.csv.zip
[2022-08-11 21:49:37,959] {logging_mixin.py:115} INFO - https://www1.nseindia.com/content/historical/EQUITIES/2022/JUL/cm27JUL2022bhav.csv.zip
[2022-08-11 21:49:37,960] {logging_mixin.py:115} INFO - 
cm28JUL2022bhav
[2022-08-11 21:49:37,960] {logging_mixin.py:115} INFO - enter try in loop
[2022-08-11 21:49:37,960] {logging_mixin.py:115} INFO - https://www1.nseindia.com/content/historical/EQUITIES/2022/JUL/cm28JUL2022bhav.csv.zip
[2022-08-11 21:49:38,563] {logging_mixin.py:115} INFO - https://www1.nseindia.com/content/historical/EQUITIES/2022/JUL/cm28JUL2022bhav.csv.zip
[2022-08-11 21:49:38,563] {logging_mixin.py:115} INFO - 
cm29JUL2022bhav
[2022-08-11 21:49:38,563] {logging_mixin.py:115} INFO - enter try in loop
[2022-08-11 21:49:38,563] {logging_mixin.py:115} INFO - https://www1.nseindia.com/content/historical/EQUITIES/2022/JUL/cm29JUL2022bhav.csv.zip
[2022-08-11 21:49:39,162] {logging_mixin.py:115} INFO - https://www1.nseindia.com/content/historical/EQUITIES/2022/JUL/cm29JUL2022bhav.csv.zip
[2022-08-11 21:49:39,162] {logging_mixin.py:115} INFO - 
cm30JUL2022bhav
[2022-08-11 21:49:39,162] {logging_mixin.py:115} INFO - enter try in loop
[2022-08-11 21:49:39,162] {logging_mixin.py:115} INFO - https://www1.nseindia.com/content/historical/EQUITIES/2022/JUL/cm30JUL2022bhav.csv.zip
[2022-08-11 21:49:39,411] {logging_mixin.py:115} INFO - issue occured
[2022-08-11 21:49:39,412] {logging_mixin.py:115} INFO - 
cm01AUG2022bhav
[2022-08-11 21:49:39,412] {logging_mixin.py:115} INFO - enter try in loop
[2022-08-11 21:49:39,412] {logging_mixin.py:115} INFO - https://www1.nseindia.com/content/historical/EQUITIES/2022/AUG/cm01AUG2022bhav.csv.zip
[2022-08-11 21:49:40,021] {logging_mixin.py:115} INFO - https://www1.nseindia.com/content/historical/EQUITIES/2022/AUG/cm01AUG2022bhav.csv.zip
[2022-08-11 21:49:40,021] {logging_mixin.py:115} INFO - 
cm02AUG2022bhav
[2022-08-11 21:49:40,021] {logging_mixin.py:115} INFO - enter try in loop
[2022-08-11 21:49:40,021] {logging_mixin.py:115} INFO - https://www1.nseindia.com/content/historical/EQUITIES/2022/AUG/cm02AUG2022bhav.csv.zip
[2022-08-11 21:49:40,654] {logging_mixin.py:115} INFO - https://www1.nseindia.com/content/historical/EQUITIES/2022/AUG/cm02AUG2022bhav.csv.zip
[2022-08-11 21:49:40,655] {logging_mixin.py:115} INFO - 
cm03AUG2022bhav
[2022-08-11 21:49:40,655] {logging_mixin.py:115} INFO - enter try in loop
[2022-08-11 21:49:40,655] {logging_mixin.py:115} INFO - https://www1.nseindia.com/content/historical/EQUITIES/2022/AUG/cm03AUG2022bhav.csv.zip
[2022-08-11 21:49:41,425] {logging_mixin.py:115} INFO - https://www1.nseindia.com/content/historical/EQUITIES/2022/AUG/cm03AUG2022bhav.csv.zip
[2022-08-11 21:49:41,425] {logging_mixin.py:115} INFO - 
cm04AUG2022bhav
[2022-08-11 21:49:41,425] {logging_mixin.py:115} INFO - enter try in loop
[2022-08-11 21:49:41,425] {logging_mixin.py:115} INFO - https://www1.nseindia.com/content/historical/EQUITIES/2022/AUG/cm04AUG2022bhav.csv.zip
[2022-08-11 21:49:42,136] {logging_mixin.py:115} INFO - https://www1.nseindia.com/content/historical/EQUITIES/2022/AUG/cm04AUG2022bhav.csv.zip
[2022-08-11 21:49:42,137] {logging_mixin.py:115} INFO - 
cm05AUG2022bhav
[2022-08-11 21:49:42,137] {logging_mixin.py:115} INFO - enter try in loop
[2022-08-11 21:49:42,137] {logging_mixin.py:115} INFO - https://www1.nseindia.com/content/historical/EQUITIES/2022/AUG/cm05AUG2022bhav.csv.zip
[2022-08-11 21:49:42,778] {logging_mixin.py:115} INFO - https://www1.nseindia.com/content/historical/EQUITIES/2022/AUG/cm05AUG2022bhav.csv.zip
[2022-08-11 21:49:42,779] {logging_mixin.py:115} INFO - 
cm06AUG2022bhav
[2022-08-11 21:49:42,779] {logging_mixin.py:115} INFO - enter try in loop
[2022-08-11 21:49:42,779] {logging_mixin.py:115} INFO - https://www1.nseindia.com/content/historical/EQUITIES/2022/AUG/cm06AUG2022bhav.csv.zip
[2022-08-11 21:49:43,060] {logging_mixin.py:115} INFO - issue occured
[2022-08-11 21:49:43,064] {logging_mixin.py:115} INFO - 
cm07AUG2022bhav
[2022-08-11 21:49:43,064] {logging_mixin.py:115} INFO - enter try in loop
[2022-08-11 21:49:43,064] {logging_mixin.py:115} INFO - https://www1.nseindia.com/content/historical/EQUITIES/2022/AUG/cm07AUG2022bhav.csv.zip
[2022-08-11 21:49:43,309] {logging_mixin.py:115} INFO - issue occured
[2022-08-11 21:49:43,321] {logging_mixin.py:115} INFO - 
cm08AUG2022bhav
[2022-08-11 21:49:43,322] {logging_mixin.py:115} INFO - enter try in loop
[2022-08-11 21:49:43,322] {logging_mixin.py:115} INFO - https://www1.nseindia.com/content/historical/EQUITIES/2022/AUG/cm08AUG2022bhav.csv.zip
[2022-08-11 21:49:43,915] {logging_mixin.py:115} INFO - https://www1.nseindia.com/content/historical/EQUITIES/2022/AUG/cm08AUG2022bhav.csv.zip
[2022-08-11 21:49:43,915] {logging_mixin.py:115} INFO - 
cm09AUG2022bhav
[2022-08-11 21:49:43,915] {logging_mixin.py:115} INFO - enter try in loop
[2022-08-11 21:49:43,915] {logging_mixin.py:115} INFO - https://www1.nseindia.com/content/historical/EQUITIES/2022/AUG/cm09AUG2022bhav.csv.zip
[2022-08-11 21:49:44,143] {logging_mixin.py:115} INFO - issue occured
[2022-08-11 21:49:44,147] {logging_mixin.py:115} INFO - 
cm10AUG2022bhav
[2022-08-11 21:49:44,147] {logging_mixin.py:115} INFO - enter try in loop
[2022-08-11 21:49:44,147] {logging_mixin.py:115} INFO - https://www1.nseindia.com/content/historical/EQUITIES/2022/AUG/cm10AUG2022bhav.csv.zip
[2022-08-11 21:49:45,042] {logging_mixin.py:115} INFO - https://www1.nseindia.com/content/historical/EQUITIES/2022/AUG/cm10AUG2022bhav.csv.zip
[2022-08-11 21:49:45,042] {logging_mixin.py:115} INFO - 
cm11AUG2022bhav
[2022-08-11 21:49:45,042] {logging_mixin.py:115} INFO - enter try in loop
[2022-08-11 21:49:45,042] {logging_mixin.py:115} INFO - https://www1.nseindia.com/content/historical/EQUITIES/2022/AUG/cm11AUG2022bhav.csv.zip
[2022-08-11 21:49:45,617] {logging_mixin.py:115} INFO - https://www1.nseindia.com/content/historical/EQUITIES/2022/AUG/cm11AUG2022bhav.csv.zip
[2022-08-11 21:49:45,618] {logging_mixin.py:115} INFO - ['cm25JUL2022bhav.csv.zip', 'cm26JUL2022bhav.csv.zip', 'cm27JUL2022bhav.csv.zip', 'cm28JUL2022bhav.csv.zip', 'cm29JUL2022bhav.csv.zip', 'cm01AUG2022bhav.csv.zip', 'cm02AUG2022bhav.csv.zip', 'cm03AUG2022bhav.csv.zip', 'cm04AUG2022bhav.csv.zip', 'cm05AUG2022bhav.csv.zip', 'cm08AUG2022bhav.csv.zip', 'cm10AUG2022bhav.csv.zip', 'cm11AUG2022bhav.csv.zip']
[2022-08-11 21:49:45,618] {logging_mixin.py:115} INFO - cm25JUL2022bhav.csv.zip
[2022-08-11 21:49:45,655] {logging_mixin.py:115} INFO - cm26JUL2022bhav.csv.zip
[2022-08-11 21:49:45,694] {logging_mixin.py:115} INFO - cm27JUL2022bhav.csv.zip
[2022-08-11 21:49:45,697] {logging_mixin.py:115} INFO - cm28JUL2022bhav.csv.zip
[2022-08-11 21:49:45,723] {logging_mixin.py:115} INFO - cm29JUL2022bhav.csv.zip
[2022-08-11 21:49:45,743] {logging_mixin.py:115} INFO - cm01AUG2022bhav.csv.zip
[2022-08-11 21:49:45,757] {logging_mixin.py:115} INFO - cm02AUG2022bhav.csv.zip
[2022-08-11 21:49:45,765] {logging_mixin.py:115} INFO - cm03AUG2022bhav.csv.zip
[2022-08-11 21:49:45,790] {logging_mixin.py:115} INFO - cm04AUG2022bhav.csv.zip
[2022-08-11 21:49:45,800] {logging_mixin.py:115} INFO - cm05AUG2022bhav.csv.zip
[2022-08-11 21:49:45,815] {logging_mixin.py:115} INFO - cm08AUG2022bhav.csv.zip
[2022-08-11 21:49:45,825] {logging_mixin.py:115} INFO - cm10AUG2022bhav.csv.zip
[2022-08-11 21:49:45,927] {logging_mixin.py:115} INFO - cm11AUG2022bhav.csv.zip
[2022-08-11 21:49:45,930] {python.py:173} INFO - Done. Returned value was: None
[2022-08-11 21:49:45,941] {taskinstance.py:1395} INFO - Marking task as SUCCESS. dag_id=nse_daily_data_load, task_id=nse_download_files, execution_date=20220810T133700, start_date=20220812T014934, end_date=20220812T014945
[2022-08-11 21:49:46,074] {local_task_job.py:156} INFO - Task exited with return code 0
[2022-08-11 21:49:46,206] {local_task_job.py:273} INFO - 1 downstream tasks scheduled from follow-on schedule check
