[2022-09-05 21:17:17,758] {processor.py:153} INFO - Started process (PID=167046) to work on /home/osboxes/airflow/dags/dag_hand1.py
[2022-09-05 21:17:17,762] {processor.py:641} INFO - Processing file /home/osboxes/airflow/dags/dag_hand1.py for tasks to queue
[2022-09-05 21:17:17,762] {logging_mixin.py:115} INFO - [2022-09-05 21:17:17,762] {dagbag.py:507} INFO - Filling up the DagBag from /home/osboxes/airflow/dags/dag_hand1.py
[2022-09-05 21:17:17,769] {processor.py:651} INFO - DAG(s) dict_keys(['Hands_pract_v1']) retrieved from /home/osboxes/airflow/dags/dag_hand1.py
[2022-09-05 21:17:17,826] {logging_mixin.py:115} INFO - [2022-09-05 21:17:17,826] {dag.py:2371} INFO - Sync 1 DAGs
[2022-09-05 21:17:17,844] {logging_mixin.py:115} INFO - [2022-09-05 21:17:17,844] {dag.py:2915} INFO - Setting next_dagrun for Hands_pract_v1 to 2022-09-06T00:00:00+00:00, run_after=2022-09-07T00:00:00+00:00
[2022-09-05 21:17:17,895] {processor.py:161} INFO - Processing /home/osboxes/airflow/dags/dag_hand1.py took 0.140 seconds
[2022-09-05 21:18:08,307] {processor.py:153} INFO - Started process (PID=167430) to work on /home/osboxes/airflow/dags/dag_hand1.py
[2022-09-05 21:18:08,308] {processor.py:641} INFO - Processing file /home/osboxes/airflow/dags/dag_hand1.py for tasks to queue
[2022-09-05 21:18:08,309] {logging_mixin.py:115} INFO - [2022-09-05 21:18:08,309] {dagbag.py:507} INFO - Filling up the DagBag from /home/osboxes/airflow/dags/dag_hand1.py
[2022-09-05 21:18:08,316] {processor.py:651} INFO - DAG(s) dict_keys(['Hands_pract_v1']) retrieved from /home/osboxes/airflow/dags/dag_hand1.py
[2022-09-05 21:18:08,386] {logging_mixin.py:115} INFO - [2022-09-05 21:18:08,386] {dag.py:2371} INFO - Sync 1 DAGs
[2022-09-05 21:18:08,409] {logging_mixin.py:115} INFO - [2022-09-05 21:18:08,409] {dag.py:2915} INFO - Setting next_dagrun for Hands_pract_v1 to 2022-09-06T00:00:00+00:00, run_after=2022-09-07T00:00:00+00:00
[2022-09-05 21:18:08,453] {processor.py:161} INFO - Processing /home/osboxes/airflow/dags/dag_hand1.py took 0.149 seconds
[2022-09-05 21:18:50,262] {processor.py:153} INFO - Started process (PID=167790) to work on /home/osboxes/airflow/dags/dag_hand1.py
[2022-09-05 21:18:50,265] {processor.py:641} INFO - Processing file /home/osboxes/airflow/dags/dag_hand1.py for tasks to queue
[2022-09-05 21:18:50,265] {logging_mixin.py:115} INFO - [2022-09-05 21:18:50,265] {dagbag.py:507} INFO - Filling up the DagBag from /home/osboxes/airflow/dags/dag_hand1.py
[2022-09-05 21:18:50,271] {processor.py:651} INFO - DAG(s) dict_keys(['Hands_pract_v1']) retrieved from /home/osboxes/airflow/dags/dag_hand1.py
[2022-09-05 21:18:50,288] {logging_mixin.py:115} INFO - [2022-09-05 21:18:50,288] {dag.py:2371} INFO - Sync 1 DAGs
[2022-09-05 21:18:50,303] {logging_mixin.py:115} INFO - [2022-09-05 21:18:50,303] {dag.py:2915} INFO - Setting next_dagrun for Hands_pract_v1 to 2022-09-06T00:00:00+00:00, run_after=2022-09-07T00:00:00+00:00
[2022-09-05 21:18:50,335] {processor.py:161} INFO - Processing /home/osboxes/airflow/dags/dag_hand1.py took 0.076 seconds
[2022-09-05 21:19:32,149] {processor.py:153} INFO - Started process (PID=168114) to work on /home/osboxes/airflow/dags/dag_hand1.py
[2022-09-05 21:19:32,150] {processor.py:641} INFO - Processing file /home/osboxes/airflow/dags/dag_hand1.py for tasks to queue
[2022-09-05 21:19:32,150] {logging_mixin.py:115} INFO - [2022-09-05 21:19:32,150] {dagbag.py:507} INFO - Filling up the DagBag from /home/osboxes/airflow/dags/dag_hand1.py
[2022-09-05 21:19:32,155] {processor.py:651} INFO - DAG(s) dict_keys(['Hands_pract_v1']) retrieved from /home/osboxes/airflow/dags/dag_hand1.py
[2022-09-05 21:19:32,182] {logging_mixin.py:115} INFO - [2022-09-05 21:19:32,182] {dag.py:2371} INFO - Sync 1 DAGs
[2022-09-05 21:19:32,200] {logging_mixin.py:115} INFO - [2022-09-05 21:19:32,200] {dag.py:2915} INFO - Setting next_dagrun for Hands_pract_v1 to 2022-09-06T00:00:00+00:00, run_after=2022-09-07T00:00:00+00:00
[2022-09-05 21:19:32,249] {processor.py:161} INFO - Processing /home/osboxes/airflow/dags/dag_hand1.py took 0.103 seconds
[2022-09-05 21:20:15,184] {processor.py:153} INFO - Started process (PID=168445) to work on /home/osboxes/airflow/dags/dag_hand1.py
[2022-09-05 21:20:15,185] {processor.py:641} INFO - Processing file /home/osboxes/airflow/dags/dag_hand1.py for tasks to queue
[2022-09-05 21:20:15,186] {logging_mixin.py:115} INFO - [2022-09-05 21:20:15,185] {dagbag.py:507} INFO - Filling up the DagBag from /home/osboxes/airflow/dags/dag_hand1.py
[2022-09-05 21:20:15,192] {processor.py:651} INFO - DAG(s) dict_keys(['Hands_pract_v1']) retrieved from /home/osboxes/airflow/dags/dag_hand1.py
[2022-09-05 21:20:15,210] {logging_mixin.py:115} INFO - [2022-09-05 21:20:15,210] {dag.py:2371} INFO - Sync 1 DAGs
[2022-09-05 21:20:15,226] {logging_mixin.py:115} INFO - [2022-09-05 21:20:15,226] {dag.py:2915} INFO - Setting next_dagrun for Hands_pract_v1 to 2022-09-06T00:00:00+00:00, run_after=2022-09-07T00:00:00+00:00
[2022-09-05 21:20:15,261] {processor.py:161} INFO - Processing /home/osboxes/airflow/dags/dag_hand1.py took 0.080 seconds
[2022-09-05 21:20:54,841] {processor.py:153} INFO - Started process (PID=168769) to work on /home/osboxes/airflow/dags/dag_hand1.py
[2022-09-05 21:20:54,854] {processor.py:641} INFO - Processing file /home/osboxes/airflow/dags/dag_hand1.py for tasks to queue
[2022-09-05 21:20:54,856] {logging_mixin.py:115} INFO - [2022-09-05 21:20:54,856] {dagbag.py:507} INFO - Filling up the DagBag from /home/osboxes/airflow/dags/dag_hand1.py
[2022-09-05 21:20:54,863] {processor.py:651} INFO - DAG(s) dict_keys(['Hands_pract_v1']) retrieved from /home/osboxes/airflow/dags/dag_hand1.py
[2022-09-05 21:20:54,892] {logging_mixin.py:115} INFO - [2022-09-05 21:20:54,892] {dag.py:2371} INFO - Sync 1 DAGs
[2022-09-05 21:20:54,922] {logging_mixin.py:115} INFO - [2022-09-05 21:20:54,922] {dag.py:2915} INFO - Setting next_dagrun for Hands_pract_v1 to 2022-09-06T00:00:00+00:00, run_after=2022-09-07T00:00:00+00:00
[2022-09-05 21:20:54,961] {processor.py:161} INFO - Processing /home/osboxes/airflow/dags/dag_hand1.py took 0.124 seconds
[2022-09-05 21:21:31,908] {processor.py:153} INFO - Started process (PID=169056) to work on /home/osboxes/airflow/dags/dag_hand1.py
[2022-09-05 21:21:31,909] {processor.py:641} INFO - Processing file /home/osboxes/airflow/dags/dag_hand1.py for tasks to queue
[2022-09-05 21:21:31,910] {logging_mixin.py:115} INFO - [2022-09-05 21:21:31,910] {dagbag.py:507} INFO - Filling up the DagBag from /home/osboxes/airflow/dags/dag_hand1.py
[2022-09-05 21:21:31,915] {processor.py:651} INFO - DAG(s) dict_keys(['Hands_pract_v1']) retrieved from /home/osboxes/airflow/dags/dag_hand1.py
[2022-09-05 21:21:31,936] {logging_mixin.py:115} INFO - [2022-09-05 21:21:31,935] {dag.py:2371} INFO - Sync 1 DAGs
[2022-09-05 21:21:31,951] {logging_mixin.py:115} INFO - [2022-09-05 21:21:31,951] {dag.py:2915} INFO - Setting next_dagrun for Hands_pract_v1 to 2022-09-06T00:00:00+00:00, run_after=2022-09-07T00:00:00+00:00
[2022-09-05 21:21:31,983] {processor.py:161} INFO - Processing /home/osboxes/airflow/dags/dag_hand1.py took 0.077 seconds
[2022-09-05 21:22:14,829] {processor.py:153} INFO - Started process (PID=169385) to work on /home/osboxes/airflow/dags/dag_hand1.py
[2022-09-05 21:22:14,832] {processor.py:641} INFO - Processing file /home/osboxes/airflow/dags/dag_hand1.py for tasks to queue
[2022-09-05 21:22:14,832] {logging_mixin.py:115} INFO - [2022-09-05 21:22:14,832] {dagbag.py:507} INFO - Filling up the DagBag from /home/osboxes/airflow/dags/dag_hand1.py
[2022-09-05 21:22:14,837] {processor.py:651} INFO - DAG(s) dict_keys(['Hands_pract_v1']) retrieved from /home/osboxes/airflow/dags/dag_hand1.py
[2022-09-05 21:22:14,856] {logging_mixin.py:115} INFO - [2022-09-05 21:22:14,856] {dag.py:2371} INFO - Sync 1 DAGs
[2022-09-05 21:22:14,870] {logging_mixin.py:115} INFO - [2022-09-05 21:22:14,870] {dag.py:2915} INFO - Setting next_dagrun for Hands_pract_v1 to 2022-09-06T00:00:00+00:00, run_after=2022-09-07T00:00:00+00:00
[2022-09-05 21:22:14,914] {processor.py:161} INFO - Processing /home/osboxes/airflow/dags/dag_hand1.py took 0.088 seconds
[2022-09-05 21:22:52,654] {processor.py:153} INFO - Started process (PID=169698) to work on /home/osboxes/airflow/dags/dag_hand1.py
[2022-09-05 21:22:52,657] {processor.py:641} INFO - Processing file /home/osboxes/airflow/dags/dag_hand1.py for tasks to queue
[2022-09-05 21:22:52,657] {logging_mixin.py:115} INFO - [2022-09-05 21:22:52,657] {dagbag.py:507} INFO - Filling up the DagBag from /home/osboxes/airflow/dags/dag_hand1.py
[2022-09-05 21:22:52,664] {processor.py:651} INFO - DAG(s) dict_keys(['Hands_pract_v1']) retrieved from /home/osboxes/airflow/dags/dag_hand1.py
[2022-09-05 21:22:52,685] {logging_mixin.py:115} INFO - [2022-09-05 21:22:52,685] {dag.py:2371} INFO - Sync 1 DAGs
[2022-09-05 21:22:52,722] {logging_mixin.py:115} INFO - [2022-09-05 21:22:52,721] {dag.py:2915} INFO - Setting next_dagrun for Hands_pract_v1 to 2022-09-06T00:00:00+00:00, run_after=2022-09-07T00:00:00+00:00
[2022-09-05 21:22:52,755] {processor.py:161} INFO - Processing /home/osboxes/airflow/dags/dag_hand1.py took 0.103 seconds
[2022-09-05 21:23:29,471] {processor.py:153} INFO - Started process (PID=170043) to work on /home/osboxes/airflow/dags/dag_hand1.py
[2022-09-05 21:23:29,473] {processor.py:641} INFO - Processing file /home/osboxes/airflow/dags/dag_hand1.py for tasks to queue
[2022-09-05 21:23:29,474] {logging_mixin.py:115} INFO - [2022-09-05 21:23:29,474] {dagbag.py:507} INFO - Filling up the DagBag from /home/osboxes/airflow/dags/dag_hand1.py
[2022-09-05 21:23:29,482] {processor.py:651} INFO - DAG(s) dict_keys(['Hands_pract_v1']) retrieved from /home/osboxes/airflow/dags/dag_hand1.py
[2022-09-05 21:23:29,511] {logging_mixin.py:115} INFO - [2022-09-05 21:23:29,511] {dag.py:2371} INFO - Sync 1 DAGs
[2022-09-05 21:23:29,540] {logging_mixin.py:115} INFO - [2022-09-05 21:23:29,539] {dag.py:2915} INFO - Setting next_dagrun for Hands_pract_v1 to 2022-09-06T00:00:00+00:00, run_after=2022-09-07T00:00:00+00:00
[2022-09-05 21:23:29,574] {processor.py:161} INFO - Processing /home/osboxes/airflow/dags/dag_hand1.py took 0.106 seconds
[2022-09-05 21:24:08,110] {processor.py:153} INFO - Started process (PID=170347) to work on /home/osboxes/airflow/dags/dag_hand1.py
[2022-09-05 21:24:08,112] {processor.py:641} INFO - Processing file /home/osboxes/airflow/dags/dag_hand1.py for tasks to queue
[2022-09-05 21:24:08,113] {logging_mixin.py:115} INFO - [2022-09-05 21:24:08,113] {dagbag.py:507} INFO - Filling up the DagBag from /home/osboxes/airflow/dags/dag_hand1.py
[2022-09-05 21:24:08,119] {processor.py:651} INFO - DAG(s) dict_keys(['Hands_pract_v1']) retrieved from /home/osboxes/airflow/dags/dag_hand1.py
[2022-09-05 21:24:08,150] {logging_mixin.py:115} INFO - [2022-09-05 21:24:08,150] {dag.py:2371} INFO - Sync 1 DAGs
[2022-09-05 21:24:08,165] {logging_mixin.py:115} INFO - [2022-09-05 21:24:08,165] {dag.py:2915} INFO - Setting next_dagrun for Hands_pract_v1 to 2022-09-06T00:00:00+00:00, run_after=2022-09-07T00:00:00+00:00
[2022-09-05 21:24:08,194] {processor.py:161} INFO - Processing /home/osboxes/airflow/dags/dag_hand1.py took 0.086 seconds
[2022-09-05 21:24:50,334] {processor.py:153} INFO - Started process (PID=170678) to work on /home/osboxes/airflow/dags/dag_hand1.py
[2022-09-05 21:24:50,354] {processor.py:641} INFO - Processing file /home/osboxes/airflow/dags/dag_hand1.py for tasks to queue
[2022-09-05 21:24:50,354] {logging_mixin.py:115} INFO - [2022-09-05 21:24:50,354] {dagbag.py:507} INFO - Filling up the DagBag from /home/osboxes/airflow/dags/dag_hand1.py
[2022-09-05 21:24:50,363] {processor.py:651} INFO - DAG(s) dict_keys(['Hands_pract_v1']) retrieved from /home/osboxes/airflow/dags/dag_hand1.py
[2022-09-05 21:24:50,387] {logging_mixin.py:115} INFO - [2022-09-05 21:24:50,387] {dag.py:2371} INFO - Sync 1 DAGs
[2022-09-05 21:24:50,417] {logging_mixin.py:115} INFO - [2022-09-05 21:24:50,417] {dag.py:2915} INFO - Setting next_dagrun for Hands_pract_v1 to 2022-09-06T00:00:00+00:00, run_after=2022-09-07T00:00:00+00:00
[2022-09-05 21:24:50,452] {processor.py:161} INFO - Processing /home/osboxes/airflow/dags/dag_hand1.py took 0.121 seconds
[2022-09-05 21:25:31,137] {processor.py:153} INFO - Started process (PID=171007) to work on /home/osboxes/airflow/dags/dag_hand1.py
[2022-09-05 21:25:31,140] {processor.py:641} INFO - Processing file /home/osboxes/airflow/dags/dag_hand1.py for tasks to queue
[2022-09-05 21:25:31,140] {logging_mixin.py:115} INFO - [2022-09-05 21:25:31,140] {dagbag.py:507} INFO - Filling up the DagBag from /home/osboxes/airflow/dags/dag_hand1.py
[2022-09-05 21:25:31,145] {processor.py:651} INFO - DAG(s) dict_keys(['Hands_pract_v1']) retrieved from /home/osboxes/airflow/dags/dag_hand1.py
[2022-09-05 21:25:31,165] {logging_mixin.py:115} INFO - [2022-09-05 21:25:31,165] {dag.py:2371} INFO - Sync 1 DAGs
[2022-09-05 21:25:31,182] {logging_mixin.py:115} INFO - [2022-09-05 21:25:31,182] {dag.py:2915} INFO - Setting next_dagrun for Hands_pract_v1 to 2022-09-06T00:00:00+00:00, run_after=2022-09-07T00:00:00+00:00
[2022-09-05 21:25:31,231] {processor.py:161} INFO - Processing /home/osboxes/airflow/dags/dag_hand1.py took 0.096 seconds
[2022-09-05 21:26:16,148] {processor.py:153} INFO - Started process (PID=171355) to work on /home/osboxes/airflow/dags/dag_hand1.py
[2022-09-05 21:26:16,150] {processor.py:641} INFO - Processing file /home/osboxes/airflow/dags/dag_hand1.py for tasks to queue
[2022-09-05 21:26:16,150] {logging_mixin.py:115} INFO - [2022-09-05 21:26:16,150] {dagbag.py:507} INFO - Filling up the DagBag from /home/osboxes/airflow/dags/dag_hand1.py
[2022-09-05 21:26:16,157] {processor.py:651} INFO - DAG(s) dict_keys(['Hands_pract_v1']) retrieved from /home/osboxes/airflow/dags/dag_hand1.py
[2022-09-05 21:26:16,201] {logging_mixin.py:115} INFO - [2022-09-05 21:26:16,201] {dag.py:2371} INFO - Sync 1 DAGs
[2022-09-05 21:26:16,221] {logging_mixin.py:115} INFO - [2022-09-05 21:26:16,221] {dag.py:2915} INFO - Setting next_dagrun for Hands_pract_v1 to 2022-09-06T00:00:00+00:00, run_after=2022-09-07T00:00:00+00:00
[2022-09-05 21:26:16,270] {processor.py:161} INFO - Processing /home/osboxes/airflow/dags/dag_hand1.py took 0.124 seconds
[2022-09-05 21:27:00,112] {processor.py:153} INFO - Started process (PID=171706) to work on /home/osboxes/airflow/dags/dag_hand1.py
[2022-09-05 21:27:00,121] {processor.py:641} INFO - Processing file /home/osboxes/airflow/dags/dag_hand1.py for tasks to queue
[2022-09-05 21:27:00,122] {logging_mixin.py:115} INFO - [2022-09-05 21:27:00,121] {dagbag.py:507} INFO - Filling up the DagBag from /home/osboxes/airflow/dags/dag_hand1.py
[2022-09-05 21:27:00,140] {processor.py:651} INFO - DAG(s) dict_keys(['Hands_pract_v1']) retrieved from /home/osboxes/airflow/dags/dag_hand1.py
[2022-09-05 21:27:00,175] {logging_mixin.py:115} INFO - [2022-09-05 21:27:00,175] {dag.py:2371} INFO - Sync 1 DAGs
[2022-09-05 21:27:00,194] {logging_mixin.py:115} INFO - [2022-09-05 21:27:00,194] {dag.py:2915} INFO - Setting next_dagrun for Hands_pract_v1 to 2022-09-06T00:00:00+00:00, run_after=2022-09-07T00:00:00+00:00
[2022-09-05 21:27:00,227] {processor.py:161} INFO - Processing /home/osboxes/airflow/dags/dag_hand1.py took 0.118 seconds
[2022-09-05 21:27:44,430] {processor.py:153} INFO - Started process (PID=172062) to work on /home/osboxes/airflow/dags/dag_hand1.py
[2022-09-05 21:27:44,432] {processor.py:641} INFO - Processing file /home/osboxes/airflow/dags/dag_hand1.py for tasks to queue
[2022-09-05 21:27:44,433] {logging_mixin.py:115} INFO - [2022-09-05 21:27:44,433] {dagbag.py:507} INFO - Filling up the DagBag from /home/osboxes/airflow/dags/dag_hand1.py
[2022-09-05 21:27:44,441] {processor.py:651} INFO - DAG(s) dict_keys(['Hands_pract_v1']) retrieved from /home/osboxes/airflow/dags/dag_hand1.py
[2022-09-05 21:27:44,460] {logging_mixin.py:115} INFO - [2022-09-05 21:27:44,460] {dag.py:2371} INFO - Sync 1 DAGs
[2022-09-05 21:27:44,477] {logging_mixin.py:115} INFO - [2022-09-05 21:27:44,476] {dag.py:2915} INFO - Setting next_dagrun for Hands_pract_v1 to 2022-09-06T00:00:00+00:00, run_after=2022-09-07T00:00:00+00:00
[2022-09-05 21:27:44,522] {processor.py:161} INFO - Processing /home/osboxes/airflow/dags/dag_hand1.py took 0.096 seconds
[2022-09-05 21:28:28,160] {processor.py:153} INFO - Started process (PID=172444) to work on /home/osboxes/airflow/dags/dag_hand1.py
[2022-09-05 21:28:28,163] {processor.py:641} INFO - Processing file /home/osboxes/airflow/dags/dag_hand1.py for tasks to queue
[2022-09-05 21:28:28,163] {logging_mixin.py:115} INFO - [2022-09-05 21:28:28,163] {dagbag.py:507} INFO - Filling up the DagBag from /home/osboxes/airflow/dags/dag_hand1.py
[2022-09-05 21:28:28,169] {processor.py:651} INFO - DAG(s) dict_keys(['Hands_pract_v1']) retrieved from /home/osboxes/airflow/dags/dag_hand1.py
[2022-09-05 21:28:28,192] {logging_mixin.py:115} INFO - [2022-09-05 21:28:28,192] {dag.py:2371} INFO - Sync 1 DAGs
[2022-09-05 21:28:28,211] {logging_mixin.py:115} INFO - [2022-09-05 21:28:28,211] {dag.py:2915} INFO - Setting next_dagrun for Hands_pract_v1 to 2022-09-06T00:00:00+00:00, run_after=2022-09-07T00:00:00+00:00
[2022-09-05 21:28:28,243] {processor.py:161} INFO - Processing /home/osboxes/airflow/dags/dag_hand1.py took 0.086 seconds
[2022-09-05 21:29:13,777] {processor.py:153} INFO - Started process (PID=172809) to work on /home/osboxes/airflow/dags/dag_hand1.py
[2022-09-05 21:29:13,779] {processor.py:641} INFO - Processing file /home/osboxes/airflow/dags/dag_hand1.py for tasks to queue
[2022-09-05 21:29:13,779] {logging_mixin.py:115} INFO - [2022-09-05 21:29:13,779] {dagbag.py:507} INFO - Filling up the DagBag from /home/osboxes/airflow/dags/dag_hand1.py
[2022-09-05 21:29:13,787] {processor.py:651} INFO - DAG(s) dict_keys(['Hands_pract_v1']) retrieved from /home/osboxes/airflow/dags/dag_hand1.py
[2022-09-05 21:29:13,808] {logging_mixin.py:115} INFO - [2022-09-05 21:29:13,808] {dag.py:2371} INFO - Sync 1 DAGs
[2022-09-05 21:29:13,824] {logging_mixin.py:115} INFO - [2022-09-05 21:29:13,824] {dag.py:2915} INFO - Setting next_dagrun for Hands_pract_v1 to 2022-09-06T00:00:00+00:00, run_after=2022-09-07T00:00:00+00:00
[2022-09-05 21:29:13,863] {processor.py:161} INFO - Processing /home/osboxes/airflow/dags/dag_hand1.py took 0.089 seconds
[2022-09-05 21:29:54,199] {processor.py:153} INFO - Started process (PID=173128) to work on /home/osboxes/airflow/dags/dag_hand1.py
[2022-09-05 21:29:54,200] {processor.py:641} INFO - Processing file /home/osboxes/airflow/dags/dag_hand1.py for tasks to queue
[2022-09-05 21:29:54,200] {logging_mixin.py:115} INFO - [2022-09-05 21:29:54,200] {dagbag.py:507} INFO - Filling up the DagBag from /home/osboxes/airflow/dags/dag_hand1.py
[2022-09-05 21:29:54,206] {processor.py:651} INFO - DAG(s) dict_keys(['Hands_pract_v1']) retrieved from /home/osboxes/airflow/dags/dag_hand1.py
[2022-09-05 21:29:54,232] {logging_mixin.py:115} INFO - [2022-09-05 21:29:54,232] {dag.py:2371} INFO - Sync 1 DAGs
[2022-09-05 21:29:54,249] {logging_mixin.py:115} INFO - [2022-09-05 21:29:54,249] {dag.py:2915} INFO - Setting next_dagrun for Hands_pract_v1 to 2022-09-06T00:00:00+00:00, run_after=2022-09-07T00:00:00+00:00
[2022-09-05 21:29:54,279] {processor.py:161} INFO - Processing /home/osboxes/airflow/dags/dag_hand1.py took 0.084 seconds
[2022-09-05 21:30:36,650] {processor.py:153} INFO - Started process (PID=173455) to work on /home/osboxes/airflow/dags/dag_hand1.py
[2022-09-05 21:30:36,666] {processor.py:641} INFO - Processing file /home/osboxes/airflow/dags/dag_hand1.py for tasks to queue
[2022-09-05 21:30:36,666] {logging_mixin.py:115} INFO - [2022-09-05 21:30:36,666] {dagbag.py:507} INFO - Filling up the DagBag from /home/osboxes/airflow/dags/dag_hand1.py
[2022-09-05 21:30:36,672] {processor.py:651} INFO - DAG(s) dict_keys(['Hands_pract_v1']) retrieved from /home/osboxes/airflow/dags/dag_hand1.py
[2022-09-05 21:30:36,722] {logging_mixin.py:115} INFO - [2022-09-05 21:30:36,722] {dag.py:2371} INFO - Sync 1 DAGs
[2022-09-05 21:30:36,755] {logging_mixin.py:115} INFO - [2022-09-05 21:30:36,754] {dag.py:2915} INFO - Setting next_dagrun for Hands_pract_v1 to 2022-09-06T00:00:00+00:00, run_after=2022-09-07T00:00:00+00:00
[2022-09-05 21:30:36,783] {processor.py:161} INFO - Processing /home/osboxes/airflow/dags/dag_hand1.py took 0.136 seconds
[2022-09-05 21:31:18,837] {processor.py:153} INFO - Started process (PID=173787) to work on /home/osboxes/airflow/dags/dag_hand1.py
[2022-09-05 21:31:18,838] {processor.py:641} INFO - Processing file /home/osboxes/airflow/dags/dag_hand1.py for tasks to queue
[2022-09-05 21:31:18,839] {logging_mixin.py:115} INFO - [2022-09-05 21:31:18,839] {dagbag.py:507} INFO - Filling up the DagBag from /home/osboxes/airflow/dags/dag_hand1.py
[2022-09-05 21:31:18,844] {processor.py:651} INFO - DAG(s) dict_keys(['Hands_pract_v1']) retrieved from /home/osboxes/airflow/dags/dag_hand1.py
[2022-09-05 21:31:18,864] {logging_mixin.py:115} INFO - [2022-09-05 21:31:18,864] {dag.py:2371} INFO - Sync 1 DAGs
[2022-09-05 21:31:18,883] {logging_mixin.py:115} INFO - [2022-09-05 21:31:18,883] {dag.py:2915} INFO - Setting next_dagrun for Hands_pract_v1 to 2022-09-06T00:00:00+00:00, run_after=2022-09-07T00:00:00+00:00
[2022-09-05 21:31:18,915] {processor.py:161} INFO - Processing /home/osboxes/airflow/dags/dag_hand1.py took 0.082 seconds
[2022-09-05 21:32:00,570] {processor.py:153} INFO - Started process (PID=174118) to work on /home/osboxes/airflow/dags/dag_hand1.py
[2022-09-05 21:32:00,606] {processor.py:641} INFO - Processing file /home/osboxes/airflow/dags/dag_hand1.py for tasks to queue
[2022-09-05 21:32:00,607] {logging_mixin.py:115} INFO - [2022-09-05 21:32:00,606] {dagbag.py:507} INFO - Filling up the DagBag from /home/osboxes/airflow/dags/dag_hand1.py
[2022-09-05 21:32:00,612] {processor.py:651} INFO - DAG(s) dict_keys(['Hands_pract_v1']) retrieved from /home/osboxes/airflow/dags/dag_hand1.py
[2022-09-05 21:32:00,691] {logging_mixin.py:115} INFO - [2022-09-05 21:32:00,691] {dag.py:2371} INFO - Sync 1 DAGs
[2022-09-05 21:32:00,739] {logging_mixin.py:115} INFO - [2022-09-05 21:32:00,738] {dag.py:2915} INFO - Setting next_dagrun for Hands_pract_v1 to 2022-09-06T00:00:00+00:00, run_after=2022-09-07T00:00:00+00:00
[2022-09-05 21:32:00,772] {processor.py:161} INFO - Processing /home/osboxes/airflow/dags/dag_hand1.py took 0.205 seconds
[2022-09-05 21:32:43,658] {processor.py:153} INFO - Started process (PID=174457) to work on /home/osboxes/airflow/dags/dag_hand1.py
[2022-09-05 21:32:43,660] {processor.py:641} INFO - Processing file /home/osboxes/airflow/dags/dag_hand1.py for tasks to queue
[2022-09-05 21:32:43,661] {logging_mixin.py:115} INFO - [2022-09-05 21:32:43,661] {dagbag.py:507} INFO - Filling up the DagBag from /home/osboxes/airflow/dags/dag_hand1.py
[2022-09-05 21:32:43,667] {processor.py:651} INFO - DAG(s) dict_keys(['Hands_pract_v1']) retrieved from /home/osboxes/airflow/dags/dag_hand1.py
[2022-09-05 21:32:43,689] {logging_mixin.py:115} INFO - [2022-09-05 21:32:43,689] {dag.py:2371} INFO - Sync 1 DAGs
[2022-09-05 21:32:43,710] {logging_mixin.py:115} INFO - [2022-09-05 21:32:43,709] {dag.py:2915} INFO - Setting next_dagrun for Hands_pract_v1 to 2022-09-06T00:00:00+00:00, run_after=2022-09-07T00:00:00+00:00
[2022-09-05 21:32:43,738] {processor.py:161} INFO - Processing /home/osboxes/airflow/dags/dag_hand1.py took 0.084 seconds
[2022-09-05 21:33:25,420] {processor.py:153} INFO - Started process (PID=174835) to work on /home/osboxes/airflow/dags/dag_hand1.py
[2022-09-05 21:33:25,422] {processor.py:641} INFO - Processing file /home/osboxes/airflow/dags/dag_hand1.py for tasks to queue
[2022-09-05 21:33:25,423] {logging_mixin.py:115} INFO - [2022-09-05 21:33:25,423] {dagbag.py:507} INFO - Filling up the DagBag from /home/osboxes/airflow/dags/dag_hand1.py
[2022-09-05 21:33:25,430] {processor.py:651} INFO - DAG(s) dict_keys(['Hands_pract_v1']) retrieved from /home/osboxes/airflow/dags/dag_hand1.py
[2022-09-05 21:33:25,451] {logging_mixin.py:115} INFO - [2022-09-05 21:33:25,451] {dag.py:2371} INFO - Sync 1 DAGs
[2022-09-05 21:33:25,470] {logging_mixin.py:115} INFO - [2022-09-05 21:33:25,470] {dag.py:2915} INFO - Setting next_dagrun for Hands_pract_v1 to 2022-09-06T00:00:00+00:00, run_after=2022-09-07T00:00:00+00:00
[2022-09-05 21:33:25,533] {processor.py:161} INFO - Processing /home/osboxes/airflow/dags/dag_hand1.py took 0.115 seconds
[2022-09-05 21:34:08,418] {processor.py:153} INFO - Started process (PID=175160) to work on /home/osboxes/airflow/dags/dag_hand1.py
[2022-09-05 21:34:08,420] {processor.py:641} INFO - Processing file /home/osboxes/airflow/dags/dag_hand1.py for tasks to queue
[2022-09-05 21:34:08,421] {logging_mixin.py:115} INFO - [2022-09-05 21:34:08,421] {dagbag.py:507} INFO - Filling up the DagBag from /home/osboxes/airflow/dags/dag_hand1.py
[2022-09-05 21:34:08,427] {processor.py:651} INFO - DAG(s) dict_keys(['Hands_pract_v1']) retrieved from /home/osboxes/airflow/dags/dag_hand1.py
[2022-09-05 21:34:08,452] {logging_mixin.py:115} INFO - [2022-09-05 21:34:08,452] {dag.py:2371} INFO - Sync 1 DAGs
[2022-09-05 21:34:08,476] {logging_mixin.py:115} INFO - [2022-09-05 21:34:08,475] {dag.py:2915} INFO - Setting next_dagrun for Hands_pract_v1 to 2022-09-06T00:00:00+00:00, run_after=2022-09-07T00:00:00+00:00
[2022-09-05 21:34:08,518] {processor.py:161} INFO - Processing /home/osboxes/airflow/dags/dag_hand1.py took 0.103 seconds
[2022-09-05 21:34:51,194] {processor.py:153} INFO - Started process (PID=175509) to work on /home/osboxes/airflow/dags/dag_hand1.py
[2022-09-05 21:34:51,196] {processor.py:641} INFO - Processing file /home/osboxes/airflow/dags/dag_hand1.py for tasks to queue
[2022-09-05 21:34:51,197] {logging_mixin.py:115} INFO - [2022-09-05 21:34:51,197] {dagbag.py:507} INFO - Filling up the DagBag from /home/osboxes/airflow/dags/dag_hand1.py
[2022-09-05 21:34:51,201] {processor.py:651} INFO - DAG(s) dict_keys(['Hands_pract_v1']) retrieved from /home/osboxes/airflow/dags/dag_hand1.py
[2022-09-05 21:34:51,223] {logging_mixin.py:115} INFO - [2022-09-05 21:34:51,223] {dag.py:2371} INFO - Sync 1 DAGs
[2022-09-05 21:34:51,244] {logging_mixin.py:115} INFO - [2022-09-05 21:34:51,244] {dag.py:2915} INFO - Setting next_dagrun for Hands_pract_v1 to 2022-09-06T00:00:00+00:00, run_after=2022-09-07T00:00:00+00:00
[2022-09-05 21:34:51,278] {processor.py:161} INFO - Processing /home/osboxes/airflow/dags/dag_hand1.py took 0.086 seconds
[2022-09-05 21:35:33,204] {processor.py:153} INFO - Started process (PID=175839) to work on /home/osboxes/airflow/dags/dag_hand1.py
[2022-09-05 21:35:33,208] {processor.py:641} INFO - Processing file /home/osboxes/airflow/dags/dag_hand1.py for tasks to queue
[2022-09-05 21:35:33,209] {logging_mixin.py:115} INFO - [2022-09-05 21:35:33,209] {dagbag.py:507} INFO - Filling up the DagBag from /home/osboxes/airflow/dags/dag_hand1.py
[2022-09-05 21:35:33,215] {processor.py:651} INFO - DAG(s) dict_keys(['Hands_pract_v1']) retrieved from /home/osboxes/airflow/dags/dag_hand1.py
[2022-09-05 21:35:33,242] {logging_mixin.py:115} INFO - [2022-09-05 21:35:33,242] {dag.py:2371} INFO - Sync 1 DAGs
[2022-09-05 21:35:33,268] {logging_mixin.py:115} INFO - [2022-09-05 21:35:33,267] {dag.py:2915} INFO - Setting next_dagrun for Hands_pract_v1 to 2022-09-06T00:00:00+00:00, run_after=2022-09-07T00:00:00+00:00
[2022-09-05 21:35:33,304] {processor.py:161} INFO - Processing /home/osboxes/airflow/dags/dag_hand1.py took 0.104 seconds
[2022-09-05 21:36:19,370] {processor.py:153} INFO - Started process (PID=176206) to work on /home/osboxes/airflow/dags/dag_hand1.py
[2022-09-05 21:36:19,372] {processor.py:641} INFO - Processing file /home/osboxes/airflow/dags/dag_hand1.py for tasks to queue
[2022-09-05 21:36:19,372] {logging_mixin.py:115} INFO - [2022-09-05 21:36:19,372] {dagbag.py:507} INFO - Filling up the DagBag from /home/osboxes/airflow/dags/dag_hand1.py
[2022-09-05 21:36:19,378] {processor.py:651} INFO - DAG(s) dict_keys(['Hands_pract_v1']) retrieved from /home/osboxes/airflow/dags/dag_hand1.py
[2022-09-05 21:36:19,399] {logging_mixin.py:115} INFO - [2022-09-05 21:36:19,399] {dag.py:2371} INFO - Sync 1 DAGs
[2022-09-05 21:36:19,420] {logging_mixin.py:115} INFO - [2022-09-05 21:36:19,420] {dag.py:2915} INFO - Setting next_dagrun for Hands_pract_v1 to 2022-09-06T00:00:00+00:00, run_after=2022-09-07T00:00:00+00:00
[2022-09-05 21:36:19,458] {processor.py:161} INFO - Processing /home/osboxes/airflow/dags/dag_hand1.py took 0.090 seconds
[2022-09-05 21:37:04,925] {processor.py:153} INFO - Started process (PID=176558) to work on /home/osboxes/airflow/dags/dag_hand1.py
[2022-09-05 21:37:04,927] {processor.py:641} INFO - Processing file /home/osboxes/airflow/dags/dag_hand1.py for tasks to queue
[2022-09-05 21:37:04,927] {logging_mixin.py:115} INFO - [2022-09-05 21:37:04,927] {dagbag.py:507} INFO - Filling up the DagBag from /home/osboxes/airflow/dags/dag_hand1.py
[2022-09-05 21:37:04,932] {processor.py:651} INFO - DAG(s) dict_keys(['Hands_pract_v1']) retrieved from /home/osboxes/airflow/dags/dag_hand1.py
[2022-09-05 21:37:04,963] {logging_mixin.py:115} INFO - [2022-09-05 21:37:04,963] {dag.py:2371} INFO - Sync 1 DAGs
[2022-09-05 21:37:04,984] {logging_mixin.py:115} INFO - [2022-09-05 21:37:04,984] {dag.py:2915} INFO - Setting next_dagrun for Hands_pract_v1 to 2022-09-06T00:00:00+00:00, run_after=2022-09-07T00:00:00+00:00
[2022-09-05 21:37:05,020] {processor.py:161} INFO - Processing /home/osboxes/airflow/dags/dag_hand1.py took 0.097 seconds
[2022-09-05 21:37:49,703] {processor.py:153} INFO - Started process (PID=176912) to work on /home/osboxes/airflow/dags/dag_hand1.py
[2022-09-05 21:37:49,705] {processor.py:641} INFO - Processing file /home/osboxes/airflow/dags/dag_hand1.py for tasks to queue
[2022-09-05 21:37:49,705] {logging_mixin.py:115} INFO - [2022-09-05 21:37:49,705] {dagbag.py:507} INFO - Filling up the DagBag from /home/osboxes/airflow/dags/dag_hand1.py
[2022-09-05 21:37:49,710] {processor.py:651} INFO - DAG(s) dict_keys(['Hands_pract_v1']) retrieved from /home/osboxes/airflow/dags/dag_hand1.py
[2022-09-05 21:37:49,734] {logging_mixin.py:115} INFO - [2022-09-05 21:37:49,734] {dag.py:2371} INFO - Sync 1 DAGs
[2022-09-05 21:37:49,753] {logging_mixin.py:115} INFO - [2022-09-05 21:37:49,753] {dag.py:2915} INFO - Setting next_dagrun for Hands_pract_v1 to 2022-09-06T00:00:00+00:00, run_after=2022-09-07T00:00:00+00:00
[2022-09-05 21:37:49,795] {processor.py:161} INFO - Processing /home/osboxes/airflow/dags/dag_hand1.py took 0.095 seconds
[2022-09-05 21:38:32,383] {processor.py:153} INFO - Started process (PID=177292) to work on /home/osboxes/airflow/dags/dag_hand1.py
[2022-09-05 21:38:32,385] {processor.py:641} INFO - Processing file /home/osboxes/airflow/dags/dag_hand1.py for tasks to queue
[2022-09-05 21:38:32,386] {logging_mixin.py:115} INFO - [2022-09-05 21:38:32,386] {dagbag.py:507} INFO - Filling up the DagBag from /home/osboxes/airflow/dags/dag_hand1.py
[2022-09-05 21:38:32,403] {processor.py:651} INFO - DAG(s) dict_keys(['Hands_pract_v1']) retrieved from /home/osboxes/airflow/dags/dag_hand1.py
[2022-09-05 21:38:32,493] {logging_mixin.py:115} INFO - [2022-09-05 21:38:32,493] {dag.py:2371} INFO - Sync 1 DAGs
[2022-09-05 21:38:32,520] {logging_mixin.py:115} INFO - [2022-09-05 21:38:32,520] {dag.py:2915} INFO - Setting next_dagrun for Hands_pract_v1 to 2022-09-06T00:00:00+00:00, run_after=2022-09-07T00:00:00+00:00
[2022-09-05 21:38:32,561] {processor.py:161} INFO - Processing /home/osboxes/airflow/dags/dag_hand1.py took 0.184 seconds
[2022-09-05 21:39:13,204] {processor.py:153} INFO - Started process (PID=177622) to work on /home/osboxes/airflow/dags/dag_hand1.py
[2022-09-05 21:39:13,205] {processor.py:641} INFO - Processing file /home/osboxes/airflow/dags/dag_hand1.py for tasks to queue
[2022-09-05 21:39:13,206] {logging_mixin.py:115} INFO - [2022-09-05 21:39:13,206] {dagbag.py:507} INFO - Filling up the DagBag from /home/osboxes/airflow/dags/dag_hand1.py
[2022-09-05 21:39:13,212] {processor.py:651} INFO - DAG(s) dict_keys(['Hands_pract_v1']) retrieved from /home/osboxes/airflow/dags/dag_hand1.py
[2022-09-05 21:39:13,236] {logging_mixin.py:115} INFO - [2022-09-05 21:39:13,236] {dag.py:2371} INFO - Sync 1 DAGs
[2022-09-05 21:39:13,253] {logging_mixin.py:115} INFO - [2022-09-05 21:39:13,253] {dag.py:2915} INFO - Setting next_dagrun for Hands_pract_v1 to 2022-09-06T00:00:00+00:00, run_after=2022-09-07T00:00:00+00:00
[2022-09-05 21:39:13,283] {processor.py:161} INFO - Processing /home/osboxes/airflow/dags/dag_hand1.py took 0.082 seconds
[2022-09-05 21:39:55,989] {processor.py:153} INFO - Started process (PID=177949) to work on /home/osboxes/airflow/dags/dag_hand1.py
[2022-09-05 21:39:55,991] {processor.py:641} INFO - Processing file /home/osboxes/airflow/dags/dag_hand1.py for tasks to queue
[2022-09-05 21:39:55,991] {logging_mixin.py:115} INFO - [2022-09-05 21:39:55,991] {dagbag.py:507} INFO - Filling up the DagBag from /home/osboxes/airflow/dags/dag_hand1.py
[2022-09-05 21:39:55,997] {processor.py:651} INFO - DAG(s) dict_keys(['Hands_pract_v1']) retrieved from /home/osboxes/airflow/dags/dag_hand1.py
[2022-09-05 21:39:56,018] {logging_mixin.py:115} INFO - [2022-09-05 21:39:56,018] {dag.py:2371} INFO - Sync 1 DAGs
[2022-09-05 21:39:56,034] {logging_mixin.py:115} INFO - [2022-09-05 21:39:56,034] {dag.py:2915} INFO - Setting next_dagrun for Hands_pract_v1 to 2022-09-06T00:00:00+00:00, run_after=2022-09-07T00:00:00+00:00
[2022-09-05 21:39:56,073] {processor.py:161} INFO - Processing /home/osboxes/airflow/dags/dag_hand1.py took 0.087 seconds
[2022-09-05 21:40:32,264] {processor.py:153} INFO - Started process (PID=178237) to work on /home/osboxes/airflow/dags/dag_hand1.py
[2022-09-05 21:40:32,267] {processor.py:641} INFO - Processing file /home/osboxes/airflow/dags/dag_hand1.py for tasks to queue
[2022-09-05 21:40:32,267] {logging_mixin.py:115} INFO - [2022-09-05 21:40:32,267] {dagbag.py:507} INFO - Filling up the DagBag from /home/osboxes/airflow/dags/dag_hand1.py
[2022-09-05 21:40:32,273] {processor.py:651} INFO - DAG(s) dict_keys(['Hands_pract_v1']) retrieved from /home/osboxes/airflow/dags/dag_hand1.py
[2022-09-05 21:40:32,297] {logging_mixin.py:115} INFO - [2022-09-05 21:40:32,297] {dag.py:2371} INFO - Sync 1 DAGs
[2022-09-05 21:40:32,319] {logging_mixin.py:115} INFO - [2022-09-05 21:40:32,319] {dag.py:2915} INFO - Setting next_dagrun for Hands_pract_v1 to 2022-09-06T00:00:00+00:00, run_after=2022-09-07T00:00:00+00:00
[2022-09-05 21:40:32,349] {processor.py:161} INFO - Processing /home/osboxes/airflow/dags/dag_hand1.py took 0.088 seconds
[2022-09-05 21:41:13,191] {processor.py:153} INFO - Started process (PID=178523) to work on /home/osboxes/airflow/dags/dag_hand1.py
[2022-09-05 21:41:13,193] {processor.py:641} INFO - Processing file /home/osboxes/airflow/dags/dag_hand1.py for tasks to queue
[2022-09-05 21:41:13,194] {logging_mixin.py:115} INFO - [2022-09-05 21:41:13,193] {dagbag.py:507} INFO - Filling up the DagBag from /home/osboxes/airflow/dags/dag_hand1.py
[2022-09-05 21:41:13,199] {processor.py:651} INFO - DAG(s) dict_keys(['Hands_pract_v1']) retrieved from /home/osboxes/airflow/dags/dag_hand1.py
[2022-09-05 21:41:13,221] {logging_mixin.py:115} INFO - [2022-09-05 21:41:13,221] {dag.py:2371} INFO - Sync 1 DAGs
[2022-09-05 21:41:13,238] {logging_mixin.py:115} INFO - [2022-09-05 21:41:13,238] {dag.py:2915} INFO - Setting next_dagrun for Hands_pract_v1 to 2022-09-06T00:00:00+00:00, run_after=2022-09-07T00:00:00+00:00
[2022-09-05 21:41:13,273] {processor.py:161} INFO - Processing /home/osboxes/airflow/dags/dag_hand1.py took 0.084 seconds
[2022-09-05 21:41:46,391] {processor.py:153} INFO - Started process (PID=178765) to work on /home/osboxes/airflow/dags/dag_hand1.py
[2022-09-05 21:41:46,392] {processor.py:641} INFO - Processing file /home/osboxes/airflow/dags/dag_hand1.py for tasks to queue
[2022-09-05 21:41:46,393] {logging_mixin.py:115} INFO - [2022-09-05 21:41:46,393] {dagbag.py:507} INFO - Filling up the DagBag from /home/osboxes/airflow/dags/dag_hand1.py
[2022-09-05 21:41:46,398] {processor.py:651} INFO - DAG(s) dict_keys(['Hands_pract_v1']) retrieved from /home/osboxes/airflow/dags/dag_hand1.py
[2022-09-05 21:41:46,421] {logging_mixin.py:115} INFO - [2022-09-05 21:41:46,421] {dag.py:2371} INFO - Sync 1 DAGs
[2022-09-05 21:41:46,437] {logging_mixin.py:115} INFO - [2022-09-05 21:41:46,437] {dag.py:2915} INFO - Setting next_dagrun for Hands_pract_v1 to 2022-09-06T00:00:00+00:00, run_after=2022-09-07T00:00:00+00:00
[2022-09-05 21:41:46,470] {processor.py:161} INFO - Processing /home/osboxes/airflow/dags/dag_hand1.py took 0.081 seconds
[2022-09-05 21:42:28,312] {processor.py:153} INFO - Started process (PID=179128) to work on /home/osboxes/airflow/dags/dag_hand1.py
[2022-09-05 21:42:28,363] {processor.py:641} INFO - Processing file /home/osboxes/airflow/dags/dag_hand1.py for tasks to queue
[2022-09-05 21:42:28,363] {logging_mixin.py:115} INFO - [2022-09-05 21:42:28,363] {dagbag.py:507} INFO - Filling up the DagBag from /home/osboxes/airflow/dags/dag_hand1.py
[2022-09-05 21:42:28,380] {processor.py:651} INFO - DAG(s) dict_keys(['Hands_pract_v1']) retrieved from /home/osboxes/airflow/dags/dag_hand1.py
[2022-09-05 21:42:28,435] {logging_mixin.py:115} INFO - [2022-09-05 21:42:28,435] {dag.py:2371} INFO - Sync 1 DAGs
[2022-09-05 21:42:28,454] {logging_mixin.py:115} INFO - [2022-09-05 21:42:28,454] {dag.py:2915} INFO - Setting next_dagrun for Hands_pract_v1 to 2022-09-06T00:00:00+00:00, run_after=2022-09-07T00:00:00+00:00
[2022-09-05 21:42:28,481] {processor.py:161} INFO - Processing /home/osboxes/airflow/dags/dag_hand1.py took 0.201 seconds
[2022-09-05 21:43:10,006] {processor.py:153} INFO - Started process (PID=179458) to work on /home/osboxes/airflow/dags/dag_hand1.py
[2022-09-05 21:43:10,007] {processor.py:641} INFO - Processing file /home/osboxes/airflow/dags/dag_hand1.py for tasks to queue
[2022-09-05 21:43:10,007] {logging_mixin.py:115} INFO - [2022-09-05 21:43:10,007] {dagbag.py:507} INFO - Filling up the DagBag from /home/osboxes/airflow/dags/dag_hand1.py
[2022-09-05 21:43:10,012] {processor.py:651} INFO - DAG(s) dict_keys(['Hands_pract_v1']) retrieved from /home/osboxes/airflow/dags/dag_hand1.py
[2022-09-05 21:43:10,033] {logging_mixin.py:115} INFO - [2022-09-05 21:43:10,033] {dag.py:2371} INFO - Sync 1 DAGs
[2022-09-05 21:43:10,050] {logging_mixin.py:115} INFO - [2022-09-05 21:43:10,050] {dag.py:2915} INFO - Setting next_dagrun for Hands_pract_v1 to 2022-09-06T00:00:00+00:00, run_after=2022-09-07T00:00:00+00:00
[2022-09-05 21:43:10,074] {processor.py:161} INFO - Processing /home/osboxes/airflow/dags/dag_hand1.py took 0.072 seconds
[2022-09-05 21:43:43,907] {processor.py:153} INFO - Started process (PID=179779) to work on /home/osboxes/airflow/dags/dag_hand1.py
[2022-09-05 21:43:43,909] {processor.py:641} INFO - Processing file /home/osboxes/airflow/dags/dag_hand1.py for tasks to queue
[2022-09-05 21:43:43,910] {logging_mixin.py:115} INFO - [2022-09-05 21:43:43,910] {dagbag.py:507} INFO - Filling up the DagBag from /home/osboxes/airflow/dags/dag_hand1.py
[2022-09-05 21:43:43,915] {processor.py:651} INFO - DAG(s) dict_keys(['Hands_pract_v1']) retrieved from /home/osboxes/airflow/dags/dag_hand1.py
[2022-09-05 21:43:43,935] {logging_mixin.py:115} INFO - [2022-09-05 21:43:43,935] {dag.py:2371} INFO - Sync 1 DAGs
[2022-09-05 21:43:43,954] {logging_mixin.py:115} INFO - [2022-09-05 21:43:43,953] {dag.py:2915} INFO - Setting next_dagrun for Hands_pract_v1 to 2022-09-06T00:00:00+00:00, run_after=2022-09-07T00:00:00+00:00
[2022-09-05 21:43:43,982] {processor.py:161} INFO - Processing /home/osboxes/airflow/dags/dag_hand1.py took 0.078 seconds
[2022-09-05 21:44:18,976] {processor.py:153} INFO - Started process (PID=180063) to work on /home/osboxes/airflow/dags/dag_hand1.py
[2022-09-05 21:44:18,978] {processor.py:641} INFO - Processing file /home/osboxes/airflow/dags/dag_hand1.py for tasks to queue
[2022-09-05 21:44:18,978] {logging_mixin.py:115} INFO - [2022-09-05 21:44:18,978] {dagbag.py:507} INFO - Filling up the DagBag from /home/osboxes/airflow/dags/dag_hand1.py
[2022-09-05 21:44:18,983] {processor.py:651} INFO - DAG(s) dict_keys(['Hands_pract_v1']) retrieved from /home/osboxes/airflow/dags/dag_hand1.py
[2022-09-05 21:44:19,004] {logging_mixin.py:115} INFO - [2022-09-05 21:44:19,004] {dag.py:2371} INFO - Sync 1 DAGs
[2022-09-05 21:44:19,030] {logging_mixin.py:115} INFO - [2022-09-05 21:44:19,030] {dag.py:2915} INFO - Setting next_dagrun for Hands_pract_v1 to 2022-09-06T00:00:00+00:00, run_after=2022-09-07T00:00:00+00:00
[2022-09-05 21:44:19,081] {processor.py:161} INFO - Processing /home/osboxes/airflow/dags/dag_hand1.py took 0.107 seconds
[2022-09-05 21:44:58,985] {processor.py:153} INFO - Started process (PID=180365) to work on /home/osboxes/airflow/dags/dag_hand1.py
[2022-09-05 21:44:59,004] {processor.py:641} INFO - Processing file /home/osboxes/airflow/dags/dag_hand1.py for tasks to queue
[2022-09-05 21:44:59,006] {logging_mixin.py:115} INFO - [2022-09-05 21:44:59,006] {dagbag.py:507} INFO - Filling up the DagBag from /home/osboxes/airflow/dags/dag_hand1.py
[2022-09-05 21:44:59,011] {processor.py:651} INFO - DAG(s) dict_keys(['Hands_pract_v1']) retrieved from /home/osboxes/airflow/dags/dag_hand1.py
[2022-09-05 21:44:59,035] {logging_mixin.py:115} INFO - [2022-09-05 21:44:59,034] {dag.py:2371} INFO - Sync 1 DAGs
[2022-09-05 21:44:59,051] {logging_mixin.py:115} INFO - [2022-09-05 21:44:59,051] {dag.py:2915} INFO - Setting next_dagrun for Hands_pract_v1 to 2022-09-06T00:00:00+00:00, run_after=2022-09-07T00:00:00+00:00
[2022-09-05 21:44:59,078] {processor.py:161} INFO - Processing /home/osboxes/airflow/dags/dag_hand1.py took 0.096 seconds
[2022-09-05 21:45:41,564] {processor.py:153} INFO - Started process (PID=180694) to work on /home/osboxes/airflow/dags/dag_hand1.py
[2022-09-05 21:45:41,565] {processor.py:641} INFO - Processing file /home/osboxes/airflow/dags/dag_hand1.py for tasks to queue
[2022-09-05 21:45:41,566] {logging_mixin.py:115} INFO - [2022-09-05 21:45:41,566] {dagbag.py:507} INFO - Filling up the DagBag from /home/osboxes/airflow/dags/dag_hand1.py
[2022-09-05 21:45:41,571] {processor.py:651} INFO - DAG(s) dict_keys(['Hands_pract_v1']) retrieved from /home/osboxes/airflow/dags/dag_hand1.py
[2022-09-05 21:45:41,593] {logging_mixin.py:115} INFO - [2022-09-05 21:45:41,593] {dag.py:2371} INFO - Sync 1 DAGs
[2022-09-05 21:45:41,609] {logging_mixin.py:115} INFO - [2022-09-05 21:45:41,609] {dag.py:2915} INFO - Setting next_dagrun for Hands_pract_v1 to 2022-09-06T00:00:00+00:00, run_after=2022-09-07T00:00:00+00:00
[2022-09-05 21:45:41,662] {processor.py:161} INFO - Processing /home/osboxes/airflow/dags/dag_hand1.py took 0.101 seconds
[2022-09-05 21:46:20,009] {processor.py:153} INFO - Started process (PID=181003) to work on /home/osboxes/airflow/dags/dag_hand1.py
[2022-09-05 21:46:20,011] {processor.py:641} INFO - Processing file /home/osboxes/airflow/dags/dag_hand1.py for tasks to queue
[2022-09-05 21:46:20,012] {logging_mixin.py:115} INFO - [2022-09-05 21:46:20,012] {dagbag.py:507} INFO - Filling up the DagBag from /home/osboxes/airflow/dags/dag_hand1.py
[2022-09-05 21:46:20,017] {processor.py:651} INFO - DAG(s) dict_keys(['Hands_pract_v1']) retrieved from /home/osboxes/airflow/dags/dag_hand1.py
[2022-09-05 21:46:20,037] {logging_mixin.py:115} INFO - [2022-09-05 21:46:20,037] {dag.py:2371} INFO - Sync 1 DAGs
[2022-09-05 21:46:20,053] {logging_mixin.py:115} INFO - [2022-09-05 21:46:20,053] {dag.py:2915} INFO - Setting next_dagrun for Hands_pract_v1 to 2022-09-06T00:00:00+00:00, run_after=2022-09-07T00:00:00+00:00
[2022-09-05 21:46:20,081] {processor.py:161} INFO - Processing /home/osboxes/airflow/dags/dag_hand1.py took 0.074 seconds
[2022-09-05 21:47:02,685] {processor.py:153} INFO - Started process (PID=181352) to work on /home/osboxes/airflow/dags/dag_hand1.py
[2022-09-05 21:47:02,687] {processor.py:641} INFO - Processing file /home/osboxes/airflow/dags/dag_hand1.py for tasks to queue
[2022-09-05 21:47:02,687] {logging_mixin.py:115} INFO - [2022-09-05 21:47:02,687] {dagbag.py:507} INFO - Filling up the DagBag from /home/osboxes/airflow/dags/dag_hand1.py
[2022-09-05 21:47:02,692] {processor.py:651} INFO - DAG(s) dict_keys(['Hands_pract_v1']) retrieved from /home/osboxes/airflow/dags/dag_hand1.py
[2022-09-05 21:47:02,713] {logging_mixin.py:115} INFO - [2022-09-05 21:47:02,713] {dag.py:2371} INFO - Sync 1 DAGs
[2022-09-05 21:47:02,728] {logging_mixin.py:115} INFO - [2022-09-05 21:47:02,727] {dag.py:2915} INFO - Setting next_dagrun for Hands_pract_v1 to 2022-09-06T00:00:00+00:00, run_after=2022-09-07T00:00:00+00:00
[2022-09-05 21:47:02,768] {processor.py:161} INFO - Processing /home/osboxes/airflow/dags/dag_hand1.py took 0.085 seconds
[2022-09-05 21:47:49,186] {processor.py:153} INFO - Started process (PID=181724) to work on /home/osboxes/airflow/dags/dag_hand1.py
[2022-09-05 21:47:49,188] {processor.py:641} INFO - Processing file /home/osboxes/airflow/dags/dag_hand1.py for tasks to queue
[2022-09-05 21:47:49,189] {logging_mixin.py:115} INFO - [2022-09-05 21:47:49,189] {dagbag.py:507} INFO - Filling up the DagBag from /home/osboxes/airflow/dags/dag_hand1.py
[2022-09-05 21:47:49,194] {processor.py:651} INFO - DAG(s) dict_keys(['Hands_pract_v1']) retrieved from /home/osboxes/airflow/dags/dag_hand1.py
[2022-09-05 21:47:49,214] {logging_mixin.py:115} INFO - [2022-09-05 21:47:49,214] {dag.py:2371} INFO - Sync 1 DAGs
[2022-09-05 21:47:49,230] {logging_mixin.py:115} INFO - [2022-09-05 21:47:49,230] {dag.py:2915} INFO - Setting next_dagrun for Hands_pract_v1 to 2022-09-06T00:00:00+00:00, run_after=2022-09-07T00:00:00+00:00
[2022-09-05 21:47:49,275] {processor.py:161} INFO - Processing /home/osboxes/airflow/dags/dag_hand1.py took 0.091 seconds
[2022-09-05 21:48:25,245] {processor.py:153} INFO - Started process (PID=182061) to work on /home/osboxes/airflow/dags/dag_hand1.py
[2022-09-05 21:48:25,254] {processor.py:641} INFO - Processing file /home/osboxes/airflow/dags/dag_hand1.py for tasks to queue
[2022-09-05 21:48:25,255] {logging_mixin.py:115} INFO - [2022-09-05 21:48:25,255] {dagbag.py:507} INFO - Filling up the DagBag from /home/osboxes/airflow/dags/dag_hand1.py
[2022-09-05 21:48:25,266] {processor.py:651} INFO - DAG(s) dict_keys(['Hands_pract_v1']) retrieved from /home/osboxes/airflow/dags/dag_hand1.py
[2022-09-05 21:48:25,291] {logging_mixin.py:115} INFO - [2022-09-05 21:48:25,290] {dag.py:2371} INFO - Sync 1 DAGs
[2022-09-05 21:48:25,312] {logging_mixin.py:115} INFO - [2022-09-05 21:48:25,312] {dag.py:2915} INFO - Setting next_dagrun for Hands_pract_v1 to 2022-09-06T00:00:00+00:00, run_after=2022-09-07T00:00:00+00:00
[2022-09-05 21:48:25,345] {processor.py:161} INFO - Processing /home/osboxes/airflow/dags/dag_hand1.py took 0.102 seconds
[2022-09-05 21:49:04,950] {processor.py:153} INFO - Started process (PID=182344) to work on /home/osboxes/airflow/dags/dag_hand1.py
[2022-09-05 21:49:04,952] {processor.py:641} INFO - Processing file /home/osboxes/airflow/dags/dag_hand1.py for tasks to queue
[2022-09-05 21:49:04,953] {logging_mixin.py:115} INFO - [2022-09-05 21:49:04,953] {dagbag.py:507} INFO - Filling up the DagBag from /home/osboxes/airflow/dags/dag_hand1.py
[2022-09-05 21:49:04,959] {processor.py:651} INFO - DAG(s) dict_keys(['Hands_pract_v1']) retrieved from /home/osboxes/airflow/dags/dag_hand1.py
[2022-09-05 21:49:04,981] {logging_mixin.py:115} INFO - [2022-09-05 21:49:04,981] {dag.py:2371} INFO - Sync 1 DAGs
[2022-09-05 21:49:05,003] {logging_mixin.py:115} INFO - [2022-09-05 21:49:05,003] {dag.py:2915} INFO - Setting next_dagrun for Hands_pract_v1 to 2022-09-06T00:00:00+00:00, run_after=2022-09-07T00:00:00+00:00
[2022-09-05 21:49:05,034] {processor.py:161} INFO - Processing /home/osboxes/airflow/dags/dag_hand1.py took 0.088 seconds
[2022-09-05 21:49:45,074] {processor.py:153} INFO - Started process (PID=182671) to work on /home/osboxes/airflow/dags/dag_hand1.py
[2022-09-05 21:49:45,076] {processor.py:641} INFO - Processing file /home/osboxes/airflow/dags/dag_hand1.py for tasks to queue
[2022-09-05 21:49:45,076] {logging_mixin.py:115} INFO - [2022-09-05 21:49:45,076] {dagbag.py:507} INFO - Filling up the DagBag from /home/osboxes/airflow/dags/dag_hand1.py
[2022-09-05 21:49:45,082] {processor.py:651} INFO - DAG(s) dict_keys(['Hands_pract_v1']) retrieved from /home/osboxes/airflow/dags/dag_hand1.py
[2022-09-05 21:49:45,100] {logging_mixin.py:115} INFO - [2022-09-05 21:49:45,100] {dag.py:2371} INFO - Sync 1 DAGs
[2022-09-05 21:49:45,122] {logging_mixin.py:115} INFO - [2022-09-05 21:49:45,122] {dag.py:2915} INFO - Setting next_dagrun for Hands_pract_v1 to 2022-09-06T00:00:00+00:00, run_after=2022-09-07T00:00:00+00:00
[2022-09-05 21:49:45,160] {processor.py:161} INFO - Processing /home/osboxes/airflow/dags/dag_hand1.py took 0.088 seconds
[2022-09-05 21:50:28,752] {processor.py:153} INFO - Started process (PID=182998) to work on /home/osboxes/airflow/dags/dag_hand1.py
[2022-09-05 21:50:28,753] {processor.py:641} INFO - Processing file /home/osboxes/airflow/dags/dag_hand1.py for tasks to queue
[2022-09-05 21:50:28,754] {logging_mixin.py:115} INFO - [2022-09-05 21:50:28,753] {dagbag.py:507} INFO - Filling up the DagBag from /home/osboxes/airflow/dags/dag_hand1.py
[2022-09-05 21:50:28,759] {processor.py:651} INFO - DAG(s) dict_keys(['Hands_pract_v1']) retrieved from /home/osboxes/airflow/dags/dag_hand1.py
[2022-09-05 21:50:28,780] {logging_mixin.py:115} INFO - [2022-09-05 21:50:28,780] {dag.py:2371} INFO - Sync 1 DAGs
[2022-09-05 21:50:28,796] {logging_mixin.py:115} INFO - [2022-09-05 21:50:28,795] {dag.py:2915} INFO - Setting next_dagrun for Hands_pract_v1 to 2022-09-06T00:00:00+00:00, run_after=2022-09-07T00:00:00+00:00
[2022-09-05 21:50:28,830] {processor.py:161} INFO - Processing /home/osboxes/airflow/dags/dag_hand1.py took 0.093 seconds
[2022-09-05 21:51:12,087] {processor.py:153} INFO - Started process (PID=183346) to work on /home/osboxes/airflow/dags/dag_hand1.py
[2022-09-05 21:51:12,177] {processor.py:641} INFO - Processing file /home/osboxes/airflow/dags/dag_hand1.py for tasks to queue
[2022-09-05 21:51:12,178] {logging_mixin.py:115} INFO - [2022-09-05 21:51:12,178] {dagbag.py:507} INFO - Filling up the DagBag from /home/osboxes/airflow/dags/dag_hand1.py
[2022-09-05 21:51:12,191] {processor.py:651} INFO - DAG(s) dict_keys(['Hands_pract_v1']) retrieved from /home/osboxes/airflow/dags/dag_hand1.py
[2022-09-05 21:51:12,307] {logging_mixin.py:115} INFO - [2022-09-05 21:51:12,307] {dag.py:2371} INFO - Sync 1 DAGs
[2022-09-05 21:51:12,389] {logging_mixin.py:115} INFO - [2022-09-05 21:51:12,389] {dag.py:2915} INFO - Setting next_dagrun for Hands_pract_v1 to 2022-09-06T00:00:00+00:00, run_after=2022-09-07T00:00:00+00:00
[2022-09-05 21:51:12,438] {processor.py:161} INFO - Processing /home/osboxes/airflow/dags/dag_hand1.py took 0.353 seconds
[2022-09-05 21:51:51,515] {processor.py:153} INFO - Started process (PID=183646) to work on /home/osboxes/airflow/dags/dag_hand1.py
[2022-09-05 21:51:51,516] {processor.py:641} INFO - Processing file /home/osboxes/airflow/dags/dag_hand1.py for tasks to queue
[2022-09-05 21:51:51,517] {logging_mixin.py:115} INFO - [2022-09-05 21:51:51,517] {dagbag.py:507} INFO - Filling up the DagBag from /home/osboxes/airflow/dags/dag_hand1.py
[2022-09-05 21:51:51,522] {processor.py:651} INFO - DAG(s) dict_keys(['Hands_pract_v1']) retrieved from /home/osboxes/airflow/dags/dag_hand1.py
[2022-09-05 21:51:51,544] {logging_mixin.py:115} INFO - [2022-09-05 21:51:51,543] {dag.py:2371} INFO - Sync 1 DAGs
[2022-09-05 21:51:51,558] {logging_mixin.py:115} INFO - [2022-09-05 21:51:51,558] {dag.py:2915} INFO - Setting next_dagrun for Hands_pract_v1 to 2022-09-06T00:00:00+00:00, run_after=2022-09-07T00:00:00+00:00
[2022-09-05 21:51:51,611] {processor.py:161} INFO - Processing /home/osboxes/airflow/dags/dag_hand1.py took 0.099 seconds
[2022-09-05 21:52:36,907] {processor.py:153} INFO - Started process (PID=184015) to work on /home/osboxes/airflow/dags/dag_hand1.py
[2022-09-05 21:52:36,908] {processor.py:641} INFO - Processing file /home/osboxes/airflow/dags/dag_hand1.py for tasks to queue
[2022-09-05 21:52:36,909] {logging_mixin.py:115} INFO - [2022-09-05 21:52:36,909] {dagbag.py:507} INFO - Filling up the DagBag from /home/osboxes/airflow/dags/dag_hand1.py
[2022-09-05 21:52:36,914] {processor.py:651} INFO - DAG(s) dict_keys(['Hands_pract_v1']) retrieved from /home/osboxes/airflow/dags/dag_hand1.py
[2022-09-05 21:52:36,935] {logging_mixin.py:115} INFO - [2022-09-05 21:52:36,935] {dag.py:2371} INFO - Sync 1 DAGs
[2022-09-05 21:52:36,950] {logging_mixin.py:115} INFO - [2022-09-05 21:52:36,950] {dag.py:2915} INFO - Setting next_dagrun for Hands_pract_v1 to 2022-09-06T00:00:00+00:00, run_after=2022-09-07T00:00:00+00:00
[2022-09-05 21:52:36,978] {processor.py:161} INFO - Processing /home/osboxes/airflow/dags/dag_hand1.py took 0.074 seconds
[2022-09-05 21:53:17,996] {processor.py:153} INFO - Started process (PID=184370) to work on /home/osboxes/airflow/dags/dag_hand1.py
[2022-09-05 21:53:17,998] {processor.py:641} INFO - Processing file /home/osboxes/airflow/dags/dag_hand1.py for tasks to queue
[2022-09-05 21:53:17,999] {logging_mixin.py:115} INFO - [2022-09-05 21:53:17,999] {dagbag.py:507} INFO - Filling up the DagBag from /home/osboxes/airflow/dags/dag_hand1.py
[2022-09-05 21:53:18,007] {processor.py:651} INFO - DAG(s) dict_keys(['Hands_pract_v1']) retrieved from /home/osboxes/airflow/dags/dag_hand1.py
[2022-09-05 21:53:18,028] {logging_mixin.py:115} INFO - [2022-09-05 21:53:18,028] {dag.py:2371} INFO - Sync 1 DAGs
[2022-09-05 21:53:18,045] {logging_mixin.py:115} INFO - [2022-09-05 21:53:18,045] {dag.py:2915} INFO - Setting next_dagrun for Hands_pract_v1 to 2022-09-06T00:00:00+00:00, run_after=2022-09-07T00:00:00+00:00
[2022-09-05 21:53:18,085] {processor.py:161} INFO - Processing /home/osboxes/airflow/dags/dag_hand1.py took 0.091 seconds
[2022-09-05 21:53:57,418] {processor.py:153} INFO - Started process (PID=184682) to work on /home/osboxes/airflow/dags/dag_hand1.py
[2022-09-05 21:53:57,420] {processor.py:641} INFO - Processing file /home/osboxes/airflow/dags/dag_hand1.py for tasks to queue
[2022-09-05 21:53:57,421] {logging_mixin.py:115} INFO - [2022-09-05 21:53:57,421] {dagbag.py:507} INFO - Filling up the DagBag from /home/osboxes/airflow/dags/dag_hand1.py
[2022-09-05 21:53:57,427] {processor.py:651} INFO - DAG(s) dict_keys(['Hands_pract_v1']) retrieved from /home/osboxes/airflow/dags/dag_hand1.py
[2022-09-05 21:53:57,447] {logging_mixin.py:115} INFO - [2022-09-05 21:53:57,447] {dag.py:2371} INFO - Sync 1 DAGs
[2022-09-05 21:53:57,463] {logging_mixin.py:115} INFO - [2022-09-05 21:53:57,463] {dag.py:2915} INFO - Setting next_dagrun for Hands_pract_v1 to 2022-09-06T00:00:00+00:00, run_after=2022-09-07T00:00:00+00:00
[2022-09-05 21:53:57,491] {processor.py:161} INFO - Processing /home/osboxes/airflow/dags/dag_hand1.py took 0.076 seconds
[2022-09-05 21:54:37,029] {processor.py:153} INFO - Started process (PID=185005) to work on /home/osboxes/airflow/dags/dag_hand1.py
[2022-09-05 21:54:37,031] {processor.py:641} INFO - Processing file /home/osboxes/airflow/dags/dag_hand1.py for tasks to queue
[2022-09-05 21:54:37,031] {logging_mixin.py:115} INFO - [2022-09-05 21:54:37,031] {dagbag.py:507} INFO - Filling up the DagBag from /home/osboxes/airflow/dags/dag_hand1.py
[2022-09-05 21:54:37,037] {processor.py:651} INFO - DAG(s) dict_keys(['Hands_pract_v1']) retrieved from /home/osboxes/airflow/dags/dag_hand1.py
[2022-09-05 21:54:37,074] {logging_mixin.py:115} INFO - [2022-09-05 21:54:37,074] {dag.py:2371} INFO - Sync 1 DAGs
[2022-09-05 21:54:37,091] {logging_mixin.py:115} INFO - [2022-09-05 21:54:37,091] {dag.py:2915} INFO - Setting next_dagrun for Hands_pract_v1 to 2022-09-06T00:00:00+00:00, run_after=2022-09-07T00:00:00+00:00
[2022-09-05 21:54:37,131] {processor.py:161} INFO - Processing /home/osboxes/airflow/dags/dag_hand1.py took 0.105 seconds
[2022-09-05 21:55:17,724] {processor.py:153} INFO - Started process (PID=185312) to work on /home/osboxes/airflow/dags/dag_hand1.py
[2022-09-05 21:55:17,726] {processor.py:641} INFO - Processing file /home/osboxes/airflow/dags/dag_hand1.py for tasks to queue
[2022-09-05 21:55:17,726] {logging_mixin.py:115} INFO - [2022-09-05 21:55:17,726] {dagbag.py:507} INFO - Filling up the DagBag from /home/osboxes/airflow/dags/dag_hand1.py
[2022-09-05 21:55:17,731] {processor.py:651} INFO - DAG(s) dict_keys(['Hands_pract_v1']) retrieved from /home/osboxes/airflow/dags/dag_hand1.py
[2022-09-05 21:55:17,751] {logging_mixin.py:115} INFO - [2022-09-05 21:55:17,751] {dag.py:2371} INFO - Sync 1 DAGs
[2022-09-05 21:55:17,769] {logging_mixin.py:115} INFO - [2022-09-05 21:55:17,768] {dag.py:2915} INFO - Setting next_dagrun for Hands_pract_v1 to 2022-09-06T00:00:00+00:00, run_after=2022-09-07T00:00:00+00:00
[2022-09-05 21:55:17,809] {processor.py:161} INFO - Processing /home/osboxes/airflow/dags/dag_hand1.py took 0.087 seconds
[2022-09-05 21:56:00,603] {processor.py:153} INFO - Started process (PID=185653) to work on /home/osboxes/airflow/dags/dag_hand1.py
[2022-09-05 21:56:00,605] {processor.py:641} INFO - Processing file /home/osboxes/airflow/dags/dag_hand1.py for tasks to queue
[2022-09-05 21:56:00,606] {logging_mixin.py:115} INFO - [2022-09-05 21:56:00,605] {dagbag.py:507} INFO - Filling up the DagBag from /home/osboxes/airflow/dags/dag_hand1.py
[2022-09-05 21:56:00,612] {processor.py:651} INFO - DAG(s) dict_keys(['Hands_pract_v1']) retrieved from /home/osboxes/airflow/dags/dag_hand1.py
[2022-09-05 21:56:00,634] {logging_mixin.py:115} INFO - [2022-09-05 21:56:00,634] {dag.py:2371} INFO - Sync 1 DAGs
[2022-09-05 21:56:00,651] {logging_mixin.py:115} INFO - [2022-09-05 21:56:00,650] {dag.py:2915} INFO - Setting next_dagrun for Hands_pract_v1 to 2022-09-06T00:00:00+00:00, run_after=2022-09-07T00:00:00+00:00
[2022-09-05 21:56:00,678] {processor.py:161} INFO - Processing /home/osboxes/airflow/dags/dag_hand1.py took 0.078 seconds
[2022-09-05 21:56:40,240] {processor.py:153} INFO - Started process (PID=185974) to work on /home/osboxes/airflow/dags/dag_hand1.py
[2022-09-05 21:56:40,242] {processor.py:641} INFO - Processing file /home/osboxes/airflow/dags/dag_hand1.py for tasks to queue
[2022-09-05 21:56:40,243] {logging_mixin.py:115} INFO - [2022-09-05 21:56:40,242] {dagbag.py:507} INFO - Filling up the DagBag from /home/osboxes/airflow/dags/dag_hand1.py
[2022-09-05 21:56:40,250] {processor.py:651} INFO - DAG(s) dict_keys(['Hands_pract_v1']) retrieved from /home/osboxes/airflow/dags/dag_hand1.py
[2022-09-05 21:56:40,271] {logging_mixin.py:115} INFO - [2022-09-05 21:56:40,270] {dag.py:2371} INFO - Sync 1 DAGs
[2022-09-05 21:56:40,304] {logging_mixin.py:115} INFO - [2022-09-05 21:56:40,304] {dag.py:2915} INFO - Setting next_dagrun for Hands_pract_v1 to 2022-09-06T00:00:00+00:00, run_after=2022-09-07T00:00:00+00:00
[2022-09-05 21:56:40,340] {processor.py:161} INFO - Processing /home/osboxes/airflow/dags/dag_hand1.py took 0.102 seconds
[2022-09-05 21:57:19,781] {processor.py:153} INFO - Started process (PID=186281) to work on /home/osboxes/airflow/dags/dag_hand1.py
[2022-09-05 21:57:19,782] {processor.py:641} INFO - Processing file /home/osboxes/airflow/dags/dag_hand1.py for tasks to queue
[2022-09-05 21:57:19,783] {logging_mixin.py:115} INFO - [2022-09-05 21:57:19,783] {dagbag.py:507} INFO - Filling up the DagBag from /home/osboxes/airflow/dags/dag_hand1.py
[2022-09-05 21:57:19,788] {processor.py:651} INFO - DAG(s) dict_keys(['Hands_pract_v1']) retrieved from /home/osboxes/airflow/dags/dag_hand1.py
[2022-09-05 21:57:19,808] {logging_mixin.py:115} INFO - [2022-09-05 21:57:19,807] {dag.py:2371} INFO - Sync 1 DAGs
[2022-09-05 21:57:19,822] {logging_mixin.py:115} INFO - [2022-09-05 21:57:19,822] {dag.py:2915} INFO - Setting next_dagrun for Hands_pract_v1 to 2022-09-06T00:00:00+00:00, run_after=2022-09-07T00:00:00+00:00
[2022-09-05 21:57:19,850] {processor.py:161} INFO - Processing /home/osboxes/airflow/dags/dag_hand1.py took 0.073 seconds
[2022-09-05 21:57:59,804] {processor.py:153} INFO - Started process (PID=186602) to work on /home/osboxes/airflow/dags/dag_hand1.py
[2022-09-05 21:57:59,811] {processor.py:641} INFO - Processing file /home/osboxes/airflow/dags/dag_hand1.py for tasks to queue
[2022-09-05 21:57:59,812] {logging_mixin.py:115} INFO - [2022-09-05 21:57:59,812] {dagbag.py:507} INFO - Filling up the DagBag from /home/osboxes/airflow/dags/dag_hand1.py
[2022-09-05 21:57:59,817] {processor.py:651} INFO - DAG(s) dict_keys(['Hands_pract_v1']) retrieved from /home/osboxes/airflow/dags/dag_hand1.py
[2022-09-05 21:57:59,920] {logging_mixin.py:115} INFO - [2022-09-05 21:57:59,920] {dag.py:2371} INFO - Sync 1 DAGs
[2022-09-05 21:57:59,954] {logging_mixin.py:115} INFO - [2022-09-05 21:57:59,954] {dag.py:2915} INFO - Setting next_dagrun for Hands_pract_v1 to 2022-09-06T00:00:00+00:00, run_after=2022-09-07T00:00:00+00:00
[2022-09-05 21:58:00,003] {processor.py:161} INFO - Processing /home/osboxes/airflow/dags/dag_hand1.py took 0.202 seconds
[2022-09-05 21:58:38,274] {processor.py:153} INFO - Started process (PID=186968) to work on /home/osboxes/airflow/dags/dag_hand1.py
[2022-09-05 21:58:38,276] {processor.py:641} INFO - Processing file /home/osboxes/airflow/dags/dag_hand1.py for tasks to queue
[2022-09-05 21:58:38,276] {logging_mixin.py:115} INFO - [2022-09-05 21:58:38,276] {dagbag.py:507} INFO - Filling up the DagBag from /home/osboxes/airflow/dags/dag_hand1.py
[2022-09-05 21:58:38,281] {processor.py:651} INFO - DAG(s) dict_keys(['Hands_pract_v1']) retrieved from /home/osboxes/airflow/dags/dag_hand1.py
[2022-09-05 21:58:38,300] {logging_mixin.py:115} INFO - [2022-09-05 21:58:38,299] {dag.py:2371} INFO - Sync 1 DAGs
[2022-09-05 21:58:38,317] {logging_mixin.py:115} INFO - [2022-09-05 21:58:38,317] {dag.py:2915} INFO - Setting next_dagrun for Hands_pract_v1 to 2022-09-06T00:00:00+00:00, run_after=2022-09-07T00:00:00+00:00
[2022-09-05 21:58:38,354] {processor.py:161} INFO - Processing /home/osboxes/airflow/dags/dag_hand1.py took 0.083 seconds
[2022-09-05 21:59:30,336] {processor.py:153} INFO - Started process (PID=187335) to work on /home/osboxes/airflow/dags/dag_hand1.py
[2022-09-05 21:59:30,337] {processor.py:641} INFO - Processing file /home/osboxes/airflow/dags/dag_hand1.py for tasks to queue
[2022-09-05 21:59:30,337] {logging_mixin.py:115} INFO - [2022-09-05 21:59:30,337] {dagbag.py:507} INFO - Filling up the DagBag from /home/osboxes/airflow/dags/dag_hand1.py
[2022-09-05 21:59:30,342] {processor.py:651} INFO - DAG(s) dict_keys(['Hands_pract_v1']) retrieved from /home/osboxes/airflow/dags/dag_hand1.py
[2022-09-05 21:59:30,359] {logging_mixin.py:115} INFO - [2022-09-05 21:59:30,359] {dag.py:2371} INFO - Sync 1 DAGs
[2022-09-05 21:59:30,385] {logging_mixin.py:115} INFO - [2022-09-05 21:59:30,385] {dag.py:2915} INFO - Setting next_dagrun for Hands_pract_v1 to 2022-09-06T00:00:00+00:00, run_after=2022-09-07T00:00:00+00:00
[2022-09-05 21:59:30,416] {processor.py:161} INFO - Processing /home/osboxes/airflow/dags/dag_hand1.py took 0.082 seconds
[2022-09-05 22:00:08,756] {processor.py:153} INFO - Started process (PID=187634) to work on /home/osboxes/airflow/dags/dag_hand1.py
[2022-09-05 22:00:08,758] {processor.py:641} INFO - Processing file /home/osboxes/airflow/dags/dag_hand1.py for tasks to queue
[2022-09-05 22:00:08,758] {logging_mixin.py:115} INFO - [2022-09-05 22:00:08,758] {dagbag.py:507} INFO - Filling up the DagBag from /home/osboxes/airflow/dags/dag_hand1.py
[2022-09-05 22:00:08,762] {processor.py:651} INFO - DAG(s) dict_keys(['Hands_pract_v1']) retrieved from /home/osboxes/airflow/dags/dag_hand1.py
[2022-09-05 22:00:08,794] {logging_mixin.py:115} INFO - [2022-09-05 22:00:08,794] {dag.py:2371} INFO - Sync 1 DAGs
[2022-09-05 22:00:08,839] {logging_mixin.py:115} INFO - [2022-09-05 22:00:08,839] {dag.py:2915} INFO - Setting next_dagrun for Hands_pract_v1 to 2022-09-06T00:00:00+00:00, run_after=2022-09-07T00:00:00+00:00
[2022-09-05 22:00:08,889] {processor.py:161} INFO - Processing /home/osboxes/airflow/dags/dag_hand1.py took 0.148 seconds
[2022-09-05 22:02:03,639] {processor.py:153} INFO - Started process (PID=188518) to work on /home/osboxes/airflow/dags/dag_hand1.py
[2022-09-05 22:02:03,645] {processor.py:641} INFO - Processing file /home/osboxes/airflow/dags/dag_hand1.py for tasks to queue
[2022-09-05 22:02:03,646] {logging_mixin.py:115} INFO - [2022-09-05 22:02:03,646] {dagbag.py:507} INFO - Filling up the DagBag from /home/osboxes/airflow/dags/dag_hand1.py
[2022-09-05 22:02:03,650] {processor.py:651} INFO - DAG(s) dict_keys(['Hands_pract_v1']) retrieved from /home/osboxes/airflow/dags/dag_hand1.py
[2022-09-05 22:02:03,799] {logging_mixin.py:115} INFO - [2022-09-05 22:02:03,799] {dag.py:2371} INFO - Sync 1 DAGs
[2022-09-05 22:02:03,825] {logging_mixin.py:115} INFO - [2022-09-05 22:02:03,825] {dag.py:2915} INFO - Setting next_dagrun for Hands_pract_v1 to 2022-09-06T00:00:00+00:00, run_after=2022-09-07T00:00:00+00:00
[2022-09-05 22:02:03,967] {processor.py:161} INFO - Processing /home/osboxes/airflow/dags/dag_hand1.py took 0.331 seconds
[2022-09-05 22:03:23,636] {processor.py:153} INFO - Started process (PID=189152) to work on /home/osboxes/airflow/dags/dag_hand1.py
[2022-09-05 22:03:23,650] {processor.py:641} INFO - Processing file /home/osboxes/airflow/dags/dag_hand1.py for tasks to queue
[2022-09-05 22:03:23,662] {logging_mixin.py:115} INFO - [2022-09-05 22:03:23,662] {dagbag.py:507} INFO - Filling up the DagBag from /home/osboxes/airflow/dags/dag_hand1.py
[2022-09-05 22:03:23,668] {processor.py:651} INFO - DAG(s) dict_keys(['Hands_pract_v1']) retrieved from /home/osboxes/airflow/dags/dag_hand1.py
[2022-09-05 22:03:23,773] {logging_mixin.py:115} INFO - [2022-09-05 22:03:23,773] {dag.py:2371} INFO - Sync 1 DAGs
[2022-09-05 22:03:23,825] {logging_mixin.py:115} INFO - [2022-09-05 22:03:23,825] {dag.py:2915} INFO - Setting next_dagrun for Hands_pract_v1 to 2022-09-06T00:00:00+00:00, run_after=2022-09-07T00:00:00+00:00
[2022-09-05 22:03:23,915] {processor.py:161} INFO - Processing /home/osboxes/airflow/dags/dag_hand1.py took 0.281 seconds
[2022-09-05 22:05:26,993] {processor.py:153} INFO - Started process (PID=190021) to work on /home/osboxes/airflow/dags/dag_hand1.py
[2022-09-05 22:05:27,020] {processor.py:641} INFO - Processing file /home/osboxes/airflow/dags/dag_hand1.py for tasks to queue
[2022-09-05 22:05:27,038] {logging_mixin.py:115} INFO - [2022-09-05 22:05:27,038] {dagbag.py:507} INFO - Filling up the DagBag from /home/osboxes/airflow/dags/dag_hand1.py
[2022-09-05 22:05:27,044] {processor.py:651} INFO - DAG(s) dict_keys(['Hands_pract_v1']) retrieved from /home/osboxes/airflow/dags/dag_hand1.py
[2022-09-05 22:05:27,166] {logging_mixin.py:115} INFO - [2022-09-05 22:05:27,166] {dag.py:2371} INFO - Sync 1 DAGs
[2022-09-05 22:05:27,353] {logging_mixin.py:115} INFO - [2022-09-05 22:05:27,353] {dag.py:2915} INFO - Setting next_dagrun for Hands_pract_v1 to 2022-09-06T00:00:00+00:00, run_after=2022-09-07T00:00:00+00:00
[2022-09-05 22:05:27,473] {processor.py:161} INFO - Processing /home/osboxes/airflow/dags/dag_hand1.py took 0.482 seconds
